1.099724679604944466e+00
1.427665130042907515e+00
1.333957515856980525e+00
1.469489863025966958e+00
1.227340918933356617e+00
1.937781340021049514e+00
2.536181156523977354e+00
2.581276292949163942e+00
2.536509737937779452e+00
2.451380648042244204e+00
2.334763519201016546e+00
2.252295742072387696e+00
2.209071686435835957e+00
2.177881275878358114e+00
2.139233043643260501e+00
2.091015674692009885e+00
2.043092224559813097e+00
2.007072752709142982e+00
1.986447882825699285e+00
1.979482380039026435e+00
1.982993338417685658e+00
1.991674945507990957e+00
2.026528197550395927e+00
2.859707159611938998e+00
2.893220421443346346e+00
2.736305102193129724e+00
2.641696626766830924e+00
2.625366367538398027e+00
2.663329830360960937e+00
2.664581150434500501e+00
2.608488458129027521e+00
2.594114711250492977e+00
2.617875728832324000e+00
2.687105290717122230e+00
2.792922094299128855e+00
2.926645286691508030e+00
3.072498578815547443e+00
3.220861960749684894e+00
3.355990523069846354e+00
3.464424969599100734e+00
3.567750221094249330e+00
3.643104255973359518e+00
3.714305427967456552e+00
3.793878966869843161e+00
3.866552631336386714e+00
3.945167657177814480e+00
3.989013029660597009e+00
4.014611878377776222e+00
4.010342068310411179e+00
4.024721557093140945e+00
4.310163421183256460e+00
4.576084488860273858e+00
4.530043233418021842e+00
4.569097743568844017e+00
4.627247319529613989e+00
4.667390981790146220e+00
4.671684431410751515e+00
4.640762165285566176e+00
4.568268892314026886e+00
4.459600714513739739e+00
4.321562697696320399e+00
4.159592001234683423e+00
3.984961699772350929e+00
3.805093274279775173e+00
3.633982437478540994e+00
3.483340512710263681e+00
3.374618860973668255e+00
3.370302522610609586e+00
3.531686697834921951e+00
3.774827141020660637e+00
3.961731658141023793e+00
4.036603225658396354e+00
4.015067455230846960e+00
3.921920210874382917e+00
3.798502652581416061e+00
3.674216704764200259e+00
3.558387656313406033e+00
3.452971407023174510e+00
3.363419247464320083e+00
3.281913175076686340e+00
3.214417290216596168e+00
3.166729840000160667e+00
3.100123443315464300e+00
3.054940153748694431e+00
3.013328235872446470e+00
2.977707875949430427e+00
2.949180284755084980e+00
2.924662604882546812e+00
2.900957692376218588e+00
2.881865153666788082e+00
2.860851679913462231e+00
2.845453301533202861e+00
2.827934296097189826e+00
2.811666335262572591e+00
2.795123009885266629e+00
2.777997431368183889e+00
2.759482711621776385e+00
2.745744269140245830e+00
2.731776949060299220e+00
2.715252071672451084e+00
2.699559996408362306e+00
2.685393936669322468e+00
2.672142158298761228e+00
2.657914371044377333e+00
2.644606508850898763e+00
2.631410682135552737e+00
2.618807604082820095e+00
2.606291345456801523e+00
2.596303319869901038e+00
2.582777429806472735e+00
2.579256659780110095e+00
2.560707633911608827e+00
2.570772068700312829e+00
2.540536856965233792e+00
2.533092613167990503e+00
2.522958304944998176e+00
2.516316358252469243e+00
2.507210750980972236e+00
2.501365831241924909e+00
2.494863607256186278e+00
2.488117788866901936e+00
2.478983781718164359e+00
2.475490300547160682e+00
2.470506430477900750e+00
2.463978519577944226e+00
2.461734787295951410e+00
2.456364534579813963e+00
2.452560638561946504e+00
2.464425546841964465e+00
2.442408852477394809e+00
2.441689540348144227e+00
2.448470830475597548e+00
2.433897901965786925e+00
2.432934633596667062e+00
2.426784991757330534e+00
2.426996432383876190e+00
2.427385277116061779e+00
2.421606945394845667e+00
2.421673633827370775e+00
2.416667894852925436e+00
2.409371907527664280e+00
2.411626771184505191e+00
2.411631156711059987e+00
2.406315111150472141e+00
2.408219318591176883e+00
2.402480209857106086e+00
2.404996822306381343e+00
2.404470864726472978e+00
2.398830161179027698e+00
2.401913300097361592e+00
2.396563963303394829e+00
2.400364788196241772e+00
2.394722745961865851e+00
2.399485168090846443e+00
2.399677779793247367e+00
2.396376088399581050e+00
2.399325030704162032e+00
2.400134874240356098e+00
2.399471311588387668e+00
2.398929436804554616e+00
2.399908833275486764e+00
2.396761741766846310e+00
2.400221003470209613e+00
2.402032529793082016e+00
2.399667449820045206e+00
2.400341926816119908e+00
2.396850313624451001e+00
2.400507070859669856e+00
2.396646411467287852e+00
2.400065296197081643e+00
2.395905672818124721e+00
2.399453724696051005e+00
2.393070693715011021e+00
2.397610000970757049e+00
2.398055267875737862e+00
2.395251687346293235e+00
2.395380597343311102e+00
2.395945727947571324e+00
2.392061700876781938e+00
2.394483872520099421e+00
2.390700426393073119e+00
2.393047324911699025e+00
2.395681754728046009e+00
2.391629026815851322e+00
2.390421546317483159e+00
2.387171574738978119e+00
2.389241644941597631e+00
2.382410973424885725e+00
2.388433302426554050e+00
2.387283528624521534e+00
2.384344928846519274e+00
2.386604953629773984e+00
2.385008613517655807e+00
2.385727221454479796e+00
2.389670154366574817e+00
2.385403894655243828e+00
2.384629671321767841e+00
2.380783992170411700e+00
2.384299351259165700e+00
2.380673849482987769e+00
2.383997188338477624e+00
2.375996731932873196e+00
2.384166966794345033e+00
2.383854988677804876e+00
2.382846385691073987e+00
2.383510499993426013e+00
2.381403431048443764e+00
2.383829471118048549e+00
2.379467827378848988e+00
2.384338166910867862e+00
2.375785674554916849e+00
2.384385102381149757e+00
2.384585905275547368e+00
2.379275848209609912e+00
2.385348167055369561e+00
2.381111391832667845e+00
2.386610822818452604e+00
2.386379446032207419e+00
2.384592729323363081e+00
2.387696912589516440e+00
2.385412989926722904e+00
2.389072331996108467e+00
2.391578386130593703e+00
2.390666787100777846e+00
2.393363693103546463e+00
2.391627651269079280e+00
2.392572024660448271e+00
2.390746779778561759e+00
2.394683165610636877e+00
2.398913048393965131e+00
2.397020109563233525e+00
2.397999214071811380e+00
2.397881175004720422e+00
2.399750567261059953e+00
2.396041720248508700e+00
2.402374498369431066e+00
2.402189882457039349e+00
2.404943168523941743e+00
2.405963663343691383e+00
2.406203082863997977e+00
2.408177873179740747e+00
2.405859143649866194e+00
2.410792214568033387e+00
2.408516921123938559e+00
2.413465678188287278e+00
2.412177486149982286e+00
2.416232382281197300e+00
2.414553501469971497e+00
2.419111883628347837e+00
2.414418574958732577e+00
2.422155021092708527e+00
2.443781867885661097e+00
2.424728984730450954e+00
2.425959981236487373e+00
2.422666562021883685e+00
2.429001996358102655e+00
2.426598015845100154e+00
2.431948804744151538e+00
2.429780851355423099e+00
2.434653000234562104e+00
2.432832290620124738e+00
2.437578415738828941e+00
2.434834117285293420e+00
2.440563590407712091e+00
2.456613556707454293e+00
2.442928280369071725e+00
2.443776472607511963e+00
2.442211226783835620e+00
2.446471765977012325e+00
2.437190975059075893e+00
2.448126431357056099e+00
2.447672752189254730e+00
2.449496535897282001e+00
2.451079775274321193e+00
2.450427697247388181e+00
2.453494202422464632e+00
2.453672988035374924e+00
2.456071914991894367e+00
2.453794399903474588e+00
2.458962205711712201e+00
2.473032119876982904e+00
2.461743069339328294e+00
2.462886699213116870e+00
2.463432239294315984e+00
2.466741105758911257e+00
2.466850420566667257e+00
2.470819175535899692e+00
2.469576371468110487e+00
2.473978705182354076e+00
2.476433090050863761e+00
2.475545433241282289e+00
2.480974411315191475e+00
2.481164011967075922e+00
2.485852688604911265e+00
2.497548016278046568e+00
2.490141829877491553e+00
2.492421886659029973e+00
2.493090756030296617e+00
2.497591039211837671e+00
2.495770588147670832e+00
