1.029680691029759343e+00
2.293628688689825612e+00
2.634395405657854017e+00
2.406636505283156424e+00
2.144652196902804953e+00
2.111142654990731060e+00
2.110225293619389042e+00
2.138744582724013465e+00
2.163943134112992439e+00
2.194619460712955217e+00
2.225238508851849151e+00
2.244836233927582470e+00
2.263892717401294163e+00
2.282684746339394888e+00
2.302472581355838432e+00
2.319183646198886617e+00
2.336131271539814591e+00
2.361388072830693297e+00
2.389183917631388709e+00
2.424887097068231689e+00
2.467058816453630232e+00
2.511296765003871112e+00
2.563320852346847811e+00
2.620586824194221176e+00
2.684786622787874499e+00
2.755038654627448569e+00
2.829345184253697632e+00
2.908006626112753512e+00
2.987697834312104561e+00
3.065848399734639074e+00
3.142480721596243143e+00
3.215395988581216002e+00
3.288712322563506429e+00
3.355813330209227452e+00
3.419983707799428618e+00
3.482751070638999913e+00
3.544601084592163165e+00
3.602315666249785497e+00
3.658936438798520818e+00
3.713675910820826598e+00
3.766644278804859969e+00
3.818085618453033625e+00
3.869920663036316988e+00
3.920672290433359297e+00
3.974218996393581893e+00
4.027607469409937302e+00
4.081811230467963902e+00
4.140177873746906378e+00
4.203776954014832867e+00
4.266497692073288661e+00
4.335402846580390879e+00
4.406531672208933159e+00
4.482209375470740831e+00
4.563096938589740859e+00
4.647261418417178547e+00
4.737428366717997719e+00
4.831238364528068985e+00
4.932300512884605581e+00
5.039223355971263807e+00
5.151631332421199971e+00
5.270384447988863741e+00
5.394365180774666868e+00
5.523278065228758749e+00
5.656444552805871773e+00
5.794258088471489820e+00
5.932439704471874187e+00
6.075428356179607192e+00
6.217053256219808866e+00
6.361490269224453264e+00
6.507099025465029385e+00
6.648400665803742449e+00
6.790155760363157711e+00
6.933300768224671451e+00
7.068619576471287580e+00
7.205129871467537583e+00
7.338193936405168039e+00
7.468119974128402561e+00
7.596238738255697953e+00
7.717992815767434678e+00
7.841446931276085053e+00
7.960255159022083582e+00
8.077461016989175846e+00
8.194978830371827172e+00
8.309186128132999727e+00
8.422856906530855170e+00
8.533034234632225434e+00
8.646364607265601521e+00
8.755335032027414144e+00
8.861632106960053434e+00
8.967516141227221738e+00
9.069247621930982106e+00
9.172585096246278269e+00
9.271198240207390029e+00
9.368014544628984197e+00
9.459119477061168624e+00
9.549891630784971497e+00
9.634320267139200311e+00
9.717081951365607040e+00
9.796428233286817999e+00
9.871641542159066418e+00
9.942680588569343669e+00
1.001170251422135671e+01
1.007709154718812883e+01
1.013767972948476981e+01
1.019839835095601188e+01
1.025082252773296609e+01
1.030469447741966604e+01
1.035461445993474072e+01
1.040245529814801451e+01
1.044631271361538616e+01
1.049147912521108239e+01
1.053188121628742024e+01
1.056710510313270035e+01
1.060021131705425645e+01
1.063542042788770203e+01
1.066655302371207981e+01
1.069421493158804104e+01
1.072094410030821798e+01
1.074422757155607933e+01
1.075771339883246469e+01
1.077298304083922176e+01
1.078619039397388768e+01
1.078881699673822325e+01
1.079169965355920091e+01
1.079322547751308647e+01
1.078505624585426048e+01
1.077466704565429367e+01
1.075516407453280365e+01
1.073276672602512072e+01
1.070955270987356300e+01
1.068365735643737402e+01
1.065158629381834565e+01
1.061556879705027789e+01
1.057588247625175271e+01
1.053528575106059861e+01
1.048674949594741967e+01
1.044031699842508232e+01
1.038761195445723651e+01
1.033346797924305704e+01
1.028060099884863732e+01
1.021934864043053359e+01
1.016096724024043318e+01
1.009841409378814170e+01
1.003283864082545307e+01
9.972979324581858762e+00
9.906029491190860625e+00
9.841016465793662960e+00
9.773290201087496243e+00
9.707855474007939023e+00
9.637426147922599995e+00
9.568956990308908672e+00
9.497168583540828379e+00
9.429002510378978741e+00
9.358534500754307928e+00
9.290713083240389025e+00
9.221998924944038833e+00
9.153234857837992067e+00
9.080207836644767383e+00
9.009630799738019391e+00
8.938898954320922741e+00
8.866498823360895898e+00
8.793802658924679605e+00
8.725682712294052124e+00
8.654542745951809835e+00
8.585360540838713916e+00
8.513965402359819024e+00
8.449368949149588914e+00
8.375975827466625390e+00
8.306393250935874661e+00
8.232544519575077047e+00
8.164226826162005679e+00
8.096857599318619592e+00
8.028969936183397493e+00
7.959253980756167302e+00
7.892802667478739487e+00
7.823074919485583756e+00
7.757059074909343543e+00
7.691979698320085213e+00
7.624576578825823070e+00
7.559782124363457534e+00
7.495984837271278067e+00
7.431358674843270506e+00
7.369602998686991313e+00
7.307572278027518742e+00
7.244470484669470522e+00
7.185530049042137435e+00
7.127098486157696478e+00
7.070392465315505248e+00
7.015057801586882746e+00
6.958411843153736953e+00
6.905271324095748398e+00
6.854157986591540741e+00
6.802068159434233152e+00
6.752844953670667394e+00
6.700799023827197942e+00
6.655095426352011678e+00
6.607591907539861253e+00
6.566570387024119881e+00
6.520128949462941748e+00
6.476281829862466921e+00
6.436169586950887478e+00
6.393863537322197921e+00
6.355550927181356613e+00
6.316989260881848978e+00
6.280974343170763419e+00
6.245022898778318066e+00
6.210530521173290630e+00
6.178089018992997339e+00
6.144600263877256552e+00
6.112017411351656548e+00
6.085324140985708397e+00
6.054765021279794546e+00
6.026619709351084708e+00
6.001712417043179038e+00
5.974644982799395265e+00
5.947926479675968103e+00
5.926586252581230063e+00
5.903286465521250470e+00
5.882774365339034972e+00
5.864756969268192677e+00
5.846408031434007668e+00
5.832787860353724874e+00
5.813866993112021930e+00
5.800865097891513500e+00
5.787837082652512954e+00
5.777166815372212660e+00
5.765598527608196910e+00
5.757845068786620502e+00
5.751665139992264919e+00
5.746213551789903562e+00
5.740346501872276797e+00
5.738704350980057711e+00
5.736234631222278502e+00
5.736548408086481032e+00
5.734325230554815356e+00
5.737158956544613275e+00
5.738161364631194417e+00
5.744485279443047432e+00
5.745198125737775996e+00
5.749223899839712715e+00
5.752586739861073717e+00
5.759479513452089527e+00
5.760994989446466263e+00
5.760754847716497373e+00
5.765212889990499967e+00
5.766539460395509131e+00
5.766722415849014460e+00
5.767168363449263424e+00
5.766538250328832049e+00
5.766336724395514146e+00
5.766951408005303037e+00
5.766707614227525980e+00
5.765438583644056258e+00
5.767180936705200267e+00
5.770694654667260615e+00
5.767469880010816397e+00
5.768812660883549270e+00
5.771099559828834380e+00
5.771051649462650701e+00
5.774321149938464792e+00
5.777637920809470806e+00
5.782758184193394158e+00
5.783872120380670445e+00
5.788775518815599597e+00
5.789889661504530771e+00
5.795001578750116344e+00
5.799589067586053304e+00
5.804789003535887559e+00
5.809745661352427426e+00
5.816560937644290163e+00
5.820467072722820490e+00
5.825680407852486198e+00
5.832316399004373153e+00
5.835218987580249816e+00
5.842462643349630724e+00
5.844443563410189668e+00
5.853081444086888574e+00
5.859419390574262643e+00
5.864231880817106557e+00
5.871114109583584373e+00
5.876807631536824950e+00
5.882049660799484769e+00
5.887362033893238866e+00
5.890359020509579935e+00
5.898300099665114260e+00
5.905530119563342062e+00
5.906027667626934097e+00
5.907136541345845870e+00
5.912307087955344542e+00
5.916716453113975760e+00
5.918318373664198440e+00
5.922145004866529838e+00
5.921734759379222446e+00
5.921760696094288789e+00
5.921379737893409434e+00
5.920422432224333953e+00
5.915044996369235086e+00
5.911465475523591806e+00
5.905886041316390944e+00
5.896839339874038188e+00
