1.014581388968325060e+00
1.710932472330846776e+00
1.325523918054442252e+00
2.001697795215930054e+00
3.354807060468575131e+00
3.217535520910573599e+00
3.215549005308508068e+00
3.358631830338143054e+00
3.325059029723643089e+00
3.377206716615327675e+00
3.506467567959502762e+00
3.640388158664163765e+00
3.805277921187046886e+00
3.877694280752183253e+00
3.887425293660116576e+00
3.872240605711422035e+00
3.871810933077382888e+00
3.886488381578377282e+00
3.939541449320471678e+00
4.076079546464612235e+00
4.337929719723966571e+00
4.841356485423482070e+00
5.111108923770680157e+00
4.162445148214609425e+00
3.455772021483697110e+00
2.932734811507422545e+00
2.591255581543991049e+00
2.334054604742854089e+00
2.088283731215716976e+00
1.879774733859998159e+00
1.749071482581582293e+00
1.546119964705201522e+00
1.378639761435153988e+00
1.283000740824890684e+00
1.167085306863243854e+00
1.051894721155020473e+00
9.417302726080100106e-01
8.654354796904815128e-01
7.735559982908503107e-01
6.934914756286667537e-01
5.826232935910412580e-01
6.046479178873848115e-01
4.919545183976950509e-01
4.292926761032241911e-01
3.778270891101883078e-01
3.312612642293984444e-01
2.859211618548811451e-01
2.459980056950450966e-01
2.051821869610827576e-01
2.671198980832846237e-01
1.468488197526972572e-01
1.140705486864809770e-01
1.042877705713953218e-01
9.649721058342179691e-02
6.104575539443081456e-02
3.697551957671042083e-02
3.788618490382844595e-02
2.101188001168136435e-02
2.340296817202430421e-02
6.298139525955630258e-02
2.523526761881093178e-02
5.524509461963491436e-02
5.169468299754799434e-02
4.044410991584439924e-02
4.983705678421336549e-02
6.003880505505292120e-02
6.635467477349173138e-02
6.033565786448221585e-02
1.152650725292200390e-01
6.396261204269391987e-02
7.195378222642882793e-02
5.963621479283742755e-02
9.548826222763644178e-02
1.258971766699693851e-01
7.722751438068481411e-02
9.196829289685286291e-02
9.774701574596554587e-02
1.116552185561230509e-01
1.014398612841965613e-01
9.775705896864263222e-02
1.134290960023607991e-01
1.247789735505957787e-01
1.143177150404750680e-01
1.686607511695706330e-01
1.034146436020760562e-01
1.230379506782873639e-01
1.174460488007517400e-01
1.147671614457132505e-01
1.363276040977377535e-01
1.225663957509184609e-01
1.185438650812850464e-01
1.204640091594556262e-01
1.344767927236824590e-01
1.233657444548089399e-01
1.247906849199398455e-01
1.316565433527079054e-01
1.315601933900201748e-01
1.399618657638654895e-01
9.435510296665067242e-02
1.194229055322491018e-01
1.597060045269035056e-01
1.212432702074262292e-01
1.350957029767780593e-01
1.322961013106654649e-01
1.158383386827812195e-01
1.306375671669514626e-01
1.184641744816081615e-01
1.102396201171271101e-01
1.604286634081353302e-01
1.227961245195619555e-01
1.425876477100085082e-01
1.382193412597823579e-01
1.188709005229610371e-01
1.476272003886611173e-01
1.772380787691551496e-01
1.157337174161259113e-01
1.163684937070137981e-01
1.526836379864893178e-01
1.683505117970550691e-01
1.539381842781302190e-01
1.852010719158467267e-01
1.432927781653101085e-01
1.499507656393989086e-01
1.377843278433284191e-01
1.228657700721905305e-01
1.346231049907714306e-01
1.311492498871152379e-01
1.428063323583569078e-01
1.410028424722075957e-01
1.300899545681486746e-01
1.188204225242055628e-01
1.433017423675905511e-01
1.309977044381264444e-01
1.247947204807154237e-01
1.253132155941634740e-01
1.326786252773548280e-01
1.438745048692233186e-01
1.355144141185093964e-01
1.402411112659572856e-01
1.489789099514370885e-01
1.346589178444851653e-01
1.501668129132138763e-01
1.212017391964528429e-01
1.314120136317980247e-01
1.512550647707381346e-01
1.556452826477305873e-01
1.469495514187366680e-01
1.257743220826806341e-01
2.030985941788065186e-01
1.446108238921240130e-01
1.878427041416869114e-01
1.401033827613347438e-01
1.247679620081321439e-01
1.536570170590527140e-01
2.593227517623876710e-01
1.616193310975703179e-01
1.252391481782207383e-01
1.348927122708633852e-01
1.400454207480991697e-01
1.498303666604740014e-01
1.480738988983807125e-01
1.296243984528183402e-01
1.261167369447065700e-01
1.404326146938082720e-01
1.404338013941252017e-01
1.359126864062494555e-01
1.292208669691718159e-01
1.349064873250863661e-01
1.377041165232407438e-01
1.365722791063002373e-01
1.648495836928904057e-01
1.328121479238653091e-01
1.503619339090890017e-01
1.409903544945978748e-01
1.504291310969608220e-01
1.398564288017100088e-01
1.357910745413985765e-01
1.500708227282553653e-01
1.379966929534912068e-01
1.197896048335057306e-01
1.254742923332203552e-01
1.779897094011418102e-01
8.839545088494529801e-02
1.776469129386823997e-01
1.626371508888286854e-01
1.391067835245194950e-01
1.367661058736403534e-01
1.083545542649478055e-01
1.466188985234727626e-01
1.349757046798183147e-01
1.496690095510996299e-01
1.448669446636498548e-01
1.343269591029581100e-01
1.240016244384627708e-01
1.181124576144059329e-01
1.129569940592005800e-01
1.392465925485619205e-01
1.317983600247905895e-01
1.272985839143186415e-01
1.265989870212112511e-01
1.370363192351490012e-01
1.139778659655062143e-01
1.383147825967633304e-01
1.245045162186010912e-01
1.368965483104411240e-01
1.292558336865376745e-01
1.377534353571772674e-01
1.304493464214998566e-01
1.519062339248307969e-01
1.356404332114044542e-01
1.411403648735621574e-01
1.469525033460147845e-01
1.748485625485723949e-01
1.184865285978178029e-01
1.279139942623865878e-01
1.421169463557011570e-01
1.134470718663411620e-01
1.152037390874298545e-01
8.913886919533858810e-02
1.274310406538122220e-01
1.138278469947449495e-01
1.325071502805827417e-01
1.099348174701867964e-01
1.420437973264776221e-01
1.169300097176462633e-01
1.111831044760908244e-01
1.286987052113031937e-01
1.205283788690566377e-01
1.051852745529305855e-01
9.896747284037703263e-02
1.085312999891178826e-01
1.196552262723527965e-01
1.063939727633821802e-01
1.360135666819257683e-01
1.594127601008233364e-01
1.093574643446676431e-01
1.187274790444537015e-01
1.406659771254336055e-01
1.436665059550980283e-01
8.196481418913910411e-02
1.173812037938756769e-01
1.053934710313977896e-01
1.248142404377743514e-01
1.043838864738200062e-01
1.034943331671309696e-01
1.210937653856606622e-01
1.013368859454590598e-01
1.170747317791850789e-01
9.167497089702233981e-02
1.149295384043984986e-01
8.669419087265789470e-02
1.171727317375804850e-01
1.204578778273733275e-01
1.036287680675963274e-01
1.248970777894063827e-01
8.800538881405352287e-02
1.041813048489285409e-01
1.429000098869515900e-01
8.876572529553836133e-02
1.142279511422726601e-01
9.767086250654700985e-02
1.364802980499102980e-01
1.052137061636736620e-01
8.947543343736832910e-02
8.446600349541207031e-02
9.389733568213191883e-02
5.530324312608354831e-02
8.858621793642966480e-02
1.066573395610009023e-01
8.317415965733665484e-02
1.048333593809077230e-01
1.267482346652124559e-01
9.089461492846134805e-02
6.839463030709513891e-02
9.629407444318160980e-02
9.895525171803973286e-02
9.187157275426829917e-02
1.509107298330656100e-01
6.012586821473428489e-02
8.465814820532477358e-02
9.504207872654069078e-02
1.051052099766875553e-01
8.958188609250399004e-02
9.186597300996235393e-02
1.165945489354403841e-01
9.399824621934184388e-02
8.533285820254742082e-02
9.351225196430734687e-02
8.679985985402531579e-02
8.504974165666022434e-02
9.074210800812786137e-02
8.730922590562270602e-02
9.813374272169246570e-02
8.014001049618350858e-02
9.155425412418344289e-02
9.473244310554471137e-02
8.508810038810865617e-02
9.551616468158954931e-02
8.864893387757696863e-02
8.490874403084250344e-02
