1.045135630585763531e+00
1.242183360475160869e+00
2.591927012453017376e+00
3.310539738450445135e+00
2.607133282698887555e+00
3.114027636322772796e+00
2.404306753882932135e+00
2.333747916135918032e+00
2.370282764739231940e+00
2.858903125717213278e+00
2.288558917619497812e+00
2.093148702609671119e+00
1.980265910018920605e+00
1.902202773195638574e+00
1.851515214104332951e+00
1.822976044850969535e+00
1.812325490753196711e+00
1.816281258451039937e+00
1.830681807829420693e+00
1.853456581769949318e+00
1.882078301370879281e+00
1.915717551966108045e+00
1.950645604049171533e+00
1.986191194791280923e+00
2.020386168865361487e+00
2.053783166824896700e+00
2.082686136794063003e+00
2.107671429854458989e+00
2.127705872844559476e+00
2.146649407663633102e+00
2.155722800423477192e+00
2.161914464612754383e+00
2.169109470086300728e+00
2.173174542986343383e+00
2.175736582752259007e+00
2.176577223264939853e+00
2.175571638177201894e+00
2.174496627813528260e+00
2.172560861476061866e+00
2.170925481407327329e+00
2.170412975119474730e+00
2.173728037290474813e+00
2.178157619947559631e+00
2.182281642760752760e+00
2.186864316310711320e+00
2.191550878356514520e+00
2.192801978311893940e+00
2.193564400645927837e+00
2.194878341789057608e+00
2.198018431616508117e+00
2.203595515959520412e+00
2.214661050845387891e+00
2.229734700075541198e+00
2.249658568045644902e+00
2.268481676214455955e+00
2.292535560116633953e+00
2.315153222702786451e+00
2.339287549593873194e+00
2.366691412400533157e+00
2.397721931678742813e+00
2.436298931589209182e+00
2.480244786866528717e+00
2.525152555783442221e+00
2.566385115104246051e+00
2.602475871695873355e+00
2.631737043528267428e+00
2.652937091449418805e+00
2.670261528932191819e+00
2.680106066530427267e+00
2.687097238496672258e+00
2.691766901668971368e+00
2.694490159720406286e+00
2.694760235192510400e+00
2.692970945046983200e+00
2.689093420220048714e+00
2.682664103164083436e+00
2.673918542858450653e+00
2.664480950297812178e+00
2.655572965202351643e+00
2.649318822663327300e+00
2.646539653305516548e+00
2.646127626500717422e+00
2.651148534624622410e+00
2.656934454959791303e+00
2.664445965270965999e+00
2.672437968705074773e+00
2.678836995511931995e+00
2.685095408125557803e+00
2.688102864201169062e+00
2.690078511405675332e+00
2.691082373123770299e+00
2.690560762079330370e+00
2.689831168822867546e+00
2.687314046927433697e+00
2.683941555958853531e+00
2.681845583514450571e+00
2.672532216514165615e+00
2.663293508336650017e+00
2.653811564085857722e+00
2.646949214135654760e+00
2.639573918232177796e+00
2.637226645513765177e+00
2.634107513548132218e+00
2.635671382257120055e+00
2.635252451350386771e+00
2.635014390955190855e+00
2.636003085095501852e+00
2.636049337142914784e+00
2.636778825890381928e+00
2.637664776618088069e+00
2.637897611364830031e+00
2.638091959033550982e+00
2.637885447358428337e+00
2.637190853494662868e+00
2.637543853450984077e+00
2.637528914084521503e+00
2.637322170082859962e+00
2.636843587817652601e+00
2.636755033095274037e+00
2.637398766648879622e+00
2.637807663729462959e+00
2.639013200827899475e+00
2.640214790312339410e+00
2.642451298603800680e+00
2.645569220715972225e+00
2.648719818258480796e+00
2.650511770401086320e+00
2.655918989926952190e+00
2.659444224185826045e+00
2.664226949512463527e+00
2.669455980559443997e+00
2.675388238668818808e+00
2.681496658263830213e+00
2.687747942706937287e+00
2.694850704541673192e+00
2.700954197945245827e+00
2.707938943514021091e+00
2.715798440868492758e+00
2.723636558689492837e+00
2.734297670855331486e+00
2.746685905077710821e+00
2.759282598646579210e+00
2.771823266313273582e+00
2.783792088875890247e+00
2.794827490792259450e+00
2.804206582418987459e+00
2.812288473529217736e+00
2.819559570097847523e+00
2.825223333258741309e+00
2.830670800653805941e+00
2.835357700671173653e+00
2.839703119210977622e+00
2.843855890550566201e+00
2.847583834079043363e+00
2.851433074869452966e+00
2.854635660790530327e+00
2.857343937780353116e+00
2.860864656637406522e+00
2.864129580950703247e+00
2.867924138608798579e+00
2.869968760000310759e+00
2.871415557263810481e+00
2.873782541100272869e+00
2.872970382992889871e+00
2.872526744217067662e+00
2.871440833989073127e+00
2.870455047093409817e+00
2.870410104427985054e+00
2.868569466800304557e+00
2.869635558079325133e+00
2.869850270022044292e+00
2.868955858433368977e+00
2.870397941381122031e+00
2.868944157583430243e+00
2.869856538069749163e+00
2.867622388628026098e+00
2.867813587273039033e+00
2.868387576163494490e+00
2.868870320270910934e+00
2.871015295420759728e+00
2.873406730135134257e+00
2.876231635943870657e+00
2.878854924230715984e+00
2.881214564017238189e+00
2.883997316924124643e+00
2.885639116229190559e+00
2.886653235164930109e+00
2.886372961466076692e+00
2.885179803752146999e+00
2.883904423513109716e+00
2.882200307230081471e+00
2.883093251055624862e+00
2.883973576626134072e+00
2.885168865653459314e+00
2.886950106429383212e+00
2.887974250810740440e+00
2.889296112574098796e+00
2.890795844949349380e+00
2.892171530197384044e+00
2.894755509129478543e+00
2.896929557209777961e+00
2.899464749223138238e+00
2.902404888117846138e+00
2.905144855536520243e+00
2.909060042899005882e+00
2.912811282459271567e+00
2.916408546981132943e+00
2.920995966722270687e+00
2.924727127561420836e+00
2.930613400721794992e+00
2.933911293032248846e+00
2.937796620402244319e+00
2.942997086925371431e+00
2.947664468398486282e+00
2.954482545911783387e+00
2.957527296274526929e+00
2.962618623339860147e+00
2.967897052427842741e+00
2.972355057158434288e+00
2.978806666494743460e+00
2.984133743507001224e+00
2.989415046941915399e+00
2.995734000458488921e+00
3.001569937487345907e+00
3.008489064731507234e+00
3.015304037967177386e+00
3.021431460527260970e+00
3.028726484555199772e+00
3.035919212443687343e+00
3.042903621349139609e+00
3.051742033104205998e+00
3.059350548438162676e+00
3.067474299746240973e+00
3.076588849411679760e+00
3.084092869772137036e+00
3.092516724202337031e+00
3.101158641452080644e+00
3.110305772872704821e+00
3.117473018758226910e+00
3.128640732632991028e+00
3.135424297125795956e+00
3.144660687269487997e+00
3.152785249879101581e+00
3.160368984148784310e+00
3.170745883071614646e+00
3.179653497614962632e+00
3.187946632379155876e+00
3.196842339718383830e+00
3.205263885422608539e+00
3.213637555339240670e+00
3.220864532588741724e+00
3.229783167782248388e+00
3.236758802073141705e+00
3.245753275252370340e+00
3.253518006220486924e+00
3.260853826094000762e+00
3.269199572333938431e+00
3.274058336357793753e+00
3.282248805331123620e+00
3.287869659873817518e+00
3.294330750500480853e+00
3.300242686641404966e+00
3.305265261442524860e+00
3.310323139028655604e+00
3.315101346864362863e+00
3.318810057136468483e+00
3.322872667494296550e+00
3.325929276170517923e+00
3.328866547175061363e+00
3.334007986727179684e+00
3.332835165928545340e+00
3.339273616426907676e+00
3.342629543928893998e+00
3.346462254718998608e+00
3.348712594134958920e+00
3.351176674287330570e+00
3.350345567171043815e+00
3.348360404255806611e+00
3.345845779973807499e+00
3.341188224029936649e+00
3.335771542299094339e+00
3.327682623420889385e+00
3.321872805558151676e+00
3.314535502758271690e+00
3.307050396682488458e+00
3.299990939975437243e+00
3.291955993985436812e+00
3.285138463947100629e+00
3.277429023072461867e+00
3.271003944298434440e+00
3.265566160573142973e+00
3.260186854459408146e+00
3.254547190661176703e+00
3.250436187119336129e+00
3.245953632668718836e+00
3.241211242128748893e+00
3.238055513710912603e+00
3.235402588438013538e+00
3.233200727937518337e+00
3.231417446771340352e+00
