1.127264078452349327e+00
1.965825166196726315e+00
2.133036533327529405e+00
2.786212113383470967e+00
2.868691846029107317e+00
2.927557208158301449e+00
2.930152543371315588e+00
2.878596332702744398e+00
2.804405358596471221e+00
2.766590086865726938e+00
2.771580222079311095e+00
2.798679957548040775e+00
2.831840617296342622e+00
2.872199161141006041e+00
2.939489188067619718e+00
3.039200406949460032e+00
3.167308133694280325e+00
3.333773240532003079e+00
3.528607619574004595e+00
3.748674885192551542e+00
3.975790385269848848e+00
4.213002385898127145e+00
4.439107829740035704e+00
4.662028139436456442e+00
4.874752761852579219e+00
5.095215523110587341e+00
5.310410584226087138e+00
5.509477020649442558e+00
5.694138124933145306e+00
5.878064100576571249e+00
6.052479591343883136e+00
6.219443466266977971e+00
6.374517580154195784e+00
6.528713285612271378e+00
6.674220583793877282e+00
6.819560659066371322e+00
6.965887363579958524e+00
7.093703285675577952e+00
7.225409334434737652e+00
7.336560306470381043e+00
7.423815792734786534e+00
7.500846889668672191e+00
7.580741151361975128e+00
7.637885238400148324e+00
7.690056962642481508e+00
7.721010524796274588e+00
7.747747304412893499e+00
7.754790973790973929e+00
7.763143674776775249e+00
7.763995742252020271e+00
7.757762194615913209e+00
7.740806620206119426e+00
7.718245397952839149e+00
7.692560213781550971e+00
7.661031183082161355e+00
7.619047920237814964e+00
7.567731825551761382e+00
7.512343820991801202e+00
7.443405668050139923e+00
7.376048659874980373e+00
7.298141136854836120e+00
7.212506473196104828e+00
7.130400556808422330e+00
7.032755159024219438e+00
6.943726875902093809e+00
6.862080785907472169e+00
6.780400630773087300e+00
6.692271063231042483e+00
6.619491727792627067e+00
6.549197046093312657e+00
6.481260333453622735e+00
6.419100747087401970e+00
6.362801830305241602e+00
6.306661241418530572e+00
6.250397462939691451e+00
6.179393912015355816e+00
6.116241837310950835e+00
6.032710578163424486e+00
5.942552926729305796e+00
5.849566921394537822e+00
5.721076163910506551e+00
5.596466561918753690e+00
5.448639436011161408e+00
5.288949630956675918e+00
5.118330960720343548e+00
4.932944847771993935e+00
4.748905137232693363e+00
4.555067490708671230e+00
4.367701710441697749e+00
4.184372794033439646e+00
4.010429257214578769e+00
3.843127836695623856e+00
3.672125819715138295e+00
3.525516424963611506e+00
3.387165335926174858e+00
3.277707706223526252e+00
3.183111571143144136e+00
3.083629226880134855e+00
3.013430004379199723e+00
2.954654712263365290e+00
2.904574107423602225e+00
2.874651670127611691e+00
2.849603399099247092e+00
2.837662498347660378e+00
2.822783706321034813e+00
2.839074754648190702e+00
2.845469030611447625e+00
2.865476594370510277e+00
2.891649258780483844e+00
2.935314395316162894e+00
2.969763865961176474e+00
3.018852642091341743e+00
3.084456664016411942e+00
3.171252034483268645e+00
3.246809269211988092e+00
3.354806303357543484e+00
3.463708007018499124e+00
3.578289467375550537e+00
3.706710537848729281e+00
3.841487678155560914e+00
3.976443445314653768e+00
4.111519103811830611e+00
4.244322742829631956e+00
4.386484400766305747e+00
4.507096844455475981e+00
4.639579987704049557e+00
4.762867793651882842e+00
4.888660992024589369e+00
5.013851902529134819e+00
5.134300460536936228e+00
5.249535443728338358e+00
5.369294118922978143e+00
5.476168929041851818e+00
5.588928716778504224e+00
5.701337104362989905e+00
5.785806789835467256e+00
5.869195148730663725e+00
5.951207531624953084e+00
6.020716740088243313e+00
6.090072887219868392e+00
6.143521760529033315e+00
6.188670972639944701e+00
6.237138657928339214e+00
6.262329699019725027e+00
6.275637850831990328e+00
6.294512678210856471e+00
6.298516865660341857e+00
6.281656881182877683e+00
6.271386308261486242e+00
6.249700053895552720e+00
6.212625295624333965e+00
6.178757938467017929e+00
6.133470398214032393e+00
6.079728537776360575e+00
6.011576188453531699e+00
5.938715387671626544e+00
5.864176038360620957e+00
5.795263489387433964e+00
5.715191510462836355e+00
5.635392486828799008e+00
5.556243810624411417e+00
5.465095209163182588e+00
5.378829624542156296e+00
5.297104935957229088e+00
5.219365928697331292e+00
5.129586666266930273e+00
5.032898804713692442e+00
4.974404519300001937e+00
4.880975440719836023e+00
4.805590008879196517e+00
4.730429080012552134e+00
4.656398738549627048e+00
4.594806999347378351e+00
4.522270571471310951e+00
4.463081840738185591e+00
4.423840942275790056e+00
4.371383871557367407e+00
4.308155803071429091e+00
4.271896611647670206e+00
4.231377591872961474e+00
4.206244489059136171e+00
4.169462631849012446e+00
4.146381678456219078e+00
4.131862719028160491e+00
4.104242793959954838e+00
4.087041707651986933e+00
4.073630308978112957e+00
4.074380181909133647e+00
4.056978857295129970e+00
4.054462621952097834e+00
4.055490365882048920e+00
4.055280956987470375e+00
4.055793130082675724e+00
4.058530819980303406e+00
4.054530598550870835e+00
4.064710417018261523e+00
4.066092752964036272e+00
4.071649531185265403e+00
4.077599610765823002e+00
4.073084270697311382e+00
4.079043507934247970e+00
4.083467993622328152e+00
4.090338146894559657e+00
4.088654715963057740e+00
4.084620273709927751e+00
4.086438234927959101e+00
4.084832189308014172e+00
4.088487153621126247e+00
4.081425346672707732e+00
4.076202729091957799e+00
4.069015380014262107e+00
4.068800011208911549e+00
4.069066750927641252e+00
4.050044669290175037e+00
4.044388831308331156e+00
4.042696562366354662e+00
4.027955675589254270e+00
4.021670444714425585e+00
4.009479347542729499e+00
4.010069793532546001e+00
4.000624216677945100e+00
3.983336903151483810e+00
3.979855453583369229e+00
3.967889508314886626e+00
3.962656450245710893e+00
3.949110097396744123e+00
3.937924314400525372e+00
3.931018445849213450e+00
3.925072421855795746e+00
3.919849401293781899e+00
3.908248541821305544e+00
3.902992240221178744e+00
3.897270256574829617e+00
3.888992047433830201e+00
3.882085874722726260e+00
3.879836926354016668e+00
3.878905510017520264e+00
3.873278104220938989e+00
3.869023382985839365e+00
3.871510128021148578e+00
3.873646016602658282e+00
3.874564446331012046e+00
3.867382638223309410e+00
3.871487966641436351e+00
3.874020586832314095e+00
3.878026347501034810e+00
3.880494379858169474e+00
3.885345919755109456e+00
3.889447729723539915e+00
3.893195246108974494e+00
3.904568768023769731e+00
3.903781480025785733e+00
3.916698092265414655e+00
3.921851178212997890e+00
3.931216505481349266e+00
3.942859992450879147e+00
3.948003778521402385e+00
3.960628182673547659e+00
3.969374832848703516e+00
3.979925018657921143e+00
3.993643840128010769e+00
3.999905723773446109e+00
4.013298173722946061e+00
4.015601662207470390e+00
4.030501951671100258e+00
4.044580320895367898e+00
4.055484720839067414e+00
4.067532925299866875e+00
4.076857264146766191e+00
4.091084069531101264e+00
4.103337985667414145e+00
4.114325129828610983e+00
4.120966974204766764e+00
4.136608336829761257e+00
4.146049870200431364e+00
4.154375220208636144e+00
4.168595172955541273e+00
4.174342784482029778e+00
4.188297427027301900e+00
4.193055609473472778e+00
4.203255236379675353e+00
4.212363624848459942e+00
4.220538314314472572e+00
4.225125518248958656e+00
4.231095640414141101e+00
4.235893765105221753e+00
4.241683656774076105e+00
4.243397518293474668e+00
4.249804435363904176e+00
4.255885655761462161e+00
4.259064308706113522e+00
4.264804667221890888e+00
4.269004651138114781e+00
4.268663190798643647e+00
4.275079869531241528e+00
4.277890158146894883e+00
4.279259585405932320e+00
4.274982816174028422e+00
4.278505528955929726e+00
4.279941852505646516e+00
