1.047506436857951861e+00
1.140949977436630736e+00
2.201224940428495813e+00
1.397742686323909744e+00
9.037771111584286254e-01
2.389813228504256426e-01
1.260631519065474604e-01
2.234830346276413249e-01
4.567544537753544520e-01
5.958616433744698959e-01
5.458680306781688030e-01
5.603697625117403103e-01
5.244218615490345847e-01
3.828225962969610818e-01
4.165471638344188099e-01
3.593609705432560530e-01
3.069725784817927683e-01
2.500027794067924969e-01
2.561656720043213875e-01
2.363950202562677960e-01
2.220413531535244678e-01
2.250602844387132873e-01
2.336338432461533832e-01
2.206198696118185365e-01
1.956161958572277260e-01
2.253411766917168824e-01
2.041591310190295772e-01
2.050313519706412346e-01
2.002960665642662119e-01
2.444291002530004087e-01
2.275222077286930267e-01
2.080836115004283948e-01
1.980584286084413892e-01
1.646274324355817553e-01
1.701266505201008139e-01
1.564874032206301779e-01
1.553306840840182890e-01
1.940692343268120845e-01
2.370695379831826988e-01
1.949595204469115051e-01
1.923383090024082531e-01
2.290088782068281925e-01
2.334171042765919857e-01
1.980294801286169581e-01
1.258959032327712502e-01
1.723612934846187605e-01
1.160356974076827141e-01
1.397524885489443147e-01
1.712537858513297762e-01
2.283802149012128246e-01
1.417174481702649647e-01
1.290824507655014830e-01
1.433262627928187372e-01
1.373764697405114310e-01
4.127454917186827443e-01
2.063495398298925698e-01
6.211333360435025708e-02
1.751741347129894544e-01
1.009066132699673601e-01
1.335587089824782914e-01
1.545169658219990583e-01
2.765042247374794315e-01
1.205604116866603459e-01
1.426128653160705084e-01
2.867319051647599926e-01
1.390578143690018587e-01
1.252318239423730606e-01
1.260704429668567661e-01
1.327022806782117426e-01
1.203420946006024117e-01
1.201047632449055852e-01
1.282769336710880004e-01
1.374107035124491061e-01
1.965051388205541205e-01
2.158339595511191977e-01
1.146827252360967525e-01
1.376976436463901721e-01
2.948411062971472152e-01
8.279872149688424776e-02
2.293476335493183083e-01
1.085159095052372763e-01
2.157734202712639215e-01
1.155809132268231787e-01
1.225586323245896891e-01
1.512229080989992702e-01
5.402989672294573886e-02
1.614754954503881124e-01
7.732723229969241940e-02
1.275761394900576662e-01
1.076824461884632184e-01
7.135057465632933804e-02
5.511157242035633064e-02
1.746839210060306680e-01
9.515829089859703660e-02
7.747864265153593666e-02
8.402525784057636449e-02
1.233177882766081923e-01
7.130243046023790332e-02
1.346617272770289919e-01
1.013139496978143067e-01
8.247872125285307665e-02
1.045569910679031850e-01
1.063609818043817767e-01
8.983267087005428198e-02
1.581009044416888665e-01
1.050042571307240047e-01
6.214056282423675165e-02
9.104834376924475503e-02
2.817720635530624462e-01
9.252574151752396281e-02
9.249279399295388948e-02
9.833444254780959737e-02
1.472175600986742605e-01
2.607745409217649413e-01
1.898107427327870023e-01
1.166649187175353708e-01
8.050026464536100268e-02
8.454488803625814786e-02
1.069545995294673424e-01
1.017463310558015532e-01
6.671191113512188464e-02
1.244903983076137144e-01
9.068460309240876371e-02
5.754783514692647650e-02
1.820245607174121039e-01
6.587828518587431070e-02
6.262510051271723277e-02
6.842639276116053992e-02
5.770038028896398025e-02
6.158532758116617295e-02
8.431844893429199517e-02
7.210093758455188295e-02
1.703988732828272679e-01
6.315153347191304611e-02
4.344676051778419146e-02
7.088450886768203618e-02
1.230294669506782484e-01
1.932378060535117070e-01
9.978873737691662527e-02
6.415523138609824372e-02
9.998953179894203014e-02
6.649239594046538193e-02
7.493631848798928963e-02
7.044624817796688032e-02
5.150406351139091149e-02
3.568882958866274185e-02
5.480125392524227285e-02
5.480215145536469767e-02
6.421038267491324669e-02
5.115047253687419332e-02
2.342574416116403602e-01
4.777990007256521787e-02
3.840266420909020650e-02
1.060756202954841187e-01
2.133541910531521271e-02
1.901831014685577970e-01
9.185400480865744954e-02
2.773735778773320226e-02
4.253199420178566809e-02
4.485560361656516781e-02
5.990892936944815922e-02
1.627272013920219584e-01
4.640819558704135928e-02
3.822240743796213869e-02
3.760905909587879126e-02
5.049298984946481994e-02
1.288663950287530224e-01
8.006585997230715457e-02
2.147610383823809685e-02
2.552204455517434814e-02
3.512559757708367397e-02
1.180717215864145325e-01
7.539721939011904961e-02
6.486542267967007613e-02
2.831034958385366535e-02
5.372671996552382673e-02
1.538833977529889541e-01
6.300536917826322914e-02
8.858419324300857711e-02
3.969914443581245428e-02
3.054807362883533300e-02
1.992733770500789217e-02
2.999657446251705745e-02
2.750243552955795173e-02
1.174163436303445746e-01
2.237517375851669210e-02
6.446639517658783736e-02
5.030660858180127648e-02
3.658731683510329374e-02
1.244717971003521662e-01
3.686904797727381250e-02
3.968168901144471239e-02
3.711404609502337582e-02
1.180878892800178298e-01
1.114965524698969535e-01
3.615230892927215334e-02
3.002065484442634213e-02
5.653163598892206598e-02
6.279757011530749666e-02
1.399280791633857046e-01
5.720753242101088432e-02
6.322095166557041568e-02
1.083398808095061283e-01
4.614622951542440843e-02
3.669005818588828849e-02
1.660500365886994345e-01
6.923539823948755834e-02
3.837218289310180552e-02
3.162340488366947172e-02
6.818297558836797223e-02
1.059496740310731655e-01
1.529778862382090258e-02
1.338614546937512695e-01
1.755179798210295544e-02
3.907564019947526446e-02
3.579593829694413532e-02
4.064958349652184055e-02
2.633744528151686637e-02
4.108413508650701762e-02
2.406706189043856040e-02
3.218236274277719994e-02
2.704331616340207092e-02
5.396698257616721478e-02
5.104735155529305235e-02
3.748804035885600766e-02
2.199082766033079103e-02
2.306024560320179065e-02
4.342080771149499363e-02
3.430201200930943495e-02
2.314133007237137787e-02
2.389096536427822229e-02
2.670378706790568768e-02
2.553821778496747491e-02
1.764659313562137385e-02
2.219507164116429204e-02
2.733464229405230261e-02
1.126905866491602522e-02
2.642424574381050523e-02
3.619289247542960275e-02
2.744518053205299152e-02
4.793621202079011850e-02
9.076960901302696949e-02
5.177741215196247221e-02
5.462155592294311302e-02
3.288790548731390651e-02
7.419535326532578079e-02
3.539967464894627769e-02
1.521829346292092287e-02
1.598940509706621160e-01
4.052589988804895099e-02
4.173351046594454133e-02
5.394775192795796953e-02
2.147759238024509604e-02
7.210701521729305508e-02
3.339754375731081304e-02
5.750235972601031031e-02
1.571237140045882510e-02
1.471117968867723114e-01
1.936980917357445930e-01
5.699132421939066134e-02
5.007068097003089524e-02
1.715451040278574701e-02
1.333882831453094171e-02
2.245915435280301797e-02
2.165667213003555358e-02
1.477399438332958892e-01
6.837339620178546629e-02
2.186863805380950473e-02
1.370226363167255726e-02
3.463185059928739623e-02
2.521786645575371799e-02
2.068137232224010955e-02
6.229632083504677703e-02
3.105262804354980144e-02
6.494139606072238391e-02
2.519263851614163621e-02
5.207011064076539492e-02
8.568599893369942266e-02
2.184012836186904546e-02
1.813318812112746023e-02
1.644744155808828823e-01
9.639585785271816143e-02
1.715626712039896098e-02
7.305116859809981933e-02
4.394213315617829380e-02
4.993997074596635138e-02
8.990587347600065282e-02
2.787535826462681637e-02
1.906535306502027752e-02
2.099884605214005079e-02
1.279079659223978094e-01
6.083695667567298737e-02
1.058701305197628888e-02
6.617692570464184243e-02
1.844416464888387619e-02
1.699290141693977629e-01
7.583529373409984842e-02
6.193621647704033312e-02
3.011032034168176219e-02
3.297313076915765057e-02
