9.936367313295111359e-01
1.304269973797272719e+00
4.237521903851326321e+00
4.062558724849307801e+00
3.900854992673000954e+00
3.753695392702413258e+00
3.648641141140500643e+00
3.563482906004652229e+00
3.487725661624964779e+00
3.431210861133620504e+00
3.383563708383200641e+00
3.348484709181604568e+00
3.307887962504520551e+00
3.293439252521712213e+00
3.274278117297770851e+00
3.251278116595845979e+00
3.238318059406146254e+00
3.224760952761009047e+00
3.207061011748723711e+00
3.192850797740543367e+00
3.180458622510638378e+00
3.159573370446073781e+00
3.150756900583384201e+00
3.145821874649761263e+00
3.120553850241993388e+00
3.109889611238875418e+00
3.090331278577809648e+00
3.079684803422967576e+00
3.070931045689299754e+00
3.061852065270724843e+00
3.045197821730306398e+00
3.036775347680826798e+00
3.054577458262622169e+00
3.012925863755875788e+00
3.006089566194928064e+00
2.989017479534072042e+00
2.982110168009817652e+00
2.976038290591020541e+00
2.961292288058495092e+00
2.954054116385989470e+00
2.948729052974338405e+00
2.932819890576770394e+00
2.927564166454550865e+00
2.922767809925745919e+00
2.907508847695595477e+00
2.901843196369746192e+00
2.897618726301022463e+00
2.883212192743393132e+00
2.878962767264942268e+00
2.875111810191514294e+00
2.856934908153245800e+00
2.853623944284602310e+00
2.850293102286566516e+00
2.835945352870922864e+00
2.831567646241243352e+00
2.828598042560617642e+00
2.817129371677356886e+00
2.813926548645767856e+00
2.802420292164021109e+00
2.798864383486737495e+00
2.796785303460368244e+00
2.779262149707475427e+00
2.776921827540916876e+00
2.774802341248336468e+00
2.759381184012099197e+00
2.759983146287051881e+00
2.745493841842325367e+00
2.745719380337662052e+00
2.744261025806712162e+00
2.729504729920142037e+00
2.727424338620971334e+00
2.726258398412496842e+00
2.717826519978835176e+00
2.711313271485770837e+00
2.710447249283356008e+00
2.700354551449427376e+00
2.697451516683059047e+00
2.696858546656519806e+00
2.686464580190579099e+00
2.687613601596268609e+00
2.676742484935702215e+00
2.676457767114475139e+00
2.668628982784289505e+00
2.660696450865915885e+00
2.660585371052066161e+00
2.642674502953636484e+00
2.651651319048456745e+00
2.648235101038999506e+00
2.641397205410938476e+00
2.642284433314103786e+00
2.631409159052486846e+00
2.632468035958725139e+00
2.637901516275979574e+00
2.623885491369889245e+00
2.624634863016184649e+00
2.613039617166587725e+00
2.615438350770386222e+00
2.613253020929037884e+00
2.609514101040742329e+00
2.605694596291115772e+00
2.605773333475830178e+00
2.598671043884265952e+00
2.588535066552816399e+00
2.593663945346057709e+00
2.588794642129399470e+00
2.592023775911013850e+00
2.582393537179046294e+00
2.584051117872432357e+00
2.576344092925064722e+00
2.577643984620014983e+00
2.576623941884759184e+00
2.573053757710792588e+00
2.567842927701990074e+00
2.563675020316077191e+00
2.565389982928983681e+00
2.560469096693778202e+00
2.561912880208331522e+00
2.558232174880480159e+00
2.556116268996068808e+00
2.552471794716054010e+00
2.549603509940370660e+00
2.550686260549475115e+00
2.551355014156440504e+00
2.543662963504158547e+00
2.548600829339731977e+00
2.539398658605552583e+00
2.535951216837260436e+00
2.537925340285700937e+00
2.533200149131611845e+00
2.529222419064180993e+00
2.529147675720500033e+00
2.522373551586766016e+00
2.525086335271801374e+00
2.525528128361595570e+00
2.523553866034655702e+00
2.518135239264005953e+00
2.515239857598030149e+00
2.514636580304669078e+00
2.514058237520700345e+00
2.510515964986265836e+00
2.507588265424570917e+00
2.499338638991402739e+00
2.517185000306009446e+00
2.503540380674080801e+00
2.497600001276062187e+00
2.500001310468907167e+00
2.496219860149898384e+00
2.495059377182530458e+00
2.493552761761478997e+00
2.489532798132158220e+00
2.485522402889501770e+00
2.486615149807083647e+00
2.484446323524794220e+00
2.481689414835765106e+00
2.484076870983438212e+00
2.477211597674974897e+00
2.483696951921848139e+00
2.474739184057562547e+00
2.473888549675840487e+00
2.472453569466903645e+00
2.468597586300634639e+00
2.469250509722124232e+00
2.468213105778158667e+00
2.463220704807295824e+00
2.461588848508815097e+00
2.460355965625762753e+00
2.453978846483033660e+00
2.457375109242855515e+00
2.454691350687602913e+00
2.452906693939477911e+00
2.451067770811123481e+00
2.448928069528001128e+00
2.447515485739455432e+00
2.441472106994249547e+00
2.443475795372086701e+00
2.433030100325356937e+00
2.439615876843066467e+00
2.439006743913500141e+00
2.438275626857424161e+00
2.435956866637184248e+00
2.432326784769643702e+00
2.430413091754562771e+00
2.435546410059621358e+00
2.427533591026910020e+00
2.427698842571122118e+00
2.425396136021676696e+00
2.422919065430837016e+00
2.424839283308370952e+00
2.419645663789994128e+00
2.413620512873553281e+00
2.416157154961244835e+00
2.417193898500958671e+00
2.416544722263978873e+00
2.411654156579742470e+00
2.408643695372635563e+00
2.410209203575196302e+00
2.407857201840423844e+00
2.404273968735229250e+00
2.401503798822541835e+00
2.409489133662569671e+00
2.397235274814804029e+00
2.397633091258874583e+00
2.395803373522887636e+00
2.391777039665791804e+00
2.392719325580030532e+00
2.389492780535045657e+00
2.392384715101006254e+00
2.385392015110794794e+00
2.384981845769243769e+00
2.384414708138147709e+00
2.380886264654912043e+00
2.379440801728600619e+00
2.376622220001921804e+00
2.376830285817377320e+00
2.371335383394332919e+00
2.372708244362472296e+00
2.371663471128169665e+00
2.370788039405142822e+00
2.368273252195844059e+00
2.361935723603599602e+00
2.364129389682643634e+00
2.364440374177130710e+00
2.360956300690482568e+00
2.353409209713010153e+00
2.356283545734185303e+00
2.355290624308763459e+00
2.355084844662698629e+00
2.350521162160661870e+00
2.349416332243133176e+00
2.349140279085973226e+00
2.349287858915859228e+00
2.344010449462309076e+00
2.342086904842785700e+00
2.339973588296714979e+00
2.337698225348227687e+00
2.339714768478258655e+00
2.336172083319541848e+00
2.335000461216164780e+00
2.330832104415474948e+00
2.328960050059299292e+00
2.330836248428035162e+00
2.329810763827612874e+00
2.330908866389453493e+00
2.327152484098505614e+00
2.322587685835901805e+00
2.323222403609488396e+00
2.319912828947980454e+00
2.315673295109045071e+00
2.319192761814436121e+00
2.315028191925318612e+00
2.314600405780108172e+00
2.310919081902689243e+00
2.314510800874827634e+00
2.309336395945563503e+00
2.304615760091829113e+00
2.306363779646779300e+00
2.303125891084466303e+00
2.303030132218213843e+00
2.299243275462305114e+00
2.299309400548410931e+00
2.298588516777803736e+00
2.297662190336552168e+00
2.294774281229842394e+00
2.294716935307125727e+00
2.291902279863208935e+00
2.285148193521145288e+00
2.287865357594164095e+00
2.289040019266174841e+00
2.285244744277305617e+00
2.285168071348489427e+00
2.284923095400478665e+00
2.282926705964174019e+00
2.279192028404169790e+00
2.279434755487323994e+00
2.276647143269658002e+00
2.275874989348847688e+00
2.274591144396064912e+00
2.273309252675168146e+00
2.270586363421432274e+00
2.270527759316583793e+00
2.267916627765650173e+00
2.258977537408840330e+00
2.262854980294079166e+00
2.266197802869302169e+00
2.262971352175076944e+00
2.266281138158687813e+00
2.259817966737133865e+00
2.262477347505399194e+00
2.256478842315022160e+00
2.254065596078496991e+00
2.254403688698963126e+00
2.252615722625539885e+00
2.252552432748696543e+00
2.244563488884685487e+00
2.251942083246651016e+00
2.246912041180070929e+00
2.249685420017198290e+00
2.249036970287696224e+00
2.245525772925835106e+00
2.240826347879531610e+00
