1.318002880610933181e+00
1.682498525162807068e+00
8.062456819744273417e+00
1.398117565471558343e+01
1.437087128906058453e+01
1.517470764798193272e+01
1.605108360851496840e+01
1.806074073973977789e+01
1.774122660890379422e+01
2.048142003663018684e+01
2.150026038237717430e+01
2.115984851147773682e+01
2.069270165800994477e+01
2.020239978468487863e+01
1.969844607658383495e+01
1.921155893637489598e+01
1.872794510810014046e+01
1.821654623259960815e+01
1.780601707400319356e+01
1.735466220336856935e+01
1.692424573297588708e+01
1.649036203729848893e+01
1.607533829952591020e+01
1.564103934622395187e+01
1.522141808677848474e+01
1.482451867616897800e+01
1.439855254574294641e+01
1.400353951604742875e+01
1.360971550204460989e+01
1.319683299064935511e+01
1.281753580372771317e+01
1.239100420959618276e+01
1.205725828556585277e+01
1.169600530611019273e+01
1.130352257555728457e+01
1.096282770663512629e+01
1.061514988327145659e+01
1.026065722632632138e+01
9.953388323972097496e+00
9.628167784328521606e+00
9.275701998359060951e+00
9.007840401506241435e+00
8.658482920506450853e+00
8.399344489891531040e+00
8.085165091131006676e+00
7.825645479828959417e+00
7.554248240065449593e+00
7.319373543537237126e+00
6.994969937797859139e+00
6.733587599148477487e+00
6.491847094281074426e+00
6.252431450673060276e+00
5.973553892453407954e+00
5.799786530011287411e+00
5.579395230025694374e+00
5.283260638004912302e+00
5.093272328320883169e+00
4.894031554853161659e+00
4.679815624515725858e+00
4.484025912361634170e+00
4.274814001819591702e+00
4.084981307062452771e+00
3.899458972267480839e+00
3.669612005506254437e+00
3.540227224990397659e+00
3.363237645456763847e+00
3.207462649740029814e+00
2.998242089112033604e+00
2.904394616554198727e+00
2.768933774336196141e+00
2.613986714209100004e+00
2.468329361771247843e+00
2.353007534238090948e+00
2.184291611392072063e+00
2.081326508341544645e+00
1.979815294170143014e+00
1.809488933606427485e+00
1.727143770461353700e+00
1.630572818205769714e+00
1.528328239693697022e+00
1.428493156615376680e+00
1.329828094083679302e+00
1.234364017904393096e+00
1.199439790435036457e+00
1.073166813084674320e+00
1.011623611128920297e+00
9.182047962809509745e-01
8.706584758939794888e-01
7.942994198068183964e-01
7.507799237497730926e-01
7.072361484789634334e-01
6.593935792243172944e-01
6.047527213625577547e-01
5.795930438153082953e-01
4.794172961892490537e-01
4.698132523262559257e-01
3.915876121143422872e-01
4.296379180883085347e-01
3.833371856194048855e-01
3.552703703659174095e-01
3.396859733406223381e-01
3.769794778842499028e-01
3.005110605206733898e-01
2.914074205227250580e-01
3.058701756344669453e-01
2.450069708833128856e-01
2.668492788531144355e-01
1.888612399397590347e-01
2.050746722258775523e-01
2.090865116056037365e-01
1.779657238363912819e-01
2.165454727696092263e-01
1.796137807297832067e-01
1.480432557042354325e-01
2.083368408228619406e-01
1.719213244283537834e-01
1.417970704451383124e-01
1.505115709782766098e-01
1.869984212706406745e-01
1.273788061004970662e-01
1.405983660989003070e-01
1.490696116662684478e-01
1.238032068446162093e-01
1.330918897240678522e-01
1.200159357006600619e-01
1.355075750562429460e-01
1.142982003328834456e-01
1.059483965128264066e-01
9.763348277431424527e-02
1.116386553446998275e-01
1.128032965179022323e-01
5.660582613144446440e-02
8.691533684640397051e-02
1.372563466677335919e-01
1.170788618786769292e-01
9.755822653337870021e-02
9.302345912696573238e-02
9.096786967220091280e-02
9.726090558344649417e-02
1.222684141736168489e-01
8.050302350128045459e-02
7.297801408471546458e-02
8.341874041599169065e-02
1.122777888233820603e-01
9.860178114865766896e-02
8.649835433020504338e-02
8.550400859457651936e-02
8.133447022438947127e-02
1.360879951591101034e-01
7.942802996034127594e-02
7.540311238414559858e-02
8.380705175643392291e-02
6.569984563637600028e-02
1.000969906959113670e-01
9.646002569120676329e-02
7.842344850382464150e-02
8.332583249629489652e-02
8.003493075395033685e-02
1.077319024208180237e-01
7.631054726666323951e-02
1.076740284976697715e-01
6.930812462086398396e-02
6.756403414211675784e-02
6.318964304538145227e-02
7.882649744358308230e-02
6.296200356512329788e-02
6.406181072079579486e-02
7.034557038266621432e-02
6.969038230303155335e-02
8.408182313242408557e-02
6.952536109006007825e-02
5.289012519118799216e-02
9.535914076776062787e-02
6.466776874221887017e-02
1.079757848306700796e-01
5.430382897648226848e-02
7.380909003340735408e-02
1.188279785334344085e-01
8.733673177556268430e-02
6.576413172247626282e-02
4.920980289290663445e-02
4.534476846066889943e-02
5.547076337417282399e-02
8.447958939250728438e-02
5.855160269283154334e-02
7.219906545540077936e-02
6.151031121057366075e-02
5.605436168208698805e-02
5.455169606743648369e-02
7.602105210890508502e-02
6.654354442714338624e-02
5.195854225658052411e-02
6.777928128556832965e-02
5.545124393426659887e-02
4.596225066292310146e-02
5.796290902087861824e-02
4.414730172733825203e-02
5.192836130508692027e-02
4.324141006861530884e-02
4.913429506832733135e-02
4.090568467741837605e-02
4.318896972215974239e-02
4.691306506204945964e-02
5.041882992776162281e-02
3.913312065742909074e-02
6.331724341438769998e-02
3.506174372849880233e-02
6.677521635308979187e-02
3.087994579334569015e-02
5.313595539329134254e-02
5.291601311915849343e-02
5.301025130320861228e-02
7.079600314763129232e-02
3.490373488252609957e-02
2.819438900602935782e-02
3.467417318928810860e-02
4.471956667864710605e-02
6.575692247564765558e-02
3.000100437536904960e-02
3.924975066652607730e-02
5.343033919810376980e-02
3.963617654627765718e-02
5.114597503838307774e-02
1.142901541359006984e-01
1.673342517932692106e-02
7.138307226086017254e-02
2.648677199093925003e-02
3.824445130687884747e-02
3.416659281920390867e-02
1.180794475400416960e-01
2.421588484474484354e-02
3.595184621495844945e-02
4.706212071233864536e-02
5.651353231869862825e-02
4.475686135059888521e-02
2.655227575900117112e-02
3.873179410340542306e-02
3.352013380934754788e-02
1.052675693648673222e-01
3.185956218943325480e-02
8.426753144376138149e-02
3.798347976126004860e-02
2.463768548753494936e-02
4.685494477297964810e-02
3.239740619799143240e-02
2.641644726712113339e-02
2.315123710262414689e-02
3.369043192745863752e-02
1.282470285179759979e-02
1.448368035677755350e-01
3.190377982343198249e-02
3.091460800328922273e-02
2.280862223318986734e-02
1.501165386353131570e-02
3.984018407473036844e-02
1.655476716745397231e-02
3.671331591606509515e-02
2.123976771864326957e-02
2.378819460491847157e-02
5.989986117418286821e-02
8.642409159224992768e-03
1.503727852617410370e-02
1.549512547836418182e-02
9.874215223511613460e-02
1.075319862231845572e-02
3.047010187955086560e-02
1.362738631855796127e-02
6.578600211218453564e-02
4.105220337819622672e-02
1.985403390154277456e-02
2.439042380098699336e-02
4.542592367564773914e-02
3.933000709687156649e-02
3.396087779236155180e-02
1.744147106489198767e-02
3.456378698614608058e-02
1.830817817626433086e-02
1.177450870315075240e-02
4.693043426768662985e-02
6.744923576413401622e-02
4.365427828568423790e-02
1.994188811882423654e-02
2.853225810653592029e-02
1.708142155037941853e-02
4.167405380852013536e-02
1.616674615947672616e-02
2.555030448868985185e-02
4.759419936278219687e-02
1.884580950131441862e-02
4.722544466366589144e-02
2.594651412329995396e-02
2.961615336167456800e-02
6.078630795727241881e-02
6.714407679963831088e-02
1.182544191917335973e-02
1.560604923931083014e-02
5.698632102350918022e-02
1.641019809174115718e-02
3.574577856676140059e-02
6.573456010061969057e-02
