1.122833098997596757e+00
5.121041601697948753e-01
1.492225666278363505e+00
1.547709383829877661e+00
1.080448533656905408e+00
6.625895910137428180e-01
4.087730525777208967e-01
2.640633019121222946e-01
1.832988859842284712e-01
1.377081947328456513e-01
1.105808376161840356e-01
9.293883688096130080e-02
8.013155049101128302e-02
6.973834984924194569e-02
6.052001276776117905e-02
5.198147638803437415e-02
4.413203568205877059e-02
3.720746930915369566e-02
3.139560238638379464e-02
2.672445823897467293e-02
2.308630048053543840e-02
2.024505550250757166e-02
1.815833550091382545e-02
1.613707225362813469e-02
1.527264875604294678e-02
1.460428216756624008e-02
1.344060554534499789e-02
1.197205614981568592e-02
1.207641151747031009e-02
1.046835860965782301e-02
1.098035924091738530e-02
1.055083509630733683e-02
1.012654429389662700e-02
9.604526533686645606e-03
1.071527923746567502e-02
8.633610233360731676e-03
8.414851477987877679e-03
7.710225372992794875e-03
8.101108276323810281e-03
3.379978168844235964e-03
6.942637243789802348e-03
6.911074524381069506e-03
6.658599787752827667e-03
9.983336070427520359e-03
5.612425755000688583e-03
5.445125405434760729e-03
5.021429068491557041e-03
4.871537734663794646e-03
5.306846599316093760e-03
4.568126053232799723e-03
6.703571039511417758e-03
4.020299272852895407e-03
3.199730042779443638e-03
3.623771194469437538e-03
3.710928602906751056e-03
8.874826984303063257e-03
3.034309245652716709e-03
3.032419431973202607e-03
2.826861453568398075e-03
2.699459032753587142e-03
2.854873241646137087e-03
2.495813530663218167e-03
2.136976812237363806e-03
2.238058927857313352e-03
1.039926429292433244e-03
1.915165691846795488e-03
1.190781829183578180e-02
1.793699613389231279e-03
2.449551192160506589e-03
1.939093667401408467e-03
7.598003396222746762e-04
8.988203625724621153e-04
1.482917622188349065e-03
7.958452817085643477e-03
2.675052738629909218e-03
8.137774912301145398e-04
7.068401196714432485e-04
1.358243192771420435e-03
1.146957327322738239e-03
9.654448140001350726e-04
1.027345815914518928e-03
1.056693587245963704e-03
7.981081922923887817e-04
1.156649119509917632e-03
1.052019257036587935e-03
9.566794773611101603e-04
9.876705847982668405e-04
6.381855386906718115e-04
2.646256343064000427e-03
8.753259798202067806e-04
4.448786842572244327e-03
8.021593438359579577e-04
6.985726984341614773e-04
5.589646401421271421e-04
8.342621542518363284e-03
7.550316410696583788e-04
1.552497591906077008e-03
6.319825368578500671e-04
9.139634235353648242e-04
8.580034186920266646e-04
5.585937224999756694e-04
4.783680081303343080e-04
5.290505755252156855e-04
5.973549426402167788e-04
3.535649086940622211e-04
6.328026705185489046e-04
3.025643863986918094e-04
1.419834962631362453e-03
1.462233065580377349e-03
5.360363901468989884e-04
3.109791548321905880e-03
5.191800210507627493e-04
4.864628524251993886e-04
5.928092930654930114e-04
6.556561116778089398e-04
4.173986564073952125e-04
6.412720065789028097e-04
3.673452676412517588e-04
4.904969596530257608e-04
4.804630182960676829e-03
4.351641306583483269e-04
8.622664804803940658e-04
5.030608607440939994e-04
5.308639368828178698e-04
8.723080467511098654e-03
5.254475694047278621e-04
2.137419063836849212e-03
1.198912966491939977e-03
5.186605235910861757e-04
8.834880679430170795e-04
3.899204730847076732e-04
5.556009412529696158e-04
3.915758133237174201e-04
7.201213450469063021e-04
8.578809856894097519e-04
3.524540301372380662e-04
7.267820497177426538e-04
3.189320761560960390e-03
3.322845552066706963e-04
7.400917057286486014e-04
4.614158513856138344e-03
1.771678222297768789e-03
3.136049551476890107e-04
1.850876100876596353e-03
5.787876384941736431e-04
9.878091654348093806e-04
5.820679748909664795e-04
2.815065706508969767e-04
5.929422072335400638e-04
6.464991414552149346e-03
3.979673048862333862e-04
9.516586915597197291e-04
2.673536084453590508e-04
2.452053775976185588e-04
1.129660348129189404e-02
3.647114786498580150e-04
7.540048711656534633e-04
2.197933645453650602e-04
1.169645642656259518e-02
3.527460932710807192e-04
9.423426692976367199e-04
3.869629433906082803e-04
6.425581993473304145e-04
8.016872327287200136e-04
5.740432658764019419e-04
6.449507870419446745e-04
5.001536040906652200e-04
1.734395552644986968e-03
4.528065877943612946e-04
4.898907848078614801e-04
4.205538678869333996e-03
4.136834695284106155e-03
4.857444637870598938e-04
8.680604123765523188e-04
3.239309905729766690e-04
5.885457532190938642e-04
2.698343978119660102e-03
4.650111310329285773e-04
6.191990358831862525e-04
5.866069011008370011e-04
4.817942874474569659e-04
2.340918221993445699e-04
8.034395602234790197e-04
3.840883815058333665e-04
9.899231695097130985e-04
4.582729565196746839e-04
7.532104333875258790e-04
7.136018519040327910e-04
4.562232297581433720e-03
4.441970242253313926e-04
1.780343547324020510e-03
3.241156884279514008e-04
5.907588820417406829e-04
2.144634042814507011e-03
4.713829184787664121e-04
9.194549366662385995e-04
4.752489980736074315e-04
3.390701425954377544e-04
4.730183337229032785e-04
5.039841842357437041e-04
1.325465800034458016e-03
5.070154258806293564e-04
3.169146256284929766e-03
4.912330860404419061e-04
5.173801082524080242e-04
1.081700716590015517e-03
5.107891402812336692e-04
3.102834850962893744e-04
5.070602755511054117e-04
5.632150524304241996e-04
4.992133216652984342e-04
1.013010200162194714e-03
5.073266093318109203e-04
9.895356766855671095e-04
5.809002675236217160e-04
3.184668756613599880e-04
5.659940449485867386e-04
5.809500020035563914e-04
7.131931584054982320e-04
9.531789888541482509e-04
6.311977311445412945e-04
2.864140151616046369e-03
4.335966781078716263e-04
3.953625763208339951e-03
6.340857593284237584e-04
4.685825193719582492e-04
3.837399341299922370e-03
5.093537165758254106e-04
6.960440602468780623e-04
7.217565653095293562e-03
5.086083194052670124e-04
2.415118992767401659e-03
5.558527978496798951e-04
7.012086477991524673e-04
5.441954233430692893e-04
6.517358486138584038e-04
5.722151803499698174e-04
4.586361414549629820e-04
5.658928925874495046e-04
7.308728776099496964e-04
5.786649199698796825e-04
4.801203899228520403e-04
5.667443842726437551e-04
5.129262989970367935e-04
1.118381369203507716e-03
3.382855578114970976e-04
9.707534202992258504e-04
2.018652835266403038e-03
4.170435429934093757e-04
2.496723795607644607e-03
1.370084316488586786e-03
6.336775369175756158e-03
5.730350702181354018e-04
1.017108711130094122e-03
5.518373511176606714e-04
8.370014194902911792e-03
5.779107207622421550e-04
6.074142277654904099e-04
5.026637738619756752e-04
4.010443647971609891e-04
5.990231093829003969e-03
5.545378791270824583e-04
6.290271055346745256e-04
4.209780222836877195e-03
5.661988171321770966e-04
4.210601706519729454e-03
1.193479797847754988e-03
5.834039470569265043e-04
3.478908408976000917e-04
2.546385505367562436e-03
1.835377340900988226e-04
5.462678006398881750e-04
2.183822638444710487e-03
5.947249582337913940e-04
4.811700321576642837e-04
4.349547610440990340e-04
8.205026886814438753e-04
5.976939545082663157e-04
4.306651242699061251e-03
1.287995558715037455e-03
5.627204126114872468e-04
4.517040565257906507e-04
7.508996925940049014e-04
5.774710679234238038e-04
4.304103572836296505e-04
5.921194347219556993e-04
5.777805242361264745e-04
4.759938524892545026e-04
6.143924528832541820e-04
5.457449997495576874e-04
2.026551567573139229e-03
2.918123019384246926e-04
4.745270798781343370e-03
6.045547931366869552e-04
6.969185960792004687e-04
5.302813482571729509e-04
5.523530454816101901e-03
6.570527877952886224e-04
2.137486196258303085e-03
5.440070989831289824e-04
