9.842083330321140799e-01
5.383906915889342670e-01
7.025824990778735124e-01
7.134499385377722769e-01
7.335952297448068427e-01
7.480666532423732029e-01
7.376300688718697707e-01
6.993657918521236638e-01
6.384940615708953882e-01
5.624821958251945420e-01
4.743680430111662516e-01
3.792741252042505784e-01
2.863191128344202419e-01
2.052872172111999682e-01
1.422227372018923519e-01
9.754744560346327586e-02
6.807335616838816605e-02
4.970720170955961192e-02
3.887117467608906807e-02
3.285733169605901949e-02
2.976210739424077489e-02
2.830979388375318845e-02
2.767707375951325779e-02
2.736025459696955070e-02
2.707376251178875495e-02
2.667890112710038023e-02
2.612599513761287157e-02
2.542062299137088852e-02
2.458936779324449873e-02
2.366826816176226603e-02
2.268680450627798620e-02
2.167172307432205930e-02
2.064132836869618862e-02
1.960963967172730735e-02
1.858515264898309705e-02
1.758271692731687777e-02
1.660663514355662299e-02
1.566622384286143338e-02
1.476541601621262322e-02
1.390810631323700398e-02
1.309439288211787164e-02
1.232340539017570333e-02
1.159319490241493729e-02
1.090174395517333646e-02
1.024640647510571129e-02
9.626741217141557630e-03
9.042133812351619074e-03
8.489436318149455943e-03
7.971971083855122070e-03
7.484240835884579078e-03
7.030755124759226898e-03
6.608071291787683509e-03
6.214213555107869942e-03
5.847926681667742904e-03
5.505568254540115294e-03
5.188829813739372597e-03
4.891667840031928283e-03
4.614252743015707231e-03
4.353972499186937670e-03
4.109935934660777918e-03
3.878909359543110391e-03
3.661187103821588688e-03
3.454089191246376839e-03
3.256791833187128865e-03
3.069420469961439343e-03
2.889877456125439833e-03
2.717357523010560313e-03
2.551944895453115304e-03
2.392855863004609770e-03
2.239837368454537011e-03
2.080839058587689080e-03
1.941278802753388126e-03
2.087609408315380891e-03
1.662231689321420599e-03
1.126495120217394560e-03
1.411748608345063990e-03
1.443586145915765106e-03
1.195051497461416604e-03
1.108147140628830277e-03
1.007072039718414670e-03
9.386242096141926387e-04
8.267663452249547889e-04
7.835966980115704290e-04
7.504348610284309728e-04
6.455108892831469764e-04
5.569790963102223651e-04
5.198919683167569370e-04
3.002156974963585741e-04
4.073297517297299534e-04
3.497823989820853050e-04
3.012760699837783822e-04
2.749662976266698607e-04
2.198496624666926020e-04
2.083266582222927760e-04
3.568047509300257430e-04
1.761418933665826077e-04
1.736608809935508038e-04
1.870839936883898704e-04
1.947518766410657890e-04
4.342803257734115523e-04
2.333515300451734112e-04
3.156465007157951540e-04
2.449052053290979225e-04
3.064248169276899566e-04
3.551937978882210552e-04
3.617430052657297831e-04
3.140230353424282284e-04
3.642012573068827011e-04
2.217088989801209073e-04
4.034681709804400726e-04
3.841673511227034865e-04
2.433983498815485414e-04
3.921551133437417157e-04
3.977802897664574409e-04
4.000529655771858863e-04
3.784588993535063545e-04
3.793830857179573187e-04
3.457645148771999895e-04
4.308679332801243858e-04
2.836930542624547277e-04
2.974042970610765572e-04
3.273453720068539687e-04
2.534333359062419604e-04
4.084772408994976419e-04
1.274064086927326114e-03
2.325310863226933106e-04
3.733894096509324375e-04
3.749471140259867728e-04
2.067015494127235936e-04
4.096784115589158703e-04
4.432024000317165901e-04
3.194269984810413246e-04
1.258481724850089064e-04
3.406405224653617368e-04
9.411420444980234394e-05
6.591050903001427963e-04
1.209339218993754584e-04
1.205520654144294143e-04
1.955045389646122966e-04
1.042019661005964143e-04
7.230831312442824118e-05
4.488299637568701349e-04
8.705279365146105801e-05
8.855797666029419600e-05
3.637912992427606439e-04
1.099304909187970953e-04
9.273922237886339189e-05
4.883679242746532547e-05
6.938530673947506137e-05
1.848043644238163202e-04
1.336737892529801157e-04
1.130184256771282384e-04
1.154939656404949881e-04
1.049958308765892986e-04
1.172400068400446124e-04
1.460695113408578129e-04
2.409226120131974127e-04
4.124405895759826273e-04
2.244656571614678481e-04
7.600880280463339364e-05
1.803011996426116131e-04
9.243246838600033971e-05
9.328644628502256401e-04
3.261304323100911232e-05
3.632058345112551865e-05
2.021139904551082396e-03
1.010346720673897179e-04
2.936397764853048722e-04
2.132448062848703242e-04
1.508854194750742399e-04
8.628251881672483912e-04
2.910932680851640664e-04
2.942769750117161663e-04
1.772695976835089401e-04
6.625466509606411263e-05
3.314185929884452299e-05
1.679447653207118097e-04
4.121647255659594526e-05
2.116432267947431888e-04
2.973952608355176757e-04
3.078960597419305267e-04
1.398024211172322728e-04
3.643451465490968821e-04
1.504202565009881603e-04
6.916729266661697159e-05
5.829905075192936404e-05
2.709507227007852291e-04
5.786833751328871584e-05
7.991909085708002981e-05
3.255822619122209025e-04
2.904424192266902635e-05
1.548494865752833550e-04
2.454210598707398224e-05
3.782494641145391485e-05
1.506270380481674741e-04
1.249776699409722923e-04
1.127033252049630782e-04
3.236162859694996806e-05
6.357984216420768306e-05
8.995412491862886948e-04
1.349021248186519457e-04
1.760562922100220853e-04
6.109424096258311994e-05
3.490400098039536073e-05
4.430907059100636265e-04
6.840746399602479991e-05
2.790109109773152707e-05
2.264669209140591046e-04
3.178169295624606503e-04
3.055146135926555830e-04
3.644301090732040335e-04
4.686119275452132332e-04
3.008378108762276883e-04
4.691210120218383418e-05
2.560812256901243074e-05
5.692006650081946279e-05
1.575845215787158196e-04
4.694415475949096500e-05
1.467353081011377256e-04
8.069768632628493811e-04
1.943073465549325187e-04
2.280526523507421215e-05
6.141729843786918280e-05
5.641514756154446383e-04
3.589027413595816075e-04
3.984019254599572673e-05
3.942982008728776287e-05
2.048499433009598079e-04
5.684560225741610261e-04
1.301795079174355020e-04
2.748300440024240558e-05
4.247232596067697759e-05
1.201967121809872485e-03
3.682483129430171102e-05
7.452964534783409524e-05
1.892051099899185287e-04
5.025750533876440287e-04
4.722140585112446663e-04
1.523588739285398669e-04
1.211283719938868622e-04
2.424828629740737658e-04
1.158737152536988861e-03
7.118401323119316084e-05
7.363833929283827157e-04
1.119818624006732859e-03
1.450265923258169251e-04
8.282513547570823347e-04
2.435023725964387630e-05
2.666406952589459099e-04
7.064414645299282305e-05
4.199151388726536725e-05
1.143747227322345055e-04
7.453270377135706032e-04
3.515801436405575290e-05
4.295750624854346116e-05
2.125430249586962776e-05
8.220178046649878265e-05
5.685921575856879275e-05
6.789902282739044203e-04
1.894325244746402975e-04
2.240844676822819985e-04
6.689145171777347736e-05
1.798315326087207241e-04
1.489854922681505022e-04
4.744051884558928814e-05
3.118985836392661762e-05
9.427784255983786069e-04
4.149089623694960163e-05
7.984651673262714024e-05
1.716949009360065406e-03
3.440795947991459277e-04
2.183646947708595286e-05
1.140511316978598891e-04
3.181666924122674177e-05
3.024853167290883317e-05
1.483553811350853558e-03
2.054239446181354092e-04
5.987735448034662916e-05
3.041855390339312623e-04
4.475660610598939613e-05
7.565030532655112007e-05
7.103624477556433532e-05
7.669315681982777008e-04
9.981908057379398382e-04
6.355684418841211288e-05
7.688403660261457987e-05
1.400484525727412847e-04
7.575191198650783756e-05
3.233670133084732971e-05
3.768263789495337400e-05
3.153696493160832777e-05
3.095040308430556993e-04
1.017659405898464872e-04
4.372091335000884605e-05
8.859769005195248777e-05
1.023768918111091426e-04
8.102694587969278754e-05
4.309379408935576166e-04
8.967367735166560834e-04
4.602656248669791898e-04
