8.984013387291108765e-01
7.818316823898617818e-01
1.942753476165168802e+00
1.509831180824649399e+00
1.064447883098627701e+00
7.301710781187822352e-01
4.938199084331365007e-01
3.324410715873645783e-01
2.242152465519586246e-01
1.526738147555954661e-01
1.056753652653864284e-01
7.458280641739874206e-02
5.380333687353244798e-02
3.980876928038007412e-02
3.029971134033332403e-02
2.374588890688256876e-02
1.913647791307593674e-02
1.649065029171303126e-02
1.334418642167355812e-02
8.621895106146023474e-03
9.983372202221368896e-03
9.119732168178162554e-03
7.988289049356346247e-03
7.091303541447814725e-03
6.207834287400758322e-03
5.805755241461159344e-03
8.128456459750826868e-03
4.802583405064766477e-03
7.444443078734762874e-03
4.026929765356957770e-03
1.034333136350626230e-02
3.345289154535286032e-03
6.652396652736639569e-03
2.730812896924668214e-03
1.667580455840018397e-03
1.497234662158165169e-03
2.172329004905757411e-03
1.358531070551937184e-03
1.713328021672482675e-03
1.374402155693530162e-03
1.423217805988259916e-03
3.731742941825388210e-03
5.012020722658258598e-03
1.859478187827409137e-03
6.253089694631501494e-04
1.032173747546982594e-03
2.899094439311621866e-03
9.523841153785097191e-04
7.732695914685053977e-04
8.714102076807167876e-04
8.450297780299303313e-03
8.470218449254841506e-03
2.397096372645585866e-03
8.605331746577570299e-04
6.506279138034778498e-04
8.770179783288225856e-04
5.978117257241439327e-04
4.907351619288881145e-04
6.065474550958140391e-04
6.557401745605530036e-04
6.943929430848080030e-04
8.035349073464442436e-04
2.291442669749155312e-03
1.744089518148330114e-03
8.120424202509891887e-03
9.118045499278440392e-04
7.416535061579064905e-04
9.088314110652675722e-04
1.269478710743897430e-03
3.657310178786267463e-03
6.010435098957898686e-04
1.145577503878368077e-02
1.165745439951473188e-03
5.960599956610699961e-03
1.970600563699634582e-03
1.024147602710731575e-03
1.237313744548921082e-03
1.626619356411495524e-03
2.152645389166794616e-03
7.753269917245117666e-04
8.667054697003178688e-04
1.729469424502476545e-03
1.037347428034561666e-03
1.633070592140309146e-03
3.105002460161674326e-03
1.073291676523037332e-03
1.056159435886195935e-03
8.374755019100614539e-03
1.499931318481602773e-03
3.887645624449654214e-03
8.371506731043264465e-04
6.539757433935181399e-03
2.231486461809943124e-03
1.413384344519084219e-03
1.077571746470719479e-03
2.007485913073113037e-03
2.639810101696453588e-03
2.345972351242098328e-03
6.066390330294153203e-04
3.488881718962312094e-03
1.311994798786435355e-03
7.660816802857061845e-04
1.075257900279657283e-03
4.953096829771357675e-04
5.037232652426120935e-03
1.735032148760022814e-03
9.803928627909179894e-04
1.281016268663828870e-03
7.651281466219561232e-04
7.737578217496761434e-04
8.702164506554071338e-04
1.165028326936349765e-03
9.800135103648270705e-04
2.647292423773509214e-03
3.627095481481466561e-03
5.593580964625869539e-03
3.138040517916587582e-03
1.143804049130135074e-03
8.796065518680011748e-04
2.491629723146194381e-03
2.055116024133764492e-03
3.537421826580928498e-03
2.225023331244439014e-03
8.710163357642480668e-04
1.925648272853629087e-03
2.046778469992343620e-03
7.006373492453127306e-04
3.643742643540482350e-03
2.120188404274294443e-03
1.008985015856080775e-03
1.640221758861446421e-03
1.447395552494876430e-03
7.158980934458403569e-03
3.503040483341338541e-03
2.580771468210105602e-03
3.216460839320867994e-03
1.081026575808639390e-03
1.646232372558963358e-03
8.541040097816125385e-04
1.180984181568197917e-03
3.607554698905448502e-03
2.221153225665623357e-03
5.884072098056210461e-03
6.712481477066614688e-03
2.937191031965548718e-03
9.189240161996669329e-04
6.114286245159500366e-03
3.070284800286147628e-03
3.494342907048830684e-03
1.418189213873566898e-03
9.136590613562598504e-04
9.335088130984597584e-04
3.181362312660591940e-03
7.898303396547200856e-04
1.788426620456123406e-03
1.066770945753543927e-03
8.136873668285030808e-03
2.416241060929626757e-03
1.788958780893240693e-03
1.893244457588922573e-03
5.620474908181443546e-03
2.316465281268666101e-03
6.640696085050918967e-04
1.173387471540152755e-03
1.038493999592083944e-03
7.402250880298078982e-04
1.376956682570730766e-03
2.819672677076391545e-03
7.009051413960428085e-04
1.171132467838468562e-03
8.877673825618246934e-04
4.306023861872006891e-03
7.960836916611999407e-04
1.405811850672360544e-03
8.708547189766969792e-04
1.072830551027150652e-03
1.118455458040803173e-03
9.866249856035436226e-04
6.886906697645731696e-04
9.640126195046262942e-04
1.125707013914515036e-03
1.368097561057763810e-03
2.713982242428301592e-03
4.533988690583694477e-03
1.125444801501883493e-03
9.726861355019703797e-04
1.105525600163029080e-03
8.885721673811856425e-04
1.405390659036472164e-03
8.506849830924366560e-04
1.548114897009782599e-03
9.914443589806576623e-04
1.162856653670952308e-03
6.026291902403725339e-04
5.368127593688267266e-03
3.319084505634591412e-03
2.143873763983130797e-03
2.257103405277881454e-03
5.870948716655414665e-03
6.355060754961460584e-03
8.417581487559777642e-04
9.324850860975654248e-04
4.325103048073638558e-04
7.642147224138051394e-04
1.065732725834504487e-03
1.345392291739497086e-03
1.689565881131410751e-03
1.016232859463822970e-03
2.788150127706674319e-03
1.467079583358948426e-03
8.509682336836604365e-04
1.296166842892775397e-03
2.638118159900836122e-03
1.533724945195323900e-03
1.052174380300870127e-03
1.095097049153470961e-03
1.004330263986437420e-03
2.029681687556739167e-03
6.010250226916198906e-04
1.158749247013452378e-03
6.776244719199516191e-04
1.127281216909080484e-03
2.306439653528264463e-03
1.186833226947497672e-03
1.076738359199152454e-03
2.135048674214913133e-03
1.912841901981758141e-03
2.241728211004189938e-03
6.972981723016150914e-04
8.927846927850618302e-04
3.742510201869899810e-03
2.094082313778430036e-03
1.832573524470354834e-03
8.721033197831864169e-04
2.252349551527781622e-03
1.286302416575558789e-03
7.952868879319813884e-04
1.040865447491238268e-03
2.754639230630887784e-03
7.118394594912311147e-04
9.933913131578984198e-04
8.617326376900755853e-04
1.232496236544497773e-03
1.932008018720077821e-03
2.308692644375092556e-03
1.460156252443881768e-03
1.127665265629752053e-03
7.333764557200013121e-03
7.538252570797815758e-04
7.818787519552874900e-04
6.347971793879761404e-04
9.998706858449113877e-04
1.306816241543866212e-03
1.025244340844051576e-03
7.729121562403708495e-04
1.689045896723932001e-03
1.280061808942417915e-03
1.675367990370233177e-03
4.117646685662485102e-03
8.638585205012822748e-04
8.062783393528803310e-04
1.271950727083481954e-03
1.785961848900715753e-03
7.126584946170869996e-04
2.512333030161590514e-03
1.593901965500035605e-03
1.019386968327802220e-03
1.880781312239137313e-03
3.348031803626573284e-03
1.534528500663030412e-03
4.337116206967430083e-04
8.660649206406604347e-04
7.330772293188842501e-04
6.815748488468229135e-04
8.916487078075913857e-04
2.036060007028298209e-03
1.188692428543719048e-03
4.320665165768403245e-04
2.386750807194134866e-03
3.557766800542137321e-03
5.405462518138561554e-04
1.020535673373606806e-03
1.303145708385001827e-03
1.214752982348732023e-03
1.827839992109563929e-03
2.110815425724087320e-03
7.861792809887053080e-04
1.764466632580747457e-03
8.766592844040931682e-04
6.978883702204354954e-04
2.364094818951130179e-03
2.840461525807734013e-03
5.879763434264016113e-04
3.438040328308312240e-04
1.118355092931160510e-03
6.943327214750174029e-04
7.489528858107070064e-04
9.994980942466692025e-04
5.374269684789929934e-04
7.369232725903253171e-04
