1.004281440264345182e+00
9.510812443870058086e-01
2.570143291766565863e+00
1.669814413252788121e+00
2.263190206517140535e+00
2.731146991780670330e+00
2.793270209481709454e+00
2.698662093127789152e+00
2.637788371567712620e+00
2.553844481121450016e+00
2.510997692807675818e+00
2.482546864594275426e+00
2.409320981380930871e+00
3.305144339183327062e+00
3.387755118650663366e+00
3.234085680755857339e+00
3.067837406579816850e+00
2.920476548590175359e+00
2.783345633589599188e+00
2.649957959689581255e+00
2.518967149173938935e+00
2.390624793221951094e+00
2.264266408460376745e+00
2.140530520426721317e+00
2.006862487279531315e+00
1.877609682820243764e+00
1.779026866081161451e+00
1.661492064939501745e+00
1.539971360024321223e+00
1.434133577234152357e+00
1.314821513771819328e+00
1.233160830371953232e+00
1.136160463672031495e+00
1.060984918800694343e+00
9.644260566226453557e-01
8.854736657990468496e-01
8.087960800538446238e-01
7.399495453186732963e-01
6.746881585564348249e-01
6.138057656767031967e-01
5.736394173909414862e-01
5.188813504834988155e-01
4.630630346525718144e-01
4.277670056928051801e-01
3.839472626384888843e-01
3.486484867138363586e-01
3.180159221774779832e-01
2.927657526091640983e-01
2.708532832996948803e-01
2.515410384221166695e-01
2.311510795192214252e-01
2.126529528293048532e-01
1.934654558415051517e-01
1.876697545002233292e-01
1.755394538735305932e-01
1.641538387266880672e-01
1.650922941806705069e-01
1.524870322026902203e-01
1.463480366395075727e-01
1.427848217716916335e-01
1.421326562870142418e-01
1.314645620178600538e-01
1.490580844194057397e-01
1.356833281224330279e-01
1.558195111314654990e-01
1.190664128965039370e-01
1.257387385936792057e-01
1.274445633475861928e-01
1.254641985393469272e-01
1.223144436620574316e-01
1.226105544416486309e-01
1.230323775533833791e-01
1.394070884053085213e-01
1.146096087495994675e-01
1.188504178121275179e-01
1.189201840142909833e-01
1.186517195459213803e-01
1.308856063109972434e-01
1.179836848953691453e-01
1.225201774488197670e-01
1.300581341125257584e-01
1.183972812512195660e-01
1.133173260486323858e-01
1.350382194666975288e-01
1.200594261447189282e-01
1.167360585061147649e-01
1.218293351388553686e-01
1.233618029038899555e-01
1.434640718982811702e-01
1.468286854956527832e-01
1.193861982469274080e-01
1.240412107222231969e-01
1.185753594032186026e-01
1.176584732347622925e-01
1.171268324431837121e-01
1.100274520801196310e-01
1.304397786693519690e-01
1.198246948449811361e-01
1.201733649706141077e-01
1.094643895370714659e-01
1.169587232670465382e-01
1.178705600197228476e-01
1.178039946377749808e-01
1.183502326008169375e-01
1.136488618572024101e-01
1.143461019071252277e-01
1.161904094250302000e-01
1.160456836471314701e-01
1.189691291327741041e-01
1.667708230544011350e-01
1.148124954612373266e-01
1.182802089555532038e-01
1.150542830784671150e-01
1.140479187916340759e-01
1.183400306963360432e-01
1.161906118692085654e-01
1.146735921085801219e-01
1.154975632292654236e-01
1.137396070293091171e-01
1.157080735862982684e-01
1.116545044956730043e-01
1.408936027867766505e-01
1.230852763167029768e-01
1.129338162936590340e-01
1.138976541986422286e-01
1.263903400308812874e-01
1.156566756724961009e-01
1.128944381622647569e-01
1.183667242448901563e-01
1.423903086520603434e-01
1.045429302453859538e-01
1.120618687664998586e-01
1.120055092451687634e-01
1.077955183771312081e-01
1.112243943341532648e-01
1.131074764865640653e-01
1.124060254524860969e-01
1.139096051133232368e-01
1.309724084998452331e-01
1.102254538724345978e-01
1.161282801930374892e-01
1.150879387425429723e-01
1.037757891286259643e-01
1.101595202859779465e-01
1.112549297379652330e-01
1.123250773391728796e-01
1.094498889814602138e-01
1.168883412114705977e-01
1.110418365515956213e-01
1.079411945953502733e-01
1.197938616510391963e-01
1.127799612432080489e-01
1.089299730342108835e-01
1.127797377791193711e-01
1.213586863739191529e-01
1.150442477474350050e-01
1.248629905537654294e-01
1.111766513878215817e-01
1.105954189595943216e-01
1.106636655132410690e-01
1.098556967756492281e-01
1.122751055372573636e-01
1.091832521905210657e-01
1.098314029702681244e-01
1.048600113840557346e-01
1.603516175732730142e-01
1.102048764619369819e-01
1.150071537683067940e-01
1.107093810029758513e-01
1.128895148968341450e-01
1.278693236547737422e-01
1.270505758929690032e-01
1.073196812397219924e-01
1.055183523706559462e-01
1.165490319282281861e-01
1.230953430919975028e-01
1.413187586695552056e-01
1.218221690628908255e-01
1.025313047701386371e-01
1.032121590570287128e-01
1.154347471849102164e-01
1.305878581659228876e-01
1.306399583609395565e-01
1.136623213793714060e-01
1.107690089946284512e-01
1.082469500940243939e-01
1.057176200114905013e-01
1.076633952934598903e-01
1.123076749629331600e-01
1.126923790940711628e-01
1.156532803561422240e-01
1.152850511063028965e-01
1.212468005421381834e-01
1.184132361388429561e-01
1.134659951307542408e-01
1.152023660573666258e-01
1.255802288906980313e-01
1.111318034979895814e-01
1.294257219985756879e-01
1.117064104954166581e-01
1.095284096114391287e-01
1.109425187658108214e-01
1.200430425960675035e-01
1.379978356277716534e-01
1.153487594392460236e-01
1.225495592262421801e-01
1.118024323062670189e-01
1.253940214590044677e-01
1.468904577443863879e-01
1.381057644955641095e-01
1.101316360914552234e-01
9.930118923724071123e-02
1.167399357377994357e-01
1.095001332218293322e-01
1.118340760872450629e-01
1.088185842213418575e-01
1.296121649468034431e-01
1.261491320359350021e-01
1.156159538330849973e-01
1.159946523046776479e-01
1.267949335679070255e-01
1.491257274529957100e-01
1.141620047273018967e-01
1.146727438328145193e-01
1.154203232317758815e-01
1.143421234135055253e-01
1.156193592701442174e-01
1.130753878764996084e-01
1.158676357534610818e-01
1.242153317578116867e-01
1.103546917079090139e-01
1.319516436922558711e-01
9.803500910016856029e-02
1.145805179451237221e-01
1.116915313270544635e-01
1.136008875587050104e-01
1.182049749414716550e-01
1.096144109517413617e-01
1.021820356793837897e-01
9.792649107883130699e-02
1.212608875872259878e-01
1.092637151134677187e-01
1.111546673110429956e-01
1.168741296635253113e-01
1.134609626488060213e-01
1.319358943620611846e-01
1.135404529604139429e-01
1.159681804360189333e-01
1.393913245904780662e-01
1.073935729984973053e-01
1.077280462881385070e-01
1.137650626847975383e-01
1.195223895217400051e-01
1.137437451432253832e-01
1.113239033525296046e-01
1.211995943366307310e-01
1.417485374017579680e-01
1.164453840694316400e-01
1.134123961132708497e-01
1.112280567141517990e-01
1.232807114351689576e-01
1.181057809837580408e-01
1.165757658452938883e-01
1.239507171964716742e-01
1.123630429262030411e-01
1.137896716667943786e-01
1.167065025033249825e-01
1.220887541857530040e-01
1.248592010066335717e-01
1.143098808439367148e-01
1.211745280762432236e-01
1.072450267269187824e-01
1.400479591511946398e-01
1.253535824630610529e-01
1.166663716377639576e-01
1.154668360768059676e-01
1.138152423355842380e-01
1.161930929078543867e-01
1.155576750089718774e-01
1.361548777311454850e-01
1.408958576207872959e-01
1.187324276364427611e-01
1.180373019537587775e-01
1.148032092658789055e-01
1.175761480821962274e-01
1.056508791834331190e-01
1.430272977677500001e-01
1.409157918140419019e-01
1.150468337373081879e-01
1.117646567402927199e-01
1.153084310713342608e-01
1.227529445367336741e-01
1.231869028114247894e-01
1.592710122991342903e-01
1.148888780779534213e-01
1.058315551920615827e-01
1.288177130597641384e-01
1.171862493175705316e-01
1.134209261662603579e-01
1.163482096755505402e-01
