1.198053357253933582e+00
1.107920295299451574e+00
1.292239718352389932e+00
1.666724639457663804e+00
1.240945923652063687e+00
1.021444089468378946e+00
1.048527031545676946e+00
1.083738682024702582e+00
1.049363379209727443e+00
1.044534214068400191e+00
1.053922925411589384e+00
1.209835231564347469e+00
1.533283018126401664e+00
1.739028773448814791e+00
1.715000893699849094e+00
1.528947701330644726e+00
1.409755858896946989e+00
1.580264887112312389e+00
1.982231432320647802e+00
2.336162912644153877e+00
2.569660981005527312e+00
2.651646859998452843e+00
2.636155946006920381e+00
2.524966020551420165e+00
2.361804199904319557e+00
2.181164015184569926e+00
2.042878517795892357e+00
1.991595251990554871e+00
2.057138376313855321e+00
2.222224541874630699e+00
2.480600190605591671e+00
2.808845055923070877e+00
3.145695926226926176e+00
3.450942712692541381e+00
3.721827149626609987e+00
3.963753911405336616e+00
4.189842065834053386e+00
4.387044971035278351e+00
4.589052012980313400e+00
4.780855883750975366e+00
4.965046404404437119e+00
5.128201773423902488e+00
5.257236961644183637e+00
5.347809261771256928e+00
5.393129121075828536e+00
5.384427113102528750e+00
5.331822416736662795e+00
5.257331362910554695e+00
5.178610795948036305e+00
5.111234826174353429e+00
5.049267847692481048e+00
4.995691187098664443e+00
4.947019628381113421e+00
4.896280015393551288e+00
4.834184673097801088e+00
4.762719874625141792e+00
4.689079699577555438e+00
4.615193639078058574e+00
4.548159391011263430e+00
4.505400581095741153e+00
4.490392484368268988e+00
4.512499064185277575e+00
4.565487509832008683e+00
4.639122757512409656e+00
4.728701403168283690e+00
4.833935881113506028e+00
4.938754865129610039e+00
5.046236147911176140e+00
5.149594689437694939e+00
5.254035970493682761e+00
5.366825771184377203e+00
5.478634766344631757e+00
5.588183458498772183e+00
5.692475911151143819e+00
5.789178653781462458e+00
5.881403802185503515e+00
5.967198501419583856e+00
6.043330048746025973e+00
6.116241958000321333e+00
6.186278788211149404e+00
6.242740312289817517e+00
6.295547338387151193e+00
6.331818926584519502e+00
6.359835513625771597e+00
6.387492429132502814e+00
6.408952994069761822e+00
6.434177796575165864e+00
6.452186694276735857e+00
6.463823570654001927e+00
6.461075314683284887e+00
6.455688622235037144e+00
6.442533057415819719e+00
6.432280542033395498e+00
6.414882290991401170e+00
6.392360594161241139e+00
6.362425117799982210e+00
6.330336343011522260e+00
6.289778186992595721e+00
6.245480372683970494e+00
6.201846197857473264e+00
6.157481084330558296e+00
6.117957816575858132e+00
6.081579976035126123e+00
6.050156713841794875e+00
6.025276178540876160e+00
6.003891451078130714e+00
5.994535714347770217e+00
5.994590442197192282e+00
6.001223178397053992e+00
6.017093805975860299e+00
6.041586186833885819e+00
6.067191752907876712e+00
6.104086659632518952e+00
6.138988637365139667e+00
6.179840325194115636e+00
6.225461024669077581e+00
6.274638119380233192e+00
6.325123939245338001e+00
6.383598858857458147e+00
6.435900351539213027e+00
6.492497474628189380e+00
6.553414635834960755e+00
6.614385234894808896e+00
6.676545177959893884e+00
6.739647144491459407e+00
6.804123032699700424e+00
6.868365767840370673e+00
6.939675586975206478e+00
7.013584210555086074e+00
7.087952694068011539e+00
7.164826845256525800e+00
7.230929852303993322e+00
7.291803500793963444e+00
7.338285127565495891e+00
7.382775833901973783e+00
7.418092858115539201e+00
7.450236547656831299e+00
7.474355106838650897e+00
7.500447976717893539e+00
7.518939643462619671e+00
7.536279469593829106e+00
7.544879765810521555e+00
7.558879533654853766e+00
7.570144790417814740e+00
7.581165242521255010e+00
7.596774449377032390e+00
7.608132835987229114e+00
7.622336323798716506e+00
7.640827865309574918e+00
7.658367963684904467e+00
7.678857187661037642e+00
7.697586268587865987e+00
7.721629507867625364e+00
7.744838742313812752e+00
7.768782481255802175e+00
7.795601589441489843e+00
7.831565962980806539e+00
7.872195059191210653e+00
7.912260389513207315e+00
7.956166658346885967e+00
8.003313120954320681e+00
8.051254575594837704e+00
8.101891356413528200e+00
8.154000275490702165e+00
8.202565030231818710e+00
8.253981061730977231e+00
8.304264186726225461e+00
8.356210218898288744e+00
8.405870300726622446e+00
8.454188290406927209e+00
8.504465267838956066e+00
8.553877560925402079e+00
8.604099575793533461e+00
8.653676152557419954e+00
8.705235766049534973e+00
8.751158071393895455e+00
8.804361184687687469e+00
8.850830988316076287e+00
8.894339413822137885e+00
8.933565847768083046e+00
8.973389589239795683e+00
9.011531064063683871e+00
9.051044747427358317e+00
9.088161529517533310e+00
9.113317815462130156e+00
9.128006584101624910e+00
9.123204205155779789e+00
9.118482914915581716e+00
9.119756487812152201e+00
9.118942019041350378e+00
9.118834559699690701e+00
9.115203301347959197e+00
9.110174370997290438e+00
9.100721444968886686e+00
9.085485060816182568e+00
9.070661296628673043e+00
9.047767708436722955e+00
9.026063427189113142e+00
9.000463562627926351e+00
8.972342111466419468e+00
8.943730299353482849e+00
8.907373215890926232e+00
8.874381617227928842e+00
8.840462630492520901e+00
8.801693184658031299e+00
8.760686788245857670e+00
8.721731487649030612e+00
8.686128643904149627e+00
8.641539895309326980e+00
8.601656128052210804e+00
8.558186728727953607e+00
8.511097274816400216e+00
8.461001362067435139e+00
8.402429822840034035e+00
8.336347620039408213e+00
8.269125394299942755e+00
8.204284433540955490e+00
8.137618899334411182e+00
8.077792003417402000e+00
8.024116411682939543e+00
7.978239118106248640e+00
7.940735383040617990e+00
7.911077011824816374e+00
7.897789861083024832e+00
7.890840801613672184e+00
7.894495156131758229e+00
7.894217508582315190e+00
7.885549768985550934e+00
7.881276409811514227e+00
7.878590682643769938e+00
7.886635489141525568e+00
7.898452161654473613e+00
7.911540856101506591e+00
7.926009366200407413e+00
7.946075848774001749e+00
7.966737408523546726e+00
7.985507940262597693e+00
8.009829244521318614e+00
8.030980084229431881e+00
8.054765422964173638e+00
8.081703059177884896e+00
8.108592252816256618e+00
8.134836074657743055e+00
8.161379912931796099e+00
8.191684055133288567e+00
8.219453719275112036e+00
8.252830644198409615e+00
8.283212079230457547e+00
8.314451028129280274e+00
8.349905927394896565e+00
8.379497458170925839e+00
8.412512409689925974e+00
8.444456717437590854e+00
8.475108770784858692e+00
8.504145409151652402e+00
8.529402015661505132e+00
8.557604437790855556e+00
8.586015423801081070e+00
8.610779302939674196e+00
8.637203746375840652e+00
8.659029478627914500e+00
8.684290788415706785e+00
8.707555961198439221e+00
8.730424072868979479e+00
8.751384649828304774e+00
8.770556746175499185e+00
8.787858117175433748e+00
8.807542161923073820e+00
8.824723214924066639e+00
8.840828823780615409e+00
8.856511574085232041e+00
8.868747220519281882e+00
8.881032435539639280e+00
8.893702482805959875e+00
8.906071918281813993e+00
8.917255986541041679e+00
8.927836095811381156e+00
8.937850741916845365e+00
8.949190879254141251e+00
8.956987861383515437e+00
8.965157690051402284e+00
8.972781952754445456e+00
8.983632600798957313e+00
8.989012353598663907e+00
8.997492054591289090e+00
9.005692596746047940e+00
9.012266129658422997e+00
9.018637119920327905e+00
9.029145651290590990e+00
9.035591606059361069e+00
9.040953540875602101e+00
9.046065794061256327e+00
9.055233005027957915e+00
9.060328495600932897e+00
9.065766975893536639e+00
9.070649246962856793e+00
9.076307983227817289e+00
9.083385518360259425e+00
9.101130734832059588e+00
9.121682030365416693e+00
