1.019918924783503211e+00
3.935065051641449596e+00
4.376998744515818274e+00
4.740245195453511862e+00
4.812992697512047613e+00
4.811416882428694031e+00
4.816693123732596504e+00
4.858176092676863789e+00
4.939062206086305196e+00
5.050273230741376906e+00
5.188772991506091614e+00
5.366816987937488292e+00
5.530726617749730067e+00
5.665949213971209986e+00
5.794408261538739779e+00
5.910741508712493264e+00
6.034365887367903802e+00
6.172683961159831867e+00
6.323259138230030274e+00
6.486896605779849168e+00
6.658924001576457030e+00
6.844808304631830431e+00
7.024063221090989018e+00
7.198687599809346693e+00
7.369436600987114616e+00
7.527111146967640387e+00
7.674945444887088186e+00
7.804008275269554318e+00
7.934362130514380773e+00
8.048927672984437010e+00
8.154059897306938254e+00
8.254324272622417524e+00
8.344204346800342620e+00
8.424973316209902308e+00
8.516671804215143027e+00
8.601781456634601142e+00
8.698827656968301625e+00
8.803021898486525387e+00
8.915971801516468176e+00
9.043148818966919578e+00
9.184997383822121719e+00
9.342445334669623236e+00
9.514941227903026544e+00
9.703087837963558115e+00
9.901501678224615688e+00
1.011159142463338334e+01
1.033577303738336539e+01
1.055990228521378427e+01
1.079508154136666853e+01
1.102549115715290640e+01
1.126161491773602208e+01
1.149475851177997043e+01
1.172776229050563757e+01
1.195333968103580524e+01
1.217610614655053958e+01
1.239581645281585409e+01
1.260687069225232015e+01
1.281533661622008147e+01
1.302170094587613569e+01
1.322162189948271127e+01
1.341764046271707045e+01
1.360708838518410246e+01
1.379277821482960853e+01
1.397875845275615525e+01
1.415546693218581176e+01
1.433749955731357240e+01
1.451411671494912525e+01
1.468703326316755842e+01
1.486347646778945375e+01
1.504016207448941067e+01
1.521421505570835464e+01
1.538993414469757681e+01
1.556348851510748155e+01
1.574535209277003567e+01
1.592877146756378970e+01
1.611265734260543070e+01
1.629170150262775252e+01
1.648645746421944835e+01
1.667904604071658881e+01
1.686879609575059646e+01
1.707104166331175676e+01
1.726953267904991307e+01
1.746940656411252846e+01
1.767261230554713691e+01
1.787616023168866519e+01
1.807834139536833007e+01
1.827692332603614744e+01
1.847231433656140709e+01
1.866579119491765582e+01
1.885374794609245086e+01
1.903011104435642054e+01
1.921390250881825068e+01
1.938303808412014106e+01
1.954404237449115200e+01
1.970120322478201658e+01
1.985098882133354081e+01
1.999154869843974680e+01
2.012468341657162441e+01
2.025849020518469246e+01
2.038324041494618299e+01
2.050307768758065308e+01
2.061670866391220969e+01
2.072912312382555911e+01
2.083584778621135669e+01
2.093685638597031584e+01
2.102646711930570333e+01
2.112176029606177963e+01
2.120785010216586386e+01
2.129496807395246805e+01
2.137166452464946076e+01
2.144922568735358226e+01
2.152313417232950954e+01
2.159593788072990250e+01
2.166081795383713882e+01
2.173509195338811395e+01
2.179871363251653804e+01
2.186342403637014442e+01
2.192905662710763437e+01
2.198751821085124192e+01
2.205128097451218139e+01
2.211298393901043369e+01
2.217243748488726851e+01
2.222669147200305062e+01
2.229710801408951326e+01
2.235390781169940411e+01
2.241618738173349712e+01
2.248168187440496624e+01
2.253923316429230184e+01
2.260901198655299993e+01
2.267166197775418368e+01
2.273545237059884983e+01
2.279620836208902901e+01
2.286630102099732298e+01
2.293524156955814064e+01
2.300048674993106346e+01
2.306880790364585820e+01
2.314084689557389041e+01
2.320150982267119133e+01
2.326990275064099833e+01
2.334602059464383572e+01
2.341473439058611561e+01
2.348578508048930047e+01
2.355766036777532335e+01
2.363450001005378098e+01
2.370651196653964021e+01
2.378009242818688662e+01
2.385506655946582555e+01
2.393171272122210169e+01
2.400358370087119297e+01
2.408025286583387015e+01
2.415016343138232813e+01
2.422649672607739291e+01
2.429494838769776521e+01
2.436890960666868367e+01
2.444671550741097832e+01
2.451513466420671250e+01
2.458355753916811537e+01
2.465316080473105487e+01
2.472406945602175199e+01
2.479440263398787181e+01
2.485406118052721425e+01
2.492399079391422134e+01
2.498718899640023849e+01
2.504403356951700488e+01
2.510036346511512306e+01
2.516390402219510136e+01
2.521655529968214893e+01
2.527369809710682347e+01
2.533056890235774361e+01
2.537658295269244491e+01
2.542142217723010944e+01
2.546834615657307310e+01
2.551843745936030672e+01
2.555980153816637213e+01
2.560371534524085035e+01
2.563999118186928428e+01
2.567767034437718721e+01
2.571784519740746333e+01
2.575513727040892675e+01
2.578843813428226639e+01
2.581829812996166851e+01
2.585292076127194605e+01
2.588671937093591779e+01
2.590910610576678863e+01
2.593251137899713399e+01
2.596011138033361476e+01
2.598261468612324876e+01
2.600447750585798445e+01
2.602500850957724765e+01
2.604139466176471984e+01
2.605697821844230688e+01
2.607184529595192402e+01
2.608754191690394819e+01
2.610041459608953929e+01
2.610919700819887268e+01
2.611705297066562181e+01
2.612693485353290868e+01
2.613334087125650385e+01
2.613584915831354394e+01
2.614405353804075105e+01
2.615359653301144149e+01
2.615065095894909319e+01
2.615890459270923074e+01
2.615914716300157039e+01
2.616305544369332026e+01
2.616379212133038124e+01
2.616888045251210926e+01
2.617143022418195741e+01
2.616907660619310150e+01
2.617436289221797452e+01
2.617696134176420841e+01
2.618061198267086809e+01
2.618468885855809702e+01
2.618702826903691872e+01
2.619562848267037936e+01
2.619937211844774083e+01
2.619963564530101507e+01
2.620558991354937106e+01
2.621106515148097671e+01
2.621474721117737872e+01
2.621832215992313664e+01
2.622119762936308973e+01
2.622787960888125625e+01
2.623302993221468782e+01
2.623326116016721699e+01
2.624134538644302239e+01
2.624254992772407391e+01
2.624820689546124441e+01
2.624983452681464513e+01
2.625540790333215568e+01
2.625590473209866360e+01
2.625403469849608840e+01
2.626146242847912049e+01
2.626230497753676119e+01
2.626463434572196576e+01
2.626718476660515833e+01
2.626729912396260502e+01
2.627282333267110204e+01
2.627684391082078008e+01
2.628149193980592102e+01
2.628461307860902707e+01
2.628085072966189983e+01
2.628368764767740373e+01
2.628100623207784992e+01
2.628479418038484283e+01
2.629090962298268153e+01
2.629130438349476151e+01
2.629025774551455186e+01
2.629335959639631426e+01
2.629419621667268814e+01
2.629048564604039839e+01
2.628933983213380188e+01
2.629008643938563239e+01
2.628994058069472928e+01
2.628202386736558438e+01
2.628368843192482984e+01
2.628290665871311660e+01
2.627757716555810674e+01
2.627495795272639967e+01
2.626811571621892227e+01
2.626698468897059513e+01
2.626081816465201513e+01
2.625527305177666193e+01
2.625113063668243640e+01
2.624619051707128037e+01
2.623637266570644044e+01
2.623110890461025235e+01
2.622200177335791693e+01
2.621751898576231454e+01
2.620870553712575912e+01
2.620209746707512721e+01
2.619217615820482337e+01
2.618503343126956295e+01
2.617505296632577583e+01
2.616259523541420151e+01
2.615687399067610741e+01
2.614558881598323481e+01
2.613526700323931706e+01
2.612515434150121862e+01
2.611271617806798417e+01
2.610306770673062715e+01
2.609173318601015623e+01
2.608063998102917580e+01
2.606888174255754720e+01
2.605324313635162170e+01
2.604382624383039868e+01
2.602915290309269736e+01
2.601532661095961885e+01
2.600564444342289505e+01
2.598894512457990658e+01
2.597855941651090106e+01
2.596260401795328931e+01
2.594904255656211234e+01
2.593155710083696519e+01
2.592289390292363294e+01
2.590741833171183117e+01
2.589380283671131622e+01
2.588121248217250780e+01
2.586244829845867699e+01
2.585155494167996082e+01
