8.811488773364846150e-01
4.269268761828033387e-01
1.336125942159194668e+00
1.478848216784813152e+00
9.812863492331154180e-01
6.454804665986678680e-01
4.258892453138600764e-01
2.835808727498622672e-01
1.937574588555483202e-01
1.378970073788586270e-01
1.029212078457200225e-01
8.025518689026885089e-02
6.470066130646637270e-02
5.338037752076579129e-02
4.481018266068300532e-02
3.820036058955150748e-02
3.305771017890700436e-02
2.902002177199966906e-02
2.580807249487543018e-02
2.321179422938444287e-02
2.107541064771179667e-02
1.929224707602354358e-02
1.778486311349108256e-02
1.649941587744766305e-02
1.547620038869680636e-02
1.447685330986099410e-02
1.356331287211458986e-02
1.283100424049745183e-02
1.226676007811806392e-02
1.152537716002356195e-02
1.114751993226744016e-02
1.092185106842060056e-02
1.016416615152895483e-02
8.326277159419746485e-03
9.246847382087898526e-03
6.729268294718036489e-03
8.408836963775440793e-03
7.915250381598824131e-03
7.471136762085388468e-03
7.258519890254204292e-03
7.942566826801836927e-03
6.807229325482322228e-03
5.584877347635478807e-03
4.276751601030046555e-03
5.557711804125460564e-03
6.831006900779017926e-03
5.073142714960949921e-03
4.844619017799168051e-03
2.944315530687494683e-03
3.878938124613034912e-03
2.066835893305869320e-03
2.747881137766818114e-03
3.868310886886462512e-03
3.275028308877028695e-03
3.883695490882676897e-03
3.519108118924496077e-03
3.646400903183680785e-03
2.308247370058330583e-03
2.080328568128645902e-03
3.253309757561076605e-03
4.115149393246091310e-03
3.856849134743743374e-03
2.243452121024081328e-03
2.293170903045222558e-03
1.062877374016793063e-03
2.536195246070415982e-03
5.124978220040608649e-03
6.007588391401104573e-03
1.535713735100530108e-03
1.326674175759211347e-03
1.211930819141488749e-03
3.799078106830745642e-03
2.561621763439697781e-03
1.325279692494851780e-03
2.716449269229536789e-03
6.057724930626293266e-04
1.097413898056754170e-03
7.397334794874241282e-03
4.668651365733463704e-03
1.429066445397294020e-03
1.515291867576573723e-03
1.136361581704701347e-03
7.912235027786077794e-04
7.850803402003440901e-04
1.179150356938038057e-03
4.040778561643147866e-03
1.445313665830814248e-03
1.880148293832025874e-03
4.196039440157921761e-03
1.977268054712497461e-03
3.595847417178574344e-03
4.131317986719736752e-04
7.970336331466039903e-04
7.016556080437481944e-04
5.210121486856742921e-04
1.458709461938696803e-03
9.432628109293736147e-04
1.022875197263527908e-03
3.644871509770830197e-03
4.188725883307091447e-03
1.689893436738767584e-03
1.187875362160241161e-03
4.839862722282684080e-04
8.119030871817528063e-04
1.552946107712041470e-03
1.091066512191108230e-03
8.932819493851556700e-04
4.328990612064054938e-04
3.747482572632562683e-04
2.726279983006320295e-03
4.961147583686397779e-04
8.101189521496300963e-03
1.768550278246724949e-03
9.593065976154468684e-04
1.078616054578456027e-03
1.011527259591556063e-03
2.971936548883132956e-04
1.080571426047475083e-03
6.680636330803378176e-04
4.433665721805002749e-03
1.718153786622374267e-03
4.831028481429871894e-03
8.933248199724031554e-04
1.989429421315295175e-03
1.577275286679604045e-03
2.496551174359130064e-03
6.489107405268351031e-04
7.586014693040721898e-04
6.345508026323739767e-04
1.000541038591483715e-03
1.610852260363666898e-03
3.810416861568005371e-03
1.664998535712306112e-03
3.498429390584277543e-04
6.699589970514560795e-03
8.004976949197084232e-04
8.709500602268532366e-04
1.412529370135601897e-03
1.169915483034182201e-03
4.282661783043314866e-04
5.510961624916601090e-03
1.063363458472224056e-03
7.164963716303031534e-03
5.787649859953393613e-04
7.124390571848871834e-04
2.626337624921701698e-04
8.937339636234670074e-04
5.432168222265161594e-04
2.096185073542904814e-03
1.102141100864355717e-04
2.911187551016028137e-04
2.737255291041446655e-04
1.212741886627129525e-04
3.119577625739853167e-04
2.183695957696442803e-03
3.751675543637271589e-04
1.679798978885416877e-04
2.295005311727730244e-04
2.376138558400418919e-04
1.533620936710738947e-04
8.348508936891013915e-04
8.269033141514423079e-04
1.506439227889450191e-03
2.660131814548436988e-03
7.456580994698047433e-04
1.122049027113231762e-03
7.768136413161952488e-04
8.682471834772756327e-04
6.221308495027038938e-04
3.339693681741352630e-04
6.058167761404961802e-04
6.826498647826301789e-04
1.817944266933439268e-03
3.170875022370417450e-04
2.711757018418715307e-04
2.346343754071420623e-03
3.546244491948178854e-03
5.752094745852001602e-04
1.919520075919277184e-04
3.943877164406013472e-04
5.001474113961100433e-04
2.898235255465835426e-03
5.620736017917924397e-03
8.807713513547753802e-04
3.106904206482110557e-04
3.370307531569780176e-04
8.715573570036251388e-04
9.301890273874332442e-04
4.856391925456088007e-04
5.904709161386620603e-04
5.277953263802740011e-04
2.346807763036870033e-03
8.394766827798440809e-04
4.633504720857883354e-04
4.311891666953188520e-04
2.189587931586711202e-03
2.888837573838899143e-03
7.179797366759866966e-04
4.597899236255693087e-04
4.231892494613103631e-04
6.753664551326865823e-04
1.432924039373798192e-03
4.460655467153291963e-04
5.087687058305518208e-04
4.333220387140699638e-04
4.795440570984852704e-04
6.229186641779347385e-04
1.305638904067419476e-03
1.492426723376880787e-03
3.860279634831101847e-04
1.359440379618234371e-03
9.850059983978695383e-04
5.666165520763748881e-04
5.016487091004175362e-04
3.070671427839644541e-04
5.089342697490839128e-04
4.310899319071369133e-03
4.323201620892233176e-04
3.490720361331964999e-04
3.055210763365134603e-03
4.395739513728821814e-04
1.910511032572856024e-03
9.863822324596594349e-04
7.027091553904729875e-04
4.945709781941746985e-03
7.194092508216016167e-04
1.901630890153216836e-03
7.528608946139279121e-04
1.121412229893728419e-03
9.721531368159881323e-04
4.534597213744934207e-04
4.287395538243190629e-04
5.492942091096699852e-04
3.838698588285382410e-04
2.385226540499856950e-03
4.308259508170348296e-04
2.686998475301857672e-03
4.306709953495116558e-04
3.550876736938215106e-04
3.856047812784685184e-04
3.692995001905732214e-04
4.468037492806104958e-04
1.278092005214881248e-03
4.232869865150534977e-04
3.931704051332897951e-04
7.743003146072501355e-03
4.391270412642268839e-04
4.247845927064352461e-04
4.246797779563737094e-04
4.688124586198995814e-04
3.413521753315099517e-04
3.497284836716947599e-04
3.782586108184652317e-03
7.971962357928449004e-04
4.587093344020226897e-04
4.063784949219741084e-04
3.936510506557590631e-04
3.346648557606060202e-04
4.281039570592298175e-04
4.716283829914760979e-03
3.988440088976187852e-04
6.621298006378910708e-04
1.698757673446828643e-03
5.839050816804983168e-04
4.822343108218586530e-04
9.094303715162746927e-04
2.883986302248617468e-03
3.897370804138479698e-04
5.281326154674171073e-04
4.432729937866842725e-04
3.654017490310256661e-03
3.558050086797227385e-04
3.905440771377065344e-04
3.852247518858357479e-04
1.585729020280121247e-03
3.553702457633369622e-04
6.015418173648057545e-04
3.753991736411334832e-04
3.069662505738823236e-04
3.215010624886602665e-04
5.151613739106276381e-03
1.514214157372224465e-03
4.164847624296833038e-04
3.412328865401967381e-04
8.988952964665132637e-04
6.500228091609591479e-04
3.550259836747746882e-04
3.759434073203784914e-04
3.484980053052833221e-04
2.769196898366949652e-04
2.340439424079948823e-03
1.685047506726679994e-03
2.311164347142909570e-03
7.775775951751085239e-04
1.023127053651090492e-03
7.014561416569338372e-04
3.867217273003421027e-04
5.311237999951713348e-04
1.647515332225983706e-03
1.918804226125338372e-03
