1.114106723180236402e+00
7.180379336001689872e-01
2.037475914422611556e+00
2.154496869941242565e+00
2.189452627406192065e+00
2.192338113892044582e+00
2.188243243051865683e+00
2.184448464516809185e+00
2.181662839346966365e+00
2.179672355591260935e+00
2.178299202670923140e+00
2.177404605057327913e+00
2.176847461935639050e+00
2.172130148349383116e+00
2.174708693533058401e+00
2.195076812070899663e+00
2.172590240566513398e+00
2.169193363355176096e+00
2.169709625018082733e+00
2.197064376377654948e+00
2.165736174137110392e+00
2.165902478480924653e+00
2.160548121693630197e+00
2.160760617629886582e+00
2.148787126325741426e+00
2.157320202002844134e+00
2.152736434792575260e+00
2.149953601248879576e+00
2.133137554238244249e+00
2.147067457404686852e+00
2.137550045635381757e+00
2.146101515054271047e+00
2.131275029304492641e+00
2.112879574427275475e+00
2.126886878575618756e+00
2.124789334615411640e+00
2.126107038849994080e+00
2.122028325843379193e+00
2.122264733888203914e+00
2.116170382139438644e+00
2.111332200927699354e+00
2.100089837096625001e+00
2.103216069366194318e+00
2.100274843292473825e+00
2.110733015800382528e+00
2.113654779818141982e+00
2.089749056878239308e+00
2.087539678384311870e+00
2.082392891312943917e+00
2.074930949180992634e+00
2.067772773543129716e+00
2.081744358974364939e+00
2.072170862786349765e+00
2.059733769360208022e+00
2.077871916717677792e+00
2.048954149534595537e+00
2.048086713580748341e+00
2.048040649908689836e+00
2.041428735111314730e+00
2.029726820167212953e+00
2.037267936750352781e+00
2.028261205214787477e+00
2.024888696712369374e+00
2.022922499866630197e+00
2.016176282740377523e+00
2.010480985326018821e+00
2.009020331179820040e+00
2.002089778887170546e+00
2.000281510304758648e+00
1.998784713239057487e+00
1.993931276601160096e+00
1.994218902797016968e+00
1.986968572809045819e+00
1.982045815648216136e+00
1.976428398841424183e+00
1.976860378420278508e+00
1.967922903527675071e+00
1.968978079506559231e+00
1.962513526335500247e+00
1.962045654830959274e+00
1.953090431829069384e+00
1.953063131125251317e+00
1.951220266972296002e+00
1.943911806108371332e+00
1.935625903589456742e+00
1.938953763335400371e+00
1.929875321508003561e+00
1.927571301866544351e+00
1.926994779346525188e+00
1.921626508207128436e+00
1.921543911205787936e+00
1.913418890431061170e+00
1.911846778403783143e+00
1.908003764533182878e+00
1.891691043705127084e+00
1.901074183780842475e+00
1.900425773929585560e+00
1.895701449045266607e+00
1.895478653530310753e+00
1.890974809989091066e+00
1.888388014362629042e+00
1.887931133494735958e+00
1.882981373297873517e+00
1.880822292444369603e+00
1.892944322754035014e+00
1.870378038060062309e+00
1.868556553217798344e+00
1.867938804271799924e+00
1.862787144629526770e+00
1.861439722505826344e+00
1.855009141543670026e+00
1.856128089798176228e+00
1.854687207259014148e+00
1.845226066131517628e+00
1.846478948819337162e+00
1.846132869343951821e+00
1.843269542692648644e+00
1.839462731397709438e+00
1.839830589774974934e+00
1.832446135627879169e+00
1.831135671987227820e+00
1.831585066633042214e+00
1.828747242618663060e+00
1.824288968784812726e+00
1.824568256791216703e+00
1.817020869629311752e+00
1.816126141133501237e+00
1.819214368867253739e+00
1.807756425312346815e+00
1.816377269742921463e+00
1.806748919118662311e+00
1.806016108792394714e+00
1.801353849750405356e+00
1.798474698997683197e+00
1.799095370765886326e+00
1.799245324827336789e+00
1.792012626887689475e+00
1.792509874909130607e+00
1.779975001612286833e+00
1.785835104941470020e+00
1.790296519571038747e+00
1.784534044717382084e+00
1.780610781666544851e+00
1.780186297339694912e+00
1.776327620530569584e+00
1.775414037842668602e+00
1.775855109572141544e+00
1.768159729516875833e+00
1.770967546785906732e+00
1.767590498518793352e+00
1.768370030292423678e+00
1.760139377737452770e+00
1.759423883722486925e+00
1.758142725570658538e+00
1.762582218279162172e+00
1.764817856495263015e+00
1.749957223795729266e+00
1.751444018146907977e+00
1.750179231216428155e+00
1.745349084471804257e+00
1.747529577741064211e+00
1.744080682834879159e+00
1.744507780201395963e+00
1.740082828755102451e+00
1.739892087558066791e+00
1.747699716213454879e+00
1.736547259447627667e+00
1.729418550598430304e+00
1.732767959970483274e+00
1.729734819760478493e+00
1.730463405782161734e+00
1.727821319214226881e+00
1.726685690586250876e+00
1.723055153574122089e+00
1.721988721379053011e+00
1.716275598317632323e+00
1.714853603222593170e+00
1.714250707977578170e+00
1.714501397144843509e+00
1.711307117645279430e+00
1.717927440188970145e+00
1.709346410242093217e+00
1.709547070260349910e+00
1.707798621251955140e+00
1.705304644185409391e+00
1.706582432372098168e+00
1.706299978712068510e+00
1.700825819020366225e+00
1.701571195879238996e+00
1.702566519072520324e+00
1.697010781023637449e+00
1.697381265157539509e+00
1.701108734576610271e+00
1.692492118756027564e+00
1.696950643882810139e+00
1.691509175923918251e+00
1.690783113234298085e+00
1.685377710062673451e+00
1.686155963017358594e+00
1.687203520093468301e+00
1.686967890866469366e+00
1.681550657845896968e+00
1.681141885118096369e+00
1.680675238466498245e+00
1.687803037482795476e+00
1.679407353390971025e+00
1.676203978632117009e+00
1.675744141964588652e+00
1.672018742051823326e+00
1.676361434301331332e+00
1.672953923817827926e+00
1.673256001376239421e+00
1.671036178713111164e+00
1.670988444795256767e+00
1.669940433778402511e+00
1.669232991512917152e+00
1.667837466978098870e+00
1.669369386704870895e+00
1.670406239257875347e+00
1.663439365245380719e+00
1.663816923932063041e+00
1.663866848010890465e+00
1.661471827338453666e+00
1.661184295807416111e+00
1.660501761244115082e+00
1.656414468421957276e+00
1.656150953566976947e+00
1.657098625936290315e+00
1.663906284895693810e+00
1.652880268927927387e+00
1.656085067037940117e+00
1.653272288437723114e+00
1.652414620223492392e+00
1.651904059073219910e+00
1.650576749468176008e+00
1.646333991643610384e+00
1.648556397188631450e+00
1.646739976139634631e+00
1.648876949371864242e+00
1.647235459091011878e+00
1.638987390921905041e+00
1.642861469142864239e+00
1.643509684684969940e+00
1.642393557521947045e+00
1.643660169320753761e+00
1.637810727491237905e+00
1.639950310142479273e+00
1.640102659634100402e+00
1.641618242393481752e+00
1.637773571439261833e+00
1.633964590635372804e+00
1.636544956879210755e+00
1.638684504679025933e+00
1.639107522227320590e+00
1.634149140384346888e+00
1.634863184501289979e+00
1.636250678983429685e+00
1.630937878273877928e+00
1.632673064060608192e+00
1.634642903350804310e+00
1.635638462627795997e+00
1.628471097220244745e+00
1.631182657135789471e+00
1.632102274697649680e+00
1.627130098884806531e+00
1.629188225466676521e+00
1.627828436353321750e+00
1.627606388749189836e+00
1.627752151623566013e+00
1.626184764725678633e+00
1.623862175482849057e+00
1.625727218957038422e+00
1.622390564486842157e+00
1.624016305889950162e+00
1.626727864674483826e+00
1.624075033848151994e+00
1.624535267385574411e+00
1.619681871106201321e+00
1.621710950422264430e+00
1.622602066297523793e+00
1.620522887171372828e+00
1.620829824779803419e+00
1.622370102480933829e+00
1.618311617344336373e+00
1.621367752609491619e+00
1.620274689619418451e+00
1.620656642304216799e+00
1.619609329603458825e+00
1.616551988041627030e+00
1.618895394060996917e+00
1.620311492925755603e+00
1.615841948258554650e+00
1.617371910586751227e+00
1.616948108159093511e+00
1.616658777420416193e+00
1.615362748976683305e+00
1.617662656776343244e+00
1.612419196072558680e+00
1.613320208285756951e+00
1.614999120671735788e+00
