1.078250675910507717e+00
2.720066929342666584e-01
1.526932190316664162e+00
1.430652135081237786e+00
1.222491374877649806e+00
1.083930504686209551e+00
9.571644883203264120e-01
8.649929082841807393e-01
7.842420806163883373e-01
7.117983114736334826e-01
6.465913845611428457e-01
5.854919774445563885e-01
5.346198967664858026e-01
4.866306656840207467e-01
4.495072076052950560e-01
4.400870800276463490e-01
3.839948701568128286e-01
3.582295224693587410e-01
3.264589023761259590e-01
3.104438328999158392e-01
2.920934545349415101e-01
2.712971545000478213e-01
2.539807474247101071e-01
2.408312708195669838e-01
2.271643491789632208e-01
2.122355013723178363e-01
2.025143356917505910e-01
1.934726966965500672e-01
1.794111534963340748e-01
1.731020190558118788e-01
1.746745231277326837e-01
1.556235344220389394e-01
1.513387386060626727e-01
1.672849904518486086e-01
1.374512840835641903e-01
1.350176936613883549e-01
1.219959768794087185e-01
1.233094896339564095e-01
1.221603881836220012e-01
1.274825023098406784e-01
1.126191375722393334e-01
1.122193282059139041e-01
1.084217760805044062e-01
1.043814092181016145e-01
1.041273923283931591e-01
9.718514860347653161e-02
9.718912531886229889e-02
9.711355506369245827e-02
8.986004250842814789e-02
9.094175185202656164e-02
9.099792532531134071e-02
8.023473154903387750e-02
8.582238144664362800e-02
8.572649266035502202e-02
8.020381750197839998e-02
8.147819713715313827e-02
5.974963662601185527e-02
7.665926682398524483e-02
7.761863085551688746e-02
6.330924141503016522e-02
7.349438909856437219e-02
7.412360122530370354e-02
5.963768907891727616e-02
7.045312690743851802e-02
6.386338181867060038e-02
6.819235608223224443e-02
6.446689665776413058e-02
7.431245716697097714e-02
6.439818549367007372e-02
5.561432829203657308e-02
6.285055908012192327e-02
7.048380177670329760e-02
5.422000023014227760e-02
6.030431205890831453e-02
5.824786520133985734e-02
5.923028305704201163e-02
5.752747055899435497e-02
4.383223750538448732e-02
5.672729404542031784e-02
4.386735489920939868e-02
5.526120695176420933e-02
5.496131085591034193e-02
5.584872674819937183e-02
5.426011731493860651e-02
5.346630269272022867e-02
5.340766644178558675e-02
5.199472443999019616e-02
5.163876762935589587e-02
3.637021317166973938e-02
5.114873091780877679e-02
5.104329856981416891e-02
5.133776785820634569e-02
4.993016720206774894e-02
4.985457242465334698e-02
5.009612294455455250e-02
4.458211180046768585e-02
4.881403288502099425e-02
4.916179501106242994e-02
3.177353225320860008e-02
4.766675585915326058e-02
4.751072545989114271e-02
4.337404535596982302e-02
4.745252954049876404e-02
5.059869516938642064e-02
4.896664787175530886e-02
4.687954955456554579e-02
1.944584606218894424e-02
4.538535040389890529e-02
4.547602733353111465e-02
4.576570598380128030e-02
4.495575610689910018e-02
4.450890120909783976e-02
3.434837547814748732e-02
4.407969806976414634e-02
4.412136829093639412e-02
4.494028797958658089e-02
4.273671099127877154e-02
4.273738629697927671e-02
4.294816011082903257e-02
4.086716193298795680e-02
4.154917053006795119e-02
4.173521937498202855e-02
4.084104359609047608e-02
3.350177079987837897e-02
4.065292762513444957e-02
3.875482968888541851e-02
3.970428649347169936e-02
3.956680517242268380e-02
3.401498253538445815e-02
3.860635509159682233e-02
3.867918890447590713e-02
3.641420363880915750e-02
3.788906165180216945e-02
3.021176380235310321e-02
3.646218249069203832e-02
3.676445062210939585e-02
3.211814973322729694e-02
3.588612283207917586e-02
3.633674425852505274e-02
3.502023797911960751e-02
3.550409668909065841e-02
3.125693111432891608e-02
3.415910556814812787e-02
3.457040409084460864e-02
3.354801021440553116e-02
3.492953891068314304e-02
3.371595374406162471e-02
3.163251452976142963e-02
3.266792964854460524e-02
3.312145536467336893e-02
4.117793227054322713e-02
3.129449080919106951e-02
3.176715592237835950e-02
2.952746107171337966e-02
3.100200509749056685e-02
2.952928103736182988e-02
3.022252680013571766e-02
2.511115555608600322e-02
2.949958786393274898e-02
2.820289790416473028e-02
2.887005660579088084e-02
2.528592021321323172e-02
2.819221174662384088e-02
2.379194846921016057e-02
2.535326512315373704e-02
2.650411594865023646e-02
2.765036301711792238e-02
2.655648103065292101e-02
2.390493924311768922e-02
2.363388650238754454e-02
2.742847087735821379e-02
2.494021145427560357e-02
2.402415505729155534e-02
2.443887465867074574e-02
2.212714585778869855e-02
2.323803844864578277e-02
2.298813174623450667e-02
2.210213033250564910e-02
2.232139206609249846e-02
1.512347439940250893e-02
2.147246480728822252e-02
2.040413892300511206e-02
2.080025778148024071e-02
1.495033815742878060e-02
1.934086039683152042e-02
2.036575071142001855e-02
1.910241084203894921e-02
1.870047898985662330e-02
1.652657466120891969e-02
1.865356265222872095e-02
1.564933704621983973e-02
1.755295038610756378e-02
7.655071369650177059e-03
1.641717442848725575e-02
1.693230901233618371e-02
1.609614117194007807e-02
1.497021408656144109e-02
1.436357421766524221e-02
1.534911171037466743e-02
1.240059158005659204e-02
1.393937789978016463e-02
1.469011001158756526e-02
1.410420272451279843e-02
1.650420192296262953e-02
1.486648218784769084e-02
1.302330778233564898e-02
1.193075963101241678e-02
1.222971693368575877e-02
1.301366608819768539e-02
1.067901891509201451e-02
1.158751405100263282e-02
1.185320229070268433e-02
9.894780242239496412e-03
1.153534520211168223e-02
1.073729515135578468e-02
9.247793790231528463e-03
9.799937583206080535e-03
8.979856039098382120e-03
9.396737914931806157e-03
1.306332540613584434e-02
8.461408782878938883e-03
8.880032932314589622e-03
7.810930769045109495e-03
8.283938904121639774e-03
8.513487025707670505e-03
8.069939715455940951e-03
1.790933229150035860e-02
7.161777367726075531e-03
1.105992354150247756e-02
6.633753377669433966e-03
6.452993584087570594e-03
6.314832243806817874e-03
8.086843955915258217e-03
6.176789592821153516e-03
5.969427451452491082e-03
6.301863647048113436e-03
9.392707186120754365e-03
5.834540912250948431e-03
1.223652079341430721e-02
6.982226922008788125e-03
5.501585153194940916e-03
3.955815324915907226e-03
4.621335760937279186e-03
4.989798622085884691e-03
5.983631953059885891e-03
4.428660052886087065e-03
4.498646206225175199e-03
3.761370337352740786e-03
3.986697665933539199e-03
4.097410459717279983e-03
7.623190624601791469e-03
4.149559263983016583e-03
4.250630072216619003e-03
3.950862482522733005e-03
4.309350797847661188e-03
4.032018880989362251e-03
4.944290184892753508e-03
7.452819180372759547e-03
4.122670211285938552e-03
3.710293377426174873e-03
3.893021628415572599e-03
4.031972248824326581e-03
6.960726315223722538e-03
4.929932829679319756e-03
3.942949971403254122e-03
5.018713146930948478e-03
3.962111061067647398e-03
4.789695642986757651e-03
3.914574643832959694e-03
5.476403724181073962e-03
3.799023359316793663e-03
3.955601123167225980e-03
4.400836091512327214e-03
6.060385737187318732e-03
3.854309763643941691e-03
5.107362254065634689e-03
4.054993553191173217e-03
3.757824240066260594e-03
3.982138872395023926e-03
3.881868317202871298e-03
3.956992785220787151e-03
4.622491287045171759e-03
5.273710925795914786e-03
6.201943703448739055e-03
3.971890700779614515e-03
4.430148397613502959e-03
4.029821362277368965e-03
1.221396016637989364e-02
4.000748634654982365e-03
4.206867040916065226e-03
3.825539782074347753e-03
4.218560473070883353e-03
4.136855614788857889e-03
4.037046542921069077e-03
4.232777583343848120e-03
6.039649561362592060e-03
4.218180464376723900e-03
5.124228560483843134e-03
4.038881745921941643e-03
4.273425992484002067e-03
