9.159669924068348790e-01
1.561449611960586514e+00
2.649751735342776193e+00
2.654012610390540594e+00
2.612930494152078786e+00
2.575519781490768434e+00
2.551110856615399491e+00
2.533959702165677896e+00
2.518033923402248409e+00
2.501890726184343272e+00
2.486216736553005902e+00
2.469419443085977495e+00
2.457935258861180028e+00
2.440983442933709835e+00
2.422515954700199536e+00
2.417121994709615862e+00
2.407384039955018373e+00
2.397393792121540468e+00
2.385541753038923130e+00
2.380709060002569544e+00
2.368309348198110342e+00
2.366052126534544442e+00
2.350824198299068524e+00
2.352852519221637184e+00
2.345049558978731241e+00
2.340066465209371227e+00
2.337732569580424968e+00
2.323201076613039540e+00
2.323362625922759328e+00
2.321919649213953551e+00
2.306553200143909965e+00
2.309182677997116517e+00
2.308388352427737544e+00
2.297236352773792678e+00
2.296546934475028223e+00
2.277183534704581458e+00
2.284395837572470001e+00
2.284430936980606397e+00
2.267691876823973995e+00
2.269365852466057376e+00
2.268936875670212849e+00
2.261316827367812365e+00
2.244854359089996088e+00
2.251020888703743061e+00
2.232964978156275038e+00
2.237828520599344895e+00
2.238194580429106129e+00
2.223771803414343662e+00
2.223837827686113044e+00
2.226521479112312907e+00
2.207367583410409395e+00
2.208077631417404429e+00
2.188580186042365483e+00
2.191775101410229798e+00
2.192147303017161430e+00
2.173932079620181756e+00
2.174017119022655820e+00
2.148983420405583988e+00
2.157776102865841317e+00
2.158176397104655919e+00
2.138390760916313749e+00
2.138769043206084408e+00
2.138870684620613805e+00
2.114939612280362535e+00
2.114772017909749557e+00
2.114929657123671980e+00
2.102928700555195540e+00
2.098110578176570318e+00
2.098591658173966312e+00
2.083101665273538572e+00
2.083481111082524428e+00
2.064136284765007989e+00
2.065327284802273233e+00
2.057667474149166509e+00
2.061973949384806382e+00
2.046732815542606776e+00
2.030091504021705795e+00
2.030499181718837143e+00
2.032646099542537943e+00
2.019704793455941783e+00
2.009236955388079782e+00
2.002479949355874034e+00
2.002453935091637049e+00
1.978033026893042612e+00
1.977864393420570410e+00
1.977761312083153644e+00
1.961813627822078354e+00
1.964079245122530626e+00
1.950883782058242977e+00
1.952394028568999129e+00
1.941585549734547334e+00
1.936178373071919312e+00
1.936035164746428006e+00
1.919620661395528893e+00
1.919901885710965095e+00
1.905519343681673528e+00
1.899529707115348964e+00
1.899348247095334008e+00
1.902180570366533541e+00
1.890327626224011626e+00
1.876281228479518504e+00
1.872351775825204845e+00
1.872168339076846211e+00
1.849717197073505348e+00
1.850134654246351262e+00
1.851419007655305871e+00
1.851341058664448758e+00
1.836339534407993357e+00
1.836081307653702366e+00
1.832431813981261648e+00
1.822669338408216433e+00
1.822483876385428303e+00
1.806291532606180583e+00
1.806457774308611208e+00
1.805668705021960196e+00
1.794360662557173969e+00
1.793972339927481396e+00
1.777633153728459758e+00
1.779872004631361637e+00
1.778869602901692604e+00
1.764694331560456853e+00
1.764148671045201677e+00
1.769252323121469850e+00
1.755846780194403767e+00
1.742762655636021840e+00
1.740483431776076007e+00
1.742281599942350878e+00
1.730769368874854885e+00
1.730393741675439134e+00
1.727584868101725180e+00
1.717872888755973992e+00
1.717828883682841257e+00
1.703000041060918957e+00
1.703235193360411737e+00
1.705062362260588271e+00
1.693196880418263550e+00
1.691803703024536754e+00
1.698906254334462185e+00
1.685139265365146688e+00
1.675621385620934767e+00
1.669297505774332446e+00
1.674098365452882264e+00
1.659523207369209663e+00
1.659087087145839412e+00
1.661456069396293200e+00
1.650984428737855225e+00
1.650133010093797203e+00
1.651264034810951964e+00
1.641265173935629207e+00
1.637103588341021432e+00
1.638136005859224920e+00
1.636599873607241573e+00
1.620148488058591019e+00
1.628140258857156297e+00
1.622452672204455881e+00
1.616843278076972368e+00
1.608032067639784790e+00
1.613817516977689159e+00
1.614601279983592930e+00
1.599564157559876021e+00
1.597317286643603174e+00
1.601017178942760077e+00
1.594075758369499773e+00
1.601808726196200405e+00
1.592883483914557585e+00
1.581822069043972601e+00
1.581190730070477057e+00
1.583743715126508578e+00
1.575584714014414800e+00
1.582355186090523835e+00
1.577390509378727934e+00
1.568363935190981939e+00
1.573572085351041538e+00
1.563596230947651433e+00
1.564904111093377903e+00
1.557649401314505688e+00
1.555787474255220904e+00
1.559959670390326458e+00
1.558909211355988589e+00
1.551166157365471365e+00
1.550826844762404955e+00
1.549849738817351108e+00
1.549829854000758456e+00
1.548442558927356938e+00
1.544196653854338130e+00
1.544774913365353441e+00
1.539968333859949690e+00
1.540564648741825415e+00
1.537644766809227459e+00
1.545502477272746145e+00
1.537818011458947476e+00
1.528917048815438884e+00
1.536215536520421532e+00
1.527114360721235631e+00
1.526743829928281615e+00
1.534947896836703629e+00
1.527106729129467766e+00
1.526188068598284708e+00
1.524803987385275450e+00
1.524198506159341271e+00
1.526279349384664696e+00
1.520273448438699493e+00
1.517731050612844745e+00
1.520173658613213297e+00
1.525465267230671884e+00
1.516740794436072237e+00
1.516782468100384973e+00
1.517132567838106683e+00
1.511303724441441121e+00
1.516424408824939674e+00
1.511031574736107164e+00
1.513205114426382725e+00
1.511315433937497010e+00
1.512497316056329533e+00
1.508166904773516226e+00
1.512427950234873419e+00
1.504087860672719268e+00
1.508116057178674696e+00
1.508749587025011163e+00
1.503062250185590587e+00
1.510947466272388517e+00
1.506281799896920681e+00
1.504166772314312839e+00
1.502693929404778972e+00
1.503172273299172579e+00
1.506424701349556416e+00
1.504232027245290926e+00
1.501119152127555090e+00
1.503673404939338543e+00
1.501599495646593674e+00
1.503756479776322541e+00
1.497688594031603815e+00
1.504890272043821309e+00
1.497415861070068521e+00
1.500182811962040175e+00
1.505576831554992445e+00
1.498246293459333023e+00
1.500520846780607487e+00
1.507445196114279629e+00
1.503605388668342480e+00
1.494689573945412464e+00
1.498417610168728764e+00
1.495452746786278819e+00
1.501289781805638768e+00
1.494358287614746761e+00
1.497327022790610584e+00
1.499109251007746613e+00
1.497520690283991263e+00
1.496997568568725789e+00
1.497793651809511850e+00
1.500405003811896343e+00
1.494555819522199513e+00
1.496555661417279914e+00
1.494639464743652502e+00
1.499785999330170982e+00
1.495374033420123761e+00
1.494890757727922681e+00
1.497370492757315485e+00
1.490229229719303383e+00
1.497165003985530651e+00
1.492818574572013945e+00
1.498282047866469124e+00
1.496152145877337913e+00
1.490839790105206841e+00
1.497506451294228436e+00
1.494789187682983300e+00
1.495955485064759616e+00
1.496002433722201097e+00
1.496866432211021669e+00
1.490839079501325770e+00
1.496947802521011894e+00
1.490398714252750834e+00
1.492775976702629848e+00
1.494448254874613857e+00
1.493557287863234384e+00
1.501338390572945825e+00
1.490177289099990032e+00
1.491278916408996347e+00
1.496543780724636452e+00
1.497840505091240004e+00
1.491579878639956780e+00
1.494990220401376302e+00
1.490009205199288145e+00
1.496761570794468366e+00
1.486454864551473243e+00
1.489935770722774055e+00
1.496177408567236133e+00
1.490367252353404615e+00
1.494748642375162362e+00
1.491122313457073911e+00
1.496410283805136965e+00
1.491851585724061957e+00
1.492108452175240574e+00
1.495229802984743062e+00
1.486175770520964834e+00
1.495514188725447724e+00
1.492165221338038750e+00
1.491398947697746724e+00
1.494468798175861979e+00
1.494925867711925260e+00
