1.013844823493968539e+00
2.119343607507973903e+00
1.668871559579862884e+00
1.693587207791791727e+00
1.863069976370813619e+00
1.695609742245020035e+00
1.636412210683646951e+00
1.648260093898936463e+00
1.720423342975239578e+00
1.824106219180718691e+00
1.882665671272801156e+00
1.974012315387500660e+00
2.073032314228422379e+00
2.140590536920040421e+00
2.226631422807268557e+00
2.311831163070091399e+00
2.400426765213330427e+00
2.524795943065565762e+00
2.686423880923280549e+00
2.868470997895254726e+00
3.066948753367360503e+00
3.278178081256146292e+00
3.525225288144438363e+00
3.823711096864782277e+00
4.143921417846051725e+00
4.461678302254047601e+00
4.765972026229751357e+00
5.070619674593413784e+00
5.358056157804060859e+00
5.636398152928762784e+00
5.907261295700944714e+00
6.170066475951735185e+00
6.412563558773968886e+00
6.630985846198738543e+00
6.840373427672115980e+00
7.031768001921206768e+00
7.225008072861596631e+00
7.421728992502099942e+00
7.598642654288506826e+00
7.787302284278482034e+00
7.968916502297120452e+00
8.145633847249243331e+00
8.317736803466209139e+00
8.483998631334090490e+00
8.652184303639836926e+00
8.811809987632909014e+00
8.965544298072037677e+00
9.116642871790475056e+00
9.263014788949613276e+00
9.408916045079951829e+00
9.551572243945418705e+00
9.683331108733886694e+00
9.817129806126104086e+00
9.952324781886256133e+00
1.007978327738603141e+01
1.020659855021830786e+01
1.033380059072402801e+01
1.045683488118911342e+01
1.056999549700418939e+01
1.069211657784383540e+01
1.079515551088870495e+01
1.089933775353058998e+01
1.099980141475935547e+01
1.109729929686882777e+01
1.118704709824154264e+01
1.127766633096003801e+01
1.135682703883075284e+01
1.143229646342648387e+01
1.151180737877507099e+01
1.158088679452358782e+01
1.165098152664370801e+01
1.172068175489288500e+01
1.178000492988654457e+01
1.182930301202251933e+01
1.189033366877258757e+01
1.193447380970939342e+01
1.197875694612164033e+01
1.201605432943002505e+01
1.205810502534497175e+01
1.209194290381866921e+01
1.213231837365394483e+01
1.214922581326306350e+01
1.217282855792811702e+01
1.219402139836236465e+01
1.221107898108541789e+01
1.222858675865418476e+01
1.224303707583567125e+01
1.225607263444236139e+01
1.226087794599708225e+01
1.226742715045286403e+01
1.226196560396117974e+01
1.224572879208116305e+01
1.224744020444745907e+01
1.222737772370084386e+01
1.221442082598374235e+01
1.221271282870620389e+01
1.221263682452530830e+01
1.220902994246685935e+01
1.220278373630996960e+01
1.219916890553310118e+01
1.219257022009457359e+01
1.219068038358544293e+01
1.218569253796247764e+01
1.217473874741521378e+01
1.217189602530376291e+01
1.216571840416085237e+01
1.215571204814160389e+01
1.214834575298673336e+01
1.213497089683584385e+01
1.212131716011129079e+01
1.210222146911971208e+01
1.208409329941406973e+01
1.206900113646308270e+01
1.205077711275854213e+01
1.203248336246188011e+01
1.201508431696392876e+01
1.199525784719301313e+01
1.198098922082962758e+01
1.196613234249055502e+01
1.195654002709704677e+01
1.194148758947730116e+01
1.193012674993154398e+01
1.192211643449031122e+01
1.191506118087361266e+01
1.190944347188274932e+01
1.191437985734828864e+01
1.190210747595386387e+01
1.190324808600993833e+01
1.189974227423032360e+01
1.189727792952459673e+01
1.189719368685059564e+01
1.189732958447084599e+01
1.189610874607991420e+01
1.190138531763007812e+01
1.189157675140557657e+01
1.189589746919586055e+01
1.188995555503148616e+01
1.188832088037425727e+01
1.188440464248774298e+01
1.187781255850234174e+01
1.187261961617437400e+01
1.186576234118601114e+01
1.185361455453149659e+01
1.184530704947301949e+01
1.183668137770650652e+01
1.182563531151176939e+01
1.181245981510622656e+01
1.179854111259545313e+01
1.178720449040798002e+01
1.177612670923381444e+01
1.175956934775790685e+01
1.175230390015351212e+01
1.174057606213785299e+01
1.172966200717105778e+01
1.171686108512730229e+01
1.171148258950792531e+01
1.170269861490285024e+01
1.169443316162092295e+01
1.167944058655890061e+01
1.167239236166696514e+01
1.166615230748850074e+01
1.166068121678721603e+01
1.165055594900355551e+01
1.164950198406016391e+01
1.164914820046492139e+01
1.164259265829494261e+01
1.164602676949428250e+01
1.164654117849094028e+01
1.165086387761001063e+01
1.164722150926596456e+01
1.165404389942826491e+01
1.165566183185603677e+01
1.166009116326647010e+01
1.166996423084833445e+01
1.167739111755703618e+01
1.168815126966952000e+01
1.169703264427028166e+01
1.170236800057022997e+01
1.171776963009809691e+01
1.172531917810430180e+01
1.173767972945114124e+01
1.175027000645188124e+01
1.175886185764452563e+01
1.177447857359876693e+01
1.178915313232848305e+01
1.180272791800744336e+01
1.182054513687402419e+01
1.183509237038464157e+01
1.185292768380158535e+01
1.187294249420132353e+01
1.189088613701483155e+01
1.191363365004514030e+01
1.193330306131789342e+01
1.195559154685751224e+01
1.198827228422015700e+01
1.200228088653810232e+01
1.203004247739847443e+01
1.205111164017936431e+01
1.207899519283798107e+01
1.210806667017945237e+01
1.213677944392096641e+01
1.216247098959318684e+01
1.219770715376305503e+01
1.222745831107886971e+01
1.226125822145638367e+01
1.229220183742649652e+01
1.232959730487140426e+01
1.236549727887406647e+01
1.239921030447847450e+01
1.243839188226955805e+01
1.247610161977889831e+01
1.251547220012624706e+01
1.255070644596797536e+01
1.259368883377041115e+01
1.263228701635958373e+01
1.267477199027283419e+01
1.271022514555805927e+01
1.274886533411928902e+01
1.278849788604107474e+01
1.282523069716180686e+01
1.286724590351912312e+01
1.289720061350576152e+01
1.293656580375374432e+01
1.297140987491978237e+01
1.300482864521742421e+01
1.303067438686754187e+01
1.306691104913079116e+01
1.309373237349771024e+01
1.312267414137803101e+01
1.315425540185263564e+01
1.317946122491554028e+01
1.320612548455059709e+01
1.322699755092988205e+01
1.324737731636980520e+01
1.326343549625900486e+01
1.328680373553125982e+01
1.330011178069895550e+01
1.331600398859135126e+01
1.333204480842017503e+01
1.334586189981157744e+01
1.335653069950388172e+01
1.336392083650502904e+01
1.336861538189153720e+01
1.336805941113685314e+01
1.337586853039904611e+01
1.337518339641808041e+01
1.337602662637934969e+01
1.337054821372191959e+01
1.337195853624960939e+01
1.336279501807110925e+01
1.334925870592363850e+01
1.334217334240236319e+01
1.332658870220779157e+01
1.332390672589156644e+01
1.330574141827638890e+01
1.329487535567236023e+01
1.328242756698022298e+01
1.326539010730782309e+01
1.325009624663792529e+01
1.323258333282051069e+01
1.321979014857439161e+01
1.319937913475985347e+01
1.318881750097934358e+01
1.317217408419269375e+01
1.315720747290193415e+01
1.314515326459553002e+01
1.312930791467837466e+01
1.311438842817610073e+01
1.309474400696175778e+01
1.306768820126300135e+01
1.303650280446585441e+01
1.299762716557657427e+01
1.295796243397581549e+01
1.292021030774801815e+01
1.287854707946190125e+01
1.283351443889244692e+01
1.279003272226733756e+01
1.275263788766557305e+01
1.269967632625286669e+01
1.265849812984057898e+01
1.261541432646141203e+01
1.257253251897921764e+01
1.253452088964613864e+01
1.248938533190092670e+01
1.244314366580723785e+01
1.240836985088789746e+01
1.236219305540353730e+01
1.232192879591380930e+01
1.227885909338887060e+01
1.224207486753765828e+01
1.220622023710510362e+01
1.216602689614825827e+01
1.212426624004261200e+01
1.209016759598041624e+01
1.205616920805182701e+01
1.201749229270674668e+01
1.198816723790843497e+01
1.195628707936911006e+01
1.192232275566274602e+01
1.189137738064865957e+01
