9.909320054112362719e-01
1.499612432047866317e+00
2.134499903049586589e+00
1.655039566806816520e+00
1.134318232616998490e+00
7.576360644810052891e-01
5.050606558198785789e-01
3.415639386202275474e-01
2.374662166715525713e-01
1.718927998392920931e-01
1.305627483288579749e-01
1.036674397447068102e-01
8.458376391256701432e-02
6.942062960409008110e-02
5.673601042127857791e-02
4.644983436933475263e-02
3.858105286715321491e-02
3.279984755252823847e-02
2.860031708663871020e-02
2.551224328431695582e-02
2.344366829967362703e-02
2.131292451633902060e-02
1.954363317582604939e-02
1.851646241616590471e-02
1.797537537281496817e-02
1.642530612014786451e-02
1.748628834819532935e-02
1.468750601429785752e-02
6.161134380168657373e-03
1.319588586858160689e-02
1.265547000201055691e-02
1.169818525818433486e-02
1.144264889138673670e-02
1.385000436862537411e-02
1.044437115139884749e-02
1.103213773846388468e-02
9.641456974246235406e-03
8.710826365516842126e-03
1.028048559147493046e-02
8.081929978857784608e-03
7.114291085530718810e-03
3.007860427320732406e-03
6.845012552022245768e-03
6.854729325871271317e-03
6.874849671369844852e-03
5.786354645413900773e-03
4.294120372607112060e-03
5.940826241265134353e-03
5.176066508650586061e-03
4.873048774592186015e-03
4.023517480552297500e-03
2.817026334848529798e-03
9.585353113800114747e-03
6.472045212898456731e-03
3.828038609717115525e-03
3.230728233909371024e-03
3.751889760090793696e-03
3.593026453292989548e-03
2.893879581783055134e-03
2.918755093261393273e-03
2.400661472937995304e-03
3.142257715061905383e-03
4.204658787015490111e-03
2.688190123240792595e-03
5.487686088049084816e-03
2.520033844308107885e-03
2.239017822463286542e-03
1.940910056741828368e-03
9.919574138848264930e-03
3.251856018264374839e-03
1.049240620999727577e-02
1.946993487430819826e-03
2.320409577439497967e-03
1.987932245671722529e-03
1.792353537008972882e-03
9.657725093819139774e-04
1.630625854109938721e-03
8.122653629569917761e-04
1.654000226892418353e-03
2.755136524849806888e-03
2.548240099324715346e-03
1.195335207349109211e-02
3.439980776932200033e-03
4.589889960223820370e-03
1.536938224901170016e-03
4.501143588276158673e-03
1.324272144675866375e-03
9.250142025307734467e-03
5.200190811712864826e-03
1.813775923840493581e-03
9.181340306694883539e-04
1.950256541428149314e-03
3.128606684540978077e-03
1.499852905718831401e-03
1.721082534969829800e-03
1.663851913561286778e-03
1.797891957590142626e-03
2.886041331158254244e-03
2.571647135537888569e-04
7.273873671362208158e-03
2.124481566933667659e-03
2.297334602633269510e-03
1.357641187184446038e-03
1.432141874779841719e-03
2.128166191016999872e-03
3.939973879341926791e-03
1.106524082391409239e-03
1.604417320262838294e-03
1.546824090163000792e-03
6.858956612107666891e-03
3.489325421554331091e-03
3.632267378751394184e-03
1.732682621388433909e-03
6.562445152505228581e-04
3.426234546096386217e-03
1.859058893433814799e-03
9.102403840949889816e-04
7.925809428793376262e-04
2.315526599571667097e-03
1.325017215371188713e-03
1.880372972057808975e-03
1.560197987177816418e-03
1.759448451004021500e-03
1.454022452072390933e-03
1.072052904670776560e-02
1.487451184846255150e-03
1.457241594917916324e-03
8.610368246923139242e-04
1.507007833771096530e-03
4.813461446781085000e-03
1.278265114813526308e-03
1.127146173231650473e-03
1.528924009325596150e-03
1.931021073215379502e-03
2.979239343189532194e-03
9.200817912520323216e-03
1.468406179876708805e-03
9.192506010667594440e-04
1.370770581066356594e-03
1.543499968927315377e-03
1.917163416994341341e-03
1.196081891956592451e-03
1.300232109778598445e-03
1.289265711343724318e-03
1.633149233945709999e-03
9.913951601095186920e-04
1.690627485274349018e-03
9.448167870513802039e-03
1.289385541697025224e-03
6.209656170619587065e-03
1.372674143617681492e-03
4.763008211949616168e-04
2.814744191775786324e-03
1.907782814862352518e-03
1.414431613537829981e-03
7.332389281192806807e-03
8.985853453384327937e-04
3.740958051801679222e-03
7.198507349426108530e-04
7.143160327979714746e-04
4.609998480401867075e-04
1.344161998250023625e-03
6.983055381802336439e-04
1.499543149871703038e-03
1.417435249729184906e-03
2.672537104182691990e-03
2.007376756400586215e-03
1.156439843546392451e-03
1.961723445159185841e-03
1.530831319549848680e-03
1.316436952956768873e-03
1.258903027929022395e-03
6.593025907097217623e-04
4.824292791718415643e-03
1.696047659106790419e-03
6.912310624702653825e-03
3.304201326133696104e-03
6.872540623923853020e-04
4.031061142312401292e-03
8.493437929988866247e-04
4.439436960943266854e-04
1.766966099190058533e-03
5.348577628606426219e-04
6.261668094693566104e-04
3.298462148906911810e-03
7.497319988243388933e-04
2.697860574583991772e-03
2.896713878194118966e-03
3.991664370715513645e-03
4.692460643966566672e-04
9.182638441921296127e-04
1.818697626874079751e-03
4.610910601847885947e-03
5.201828472355726068e-04
1.724451419748809170e-03
1.166461603321455875e-03
2.227707773566114588e-03
3.815882503704900747e-03
1.080154599124938299e-03
1.115940520005086027e-03
1.392029521835150318e-03
7.481448133677907203e-04
7.501605479214316398e-03
9.684930872714542357e-04
1.068100478000024757e-03
9.633021491168154401e-04
9.192586591664157324e-04
8.445716486399842959e-03
1.022972798494067555e-03
1.497004903388856473e-03
2.054931613518043518e-03
3.175674272895388003e-03
7.588440066811559005e-03
9.412487765801528291e-04
1.131319571819233011e-03
7.323197932456084608e-04
4.067417897897685278e-03
1.061847344125789374e-03
9.000111264864569822e-04
7.396936738899894184e-04
5.132084767505846719e-04
1.794867193345650591e-03
1.834763735566659554e-03
1.660520633869041638e-03
1.064870213224254104e-03
9.945072723282761921e-04
8.484337581496273874e-04
1.011206619757646849e-03
1.318938872058278639e-03
5.085703846528597666e-04
4.116592197978095370e-03
7.533811815085196019e-04
2.280964071208444865e-03
8.185457550886293763e-04
9.087391946377606491e-04
1.136744110458036677e-03
8.263889483741903262e-04
5.229961247995157381e-04
6.332818821604122884e-04
9.734940780014188959e-04
3.048654480304013176e-03
3.010352523789273232e-03
8.273703814121052564e-04
7.934217563336453359e-04
6.118038363837512757e-04
8.613341157877531414e-04
1.274323336246879464e-03
7.964593266177741803e-04
7.017975559803256783e-04
8.437591348802233335e-04
1.234333778617252055e-03
9.027107503054785905e-04
3.596195893914906020e-03
8.345609255873675256e-04
7.994027600745869837e-04
7.714958183346196791e-03
1.442114936707425150e-03
1.136742624790047004e-03
8.174540562764105170e-04
8.735829906871270863e-04
1.158281436425037973e-03
1.223327090340535364e-03
8.836305386928640197e-04
1.164694489749861948e-03
8.240199503418199406e-04
1.122824342344600065e-03
6.582123624753670292e-04
1.529265738367221236e-03
6.699913883045745732e-04
2.754796933950676239e-03
1.288391077882816574e-03
4.271453152153249560e-04
7.938087155386358432e-04
7.171245173887416322e-04
4.787866386977366055e-04
1.475035358721142392e-03
4.263274126640401456e-04
2.284601552063300275e-03
2.840369858357819424e-03
3.061296353247632343e-03
1.285533195910806619e-03
2.153675953985742693e-03
5.676511497557455276e-04
9.086759265755068151e-04
1.735398886291395285e-03
4.795181870365024766e-03
8.940949541493841855e-04
6.033024545987025452e-04
1.335575675333437046e-03
2.450728643667912914e-04
8.298304832337157801e-04
9.448680081667258342e-04
3.936902399662489454e-04
7.153188149146861305e-04
1.292129461465298416e-03
5.937461672573118724e-04
9.433458019321227595e-04
7.010410677395535620e-04
8.881525637781994892e-04
1.219123501084680601e-03
