9.877164854634655766e-01
7.640911966317766035e-01
6.152396840289647839e-01
5.097581037987780617e-01
5.721546452499359781e-01
6.001418424081828018e-01
6.013886683376888920e-01
5.951200712049498076e-01
5.858007586880589201e-01
5.704723982810823157e-01
5.443933322371514727e-01
5.059439265574308120e-01
4.566312026234370935e-01
3.988770337280452827e-01
3.355288287608834130e-01
2.705127261301779051e-01
2.086017161037525269e-01
1.539449272900243193e-01
1.088011817871380599e-01
7.352306052881490972e-02
4.722853670349095451e-02
2.848673599110780608e-02
1.576849578055054824e-02
7.716669650011892187e-03
3.509662925191601914e-03
2.904207754350322020e-03
3.506884789230572431e-03
3.775872818846403006e-03
3.680545168853496200e-03
3.384602368717243379e-03
3.018550848499587484e-03
2.662817163539787663e-03
2.356067230800687907e-03
2.108771064152479939e-03
1.916077283457737288e-03
1.767040745263851170e-03
1.647845973777823997e-03
1.547458853765661937e-03
1.460422911491596242e-03
1.377523187451876142e-03
1.297205404639276572e-03
1.217102263916298825e-03
1.138136995281656882e-03
1.059065568001066196e-03
9.809646246385595944e-04
9.048811085043630045e-04
8.318448447554578455e-04
7.645694437285660344e-04
7.086608185487483762e-04
6.704130685966911730e-04
6.564103986066119768e-04
6.698930917252084475e-04
7.102752699192576387e-04
7.698622912508910898e-04
8.421856821708821345e-04
9.210407620997275403e-04
1.000292844043394920e-03
1.077230019498114479e-03
1.148666668995936566e-03
1.214277660522686828e-03
1.271286459802566191e-03
1.322543716306940871e-03
1.366240259758550726e-03
1.401848224338639055e-03
1.430127547812592168e-03
1.452031286398413126e-03
1.468096720224010103e-03
1.477334159619449671e-03
1.481685494768066741e-03
1.481854756946072776e-03
1.476608952833709850e-03
1.468590864271704854e-03
1.459037027449960108e-03
1.441425223144736931e-03
1.423920121745532886e-03
1.413146669313000096e-03
1.380759467618567632e-03
1.338881315039744608e-03
1.331365469060720756e-03
1.148552790522882998e-03
1.165108947956473720e-03
1.248061102706999118e-03
1.230427176397687773e-03
1.931592807068242303e-03
1.157660482107524284e-03
1.448289701304225803e-03
1.115825673268772741e-03
1.153776234543474723e-03
1.058804664653737208e-03
1.035281765525668555e-03
1.026473803710669817e-03
9.931819731356481169e-04
9.741587772789132502e-04
9.486991421210351060e-04
1.248915292063688086e-03
9.097396793768305207e-04
8.634910550138918560e-04
8.686666590906181630e-04
1.102858778165344842e-03
8.388603732009627294e-04
1.764400670415353176e-03
7.996936404066963978e-04
7.837749798080716939e-04
7.415784787350047707e-04
7.546461778431671520e-04
9.511851353294125061e-04
7.251977610403868672e-04
1.298252361378683228e-03
6.746637319664294591e-04
6.835870288123505490e-04
8.192094519474319488e-04
6.564360213243737325e-04
3.574911192393531723e-03
6.166316669017581813e-04
6.035921755102856842e-04
5.895442937157975658e-04
5.924309231839369749e-04
6.293183355509912027e-04
5.708316517563537989e-04
5.162398409464024002e-04
5.439158570805343240e-04
2.922297153764598083e-04
4.841121782922654213e-04
7.951698486067100514e-04
4.190294564404918099e-04
1.057543583096625002e-03
5.087943817539970336e-04
3.898077568545464731e-04
4.220104020929064492e-04
5.540025628943005603e-04
2.156034547988930198e-04
6.577725357627819481e-04
1.475979857313838937e-03
4.136054225282873639e-04
2.330970562975815676e-04
3.755179192535348541e-04
3.971611104097194948e-04
7.831336334881337877e-04
3.304432305284225576e-04
2.618906337014760880e-04
9.299806185205499462e-04
1.090304267677237636e-03
3.450754999895312486e-04
6.837959693298570037e-04
2.744979311925844784e-04
8.322159311181037081e-04
2.320874743334971652e-04
2.965434007593644112e-04
2.944129431921689252e-04
1.733046851772878651e-04
7.198205282993737873e-04
2.535590651527287417e-04
9.932093137228503212e-05
1.355338394419520250e-03
1.016014017127639130e-03
3.446906019444388822e-04
3.964959512181704922e-04
6.238631255563633748e-04
2.103638604421235081e-04
1.292065196534456363e-04
4.514124395225047027e-04
1.552590155012411992e-04
2.008273733219359883e-03
2.145323625907784185e-04
6.411720677733053798e-04
4.177629947270235320e-04
1.133778752296405617e-04
9.265636499249715191e-04
5.415718865422852442e-04
3.533996635054928535e-03
1.443684054098651540e-04
4.434099977024551806e-04
1.292069166914469624e-04
2.436985381048228905e-04
1.138023552944239167e-03
1.240896562172348616e-03
6.536521055269548593e-05
7.106629379245705093e-05
1.126193976900128008e-03
1.432171076921603947e-03
6.035944701989253086e-04
9.146464678085747257e-04
3.252435766970609987e-03
3.003383389774285750e-04
5.349011191129211936e-04
5.819526442963362817e-04
1.516148831225854138e-03
9.776677631473699396e-04
2.021964614491155994e-04
2.141949081334735151e-03
1.667004664057256591e-04
1.442717791946139571e-04
4.644338025578705195e-04
9.381684605108352691e-04
1.700633522482105763e-03
1.147324626264852959e-04
2.374098436676386019e-04
3.095417126491290362e-04
1.842807196895379033e-03
1.340857162102549035e-03
3.733422084793626568e-04
5.802194564368575846e-04
1.833729752637285049e-04
8.009147792051590916e-05
2.030727031089851146e-03
7.968886391002549406e-05
3.962107842866646003e-05
6.727220731528984262e-05
3.485636051162665865e-04
2.512325491843797718e-04
1.141402290786672105e-04
1.167355244593325296e-04
7.329191096568159159e-05
3.197721109009638008e-05
4.282421753953624699e-04
2.133615455985490795e-04
4.618394958376073763e-04
4.704913245894250728e-04
2.826768815393817364e-04
9.921145774832583919e-05
2.729327042774713926e-04
5.823791882138703267e-04
4.352319383860533313e-05
1.544221703989711984e-04
1.277004495470176538e-04
2.169713867019361722e-04
3.191902882030061227e-04
2.054370528046486118e-03
7.754721116854457273e-05
8.410694437753745822e-04
7.181305380504819733e-04
1.387353612512605059e-04
9.803622782989099890e-04
7.563112837391141707e-05
4.721628554408139797e-04
6.664044315618649641e-05
2.970468158794790841e-05
4.010390218168356172e-04
1.259168185017241128e-04
2.449963218743244860e-04
4.113612179524081904e-04
2.810089294498180985e-05
5.124631160017842986e-05
1.448107747130597262e-04
1.757798828371333799e-04
8.512646609345663406e-05
3.582831659008912218e-05
1.378852499647225847e-04
4.420789578132888650e-05
5.092456495059813272e-05
2.224051026332487786e-04
7.589813169449842988e-05
5.490823950152359741e-05
7.780417790546988578e-05
2.679822543567860101e-04
4.232306884588201974e-05
1.756884512971360491e-03
1.256669983791745522e-04
9.342154585716088127e-04
2.421497334189982647e-04
3.074431964292833247e-05
1.643442467997886704e-03
1.678237992502479032e-04
5.421160262465790457e-05
2.572769614780758885e-04
1.095615694796846012e-03
4.521111247697373429e-04
3.652498436820972739e-04
4.760421842003428926e-04
1.583879223404703650e-03
5.158144880143835341e-04
1.682216847309675109e-04
1.362751714111969689e-04
1.069286761965459282e-03
1.106640689579770878e-04
9.860652706096571048e-05
4.369111751640073274e-04
1.008414798537655066e-03
2.609948069944029717e-05
9.044903070140798305e-05
7.782899233772348508e-04
1.608005340374332043e-03
8.380739213372916671e-04
4.669274724391357287e-04
6.617778812555972535e-04
6.683897524473396792e-05
4.605015502446959319e-04
3.578888202529653217e-04
2.857088195002663693e-05
1.780973533368582521e-03
9.090236561508022173e-04
6.635370760602207979e-04
2.518232032341873559e-03
3.602872343173758743e-04
5.606916465120071131e-04
4.020691651308361584e-04
7.907508530942858630e-04
2.367950112066476013e-04
4.949989230349009740e-04
7.377566830744560226e-05
