1.112982671715279759e+00
1.945334152839967690e+00
2.167726585906161851e+00
1.102551620438538160e+00
2.877832278409633848e-01
1.314163115727838838e-01
3.360097968355786613e-02
3.971671454706186821e-02
7.097018671137091117e-02
6.727151060357519641e-02
6.078522562062833867e-02
4.768205558599276916e-02
3.952964554666857366e-02
2.328579809462741346e-02
2.413933669945701743e-02
1.755728357130997147e-02
2.516031944755877173e-02
2.333315328651374213e-02
3.187733017272859071e-02
4.148944176906371739e-02
3.911852872628251987e-02
4.855356857077394728e-02
4.297405054806253261e-02
5.139525487697939321e-02
4.782655508274134826e-02
7.439032201138186251e-02
5.109836355527265506e-02
5.773347695649354294e-02
4.983647059155175973e-02
5.278119458319160962e-02
5.854782806705722403e-02
5.007182571134984050e-02
4.877366826760372309e-02
4.800909563983146028e-02
4.394429492603044857e-02
4.528023827805315732e-02
4.038928474645250843e-02
5.437166771649311336e-02
3.442829287644634528e-02
3.243541733993981352e-02
3.464096429868467747e-02
5.261372194368240524e-02
2.975760437086483190e-02
2.545464557415074922e-02
3.310526812118294582e-02
2.826852541721305151e-02
1.459719620741494438e-02
2.433721884755521772e-02
2.780618160127175734e-02
3.565590988513099580e-02
1.790469999879125418e-02
2.436094503402488898e-02
1.611925842153285812e-02
2.202389006946708916e-02
6.591111924883508166e-02
1.238617004654533546e-02
1.503921682005335270e-02
1.357378222317016069e-02
1.198557714185821167e-02
1.276121397626688372e-02
8.166915825453710878e-03
2.551006860329675663e-02
1.731834189537134056e-02
3.519664085774759643e-02
5.867247921838639191e-03
1.275616306877874404e-02
5.505008709475445877e-02
5.324954162557853261e-03
1.523617635988215591e-02
4.436692052494798331e-03
1.019241265446586484e-02
3.618861811485588748e-02
4.270690599045803143e-03
3.448669040045551203e-03
4.955168048341482973e-03
3.037565134734303892e-03
5.093042572725567374e-03
3.641380463547662111e-03
1.539294225652489655e-02
2.595105454879819470e-03
1.096968367123586120e-02
1.061876676116804002e-02
1.577199482434410091e-02
5.461310475618472160e-02
1.255828350775965024e-02
2.012047662870380255e-02
2.256230455231595169e-03
2.744090328842346133e-02
3.260323890395792120e-03
6.121002695310670538e-03
1.199199199164843396e-02
6.028365107667806901e-03
1.102391025426183863e-02
4.702842016312429319e-03
5.739997879466540547e-03
1.618527196425256776e-02
3.758326411449978283e-02
4.320016341205152113e-03
3.689105920222265911e-02
4.125374447309308745e-03
1.650252500080446119e-02
1.466375990152247837e-02
3.262935943745952708e-03
4.115829488816836502e-03
1.679320075826742573e-02
7.942962951213945744e-03
3.218233739032577354e-03
1.392689257457293064e-02
5.002259814654780312e-02
4.911946020426566188e-03
5.437026873585511406e-03
3.062643676649173634e-03
1.190824006955878284e-02
4.676309872427026476e-03
1.474653132301965291e-02
2.368455008123418470e-02
1.678589805737917481e-02
6.894925610271008740e-03
3.426772063391655011e-03
2.283236233464259676e-02
7.333348808717423707e-03
5.629676825171561413e-03
5.779027173851303961e-03
6.133846955029432363e-03
5.598341969151350919e-03
3.351424200209483784e-02
5.930628369112286163e-03
6.656682861366767547e-03
7.072617420893783161e-03
6.392574243337986739e-03
1.031523891714640831e-02
1.369083476385743459e-02
6.059722198947386368e-03
5.020859137689698097e-03
5.254956122020860293e-03
1.083590439944230946e-02
5.821083785324469850e-03
2.067950270761909765e-02
2.510692426568727348e-02
1.717845409605710597e-02
4.286880120349592996e-03
5.781134573616983179e-03
8.386627327264787116e-03
1.301469890990763698e-02
2.108921405351755346e-02
1.263551017455419659e-02
1.028917358151858544e-02
7.941800421756621542e-03
1.156722600118401806e-02
6.148798093926763526e-03
2.237527866178910460e-02
7.860838673838592763e-03
5.072097307070068395e-03
4.907557026864915566e-03
8.011289024280485171e-03
7.953193373865928562e-03
4.071811324527942200e-02
7.750434067905219264e-03
1.504963026557112199e-02
1.216758914087508539e-02
9.799867975805336140e-03
1.076519406552983900e-02
8.512705105677994752e-03
1.121940923615503787e-02
9.959442313036503611e-03
1.017380179336522215e-02
1.285973848066767483e-02
1.170834480825178395e-02
7.919984452560251131e-03
7.747605739591873278e-03
1.679856091709590327e-02
4.309100866307015443e-02
2.166348098249363738e-02
1.137474940688380613e-02
1.123206080351093691e-02
9.842506790307599743e-03
1.748765984739868856e-02
1.269210975697108307e-02
1.112477578930296147e-02
9.189176157145137469e-03
9.958923791477270610e-03
1.101164979479125026e-02
4.391892191725849798e-02
1.066069510185631460e-02
1.006122923811635095e-02
1.421098053229148672e-02
3.342452424617954609e-02
1.618306883720353057e-02
1.338756905005518590e-02
9.835079060806049475e-03
1.099564580850567047e-02
1.065924904994090122e-02
7.564408561944633083e-03
2.278928235825836493e-02
1.204812189200872401e-02
1.821255078655516918e-02
1.106385185268509048e-02
1.146614554816909916e-02
1.094023943005356311e-02
1.273498926613081221e-02
1.013160024339862693e-02
6.634564729211642371e-03
8.733453860772334015e-03
1.905680904997865063e-02
1.030245052827183892e-02
1.122021869276912560e-02
8.291428794366000055e-03
1.209917063562158251e-02
1.511629619972380129e-02
8.729408490020290970e-03
1.219607744013998137e-02
1.546684644095731170e-02
8.676482918056310778e-03
1.119335092341167646e-02
9.237419052288142751e-03
1.121103206619413449e-02
7.456884495173380159e-03
9.804532202749636008e-03
1.978083252735320444e-02
1.138389313528398970e-02
1.163375418341748395e-02
1.122594885756371570e-02
1.305447691805905301e-02
1.279831241136842115e-02
3.502643316420540887e-02
1.324834392391984958e-02
9.960322089119183139e-03
1.201802837155954533e-02
1.282655080662374603e-02
1.204680505464513808e-02
3.131353491013356277e-02
1.404717270422908837e-02
2.160209870185474459e-02
1.537890586910148003e-02
8.348744956212723542e-03
8.561300606356379156e-03
1.398116729698570086e-02
1.239746290774385550e-02
1.224153685963628654e-02
1.269263830782235529e-02
1.272712787833025702e-02
1.218415167491235067e-02
1.170953212744967227e-02
1.269200050196210919e-02
9.574254264239513007e-03
1.187931549046238912e-02
1.125491005334352049e-02
1.291012530043827988e-02
9.202692641104339918e-03
1.337594659389013292e-02
1.181018985549031619e-02
1.321138546237998063e-02
1.222436569588522190e-02
1.303202601249765780e-02
1.269732155582122685e-02
1.314582856264651621e-02
1.310294795291463629e-02
1.368500200528333273e-02
1.946975235918012304e-02
1.558906500787482843e-02
1.180766317005492103e-02
1.638836372075449035e-02
1.357254370576952730e-02
1.538694046509568765e-02
1.880956699382054995e-02
1.432956407287337870e-02
1.900809703620129007e-02
1.397621066502795564e-02
1.150642565311065478e-02
1.166256720462470649e-02
1.520583651030830291e-02
2.360666862705090505e-02
1.217715821444494834e-02
1.243661372685866788e-02
1.305572542745238318e-02
2.487983867777487576e-02
1.584605587820436465e-02
6.316399686859144533e-03
1.362206119681614105e-02
1.711538534586355687e-02
1.884032477233578418e-02
1.114216451896756117e-02
1.075377022703510703e-02
1.512683217431508298e-02
1.444466893932621829e-02
1.264592500367589349e-02
1.243451734592833022e-02
1.248121458056696172e-02
1.225038215035909213e-02
1.010275969027329447e-02
1.017553441226522540e-02
1.231869573896632840e-02
2.433876160411693051e-02
1.193228629856148658e-02
1.277154914181182280e-02
1.270807988126215586e-02
1.278972604488804940e-02
1.083464054730106686e-02
1.649114260432319248e-02
1.204735699834464518e-02
