1.075656113355403454e+00
7.191332132001008182e-01
5.283601818512974058e-01
5.290160823659889600e-01
5.293036559295696275e-01
5.291528548589831127e-01
5.289131605292841654e-01
5.288220674433885549e-01
5.281958205888340752e-01
5.282422427522044384e-01
5.282419566424889634e-01
5.282419371506008599e-01
5.197332647653393201e-01
5.201932520491707734e-01
5.201973319691948205e-01
5.201974631323893483e-01
5.201974476636347378e-01
5.201974606987398442e-01
5.201974709185807066e-01
5.201974685270505105e-01
5.201974592420597343e-01
5.201974642370994495e-01
5.201974432062540510e-01
5.201974436062626328e-01
5.201974504063325844e-01
5.201974348706250861e-01
5.201975493195709621e-01
5.116987945039109809e-01
5.117076561130280421e-01
5.117075143564262518e-01
5.117075279649978548e-01
5.117075147761375176e-01
5.117075527686570924e-01
5.117075472869486719e-01
5.117075631557448379e-01
5.117075351533717509e-01
5.117075407984965629e-01
5.117075801344480590e-01
5.066290680418065184e-01
5.064592650049684064e-01
5.064596697482650622e-01
5.064597149758104377e-01
5.064596369544986931e-01
5.064597615043511247e-01
5.064597522779474836e-01
5.064597413737524922e-01
4.968558174991753451e-01
4.954267379523264458e-01
4.954261580953976951e-01
4.954260534741383171e-01
4.954260992006228048e-01
4.954261470101956055e-01
4.954261588478867662e-01
4.954261377556674062e-01
4.954260620513827318e-01
4.954262093180923365e-01
4.954261031284232231e-01
4.954261228535732364e-01
4.954256151000560604e-01
4.923523639328898915e-01
4.923277286268994968e-01
4.923273630393340539e-01
4.923272314453083220e-01
4.923271645059468793e-01
4.846570797086338089e-01
4.847005496999178820e-01
4.847010627586035847e-01
4.847010652716303158e-01
4.847009927913630833e-01
4.847010987383910119e-01
4.845082944525243573e-01
4.844854186374774607e-01
4.844128252331756923e-01
4.844926085291054729e-01
4.818041014059277760e-01
4.818549362558067761e-01
4.814004033235158575e-01
4.823034778069195117e-01
4.805429814973505853e-01
4.805763116125214562e-01
4.791864092689797627e-01
4.791797740787422377e-01
4.779117488471897879e-01
4.768780866246410399e-01
4.765062749603769521e-01
4.766793025564290409e-01
4.755195825213570648e-01
4.749185435752980577e-01
4.739803011722937276e-01
4.736733485222402451e-01
4.738075652315537623e-01
4.724373222291609054e-01
4.721339637006968237e-01
4.714039741153083773e-01
4.713056604550923123e-01
4.702339796482361001e-01
4.692398601401160940e-01
4.694530693623510942e-01
4.681394271810021546e-01
4.680612244807568767e-01
4.673334754922230938e-01
4.665155376420767053e-01
4.663177230962220476e-01
4.663149947032622644e-01
4.649291267866811905e-01
4.644787049138230373e-01
4.634144171274018342e-01
4.634030768754114904e-01
4.633897452069444811e-01
4.620456415078870727e-01
4.617628449749808239e-01
4.617018471266642887e-01
4.608105435810445627e-01
4.602641046617067522e-01
4.606929887405480373e-01
4.591130226365098266e-01
4.587653188424923312e-01
4.587710709906137607e-01
4.579764032645025074e-01
4.574383204615232179e-01
4.567112177376015936e-01
4.562275354600982546e-01
4.557583738635362369e-01
4.552688476247770955e-01
4.552976110133751808e-01
4.542111980027067619e-01
4.541907743319117396e-01
4.543757976631529472e-01
4.540891222269527461e-01
4.528210745272104321e-01
4.527203087618367205e-01
4.515313377684312401e-01
4.516591475411986245e-01
4.512600738171149706e-01
4.508350860004766147e-01
4.506794050201995416e-01
4.499809230861234188e-01
4.503120204232681223e-01
4.497631586302044959e-01
4.491195242336347704e-01
4.489307133742393985e-01
4.476622852388267293e-01
4.476553917179211806e-01
4.485050820262166393e-01
4.482893025605620974e-01
4.470084198556221189e-01
4.471041702380832428e-01
4.462428079914541046e-01
4.466086853998867401e-01
4.465027391773324639e-01
4.448194830163109681e-01
4.449051267932197518e-01
4.452984112460065536e-01
4.449741555024810391e-01
4.442503599569924688e-01
4.440605804726598382e-01
4.445648994414864719e-01
4.437566330415691485e-01
4.431448804772173400e-01
4.430427083416105805e-01
4.438201682614328347e-01
4.420213531681501107e-01
4.423139755784648575e-01
4.430268672039380795e-01
4.431343468258761020e-01
4.418245624781680370e-01
4.422793560739909924e-01
4.420133812620051783e-01
4.413847591660896574e-01
4.415048248440507916e-01
4.408979187099676400e-01
4.402164484067736527e-01
4.416026006418437011e-01
4.410969416240012597e-01
4.410774041832121184e-01
4.397058517688657298e-01
4.400166816088891819e-01
4.409681943803639426e-01
4.395960070230673367e-01
4.398162437097154487e-01
4.403297607130812197e-01
4.399162805062420412e-01
4.396155996772669328e-01
4.396288315606621810e-01
4.402967266358582266e-01
4.394475115039247481e-01
4.392564556359617178e-01
4.392552589846489552e-01
4.393364701513744475e-01
4.395887933483073606e-01
4.381923569833213739e-01
4.395730950182891172e-01
4.392897943723687026e-01
4.388424419498068718e-01
4.401934074906294070e-01
4.397515195071955429e-01
4.396734347003520837e-01
4.389750349149154629e-01
4.394696086239984756e-01
4.381714432572729745e-01
4.394627046610479204e-01
4.381104524000907219e-01
4.386131604601760658e-01
4.395234054722341188e-01
4.381853477710583866e-01
4.387539009664755407e-01
4.396970511593295550e-01
4.383578660697343699e-01
4.388949112388979557e-01
4.393420151454451306e-01
4.398865998371930264e-01
4.392988641460435217e-01
4.392141378966215592e-01
4.390243944850186208e-01
4.397924951533728199e-01
4.398903143129329063e-01
4.387460333520459277e-01
4.400736554650910293e-01
4.404592920123679423e-01
4.396819435909146701e-01
4.399204099850623773e-01
4.399208565337910937e-01
4.409247548132159689e-01
4.416514503369875499e-01
4.411419498465654065e-01
4.401832443805090977e-01
4.407108264134541042e-01
4.396080984058172159e-01
4.405884747906123056e-01
4.411683514185847921e-01
4.411007731445985569e-01
4.404416037332042344e-01
4.410250526530828385e-01
4.412629082011463311e-01
4.409807157018512669e-01
4.406863831758541239e-01
4.421818102594892719e-01
4.410849741286114734e-01
4.411600272119083899e-01
4.423721048268483003e-01
4.418872718020729895e-01
4.419795819269851656e-01
4.426533061442202710e-01
4.424602979169605654e-01
4.422270070513525386e-01
4.432087911336681230e-01
4.428991101162760291e-01
4.436035687253430115e-01
4.426864851294701753e-01
4.427643411172657584e-01
4.433246010770952039e-01
4.436191175886753379e-01
4.439582091918289342e-01
4.440028508846683430e-01
4.449106724834140936e-01
4.439350612750896374e-01
4.445234945483326761e-01
4.433753145855809930e-01
4.447035011397111326e-01
4.445751268416859858e-01
4.451793802139074607e-01
4.458228584366518699e-01
4.449125579715432766e-01
4.454911205302783950e-01
4.453015602780626137e-01
4.457341849600728323e-01
4.464329554515039100e-01
4.459329187695622032e-01
4.467241892479679177e-01
4.464725584977335404e-01
4.470017668603669669e-01
4.469822601147322993e-01
4.470486721432003763e-01
4.467535439393941488e-01
4.482352604258534323e-01
4.479104560071912045e-01
4.470053673599078681e-01
4.488502976575133863e-01
4.492556521284888360e-01
4.480877250684985325e-01
4.480581706041026901e-01
4.492319318143378482e-01
4.485164025640866470e-01
4.488228832185491846e-01
4.489680598162437697e-01
4.492737427120897520e-01
4.500638758669183725e-01
4.496130402005549809e-01
4.502233847608443362e-01
4.504083139730523100e-01
4.503014479547634563e-01
4.512362942917021447e-01
4.499256358482336959e-01
4.505072422821342348e-01
4.519277701265211888e-01
4.508895666160529503e-01
4.513860552047362917e-01
4.521234505900557643e-01
4.517880026585486264e-01
4.519245876786117111e-01
