9.830218753008074239e-01
7.775007601400618640e-01
1.651540526659118768e+00
1.145919684319231635e+00
7.380209007457786408e-01
4.872700228486085972e-01
3.308103993790552089e-01
2.297612973103899114e-01
1.623417779616760370e-01
1.170577632940011104e-01
8.693500955443163314e-02
6.697203453437078347e-02
5.357713307383545065e-02
4.433086240630026292e-02
3.769184720629421143e-02
3.078364947269824833e-02
2.876789099414389997e-02
2.588245612815776031e-02
2.323872905922553037e-02
2.095869253745275343e-02
1.931138576256408862e-02
1.757387436141984172e-02
1.701401202169606358e-02
1.490552679353889312e-02
2.926538209425759776e-02
1.277336485179245487e-02
1.226770265586842219e-02
1.202242274202838281e-02
1.087041295688159770e-02
1.255104023813980070e-02
1.017715055782333726e-02
9.510094907089006525e-03
9.234203294571894510e-03
7.192336071034313542e-03
9.204199292052997819e-03
8.715599166623413940e-03
1.856160491552252476e-02
9.012455991549863862e-03
1.203708493827606966e-02
6.626556610573327601e-03
7.361351961528058048e-03
6.213930563066555508e-03
5.839990165968839998e-03
6.149231587724787902e-03
1.512669422132700663e-02
6.069086550936057638e-03
8.765029218024912930e-03
3.885190168078742935e-03
1.570964552512614867e-02
5.092395411784753426e-03
3.787092429249068297e-03
1.659131637369330378e-02
4.145884373365659424e-03
8.697097086450689477e-03
4.337848005111374049e-03
3.624887648498123071e-03
4.896473349390482836e-03
8.256250323877592848e-03
3.225370622536805499e-03
3.576552827220646352e-03
2.892226235638854261e-03
5.212727488457483994e-03
3.838851391752873092e-03
3.319292066967073542e-03
2.161907453618308085e-03
6.611609265267393183e-03
3.216395379913337266e-03
1.356132180742890400e-03
4.235786457729198359e-03
2.755198376162012932e-03
4.273940589793660469e-03
1.959029214404787913e-03
3.578744955868341099e-03
3.279312868220828070e-03
3.652181469919726399e-03
3.221591984549562315e-03
2.077043761847942142e-03
3.388433148406999953e-03
2.493668841389827702e-03
4.015936384765193996e-03
2.926396824320019741e-03
3.539547629976054922e-03
2.666021720453742860e-03
3.370909572981633552e-03
4.927465575935333075e-03
3.008998936115209362e-03
2.794014110490505680e-03
2.448251805455174592e-03
3.048665112233868782e-03
2.142322565519613666e-03
2.079070356286905497e-03
3.675074658519079940e-03
6.820828625880673594e-04
3.893213153591317151e-03
3.383051681063507007e-03
3.647812672890558220e-03
1.486398186157641705e-03
3.066584095532294985e-03
1.795316982043285159e-03
2.617756841824803605e-03
2.607442420621896000e-03
6.614955155327540380e-03
2.570164290104687884e-03
3.377301165377297881e-03
7.184305989406303619e-03
2.038640728665764429e-03
5.150413723340231849e-03
3.645968265772412190e-03
2.600322737950624182e-03
2.606699380364968337e-03
2.177682695356564224e-03
4.246068439145380194e-03
1.932671178073388455e-03
4.589108498677792365e-03
1.841312040144112106e-03
3.744643777910346572e-03
2.183893935191000280e-03
2.563709786937260968e-03
2.516428751222872778e-03
2.015495525440948090e-03
2.182822529542326716e-03
2.255060798083145714e-03
2.225290008461915190e-03
2.506650958606294628e-03
2.293105242888357140e-03
2.314637103590713296e-03
2.888596403484441390e-03
2.526485729842702088e-03
3.792836555350047149e-03
2.889798894056536983e-03
2.244157917043078723e-03
4.258875099352080890e-03
1.733531902510648641e-03
1.990426879715878269e-03
2.243466153713990704e-03
3.073705447571282480e-03
2.115810606995099669e-03
3.829004188289818634e-03
1.989603246790603089e-03
2.743047221452091667e-03
3.105248543599658899e-03
1.735332570127900422e-03
2.513145613028820030e-03
1.779638955076083594e-03
3.298367007152889357e-03
2.607308551683986710e-03
2.127679579777772174e-03
1.963849186357232747e-03
5.060008963232342366e-03
2.203386547033757154e-03
1.954903316668154395e-03
3.392773003020690438e-03
2.495455084394816378e-03
2.642541651402109323e-03
2.050445743157320536e-03
1.219103746402409308e-03
2.168866302837741192e-03
2.096429636325413282e-03
3.395197667554048903e-03
2.575815420231199193e-03
2.318057662057979723e-03
1.381224413604760807e-03
1.866609648532698441e-03
2.705099290453767246e-03
2.194643585877707487e-03
1.850486820623466026e-03
2.086603030581770865e-03
1.327426078937308986e-03
4.772121568501061159e-03
1.506913516293440641e-03
1.200180758251203272e-03
3.866155176634445377e-03
1.271894146522420041e-03
2.841662701388359726e-03
1.613495757011556035e-03
8.673958799605606612e-04
4.818870810267819257e-03
1.858980286138700935e-03
1.434650444416888477e-03
7.031601491851663735e-03
4.677701394099838088e-03
1.674841728981458361e-03
1.283084769232424160e-03
1.125064500510950449e-03
4.236943632959804321e-03
1.965360710231535239e-03
1.804462100225155382e-03
2.095657002248764878e-03
2.809421162648481803e-03
2.012103430438351957e-03
1.690895638757835022e-03
1.818754425984913910e-03
1.453025943573903840e-03
2.004229022747027519e-03
2.257018362271565569e-03
3.325760358523024290e-03
2.627536622513712214e-03
1.697810674155233275e-03
3.242176667540350946e-03
1.950959257125083317e-03
1.585102684533856374e-03
2.022044351395030012e-03
2.166421343277321904e-03
3.356147456379738551e-03
1.740108494119886693e-03
2.804189747047479767e-03
1.759475654893345210e-03
4.856976110116188565e-03
1.371072411137910481e-03
2.837104820397630053e-03
2.181899662845309187e-03
2.210773221511302001e-03
1.360367297084997791e-03
1.419653139321618365e-03
2.436628631524025059e-03
1.587469456937518845e-03
2.280329569332711394e-03
1.652429766485147018e-03
2.167111208433063988e-03
2.022934330182978285e-03
4.759161643571884620e-03
2.474245266174998192e-03
1.175128662480101269e-03
2.489085927036352452e-03
1.566854071412541365e-03
9.960154381791466640e-04
3.861804953393570619e-03
1.562273064741583496e-03
2.731807463640863708e-03
1.993836713618895445e-03
1.555419195012788846e-03
1.672552485404426399e-03
2.250528292278129554e-03
3.557532016949286127e-03
1.638691826193617055e-03
1.814916671643801742e-03
3.805554661106923600e-03
1.695216335845240764e-03
1.692975850493420040e-03
1.878576704480854585e-03
1.548087614086826819e-03
1.463421031333674710e-03
1.623105312612168260e-03
1.667981522629459912e-03
2.520386488383903091e-03
1.543164058453190936e-03
1.806063852535073899e-03
1.732245659841735600e-03
1.016140078024350014e-03
1.579488036394697788e-03
1.672863598045336905e-03
1.830297518587938261e-03
2.141148098719754863e-03
1.500100438421731949e-03
1.063507110794144469e-03
1.323297788135117687e-03
1.003734252664254152e-03
2.347054669313087486e-03
1.473244017214917065e-03
1.268791410775202064e-03
1.805146813062576561e-03
1.790649302042001713e-03
2.687805636430405480e-03
9.832388950833592049e-04
3.334056571132663037e-03
1.716583824390511409e-03
2.220575008892540590e-03
1.575239144567006566e-03
1.378860320536205199e-03
1.157803994987781186e-03
1.963766729460286048e-03
2.118653290967384591e-03
2.247121271695651581e-03
9.303962536903573506e-04
1.085157811446564678e-03
1.305238859550644217e-03
1.764713541058840962e-03
1.524109711234337538e-03
1.403764659271391872e-03
1.713991045284459554e-03
1.467327781792029376e-03
2.115207431170281361e-03
1.505616257387378974e-03
2.119457047547322788e-03
1.129958328697659069e-03
3.230483354229971450e-03
1.149832712667727720e-03
1.378005602843406126e-03
1.893212814985114571e-03
2.935514984203913425e-03
1.089586886535951664e-03
2.671449228542672420e-03
9.445418493815253141e-04
2.458243586074117769e-03
1.778231888191755729e-03
1.165877833241380250e-03
1.358526052938507185e-03
2.463706715592481940e-03
4.435791541395774258e-03
2.784255735286793928e-03
