1.001938921934114157e+00
4.208386782537279491e-01
1.073312768596737188e+00
1.079110827535185946e+00
8.641141607067879260e-01
7.474114888166988324e-01
6.573322475286258459e-01
5.827861324915645236e-01
5.199007700239697272e-01
4.600947632087420414e-01
4.195045471193267206e-01
3.800336279182795485e-01
3.427510653331423685e-01
3.106223379751796854e-01
2.839635618608341017e-01
2.545321420152246716e-01
2.199730652481509396e-01
2.113254319404941350e-01
1.951798798427228643e-01
1.783915274633270376e-01
1.666436215863443260e-01
1.512224046773837927e-01
1.438728355424623295e-01
1.362323711073798183e-01
1.275282948410721706e-01
1.199292149258695539e-01
1.161893296180844110e-01
1.062336363792604488e-01
1.022268972552835276e-01
9.986639781987638464e-02
9.095369316953542949e-02
8.843147215204726075e-02
7.346514096483389156e-02
7.938366936966127774e-02
7.781369375566493662e-02
7.254151399659546084e-02
7.047580665051712823e-02
6.951127150008722111e-02
6.146075047560492499e-02
6.326475793227544220e-02
6.266410045496466352e-02
5.672309361270755357e-02
5.680407892217233939e-02
5.667821875977592516e-02
5.148178297492180672e-02
5.444660361901469681e-02
5.011808187238253609e-02
4.454216732436567378e-02
4.703656727383136865e-02
4.543277268836180827e-02
4.423407956475482877e-02
5.846320399114988270e-02
4.191799875992169300e-02
4.287376386886394830e-02
3.111425404955097535e-02
3.962274320115181936e-02
3.858041135691733792e-02
3.657609090394033091e-02
3.722940471261426687e-02
1.961119878962825844e-02
3.591296146778166082e-02
3.528326140803933475e-02
3.326774867478769770e-02
3.487521681136997176e-02
3.158823003393750745e-02
3.372292999648014711e-02
2.457309549090333153e-02
3.238963075039471423e-02
3.135720396524743075e-02
3.161843353581398480e-02
2.786406448146076797e-02
3.050636206376118598e-02
3.068459191126157032e-02
2.782329951072503790e-02
3.494500664484070929e-02
2.920184008034898415e-02
1.835107521675546915e-02
2.845996984045292763e-02
2.862626947426718388e-02
2.723833020469347901e-02
2.478551027550212477e-02
2.108751229429211768e-02
2.716970738719737613e-02
2.468420046005500787e-02
2.655944286691626008e-02
2.576295251772645414e-02
2.605546562073092140e-02
2.587881902426000108e-02
2.514561110105460046e-02
2.534501864209500605e-02
1.735199372970061549e-02
2.111311358319798229e-02
1.954153990238797003e-02
2.440964949991862240e-02
2.347169704914607580e-02
2.407173406923680814e-02
2.491941224686493317e-02
2.357712900050836988e-02
2.384569482517225752e-02
2.302012646379282892e-02
2.324281303682114094e-02
2.276023866787094466e-02
1.850641696942125977e-02
2.230871750644062776e-02
2.178789319870142946e-02
2.882311260927892041e-02
2.158783048144966715e-02
2.157469066807672295e-02
2.057472602018604879e-02
1.143017608104821177e-02
2.079598951178978847e-02
2.074119091760122033e-02
2.063154954700891636e-02
2.031004153325956588e-02
2.024379929828258248e-02
1.965854337997956225e-02
2.081776372967466052e-02
1.942184963655382152e-02
1.862396416866574089e-02
1.540978880011052710e-02
1.863297577252595247e-02
1.859853794849236283e-02
1.496475535515816822e-02
1.793415669875245838e-02
1.858548167872362683e-02
1.771668826813150785e-02
1.655079673036677704e-02
1.732644833482093957e-02
1.766727098733808857e-02
1.420634230822924622e-02
1.657272290430950035e-02
1.656494129846463464e-02
1.649522997344126177e-02
1.435917205720480157e-02
1.321475556677577552e-02
1.551307865689431631e-02
1.308979431380359951e-02
1.404412102506233558e-02
1.507360837567554672e-02
2.499785973856917878e-02
1.468653379498367079e-02
1.430055431072897558e-02
6.249026291242178351e-03
1.405390567711677086e-02
1.379693588701982714e-02
1.339716363073646145e-02
1.323508924365997957e-02
1.332423891249216903e-02
1.299388947574345310e-02
1.200382485862364935e-02
1.278482315758350078e-02
1.246302799246210707e-02
1.197992570162378402e-02
6.307116022256333693e-03
1.189018495821118557e-02
1.286757633847029729e-02
1.160455790216525541e-02
1.013710045943954675e-02
1.142636486669160699e-02
1.110888266838728697e-02
1.029026300886793852e-02
9.170712208297505247e-03
1.038013570986415050e-02
1.392146614490779102e-02
1.021723191447631261e-02
9.499801829865327923e-03
9.550648430015804338e-03
1.012495832437384016e-02
9.378698092832536345e-03
9.046493949870195589e-03
9.036644666854321689e-03
8.675675465612847637e-03
9.192526470218332496e-03
9.086600641123251942e-03
1.198148318954193881e-02
8.248890593501787688e-03
9.518262857299423715e-03
8.195226589170814466e-03
7.515871098441157493e-03
6.979081926750019434e-03
7.619698624105587792e-03
7.368302771309233681e-03
1.033308449560470764e-02
7.018605952943166894e-03
7.146569901002004094e-03
6.861078945017428515e-03
7.788494017580320852e-03
7.777274323604935202e-03
6.482771398720532305e-03
6.323702146104704346e-03
7.170975544535721641e-03
1.512887219022072613e-02
6.088490757054473151e-03
5.703879442848974746e-03
5.462262435179142568e-03
3.969382855462086183e-03
5.554876999740267392e-03
6.916086184246265055e-03
2.682648800242764999e-03
5.257880532211029086e-03
4.991333342441351892e-03
6.614220525804550589e-03
4.914958155705325023e-03
7.387850394887713300e-03
4.884055198432851741e-03
4.446450265052625042e-03
6.626646829441213554e-03
4.399875709426842932e-03
4.013076651288313181e-03
4.063140362609180337e-03
4.116516462029692902e-03
5.161271910177865629e-03
3.823810486759749230e-03
4.011723558023328091e-03
5.818252410719431875e-03
4.444133725173055570e-03
3.691149262289468262e-03
3.779584040015367217e-03
3.493075998280705495e-03
3.152168366326100861e-03
3.622453362702937434e-03
3.261951610517374416e-03
4.192400201372926787e-03
4.846220744572559899e-03
2.925246276604950152e-03
1.115766590722497460e-02
3.013788992588087995e-03
2.828687818497696571e-03
2.566064768813847933e-03
6.713206699342596194e-03
2.750541341027675293e-03
4.511610997822319662e-03
2.528269232584636969e-03
7.917379821102767806e-03
2.609964900016640849e-03
2.941994533378526969e-03
2.912030357557444937e-03
6.428071709791644342e-03
2.357881305233745870e-03
2.633866454814859717e-03
1.961425696091469769e-03
5.141353190784883100e-03
2.103540677955230247e-03
1.707180002534519452e-03
2.012471912218595418e-03
1.939072363696949311e-03
5.274369117149671146e-03
9.435019333826184795e-03
1.925250996228662160e-03
2.078538000359444679e-03
1.558881442818074768e-03
1.601770777999456715e-03
8.811385194373567943e-04
1.700786016770873023e-03
1.305491371603971973e-03
1.679663969338112241e-03
2.050798650053271138e-03
8.705386074345473207e-03
1.161899817454292933e-03
1.607461094848283223e-03
1.760204775907137174e-03
1.866170243497920073e-03
1.396012359456454046e-03
1.662968248793412649e-03
1.181879491739534988e-03
1.236104734148764589e-03
1.379611422415796124e-03
1.050209964083586786e-02
1.206372876345231451e-03
1.163198077218105704e-02
1.189830576625727646e-03
1.058301703269547622e-03
9.511442624277288661e-04
1.105522147946637638e-03
1.090061884022929103e-03
1.689915023158826152e-03
1.030613595481777922e-03
3.310855556879155337e-03
1.920989926397064862e-03
9.859067442739794049e-04
9.577876827561229971e-04
1.663111460198158113e-03
5.068269173018176421e-03
1.831016241086177911e-03
8.611309228723653232e-04
8.029261674199171528e-04
1.443181821249230707e-03
1.162436184535899260e-02
8.422324877761788731e-04
8.316343944054687201e-04
1.079085782145158779e-03
7.657147483651496021e-04
1.365143351051032730e-03
7.658942836208166476e-04
9.261290512270946513e-04
1.387330531628505961e-03
7.295096459928281703e-04
7.750296757555240161e-04
7.503995021675074562e-04
7.168346572597164481e-04
