9.970475201686443967e-01
3.856427007815380614e-01
2.561528982386064524e+00
2.420254800490158065e+00
2.057023103293413868e+00
1.754584682095599701e+00
1.499773342910511120e+00
1.299841719412894614e+00
1.117938767889907536e+00
9.744406279621917744e-01
8.599767275895896512e-01
7.545990306673615589e-01
6.839080616856570982e-01
6.214106064340290114e-01
5.575737106814467881e-01
5.160058080385226953e-01
4.779400280568826820e-01
4.365346889794072816e-01
4.107884276458736439e-01
3.615809294089269987e-01
3.559224720149642418e-01
3.380928370642010128e-01
3.053737113535766046e-01
2.956433817992887847e-01
2.834241365984928041e-01
2.514393668263443238e-01
2.492253546125360042e-01
2.411105162030373894e-01
2.033608935379770111e-01
2.113184884384370077e-01
2.068191206901023316e-01
1.987138308853713953e-01
1.799785352844202602e-01
1.790479391733063030e-01
1.751652015574890198e-01
1.573635642689189262e-01
1.575291205847984266e-01
1.563251757175763423e-01
1.390187924138528153e-01
1.406800734897116767e-01
1.362328485769368214e-01
1.187643699301428185e-01
1.238230612511167783e-01
1.233836740041750202e-01
1.164073610784309709e-01
1.092136581721488975e-01
1.111617756032016319e-01
8.536864078769669517e-02
9.863713585129328665e-02
1.009826091444190055e-01
9.546479763784802841e-02
9.041148287907938008e-02
9.285765745335906873e-02
6.710755145925498266e-02
8.383353302617542469e-02
8.560336806784199504e-02
6.489473747683002780e-02
7.697618829041794064e-02
7.923580395952607713e-02
6.495969615927690843e-02
7.255954404350144216e-02
7.399882788268785649e-02
5.758861476020227244e-02
6.846137573265691223e-02
6.921609976163760336e-02
5.368484606781760704e-02
6.367722306242631913e-02
6.473887610492473632e-02
6.609343496607120172e-02
5.951503998791534550e-02
6.103172557425846911e-02
3.472740550013477673e-02
5.681511418510008793e-02
5.780025805524409421e-02
2.424937402945401624e-02
5.296517266400199708e-02
5.445390828744970518e-02
5.427788730365636083e-02
4.529811039783748078e-02
5.144969081345131257e-02
5.153716181452513978e-02
4.727518267407563451e-02
4.976160459635626393e-02
4.146982579079352277e-02
4.788389828340558485e-02
4.785520896124121487e-02
3.876650578203671982e-02
4.528555435784292066e-02
4.538786993501214145e-02
4.516010071118192748e-02
4.160772544281413077e-02
4.348460464564964795e-02
4.333053497126158199e-02
4.061691619934843650e-02
4.180604418829850927e-02
4.165666108141918844e-02
3.988197217242681059e-02
4.027387189548498753e-02
6.268069058748117206e-02
3.897944399965629081e-02
3.896289535291099643e-02
3.235964542369335756e-02
3.783501551816619707e-02
3.770531461613320368e-02
3.089013451926174783e-02
3.141329468705086198e-02
3.628491687078800459e-02
3.584339366377559122e-02
3.606819190598169883e-02
3.549725942122829159e-02
3.547110447871393291e-02
3.490451397887617963e-02
3.462505972353280281e-02
1.944314664242120794e-02
3.413302430205697457e-02
3.412901256721879995e-02
2.746611794361787304e-02
3.795477934514589202e-02
3.329661498676332598e-02
3.316147952351715389e-02
3.296169450285668656e-02
3.274046467905143698e-02
3.291009434134836709e-02
3.248825369266700180e-02
3.222640368447794723e-02
3.126927569501691123e-02
3.185488541629506731e-02
2.496534034660869913e-02
3.144213689477862173e-02
2.931173698977076678e-02
3.134592658394722009e-02
3.187293741971146399e-02
3.164531447523444285e-02
3.141706330029792743e-02
2.663063339519933931e-02
2.996024428748335008e-02
2.807798372212362906e-02
2.984621138467907428e-02
3.127921576586761149e-02
4.010452878910953506e-02
3.510989862545960821e-02
3.166560843514243384e-02
1.863880079464210263e-02
3.083173114949079585e-02
3.052100594966531549e-02
2.730851207810070999e-02
3.048914861324224235e-02
3.082821556225988358e-02
3.100393052524041959e-02
3.242419361374287989e-02
3.098001491831546897e-02
3.089918979763483370e-02
3.125244447340897597e-02
3.120385610204929813e-02
2.715072035583905238e-02
3.139911984015304747e-02
2.332851461497824352e-02
3.062701809117960791e-02
3.119912667243396331e-02
2.997566095642602985e-02
3.110417368532231511e-02
3.156283345969902038e-02
2.488219155447202527e-02
3.161766356400957934e-02
3.218241057876775058e-02
3.172838852690847838e-02
3.151159324332053480e-02
3.853298598419938742e-02
2.991899600798755832e-02
3.182341301112506793e-02
3.206947392136992592e-02
3.209730547173734322e-02
3.363238453943814821e-02
2.201144314888619710e-02
2.898124878675251495e-02
3.281543176419102897e-02
3.206739733271293108e-02
2.840903939993987340e-02
3.340923653676811794e-02
3.362741236365254793e-02
3.035350749737779005e-02
3.298607456749381994e-02
3.261648540818322395e-02
3.552193865555258734e-02
3.587848603596011099e-02
3.336059342592428978e-02
3.485344123549709988e-02
3.337664119039112504e-02
3.330219958106645645e-02
3.185417317684500343e-02
3.282488906165071524e-02
3.369584936153858373e-02
3.387147981565113986e-02
3.397867542727252971e-02
3.173101302757194708e-02
3.413216641223573017e-02
3.492413298791516296e-02
3.359687378586529577e-02
3.461086544541763788e-02
3.434007158772980212e-02
3.459812905483483636e-02
3.448656435057710634e-02
3.440534138726608626e-02
3.552897718029719709e-02
3.465414580579729426e-02
3.471454425215614314e-02
3.400738891476829534e-02
3.479957647343760729e-02
3.082631923508450528e-02
3.509142193954175454e-02
3.537556732233014534e-02
3.519476585436221577e-02
3.528223730483633774e-02
3.542634882362725307e-02
3.579269705354617970e-02
3.736213418386874485e-02
3.563242520178532685e-02
3.676036620730820798e-02
3.556640090138452753e-02
3.353812910550627718e-02
3.597995531999852864e-02
3.715473809916822884e-02
3.631943162199135350e-02
3.649526034997555013e-02
3.643532554690027958e-02
3.635426968371578693e-02
3.319647644343376447e-02
3.568062948302035131e-02
3.667417675924066617e-02
2.872137344492044914e-02
3.715335557749237239e-02
3.672128407956352231e-02
3.052465829422078974e-02
3.672785164132344460e-02
3.703381717113090471e-02
3.626134111801550958e-02
3.694879703828894690e-02
3.807397592638880890e-02
3.696495811483577199e-02
3.793825908185863988e-02
3.708999695974669886e-02
2.930488691431551093e-02
3.155022404585450246e-02
3.665241363026196936e-02
3.712746394066732819e-02
3.564794812373164867e-02
3.723948081080143135e-02
3.930973496340883777e-02
4.338116249709821071e-02
3.754786520316687887e-02
3.665352942818319443e-02
3.710127988541011418e-02
3.326875256635512118e-02
3.318461763108482981e-02
3.791558138905424397e-02
2.745986633047556649e-02
3.622965979715386808e-02
3.650090578628696625e-02
3.736352318581757925e-02
3.750582356802447531e-02
3.605759283685210786e-02
3.706046308788855242e-02
3.893823887501506043e-02
3.683742216716747592e-02
3.722014071684916908e-02
3.695515396907729511e-02
3.723559475099474242e-02
3.753326563445383290e-02
3.577725612453382109e-02
3.727413643249266606e-02
3.732023633262168683e-02
3.675028020453866701e-02
3.971325692950371244e-02
3.689657885240703317e-02
3.651032106705672658e-02
3.646651816820536962e-02
2.884635022190590661e-02
3.687576932111425593e-02
3.667802086781567911e-02
3.624181156532487597e-02
3.684211977011742079e-02
3.452857077599112701e-02
3.634656690990671624e-02
4.012249819055634797e-02
3.629144125748323679e-02
3.727255963435427422e-02
3.615464144905808364e-02
3.688324681255006343e-02
3.710559478418921919e-02
3.658913008820226936e-02
3.773775822753472342e-02
3.619495019319516477e-02
3.775489772062724791e-02
3.722476154679903171e-02
3.504476423261092960e-02
3.640938739780789218e-02
3.619049497948416405e-02
2.964338956100028358e-02
3.582254594247345075e-02
3.646340918095007655e-02
