9.291347155204905395e-01
1.278826160999703143e-01
1.446510555224922445e+00
1.370383165695985950e+00
1.217039247616867215e+00
1.086075575150585282e+00
9.679921593923527245e-01
8.677068710053473799e-01
7.746940660872975171e-01
6.926581752220548616e-01
6.165314611754110219e-01
5.480542774593357702e-01
4.851921508772290559e-01
4.283664897201563959e-01
3.791277480613363116e-01
3.297641576727434187e-01
2.899376074127920644e-01
2.474526911878209279e-01
2.172422190762506033e-01
1.881062301701379447e-01
1.564087205792140667e-01
1.342636720741316736e-01
8.776186433052467206e-02
9.184467260889120355e-02
7.798736106368818477e-02
6.068311202261996579e-02
5.105269285437989690e-02
4.437468453026875009e-02
3.061606751050951342e-02
2.787885749747190042e-02
2.580687726900176074e-02
1.423156110178130408e-02
1.520940919924321580e-02
1.581675398167552843e-02
7.061940560935273982e-03
9.210382009999748890e-03
1.111447059696226911e-02
2.445925108203686298e-03
6.466211253762079413e-03
4.981801884784475831e-03
1.673782875413341604e-03
5.411133256759507147e-03
1.533716523673356660e-02
1.554725856909884704e-03
4.361431886889349969e-03
2.323010388191464742e-02
1.653892986388631270e-03
3.833472553574230821e-03
3.397912940317226755e-03
1.640873642820095488e-03
3.448313068245231674e-03
8.595553301482124556e-03
3.312297617540586880e-03
2.412635793187074829e-03
3.831105033868148317e-03
6.648121589653764943e-03
1.482620347972530379e-03
3.004682869279246948e-03
7.381223377506259883e-03
1.172200536226025150e-03
2.316868848804927526e-03
1.390282693082476456e-02
1.338650676463356507e-03
1.489110577096658524e-03
3.231203799991737551e-03
1.278607327907044797e-03
2.869454605795148869e-03
1.714131734845724189e-02
2.560935291258014529e-03
8.979399165640029141e-04
6.432018938765720825e-03
1.216187258717487838e-03
4.365639356600298920e-03
4.875657722751687746e-03
1.383547876162693991e-03
1.785980474105402366e-02
2.471241717496441056e-03
1.639473553221646026e-03
1.401713257193328704e-02
2.411876543088070906e-03
2.066648062347504686e-03
3.828807048170343192e-03
5.607743979891019123e-03
9.702532225398546872e-03
2.741318892106425591e-03
9.812964280659577584e-03
2.984067493601784849e-03
8.075550879849463168e-03
4.993550820412651255e-03
6.217004768191348139e-03
3.312231693824767287e-03
6.191505593011696097e-03
3.536464203008416081e-03
5.078992365401538076e-03
8.405014480856542666e-03
4.638761646158750564e-03
4.018167734863259226e-03
1.479958539184637011e-02
4.176258733790469760e-03
2.087976297459695832e-02
4.697039512695320301e-03
4.298575312840587428e-03
2.056188993137021692e-02
4.683679565555943711e-03
4.540722375032807401e-03
1.416345934148126838e-02
4.734998634638245413e-03
9.474570344428374577e-03
4.966471927166498171e-03
4.906955253167254692e-03
5.539183751155189739e-03
5.109849810089417931e-03
3.783506091309176214e-03
5.437968033797485265e-03
7.696248173447522122e-03
5.330082005512696945e-03
1.057815332104186656e-02
5.555604729194440518e-03
5.891140435080667245e-03
6.762497934911335107e-03
3.863498827471955905e-03
5.736025029206304540e-03
5.887797899511030067e-03
5.891440067106062418e-03
1.136624498166678536e-02
6.009723517378151407e-03
5.959771710822529302e-03
8.525597797896258823e-03
6.258186513336197986e-03
1.260583731087443204e-02
9.075110779948766110e-03
7.386685180545886006e-03
6.491123195353143936e-03
1.245083525948308296e-02
6.426351284746664901e-03
6.031836799027496566e-03
6.681770226413829596e-03
6.479769467321950041e-03
1.248753852777109014e-02
6.662083139053384326e-03
9.683872165483674993e-03
7.417722797688859268e-03
6.855834052593927364e-03
5.918023374513924767e-03
6.911451603263480715e-03
7.687981058059030655e-03
1.291476207509902399e-02
6.773474874346824791e-03
5.209762487981691240e-03
6.925385685080154979e-03
7.193948116140294786e-03
1.247913936278652845e-02
6.851983932421984967e-03
6.418112075350887111e-03
6.912342402924903650e-03
6.964393835549718970e-03
6.843247731771922790e-03
1.443249427258651990e-02
6.944915375612890039e-03
7.002669073759131176e-03
6.616290530853785774e-03
6.802591904151253192e-03
6.165893411987565138e-03
7.010079119751117666e-03
6.828782403929014623e-03
1.489851896605899097e-02
6.751728418067558246e-03
1.138980615030667914e-02
6.820236492541082926e-03
1.802980061134751635e-02
6.909936989669242594e-03
6.933534853027002211e-03
6.535302728993784387e-03
6.910872398289360022e-03
6.913952117456480424e-03
8.177241175356154967e-03
8.544372241242796304e-03
7.709261167498878721e-03
6.781188533405199843e-03
1.092443572504255521e-02
6.805617872786451535e-03
7.473957911114556020e-03
1.268631340050226444e-02
6.658470767005791012e-03
1.886270361397649961e-02
6.741610986654099878e-03
7.084389680278568684e-03
6.787883024695110304e-03
6.601332681699515099e-03
8.309118358180569291e-03
6.666325448173748836e-03
6.085164562987372544e-03
6.452700770071836608e-03
1.622992101452536834e-02
6.552792893684184806e-03
7.232181277891874295e-03
6.696763534002813864e-03
6.183994140288345993e-03
7.210917789850876392e-03
6.562285004185998936e-03
6.110058801143077034e-03
6.480471705749211477e-03
1.515703289413222743e-02
6.443956319881459678e-03
8.011131188872132672e-03
5.883625614739692276e-03
6.307220561720494438e-03
6.647132685507598643e-03
7.576173250383590012e-03
8.699825323867269380e-03
6.235459827662498920e-03
1.339337328944653106e-02
7.509315080041962555e-03
6.192014007181710980e-03
5.767614469575028067e-03
6.189437359391968332e-03
1.628170287529765933e-02
6.036048855893732211e-03
7.360064602209426786e-03
6.074387503821890126e-03
7.639626608243554537e-03
5.787476931484148227e-03
6.045819976847051185e-03
6.035565259619023876e-03
4.302298342156315840e-03
5.912661645373593587e-03
6.250369235993141238e-03
5.897862090735852235e-03
5.238965903126792910e-03
6.799390564050767673e-03
6.333806637686130447e-03
5.893657450675252388e-03
6.800875140780441620e-03
6.836352940954017361e-03
4.151528491994417244e-03
5.869129596404149864e-03
5.575355204580324624e-03
5.314172914716104763e-03
6.818246604965767614e-03
5.842104575293898330e-03
5.797732393818296436e-03
8.178723121957384018e-03
5.630418582977989549e-03
5.196468376991630715e-03
5.733983766928752931e-03
5.463571679874237169e-03
5.501888558085809254e-03
5.344471038316345700e-03
5.830404946877967495e-03
5.536863760364835706e-03
6.017470128432845546e-03
5.124715185796792187e-03
5.477633104965240474e-03
8.197709263439174193e-03
5.515889922040340294e-03
1.142073152819951531e-02
5.359981715019637889e-03
4.743686045615076383e-03
5.386555940868884007e-03
7.403540414084596594e-03
6.085770326183686726e-03
5.433625294403349876e-03
5.095801570935180706e-03
4.951282044894918938e-03
5.161882459525602047e-03
7.320171993985482781e-03
6.409759706889082108e-03
5.363465743552068427e-03
4.850900196330602820e-03
9.556888766048944259e-03
5.182335315117202017e-03
5.232648100147451430e-03
8.542490681558413679e-03
7.252655177816183865e-03
8.683593030676482055e-03
5.009290753960974826e-03
5.376197150575811462e-03
5.109106291523521880e-03
4.621934107816627439e-03
5.173754641822931634e-03
4.246728029432400055e-03
4.700438653464711521e-03
5.870974045843999761e-03
5.122134729643918610e-03
6.354542623505918253e-03
5.513801357428349537e-03
6.288532986955923561e-03
5.458050704132106669e-03
5.523790631610451217e-03
5.020327045361199815e-03
4.732423378732170983e-03
4.476891594632934242e-03
5.282518719030583274e-03
5.057860029988616585e-03
4.840396521581876062e-03
4.959561340145635967e-03
3.667922941757037047e-03
1.040525644756053712e-02
4.916478491055312899e-03
4.782295481800280003e-03
