9.924650277997151271e-01
2.039088647627764317e+00
2.345174547002085053e+00
1.912385571094854297e+00
1.063971700516831431e+00
5.521746062551434742e-01
3.152350161913510806e-01
1.953069145569067966e-01
1.305800636841756290e-01
9.256926925814207285e-02
6.769171677243868146e-02
4.993830831226304251e-02
3.670040753587709703e-02
2.675379802668538184e-02
1.937783710170323109e-02
1.403042408812903326e-02
1.025500209056753875e-02
7.671067287991568256e-03
6.073472188736553194e-03
4.850167589182045012e-03
4.082319417562148972e-03
3.749686269686430644e-03
3.680490580142828979e-03
3.399694138355132452e-03
3.905712619501423236e-03
3.289183036054207573e-03
6.884336311168077864e-03
3.303607149045811354e-03
3.344488096642561203e-03
3.545719118695851886e-03
3.307928979746706851e-03
3.449183652044949915e-03
3.403414553401177319e-03
8.371581001038382389e-03
3.202657266758615878e-03
4.204723740107211248e-03
3.049206629299137591e-03
2.792070449684192889e-03
2.440363222323967043e-03
2.999826896556332355e-03
2.623307609954709640e-03
2.606660488998795242e-03
3.066624485167286553e-03
2.619996913407003115e-03
1.052097970651397901e-03
3.053462402324712451e-03
1.133018610106877391e-02
6.686769640800766142e-03
1.074783702413192009e-03
1.621082013104378078e-03
3.098437271588018026e-03
1.514120679670154235e-03
1.583675389282502817e-03
1.203488481010529104e-03
2.003763211453223406e-03
1.068993906114016571e-03
2.372342332060207396e-03
7.888998615536028979e-04
7.115558589478304836e-03
3.727826204899394383e-03
3.020412172086764640e-03
7.154715875169983435e-04
8.579982011831651864e-04
3.280758531074894828e-04
3.837657765648270331e-04
6.048603376085609322e-04
8.665932733053718527e-04
1.274319537460674593e-03
4.842798600414040255e-03
1.865907405407304497e-03
5.535263602823999821e-04
8.589485108835000909e-03
1.156214213742384712e-03
1.018828589276004563e-03
3.726913114822255103e-04
9.078951973389875248e-04
6.950303871236200711e-04
1.358202031101661371e-03
1.653489958828400748e-03
1.042181661092207549e-03
4.394977396536374481e-04
1.631566491047981233e-03
2.333433167843783351e-03
3.302967574719072215e-03
2.601460499648130913e-03
3.241800184546452315e-03
6.695336187594836015e-03
1.205855859671277125e-03
5.544519351635909116e-03
1.233535909160080567e-03
6.654106911573046340e-04
7.948857788833615110e-04
9.563138707266178457e-04
3.752273659801851806e-04
6.178692028521022518e-04
1.208141214893324739e-03
7.310643383568673917e-04
3.389428763036487938e-04
5.420397224869673639e-03
1.677926904987975341e-03
3.845828354060469231e-04
1.399241368100852170e-03
3.373212861336524673e-03
2.693351707600246270e-03
1.414263129235939897e-03
8.362295604517576680e-04
2.545996083651249145e-03
5.065008248531776072e-03
8.255040011168468658e-04
2.040165711199905425e-03
4.644098812847110951e-03
1.956555654128789342e-03
1.142318062261267779e-03
2.017389021813284760e-03
1.234553271721839035e-03
8.689620765672033485e-04
5.324438977089738026e-03
1.030076025611556924e-03
1.626753085420305691e-03
8.023367267672130987e-04
7.326469165148068565e-04
2.309721093557894327e-03
9.287707109141324531e-04
2.007493825132634045e-03
1.763849518981120941e-03
3.431382340233153140e-04
7.909110009120520540e-04
1.167442861974457395e-03
5.739147733914978919e-04
5.633807162233508536e-04
3.213081349210840810e-03
6.488609472052380041e-03
2.855402934663936899e-03
7.056600894376116031e-04
5.426313624632829284e-03
6.123723498696648400e-04
8.453414175370635138e-04
4.466770666703965588e-04
7.885021558902121502e-04
5.398905982228009498e-04
7.659900805890379688e-04
8.240497711565147139e-04
4.934173631568042253e-04
8.422531263688372164e-04
5.328175826866487054e-04
3.361886678195725401e-03
7.234306657762095034e-04
3.526661060435503118e-04
4.557567108868437918e-03
4.385367885618304644e-03
1.080947013800210394e-03
5.426076734004380876e-03
6.902863229410994075e-03
2.306706752173829245e-03
3.648126609369738930e-03
1.602433441288920882e-03
5.551695558235967805e-04
1.653894188867234506e-03
1.135736235226532951e-03
1.314314266972041933e-03
2.379582105129581134e-03
1.766714293277424656e-03
8.767864215623828250e-04
3.476651571657129926e-04
1.461514291037673257e-03
7.983350886479960136e-04
7.248621647531368600e-04
4.076807881362112958e-04
1.433516548172085762e-03
5.247011868869705560e-03
3.804496302652527265e-03
4.151987132096360972e-03
3.075203516816542131e-04
4.525079946793506545e-04
5.185471223798185370e-03
6.016593512012068361e-04
9.392166816596635983e-04
7.146418488051053215e-04
2.573987212565260335e-03
1.251556757675199080e-03
1.045193062828754385e-03
3.324300626032568751e-03
7.191087992131116498e-03
6.980104650802727894e-04
3.477969390670401003e-04
1.563415400391573703e-03
7.523262362156213834e-04
2.778342402121593887e-03
8.095907479967076560e-04
3.964589399815210370e-04
6.554228117494504411e-04
1.416071884069019246e-03
5.152760828845962720e-04
3.446838962354866615e-03
1.049818901257010750e-03
1.966868353152515566e-03
5.279094225294767018e-03
2.981608396724407949e-04
2.828734997258479638e-03
1.987759425870160284e-03
5.830308402607986638e-04
3.138581500893889722e-04
2.790181821871474607e-03
6.718885271151264597e-03
9.968948341891536395e-04
2.754415134414371744e-04
8.341900392223344264e-04
1.928963641308758061e-04
1.474231542338799196e-03
8.783649433757921652e-04
1.075309380448583431e-03
1.806674665725617078e-03
4.998486213383720317e-04
4.336773697584971922e-04
2.173130902338611496e-03
2.176854556693582493e-03
9.897301157745428107e-04
1.924961129010158828e-04
5.609320753206930308e-04
4.526405713848377491e-04
1.601434957971436981e-04
9.958474730354964152e-04
2.333897046427141787e-03
4.835093780500779727e-04
1.672361168215318278e-04
8.035778221827016756e-04
4.977513644960129607e-04
1.368420346307983341e-03
9.568068329163994124e-04
1.352906928354089856e-03
1.373181821074917052e-03
2.306987327916030248e-04
1.770856692235864077e-04
3.998476634856839239e-04
1.328223832140596351e-03
1.395340986851460914e-03
4.213415621626381532e-04
1.166463931870835883e-03
2.765677518062718398e-03
3.867093466963535380e-04
2.646930793026176440e-03
3.761141468802843731e-03
2.108488071964223151e-03
7.536610761557380536e-04
2.904325588775762980e-04
1.463835582081603702e-04
1.969571704574095070e-03
6.333055517867164927e-04
8.322422757655070736e-04
8.458883944333757616e-04
1.251627152559475851e-03
4.259294099137296086e-04
4.333809765400227021e-04
9.610406357853036640e-04
3.384948716932821740e-04
1.287837338369522081e-03
3.706308056340213916e-03
5.410234304590140963e-04
1.274044800109778129e-04
5.031354118794281738e-03
1.828948741797431369e-03
2.262240586188731667e-03
1.261148881716092412e-03
3.422873473139501858e-03
7.138037986249753377e-04
7.357872926419418286e-04
3.058735631267346482e-03
3.953079579455601308e-04
1.448726913059049382e-03
1.629423441857357196e-03
5.545801172741537596e-04
1.415076898143338485e-03
8.931354813091453505e-05
9.492084104394237637e-04
8.830212388762672922e-04
3.016892707343962667e-03
4.842200809632171915e-04
6.860859974321822192e-04
5.790035988871669896e-04
1.325719743653112556e-04
1.853326136375076625e-04
1.088551104991256242e-03
1.697208131153218945e-04
2.478348191682661506e-03
1.175220107911747612e-04
1.462883905744963731e-03
1.619789260475459946e-03
1.757690425512432810e-04
2.194996440091561774e-04
6.025717917805430276e-04
1.010498669234267776e-04
4.912918604081063442e-04
3.388093488901254774e-04
1.493731065927807579e-03
3.094171609101096978e-03
1.975918341779891833e-03
7.027004724537098393e-04
1.179972841417395311e-04
1.742537028217991044e-03
1.672884707794238066e-03
