9.720066659357172734e-01
2.149828198072953001e+00
3.642725982628319592e+00
3.500242092265539284e+00
3.359235165634677056e+00
3.229332384759004970e+00
3.092106221820912548e+00
2.970918930114598844e+00
2.868073185201834185e+00
2.783371986832209100e+00
2.706609291993929745e+00
2.661938495756044354e+00
2.619360637107867706e+00
2.578335866927441433e+00
2.547378200149233329e+00
2.512217821513083038e+00
2.489908394848121986e+00
2.467909860021838764e+00
2.452735722163079224e+00
2.422331688145630046e+00
2.404850757956092711e+00
2.375433049932314411e+00
2.365352585319100420e+00
2.351148793710657880e+00
2.325754255195621401e+00
2.318315353520403743e+00
2.306554136849992886e+00
2.287518951467895967e+00
2.276733173862926396e+00
2.267168012718113523e+00
2.259099584368735592e+00
2.240977652793108010e+00
2.233292654131688870e+00
2.225158921775882259e+00
2.212035480955804267e+00
2.218755244976336805e+00
2.191660505050556651e+00
2.186091990489884118e+00
2.177123253830445027e+00
2.166277364925612403e+00
2.161663861272729470e+00
2.154792345495948780e+00
2.145322795709874164e+00
2.141607913198432023e+00
2.128630298338708204e+00
2.125784061810646719e+00
2.134954172853261056e+00
2.111803787526950860e+00
2.108929049730966288e+00
2.096041383731577223e+00
2.094208414275417152e+00
2.091678434128873221e+00
2.078943761620794639e+00
2.078446153158787446e+00
2.076332412951242823e+00
2.065373687104891776e+00
2.063808692761220698e+00
2.061460198502937935e+00
2.050880287736569496e+00
2.050163111129771121e+00
2.051446744494386021e+00
2.038268909652650951e+00
2.037810224921729585e+00
2.024849782245495167e+00
2.028126695431067716e+00
2.027287910814402849e+00
2.019204421913764147e+00
2.018475640506723234e+00
2.014332524092576904e+00
2.011880984455928445e+00
2.002906634235127381e+00
2.005489362330139080e+00
1.998897374145668149e+00
1.999036922545352590e+00
1.992111287782607265e+00
1.991795090075389796e+00
1.993152907098939108e+00
1.984540322834275283e+00
1.988732178112163185e+00
1.977863698314028973e+00
1.977761422771187938e+00
1.971202835807635223e+00
1.971569737770626496e+00
1.957163127675814795e+00
1.964069000557787215e+00
1.964093784135420462e+00
1.957240211002608810e+00
1.957936646705318307e+00
1.967665857962121567e+00
1.952060435293573093e+00
1.952076150636160801e+00
1.942511637500123678e+00
1.944728166750995468e+00
1.957907167065444876e+00
1.938103951274168901e+00
1.938198669606784774e+00
1.937759765895601172e+00
1.933762383061159440e+00
1.933688159685132968e+00
1.931121695940626992e+00
1.928395911073304214e+00
1.920765712129898883e+00
1.923740929846348369e+00
1.918956629989175378e+00
1.919198462761799284e+00
1.914753161586943753e+00
1.915178777582072778e+00
1.913188403438780494e+00
1.912118310425629852e+00
1.907895296036458355e+00
1.905573263037094511e+00
1.905252204655279558e+00
1.896563259357044728e+00
1.906559740329593966e+00
1.895582532688096622e+00
1.897507229956233221e+00
1.890794314472936000e+00
1.893042443041360379e+00
1.889507803281953890e+00
1.889533325335295499e+00
1.884512917284698386e+00
1.885815536484350741e+00
1.879342718864120521e+00
1.880720152100445297e+00
1.879793099755478591e+00
1.877326656713432129e+00
1.872464975650961483e+00
1.873224104286252745e+00
1.865812240095203300e+00
1.866742209852693346e+00
1.867358494916688150e+00
1.860173017404592288e+00
1.861423277880102090e+00
1.861437862940694465e+00
1.858849511780957364e+00
1.859263114478896473e+00
1.856218893769298717e+00
1.853652037702369748e+00
1.854980583197705757e+00
1.851072704999163099e+00
1.850875050016367318e+00
1.846363914276707652e+00
1.845585064631297456e+00
1.846874907961860934e+00
1.851710629192753199e+00
1.843591884908390766e+00
1.838978354485473199e+00
1.838896446299046472e+00
1.837450494600423090e+00
1.835551710002566450e+00
1.833734435719132971e+00
1.845196002728307194e+00
1.830489467063126652e+00
1.827226069050416069e+00
1.829692252669869124e+00
1.823678147236093228e+00
1.821582622228801185e+00
1.824729115410975266e+00
1.822594065202634450e+00
1.821712633029039408e+00
1.817139444145934313e+00
1.817051644898450169e+00
1.813099826966935391e+00
1.812278396615297549e+00
1.812869135374504337e+00
1.807445227050527459e+00
1.808178234604390422e+00
1.804788563430917758e+00
1.806227684059277694e+00
1.806919516706521289e+00
1.797999621712404794e+00
1.799135627537255644e+00
1.793370818837132674e+00
1.798439042817073119e+00
1.795039642220747300e+00
1.796182994060374627e+00
1.796458811294825653e+00
1.794762467730188105e+00
1.792388901398620948e+00
1.790053169551314216e+00
1.797043736158430383e+00
1.789181481659861683e+00
1.788027197522073397e+00
1.783259341291636657e+00
1.784729803988255981e+00
1.782492805119086254e+00
1.781888926851233679e+00
1.779846362004304572e+00
1.778617128662833169e+00
1.779234882188490685e+00
1.775788023685800798e+00
1.777214116566624869e+00
1.770664709409388804e+00
1.772116750014856912e+00
1.770305003286392065e+00
1.768807497214121227e+00
1.767996845991217647e+00
1.767633676645226082e+00
1.765823328011764115e+00
1.763584227644779956e+00
1.763643353353097076e+00
1.767056608616413005e+00
1.761977803124371134e+00
1.759167780333702913e+00
1.757914742014521803e+00
1.758704524411063064e+00
1.756781789898026691e+00
1.753840511145424275e+00
1.751080404412980185e+00
1.750342579823342737e+00
1.747438013052684980e+00
1.749351905313717204e+00
1.745880470020480635e+00
1.749966085151714701e+00
1.743514121121434446e+00
1.742402934887334220e+00
1.740956684507954710e+00
1.739577098819194756e+00
1.739955389320244850e+00
1.734806824709846484e+00
1.738510274098286290e+00
1.734655491713912534e+00
1.733462741541637930e+00
1.730799744693841014e+00
1.730679492394924246e+00
1.728301024009756048e+00
1.725193696991100811e+00
1.726831166374768856e+00
1.724719431614567977e+00
1.721213159717568164e+00
1.721492408664183404e+00
1.716979399168085063e+00
1.719718607015024325e+00
1.719150929347921242e+00
1.715405501209946948e+00
1.718235685809262003e+00
1.714999092162142080e+00
1.714206105021749860e+00
1.710759547378491785e+00
1.710528275102975115e+00
1.705441201841124910e+00
1.707230416129224215e+00
1.706808283876476207e+00
1.705333381478389532e+00
1.705723417534313446e+00
1.703858203228494794e+00
1.699808791599816349e+00
1.699595767187000117e+00
1.696874633061083548e+00
1.700806311589106778e+00
1.699695737227454595e+00
1.695749232998556399e+00
1.689492436960422284e+00
1.690622634288143855e+00
1.689562300884603685e+00
1.689693500954689398e+00
1.692342466329909367e+00
1.686564501017067785e+00
1.681359098178554667e+00
1.681793916613666617e+00
1.687009622276947951e+00
1.685096941969187467e+00
1.679892055534464079e+00
1.678942610192107443e+00
1.684399416179658937e+00
1.676598169607824040e+00
1.673409484201545450e+00
1.672789090982941929e+00
1.671995903193164157e+00
1.671392996386882324e+00
1.669979484862041508e+00
1.667641474505581867e+00
1.670676476504993069e+00
1.666391907771645364e+00
1.666545287217470195e+00
1.663885692644500702e+00
1.658636202670770610e+00
1.657570030068777678e+00
1.659062287891109211e+00
1.658933978554984368e+00
1.657053480201877704e+00
1.655730781421193676e+00
1.654229479181735352e+00
1.653039934676852507e+00
1.657420280962194070e+00
1.652550831350094729e+00
1.651274354161990088e+00
1.649495446542401655e+00
1.645504826411162913e+00
1.647078973567301485e+00
1.645862884649280877e+00
1.644656309643475423e+00
1.642314267578221187e+00
1.641724502569753774e+00
1.640496573242718803e+00
1.635567344233397780e+00
1.639823122263387001e+00
1.635648391554959113e+00
1.636273243760381968e+00
1.636068142181813068e+00
