1.112645768799399804e+00
4.500474523097565127e-01
1.491020189165298770e+00
1.186705944378948718e+00
7.418394599336676221e-01
4.648098538472630881e-01
2.964985283121143733e-01
1.935019362744428151e-01
1.295179285592118201e-01
8.819325709737325936e-02
6.014738622961969539e-02
4.036443346333772053e-02
2.613944866045366661e-02
1.589140538880283102e-02
8.596821197739686754e-03
3.565768575901216448e-03
1.176120242011979801e-03
2.772678254160319735e-03
4.190556107189822785e-03
5.071984153602211547e-03
4.343613269983470117e-03
5.810146601334841704e-03
2.334212099103708318e-03
5.835819939243422523e-03
3.224941049957968150e-03
5.482350966995616810e-03
5.163149393530405001e-03
5.100626789767325787e-03
5.073324474089131383e-03
4.660002451233163576e-03
3.427851586220856134e-03
4.408413415593052942e-03
3.267779529049027847e-03
1.139756376719766769e-02
3.303107719016714662e-03
4.142157410807397258e-03
4.225773301986476133e-03
2.176234197863324230e-03
3.700142042586133852e-03
3.686358435517714163e-03
3.542760970660127628e-03
3.926875187439925370e-03
3.616825806541601029e-03
1.803193250850896939e-03
3.533751893881312191e-03
3.181382477603665777e-03
3.578009264934173608e-03
2.974034691656582234e-03
3.186582426304001951e-03
3.406020180428794356e-03
3.596706502772154066e-03
3.200367608063598573e-03
3.628099524944000676e-03
3.071931375661728688e-03
4.946120302570144317e-03
1.791861898301465392e-03
1.278601383529207394e-03
2.239591353457240450e-03
1.890348701050104715e-03
2.844293831665670267e-03
2.550894998372845064e-03
1.154515577524891680e-03
2.070199596856983106e-03
1.882375791332317749e-03
1.181979470366145224e-03
1.740058312095027395e-03
2.842721173282249103e-03
7.508796737254231930e-04
1.422132040792624700e-03
1.020316878113745190e-03
1.247463280462844876e-03
1.154851148526556646e-03
9.598149544625357230e-04
7.923073625630048080e-04
2.635187579210484035e-03
2.143584278982691143e-03
6.061938810866497433e-03
4.992997601049138298e-04
3.086391785911633042e-03
4.032863893739437196e-04
3.500317239543265509e-04
3.241837491238792716e-04
2.251293551912886184e-03
4.590269996437934021e-03
8.712655650868238785e-04
5.095951537795732249e-04
3.323690236977856413e-03
1.378009226759528173e-03
2.716632482091825953e-04
1.148250432693320808e-03
4.306255264000003759e-04
8.162548921350940793e-04
2.595909606357084311e-04
4.096418870268829656e-04
3.089469349601456469e-04
4.849225013104446974e-04
3.789547112516173126e-04
8.639713843548376153e-04
8.266241003572058141e-03
2.002511121246689126e-03
7.885771476858089227e-03
3.064002072508653727e-03
1.544394923449935808e-03
2.941730192216316145e-04
3.194475927365354219e-03
2.821896505201774898e-03
2.096827673842071443e-03
2.345973184292505630e-03
6.650811731445082633e-04
4.173683459659079868e-04
1.415037130905215769e-03
1.020137794688946980e-03
7.655310801153925775e-04
4.968819289579289337e-04
5.706198761672441914e-04
1.566909027288059626e-03
3.084011772492298103e-04
1.800226618787469654e-04
1.969440573283479643e-04
7.585674339775703816e-04
5.462675672322014420e-04
1.007018891652552940e-03
1.673576963061329547e-04
4.954685298926912425e-04
2.271006034569331231e-04
6.575707421769093472e-04
5.021860882026188801e-04
4.523754593159494235e-03
2.406799957671186974e-03
9.800204603207993397e-04
3.957220215799789505e-03
1.322105535932614762e-03
1.507993792396240644e-03
7.291201263482305827e-04
7.133895069384472033e-04
3.223001921983879078e-03
3.899900067498295129e-03
6.079877281552870886e-04
4.358008517557847403e-04
2.379873123835586060e-04
7.260564994350856161e-04
7.247497521954445040e-04
1.795056547843026484e-04
3.252564523096393456e-04
1.992061306265211320e-04
1.123388696740887979e-03
1.606403575126689445e-04
1.876814822602578859e-04
2.435834120101514348e-04
9.958546826625037929e-03
2.250015289442920219e-04
1.051510860439708707e-03
6.968269291204454022e-04
3.370647198822069972e-04
1.727230064944014097e-03
5.067797365849554181e-04
1.560156695816299044e-04
1.514114345792163673e-04
9.107210869640586454e-04
4.734936195107380800e-04
1.561051689192819716e-03
2.767953088055819660e-03
5.143385234875887070e-04
1.855489697506381959e-03
3.339203395655506736e-04
4.071605223860452587e-03
2.774434262648088709e-04
4.956219974773581069e-04
2.283735918647489520e-03
1.909754312081396368e-03
1.035161456451782341e-03
1.242311170805613860e-03
4.089557248450283091e-04
1.979523211092356824e-04
2.221008333933726547e-04
8.754121180715217438e-04
1.038835620521322799e-03
1.797292002619986506e-03
6.649029542898812588e-04
6.282622344889005018e-04
2.985641090200246935e-04
1.393342285520099639e-04
2.235090221851377453e-03
9.209292525889635440e-04
3.855634649105014891e-04
1.049485567145818493e-04
5.253432640630805936e-03
1.192561269476355207e-04
1.012988673383839180e-03
2.728417151778569981e-04
1.165881512498860963e-03
2.409052097556180650e-04
1.025809143255232469e-03
7.982664352512082451e-03
1.690041636219994639e-03
3.888331142453518244e-03
1.070224200418517548e-03
7.481826842982767373e-03
1.642878038945409791e-03
2.404192433835102753e-04
1.006270177448038766e-03
7.319859209650916160e-04
1.566567642629894874e-03
2.273923533020133850e-03
3.479274604704323914e-04
2.339598805581372305e-04
3.232666403180294522e-04
1.411278567862493541e-03
5.808143779710842752e-03
1.466985887522203268e-04
1.104172672581030555e-04
3.440478058824596088e-04
2.354085814222824102e-04
8.249339741715678740e-04
4.881847060722047322e-04
3.248365825922835785e-03
5.811100173132070995e-04
1.227164268586146585e-03
1.391324947008442899e-04
3.314057946378067302e-04
4.001085105324999952e-04
3.034583733685676109e-04
1.187967762958744853e-04
8.410697411784671864e-04
9.470641500187357536e-05
4.942398467746402565e-04
4.368301813375526977e-04
2.595985907509208278e-03
2.389945177610777738e-03
5.091610518530070763e-04
1.216374388433038439e-03
2.323910634286026800e-04
1.590647197303806748e-04
3.086926066186929996e-04
1.774257515287151982e-04
3.450186456408894887e-04
3.440384883583375193e-03
5.210886622876695394e-04
7.433164289276707757e-04
1.130751143558087661e-03
1.569046250828704317e-03
2.595694370083307268e-03
2.703268168991994867e-03
2.470660889034017801e-03
5.970990718359339266e-04
3.108107289806954620e-03
3.194233701875936267e-04
1.739041112594418795e-03
2.589364552275196744e-03
1.080784730465329281e-03
2.397880136906527259e-04
3.103419429217738664e-04
5.024942079167764915e-04
6.562616087315101612e-03
1.231827533437025463e-03
5.927631012103335741e-04
6.610678829471161285e-04
3.670983607968596207e-04
5.247323835304651754e-04
9.138216211175966908e-04
1.701838228480151904e-03
9.650574935819878492e-04
5.197149588898706141e-04
3.293500437691899963e-04
1.027912987120522875e-03
2.752969418691159510e-03
1.129501338851486136e-03
5.591936525542205499e-04
1.059888505772542053e-03
2.957586800534964494e-04
2.153066514989941454e-04
3.597522644005896053e-04
4.289934930994243199e-04
3.555339152831281510e-04
3.356130459897913075e-04
3.472641699383318672e-04
1.128625732857520833e-03
6.325948319040009763e-04
1.530867833682323254e-03
1.005510769198399460e-03
8.752294977466531850e-04
3.170441599368061989e-04
3.504805618260725545e-04
3.965788665803359966e-03
2.385803236092871090e-03
4.335781105126058498e-04
4.294343416227206400e-04
7.049977628370761263e-04
3.052858200817967706e-04
1.283481809000400252e-03
5.771099651423588486e-04
4.776172378957009189e-04
2.246477229831239739e-03
1.195632014461299854e-03
8.715261611049830498e-04
2.253843873779527631e-03
3.211198321836700913e-04
3.203280921910591893e-04
1.661876820056321959e-03
3.502224146663197499e-04
