1.161058338044943072e+00
6.045243900175797380e-01
4.634734879762300030e-01
4.878653834061098538e-01
4.971399375252044117e-01
4.989327016894383737e-01
4.989072694597573299e-01
4.987696148707592148e-01
4.987073700661384668e-01
4.986869475582800804e-01
4.986803363988405735e-01
4.986776756296281143e-01
4.986770558339417847e-01
4.986766512351261116e-01
4.986764721954536350e-01
4.986764747523905750e-01
4.986765551853051814e-01
4.986762570037354125e-01
4.986764555753011030e-01
4.986765174879436713e-01
4.986766740643630569e-01
5.070311241971423577e-01
4.991685415042340090e-01
4.991259465273512053e-01
4.991263323929792106e-01
4.991264351612978989e-01
4.991265191992864669e-01
4.991262412124902181e-01
4.991264338730247441e-01
4.991264730541035144e-01
5.012735288021084035e-01
5.017488291464033967e-01
5.017497104632696603e-01
5.017495971805954191e-01
5.017497384003470895e-01
5.017496491455266661e-01
5.017498207668430465e-01
5.017494106086780592e-01
5.017498139450345951e-01
5.017494855134462250e-01
5.016003686637623415e-01
5.015304423850949211e-01
5.015325604267608650e-01
5.027718452244458458e-01
5.037212907108107318e-01
5.037070726905287232e-01
5.037068414781245007e-01
4.997778971467588538e-01
5.055469217041049790e-01
5.055290043457607574e-01
5.055292640764846857e-01
5.129535025067473164e-01
5.131458143210535505e-01
5.131464984825628850e-01
5.131460862963252989e-01
5.131466095423966589e-01
5.115187002263570371e-01
5.115234562815104136e-01
5.115235945225525827e-01
5.116965286770157606e-01
5.165926682721297958e-01
5.166345060437357306e-01
5.166345767712696713e-01
5.166344342410855717e-01
5.166341323356764548e-01
5.166341887600096605e-01
5.166344148168201533e-01
5.180276846282900749e-01
5.194470423437969053e-01
5.194474311310927073e-01
5.194471793256382197e-01
5.303362341986509465e-01
5.404367582839741946e-01
5.404549638251333610e-01
5.404552706931260442e-01
5.404552822032774317e-01
5.404549455859294360e-01
5.399594286357897177e-01
5.398942129333849094e-01
5.399923659160529299e-01
5.396212343271366008e-01
5.395435459448725268e-01
5.398562490404323899e-01
5.412123652316396250e-01
5.440273302822026258e-01
5.436525942803157596e-01
5.432114028081508339e-01
5.460677870162086167e-01
5.472262918633461481e-01
5.473881628865295834e-01
5.498213330611987359e-01
5.499204227214351537e-01
5.520118967752770667e-01
5.534352493561111030e-01
5.540604562189774818e-01
5.551967444546498376e-01
5.552779506191795056e-01
5.583917734463563765e-01
5.584278433397357189e-01
5.593321521597564017e-01
5.613677194731430120e-01
5.611373226607870857e-01
5.645704522071167686e-01
5.641837420950772675e-01
5.656222757892019892e-01
5.693198630954311446e-01
5.698892064385989720e-01
5.710060467434380227e-01
5.710335950646168168e-01
5.771441601468588756e-01
5.772979733183359885e-01
5.773168974002862441e-01
5.779031636449390996e-01
5.787312075550525847e-01
5.812163594523571675e-01
5.812865195235773497e-01
5.811344668815164871e-01
5.834447306801158195e-01
5.847912974495947935e-01
5.868530217518319603e-01
5.873351674899928154e-01
5.887079897373290738e-01
5.905593643593191056e-01
5.919155302534353513e-01
5.923899914371293374e-01
5.944018431334358032e-01
5.958033195529439663e-01
5.981539957951995667e-01
5.988806119202778611e-01
5.980876209998827742e-01
6.002343096961104685e-01
6.006326560410953919e-01
6.034078502782003195e-01
6.040462614406617581e-01
6.035764892337632803e-01
6.067157390323028032e-01
6.102634081728529614e-01
6.102358523755877506e-01
6.086415498495629794e-01
6.128196441262235838e-01
6.122570412935953721e-01
6.149244182271608183e-01
6.150073723996076769e-01
6.167977193871114761e-01
6.186962688430361901e-01
6.193077369008680444e-01
6.207036942377487376e-01
6.214772166005612108e-01
6.233196333579390513e-01
6.241824204330245207e-01
6.265157311591319500e-01
6.265716698239208737e-01
6.285259696662796047e-01
6.288211792929552235e-01
6.322877669668260925e-01
6.319023739085667390e-01
6.331502098320582750e-01
6.344305844956523721e-01
6.359342412380426524e-01
6.358687528175245296e-01
6.381182871131501066e-01
6.376766372610577216e-01
6.403465836223733998e-01
6.418635542073942712e-01
6.426531450796416634e-01
6.433319555097060105e-01
6.452894710141063861e-01
6.456120781626888405e-01
6.484145980032052226e-01
6.490091711910528360e-01
6.501383240232769811e-01
6.517330098494562574e-01
6.516024440793297678e-01
6.533991535806300543e-01
6.540579277495185417e-01
6.561936960231263827e-01
6.562389614950248085e-01
6.580839625329693021e-01
6.577669160375282376e-01
6.577516350762838693e-01
6.620437015977035378e-01
6.616688183342184226e-01
6.639487832128524447e-01
6.630391129940189643e-01
6.657967724563166323e-01
6.672415368372621725e-01
6.685126358487916143e-01
6.696252643275931726e-01
6.699405753905822714e-01
6.704832646357079540e-01
6.726930887043891527e-01
6.731119084656717044e-01
6.750674813047171652e-01
6.764332674198192397e-01
6.770717554738622246e-01
6.777407916554786249e-01
6.789678071618215904e-01
6.798286213930087030e-01
6.808454479164451900e-01
6.821126426778119090e-01
6.822681139321326027e-01
6.835481946972556955e-01
6.860194021152463684e-01
6.870298963223038236e-01
6.882909394067233677e-01
6.889936257159238187e-01
6.897437215519616194e-01
6.905437558055236291e-01
6.938936734883655033e-01
6.934424919611742455e-01
6.953357156304502684e-01
6.952605315678892506e-01
6.966247776374677736e-01
6.989746080921194205e-01
6.991452885596917133e-01
7.000719162060624612e-01
7.006724811047916335e-01
7.015897025792987574e-01
7.037595831228261600e-01
7.035974541693340578e-01
7.040614312127747576e-01
7.053230073476252082e-01
7.065673675443416846e-01
7.075826220777560183e-01
7.099239504433837444e-01
7.076600304346486459e-01
7.108260399869212876e-01
7.117447774686869177e-01
7.123589594659667235e-01
7.134178006649101178e-01
7.150365078814392428e-01
7.162706544695144339e-01
7.168481651265672383e-01
7.177304969832137838e-01
7.180201090829311239e-01
7.187076291470967382e-01
7.204689632743501715e-01
7.204688831304183472e-01
7.218450613378972758e-01
7.233877254278759938e-01
7.239761272993953112e-01
7.249480196762634332e-01
7.254870450438171137e-01
7.276242301423023751e-01
7.279531389979475575e-01
7.284719629943159358e-01
7.290574642401098648e-01
7.297793631515293589e-01
7.323512475649971432e-01
7.325374986801432842e-01
7.335598178977688066e-01
7.337352126005618480e-01
7.345536200459812370e-01
7.362239803128776128e-01
7.356561087295895307e-01
7.376617069385581482e-01
7.379452990412824764e-01
7.391670135634764716e-01
7.401189515395057983e-01
7.403336920690237744e-01
7.403219127450543224e-01
7.419873640354722744e-01
7.435976778277867405e-01
7.429339017016108881e-01
7.456647552206323581e-01
7.468116755917295624e-01
7.470279233429976129e-01
7.473710643298746570e-01
7.474849656361983730e-01
7.490011787843249280e-01
7.496981621094543913e-01
7.508450643258021140e-01
7.506865598314076404e-01
7.523441807567117223e-01
7.513411933658937780e-01
7.531020654423263849e-01
7.523338889343984537e-01
7.553969390238735038e-01
7.549326504601826526e-01
7.559829146011175505e-01
7.568565902518801236e-01
7.569794347437347470e-01
7.583931785213724464e-01
7.585638926768708545e-01
7.591212091549222052e-01
7.602132896037134824e-01
7.610680873821973336e-01
7.603342438659678182e-01
7.618952503846557756e-01
7.629498356354464939e-01
7.632094376635927269e-01
7.635328801697289780e-01
7.641271111028787866e-01
7.647950957993708831e-01
7.658843869160917306e-01
7.657564961513007029e-01
7.674764644980945905e-01
7.693956285458182220e-01
7.690117469010009366e-01
7.683859783802362564e-01
