1.055064232110914046e+00
4.613135312616596373e-01
1.814826497055390231e+00
1.605286465102938598e+00
1.344022466740095734e+00
1.165361008570460655e+00
1.022400253794504277e+00
9.077511023620599140e-01
8.110280602557348173e-01
7.295971456574207314e-01
6.571549632912642158e-01
6.153716120875361018e-01
5.422135394458210689e-01
4.972214867814911954e-01
4.544174754560530438e-01
4.183289245683835533e-01
3.832997072593969934e-01
3.547698976984117181e-01
3.300061883156357179e-01
3.051584229395032377e-01
2.825545362855922948e-01
2.648387950541025160e-01
2.413221296167339103e-01
2.290177613339113294e-01
1.880221077129280993e-01
1.987029401163614983e-01
1.891811659758693420e-01
1.683253649682449615e-01
1.659119896901316282e-01
1.590596565961943654e-01
1.449445543834191885e-01
1.413178601311944338e-01
1.673421401791626018e-01
1.244488978581005656e-01
1.225869211539199755e-01
1.260789063092520035e-01
1.098155015271402857e-01
1.086428169263884691e-01
9.657008974581143823e-02
9.837598002973121925e-02
9.767853183377021853e-02
8.834666353429913854e-02
8.997155578228037409e-02
8.685094647188551509e-02
8.020181008637132514e-02
8.264964015439013600e-02
8.259923596747456576e-02
7.469870355427081499e-02
7.713981775387640516e-02
8.242569715247100026e-02
7.036114495184164763e-02
7.212422319548313088e-02
7.176964321131130975e-02
6.292433703670015366e-02
6.727099728433862114e-02
6.744056913402959874e-02
5.629008516918646704e-02
6.430351044414768513e-02
5.450843331962897109e-02
6.163657262474905862e-02
6.204764096494570086e-02
5.244146928241740641e-02
5.910108787952747522e-02
5.857031492457315941e-02
5.605626100325345612e-02
5.715707114965012936e-02
6.701715553496460920e-02
5.529805428208463269e-02
5.315300956706139890e-02
5.136568950822036073e-02
3.945271069473537534e-02
5.325198674364946955e-02
5.067841017680154575e-02
5.212886703355577855e-02
4.831486580609943571e-02
5.215815110519777392e-02
5.018600836589523495e-02
4.983280756832716291e-02
3.272077223815974406e-02
4.874543629226030239e-02
4.866332494680535720e-02
4.828464557566623794e-02
4.735478466062942315e-02
3.961282767437417085e-02
4.652411095860902596e-02
4.625923980138781089e-02
4.609560990998740060e-02
4.546205738550618963e-02
4.505993752478386349e-02
4.571572529568046495e-02
4.435156703028240305e-02
4.403299850537607113e-02
4.143915838404597235e-02
4.344189681182068080e-02
4.405384800990422289e-02
4.285377481643939945e-02
3.688491963080538921e-02
4.257914489496968102e-02
4.335027502881202977e-02
3.444707292615672295e-02
4.177800934339263861e-02
4.149053729664192725e-02
4.256723671680460314e-02
4.133864799998158979e-02
4.073538781868166203e-02
4.063791463652183938e-02
4.394836336136352661e-02
4.083941648565379834e-02
4.033209935873013907e-02
4.069822391921808918e-02
4.043264218732822712e-02
4.057564240782905035e-02
4.017695539667351379e-02
4.331012018669574276e-02
4.033154149728854221e-02
3.371203203931000258e-02
4.044891707084356802e-02
4.013382273942613099e-02
4.370257349235206340e-02
4.025279715003413777e-02
4.120547587903753556e-02
3.560941152893772749e-02
4.084602831039026161e-02
4.018289978707988153e-02
4.546185229938351502e-02
4.086615209825287393e-02
3.582210433150378320e-02
4.047390426424949533e-02
5.064456698061300943e-02
4.013489293461643820e-02
4.075702322796134758e-02
4.048344288923538814e-02
4.111959494552348826e-02
3.534794342869165829e-02
4.045060043668812638e-02
4.171085808671164130e-02
4.080620860013785961e-02
3.319886548384014952e-02
4.057883170112750598e-02
4.177375732894401256e-02
4.126668841168828344e-02
4.286418210612711471e-02
4.076121125931371492e-02
4.130486077853769838e-02
4.099990119389339965e-02
4.091149603168228732e-02
4.112886373174123866e-02
4.089590256922336076e-02
4.074349218964529173e-02
3.977022836821679508e-02
4.101887918425325963e-02
4.070047104338486710e-02
4.231070339873360675e-02
4.121672836729590311e-02
4.063483225570679175e-02
4.062764410514246860e-02
4.087320133425132590e-02
4.400852828253276616e-02
4.064467534353733563e-02
3.084915531354805174e-02
4.122659506420779663e-02
4.036606465949916372e-02
2.674257109543226249e-02
4.066263659985834555e-02
4.134485567223283864e-02
3.958547644319249104e-02
4.030145359503684716e-02
4.133674374984284278e-02
4.116705080826437574e-02
3.918213936897430028e-02
4.023187168458739610e-02
3.988352072189257913e-02
4.067048656673606655e-02
3.608299952325440263e-02
3.566313891657105911e-02
3.943885838416975875e-02
4.013679632829702387e-02
3.980865643767770440e-02
3.997656313086524194e-02
4.152957137849062202e-02
4.119272578917194949e-02
4.043217118792765546e-02
3.961059660870493854e-02
3.872150113861600601e-02
3.920418460845551123e-02
4.098792245231095560e-02
3.994561424082979095e-02
4.120615599840353471e-02
3.890249868993581051e-02
3.937510582577422730e-02
3.870569162142541153e-02
4.003324524652326216e-02
3.900024826017272489e-02
4.059824115816965118e-02
3.867936109427184965e-02
3.938006756358763266e-02
3.828209567839221950e-02
3.976787699480015259e-02
3.802338569046351258e-02
2.555656029838837204e-02
3.874193935246812714e-02
3.912167824039034653e-02
3.818369802326042339e-02
3.814140101381627290e-02
3.783707487870354574e-02
3.836017828569341509e-02
3.878494544553705986e-02
2.560115859950497577e-02
3.832819356871276784e-02
3.862912838938578619e-02
3.798669521044157477e-02
3.847074469447241823e-02
3.938715254881452327e-02
3.846751583651625284e-02
3.469335313002952503e-02
3.683057948956300343e-02
3.729076332909372210e-02
3.813991927520923170e-02
3.768681739722629792e-02
3.781510911131585190e-02
3.909805256368552306e-02
3.603699759974531708e-02
3.688319112976940622e-02
3.826068413820261915e-02
3.488047032316873158e-02
3.098040525316097388e-02
3.718234000006867546e-02
3.774006800798755668e-02
3.767864022155525960e-02
3.752136223390793723e-02
3.754445828927895773e-02
3.754127587509715341e-02
3.880903226028297598e-02
3.888143508136651660e-02
3.772791395977592027e-02
3.760317217769518217e-02
3.673396120571412182e-02
3.726664964143668740e-02
3.720831163319818918e-02
3.265191135955240048e-02
3.528542407053827240e-02
3.674013812234527138e-02
3.564565764372341905e-02
3.899697458394121852e-02
3.729447292018728960e-02
3.666435675115917864e-02
3.657976066117477054e-02
3.781069057322801463e-02
3.392224961600407568e-02
3.848002536247260852e-02
3.599012124616342290e-02
3.700900753926852915e-02
3.615207385727076117e-02
3.730560074051796765e-02
2.905767514149577499e-02
3.662076745854499216e-02
2.970916085411719545e-02
3.804188026610989815e-02
3.665092892540183084e-02
3.693897817627438129e-02
2.880070297110579394e-02
3.679236452144893366e-02
3.661890042717361876e-02
3.619962728832468168e-02
3.680345183120950492e-02
3.844551820312833851e-02
3.655831785732891609e-02
3.701412728835046240e-02
3.640690812016131317e-02
3.690594278892019714e-02
3.733238489689189032e-02
3.648200445378379370e-02
3.688201669609363076e-02
3.749450987523916812e-02
3.690245591775506706e-02
3.677201630872055371e-02
3.687399586899424431e-02
3.557669723370895237e-02
3.677894515941305953e-02
3.705555763433310279e-02
3.525577390335542932e-02
3.677016235460569410e-02
3.858471894809085978e-02
3.732292837240937938e-02
3.782175186270677475e-02
3.737905745215634734e-02
3.634378289275493751e-02
3.681778287833193525e-02
3.655799454273533922e-02
3.600117817669772763e-02
3.725664444608923348e-02
3.701705908652805355e-02
3.684358276999337434e-02
3.686514373630560282e-02
3.853153943285824584e-02
3.840256417065222166e-02
3.671762424831127858e-02
3.834050370379410433e-02
3.796551350129798164e-02
3.699961633986095788e-02
