9.533274142904714088e-01
4.761252862818401987e-01
5.835902349388236710e-01
1.018002484355395199e+00
1.262662532661963599e+00
1.379158030732676066e+00
1.431906655950123231e+00
1.457461373556464990e+00
1.468554613761096306e+00
1.470294425842416208e+00
1.466742430021998000e+00
1.461109531939128514e+00
1.455341378517656103e+00
1.450241816328990074e+00
1.445969257819913478e+00
1.442437140378419524e+00
1.439510981651559218e+00
1.437088649774165283e+00
1.434699606366585778e+00
1.432868834427216687e+00
1.431415368556749668e+00
1.429650188989105564e+00
1.426333104730118206e+00
1.426665808113111611e+00
1.426223239820615163e+00
1.423877793720754514e+00
1.423992819627762474e+00
1.425172118022613788e+00
1.421875942190331976e+00
1.421119720593401414e+00
1.419804314511173615e+00
1.417104893285174194e+00
1.417468278690935390e+00
1.415867216108889437e+00
1.413649838592686336e+00
1.420854931696259760e+00
1.412144258648156958e+00
1.410069156711585725e+00
1.402805480216262168e+00
1.406991065588359957e+00
1.401363979749793875e+00
1.399633775845857020e+00
1.402692838796210983e+00
1.400129290592675435e+00
1.398336184930158765e+00
1.397842045600725447e+00
1.395828377020852384e+00
1.391794927566927464e+00
1.388314804167869676e+00
1.388859322154237352e+00
1.382186364691264879e+00
1.384118858891047354e+00
1.382148145640416326e+00
1.381778239542311049e+00
1.376377502310174750e+00
1.374668936946028097e+00
1.375000786999693192e+00
1.372593943639803582e+00
1.364932512320094160e+00
1.366576802068896423e+00
1.366034599532532257e+00
1.362401542510267349e+00
1.361417807990920714e+00
1.357660342944426057e+00
1.356455018257031853e+00
1.354995191054294557e+00
1.352669893961646608e+00
1.347704328657843398e+00
1.350745534406527559e+00
1.350549525446482102e+00
1.343992573737658569e+00
1.342422869666994423e+00
1.340774375100069582e+00
1.336615890481444469e+00
1.334978052919631786e+00
1.333793517963139941e+00
1.330384081585959777e+00
1.329954006114253184e+00
1.328148086552149998e+00
1.321190218412621409e+00
1.323962929607661598e+00
1.322763226227394062e+00
1.320017027457069503e+00
1.318114803131321455e+00
1.314541848644937172e+00
1.312995336292518633e+00
1.309946271368321646e+00
1.309883171484053088e+00
1.309253893290810877e+00
1.308771890683273265e+00
1.304868844527981242e+00
1.302685627102357468e+00
1.301499448211318910e+00
1.298157263147615925e+00
1.294520968850914944e+00
1.290909518883973206e+00
1.289935909893217714e+00
1.291211404375890215e+00
1.291553409794799823e+00
1.291045267735729141e+00
1.289450979865183866e+00
1.287635199414160159e+00
1.282376878461282343e+00
1.282871019957315450e+00
1.283118655026186827e+00
1.281069227163898150e+00
1.279680012692310020e+00
1.279089985366792304e+00
1.273977777910222597e+00
1.274518150813498618e+00
1.276166023065836264e+00
1.269331275879009402e+00
1.272321041224972138e+00
1.269537883191638850e+00
1.266445323743169649e+00
1.266490393222071686e+00
1.265591201106879060e+00
1.261435732982588265e+00
1.262431298868223584e+00
1.263481100553806247e+00
1.252144276515663179e+00
1.259880778202271179e+00
1.258589119602694151e+00
1.252853589251034627e+00
1.255085369463051492e+00
1.257139285430896258e+00
1.247154468172585018e+00
1.252079003991052986e+00
1.251654947263502127e+00
1.247411252112244240e+00
1.247570843289800946e+00
1.247671503052546260e+00
1.247709587328496461e+00
1.242843735035370711e+00
1.240816747148904886e+00
1.242753825065742612e+00
1.242464796393421000e+00
1.239001454376056799e+00
1.238751930510491484e+00
1.239047596934919282e+00
1.231914998689733309e+00
1.234013214297196237e+00
1.234204715086815396e+00
1.233961491304256253e+00
1.230395728766064511e+00
1.238864563269308494e+00
1.229492201072404312e+00
1.229864689518303633e+00
1.230559633886176174e+00
1.227719265429337403e+00
1.230577874251744364e+00
1.221148953726962416e+00
1.222721020212873322e+00
1.223091193667638077e+00
1.223375760660099898e+00
1.218300455510215485e+00
1.218160436794845536e+00
1.218231870316597520e+00
1.215303251139093987e+00
1.214267577247244878e+00
1.215672583052419986e+00
1.215955061866631048e+00
1.211079222289171753e+00
1.212972699936413878e+00
1.208676505295926074e+00
1.208004827703152539e+00
1.207993256953651118e+00
1.207938652089374454e+00
1.205799809564045866e+00
1.206154904756647328e+00
1.203566420786878366e+00
1.202820508428644519e+00
1.203134229115870202e+00
1.193153382443222110e+00
1.198089303307133369e+00
1.198461724696749275e+00
1.198281075752371416e+00
1.198698269537770145e+00
1.191789502293447267e+00
1.191468653249974752e+00
1.192066916179973068e+00
1.192466997944578777e+00
1.192386635623819968e+00
1.191792900665636923e+00
1.190479762097527150e+00
1.190577495061236890e+00
1.186040402656753034e+00
1.186578794351527577e+00
1.186428494825438218e+00
1.187171894710407960e+00
1.181998379137607413e+00
1.181872172733309023e+00
1.182386117133550796e+00
1.182535602652624585e+00
1.181443717178310315e+00
1.178651161020469962e+00
1.179242085406407181e+00
1.169189674317853367e+00
1.175733194717592855e+00
1.174934168287901981e+00
1.175353453072149446e+00
1.173751877965473200e+00
1.174936082207200583e+00
1.171223824413462289e+00
1.171801770497763906e+00
1.171670021016902208e+00
1.170451922087134999e+00
1.170104112316300959e+00
1.170186340436549566e+00
1.167032879696722203e+00
1.167455932641400240e+00
1.167472211064871868e+00
1.163342331572834176e+00
1.163705504941502378e+00
1.163800808019909816e+00
1.164348811410374829e+00
1.159811977737706945e+00
1.160780773794744647e+00
1.160941501039465473e+00
1.158508083518097198e+00
1.160331449073731536e+00
1.156019599653388408e+00
1.155895622151583924e+00
1.156972668789408409e+00
1.154605101537499179e+00
1.154385173732754399e+00
1.150090899746377238e+00
1.153267060345402939e+00
1.152522402876423602e+00
1.153535479414975695e+00
1.151744537712020344e+00
1.150076243869471382e+00
1.152056381648421945e+00
1.148759516465478914e+00
1.144282394883872289e+00
1.147019627467209091e+00
1.146250033073217489e+00
1.146020367751127367e+00
1.144411968688155312e+00
1.146261054469859264e+00
1.144554882994698763e+00
1.142971999393001648e+00
1.142174098563235818e+00
1.139904048556633631e+00
1.141336708823914137e+00
1.141804440449374125e+00
1.142900989482831919e+00
1.138081889360741839e+00
1.139493986465801800e+00
1.136011390277353428e+00
1.136577837327580998e+00
1.136770962226184567e+00
1.136208836881858142e+00
1.133948168980628335e+00
1.135456130294275834e+00
1.136007906069518292e+00
1.131170864370417473e+00
1.133091658502129340e+00
1.133084660042849912e+00
1.131487135242052355e+00
1.130965665336268300e+00
1.130831763752953467e+00
1.131517863622387043e+00
1.128474018046893734e+00
1.129150693231969482e+00
1.129165849204040839e+00
1.126276399720768762e+00
1.126354780790524535e+00
1.127426950497561142e+00
1.124812340081051243e+00
1.124913417164163043e+00
1.124840455217562374e+00
1.125198245159143129e+00
1.126015133254565814e+00
1.123708399815002812e+00
1.121365022965884028e+00
1.122372096464099300e+00
1.122287204440326258e+00
1.120150488011440792e+00
1.119087052180348651e+00
1.120512825196843254e+00
1.119381910902221611e+00
1.118577982028422735e+00
1.119838288475508703e+00
1.117041829178343493e+00
1.117517855481408917e+00
1.117686533437664886e+00
1.116042157144434332e+00
1.115826855083143609e+00
1.117908645294098280e+00
1.114912944139657469e+00
1.114621338690238828e+00
1.114725658596134927e+00
1.115576422545549340e+00
1.113123021640685106e+00
1.114751789854337316e+00
1.112391122503121110e+00
1.110474862852729894e+00
1.112587428268878353e+00
1.110310353579901932e+00
