1.015334633968288713e+00
1.865364490313227597e+00
2.049378211724972587e+00
2.151463025634216653e+00
2.252762299987869810e+00
2.417254958894260675e+00
2.571909034055456900e+00
2.674046784694293688e+00
2.749823651880783260e+00
2.826311525371898448e+00
2.907306600311205358e+00
2.982902298468505631e+00
3.054290846897930400e+00
3.114477277001233446e+00
3.180515180960922894e+00
3.237913694472512649e+00
3.291035553367930966e+00
3.345036725520570631e+00
3.390124309457623220e+00
3.433121803754809243e+00
3.479218715751052571e+00
3.518893700459156726e+00
3.564339741117141358e+00
3.609877535959471473e+00
3.652439689866983752e+00
3.697168553471744445e+00
3.737955468940535209e+00
3.780848754991283478e+00
3.821821595688680517e+00
3.859553781386233506e+00
3.901808116208525856e+00
3.941956125589520354e+00
3.979734592534245774e+00
4.022441409631089648e+00
4.061187709975477844e+00
4.101931806703661643e+00
4.142275901756929279e+00
4.181702975122520982e+00
4.222068401940090254e+00
4.262270827422012687e+00
4.298313370325219651e+00
4.338093276180571500e+00
4.372076682583241336e+00
4.407821750414435691e+00
4.439381603922987196e+00
4.470464848767208288e+00
4.496148913433173355e+00
4.523324716424576231e+00
4.550123064265278572e+00
4.570106788445163382e+00
4.586861122756263676e+00
4.606665557271869993e+00
4.615518326180405140e+00
4.629668590948904594e+00
4.639417187720699332e+00
4.646200239721810732e+00
4.651916974263573756e+00
4.653565568595946722e+00
4.652324708832073163e+00
4.649933832346470730e+00
4.643132831165426744e+00
4.636766922772390664e+00
4.629313092494690807e+00
4.618697229802753768e+00
4.607343051803971967e+00
4.594640275828530740e+00
4.581205340857779085e+00
4.563493983405201071e+00
4.549130606523617004e+00
4.531832629427174020e+00
4.510907913160843385e+00
4.493008604827327446e+00
4.473209860260265458e+00
4.450197586507504965e+00
4.431006697859643850e+00
4.409422569783312262e+00
4.387842574172054810e+00
4.366064782770458841e+00
4.342877021910996227e+00
4.321243456744651823e+00
4.298715178871844955e+00
4.275070504707987773e+00
4.253265092244388867e+00
4.230807766823406091e+00
4.207829668532569123e+00
4.186590279676739357e+00
4.163030695828394023e+00
4.142438231491880174e+00
4.120319225119271955e+00
4.098975242969313371e+00
4.079072870982173526e+00
4.060113881475272635e+00
4.038512934943449650e+00
4.019391035078898611e+00
3.997586236417539851e+00
3.978667296920232577e+00
3.959532223832372466e+00
3.939769360227300066e+00
3.922909612682781599e+00
3.907273279802869315e+00
3.886884442482376301e+00
3.871776974810988481e+00
3.854813648267788384e+00
3.839759061715916744e+00
3.825583447956408367e+00
3.808106546326259778e+00
3.791927763122998840e+00
3.774615483301405838e+00
3.764450540921411736e+00
3.747367753263098678e+00
3.733209513022753612e+00
3.716752888671522648e+00
3.706333244333960941e+00
3.695174562842050925e+00
3.678502556650553590e+00
3.666517767101032721e+00
3.653160949977445338e+00
3.639527332559314043e+00
3.630787863912768199e+00
3.616134006889118346e+00
3.603864540266401129e+00
3.592290996987001606e+00
3.582168962470883677e+00
3.567547178984928458e+00
3.558214791187039427e+00
3.548845278512346990e+00
3.533246154658102878e+00
3.526755738017988140e+00
3.514200319314808585e+00
3.505291078478097955e+00
3.493324669819500627e+00
3.483289674921940637e+00
3.477152871876020956e+00
3.467885546435198751e+00
3.456529085992743333e+00
3.447587787967951289e+00
3.439838318668909878e+00
3.431591761727274204e+00
3.420097429297591418e+00
3.414354774144695348e+00
3.405895505763600006e+00
3.397510675464195717e+00
3.389701036855950811e+00
3.379145253164459461e+00
3.372676511481746520e+00
3.368344297230798645e+00
3.355935961868186101e+00
3.349548928893717026e+00
3.346137099218638777e+00
3.342036671591181118e+00
3.333390187312925246e+00
3.327896139458158320e+00
3.318133612031684887e+00
3.316240685301425462e+00
3.311851996940158305e+00
3.307047966508808834e+00
3.301279259313653291e+00
3.294323634708378634e+00
3.291268204298032796e+00
3.284196840972147591e+00
3.277830379798880145e+00
3.276498593490855260e+00
3.269614297434547900e+00
3.265655745704050261e+00
3.258217783913182508e+00
3.257510042802937544e+00
3.255503617852399945e+00
3.246649504146991383e+00
3.245335730985614120e+00
3.241106299374251876e+00
3.236563212687563418e+00
3.231833103763471104e+00
3.229920221152610793e+00
3.226442494529517813e+00
3.222591238505579714e+00
3.219286221465322395e+00
3.212603088224139647e+00
3.212582158352256023e+00
3.210628386491551467e+00
3.206706432386113192e+00
3.204450337250648762e+00
3.196706887185935209e+00
3.194818716445415152e+00
3.194275755129632355e+00
3.190380881939260505e+00
3.187338012007645105e+00
3.185837525460214703e+00
3.181155431856716120e+00
3.181594161333598070e+00
3.177850781997051399e+00
3.172050815850924632e+00
3.171751363108317623e+00
3.170692037816468467e+00
3.167749146265077531e+00
3.163089907699232928e+00
3.160711049021597940e+00
3.154829274856087551e+00
3.157111336061043438e+00
3.152343261528419482e+00
3.152289549726189577e+00
3.148133854354671524e+00
3.148778560510861357e+00
3.145710160289715063e+00
3.141255932078108604e+00
3.134398104837039511e+00
3.136675288115818638e+00
3.134347659392861196e+00
3.134257064695769923e+00
3.132685579771486317e+00
3.125802897430939531e+00
3.128197628802701580e+00
3.125554266331368236e+00
3.121691887888989214e+00
3.121224464951070754e+00
3.117769973869648936e+00
3.116107508074470900e+00
3.110362370460041159e+00
3.111026776328643439e+00
3.106076234235315425e+00
3.107136515138629651e+00
3.103390500971266786e+00
3.099416062914341907e+00
3.100696159067462876e+00
3.096032412574370785e+00
3.091597504933151441e+00
3.091133641701410362e+00
3.089416199780008032e+00
3.087648155438022179e+00
3.085259032652932998e+00
3.082794829673396464e+00
3.081444764625608013e+00
3.078066612986194439e+00
3.076907968986599240e+00
3.071138656146005452e+00
3.071301013078176823e+00
3.069656409407008013e+00
3.067309344328246645e+00
3.065611361130583301e+00
3.063764219918657439e+00
3.060823707099407098e+00
3.057318575411605899e+00
3.056585481550694539e+00
3.055746850682128812e+00
3.051728584417047863e+00
3.051608272130225341e+00
3.047840169227332030e+00
3.045793819425013815e+00
3.043370107521337076e+00
3.040328960036559725e+00
3.041032254692881853e+00
3.034893620087347088e+00
3.034070886888641461e+00
3.032592406455040468e+00
3.031378469163615197e+00
3.028517925707623792e+00
3.024992331873368467e+00
3.025430539836500010e+00
3.022318569730984006e+00
3.018195255826291667e+00
3.019106653225528181e+00
3.018484699960732431e+00
3.013144082627853937e+00
3.014221750524681998e+00
3.012608934563024476e+00
3.009064291597625562e+00
3.009608207056131857e+00
3.007422220435399751e+00
3.005393796854264998e+00
3.002297208408373663e+00
2.999091515855727863e+00
2.998034957028313574e+00
2.998960365534507400e+00
2.992847765492401724e+00
2.995706736610881826e+00
2.995033465745648105e+00
2.992962170351115336e+00
2.990529372545739584e+00
2.989428481949870431e+00
2.990138111073683991e+00
2.986477052537467980e+00
2.984555802133984415e+00
2.982527031192674372e+00
2.983038949497673009e+00
2.978683683510066071e+00
2.977406198980856900e+00
2.979164772993304844e+00
2.976576009607322160e+00
2.978217713979613546e+00
2.974147672991644065e+00
2.970919148984677793e+00
2.971831808638028427e+00
2.971579859451811245e+00
2.967810442909096569e+00
2.964698146002548551e+00
2.966473320206574282e+00
2.964694526350618364e+00
2.964975287940551762e+00
2.962718308569161962e+00
2.965975271621587694e+00
2.962640724101563539e+00
