1.071880238557564535e+00
5.846525145942479407e-01
1.746300986172693692e+00
1.703581755064112579e+00
1.292507062102882687e+00
9.457467774704311214e-01
6.831192734432586233e-01
4.853820433692088709e-01
3.390236509352745897e-01
2.338034101759138284e-01
1.605553549783417799e-01
1.107885114255928172e-01
7.722288393865682499e-02
5.438558274419289656e-02
3.865249333302673423e-02
2.777580542367811059e-02
2.031160190037523475e-02
1.524078439529003362e-02
1.181368839273331216e-02
9.489297016782921243e-03
7.901961123392422029e-03
7.911813307738007131e-03
5.728212387482518181e-03
2.259782381945931156e-03
4.181594740037652101e-03
4.131384488259513647e-03
3.053867497365241913e-03
3.236066434906350198e-03
2.145808581941712617e-03
1.762589888585098900e-03
1.535160652279138511e-03
1.238046159903763866e-03
2.004380542363064666e-03
1.291454154754249385e-03
2.803905489741515336e-03
4.736996956249055896e-03
1.586223253322851297e-03
8.921768441651967878e-04
7.605171009936179246e-04
8.448335224136337487e-04
4.645348151501716219e-03
7.395352732387959309e-03
1.957664317328684615e-03
2.299639125431862403e-03
1.500565534633562393e-03
1.549342171323628671e-03
1.158379340417888936e-03
1.620713074090630954e-03
3.247640313540532935e-03
3.537232615917983245e-03
4.273280673168905128e-03
9.529548037039628624e-04
3.442996975431218253e-03
3.393693808079731745e-03
3.402454419285365177e-03
2.644614559649110467e-03
2.675328325450222582e-03
2.054551773159242738e-03
3.101049417251199123e-03
2.995777758234276830e-03
2.640710644912112100e-03
2.965416741397567703e-03
8.516749042505756401e-03
1.946645843238826740e-03
4.725954115385531083e-03
4.063907112103455274e-03
2.034926773450912961e-03
2.838238293297422679e-03
2.600188962950722871e-03
2.787104038647297919e-03
2.015051561601341294e-03
7.134579922323200721e-03
1.273471616655541495e-03
2.196261789000887761e-03
2.409583115334988385e-03
2.609260051351332006e-03
9.552006278859072374e-04
2.092580004482849556e-03
2.183768362059760205e-03
1.657338891889100722e-03
2.251645175509750865e-03
3.012884008054655862e-03
2.079685495558432785e-03
2.039247734422704184e-03
4.487549392548782941e-03
1.903240303282800619e-03
1.159231040819000023e-03
2.234053133404419189e-03
1.333379689930006126e-03
1.278288972220341596e-03
1.703064541818797954e-03
1.251717627605195959e-03
3.307983011996488889e-03
2.222812396463170245e-03
1.391790901883114369e-03
3.076314284948947382e-03
1.518812735017263226e-03
2.757972437770212469e-03
2.423841965987529046e-03
1.907476046574803656e-03
1.562615930255036902e-03
1.871836322300026931e-03
1.089224401035113502e-03
1.289827636625721224e-03
9.588766950824247765e-04
3.063136705576645011e-03
1.384397217546817034e-03
1.807010784584678646e-03
1.296286891256215323e-03
5.543128607597982375e-04
1.311740032565773036e-03
1.071526218115141128e-03
1.092188552971679527e-03
1.010845752640132308e-03
1.342690233497027385e-03
6.366628269532923802e-03
1.234198469209086668e-03
1.144838559173336993e-03
1.294797955016734189e-03
2.096568631269465997e-03
1.905323586964104273e-03
1.162124056349782535e-03
1.664860282290625331e-03
1.275028687686582257e-03
2.581415089922786330e-03
1.813371543106983251e-03
1.187034650192412936e-03
7.463419151706845436e-04
1.217902960951909065e-03
7.466671313981866794e-03
1.402178359812150362e-03
3.801719243114270314e-03
6.416298214106168525e-03
4.824201040593754236e-03
4.467791880270235647e-03
4.102496399824116270e-03
1.158020767818018857e-03
5.586305413759185511e-03
1.299043391650985674e-03
5.473301100108467383e-03
5.103741719538545463e-04
1.047180143847750104e-03
1.594366995163916173e-03
8.692474913667654936e-04
9.794990450274531149e-04
8.915622559902617976e-04
1.069712507974194182e-03
2.496664338143139792e-03
4.528088304187862824e-03
8.514270512364198809e-03
4.895165150710429312e-03
8.963641828957912353e-03
8.831582983125454457e-04
1.315684010485358149e-03
1.221988996712375852e-03
8.145063568343835448e-04
8.740540520216427212e-04
1.159699098992576869e-03
6.502881457539070502e-04
1.372652910756376162e-03
4.986090113572982929e-03
8.327362056772830839e-04
3.312868019503021223e-03
2.743570172087356381e-03
7.943207138196613096e-04
2.693584832268641001e-04
6.906402153327155947e-04
7.606117345584796803e-03
1.434594581951143932e-03
7.191713268350888354e-04
9.871969927463851782e-04
1.318818869607442509e-03
5.905332329535723044e-04
4.911659638325532699e-04
8.041702679903731587e-04
1.059946446479747466e-03
8.448424625911210616e-04
3.153986677502009471e-03
3.996524166701768271e-03
5.532398388559665349e-04
4.995703001835643826e-04
7.912777303531238517e-04
6.003375474450759744e-04
7.139963560302566535e-04
6.376062626727724454e-03
5.731565937937737991e-03
4.956293018953535860e-04
4.898002450413711795e-04
4.602466384112824816e-04
5.112144852090040126e-04
1.224277680544243532e-02
4.967522331810163153e-04
3.661711813117231101e-04
2.407705542704040563e-03
4.008058496527969888e-03
2.756813239323952901e-03
4.432585963738392863e-04
4.712780418514912360e-04
4.346270741779630184e-04
6.579739277254026408e-04
1.371355879762615288e-03
3.736325830824231004e-04
2.398698271908966206e-04
8.401031611138864768e-04
4.737397839476745567e-04
3.435120346082305340e-04
3.655076456082422638e-04
5.182452663541739285e-04
2.282577348180025003e-04
5.377459377350742899e-03
1.681001730006132042e-03
2.114844244640990518e-04
1.091138100828617117e-03
7.289458423992195481e-04
2.253456787149058426e-04
3.196629029707445256e-04
4.340323847139262916e-04
2.589055192250058583e-03
6.778995278834380397e-03
2.465961241708420335e-04
7.021366345230608446e-04
2.705459474962457070e-04
5.791302506645134174e-04
3.400790614279672265e-04
5.397098735590826878e-04
2.669526222961209798e-04
1.119290623730704887e-03
6.085653094676386201e-04
1.828704979866271842e-04
2.464151207046094390e-04
2.442227073616615889e-04
2.003802585695064933e-04
1.411235075608725060e-04
3.423724629174834471e-04
4.712619135316804125e-03
1.872387230696617071e-04
2.210247042577015571e-04
3.067813926548953085e-04
6.203105536415512260e-04
8.466934900461496074e-05
1.162199789150779490e-03
1.015131602807218918e-03
1.934334370948884250e-03
1.755998041518911073e-03
9.426263864840007381e-05
1.045341576247849140e-04
4.288254185062477519e-03
6.045059690619380890e-04
1.621577493000640659e-04
3.363912886919204898e-03
7.527358003654126804e-05
1.354996211151359656e-03
2.138008969733855877e-04
2.490357398218815896e-03
2.973370129042548701e-03
1.800067019264394688e-04
1.748861899212608120e-04
1.431996456341558613e-04
2.157179424904515227e-04
1.177340566879715722e-04
3.494614491049838432e-03
6.438869555356843037e-05
1.013852609470118019e-03
4.079108183692287636e-03
7.506000036921959119e-05
1.368342752864665397e-04
2.888308740863853685e-04
3.109784443406072262e-03
6.512792275376478451e-05
1.517586128214988344e-04
2.437391697792469763e-03
8.950392029002845530e-05
1.611508513868408702e-04
3.424862332452888875e-04
1.529821559821089227e-04
1.059386744681263971e-03
1.774622044185542600e-03
4.073918357884010019e-04
3.667336705440167426e-04
1.443370509953074748e-04
2.155355951967461749e-03
1.179883158254443247e-03
1.398755014986835619e-04
7.715215930409429878e-05
9.708905543824190637e-05
1.023823751838076482e-03
5.037039349009431047e-04
6.622085639168170425e-03
4.126699040508517062e-04
2.919267175967212285e-03
1.740622989260936777e-04
4.999962996141022473e-04
6.395680132243054122e-04
1.277706979435852552e-04
3.518099540711551064e-04
4.343432456888210252e-04
1.436571903141845474e-04
3.140997802341832811e-04
2.529373685916867483e-04
6.910117027754686262e-04
