8.807963476110968193e-01
6.115799460956193867e-01
4.732695628363594031e-01
4.694930303816368111e-01
4.691611632347736371e-01
4.691633115271318100e-01
4.691652733319759960e-01
4.691655915582610414e-01
4.691656106364059386e-01
4.691656405511095973e-01
4.691656372623592697e-01
4.691656674958965545e-01
4.691656770365036921e-01
4.691656617902160709e-01
4.691656862323274058e-01
4.691657166577443139e-01
4.691656759230675711e-01
4.691657184043587225e-01
4.691656969834419599e-01
4.691656736465380506e-01
4.691656774235217764e-01
4.691656379407028732e-01
4.691656735995642924e-01
4.691657043470113808e-01
4.689706062384900176e-01
4.689801345690378098e-01
4.689800383897743119e-01
4.689800788792950481e-01
4.689800268089318047e-01
4.689800376467737064e-01
4.689800841494959349e-01
4.689801111230209041e-01
4.689299234730603394e-01
4.689393893006118530e-01
4.689392988663033113e-01
4.689393100413289384e-01
4.689393892850097778e-01
4.689392766873085039e-01
4.698187612509629463e-01
4.696124119677592690e-01
4.696152016427464493e-01
4.696151113060448301e-01
4.696151832206609256e-01
4.699562729898998370e-01
4.699728144372543048e-01
4.699728155621008541e-01
4.699727998085450054e-01
4.699713398707972556e-01
4.707750907084408687e-01
4.707509361609293896e-01
4.710362095437224950e-01
4.710680579913969490e-01
4.710678872023900121e-01
4.713228796275878985e-01
4.713915344577969679e-01
4.717998616946789125e-01
4.717199799130263882e-01
4.722370324848322864e-01
4.726661400392491164e-01
4.723761614481760129e-01
4.726740950146127718e-01
4.727321135710132460e-01
4.737843197917879223e-01
4.736807794510485836e-01
4.740373466482752374e-01
4.741891715374505489e-01
4.741953342862129106e-01
4.749373084739385575e-01
4.747177133841670726e-01
4.747939390979324936e-01
4.746899727832590843e-01
4.748798331937543749e-01
4.759025629057380691e-01
4.756295570600591049e-01
4.756329076567404335e-01
4.762541406356352036e-01
4.760013054961855228e-01
4.768203731752650998e-01
4.764936421643354847e-01
4.767914696464794488e-01
4.768815878395686325e-01
4.770974834633769368e-01
4.765898359577005472e-01
4.757465000574896408e-01
4.777569689604136971e-01
4.773498657274629631e-01
4.773151059448854094e-01
4.778017052788040009e-01
4.776513829922878207e-01
4.781107205282911776e-01
4.778868836511279139e-01
4.777609363031381506e-01
4.779172210336651294e-01
4.790416295476365161e-01
4.789081030245536663e-01
4.789676741520647596e-01
4.785334035598171054e-01
4.784367630826464324e-01
4.784314509599635890e-01
4.780598795527324363e-01
4.786978921252774133e-01
4.782456632600022295e-01
4.781260658253402296e-01
4.789419019318901238e-01
4.779725280686272781e-01
4.778547952762055018e-01
4.784855301956631446e-01
4.780286725667088898e-01
4.776460533935759090e-01
4.770015927999033400e-01
4.778489838979272375e-01
4.774344000853934511e-01
4.770091620693467371e-01
4.773238386614807038e-01
4.769434799654337365e-01
4.769024979364152039e-01
4.762332692542814438e-01
4.759264483007132895e-01
4.767887004592183398e-01
4.756608107529441964e-01
4.756015399663998666e-01
4.748461219897409658e-01
4.734512695745230482e-01
4.749101552128906500e-01
4.741371114159149136e-01
4.735323826400729130e-01
4.740673385237292314e-01
4.734870904569832284e-01
4.727985235178036039e-01
4.732215615900708938e-01
4.729607114187612260e-01
4.714051095064697994e-01
4.714343346489793252e-01
4.716359495507917443e-01
4.705796183191453541e-01
4.698434065241956503e-01
4.703923568610635653e-01
4.696932548331510526e-01
4.688251744986394742e-01
4.693966665044452813e-01
4.684384875471767073e-01
4.680168191255043020e-01
4.681367766536465025e-01
4.674052009628779092e-01
4.665550889968397286e-01
4.671164791824350959e-01
4.660116369263034852e-01
4.655309956536334837e-01
4.660375512223082772e-01
4.651106371541104401e-01
4.644645681620740985e-01
4.647309209871118840e-01
4.638719499838708238e-01
4.630893593610900250e-01
4.632323313086322836e-01
4.626878350936368123e-01
4.619347246782681826e-01
4.615473426516024102e-01
4.615919219847868793e-01
4.604828265878095350e-01
4.605060429664979416e-01
4.598901470188453966e-01
4.590278763909822479e-01
4.592686895444605399e-01
4.586581367516422980e-01
4.576483190610708407e-01
4.584822221550883814e-01
4.578352908005938748e-01
4.569145354213629551e-01
4.574242241078164684e-01
4.563737643233159447e-01
4.559432044310209320e-01
4.558845635984390965e-01
4.548688844949068111e-01
4.548164915615965365e-01
4.551601117998492207e-01
4.537652968163218281e-01
4.535602186009060066e-01
4.533475126653808696e-01
4.527615638346307869e-01
4.525946441627581307e-01
4.517545101821583420e-01
4.515884188841481905e-01
4.519480648843124393e-01
4.507630146043307695e-01
4.510167095182129327e-01
4.493990646920704712e-01
4.490890590211661926e-01
4.479464065828903108e-01
4.490537183112811026e-01
4.484906617891433744e-01
4.475947676204334313e-01
4.478542089214099797e-01
4.472738408519218445e-01
4.462334017158843258e-01
4.465629842789337611e-01
4.460646174243127482e-01
4.465387576761636335e-01
4.454732930419312287e-01
4.449160927338240978e-01
4.456580449016864232e-01
4.443910759314686487e-01
4.441633085827876859e-01
4.438140396914666552e-01
4.426824665018366800e-01
4.429293495966151184e-01
4.424692258020819224e-01
4.426952536000881566e-01
4.419742190803187532e-01
4.414035700501265369e-01
4.411998190584484059e-01
4.409812462312763248e-01
4.405020164242270941e-01
4.403786178743394064e-01
4.395693484451967947e-01
4.396570558126320361e-01
4.392459300412492329e-01
4.393313861087614347e-01
4.380480082637323025e-01
4.379796133049672080e-01
4.378930466871742144e-01
4.379265797275007643e-01
4.372241746786008632e-01
4.367322587218696595e-01
4.366614124109642892e-01
4.363165691422316028e-01
4.355824298069372325e-01
4.355629491468421821e-01
4.356150921528591513e-01
4.348881045615496932e-01
4.343906427680231386e-01
4.344684296096508191e-01
4.344606344500067663e-01
4.335940821901421716e-01
4.337100255760912848e-01
4.330796421450133216e-01
4.329698419679133270e-01
4.326864826868905278e-01
4.320105973115771492e-01
4.315699693829033734e-01
4.317703015319457882e-01
4.317742270953433548e-01
4.315277105713098416e-01
4.310834198410050666e-01
4.306664350775790684e-01
4.309464832899142506e-01
4.302471226367666213e-01
4.301030817743979329e-01
4.299341587735298065e-01
4.294812701073720262e-01
4.292454135449376706e-01
4.291029401450011660e-01
4.289732242527710127e-01
4.286674610473256708e-01
4.285473980433501251e-01
4.286416499280008008e-01
4.282040002117446509e-01
4.279384686333908561e-01
4.272330378719870203e-01
4.275110184621161991e-01
4.272438650554650774e-01
4.269602503135875859e-01
4.272158763958797123e-01
4.267266586563787656e-01
4.264104161680732363e-01
4.262407285668322610e-01
4.260712257797851787e-01
4.257976293011488389e-01
4.256090917450860989e-01
4.256085719002682954e-01
4.252400402227113907e-01
4.246666801474085484e-01
4.248761816402094604e-01
4.246222018754954308e-01
4.245512454673384117e-01
4.247004485641512339e-01
4.249594492970781290e-01
4.241013353636288730e-01
4.241099615622529462e-01
4.236109827937922789e-01
4.237160402633385892e-01
4.234483562327835959e-01
4.236771933802390699e-01
4.231779475931721213e-01
4.237434142880840415e-01
4.230852745447335472e-01
4.228758479681876126e-01
4.233785181728539349e-01
4.227334153866729172e-01
4.226337654963049362e-01
4.226231700190057894e-01
4.223421147906971096e-01
4.221809790580031696e-01
4.224515894824638629e-01
4.220973040963269529e-01
4.222367183217962117e-01
4.219247754941797268e-01
4.220801933642849280e-01
4.218156462798871575e-01
4.216851041125755373e-01
