1.036088140059720164e+00
2.174733513435156418e+00
1.523912498390377790e+00
1.093869378596621811e+00
1.135668490019278831e+00
1.298281152141764094e+00
1.685548288795077454e+00
9.906368311477310451e-01
1.091020237849201102e+00
1.119092710113762434e+00
1.139599271339439390e+00
1.173672446439376404e+00
1.166135273041301934e+00
1.206297228050248194e+00
1.208626674249220212e+00
1.204560266878281549e+00
1.205632424858790630e+00
1.197164316465831435e+00
1.186115664370288370e+00
1.105986744337838612e+00
1.071973514464639177e+00
1.046113087642323247e+00
9.927234232121767699e-01
9.546413048460484774e-01
9.508697653933853022e-01
8.917524708486234131e-01
8.307946630148743683e-01
7.815057706226800072e-01
7.430203934553361034e-01
6.941037610992315532e-01
6.468026572042490097e-01
6.477098514600859724e-01
5.837184368332201112e-01
5.332143395727905189e-01
6.088501948575790745e-01
4.851390058074849243e-01
4.543870874205204746e-01
4.405237018474351673e-01
4.379083865123133967e-01
3.928649393877174378e-01
3.777616037637382962e-01
3.720009886306386848e-01
3.520042770479429040e-01
3.534254415853539388e-01
3.222504944139137906e-01
3.214352941303855737e-01
3.339921547748676556e-01
2.934565536782148265e-01
2.794740864970537975e-01
2.680226262910314627e-01
2.797198335605887709e-01
2.737351889273302863e-01
2.827071744823529409e-01
2.790861892235683150e-01
3.202757358314307079e-01
2.587298665986851876e-01
2.826477969095382847e-01
2.456577315595084854e-01
2.484550771074129083e-01
2.351882319819506295e-01
3.760865469824589136e-01
3.418820205129355916e-01
4.597524914685861552e-01
2.157296663467878628e-01
2.369471344867428997e-01
2.604366533234730996e-01
2.002172481622451483e-01
2.092341831838099853e-01
2.177461370005433494e-01
2.066752793996976256e-01
2.373835300509275215e-01
2.137510124286359225e-01
4.676139947899581872e-01
2.082080081886521217e-01
2.055253204701679992e-01
3.139366184454944753e-01
1.751372905493477350e-01
1.929856231896754926e-01
1.863420565206418689e-01
1.899962008487514620e-01
3.181842054162994926e-01
2.954765966968260771e-01
1.975052699698315872e-01
2.317498876997258483e-01
2.382147430551591061e-01
2.046667296177074047e-01
3.163724261801591497e-01
2.096530596117207601e-01
2.238178353990411817e-01
1.729880475406600226e-01
1.894235279883631773e-01
1.848217110307148747e-01
1.721338809215664511e-01
1.739643172528050619e-01
1.911023236827196770e-01
1.802971522154771522e-01
1.597527469072781148e-01
1.553536646414158118e-01
1.723841458192922893e-01
1.611081497584645195e-01
1.741488775830876690e-01
1.613638903785488965e-01
1.998567041312971360e-01
1.569182476447085195e-01
1.893094228114111377e-01
2.291780943362669853e-01
2.026800680451435743e-01
1.503986095816048363e-01
1.780288470071727525e-01
1.513715241419261726e-01
1.803428880953642510e-01
1.496928453440040940e-01
1.309192576549417508e-01
1.408505900882594530e-01
2.216148379641247057e-01
2.631194227089622140e-01
1.447537438117212083e-01
1.379543139397259588e-01
1.913313241845349399e-01
1.688483766615959669e-01
1.496904984953827955e-01
1.586333841398946398e-01
1.470664541384351098e-01
1.330733503355195912e-01
1.495638978168496447e-01
1.901118828283050732e-01
2.184022963124457040e-01
1.511037943203146772e-01
1.392688127198740411e-01
1.841947998624068605e-01
1.683170977418918801e-01
1.341433032240409995e-01
1.539574767135641620e-01
1.393885278243688908e-01
1.641307498112648811e-01
1.237119288566789210e-01
1.367367073300194691e-01
2.901400167508336181e-01
1.860593232229570959e-01
3.230824881906987356e-01
2.304307151251482333e-01
1.239395233830570958e-01
1.434186555550816811e-01
1.545454283077168645e-01
2.920583566278816545e-01
1.826666214772591224e-01
1.631395507169227654e-01
2.320334297318735195e-01
1.586686673818243909e-01
3.055855348842003716e-01
2.938668613054023493e-01
2.161114875470186714e-01
1.283692970012808576e-01
1.419168295757587128e-01
1.296178585036446285e-01
1.162097392332826912e-01
1.793467237760952571e-01
1.500571763160913619e-01
1.265611330513826682e-01
1.155301579869600775e-01
1.835570173804797200e-01
1.536169280608779830e-01
1.584683001884617526e-01
1.437485109570781072e-01
1.539621599836183685e-01
1.622391524583215727e-01
1.060458086411784351e-01
1.132409715953529572e-01
2.104722133203574264e-01
1.154748634497039794e-01
1.714428597930656162e-01
1.151604999397135565e-01
1.145226635002710575e-01
1.189619702979810151e-01
1.041574683474808666e-01
1.107206209989699403e-01
1.066706036112778505e-01
1.145446857675386648e-01
1.610917385668019230e-01
1.018484456436836577e-01
1.587235727621161552e-01
1.510697644446075405e-01
1.384593296373546334e-01
1.267312239386964023e-01
1.179403136746002417e-01
9.696471354379074259e-02
1.141972480026175463e-01
1.117079859336369690e-01
1.041640837250146640e-01
1.030005956301067588e-01
1.793549846386353064e-01
3.419436208552628642e-01
9.616618783672517545e-02
1.074281331169841674e-01
1.060870397098324786e-01
1.098568483805795609e-01
9.276417273656124840e-02
1.011760417013727598e-01
4.032329360176223898e-01
1.503862288628312338e-01
1.008204370721425547e-01
2.476875325369303493e-01
2.159995572192024982e-01
1.712366439321625633e-01
7.561918054663266386e-02
2.070207738791641494e-01
2.041105508187770479e-01
1.423761846048754998e-01
1.514585739098728567e-01
3.201845620651854185e-01
8.544579481756227335e-02
1.608800777347939859e-01
1.085027278396708400e-01
1.277039531841904496e-01
1.153386970710913867e-01
1.709798523113044422e-01
1.358145985353638452e-01
1.052165970107913490e-01
8.442215854333282032e-02
9.098865538455547242e-02
8.755558160037678339e-02
7.812248463476202665e-02
9.764640444247929540e-02
1.705690674017829034e-01
1.658322006506624535e-01
2.602144752436170161e-01
1.011785479633016405e-01
9.839537030044781529e-02
2.752003180894925793e-01
9.917337596107875242e-02
2.122285253331352428e-01
9.345391639018892083e-02
8.871980225733959446e-02
9.075332916809714101e-02
1.020222472709900602e-01
9.421354262659235868e-02
8.496061612806088403e-02
9.181680820232655804e-02
9.752470601921117699e-02
1.060379257968676880e-01
1.244610869226384087e-01
7.968677962975276308e-02
1.124854928436276880e-01
1.461059146900410000e-01
1.100244454898298418e-01
9.101204198548493163e-02
1.030028752260175040e-01
1.083617152543081552e-01
1.111029667615101718e-01
8.532895780235749683e-02
2.234433723541141004e-01
1.099280550837700432e-01
1.705237676729554619e-01
1.014054789532255474e-01
1.174610989400177025e-01
7.847519886551064527e-02
1.448870950026682203e-01
1.460300677443514272e-01
9.045470281308634619e-02
1.932993153283966703e-01
1.180262219157520998e-01
9.268219874878877440e-02
8.031301763793030624e-02
9.480764160761138981e-02
8.423974434298635294e-02
9.640860843400576863e-02
8.214580188283640561e-02
7.715207423940087517e-02
8.765238399769507971e-02
1.282235026503459330e-01
8.053673885939634236e-02
6.936803341505401455e-02
9.625464742955200381e-02
1.131958462786457759e-01
1.037357755339704674e-01
1.689613869140960678e-01
8.255221659873665518e-02
9.586635945418539584e-02
9.200793711444386902e-02
7.529684121338332814e-02
7.575035904002019871e-02
6.963719651708914771e-02
2.888076651131958328e-01
7.086109092323333858e-02
7.022301285378806934e-02
1.015072430183125707e-01
1.020912477407689839e-01
7.504421108481662550e-02
2.001778323198565579e-01
8.484822144354539630e-02
2.382925745783261717e-01
1.032005102571688232e-01
2.554204594909032511e-01
7.359558142396054048e-02
9.684656426274071417e-02
9.246119408324321443e-02
1.862330324459222364e-01
1.066813949542230466e-01
7.328166226935259320e-02
2.295473779429866301e-01
