1.014119226840427768e+00
1.935517877987733115e+00
5.118821572510507067e+00
7.183883497701147647e+00
7.495158159977184376e+00
7.704086864197262408e+00
7.890405314808534243e+00
8.052906070910710312e+00
8.186239452518448090e+00
8.326984444763674276e+00
8.503213267200736780e+00
8.239772158515224376e+00
5.373339010540131078e+00
5.756165972590316926e+00
5.669300522877136927e+00
5.445252356164915319e+00
5.166006330517060263e+00
4.907808889444907230e+00
4.660144258810218432e+00
4.406567677852426534e+00
4.184585437710079070e+00
3.966743769168969536e+00
3.723557999323273915e+00
3.501200780718978223e+00
3.288471632241855680e+00
3.085190884189685345e+00
2.870937503180910788e+00
2.678317438062514100e+00
2.508026329168635549e+00
2.314083653762664561e+00
2.153359061561016752e+00
1.996769086272462523e+00
1.823935839265088399e+00
1.673733077237415712e+00
1.531084652086449838e+00
1.396482119870457117e+00
1.271082267747963179e+00
1.134029787489827745e+00
1.027596314212310569e+00
9.386105751786477658e-01
8.255353135485937743e-01
7.646850018019100137e-01
6.716572799539354266e-01
6.031235346946141052e-01
5.224276761251738233e-01
4.728871535917592017e-01
4.093283910928490199e-01
3.750205952287044009e-01
3.233905047536322908e-01
2.994063436376271370e-01
2.948752354795126096e-01
2.312868178321071944e-01
2.285824205498417638e-01
1.961658037021674073e-01
1.704797596778237223e-01
1.487045356961141651e-01
1.724632072908029445e-01
1.475760304161014003e-01
1.423515872131081994e-01
1.385936204484094492e-01
1.439291651110725101e-01
1.373307403967486684e-01
1.374223767707385968e-01
1.418248623337307057e-01
1.279214464055026534e-01
1.380274586652462943e-01
1.354169232508811715e-01
1.287886605123889361e-01
1.407693463750622764e-01
1.304428131369801125e-01
1.362905387916714117e-01
1.488473257471349676e-01
1.270821659210484567e-01
1.544500379721839289e-01
2.042400736055260679e-01
1.379495000778392655e-01
1.472076656276055107e-01
1.625683083910751392e-01
1.348270508921233235e-01
1.434234571808861436e-01
1.426193751069788074e-01
1.468986185629547192e-01
1.575832278503705164e-01
1.413048162434389909e-01
1.470247821397252797e-01
1.562568090429181655e-01
1.750747138950498605e-01
1.579626314130865572e-01
1.441046743536603947e-01
1.458201347342629184e-01
1.512528371582197162e-01
1.434860233728088574e-01
1.470790634663584062e-01
1.477315768011672747e-01
1.562459173389271760e-01
2.071812508313029544e-01
1.547590408328571310e-01
1.472632095052740786e-01
1.516975000560932541e-01
1.562098266670436386e-01
1.515574395756188186e-01
1.495661242245094058e-01
1.506107430517063250e-01
1.395282960115873105e-01
1.532196404623335506e-01
1.582037155952117635e-01
1.519698182213960469e-01
1.538249205122363683e-01
1.507513477613196262e-01
1.607998732497098460e-01
1.643574859715814518e-01
1.855202309991408893e-01
2.073118422811956463e-01
1.620453101098663085e-01
1.577302777124622857e-01
1.613994171705410152e-01
1.588956589051309098e-01
1.632402312352561058e-01
1.635855146178538388e-01
1.668968404286573781e-01
1.795262815749391616e-01
1.603067789092174344e-01
1.744621902383892420e-01
1.673373757213326152e-01
1.852715778286731507e-01
1.426539145719137869e-01
1.919226741595250196e-01
1.692410689396060819e-01
1.680385220588536677e-01
1.711067335762523900e-01
1.724383884472741324e-01
1.701041639399645256e-01
1.771006819310322611e-01
1.840602478945626841e-01
1.678535211571008101e-01
1.735704405564121033e-01
1.783849723947916188e-01
1.857452300208130291e-01
1.820209912203457070e-01
2.014116419129838575e-01
1.669082440536673595e-01
1.777656450954951672e-01
1.769412234993128497e-01
1.800584422089209768e-01
1.779749011453936880e-01
1.819230366757800255e-01
2.049219611992712797e-01
1.908588900716272907e-01
2.027822230721604002e-01
2.259353867675866490e-01
2.104747754988640918e-01
2.113609589507746689e-01
2.230516293496289104e-01
2.124827845302022788e-01
2.112879055127448724e-01
2.432211014454928044e-01
2.175178692923039336e-01
2.128421548102271410e-01
2.276416074305405990e-01
2.310624649304882094e-01
1.972758985456314340e-01
1.670787546422713710e-01
1.586516510024812421e-01
7.243053931217713348e-02
3.136779259824535454e-02
4.942347239322456703e-02
5.893719581387805995e-02
4.982069627784237870e-02
8.197803391814154073e-02
7.224678239959828052e-02
3.056333290040724043e-02
2.574995602734034966e-02
1.050586553911899979e-01
5.450440998017525712e-02
5.021980681047361061e-02
7.192788344472580975e-02
6.587143206443307752e-02
5.645400667717605236e-02
7.526804287408522809e-02
7.824304271248778975e-02
5.165172244259315371e-02
9.219223391875157325e-02
4.558469596006032437e-02
5.805255290116907024e-02
2.207071662604455364e-02
3.508322850302389440e-02
3.883866974333029937e-02
1.935453226456575193e-02
2.998482156455154618e-02
3.048096805276945265e-02
2.041218381162000078e-02
1.817913979928409765e-02
4.083930552698205457e-02
4.567919235213462048e-02
5.088715310715499068e-02
4.116268434389166314e-02
2.303003691593768706e-02
5.462859594355425757e-02
4.283717001752018749e-02
4.711887099970705345e-02
3.113388878600670262e-02
3.786875062108633477e-02
3.389681327224963042e-02
2.023639233494924083e-02
3.331870737106375907e-02
1.829776061819214650e-02
2.289472106025021783e-02
3.612560401300051599e-02
2.536489806850895923e-02
2.450883884094171017e-02
7.386519702420266120e-02
4.041641633707607900e-02
2.738513376898129431e-02
3.565632422521541889e-02
5.368622658863109187e-02
5.818156667992563369e-02
3.674634730575611352e-02
4.469090234109904941e-02
3.599639947117614508e-02
5.856544065887110684e-02
4.091523588711508397e-02
4.123686198396617208e-02
4.323140789926484262e-02
5.655201509806708632e-02
3.441570011153863295e-02
3.285996753127789355e-02
4.719112809844589612e-02
4.433929819739911710e-02
3.091051350782093865e-02
5.096879227111449084e-02
7.193259657690190267e-02
7.771591459786926503e-02
4.252222123771404183e-02
4.457430576281395246e-02
1.792243916661031763e-02
3.337833420730718093e-02
7.069302205369509817e-02
3.313012100143798017e-02
5.698727040720804465e-02
5.490064680100743139e-02
3.874392579457035246e-02
1.975005257359611910e-02
2.504317597930153308e-02
3.919753521906706173e-02
4.615269096369803425e-02
3.054693231443102175e-02
1.868128337777480441e-02
4.268436309213814728e-02
6.201961323551764826e-02
2.221711338760093066e-02
2.213944370976840548e-02
2.023818073892735478e-02
1.369376626573063672e-02
4.521469499929913621e-02
4.813354527990058168e-02
3.824905679658427426e-02
1.007241464511727108e-01
3.367425054417252928e-02
4.138045059122633096e-02
4.499733984163973438e-02
5.796134701521308413e-02
1.204740429248519692e-02
3.139371419428169802e-02
5.743083771278827826e-02
3.796264845571573759e-02
4.100363720067773388e-02
6.895827418523479968e-02
3.090461065873420163e-02
5.035602162183001190e-02
2.007407313620941658e-02
6.518909706085834754e-02
4.192791896840457333e-02
3.861561219875933593e-02
6.459171670891587780e-02
3.280023919704059404e-02
3.117585296868064654e-02
3.371863855594300213e-02
6.191760200846988665e-02
1.727282048635508591e-02
3.265391631151491614e-02
1.945470207646283339e-02
1.793494909252808453e-02
6.479889568680699541e-02
2.815109346863081327e-02
3.556556014938878907e-02
2.924975756443010111e-02
2.834793811686902448e-02
2.230082776642170264e-02
3.139536034640661583e-02
3.232608092956853335e-02
2.851225476727989316e-02
3.133658279253415807e-02
3.174404571737694108e-02
3.503612248074797209e-02
2.821697413239145774e-02
6.392076115113097534e-02
4.450767594099459823e-02
1.350027283029106920e-02
5.561385988878142506e-02
1.846104813693508553e-02
