1.104405419306540903e+00
1.424118611532963818e+00
2.693995421517680899e+00
4.568521514619514612e+00
4.439560983685196582e+00
4.220251678382886062e+00
4.387255792859972914e+00
4.777319628985640776e+00
5.106097839706486674e+00
5.141121953523712484e+00
5.067807303229617588e+00
4.881880522556344637e+00
4.931553718525276686e+00
3.535166240862529730e+00
3.583022942128203159e+00
3.465517891718805199e+00
3.465042861923166573e+00
3.494747228781010850e+00
3.502007810978508218e+00
3.469034311363494272e+00
3.435065073855097850e+00
3.383554762206386624e+00
3.321237832257937672e+00
3.261835689852020881e+00
3.189679409188287185e+00
3.099432595530249301e+00
3.022637611618799180e+00
2.930784077995847614e+00
2.834935472831646042e+00
2.731232375270937318e+00
2.645371777815140213e+00
2.534508277576607238e+00
2.455790633903645936e+00
2.319183819148475934e+00
2.213831883086434971e+00
2.116206203935841135e+00
2.020643602227407243e+00
1.910647301264452258e+00
1.824365993999145674e+00
1.730256453897362379e+00
1.646599466345053608e+00
1.557413916223441719e+00
1.475946110950571377e+00
1.394674792134885211e+00
1.316859203592031236e+00
1.243451560275946610e+00
1.169547549327583313e+00
1.101189144045339185e+00
1.015849070306523494e+00
9.805504947343646194e-01
9.020126824370700014e-01
8.469975190720093750e-01
7.883978811255581975e-01
7.485286348648146904e-01
6.970694837499875618e-01
6.660606175441878829e-01
6.057059847331988101e-01
5.722604856178842292e-01
5.351159702179426603e-01
5.019922290777172336e-01
4.675946875618779419e-01
4.265603701721009666e-01
3.937221983169932327e-01
3.693656499588400255e-01
3.588520056984753070e-01
3.289035513815181666e-01
2.995819647557365628e-01
2.802017526802392244e-01
2.683487900162972450e-01
2.556774669237221187e-01
2.551327830250706974e-01
2.311256381680571736e-01
2.178978643482738509e-01
2.070930407322636169e-01
1.947843241934866798e-01
1.845273461283395422e-01
1.703762698758029825e-01
1.732273460700385348e-01
1.553460257971827074e-01
1.629845892762653847e-01
1.779467098194800756e-01
1.465668330604157077e-01
1.541295603555702942e-01
1.399687163705767012e-01
1.352818756408958045e-01
1.283260608713354400e-01
1.396779739771833728e-01
1.714205813959015501e-01
1.211490298883545202e-01
1.229949358450502100e-01
1.167615356621296840e-01
1.173520815643459003e-01
1.138535341132993067e-01
1.239327277739486616e-01
1.136418137035891257e-01
1.295429215314581328e-01
1.088338595710943435e-01
1.101704527339701922e-01
1.264795333666984545e-01
1.492153794065746164e-01
1.053201497038773332e-01
1.018220237393318434e-01
1.136347259822969857e-01
9.960394639630786029e-02
1.273392853748770981e-01
1.058211278709866032e-01
9.980412300235191880e-02
9.909939472388662463e-02
9.555813852552162702e-02
4.081578875830516040e-02
8.702966907672271546e-02
1.021926683560592103e-01
1.113721314418883168e-01
9.507891710755600467e-02
1.007549036024553424e-01
9.192318684028087661e-02
9.126334476473328683e-02
8.110608313472231212e-02
9.828322538570004319e-02
8.900529464838104199e-02
9.015853371811116679e-02
8.674671061803011785e-02
1.021914249109159706e-01
1.038519047528426026e-01
1.141803383215719420e-01
9.278900768477003902e-02
1.163361067135133819e-01
1.029116718200822483e-01
8.535979109219021810e-02
8.274274100376394214e-02
1.016491106173204595e-01
8.092270572549700725e-02
9.716269516694381325e-02
7.641138949102169176e-02
6.778370599331706714e-02
7.665173229498971341e-02
7.884589364057371930e-02
7.906789936333678825e-02
7.785122281481096640e-02
7.358162677654744854e-02
7.978417790853695180e-02
9.145097677734177755e-02
1.078641075555625273e-01
7.632768553470713202e-02
7.225936152147301172e-02
6.324854673290204732e-02
8.515218425246588729e-02
7.209381378450091526e-02
7.239747555132595991e-02
7.025269397186689746e-02
9.547006420285962525e-02
1.249639553918431845e-01
6.888881006844381483e-02
7.013401434599890460e-02
7.850309239775463133e-02
7.543742861224557450e-02
8.978496844626346340e-02
7.363099326469711714e-02
6.842964229113827901e-02
8.629403805172375375e-02
9.361663655275805074e-02
6.323612012077976796e-02
8.010866680804704099e-02
8.903853294204906732e-02
6.897725815383039250e-02
7.659350247479204676e-02
5.395549476310426001e-02
6.123045274608670402e-02
9.865436509938088627e-02
6.857106059956552535e-02
6.096762224940769498e-02
6.280959964097006243e-02
8.939338582194102101e-02
6.309540427729982970e-02
9.872667592472660070e-02
8.968702139266859774e-02
7.442756997463217949e-02
6.625095150470455829e-02
8.081582412991211717e-02
9.295968678441758615e-02
5.409502188393508493e-02
9.968088222342681715e-02
6.213005579564354064e-02
6.767138976500224057e-02
6.994588887115671394e-02
6.579990283795919548e-02
7.162918020902521443e-02
1.146507914807568668e-01
6.011851149844804620e-02
5.841750694472003930e-02
5.692063513632016764e-02
5.508588757701587263e-02
5.494721634416109557e-02
1.110962047614619946e-01
6.100950063235661969e-02
7.618274535410510251e-02
5.723583367450385539e-02
5.471154845808429146e-02
6.129586945960913136e-02
8.286898698682962361e-02
5.557504818329843388e-02
5.126312815507300114e-02
5.472217127676216875e-02
6.028230587526453577e-02
5.011627229673593781e-02
5.292045589901960695e-02
5.501236705007243183e-02
5.589757772946572084e-02
5.430743290530242601e-02
5.213555553166508011e-02
5.108587220071487273e-02
5.019160574252122531e-02
6.656958304357252221e-02
5.783067712830887441e-02
4.995217577577948376e-02
1.097973847798543040e-01
5.083128759683699927e-02
4.991263614322827280e-02
4.866494476828252258e-02
4.861313384142968569e-02
5.147773157770071245e-02
4.938719273961657968e-02
4.722206926889928325e-02
8.813867735826420857e-02
4.934395383296506787e-02
5.630339302792359418e-02
4.606635572506879300e-02
7.666074284410115403e-02
4.328637172902145142e-02
5.157142769820953487e-02
7.434199632846048844e-02
6.272561688581057560e-02
5.004862932228762440e-02
6.559443587193400371e-02
4.655232062948744254e-02
8.196250030056896618e-02
4.855746091367799111e-02
4.119758053758381527e-02
4.753840658807845926e-02
7.320869777856535421e-02
1.022773626214942139e-01
5.074325806636161701e-02
8.809642085388509625e-02
6.825113836946082591e-02
7.814161176322749480e-02
5.783973830026385710e-02
6.299195589156542097e-02
4.186870297647703187e-02
7.383886806092394839e-02
7.889788105778566818e-02
7.204664393434212499e-02
4.872097899856337594e-02
5.310023468707052857e-02
3.982941958991129822e-02
6.514433298215051293e-02
6.158531391973959268e-02
7.915255309954891128e-02
5.106048332304308907e-02
4.583129622963582478e-02
4.349125599126098252e-02
1.096114767660775341e-01
5.226011788562159865e-02
6.872489709687668036e-02
3.877932187582491808e-02
7.169985748650679891e-02
1.096847726188740629e-01
6.446643818666802916e-02
3.812049496768728923e-02
4.003608226858176161e-02
6.175637473105086150e-02
5.725246733739364907e-02
3.928513125912817816e-02
3.907584757475926485e-02
3.821365609973756405e-02
4.831185171639400949e-02
2.975831463045777725e-02
4.179256580837556467e-02
1.081124585247559833e-01
3.905587808146760570e-02
5.283379430832396695e-02
3.175861484226235459e-02
5.592861085690396805e-02
4.679712904873377377e-02
3.948207237297702427e-02
6.803320935600398744e-02
7.846520887569706504e-02
4.690761489502037751e-02
7.489840234391333118e-02
4.491825473829261922e-02
3.878119296459478504e-02
8.426680151046829492e-02
5.663518374272442923e-02
2.792336168683429154e-02
2.728655835989951192e-02
3.628864989813038872e-02
2.135359610740214520e-02
4.045513887741398334e-02
4.665372640989355613e-02
3.189595505061153941e-02
4.606429276953703800e-02
