9.777942217555380955e-01
1.403943016933079768e+00
3.546512087858803230e+00
3.437346012981501886e+00
3.283904684881033820e+00
3.065874862991020855e+00
2.880987856836110694e+00
2.631478681021734989e+00
2.456515631889791607e+00
2.312146993455513222e+00
2.194808630729992327e+00
2.112235173014655576e+00
2.018019712989715941e+00
1.954393448118936449e+00
1.892816944622639497e+00
1.853092799510872357e+00
1.816187387212385929e+00
1.776874087134206581e+00
1.751974105829851025e+00
1.705807354651767804e+00
1.701214703519499771e+00
1.683091648212362568e+00
1.661210053735162617e+00
1.647483429825226775e+00
1.627033774471880578e+00
1.616625282823143772e+00
1.600170166038354935e+00
1.588609367860832622e+00
1.588580619025929064e+00
1.566942417184884251e+00
1.553969980327241540e+00
1.551505625735657423e+00
1.533156166928219655e+00
1.533109333528446028e+00
1.513943577960359832e+00
1.508489752968620534e+00
1.495371122933660590e+00
1.489788685442924310e+00
1.461088780118025676e+00
1.470737146524192518e+00
1.466176630350261245e+00
1.450684109985628911e+00
1.448967284123839017e+00
1.444652894533865473e+00
1.435948751023659486e+00
1.428230577450078309e+00
1.419465879416074383e+00
1.415457898386932367e+00
1.405361579554589735e+00
1.400227447288908467e+00
1.405377756528989108e+00
1.383651285009720677e+00
1.380464712433042918e+00
1.370748848461692093e+00
1.371972231740058890e+00
1.361761959004853306e+00
1.351895478578367449e+00
1.336284455404608718e+00
1.360341114637661830e+00
1.335915612053565793e+00
1.327400307111683775e+00
1.315706517807666343e+00
1.315508850390910034e+00
1.310055545488300055e+00
1.303924797015603598e+00
1.285241326890740776e+00
1.291551854716079362e+00
1.286791754926424725e+00
1.280646511200091320e+00
1.245755487891946345e+00
1.266658902861217850e+00
1.263550776689717159e+00
1.254467925870011324e+00
1.251270861406013291e+00
1.248163368092190195e+00
1.238525214709498279e+00
1.235800340214896487e+00
1.229882230869909332e+00
1.222109575707018170e+00
1.219719122662554556e+00
1.201704591028656788e+00
1.208619986715627759e+00
1.206160904749080887e+00
1.187887347671431781e+00
1.200793287147402522e+00
1.192677181634843375e+00
1.188343944121778240e+00
1.195307146633723283e+00
1.177645821018855843e+00
1.171949167667255542e+00
1.158395566608304783e+00
1.168110768424650558e+00
1.159053244109853109e+00
1.153449388252630881e+00
1.172652350220415141e+00
1.144221360704419155e+00
1.141815081509243823e+00
1.137222748109600001e+00
1.135343589081008631e+00
1.127776665086051677e+00
1.126800131546546124e+00
1.117577385129219447e+00
1.115926597839352885e+00
1.114921708734562422e+00
1.111026196662676879e+00
1.108004701292298666e+00
1.106266502503620686e+00
1.101340856015688541e+00
1.100553640669676536e+00
1.095243950991509285e+00
1.095181457675554526e+00
1.088585269231406194e+00
1.081936403340223229e+00
1.083012575447829473e+00
1.078136146777377791e+00
1.078070898699560409e+00
1.073021457796613065e+00
1.071922577591873038e+00
1.065055457778959491e+00
1.063824664325794700e+00
1.056482899225472449e+00
1.058681900049178060e+00
1.046142155754346437e+00
1.053760133113171182e+00
1.054179236398846031e+00
1.047066417477747757e+00
1.045394140777303527e+00
1.043463968172235745e+00
1.045433939373441534e+00
1.038763367175665309e+00
1.035860836102218352e+00
1.039137764693572441e+00
1.035970254092019927e+00
1.026902555217835467e+00
1.026913339756915677e+00
1.017356236571684835e+00
1.021686795794535918e+00
1.012957437477748135e+00
1.014100374037731234e+00
1.014339933601398958e+00
1.011094721667800123e+00
1.008928544389122939e+00
1.006851043884243735e+00
1.011098276482255365e+00
1.003620295413322205e+00
1.000654366500355108e+00
9.988517968348704645e-01
9.965535530762640315e-01
1.002954515702275673e+00
9.918290597177165102e-01
9.910086964529519760e-01
9.899440808040718132e-01
9.860550906827901807e-01
9.839061194656871789e-01
9.815920941407210165e-01
9.847027840620667938e-01
9.780849513627275504e-01
9.760421949698964150e-01
9.772676135018301125e-01
9.730213876136872830e-01
9.686132108797360640e-01
9.684142823639860786e-01
9.667357249376712369e-01
9.665141745417898944e-01
9.612225946708932156e-01
9.604173813557015382e-01
9.581094996640708850e-01
9.648649830797542126e-01
9.536439556250264626e-01
9.536335330261954679e-01
9.517443734133032018e-01
9.513460759343923545e-01
9.457615724220609366e-01
9.458073447047753435e-01
9.339666008171769729e-01
9.425330094208254073e-01
9.415245355746646450e-01
9.413674442943087417e-01
9.387432644975990392e-01
9.368608055137828128e-01
9.376550349606359580e-01
9.271129506956956590e-01
9.329863542098065787e-01
9.300494769538035778e-01
9.288418664600106567e-01
9.260324557907022580e-01
9.257024120495301878e-01
9.239376443679907513e-01
9.199815862876329353e-01
9.246759539787298143e-01
9.201836163556347259e-01
9.171038967201943226e-01
9.150895836899095581e-01
9.165912309318849926e-01
9.151626336312801424e-01
9.122910000644672834e-01
9.105087273416844207e-01
9.097256016372393672e-01
9.078514032980088411e-01
9.082305463948850965e-01
9.057666261103175520e-01
9.045444850503941980e-01
9.030035417164191669e-01
8.993010752015545561e-01
8.987861106189456439e-01
9.008012188159830735e-01
9.086923865606060247e-01
8.978608278932419529e-01
8.947786660660002056e-01
8.989987164128169228e-01
8.893687721164361681e-01
8.914850200862656227e-01
8.887903392855438511e-01
8.884948211066648893e-01
8.879876765357541668e-01
8.842529489190343872e-01
8.849158428474864779e-01
8.840601975877486751e-01
8.823805667402782049e-01
8.816434280291076675e-01
8.776845119558887021e-01
8.800799332689825949e-01
8.823351326199367906e-01
8.755052297710651521e-01
8.767921687741396797e-01
8.796745611545069288e-01
8.735439253547433447e-01
8.717466922286244424e-01
8.718580475257942108e-01
8.698212448340127967e-01
8.700079655084681507e-01
8.684945034266589037e-01
8.679832054902750782e-01
8.658085098554074710e-01
8.640294133095751672e-01
8.625953535734413036e-01
8.641139096523817731e-01
8.676287702473708396e-01
8.681386364536529676e-01
8.612222316973885405e-01
8.627583518000092599e-01
8.568049815465091923e-01
8.577555938378369493e-01
8.553848150226215363e-01
8.551570190597381771e-01
8.533789577234235368e-01
8.525446326349338522e-01
8.521355082042938456e-01
8.503498761108465587e-01
8.498261685790718944e-01
8.482451082018839239e-01
8.408089618910910001e-01
8.479440464258451993e-01
8.470106877541835333e-01
8.460034456461726915e-01
8.482599279275951920e-01
8.422824658877272608e-01
8.441783874047072977e-01
8.422349491599573357e-01
8.415582175197638959e-01
8.400679043702058424e-01
8.399913815553076146e-01
8.390787069752949634e-01
8.406043927216496625e-01
8.384364273948804458e-01
8.389478004786924403e-01
8.375244643281363199e-01
8.337867824319566967e-01
8.291374332206193909e-01
8.352544226171919606e-01
8.316040108600798453e-01
8.311032835102495353e-01
8.293716319784948388e-01
8.295634547232826339e-01
8.242173252059703525e-01
8.347905139839911781e-01
8.270113282348029449e-01
8.264719239037984222e-01
8.248957995174094338e-01
8.254576748023859656e-01
8.245535942458220857e-01
8.233498525521127931e-01
8.226339676141992685e-01
8.238961468603096527e-01
8.214593724143651743e-01
8.187456746271694064e-01
8.160432719522668910e-01
8.276403635364262268e-01
8.251666699407240735e-01
8.246962671797470890e-01
8.180824927102798849e-01
8.157267266006075213e-01
8.156803532246965638e-01
8.087412783279935846e-01
8.136728776037469579e-01
8.145441019329474619e-01
8.134053746243001815e-01
8.132911784799523591e-01
8.120730603206246512e-01
8.111570073240955692e-01
