1.120916352254800685e+00
2.966228844703557854e+00
2.339834854259222663e+00
3.629757069845545470e+00
4.440412225803340718e+00
4.834125386642823763e+00
4.868769912270684230e+00
4.964099258890241728e+00
5.089219223405247128e+00
5.156531236680005570e+00
5.166419291408440806e+00
5.133073335376113988e+00
5.057730733298289927e+00
4.970719865780001356e+00
4.892904207900701685e+00
4.856867728412852969e+00
4.855375603540912799e+00
4.894763486641475758e+00
4.967912671111889722e+00
5.063577565249979706e+00
5.166410153771841429e+00
5.281538929987033448e+00
5.397277299303906872e+00
5.503952048036705236e+00
5.610689437104637634e+00
5.727065980561048875e+00
5.848727150379716910e+00
5.986455150658018809e+00
6.158853459857089874e+00
6.349001883480860364e+00
6.580029136546029278e+00
6.839057850570989139e+00
7.123454804883260216e+00
7.427212287857511974e+00
7.741703553863284348e+00
8.064494630257694752e+00
8.392825784265834699e+00
8.722768826100171680e+00
9.055187171501858145e+00
9.374971584663317259e+00
9.708509756374279931e+00
1.002730429975746063e+01
1.033743879271735544e+01
1.065133072437224016e+01
1.095350822800008572e+01
1.125148459594797323e+01
1.154408151712489783e+01
1.183110329627029778e+01
1.210411338249184077e+01
1.238684468085985912e+01
1.265156315807415410e+01
1.290987631138544245e+01
1.317684486063690663e+01
1.342751729598994892e+01
1.367227083379577124e+01
1.389732876351786039e+01
1.412856065192991117e+01
1.435066928824654475e+01
1.456214570129229102e+01
1.476739182095610481e+01
1.496887124460968543e+01
1.516429695980620274e+01
1.534573556009582873e+01
1.552724891038127808e+01
1.570096911636543524e+01
1.586489410087003193e+01
1.601385308017540510e+01
1.615989863643870095e+01
1.628881943280284261e+01
1.640874647086997840e+01
1.651241068717682481e+01
1.659424250267718293e+01
1.665737856135897133e+01
1.670807997467557726e+01
1.671873151892971876e+01
1.672698837752334455e+01
1.669749991242972342e+01
1.663609940997298153e+01
1.654446192970756258e+01
1.642267896581806141e+01
1.626975560537358234e+01
1.609115136515920597e+01
1.587814096664586749e+01
1.564738125895460463e+01
1.538784212818898745e+01
1.511082260252818976e+01
1.482068432904746302e+01
1.450878155444946849e+01
1.419662987416096378e+01
1.387060017486412100e+01
1.354233526464425275e+01
1.320601544269829120e+01
1.286495228854735728e+01
1.252833500907363984e+01
1.217679926656269807e+01
1.184398719392770616e+01
1.150026295671707111e+01
1.115884098088680254e+01
1.082467534974279211e+01
1.048902952546114165e+01
1.015582892460866127e+01
9.823127057344791524e+00
9.494996232642533229e+00
9.168445882001201142e+00
8.845482837584215829e+00
8.531594084800406819e+00
8.220724003415199377e+00
7.912685033672107515e+00
7.613996657153791148e+00
7.316839636766253818e+00
7.027548941105683511e+00
6.741804578982440788e+00
6.463222691423071709e+00
6.189920739963447716e+00
5.927437456858764442e+00
5.671280167291387286e+00
5.418554389651465186e+00
5.180327320828168602e+00
4.941832535181135633e+00
4.719790241701478095e+00
4.504015393046340243e+00
4.299600734435879090e+00
4.098282070877453442e+00
3.913207786048975123e+00
3.739886613404053595e+00
3.567797478175828374e+00
3.423158140773184144e+00
3.281332602888443528e+00
3.152001683101753216e+00
3.032917564926943754e+00
2.930965925015526885e+00
2.830031511835527702e+00
2.758335980207657467e+00
2.681528626169797924e+00
2.629999205320370237e+00
2.579759225178109183e+00
2.540970820246164941e+00
2.515106439993032961e+00
2.484084152463061912e+00
2.480673113175262845e+00
2.462517391104252606e+00
2.461751478355367340e+00
2.460304164508927194e+00
2.452087066057023534e+00
2.458287264944301054e+00
2.454453897544026653e+00
2.454555250289999879e+00
2.456373587049635709e+00
2.460069045634972973e+00
2.458117148966427745e+00
2.458138066809132383e+00
2.457192240567999342e+00
2.450989892305505347e+00
2.454554054795055062e+00
2.460244191589601392e+00
2.463611264043372273e+00
2.473007824747590622e+00
2.487745318007626327e+00
2.506540025551510009e+00
2.530376488547457559e+00
2.559750344132125210e+00
2.592572111871071172e+00
2.632543199245647170e+00
2.688379371046616395e+00
2.745612402329086432e+00
2.808058224539246250e+00
2.872650045333172475e+00
2.953272121982372322e+00
3.034116283231174105e+00
3.114450199117441809e+00
3.207244838069205795e+00
3.307071263131891481e+00
3.423857704417867964e+00
3.541836623694735842e+00
3.671301099430760662e+00
3.798566819711372666e+00
3.924510296241630058e+00
4.057221407271117464e+00
4.190411333278832196e+00
4.324037216550599361e+00
4.453543459648416913e+00
4.585163833799538402e+00
4.709463995747173115e+00
4.837072482273472751e+00
4.960145136411056477e+00
5.080070826422231178e+00
5.200716207782855705e+00
5.313488360835078694e+00
5.431030445479079205e+00
5.537188100761448517e+00
5.648308571083004992e+00
5.755197591331250528e+00
5.859383527214061083e+00
5.958282344283378329e+00
6.052363343728498712e+00
6.148242977296021650e+00
6.240108311505444760e+00
6.330293719683946385e+00
6.417140168847164539e+00
6.497281542912170416e+00
6.580017913591976075e+00
6.661390278591038161e+00
6.740202394280359499e+00
6.819078822819402141e+00
6.895041423280871662e+00
6.971313912710280114e+00
7.046638873462124586e+00
7.121511189389932994e+00
7.194129479761802060e+00
7.267156088827480431e+00
7.339653250784781591e+00
7.407412266298554648e+00
7.483415158143329471e+00
7.554732318112516332e+00
7.625195092386154450e+00
7.699186550079145874e+00
7.768492220775432777e+00
7.845581252818734086e+00
7.916905807330275380e+00
7.991621984049309901e+00
8.072655077866038198e+00
8.150814037732587281e+00
8.224642142541174650e+00
8.305448718231051686e+00
8.384980465245869041e+00
8.467518643936426059e+00
8.547330554457095886e+00
8.639753012350050554e+00
8.720739257166664871e+00
8.811551052215701674e+00
8.903778660423487423e+00
8.992693250635403146e+00
9.092894813076055627e+00
9.186995396902668531e+00
9.283062675067284886e+00
9.381087784718577183e+00
9.488983007468272390e+00
9.594597328081565735e+00
9.699628642824993818e+00
9.810334580419592498e+00
9.921348112745430825e+00
1.003740723274181690e+01
1.015162269092236613e+01
1.026831878273227083e+01
1.039272471276188448e+01
1.051816727669786999e+01
1.064069279158834647e+01
1.076847921569969913e+01
1.089291835647072659e+01
1.102492634182343423e+01
1.115759063945913532e+01
1.129790501992905227e+01
1.143535368127291285e+01
1.157225054096745787e+01
1.171173375472319300e+01
1.185381673925892088e+01
1.199890616807753752e+01
1.214678376477394295e+01
1.229114769137670216e+01
1.244055397326652646e+01
1.258807042303230439e+01
1.273290862065798734e+01
1.288022519576929348e+01
1.302619865903301921e+01
1.317739986073781466e+01
1.332371458365465600e+01
1.347101305299456087e+01
1.361479181665846916e+01
1.376342149573750184e+01
1.390707345999836697e+01
1.404788494109904029e+01
1.419325139392372925e+01
1.433504319455951048e+01
1.447662409970225106e+01
1.461131805217509871e+01
1.475433838178354229e+01
1.488960178775482568e+01
1.502666395697888113e+01
1.515961340319885942e+01
1.529294234980267753e+01
1.542319206206133231e+01
1.554831603313786204e+01
1.566935332662189140e+01
1.580029593571253166e+01
1.591782142430585090e+01
1.604264547605511737e+01
1.615366639188305697e+01
1.627408178340260392e+01
1.638938328119497001e+01
1.649979408842183659e+01
1.661302878445561504e+01
1.671354639768781780e+01
1.681850023538327932e+01
1.692718404502707585e+01
1.702818760650478680e+01
1.712510500114517242e+01
1.722130489150415400e+01
1.731598911389214734e+01
1.740959087823700813e+01
1.749876786338764489e+01
