8.966405752362370807e-01
5.095950553184060983e-01
1.567539611529535915e+00
1.846758407471970509e+00
1.510197764438601320e+00
1.118695807449800128e+00
8.143314845864767504e-01
5.903937373358297824e-01
4.256823157976746264e-01
3.038890299635828018e-01
2.148955427684282882e-01
1.516197734197928249e-01
1.077073150744250890e-01
7.768172030428681374e-02
5.732466785639504098e-02
4.359213129705637180e-02
3.433838851557070165e-02
2.805624990944681485e-02
2.374719765847865816e-02
2.117792968387310903e-02
1.863664363877166885e-02
2.561789892584182687e-02
1.554085646103447321e-02
1.454303144990296177e-02
1.344908553708702020e-02
1.261123204216886735e-02
1.154674555024509490e-02
1.095294322634784642e-02
7.249511779607400487e-03
9.486819988464029879e-03
9.015966965237692116e-03
8.329845469636110167e-03
7.670440040828636202e-03
8.503001240653541848e-03
6.400501201320348693e-03
9.240135436803995767e-03
4.684418158983864357e-03
4.806967052639947620e-03
1.057728923035922662e-02
3.477633980099921300e-03
3.758569427251883411e-03
1.247510254523115196e-02
2.856117605127709690e-03
3.307280271379542651e-03
5.687993639929897829e-03
1.018397139820132434e-02
2.462974211681199198e-03
1.928001351140623239e-03
2.496893299961129749e-03
2.118349797320974708e-03
1.595372025794129919e-03
3.120034462095148432e-03
3.136256772733467951e-03
1.173487184294512127e-03
7.239561813735148317e-04
8.483684537924028254e-03
3.186943675771754768e-03
2.690269388396958165e-03
1.414411484412322071e-03
9.530247115646907569e-04
8.272142656186226356e-04
3.800928594757443241e-04
5.616762600578502481e-04
3.608765684667174841e-04
5.514293697324007103e-04
6.170905696918882162e-04
1.341426260917919161e-03
1.007312036975139104e-03
2.856314036711263792e-03
1.885188607601039025e-03
4.834363301291225851e-03
3.705901569287507052e-03
4.572465857597356360e-03
1.325971637718440649e-02
8.833055353839870628e-04
3.397946468189484248e-04
1.908968133015982163e-03
1.734711971323670042e-03
7.103031616889113678e-03
3.980883502674281704e-03
5.375186228320519288e-03
1.196378996123222994e-02
5.304365028723574856e-04
2.858025879744613136e-04
8.180142760888111471e-04
1.449241875783372673e-03
2.554762579747441920e-04
2.623036815452364518e-04
1.242055442989948091e-02
3.148204096354691520e-04
5.740388153847897660e-04
6.068940364788671590e-03
4.342400168731146842e-04
8.086267538719128182e-04
2.638218227342008291e-04
2.831401650982389405e-03
6.179855694497321354e-03
1.302970980440509028e-03
2.209251880587555315e-03
2.879120692996780823e-03
2.247840459019576336e-03
2.012765026668131372e-03
5.792394415297409498e-03
6.189062774913076147e-04
1.131512153811262871e-03
1.125917915949517165e-02
6.240040446388535377e-04
2.457621411647938937e-03
5.624674393309036895e-03
7.732376650816173529e-04
5.572529600607786272e-03
7.976348488419858235e-04
3.684934819625256507e-03
8.505259503941255735e-04
1.330904559837160078e-03
1.071064163586652081e-03
5.825541163636150255e-04
6.074852277066224941e-04
4.259428800225809660e-04
1.958558225013911150e-03
1.353735440177007048e-03
1.861261422403908631e-03
1.592601628877402973e-03
1.159440491182800459e-02
1.320227822883880599e-03
3.600521059399245695e-03
9.689736300860264662e-03
3.436208799822868584e-03
1.200720539976447496e-02
1.003612705310737412e-03
8.905118804400729247e-04
1.305375632257020071e-03
5.159020236667512249e-03
1.055814470386684219e-03
4.138337187564146251e-03
1.083683794672640928e-02
1.210587396565931300e-03
1.847612842843785862e-03
1.356499347711282452e-03
4.477507716159324913e-03
2.160735188608123043e-03
4.546171889520264631e-03
1.186463536276658078e-03
9.368496682768113993e-04
1.396913776373361928e-03
5.203529638937908798e-03
1.725183646402892292e-03
6.752762419627337913e-03
1.097721867144306734e-03
1.970778068419406712e-03
8.516641204822598260e-04
4.196314435018431467e-03
5.009851176072194212e-03
2.635864799736349542e-03
1.413861217842223190e-03
1.530211749883691671e-03
1.113152760547804487e-03
1.061579311244959488e-03
1.248619952809255397e-03
5.617412626665726702e-03
8.702381574784555374e-03
2.389365453017932260e-03
4.779492568177397260e-03
1.341200965499146636e-03
1.351778665825532607e-03
9.887030848051395378e-04
1.753429948642767130e-03
1.215039194377691683e-03
1.838741789256774593e-03
4.412032042931801103e-03
1.841181018253225431e-03
1.347211837976599420e-03
9.139075852265023938e-04
7.478244371382919420e-03
2.345764025671979048e-03
2.600007836802090393e-03
2.587602966542288958e-03
9.366502273001920406e-04
2.854639865303332420e-03
3.329652542773204205e-03
8.715542123878444779e-04
1.112889219676791667e-03
3.991740205819342170e-03
3.611285307771359716e-03
1.260903346817123915e-03
1.037514191460447988e-03
2.508788560655826529e-03
1.173038551160828294e-03
1.138748463289327665e-03
9.464666734387549305e-04
1.311610075426950005e-03
1.159636931558253843e-03
1.875068439102975035e-03
1.338716587832742329e-03
2.834380790511281927e-03
2.378000684206414955e-03
1.831193896194642642e-03
3.599749653806672608e-03
1.531886771984690898e-03
1.424023662237602385e-03
1.187904871332586855e-03
1.600352880441240078e-03
3.582995986909373078e-03
2.637179864185128751e-03
3.233809169295579541e-03
1.111209968555007836e-03
1.371673130820388930e-03
1.594096523767622731e-03
2.489146294700599234e-03
1.239306351802973603e-03
1.449906685607421034e-03
3.835917961495611747e-03
1.271915813930173675e-03
2.785375103193184123e-03
8.565672887531417586e-04
3.294211695635637649e-03
2.299789404763394243e-03
4.448847296899247072e-03
8.828074963509034050e-04
9.928272790784575547e-04
9.297737318338019502e-03
1.627888263108868321e-03
1.265408778816450551e-03
9.803666636400698575e-04
1.493278710000237866e-03
2.727741058235143810e-03
4.119101644851815187e-03
1.276578123553827110e-03
2.347893706879836118e-03
2.559060965284798428e-03
4.467048357113858822e-03
1.810517049864300392e-03
1.084787510169538160e-03
2.269211531239691271e-03
5.390397223990066843e-03
3.207438299273543403e-03
6.325642795112667791e-03
8.627796727291982357e-04
7.204060032203230294e-04
8.309379148227404727e-04
1.354097182364278479e-03
9.309084886379758242e-04
8.795215676437358058e-04
8.530930203626336432e-04
2.746344498845787550e-03
8.252875404478497365e-04
7.402870553412647285e-04
9.535280460856658102e-04
1.530239176330695132e-03
7.654606607992686359e-04
9.057114862503045771e-04
6.691108773999285319e-04
2.085095901558778938e-03
2.403943577367596840e-03
1.124422926271977661e-03
1.319428240902110203e-03
7.962946637323430835e-04
9.940303523474336954e-04
6.542697310336234237e-03
6.720349900388178106e-04
4.199318738908116720e-04
4.767081033047306047e-04
4.969482685625707143e-04
1.609096698418055775e-03
5.235366167037754049e-04
7.720529565256004393e-04
3.454123477969969509e-04
1.021144004803297171e-03
1.330969602910753863e-03
4.563085118366857693e-04
1.302072023567036598e-03
1.434413844727579386e-03
1.091988687063079290e-03
2.059083100378591037e-03
2.645592877343979580e-03
6.503326176313777842e-04
6.825059481156473245e-04
2.905461604596609455e-04
1.047635523413890891e-03
4.604979856239705478e-04
3.605431615909880476e-04
8.592546913555526101e-04
1.083762180429250800e-03
2.975442283275756168e-03
5.952059985504387510e-04
1.037625590905075657e-03
7.376051093425923903e-04
2.515487300411378777e-04
2.387078283093319075e-04
1.651069843845377272e-03
3.347868605884116253e-04
3.925430757546827720e-04
5.533586443956008951e-04
1.561739489560048239e-04
3.465911631656730732e-04
4.495137690756694318e-04
3.792047541291648869e-04
4.027168005644415731e-03
2.038136483628492576e-03
7.841516654081538912e-04
