9.964081156740371981e-01
5.369433864285836355e-01
1.641717922198383972e+00
1.497830637574069090e+00
9.854005668539708163e-01
6.383897576207843150e-01
4.209523936506958108e-01
2.841035671082668967e-01
1.967973474281802249e-01
1.394772316255405709e-01
9.994156988715648116e-02
7.092354038918480263e-02
4.856401228031104883e-02
3.115798872263534497e-02
1.800753151047827447e-02
8.624594436915261966e-03
2.564403531610241760e-03
2.218461876021467303e-03
3.775031913006412099e-03
5.350393344573985827e-03
5.191742082609279718e-03
6.036478525891536551e-03
5.901253560720820870e-03
5.936085351340785257e-03
2.875226762165799047e-03
5.698313670901494071e-03
5.472424477437657156e-03
5.577719699117707382e-03
5.301371554246914024e-03
3.436748513320140620e-03
5.210863560957281100e-03
1.369099220472222260e-02
5.200051065227678099e-03
5.005590105685746478e-03
4.829157154757057584e-03
4.990482663876047963e-03
4.618265968186322651e-03
5.019062150205052739e-03
4.371174326904089108e-03
5.013462867266053891e-03
5.383276092511143050e-03
5.077610872290615369e-03
5.184093282553660885e-03
5.162458707225099641e-03
5.069067882477596224e-03
1.353335764426895262e-03
5.251170136025576536e-03
2.904102260724324494e-03
5.258756532395253598e-03
1.325054564640692524e-02
5.197988551874413096e-03
4.816884018731336370e-03
5.576903312199173873e-03
4.786668561397533495e-03
2.569822818663352205e-03
3.836022408044164125e-03
2.377780046702040583e-03
4.747475470344355609e-03
5.269825028035680231e-03
4.981785649767514826e-03
1.745998413702181187e-02
4.775466456336138060e-03
6.069590335904906896e-03
4.896597189410750901e-03
4.596535958878249055e-03
1.297560659725367337e-03
4.534751483651943207e-03
3.382168377248394916e-03
3.160266390109797881e-03
5.174246841740949912e-03
9.006529691895016204e-03
3.192775153388260120e-03
5.776118821321133724e-03
2.679453215720477115e-03
9.740972643949810661e-03
6.922738343737713101e-03
1.236705106854832977e-03
2.439027951911249773e-03
5.269693231295426161e-03
3.884715269467428796e-03
3.818763762128319847e-03
4.442617578824855501e-03
5.211963100850975153e-03
1.547087747043369163e-03
3.252081194072137683e-03
3.716288151833069871e-03
3.331309734323131995e-03
3.922398945131876091e-03
3.628908156505474946e-03
4.923391429709156331e-03
2.522363836867647785e-03
3.253931053335600097e-03
4.009978779030448637e-03
3.141535651067792114e-03
3.129306156685113336e-03
2.425257936617252180e-03
2.631601915931091728e-03
3.226636018931108591e-03
3.362747081943183707e-03
2.405597912896319940e-03
2.178826279010482713e-03
3.418023306876741968e-03
7.672815401013797186e-03
2.679605904729381958e-03
4.192521267863902334e-03
2.835132043025371217e-03
2.610187352588528176e-03
3.036986599798594672e-03
2.397218394846699612e-03
4.472079463411019959e-03
2.727995293940227613e-03
1.404772863662780494e-03
1.152544010213977588e-03
5.620370080082068981e-03
3.726764594028745062e-03
9.004842966008574229e-03
1.896260212762730050e-03
7.389931399042476770e-03
2.195086157742869287e-03
4.214361288207292902e-03
1.669434342353207220e-03
6.578408092558167726e-03
1.822534524471056431e-03
1.073879809817414755e-03
1.691095728949006073e-03
1.438411041476340274e-03
1.655825957175089064e-03
2.480734010343827855e-03
1.994634006170754783e-03
3.334997484837490603e-03
1.798285981352441961e-03
1.224104203399827961e-03
3.028064761843582160e-03
2.145389842592796466e-03
2.463053080799040839e-03
2.006969079069754157e-03
1.377243023595810852e-03
1.038865241708836467e-03
2.083531665782530681e-03
1.321637585296262050e-03
1.375898998634090750e-03
1.436616180881112757e-03
3.943880236448275324e-03
3.071333811589783101e-03
2.183948462854395662e-03
2.099388209460292636e-03
1.236723395258077039e-03
2.509808069621369958e-03
9.063358743702880620e-04
1.262702878079386207e-03
1.186111130186499928e-03
1.026505455103547335e-03
1.236906471804322030e-03
1.508269123926491047e-03
1.528569296158915989e-03
2.204892277407652802e-03
6.631941405314268614e-04
1.114284423705044031e-03
1.121385970661405987e-03
1.152902448983694544e-03
1.445172058493322592e-03
1.953652328314582718e-03
6.543892437466221823e-04
1.711869652123065378e-03
2.955264401685416681e-03
1.798192421196607212e-03
2.127499295250686023e-03
1.393432195682851437e-03
9.526983644729135250e-04
1.283839309552679657e-03
7.953767357187235560e-04
1.349336920617615803e-03
1.239213503815447988e-03
2.435007327239693126e-03
1.900612566874006161e-03
1.136788658644375923e-03
1.119334348869692073e-03
2.836837575906078508e-03
6.541703224582982694e-04
4.898256783339747589e-04
6.912529715524892314e-04
5.219028530802687083e-03
1.159762313904517343e-03
1.078293086319108461e-03
1.308362331148867855e-03
3.101155032586060123e-03
8.887912148928659752e-04
1.611912412172312190e-03
8.660478351016170874e-04
1.249607267828970825e-03
1.449653142267300771e-03
1.031950510563403632e-03
1.866302879962777363e-03
1.250711497127012352e-03
2.561458832612387854e-03
8.210230547508533087e-04
1.237418121044332004e-03
2.610987421698815567e-03
2.306412072062853820e-03
5.660457123112344570e-04
1.040870780253446651e-03
7.713843054508760094e-03
2.857563634606738283e-03
1.866189582152057765e-03
2.588890123526489326e-03
1.112314529700200250e-03
9.971418858502286743e-04
1.023375232966277542e-03
1.446178395969966238e-03
9.621434335700950217e-04
1.175710566049309154e-03
1.074729756110175301e-03
5.628315870755353292e-03
1.372522332133917959e-03
1.645442623206119954e-03
1.332205216789589903e-03
9.014034019705874064e-04
6.473747036173800031e-04
1.016268922132490451e-03
1.628346838704776986e-03
2.822224780700944777e-03
2.245908266025067445e-03
4.531043343902524737e-03
1.766374327412106567e-03
7.104396813475851152e-04
9.379368021512952567e-04
9.557958851419418988e-04
1.701052959601451675e-03
1.171832758188462789e-03
6.272373362937369752e-03
9.293030694414480646e-04
1.622483430883807235e-03
3.658313042666850364e-04
9.256212021810795564e-04
1.080995583794604632e-03
6.523287272914563137e-04
1.154582605259720299e-03
1.354727859354088121e-03
9.353835691992640287e-04
3.928681897697941863e-03
1.146264546334686179e-03
8.686501126105834010e-04
1.686051678364010840e-03
8.501685622692995836e-04
7.709026765700825777e-04
1.958194242853696695e-03
1.015043897016483423e-03
5.712552672264979876e-04
9.748717280616142362e-04
8.219657614184541338e-04
1.281437879794588381e-03
1.203252547356668594e-03
6.568756808064322300e-03
1.515680605026764952e-03
5.969114265917101897e-04
2.286499667667478159e-03
5.249114938615536893e-03
1.279247987970819804e-03
3.225410112595406692e-03
7.286124981747110416e-03
1.333620943489086975e-03
6.600941980062868895e-04
2.152599977874242784e-03
1.058864034908934540e-03
8.443257404907772478e-04
1.349378432371932347e-03
5.130043043280790773e-04
1.931334208942026270e-03
3.424228360884020122e-04
6.089134724408232138e-04
8.190032576759668321e-04
6.312160409161713661e-04
5.761109314106974957e-04
7.083323288011813710e-04
6.102601976896588612e-04
2.685981408373618387e-03
1.567407122067434547e-03
7.148026872103362215e-04
6.721300318700973312e-04
2.399749257031134290e-03
3.761903830296915024e-03
8.889710915557951822e-04
2.331607466753162893e-03
2.453950397020072081e-03
7.211844938745320217e-04
5.844444520349898874e-04
1.394264295339661458e-03
5.515119392463351932e-04
2.001451582262974826e-03
9.351356102185877069e-04
6.694553228603843760e-04
9.492041089109098462e-04
5.108312473042324331e-04
3.922635715770381496e-04
1.191187256602780058e-03
2.384706566815699737e-03
3.806612875105507172e-03
2.464187046893598007e-03
7.504704044310009934e-04
3.719801542614245972e-04
