1.123107571785892045e+00
1.710657205720301555e+00
1.420786468497995392e+00
5.102141205264771884e+00
2.195066047489749650e+00
4.535139787539505640e+00
4.870201358221211585e+00
5.035968864774015508e+00
5.057767096211054358e+00
4.990087568448796418e+00
4.858275787482972952e+00
4.638462438366270923e+00
4.428883169010461529e+00
4.195163083282094973e+00
3.969548599833933267e+00
3.611508730599951811e+00
3.448302607388430197e+00
3.174943632770253377e+00
2.929132097830804859e+00
2.711676784565192122e+00
2.550383970486165719e+00
2.340011967489445954e+00
2.144041576842035113e+00
2.009322797625334278e+00
1.857050807739498932e+00
1.677182560261509137e+00
1.616816777801680205e+00
1.473339936634502578e+00
1.297706595282463349e+00
1.184154999014719323e+00
1.111965142931327311e+00
9.877318543065112255e-01
9.412546729642404797e-01
8.505941054454373429e-01
7.708132975381943863e-01
7.581427626946615206e-01
7.012822799994127276e-01
6.327189960322595619e-01
5.866582833572309141e-01
5.555275769852204837e-01
4.762939217706494976e-01
4.421803300870071896e-01
4.329638286107274081e-01
3.810387603284550728e-01
3.552906943658905026e-01
3.665821298336322531e-01
3.252315347944733093e-01
3.159916940548017639e-01
2.899401686610077467e-01
2.695759547199518824e-01
2.850151911889147183e-01
2.709473427057904615e-01
2.373087597335805932e-01
2.077110663937327129e-01
2.955176522029128727e-01
2.664888464316446104e-01
2.050498448178473820e-01
2.265656440601020449e-01
2.183365617695087746e-01
1.952246996347143104e-01
2.199494270867592693e-01
2.345545842362322941e-01
1.991802833268140061e-01
2.160835254713372178e-01
1.814597804627787470e-01
1.627142716135394074e-01
2.081208847188585065e-01
1.713792487123368957e-01
2.174099396520849103e-01
1.870801414397305906e-01
2.147478872785817394e-01
1.691262406549378094e-01
1.642607002325979504e-01
1.958746235818769055e-01
1.797612907470716170e-01
1.768093360910718004e-01
1.823481506896079685e-01
2.003428853680119803e-01
2.068289912266516872e-01
1.954911389955119039e-01
1.827786662716181232e-01
1.709391946911447135e-01
1.989679788473724675e-01
1.548509105328688962e-01
1.760703490290655149e-01
1.865129014514270989e-01
1.888486431243561470e-01
1.812496638398412852e-01
1.651730306891564803e-01
1.731001549338704315e-01
1.693975283565357925e-01
1.761011439329667472e-01
1.637782222255216025e-01
1.855215440870913446e-01
1.596186811734804645e-01
2.072089630706501762e-01
2.056191025346029710e-01
1.433862540319359447e-01
1.744046779798860969e-01
2.092250065435602990e-01
1.445299450780297146e-01
1.715505780541372594e-01
1.787611011113583726e-01
2.098558340757225305e-01
1.784813296360986401e-01
1.713705087304848163e-01
1.661755855606668886e-01
1.608069906966751728e-01
2.050732184483827769e-01
1.673026169052586609e-01
1.816444730855243384e-01
1.542847655356507086e-01
1.901600368982035161e-01
1.774007003725232290e-01
2.128441422038675201e-01
1.776891468664666962e-01
1.503873537513770176e-01
1.716829090993073903e-01
2.000941284405822473e-01
2.202203216619711412e-01
1.788860256125399950e-01
1.602925257420768079e-01
1.967254514632138795e-01
1.599584607266491265e-01
1.781345596219440497e-01
2.514594617708472146e-01
1.944831611269343397e-01
1.671575741587001673e-01
2.007488085495328367e-01
1.839701645057780499e-01
2.627012141040956927e-01
1.835348607735734772e-01
1.771793439982025098e-01
2.041812393157303451e-01
1.571939565692945240e-01
2.091079167706405284e-01
1.546242152756450716e-01
1.919968205875733080e-01
1.888744297934568939e-01
1.904453756443230672e-01
1.856960343594658835e-01
1.847830189543513968e-01
1.920456125139509418e-01
1.869202203705815635e-01
1.880525773519714505e-01
2.161725257124509081e-01
1.965485907111270136e-01
2.362534657166558139e-01
1.924013998607828624e-01
1.913853734499613157e-01
1.918369786733730431e-01
2.271755845366112969e-01
1.811098753822695806e-01
1.892485835466909683e-01
2.342166455508546963e-01
2.040347396446899053e-01
1.910966950680481613e-01
2.670427515978575639e-01
1.713055718455067655e-01
2.188999696186969546e-01
2.037533881769522104e-01
2.044092820605942218e-01
2.121681726168395121e-01
2.156868927444159090e-01
1.927341769130577476e-01
2.062164051807442167e-01
2.020953872098788517e-01
2.032292220985910114e-01
2.189122407370951984e-01
2.132919252469654692e-01
2.072329929145545757e-01
1.925785793378087529e-01
2.178329426150180659e-01
1.921286186005274066e-01
1.821979569957812573e-01
1.898521182970340226e-01
2.150736477789288170e-01
1.847119099331824832e-01
2.119048791883369476e-01
1.728073299412616060e-01
2.125782756818977159e-01
1.959044410476389886e-01
2.176537386496919524e-01
2.322457916963729108e-01
1.918246983168172826e-01
2.009283387052863412e-01
2.101738189606583429e-01
2.223989245501559742e-01
1.953837786503070384e-01
2.121488350767713194e-01
2.091229630673328566e-01
2.101209551381092167e-01
2.251641495633227297e-01
2.053354689741630212e-01
2.143273538458531913e-01
2.035089619553058227e-01
2.111086438137026455e-01
2.015897103801322920e-01
2.343203999611636890e-01
2.103535058052721229e-01
1.861242386130675663e-01
2.125556298134945732e-01
2.201162758625358484e-01
2.317032713972269897e-01
2.116772741609137809e-01
2.002323082464217141e-01
2.328418733212278546e-01
2.066937731914944842e-01
2.085247466376660697e-01
1.951911813503120485e-01
2.227709856686094780e-01
2.465927198224384942e-01
2.234784358702860685e-01
1.962349151096060562e-01
2.067852684231525906e-01
1.988764161471139602e-01
2.246537626238206686e-01
2.235385073882212026e-01
2.448957660433721539e-01
2.460199686345995451e-01
1.990692171019804724e-01
2.300671259728327700e-01
2.154220950531680889e-01
2.052252205319900769e-01
2.043381122479409340e-01
2.055463336568839894e-01
2.194270940716608054e-01
2.201779828274711692e-01
2.175712467284629248e-01
2.145122770532063017e-01
2.079893887064640234e-01
2.194326061970891806e-01
2.223642691996345899e-01
2.142604972381211004e-01
1.977575250066778700e-01
2.286918524605634773e-01
2.018084270092090349e-01
2.105665177874918859e-01
2.050926895123411642e-01
1.962212965211342086e-01
1.908228238050059533e-01
2.177077727218569292e-01
2.139883699768032055e-01
2.113439346382146866e-01
2.091745809003631162e-01
2.075703937641369956e-01
2.189117605504164732e-01
2.096924257188637064e-01
2.198116099679223168e-01
2.175525232523395636e-01
2.059805591218950571e-01
1.977645272956599087e-01
2.000636247092085485e-01
2.027512549192312108e-01
1.957109495205340277e-01
2.128691815362298290e-01
2.100250850204383180e-01
2.042057870809683706e-01
2.189978289871555850e-01
2.011244303244058285e-01
2.000608945623855717e-01
2.115435724727395828e-01
1.799198914602629096e-01
2.276438298654164527e-01
1.890447443907514458e-01
2.139487033743514843e-01
2.075006171841936864e-01
1.967597722569112972e-01
1.920042757032792702e-01
1.974668609894583426e-01
1.978870868879092082e-01
2.084349465783803812e-01
1.952660575892578854e-01
1.783131826550352073e-01
1.868417006544173531e-01
1.933631347448417359e-01
2.035284031363140678e-01
1.953371554543075206e-01
2.025952240340424815e-01
1.771054833456921773e-01
2.056603804602679664e-01
1.961606635359803563e-01
1.904763327561406761e-01
2.091156749159056860e-01
2.082217436487464324e-01
1.922793962603074336e-01
1.861570632235159395e-01
1.896977996814724343e-01
1.820947379388982157e-01
1.761254292086474882e-01
1.986658357450012125e-01
1.849868275587273903e-01
1.635181098120047916e-01
1.821159740353711642e-01
1.902412143216437035e-01
1.804074820206001684e-01
1.598084912280683112e-01
1.676763516073644933e-01
1.593528103248938455e-01
1.889480986613324698e-01
