1.077355656520860849e+00
3.865178327080260878e-01
2.043498112901838137e+00
1.997955668222389791e+00
1.604632315129128184e+00
1.328301114248906067e+00
1.102930526831283897e+00
9.173117769670804389e-01
7.657999916408749774e-01
6.426247609976630804e-01
5.414997485088475226e-01
4.583065524905868826e-01
3.869404124350981911e-01
3.293270911949227608e-01
2.751186270380687748e-01
2.356775936836060514e-01
2.015097957482416546e-01
1.670024185022954133e-01
1.422347521850947927e-01
1.187007424419121576e-01
1.024772803506871222e-01
8.940734889003387753e-02
7.538590243815355973e-02
6.792945465824962170e-02
5.170666496386314148e-02
5.323827969447096631e-02
4.987380802563149557e-02
4.168608326468351694e-02
4.147836885803742740e-02
4.796602681648200195e-02
3.475069992664293200e-02
3.443819017018192458e-02
2.732126418185554934e-02
2.915270435647317887e-02
2.933014079279076813e-02
2.063826116683351378e-02
2.469859138760706688e-02
2.529719581123624286e-02
1.963790814300546417e-02
2.182668522319127988e-02
4.711357148972983300e-02
1.756592794294202162e-02
1.854436049908449180e-02
2.075836841828481230e-02
1.730934916678761315e-02
1.396316432515882014e-02
1.692683547008410824e-02
1.420148195690715959e-02
1.201032691130231658e-02
1.421809171503912207e-02
1.156667688099586276e-02
1.358174464742503175e-02
9.071617468344814889e-03
1.213240604323138211e-02
8.437177043449881411e-03
1.135921917281926784e-02
1.433631379470238013e-02
8.818923915501214114e-03
9.564520421865469607e-03
1.204182513909612083e-02
7.551218085784091802e-03
9.316028401933415873e-03
1.508493422282058136e-03
8.015713231310830564e-03
3.250351201933757758e-03
8.038747507335502335e-03
5.977036475334718442e-03
7.344697849865585750e-03
3.013971865081737419e-03
6.640356873141478426e-03
4.003900899340566769e-03
1.060364481197173352e-02
5.248337350722161003e-03
5.611139479438970526e-03
3.653371456923455544e-03
9.141993650093492227e-03
4.969700162885785227e-03
1.227593637589799880e-03
4.543603974499200310e-03
5.402023148292703358e-03
4.346508700725090595e-03
1.006741291517370806e-03
3.736497390689066684e-03
1.155550752095517138e-03
3.479524785772462186e-03
3.384243124747837381e-03
2.755056625971846057e-03
2.912392000351648590e-03
1.890767130581752021e-03
2.702349099283206380e-03
2.465220314352574091e-03
7.829656471839087709e-03
2.254212191793705279e-03
2.107095057259172899e-03
1.286307852921113500e-03
1.734937773995583535e-03
1.058374978120916847e-02
1.603995508263213838e-03
1.545309559124979524e-03
7.320419748636191985e-04
1.496159432457616536e-03
1.286687342651405414e-03
3.220441910931422843e-03
1.128090510676192518e-03
1.124098923392971702e-03
1.112880847067546650e-03
8.102405584037143758e-04
9.186298204137165798e-04
4.829849357753951238e-03
9.506721756162535893e-04
7.819701602479705964e-04
7.325793834129458795e-03
8.110969293226439865e-04
1.210841661601275978e-03
2.961727429327410798e-03
6.102277061661717317e-04
4.028212162386897097e-03
6.257371173930351962e-04
5.690624995555157222e-04
9.367148398222244080e-04
5.304418188285757842e-04
2.235343127572272069e-03
8.239054037362930887e-04
5.107028132401397573e-04
4.820485994108192145e-04
7.600216829951172157e-04
7.748012453448037016e-04
4.960075317973764060e-03
4.857647151720001456e-04
4.668603319454284542e-03
1.022496277326055865e-02
4.620119791369230351e-04
4.843387910416327609e-04
8.708818258489689620e-04
4.964140179302573572e-04
6.871923518302641308e-04
5.051282051864514674e-04
1.001561001519544894e-03
2.099515064304754378e-03
5.312893348049440786e-04
1.078362695394779330e-03
1.298298669653487640e-03
7.419295611533386660e-03
5.403267383969724081e-04
2.395009247841363778e-03
5.742032801381696241e-04
7.123369065652800309e-04
2.565230840184584173e-03
6.339075696641850331e-04
5.176157255187489002e-03
1.697981388684833550e-03
7.412154592651339904e-04
9.647847068891560402e-04
7.622510311905816155e-04
9.782941855566167251e-04
4.808658328737649892e-04
8.667562982454002666e-04
1.298067552071085215e-03
2.296964964873426680e-03
1.268025546553886926e-02
8.138718216021606283e-04
2.949325489700721850e-03
3.993613009483521631e-03
2.272790312365637055e-03
1.146101040151570501e-03
2.661758974603148364e-03
1.807154639029641104e-03
1.033356616147252868e-02
1.090252809200803041e-03
1.633567061134371702e-03
1.932911478735059585e-02
1.151830648290076741e-03
1.364037868026656648e-03
1.022811159139651099e-03
1.404284799099697221e-03
3.387557653963035008e-03
6.770107193240077186e-04
4.580525339071895782e-03
6.101817048044616727e-03
2.119657395461707269e-03
1.544974366767797079e-03
1.359406286295274883e-03
2.901221206873926678e-03
1.504803683728675760e-03
2.164289457590067630e-03
2.004217450665169223e-03
1.600862767814085737e-03
9.692289658472582215e-04
3.114171799344348304e-03
1.673668984689499328e-03
2.156211758246147185e-03
1.491370516687104018e-03
1.215148175491626188e-02
1.702919466203698263e-03
1.828561346440760660e-03
1.208159468940936095e-03
1.782144113663545202e-03
1.791992475883136130e-03
1.841791524193038977e-03
1.824628058240679654e-03
1.675204347137984389e-03
2.034854413103259069e-03
1.835467015040907236e-03
1.198842236852096406e-03
1.934870532040815477e-03
3.995837536734665740e-03
2.590941026022507317e-03
6.427515688856843060e-03
1.979854176550128759e-03
3.324116685127662726e-03
1.352903063681469521e-03
2.203539401237983395e-03
2.123498534465210509e-03
2.052494632597303727e-03
2.702516456788144061e-03
2.105252933452106574e-03
1.636873699583870061e-03
2.022028549125892694e-03
2.588981716800224393e-03
2.179913338546169733e-03
2.129490469391173441e-03
2.197996075161148810e-03
2.274549129020367582e-03
3.176573237119901215e-03
1.887678239738199617e-03
4.190719071959401847e-03
2.362077975609634933e-03
1.936745394073132332e-03
2.176296931813577994e-03
2.813923936545023683e-03
4.280927202826067916e-03
2.892502343916435181e-03
2.400820451957863619e-03
3.306998304643642573e-03
2.454221370179129023e-03
2.858761841267216074e-03
2.515654724989477720e-03
2.853787971395318774e-03
6.480533532120746031e-03
2.537968836044297849e-03
2.030414600280909098e-03
5.515053654675439523e-03
2.587973538649983481e-03
2.776203872784271595e-03
2.689065634520565462e-03
1.910779724219521846e-03
2.667113440407803144e-03
6.028304298891747244e-03
2.714638653274042187e-03
2.641601883635748271e-03
2.707923405981012797e-03
2.800132105953396112e-03
2.345544556969825917e-03
2.428077940989171839e-03
8.080211647513952516e-03
2.871251596990568537e-03
2.301972029719515263e-03
3.409221166074683559e-03
2.828946395957400266e-03
2.881884997341193060e-03
5.283375610178258491e-03
2.814313782784931637e-03
3.001770587611403505e-03
2.991905498521112410e-03
3.830279884491218784e-03
2.985214505732436321e-03
1.169225032904614402e-02
2.995501225840823279e-03
2.933568808750786940e-03
3.040704416537286844e-03
2.390485383843157265e-03
5.099707958046570226e-03
3.023939109455681725e-03
2.515089853445196758e-03
3.143540165194071753e-03
3.130371317717073852e-03
6.611606441386788137e-03
3.126601469249595464e-03
4.579664620835419316e-03
2.797490183330752622e-03
1.927475141595147391e-03
3.121179575475364811e-03
3.447780631428828176e-03
3.026978710394466823e-03
3.291330579977380221e-03
3.224953409471343138e-03
3.301945713625372043e-03
8.708338132127468184e-03
3.757196149610767758e-03
3.120649631390793027e-03
1.813843001485621834e-03
3.684867052136532595e-03
3.300237717975118296e-03
3.194102937632080363e-03
4.087294754384994573e-03
3.274630591759242031e-03
3.603496441324697576e-03
3.414968994274878138e-03
3.293878889128113666e-03
4.747583647942783293e-03
