9.554436991135595303e-01
9.165549192389882416e-01
1.448506395919276324e+00
1.713334042176245742e+00
1.786191739201946183e+00
1.792655942745425612e+00
1.778167827291358583e+00
1.760445856303319623e+00
1.744105190210349932e+00
1.729773372581305813e+00
1.717359262445646850e+00
1.706681128806330383e+00
1.697544628331540073e+00
1.689758293783559351e+00
1.683155674877651498e+00
1.677592841271116963e+00
1.672940640301177284e+00
1.669092865710688267e+00
1.665944445692141951e+00
1.663156567829897625e+00
1.661259850827108142e+00
1.659463345071424234e+00
1.658516982140682661e+00
1.656032074427542300e+00
1.655382768829582130e+00
1.653393144794933489e+00
1.652990414579261547e+00
1.649762802407205742e+00
1.650459524474691797e+00
1.650347869850504745e+00
1.647121808504531382e+00
1.647131139512247433e+00
1.646734491057451510e+00
1.641318464424775581e+00
1.644079433982176264e+00
1.643449806639564859e+00
1.641462280981786037e+00
1.640985327967817708e+00
1.637030759936342061e+00
1.643001044243375341e+00
1.636433248907537497e+00
1.631722806669571479e+00
1.633236375509465210e+00
1.631826770876290578e+00
1.627184640797311177e+00
1.628393982947231811e+00
1.628427698215151542e+00
1.624318761225125529e+00
1.622917942532885904e+00
1.624604528195437325e+00
1.617542624805662133e+00
1.616542338126255141e+00
1.616356082859315091e+00
1.610921293875304805e+00
1.611636358763510080e+00
1.610314164523446445e+00
1.604767116802298776e+00
1.605524729542584739e+00
1.604020030044433387e+00
1.596669786897581211e+00
1.599572259459114187e+00
1.598130377512853695e+00
1.595983643763944748e+00
1.593335166593466079e+00
1.591635380391379861e+00
1.589980008134851408e+00
1.586958244471117663e+00
1.585407860468876384e+00
1.583602455117288699e+00
1.580504925061119392e+00
1.578967476562390670e+00
1.571756822081266769e+00
1.573036513370619671e+00
1.573182343076573231e+00
1.568239849626280824e+00
1.567182362074206470e+00
1.566208294487277053e+00
1.561808889419277868e+00
1.562410647052902002e+00
1.556808105618184612e+00
1.555952253570241917e+00
1.555782743237938970e+00
1.552255124790689278e+00
1.549447100315471060e+00
1.547776333960001027e+00
1.543960437161068677e+00
1.544283413610574307e+00
1.540194019175695983e+00
1.537274480554098766e+00
1.537737723492688779e+00
1.533389094687551468e+00
1.533214518423260175e+00
1.529000629148054458e+00
1.529067018050142446e+00
1.524508095990075196e+00
1.524642282994178144e+00
1.519703295968216628e+00
1.519815179639262048e+00
1.516356673503183927e+00
1.509809276893305574e+00
1.512547365244854003e+00
1.509370476610464085e+00
1.503478229213490724e+00
1.506186622850792967e+00
1.505423696176164450e+00
1.501406070649576874e+00
1.501032976347239645e+00
1.496739649428712626e+00
1.496249160745995122e+00
1.493883779766971287e+00
1.490840180819283933e+00
1.489509886550090645e+00
1.485937772417088798e+00
1.486110712561710789e+00
1.481914628144776147e+00
1.476544183373413199e+00
1.477853849329710423e+00
1.473723412765684415e+00
1.475456608187526220e+00
1.471803422693906738e+00
1.467067890085330450e+00
1.467282368978962026e+00
1.464888154955118038e+00
1.460333605536077162e+00
1.460752481320868990e+00
1.458426781941269068e+00
1.454314819832826844e+00
1.456124891064099591e+00
1.452692472476265984e+00
1.449055543325716844e+00
1.446784541047899886e+00
1.446573616185523825e+00
1.443310074943910060e+00
1.441188358392814894e+00
1.435583927827352335e+00
1.435934741850123153e+00
1.433560704941793107e+00
1.433510835807714212e+00
1.430065037478650991e+00
1.428222772049402067e+00
1.424469470269235538e+00
1.423431024324131045e+00
1.421786746995819861e+00
1.419965003616643129e+00
1.415979876866047649e+00
1.414970485370574238e+00
1.414152608937047528e+00
1.410340198040543003e+00
1.408596057554251768e+00
1.407828598968613898e+00
1.404489643408575406e+00
1.402473597135202699e+00
1.398016767899108448e+00
1.398265751358946263e+00
1.394785518836541893e+00
1.393910064681894267e+00
1.391217758879526478e+00
1.388587718102487045e+00
1.388205053760324548e+00
1.385873151252774882e+00
1.382402665480697568e+00
1.382761568336507763e+00
1.380705332420347764e+00
1.376817089008254724e+00
1.375205327697730073e+00
1.372987198887092530e+00
1.371274434389291308e+00
1.369588043590977966e+00
1.367156291297905168e+00
1.363047166006772892e+00
1.360558602675939754e+00
1.360493467458004035e+00
1.355824139074577994e+00
1.356050186222674148e+00
1.354504774625568730e+00
1.351535781784521717e+00
1.349394128590642117e+00
1.346746795398207075e+00
1.343779833885763386e+00
1.343245668161996420e+00
1.342030369456490790e+00
1.339000914842655598e+00
1.337996833438559019e+00
1.334153556976870103e+00
1.332127647745399601e+00
1.333060661537489811e+00
1.327019658710281602e+00
1.325563631835123823e+00
1.325830659161078007e+00
1.322012121411645591e+00
1.318064085096906535e+00
1.317415671503729957e+00
1.310397219398831137e+00
1.313561448701975110e+00
1.311248554956771839e+00
1.305557254021785907e+00
1.305659167033531576e+00
1.305606553825833238e+00
1.306315814604105841e+00
1.301087584605623348e+00
1.299364648130035826e+00
1.294743961270020671e+00
1.293804779875989963e+00
1.291323706546598782e+00
1.293486543481416451e+00
1.288952098786056322e+00
1.286276209527211556e+00
1.283728149116779349e+00
1.282023971106276861e+00
1.280587284012272287e+00
1.277194219044784917e+00
1.276128666614104956e+00
1.274636689245140841e+00
1.271097533442764771e+00
1.269681853604857524e+00
1.268007685944813723e+00
1.261475976820672251e+00
1.263446615757213731e+00
1.260664086513593185e+00
1.260544818515706877e+00
1.257097753925706662e+00
1.257165284470338928e+00
1.253286899269640431e+00
1.250689160850669612e+00
1.250841416832323860e+00
1.248612991616905976e+00
1.245991410833988011e+00
1.243072226082849507e+00
1.242589243239576646e+00
1.239378755712449820e+00
1.234822916196586240e+00
1.233784465848382750e+00
1.233287096404336314e+00
1.231831392441026019e+00
1.230370562630909381e+00
1.226783843743095348e+00
1.223642929085067665e+00
1.223388287003942088e+00
1.220380887266960368e+00
1.217852908464561512e+00
1.218647087825932784e+00
1.215345388250866243e+00
1.212709464201682019e+00
1.212466028228782244e+00
1.209958273532540707e+00
1.207548017699406895e+00
1.204708966031845740e+00
1.200950910917520487e+00
1.201872633263084023e+00
1.200139858322095909e+00
1.197557296311285713e+00
1.193443038984721483e+00
1.194102220284864790e+00
1.190792597349299209e+00
1.187909893299153863e+00
1.187393610399032129e+00
1.186600620616720558e+00
1.184772688065172774e+00
1.181567269065669556e+00
1.179842192132391610e+00
1.178213175660087098e+00
1.176251485447429301e+00
1.174329468199613258e+00
1.171418531359350146e+00
1.170366846295211261e+00
1.169104378818064394e+00
1.166470103251042501e+00
1.163266342631334993e+00
1.162884183204108579e+00
1.158679171685761400e+00
1.156643907170693542e+00
1.156339066853478537e+00
1.156107426904032343e+00
1.152849008056922919e+00
1.153034633841162560e+00
1.148131712996995013e+00
1.147257205314664352e+00
1.145761542690395984e+00
1.142989678297366751e+00
1.141470142500204288e+00
1.139322817788263720e+00
1.137086457177533427e+00
1.136037769775261275e+00
1.134515865196466633e+00
1.133408540272908605e+00
1.131080552424901464e+00
1.129557779806763085e+00
1.129557458227425482e+00
1.125409379672396737e+00
1.124403286982837979e+00
1.120416118965066765e+00
1.120583923611306432e+00
1.118232191166596223e+00
1.115569472398051820e+00
1.112917559364277498e+00
1.112276381157818017e+00
1.110692182504538827e+00
1.108161740208211565e+00
1.106496416820356599e+00
1.104969811437827243e+00
