1.010206460735975309e+00
5.600490320421387391e-01
1.485149533477259753e+00
1.524653168698121952e+00
1.364896400478712302e+00
1.201415476156050488e+00
1.063622032836326614e+00
9.418551659547526045e-01
8.344667709916832044e-01
7.402437192998834181e-01
6.598162843685617673e-01
5.849379684734739016e-01
5.303604599985145551e-01
5.255422178662506605e-01
4.351453620462562566e-01
4.011947012466371421e-01
3.633725070785239764e-01
3.405117725560131703e-01
3.195662509282285457e-01
2.937382833641031255e-01
2.793308177287369687e-01
2.615065792580197335e-01
2.454719495473569046e-01
2.370912282698633133e-01
2.096342828917141243e-01
2.113900537319316209e-01
2.061715130735745916e-01
1.922676529160636250e-01
1.848048624199178092e-01
1.819554972643321333e-01
1.575190879047614068e-01
1.634659061666163260e-01
1.625184510959146733e-01
1.143136525161653899e-01
1.468224979811457165e-01
1.469823589492251503e-01
1.619581429792607552e-01
1.337446976040654045e-01
1.345290107903232557e-01
1.231979131430781804e-01
1.211314543870042754e-01
1.232889380166791171e-01
1.227950812708130668e-01
1.111094749623569578e-01
1.140252560234043394e-01
1.140314581594791959e-01
1.037808934166301322e-01
1.060813203684312506e-01
1.063435637215531665e-01
9.791405598817465306e-02
9.927242990411695722e-02
9.976670311816482339e-02
9.320965820085427844e-02
9.356055080904751575e-02
9.391360736893818173e-02
8.044175432279450366e-02
8.868816846500839068e-02
8.872368768950435192e-02
8.129737458183415588e-02
8.396967862697510276e-02
8.443444084689866180e-02
8.123895143979464883e-02
7.691288999001336113e-02
7.246414732991827978e-02
7.552822524536664806e-02
7.592761129263872477e-02
7.126024712551537466e-02
7.278074235771300748e-02
7.201373437252031606e-02
6.742640793687525169e-02
6.861652137567063325e-02
6.788190634501599374e-02
6.533838412765287373e-02
6.398601382715587982e-02
6.374111164014414910e-02
6.045853914748074848e-02
6.129153782487972019e-02
7.531040502347544074e-02
5.879905306021549621e-02
5.950863004728652178e-02
5.648449391750468007e-02
5.553520125399399182e-02
5.268031343415977702e-02
5.308917757503843482e-02
5.166630659800141440e-02
5.089599291585741175e-02
4.999821611489060902e-02
4.781305098680396076e-02
4.747699114129365350e-02
4.669912945217265937e-02
4.595343762991924846e-02
4.465833853199611264e-02
4.312080843945409470e-02
4.304525235416007539e-02
2.337734213146593076e-02
4.096807259586943833e-02
4.021166112231024797e-02
3.903655384177010662e-02
3.723649048457267074e-02
3.779054969934511621e-02
3.893129827136897203e-02
3.582869702560200625e-02
3.531288652754086682e-02
3.372055716220433846e-02
3.357603390184518699e-02
3.628883232825632493e-02
3.262502959969125482e-02
3.231759854500911022e-02
3.068195259014626364e-02
3.156707982607576818e-02
2.930262438663368968e-02
3.005318451742362146e-02
2.985883882489509533e-02
2.913200018122358639e-02
1.708060518525643043e-02
2.814711043213914340e-02
2.774493324392210414e-02
2.702946292036944795e-02
2.668817629931477878e-02
2.619929476745349109e-02
2.564961240635096201e-02
2.466282143403022639e-02
2.554078897644757734e-02
2.698436407955775301e-02
2.239236731237621847e-02
2.450125570222385502e-02
2.609338614405001464e-02
2.375221689421447291e-02
2.325297150959072454e-02
2.387686615793953998e-02
1.452975833196938800e-02
2.286588637228821955e-02
2.662015228796081601e-02
2.254396679483848184e-02
2.183254607076502707e-02
1.247342143349202195e-02
1.805708374575775224e-02
2.096651491393659514e-02
2.244514628719451038e-02
2.040900286347331963e-02
2.193242070469804059e-02
1.370595071040716338e-02
1.971511981171660682e-02
1.787062516465992568e-02
1.890390596030715881e-02
1.846095232805435721e-02
1.811901413404893788e-02
1.824893349908033452e-02
1.828710127820889694e-02
1.951567873322887503e-02
1.057973527616512359e-02
1.742577943025688456e-02
8.387622588636491072e-03
1.747675211097540066e-02
1.665282345901833785e-02
1.657056045029940000e-02
1.529445334957582441e-02
1.518392732662965719e-02
1.570940489212074506e-02
1.539167855349151369e-02
1.497588121417349656e-02
1.556673912066961103e-02
1.387676623836410494e-02
1.405154994199448240e-02
1.482723372951582491e-02
1.403027471744366234e-02
1.339656657391262960e-02
1.390393396981761363e-02
2.228998024771562669e-02
1.309411756820060349e-02
1.345350371950418747e-02
1.298983087275230874e-02
9.202442897972290189e-03
1.237221865773649974e-02
2.161304373182273628e-02
1.226675046361331255e-02
1.186749262718466563e-02
1.643519275069327268e-02
1.163212972660909034e-02
2.331731675269651041e-02
1.095496755992561577e-02
1.072289964477211865e-02
1.042657095437678899e-02
1.085301418611196549e-02
8.159242932536737644e-03
1.010976096842867815e-02
1.061651190159195769e-02
1.285101814239468163e-02
9.787935801660686830e-03
9.739497627671381622e-03
9.218886240791543743e-03
9.295656154313837113e-03
9.908655085815549698e-03
9.393753669979730894e-03
8.622910003818240118e-03
8.582486238677904111e-03
8.289540389980630877e-03
8.178872920028786020e-03
7.433818385305104685e-03
7.722121695057866490e-03
5.272149740420600979e-03
7.231884398790707977e-03
7.525478084861958981e-03
4.749459801887094199e-03
7.035841082425109416e-03
7.957175244195804562e-03
8.002647198846789614e-03
1.230077114223654920e-02
6.298003706865016975e-03
6.352133333480051991e-03
6.468961176132164911e-03
5.863290873149623085e-03
5.285146111587426046e-03
6.373005811292987814e-03
5.895211127660160248e-03
5.312752093096720883e-03
4.474412712966585604e-03
5.171407749979589977e-03
4.181798198370253843e-03
4.686219061496557994e-03
4.178723698529677316e-03
4.438537774793535964e-03
5.861312761621399227e-03
4.604837929409295698e-03
4.108000832698144485e-03
3.770297329454718859e-03
3.549832736352126570e-03
4.898570203145447173e-03
3.654009302301788366e-03
3.497912575130459473e-03
3.783032188620757009e-03
6.829606653144095450e-03
3.100120628913174189e-03
3.273024370355555497e-03
2.841952604761578943e-03
3.444671803879436386e-03
2.805157050361987113e-03
2.738442277584177652e-03
2.785617664340353343e-03
6.673245431905887315e-03
2.419272068000875419e-03
2.373298724883234848e-03
2.348030639386386800e-03
6.007664680032764708e-03
2.448886968679489864e-03
8.630777795978874026e-03
6.181967875351837907e-03
2.148052433935235088e-03
2.165541514993309710e-03
2.645184288177371799e-03
2.608594433471921221e-03
2.139514432340887395e-03
2.834305379058768386e-03
8.147479648825008483e-03
2.220130036712403797e-03
2.102965379850256760e-03
6.267206227902756555e-03
2.366607880188796153e-03
2.228708266633744415e-03
2.442143326858420890e-03
3.841346389534436214e-03
2.361651610951768978e-03
2.744006153373549327e-03
2.413020789596380562e-03
3.269931791277897164e-03
2.764979432072223794e-03
2.954687607454463578e-03
2.982183684353204543e-03
3.289717043101774048e-03
3.096914466706568881e-03
3.481235459905997025e-03
6.231138162693171216e-03
3.184831328474083817e-03
3.666149439419676484e-03
3.573155517191295167e-03
3.921909123026546748e-03
3.899542194328584673e-03
4.893012460813728724e-03
4.187681955316339445e-03
4.074140178456244106e-03
4.810072577394878743e-03
5.798493998526853266e-03
6.708004207697426148e-03
7.533860866828126501e-03
4.951886090245127305e-03
4.833726421958881025e-03
4.600170997593011450e-03
5.086736005533794465e-03
5.340890511648737314e-03
5.289732354557191013e-03
5.983695686309349442e-03
6.224328770834492049e-03
5.672362372459026532e-03
9.302167500685895596e-03
6.013807631953435248e-03
5.905368530651354704e-03
6.135803009138430901e-03
6.504144882759846889e-03
1.177818627438278858e-02
6.486954120755538886e-03
