1.091721299736940987e+00
3.083757355528757849e+00
3.588991254182931634e+00
3.854942668516284865e+00
4.188949253726971023e+00
4.307419622778032142e+00
4.392405643209522204e+00
4.449367998987986184e+00
4.619788723068207759e+00
4.792394437940313168e+00
4.900653594339642538e+00
4.969776287825538930e+00
4.993869713153052281e+00
5.004486323568550610e+00
4.990662885656699466e+00
4.995353010550767969e+00
4.996987978146144371e+00
5.034203604945258093e+00
5.076165127470225080e+00
5.127693083464083479e+00
5.187717163177304691e+00
5.254554637637125936e+00
5.321388045129894273e+00
5.410743011583429407e+00
5.493228366471790913e+00
5.585426500380144432e+00
5.682688124560873355e+00
5.789480946493910096e+00
5.906924069756915863e+00
6.030077493676389011e+00
6.166206639107470799e+00
6.297280517915452513e+00
6.431832087819917554e+00
6.568516042954580136e+00
6.726914011712716857e+00
6.884958828461602565e+00
7.032432791486010082e+00
7.201342548832037060e+00
7.373377823746525728e+00
7.544236022050258228e+00
7.719917216140426142e+00
7.910969817651935188e+00
8.101563331469703755e+00
8.291409051345453918e+00
8.492015507755411363e+00
8.688919922685757413e+00
8.896795167971223606e+00
9.103313584375937850e+00
9.316302594646288071e+00
9.531273545532856772e+00
9.744255827192299435e+00
9.970853249246262706e+00
1.019551929760869591e+01
1.043616225410666765e+01
1.066292554128466641e+01
1.090263733986297900e+01
1.113662809228304695e+01
1.136218744168606598e+01
1.160455544307263764e+01
1.183454713547615178e+01
1.207620186840051701e+01
1.230395761071544669e+01
1.253935424763173856e+01
1.276481531037787320e+01
1.299909488913508326e+01
1.322487894144193277e+01
1.344950352586027265e+01
1.368500288476920090e+01
1.391022463527684749e+01
1.412849355003841545e+01
1.435304377875840842e+01
1.457182548948481937e+01
1.478453550737955524e+01
1.499892227809725576e+01
1.521748520572608321e+01
1.541736002092654978e+01
1.562357156212106624e+01
1.582654983424501438e+01
1.603452551106015989e+01
1.623783711305230781e+01
1.644050122197411667e+01
1.662884898260960398e+01
1.681745419379856799e+01
1.701357281672973798e+01
1.719268210503548744e+01
1.737718819726481101e+01
1.755701135150151515e+01
1.772685143893617266e+01
1.789948397141766634e+01
1.807120880806063923e+01
1.823827954935476114e+01
1.839092979655293902e+01
1.855083146643431746e+01
1.870422877429559705e+01
1.886058576217616789e+01
1.900447337048019492e+01
1.913631942048872503e+01
1.927239820955824001e+01
1.940125010326240229e+01
1.953741973102071228e+01
1.965671124587573715e+01
1.977948554710145146e+01
1.989406360221921588e+01
2.001056628534104220e+01
2.011484773846567364e+01
2.022293341565590907e+01
2.032367474429357301e+01
2.040979057784520023e+01
2.051428842707466771e+01
2.059640219317592624e+01
2.067767030799301153e+01
2.076694095378221050e+01
2.084126799814463382e+01
2.091334216939138102e+01
2.098737922617524987e+01
2.104887909003405255e+01
2.111263852120270812e+01
2.118329042056008049e+01
2.123969179637561666e+01
2.129343146360664107e+01
2.134686131123608632e+01
2.140485851163104769e+01
2.145100136684954961e+01
2.149149489648188549e+01
2.153595662351130713e+01
2.157337886448146591e+01
2.160485406473241810e+01
2.164336726036460945e+01
2.167048680181753184e+01
2.169651431401731401e+01
2.171810080158880041e+01
2.173241105196147416e+01
2.174854771484355354e+01
2.175328852544537739e+01
2.175798741075900011e+01
2.175875514860568316e+01
2.174386116837882454e+01
2.173272438179675348e+01
2.171303542987971014e+01
2.169156599331683566e+01
2.165939735724510484e+01
2.161227250544409628e+01
2.157641791597279024e+01
2.152210624753960033e+01
2.147083474307301643e+01
2.140735327938218902e+01
2.133161085807960333e+01
2.125317498780662717e+01
2.119313119931398859e+01
2.111089305612299682e+01
2.102959727242457788e+01
2.094331344260308825e+01
2.085931415647870324e+01
2.077473329446853967e+01
2.068777880143925785e+01
2.060959060745537030e+01
2.052047141871935310e+01
2.043679362436958513e+01
2.034759073460030265e+01
2.026185547489371785e+01
2.016930103836577715e+01
2.007267824586557836e+01
1.998152530891425727e+01
1.987897255945603092e+01
1.978183163196751337e+01
1.967582159470538627e+01
1.956742593130263330e+01
1.946054094710402893e+01
1.934326053208344831e+01
1.923245126702769525e+01
1.911180401774321425e+01
1.898655834992186087e+01
1.886090039048749389e+01
1.873571345783103581e+01
1.860465384324581706e+01
1.847317776926583832e+01
1.833389797467080840e+01
1.819814067393615176e+01
1.805531827216494278e+01
1.792159606856435872e+01
1.777411268644004139e+01
1.762990955473090793e+01
1.747956717093239121e+01
1.733155836048544174e+01
1.717795748869540517e+01
1.702726496490667429e+01
1.687439239285681580e+01
1.671980056727610986e+01
1.656295951195351179e+01
1.640721311856765041e+01
1.624307079621890182e+01
1.607663476992070883e+01
1.591274646717623753e+01
1.574821441236391806e+01
1.558414121782903372e+01
1.540883201112543688e+01
1.523563222877558765e+01
1.506774512810059541e+01
1.488301946130492759e+01
1.471142465461819349e+01
1.454633290125259215e+01
1.437244980231123570e+01
1.419560825365007162e+01
1.401975413693359229e+01
1.384421263183140560e+01
1.367891371767541564e+01
1.350715086181056535e+01
1.333643954803300602e+01
1.317314000357894876e+01
1.300435987519955994e+01
1.283193435569934415e+01
1.266629791189669341e+01
1.251219625777168787e+01
1.235206206254197348e+01
1.219952678853253758e+01
1.203549778566648421e+01
1.188453658514845301e+01
1.172899661447391928e+01
1.157249825880526117e+01
1.141930041817777308e+01
1.127358057129730362e+01
1.111924170983645865e+01
1.097496022495668555e+01
1.082736893876224116e+01
1.068566344833313764e+01
1.054311110796936646e+01
1.040089787984113912e+01
1.026178737489112081e+01
1.012479152690060680e+01
9.987876844186361680e+00
9.854012363759512283e+00
9.720035474052032498e+00
9.584864158339026829e+00
9.446643963752503481e+00
9.328123081175455411e+00
9.204316339413850301e+00
9.072741545524928952e+00
8.951745697151103798e+00
8.828788604309249166e+00
8.713878955735163245e+00
8.599516028955928704e+00
8.478689814968301874e+00
8.373422193756184129e+00
8.262804880825241227e+00
8.152186540411383575e+00
8.047050738580027840e+00
7.937211597763267790e+00
7.839006120446602388e+00
7.736454844736494252e+00
7.641014681319037827e+00
7.542642664024563182e+00
7.446348891873731723e+00
7.352934635732310653e+00
7.262418365319606828e+00
7.172979893915949923e+00
7.082656832305955774e+00
6.995372376662082559e+00
6.906009554242040771e+00
6.823971090495688507e+00
6.731519129807868929e+00
6.660479465153463785e+00
6.578644364739660411e+00
6.497478302934603711e+00
6.421570871956197912e+00
6.337584874334485363e+00
6.261372301043412136e+00
6.184106266250392281e+00
6.102520959962900449e+00
6.028528594714042121e+00
5.955229541560836282e+00
5.876384131049396942e+00
5.804752318979788939e+00
5.731833574636770123e+00
5.657325487412957266e+00
5.582584312013318950e+00
5.507515682763114206e+00
5.428927312540754002e+00
5.359530209022012492e+00
5.286812003706006458e+00
5.214385435191911888e+00
5.137329032360037573e+00
5.067266742248921041e+00
4.996708761193173309e+00
4.927060596052838193e+00
4.853141279355021709e+00
4.781183535932099105e+00
4.709979391154737627e+00
4.641645171745641285e+00
4.565894509235848275e+00
4.488307949524077856e+00
4.415971571107331961e+00
4.346157975710915444e+00
4.278903332386748914e+00
4.202817545727667081e+00
4.130330047313745645e+00
4.052622587848716762e+00
3.980707501648570457e+00
3.907376193390478036e+00
3.832281059189144301e+00
3.756295785770556339e+00
