9.790980935537139107e-01
6.183517030444454221e-01
5.117485759010078628e-01
5.046932689094523194e-01
5.020785647882025637e-01
5.017722933205686076e-01
5.001038621470801360e-01
5.016116634415547226e-01
5.014604453755510116e-01
5.013437368463562471e-01
5.007305016616028226e-01
5.009270733367973127e-01
5.003455107233635291e-01
4.996506189895039696e-01
4.941896867585921505e-01
4.984059797679856740e-01
4.920858197257387268e-01
4.973889292673799312e-01
4.961849178416231076e-01
4.958240630667840598e-01
4.944550943459514181e-01
4.932055408882597969e-01
4.929189229792135252e-01
4.899284518715633086e-01
4.866908034105515979e-01
4.893112055569295848e-01
4.933174879314018435e-01
4.862058214874298567e-01
4.862356897123137900e-01
4.838931376158491782e-01
4.873104222089124082e-01
4.828575470776657053e-01
4.804505860264560724e-01
4.805682972161569033e-01
4.775569089133884226e-01
4.762457423467538753e-01
4.765585787121398020e-01
4.728054831055766849e-01
4.714208328393705294e-01
4.717320853379551870e-01
4.701715419303447718e-01
4.685411024598966079e-01
4.675345623794032179e-01
4.674355115668113458e-01
4.631584886864948403e-01
4.569976051732797528e-01
4.622063945325884937e-01
4.621656319826665804e-01
4.575675957524222848e-01
4.551827401339444967e-01
4.565519406892453724e-01
4.565645136182708286e-01
4.565719374244264217e-01
4.528090449656316796e-01
4.488439564698456508e-01
4.509571001154908942e-01
4.509544767422800637e-01
4.509545575834604247e-01
4.509038203913804388e-01
4.426555998667996428e-01
4.426817458529198057e-01
4.426819176955841262e-01
4.426818397134200667e-01
4.426819212478972365e-01
4.358941979806353895e-01
4.341397930408862904e-01
4.341409699434630176e-01
4.341409883710364292e-01
4.341409833100205451e-01
4.341408337719268040e-01
4.341410355861552994e-01
4.341407461580309435e-01
4.325513303868251391e-01
4.331026673033521179e-01
4.326288829875906128e-01
4.317975018886255900e-01
4.309682860268203020e-01
4.291200509552003939e-01
4.291365893194264425e-01
4.278677098298673265e-01
4.226538727386665029e-01
4.263078586299636208e-01
4.257570668720751517e-01
4.255453132030674324e-01
4.225784848733888377e-01
4.234832437176314079e-01
4.232756138241920429e-01
4.223309855924179401e-01
4.223845323053559420e-01
4.210023847816206644e-01
4.203494191710606676e-01
4.204549051786531377e-01
4.201350681498247086e-01
4.188913259102968745e-01
4.184742900906855967e-01
4.182560146421100411e-01
4.163153816424997600e-01
4.170093285522354920e-01
4.164296292380640918e-01
4.160558637596536435e-01
4.155940701838152784e-01
4.144312741834984548e-01
4.138508840879339679e-01
4.138721792468514349e-01
4.135507198420605990e-01
4.130369410241874761e-01
4.128268332959644793e-01
4.121023509848273925e-01
4.078095267929306433e-01
4.105340105435618114e-01
4.104432437679452206e-01
4.110176198247644797e-01
4.104447809580962780e-01
4.100844870917100260e-01
4.088681133871097106e-01
4.090015440967164628e-01
4.091105545849523795e-01
4.081211060353885367e-01
4.077356708963486009e-01
4.076693597491434229e-01
4.067883480299849808e-01
4.065547131839504225e-01
4.061342801425057436e-01
4.023489202146697807e-01
4.060169533974306577e-01
4.049944481635107119e-01
4.052240309722020539e-01
4.048477499361111676e-01
4.043913734303982155e-01
4.042858811192863722e-01
4.038192678608905628e-01
4.039173911214392065e-01
4.029729215242799367e-01
4.023000745034338022e-01
4.029599232097464956e-01
4.028044864033572536e-01
4.012765524630784730e-01
4.019262627622952611e-01
4.019574868421231795e-01
4.014389264715059191e-01
4.023341531623099154e-01
4.012445943665443604e-01
4.010883813161371658e-01
4.006425660507991759e-01
4.009461111139192568e-01
4.013744204689731476e-01
3.990357784717513678e-01
4.002916549812070013e-01
4.007064498452850843e-01
3.992036642689765213e-01
4.006690716054087664e-01
3.986215667572505783e-01
3.989954837363925422e-01
3.989743744611302656e-01
3.987702484185424723e-01
3.980778025207831194e-01
3.992334502503457339e-01
3.981297190838666844e-01
3.993037843032933853e-01
3.979912256590408259e-01
3.986420000225936455e-01
3.982625679115591177e-01
3.976295107153252628e-01
3.975939735966500521e-01
3.980492997912353226e-01
3.972540631521011556e-01
3.971586927824193869e-01
3.974933293356078812e-01
3.969926124163825065e-01
4.001432061573324539e-01
3.969654272923405225e-01
3.968602756966733702e-01
3.964676968728770845e-01
3.963060597781956074e-01
3.971718052150959855e-01
3.933865128545800394e-01
3.964729746177266811e-01
3.960537998999802967e-01
3.969411475521338328e-01
3.958242943627449661e-01
3.956642840218955737e-01
3.953926180708457472e-01
3.980224461953562609e-01
3.963684628776384389e-01
3.964127216589056757e-01
3.958211669986071990e-01
3.959078129870284291e-01
3.957778858603758776e-01
3.959650950882976361e-01
3.955740015707993606e-01
3.944988897510561254e-01
3.955519715717084606e-01
3.958128740659167533e-01
3.965505936015260025e-01
3.953620825258577498e-01
3.956860108871176340e-01
3.962274202743399920e-01
3.958082138097744340e-01
3.958369208207376255e-01
3.958078716066617542e-01
3.970091456627383164e-01
3.956232386087337183e-01
3.971726855757491403e-01
3.951247599668181176e-01
3.968450915932710821e-01
3.959022412896720522e-01
3.965615975617206024e-01
3.955503112530492915e-01
3.960159754048130365e-01
3.959130481492231790e-01
3.947215394243598352e-01
3.950474801658728774e-01
3.967398500137899187e-01
3.963780971194704184e-01
3.956771961111584246e-01
3.945246966247016873e-01
3.969345572752491225e-01
3.962209807967779773e-01
3.960263595135986026e-01
3.959462508000585745e-01
3.971405892038294971e-01
3.966305810638822149e-01
3.954263276795370041e-01
3.965210215149332362e-01
3.966658346713682892e-01
3.964530972170658418e-01
3.965044621632214938e-01
3.960680827411293126e-01
3.954898390632355376e-01
3.973262511119161067e-01
3.963370212228186640e-01
3.971578405733294792e-01
3.968335924657552249e-01
3.988066528462171911e-01
3.972181954916861879e-01
3.970601485143025466e-01
3.966287353310806174e-01
3.963364462206992456e-01
3.961561046559431976e-01
3.973170868430522806e-01
3.966127829914685154e-01
3.973691568284586362e-01
3.958941906778474240e-01
3.973647142039773428e-01
3.971185063864804965e-01
3.960370354343817900e-01
3.973665811879550924e-01
3.975863821338134207e-01
3.987755351812857230e-01
3.974019773029668356e-01
3.982629829193188864e-01
3.976805124130980418e-01
3.982506745947750892e-01
3.984962593143830389e-01
3.975091480954342504e-01
3.985758423008876061e-01
3.982324855325842794e-01
3.980367915012881785e-01
3.989687523421981963e-01
3.989450786846607810e-01
3.988669525892671319e-01
3.983631906752055363e-01
3.971956556527568294e-01
3.979061080778465431e-01
3.987277083995951488e-01
4.022448146889786025e-01
3.994815138495780849e-01
3.992803273504398898e-01
3.987691569676427017e-01
3.998653919632859655e-01
3.989930118088163558e-01
3.976150009234188931e-01
3.990461240121155329e-01
3.998978598174638965e-01
3.974474391153510755e-01
4.011000132233934479e-01
3.995367347306212902e-01
4.001850437288850815e-01
4.005765297961585980e-01
4.007023669801698662e-01
4.006805936344844943e-01
4.019555959541010193e-01
4.013444783548074657e-01
3.998892904973180840e-01
4.005020403504351845e-01
4.007419799422336504e-01
4.028509357375509858e-01
4.026102875901435008e-01
4.011272961066424392e-01
4.033665071119646450e-01
4.014387653080251361e-01
4.014649662862450619e-01
3.989050442111325423e-01
4.019284328782893878e-01
4.001939661138645410e-01
4.029607974253431313e-01
4.022044096595117080e-01
4.024488182301514394e-01
4.038148448088172415e-01
4.028030669622171267e-01
