1.155711322371518746e+00
3.369703093442882880e-01
1.179771961503959465e+00
1.534294967554860500e+00
1.608180486829209332e+00
1.624439297832834361e+00
1.632307920720448058e+00
1.635473467557354788e+00
1.635893191014239578e+00
1.635247425783027175e+00
1.634527706315637152e+00
1.634293153345743210e+00
1.634784069816797691e+00
1.636005924450550486e+00
1.637825592414633213e+00
1.640040857931730711e+00
1.642460885339617205e+00
1.644918849651616499e+00
1.647303214784691994e+00
1.649542350482617437e+00
1.651599058429268352e+00
1.656214223970757349e+00
1.654413316534255163e+00
1.646084595155627550e+00
1.655924610150021792e+00
1.657216194038126034e+00
1.655806349188891247e+00
1.657373070939845761e+00
1.655974190459472251e+00
1.656265440666944588e+00
1.656922242612105745e+00
1.654605725569759711e+00
1.654966590723326192e+00
1.656470831317218506e+00
1.651184729853948818e+00
1.651688070248338747e+00
1.652183605421704060e+00
1.649538676046063301e+00
1.645508458082112657e+00
1.646719686174974218e+00
1.642661119292176286e+00
1.644016984068743970e+00
1.641306581371865247e+00
1.645343110024558131e+00
1.638515046408484332e+00
1.635833909423269228e+00
1.634385012703113427e+00
1.630801467951181083e+00
1.635134950301490697e+00
1.629117727776450808e+00
1.626852791561157474e+00
1.616844422042154950e+00
1.617767674655366639e+00
1.621553754229865918e+00
1.616035358688999946e+00
1.617851549863447813e+00
1.616830744223146654e+00
1.611167989561791858e+00
1.610165086902744846e+00
1.604802156205529684e+00
1.607151475976345223e+00
1.604073357110648690e+00
1.599097445679380058e+00
1.595357795038287785e+00
1.596265373184271530e+00
1.592334203112458546e+00
1.588418270903830809e+00
1.590360202740293216e+00
1.584083833209248615e+00
1.584731851184649543e+00
1.582016898392984761e+00
1.577270532719869722e+00
1.581552221493524257e+00
1.570096678649477662e+00
1.572028945298475699e+00
1.570941195941023993e+00
1.566795493012238971e+00
1.560061059132903383e+00
1.559950280615777896e+00
1.555551560833974056e+00
1.555818866869547623e+00
1.539809092924360190e+00
1.549706675960656144e+00
1.548868658305504020e+00
1.542387884187625069e+00
1.541855841629783175e+00
1.540598436230030455e+00
1.542200301141866348e+00
1.531217600741937801e+00
1.531238711436402999e+00
1.531980695277417315e+00
1.521333072906771111e+00
1.529413915662499290e+00
1.513415090404094610e+00
1.518655287991229619e+00
1.510939784157290466e+00
1.513249317580017905e+00
1.510353787296259354e+00
1.509359331719953401e+00
1.502435653318242803e+00
1.501688350890153734e+00
1.496957384467241692e+00
1.494612842592637048e+00
1.496418679770623594e+00
1.490032261991351969e+00
1.479702992940473250e+00
1.483618348057073488e+00
1.483174210664274240e+00
1.478053481969758165e+00
1.476533257714950587e+00
1.469895761730131589e+00
1.470426516313639187e+00
1.468719089181112825e+00
1.463791245516870676e+00
1.458734525686314454e+00
1.454662603795572107e+00
1.455433826316769874e+00
1.452718855944549636e+00
1.456440531024472351e+00
1.442986631297843658e+00
1.445350482724320651e+00
1.440881409896863641e+00
1.440590858526871409e+00
1.438463405119128069e+00
1.431731943895486747e+00
1.427503061140038332e+00
1.427055360588129984e+00
1.417339606486942349e+00
1.423762575324825086e+00
1.421849710454007765e+00
1.416901624604529619e+00
1.414628656841481202e+00
1.405435829765387501e+00
1.409739684452436581e+00
1.406985865501643840e+00
1.404477045435241100e+00
1.400773317979596921e+00
1.399666107901115897e+00
1.405170829822563805e+00
1.394046242418813808e+00
1.391496513518516442e+00
1.388753283627408130e+00
1.391779860311270545e+00
1.381205367713904009e+00
1.380294803562629236e+00
1.379926411968792843e+00
1.371591691267207924e+00
1.372402930888328099e+00
1.368088050937096511e+00
1.366728084671683607e+00
1.365194422910793293e+00
1.362216964316349976e+00
1.355969028682768585e+00
1.357429635705778459e+00
1.355301791333089367e+00
1.350833163750401189e+00
1.346917823172827600e+00
1.343637497044360307e+00
1.343533772482986777e+00
1.346539404175395749e+00
1.339292636317725327e+00
1.336712127106931769e+00
1.332737832202142370e+00
1.331312349114767590e+00
1.330476457499706555e+00
1.325406507724775640e+00
1.325773475654504097e+00
1.320220131586701706e+00
1.311947007218962957e+00
1.316933714287989998e+00
1.307602132035461606e+00
1.310116774995895961e+00
1.308682691330085301e+00
1.307080050617143829e+00
1.303765687836631715e+00
1.303653243617170610e+00
1.298709637489057211e+00
1.299589065117932485e+00
1.294885078689922198e+00
1.294749926323093492e+00
1.290341857887646437e+00
1.289033038790386110e+00
1.283742982873799177e+00
1.282502927569596052e+00
1.281255496221377799e+00
1.281758689840801324e+00
1.275493785729915563e+00
1.270650886974100446e+00
1.271512823270237735e+00
1.267560711707954590e+00
1.266908759562700215e+00
1.259742878884879236e+00
1.262763430725954761e+00
1.260952668099124319e+00
1.256614945297990449e+00
1.253095046410374058e+00
1.254515073666297109e+00
1.249597933680172801e+00
1.248770642358517868e+00
1.247192241077121899e+00
1.244236907070014331e+00
1.244181550644758882e+00
1.239916029198147474e+00
1.238011193045953195e+00
1.234059008064728458e+00
1.232331302286261643e+00
1.233250654739742158e+00
1.229918218756814063e+00
1.226871616151475664e+00
1.225094421292026947e+00
1.223007208329280004e+00
1.220734738927583996e+00
1.217963516463959950e+00
1.216447747552891423e+00
1.215045758478825899e+00
1.210700120774583555e+00
1.209771444253445738e+00
1.207005616843571438e+00
1.206209593424949711e+00
1.198330470469904929e+00
1.201414604026979083e+00
1.200700222125533401e+00
1.198479873842625443e+00
1.196022557712107970e+00
1.192770843459958874e+00
1.190541929421526923e+00
1.187342040562064271e+00
1.181297750876679764e+00
1.185765546233638723e+00
1.177132735412839804e+00
1.178352696499618046e+00
1.181276974842848881e+00
1.176839001392629758e+00
1.176858080175635424e+00
1.174074248066073523e+00
1.179407103270776025e+00
1.169178415983525454e+00
1.161986118351806319e+00
1.165518197059431049e+00
1.163466655910199155e+00
1.161300782052154146e+00
1.160242381232446718e+00
1.155664430052979252e+00
1.153245033426459454e+00
1.153870260313951013e+00
1.152764660166964328e+00
1.149981028120130366e+00
1.148321280781330334e+00
1.144859720317890739e+00
1.143930077042656812e+00
1.134500212566933230e+00
1.136808515488999749e+00
1.135894956590434823e+00
1.136182367327599030e+00
1.133851124360956364e+00
1.129564092035341361e+00
1.130592809529049392e+00
1.132220990615313783e+00
1.122035819700025083e+00
1.124699589824615487e+00
1.123665310024602570e+00
1.120369292718276677e+00
1.120180059971444209e+00
1.112114994318823769e+00
1.116391840399558077e+00
1.121342304005463308e+00
1.114002182309790090e+00
1.110355683662739290e+00
1.109360758611480424e+00
1.107809277773668777e+00
1.105531313153420570e+00
1.103194604901260867e+00
1.102594827258456922e+00
1.095933195304470198e+00
1.099154220663584480e+00
1.097896966484031012e+00
1.094461327653910576e+00
1.094593873154803054e+00
1.093659364858926786e+00
1.091918409128844525e+00
1.088080868037389681e+00
1.089582831058523382e+00
1.085353875362885745e+00
1.085842126237412719e+00
1.082199741083587519e+00
1.081469826546443525e+00
1.080332325977979790e+00
1.075269534211674038e+00
1.075573885053476175e+00
1.075321468378900303e+00
1.074014981839337857e+00
1.071104082131559609e+00
1.074190063243870785e+00
1.067371097031361904e+00
1.066268260754422270e+00
1.066712562676985554e+00
1.059350209437123214e+00
1.060361520135924662e+00
1.061795506696401326e+00
1.057264906565010376e+00
