9.152526335829241910e-01
4.675443693353651398e-01
7.780104436789345712e-01
1.078464827030044315e+00
1.240642735484275505e+00
1.304195644479569705e+00
1.322328135946693184e+00
1.331543901344834913e+00
1.339074995710006100e+00
1.344504112162595799e+00
1.347973436340830444e+00
1.350055950112063696e+00
1.351228050859734964e+00
1.351796272561486045e+00
1.351960477015705431e+00
1.351861849393363180e+00
1.351603455252150754e+00
1.351256337725436962e+00
1.350875474133624410e+00
1.349971505142495865e+00
1.349708033582969202e+00
1.349711481621702180e+00
1.348465638011403733e+00
1.349547438952445333e+00
1.347037324960233207e+00
1.353114622790411614e+00
1.345266409925888196e+00
1.344907648479234386e+00
1.343445714339527308e+00
1.343315486779176560e+00
1.341277459419979445e+00
1.341726539940729657e+00
1.337648968723916365e+00
1.339056526645641565e+00
1.337284599459093171e+00
1.337357765126972353e+00
1.334469057315898155e+00
1.334358400491963303e+00
1.329929523317141760e+00
1.331427670105313155e+00
1.323445657332737779e+00
1.329813010585579436e+00
1.329208786693876654e+00
1.326724268265253137e+00
1.323716587947771472e+00
1.322269325916077598e+00
1.322921204121900285e+00
1.318838065673378690e+00
1.318103233373628891e+00
1.328889896945588456e+00
1.312784259107019347e+00
1.322700040948437517e+00
1.311734418570402294e+00
1.307520076126084341e+00
1.309640627937635582e+00
1.307658140541122949e+00
1.307599197129210911e+00
1.304275860115979846e+00
1.304283771679725756e+00
1.301624275598774139e+00
1.293382382212629800e+00
1.302703479686360355e+00
1.297168182313213292e+00
1.290307790346304051e+00
1.291377696127791408e+00
1.290502254361562295e+00
1.281334818541214782e+00
1.286726248850782683e+00
1.286642010757728549e+00
1.282066514820193293e+00
1.281652478143354257e+00
1.281367310670327830e+00
1.278892403901792152e+00
1.276518464829978106e+00
1.277095829899914659e+00
1.273100852434536190e+00
1.272731145255699525e+00
1.268986722957770930e+00
1.270830702582389948e+00
1.276595358628823451e+00
1.263354064917367126e+00
1.265410760501794796e+00
1.265994831809013066e+00
1.262306322999580566e+00
1.262536271062572268e+00
1.255247506244430600e+00
1.260175550202122796e+00
1.250455800833609077e+00
1.255886638977016023e+00
1.256711293795721218e+00
1.252925041268348139e+00
1.253601778717113202e+00
1.250274192133169704e+00
1.250211115708300680e+00
1.250509680185263095e+00
1.247187954839548363e+00
1.247761695702442664e+00
1.248312487251415082e+00
1.242486824452303518e+00
1.243877988005958057e+00
1.245063938486358879e+00
1.245662628666472704e+00
1.239812845889484594e+00
1.241359353334767546e+00
1.241609130956625950e+00
1.238295126744949792e+00
1.237986766368652347e+00
1.237903455767361827e+00
1.237906478492750484e+00
1.238449534587810374e+00
1.229897869848648684e+00
1.234426192705115000e+00
1.234860796132046135e+00
1.235151501287770071e+00
1.236906667819873684e+00
1.233111288848134812e+00
1.227857643894558315e+00
1.233127526589143930e+00
1.242691982574533505e+00
1.228074495949817768e+00
1.228865578460075492e+00
1.230916153791722145e+00
1.228809776000065579e+00
1.232256036749173500e+00
1.228947590864046369e+00
1.230463112045238727e+00
1.243005148760805367e+00
1.225523741016559809e+00
1.227340635430517191e+00
1.228732187771961692e+00
1.227309112928640866e+00
1.224269061992225405e+00
1.227038732847542946e+00
1.224302664877023661e+00
1.226472988967553412e+00
1.219989614286694390e+00
1.225474871933400989e+00
1.224668884969879468e+00
1.223852152130967985e+00
1.220982117159159053e+00
1.223184649862982587e+00
1.224407841328165825e+00
1.221164326972756786e+00
1.223558125611328151e+00
1.222430911647274243e+00
1.221600458968897351e+00
1.221355851294698258e+00
1.225777939087350887e+00
1.221222071658034203e+00
1.222766666897978638e+00
1.223937136173158136e+00
1.223434473266862499e+00
1.221437809627168303e+00
1.218215608915952375e+00
1.220895506614213089e+00
1.218653706569351458e+00
1.221300610017810095e+00
1.225764358833890233e+00
1.219956232242026317e+00
1.220916172260359200e+00
1.212596619678697696e+00
1.217927406236282595e+00
1.222375059949050158e+00
1.219956263639077276e+00
1.220773809018950384e+00
1.218846741034817160e+00
1.220119333862431210e+00
1.219322450074456388e+00
1.217008072649363282e+00
1.220316820565971794e+00
1.221585517250324715e+00
1.218201647777768626e+00
1.216183095378648549e+00
1.218934166852850165e+00
1.220696733568630510e+00
1.222154620346531662e+00
1.221141712116454725e+00
1.221166967460287855e+00
1.221470793020203116e+00
1.216619538669521550e+00
1.218436051751899063e+00
1.220019035567461829e+00
1.221819639745340691e+00
1.217863728387215128e+00
1.219514376799275324e+00
1.221210958466698360e+00
1.214031015087957632e+00
1.219564458218948211e+00
1.217364085004403407e+00
1.224377328766197426e+00
1.215614700157192862e+00
1.220212250584484570e+00
1.222270508632517849e+00
1.220879500076460733e+00
1.222856414461347407e+00
1.221124342792597073e+00
1.221594456091230629e+00
1.222699141080304752e+00
1.222583461960647710e+00
1.223526396795420190e+00
1.223130054768132746e+00
1.224229217876215303e+00
1.222995602110026780e+00
1.224722229074022950e+00
1.223998337722495222e+00
1.223313653633010922e+00
1.225430703302062607e+00
1.221618522903095805e+00
1.222509228761579747e+00
1.223890046047689362e+00
1.224771426015480724e+00
1.227444228416455063e+00
1.224081972580900235e+00
1.225880361179117584e+00
1.228172659304269887e+00
1.232688713160652982e+00
1.225531581893498423e+00
1.225717459448406155e+00
1.227706968672869436e+00
1.228379081717124288e+00
1.225415055561883682e+00
1.229304782053475043e+00
1.229064410373311489e+00
1.224290494207385116e+00
1.226097836149017795e+00
1.228920620071623615e+00
1.228770043722389849e+00
1.233562369191538943e+00
1.228415586467220821e+00
1.229937707348171649e+00
1.233363548403121346e+00
1.227049325941819591e+00
1.230539882845369748e+00
1.230494384949981868e+00
1.231218276410656953e+00
1.229529884171165266e+00
1.230447522256562509e+00
1.231607315777518696e+00
1.233409837764245953e+00
1.229314222505897058e+00
1.232120580157167522e+00
1.234675447323535513e+00
1.234663182205985477e+00
1.233173810296491757e+00
1.233182490644771256e+00
1.233158994615533022e+00
1.235601165929067768e+00
1.234615635766655339e+00
1.233525088704894301e+00
1.234602407689474379e+00
1.234249624484489605e+00
1.237212856552506901e+00
1.237926135735075706e+00
1.239633447816944845e+00
1.236916599519952475e+00
1.237469522075874018e+00
1.239814144388093453e+00
1.238979207897457746e+00
1.240363444745470778e+00
1.239879668965214066e+00
1.241681235219705526e+00
1.235871163086759816e+00
1.237862560531900691e+00
1.237966755906560801e+00
1.239925855527251652e+00
1.241650743259812950e+00
1.242545243982209113e+00
1.245371829518126194e+00
1.241708536223540049e+00
1.243269034837640064e+00
1.242953320745120216e+00
1.242446918313519166e+00
1.244102468419255203e+00
1.246216536131875108e+00
1.242464996823239742e+00
1.245393328347776496e+00
1.246616211157441922e+00
1.248234908069609794e+00
1.243432724356496877e+00
1.247015358618558167e+00
1.247009257449913422e+00
1.248987577132599780e+00
1.247994624893408622e+00
1.248738826649512301e+00
1.249451201941050638e+00
1.250476294945315869e+00
1.246901380908345791e+00
1.250497096559145982e+00
1.251687996315237861e+00
1.250732625861202374e+00
1.250752842588489289e+00
1.253074209574891018e+00
1.255085931277007960e+00
1.255965044994281188e+00
1.250768421898386995e+00
1.253624065524652664e+00
1.254679738466751404e+00
1.257137954348187980e+00
1.256850525058641033e+00
1.256929391727922285e+00
