1.220904949025763297e+00
2.052382004562095297e+00
1.755675810359056399e+00
2.277190724097717389e+00
2.870418873267687410e+00
2.882899602985707244e+00
2.961045489979066136e+00
3.079495041295752689e+00
3.186661524189111194e+00
3.298917641665487288e+00
3.418041575440353252e+00
3.539800838087345802e+00
3.655821877133623943e+00
3.765863304490753904e+00
3.869269430486468764e+00
3.958796592859260777e+00
4.037131680238459808e+00
4.104680401765304687e+00
4.162616226741924663e+00
4.215878857881730113e+00
4.263638173239539420e+00
4.313093376212431274e+00
4.355098751133196444e+00
4.395050955388619229e+00
4.429835478535923521e+00
4.467156734336388269e+00
4.507047382607614061e+00
4.541742814327244915e+00
4.578259406258504249e+00
4.615990646994660551e+00
4.659160763502111280e+00
4.699859111344586005e+00
4.734615600392021229e+00
4.762740106295877851e+00
4.783147256670273073e+00
4.787740453425928244e+00
4.780467238482941639e+00
4.760978143487450076e+00
4.727376983511706321e+00
4.681781319755574877e+00
4.626089279146991196e+00
4.560595024198387470e+00
4.489347518360281342e+00
4.415774554788073125e+00
4.341895474383932196e+00
4.268509629051083998e+00
4.200394135329124978e+00
4.137889096939657563e+00
4.082574953433389275e+00
4.037579514763401711e+00
4.001601666690869585e+00
3.977133123634457590e+00
3.961708256494013813e+00
3.955544317372631014e+00
3.960469737353283115e+00
3.972619219364072585e+00
3.988398373721530277e+00
4.016901913358430498e+00
4.045715680000333769e+00
4.076508212305981260e+00
4.107700001451003224e+00
4.139030086330224734e+00
4.169918817759183938e+00
4.196937390704090554e+00
4.221217844650495543e+00
4.242573626789594599e+00
4.261351620627602976e+00
4.276971297858180421e+00
4.289644202219731639e+00
4.299404189639099094e+00
4.311077228979882214e+00
4.319121495629213214e+00
4.327733477848489940e+00
4.335889932520657020e+00
4.346669746927047662e+00
4.360153632994547834e+00
4.378752558142870122e+00
4.400346331083692775e+00
4.430021030497677259e+00
4.468534024755174805e+00
4.511936721635509961e+00
4.564054896165945507e+00
4.623883591115774294e+00
4.693264528146335657e+00
4.768889754247229718e+00
4.854829628031590794e+00
4.950930147141083815e+00
5.052313385155475345e+00
5.163019753780232257e+00
5.274999192738437870e+00
5.394995009484356174e+00
5.524308907729855278e+00
5.653670053486619551e+00
5.783117313377259983e+00
5.915446928351355993e+00
6.046585034263581626e+00
6.180791004424555091e+00
6.314410988245521494e+00
6.448450232562484175e+00
6.586618487291127977e+00
6.716646865978209924e+00
6.853543765898942652e+00
6.989424303967273211e+00
7.124393844342970183e+00
7.269180011272313280e+00
7.413016508390256831e+00
7.556143633238698420e+00
7.703439667591672979e+00
7.856375405885541952e+00
8.008536525809658357e+00
8.167372265923818375e+00
8.321986015740257869e+00
8.478802979743683466e+00
8.641123920069782471e+00
8.804943834106495615e+00
8.964539230776207290e+00
9.129940013711001612e+00
9.288380644285462395e+00
9.454199152656109106e+00
9.618559545813553768e+00
9.782467104404227953e+00
9.940092249076720066e+00
1.009919722494687377e+01
1.025560768917105392e+01
1.040781353471146709e+01
1.055912168092364922e+01
1.070171021301785075e+01
1.084170193200356813e+01
1.097568301461323692e+01
1.110551167653455629e+01
1.122751586880517927e+01
1.134420066748081979e+01
1.145317785583132064e+01
1.155295274412765849e+01
1.164732152808234389e+01
1.173376695001743641e+01
1.180417693385934541e+01
1.186889873834789810e+01
1.192883251305784142e+01
1.197719094197129763e+01
1.201571492251916418e+01
1.204574706903228964e+01
1.206785104741851278e+01
1.207915123924463963e+01
1.208431285726292082e+01
1.208102538991548869e+01
1.207152632209913534e+01
1.205612458045738755e+01
1.203447147619843172e+01
1.200881156068010291e+01
1.197804502948624084e+01
1.194757062409821557e+01
1.191207899292783701e+01
1.187648211067924997e+01
1.183579143432252145e+01
1.179856128695528739e+01
1.175638017774482336e+01
1.171567320510013310e+01
1.167633582288564398e+01
1.163341665413097026e+01
1.159354776160595435e+01
1.155159004925971189e+01
1.151353077726254526e+01
1.147305270675294331e+01
1.143328719765282919e+01
1.139787460956049436e+01
1.135885245233721186e+01
1.132497756412577949e+01
1.129148207251619596e+01
1.125599940902126406e+01
1.122145220684022604e+01
1.119188434091228146e+01
1.115830015308342382e+01
1.112936621077950683e+01
1.110287798846864327e+01
1.107770473414380596e+01
1.105227260775045295e+01
1.102837976238982698e+01
1.100734612543954505e+01
1.098673389480922680e+01
1.096720683922825046e+01
1.095013534608376027e+01
1.093325302954896117e+01
1.091864831429740512e+01
1.091179060763384179e+01
1.089744290861138687e+01
1.088658509721503442e+01
1.087859782827877275e+01
1.087537473430766966e+01
1.087110503851565824e+01
1.086966948610305295e+01
1.086852055723147537e+01
1.087126270892714786e+01
1.087564945426796292e+01
1.088173433151020042e+01
1.089090873401868365e+01
1.090132398971482708e+01
1.091313112346559855e+01
1.092754234713656558e+01
1.094129649330984044e+01
1.095809843258575889e+01
1.097834197195407313e+01
1.099686649471535027e+01
1.102124688373029393e+01
1.104425252754010423e+01
1.107189518598878486e+01
1.109921783248944749e+01
1.113056591759305824e+01
1.115797183008235294e+01
1.119314665626625960e+01
1.122568998144919838e+01
1.125969523157940699e+01
1.129512661799760131e+01
1.133599172427542179e+01
1.137203259167600677e+01
1.141003944229038858e+01
1.144977454109599257e+01
1.148846995016254624e+01
1.153072433477598402e+01
1.156966178028848979e+01
1.161349342586764344e+01
1.165438858364047015e+01
1.169636185114796234e+01
1.173865372845766508e+01
1.177840814729119145e+01
1.182210570652699211e+01
1.186638034207664383e+01
1.190377933483043371e+01
1.194277780375393050e+01
1.198299805199162726e+01
1.202263049774798276e+01
1.206217350463045612e+01
1.209691497198306820e+01
1.212971730975367102e+01
1.216750368602079391e+01
1.219761867094870667e+01
1.223164337203859553e+01
1.226025133435333636e+01
1.229113252453422511e+01
1.231789652737764484e+01
1.234402226886692056e+01
1.236737533506099496e+01
1.239110845451008025e+01
1.241213006588562706e+01
1.243192321321882510e+01
1.244974554061776928e+01
1.246381374965942790e+01
1.247942092004276482e+01
1.249120240405095750e+01
1.250406962742350636e+01
1.251369909083440746e+01
1.252072507992558315e+01
1.252736673652557187e+01
1.253176107069917933e+01
1.253342009820880243e+01
1.253458662865494588e+01
1.253681272852089990e+01
1.253631402316960042e+01
1.253188780441911199e+01
1.253040717443074925e+01
1.252423543712304266e+01
1.252031449246237749e+01
1.250945748251032974e+01
1.250374476450276617e+01
1.249767893144908015e+01
1.248515231903547829e+01
1.247685186975346561e+01
1.246444948792297858e+01
1.245384500133546446e+01
1.244020120143917474e+01
1.242837531627176340e+01
1.241473317153449507e+01
1.239882785128070353e+01
1.238611514221088683e+01
1.237055054316985192e+01
1.235728442157519602e+01
1.234149030069257336e+01
1.232514485849129748e+01
1.231142298361540988e+01
1.229105924172707454e+01
1.227721632448014866e+01
1.225852585746192602e+01
1.224309100611363910e+01
1.222810986145423051e+01
1.221042313315912331e+01
1.219424955080183004e+01
1.217600444651673897e+01
1.215902064257106296e+01
1.214508538193404696e+01
1.212757793424801278e+01
1.210960555768146918e+01
1.209455103208158633e+01
1.207667301874385224e+01
1.206211716957761659e+01
1.204505609169789793e+01
1.202952442811838374e+01
1.201286011922695707e+01
1.199548024981051775e+01
1.198005166513022424e+01
1.195988737316420014e+01
