9.653084319387904566e-01
3.133044268262924259e+00
3.556145264381607607e+00
3.579296551024258033e+00
3.564468034466348190e+00
3.558834619500479413e+00
3.556047696159620575e+00
3.554930161807661637e+00
3.554157013306667778e+00
3.558426323794880997e+00
3.554052603544902489e+00
3.548895041607105671e+00
3.554283879515646838e+00
3.554311881285328933e+00
3.554627250913121816e+00
3.554768752893142647e+00
3.554772838700481774e+00
3.555348304079790633e+00
3.555549456153428434e+00
3.555558843575634231e+00
3.555559340849369754e+00
3.555560001961759031e+00
3.556617037320641384e+00
3.556699511800300417e+00
3.556700333248855372e+00
3.556700470643025636e+00
3.556700424110692094e+00
3.553284880103500409e+00
3.557945920349533608e+00
3.557980843270146742e+00
3.557980734230666631e+00
3.557980543950023389e+00
3.558071919679830053e+00
3.559511324437546254e+00
3.559431844705819081e+00
3.559431671066061398e+00
3.559431651140692932e+00
3.559485103350620072e+00
3.559214269733492753e+00
3.559646153312416850e+00
3.560202446141520038e+00
3.560190648231386312e+00
3.560186482003344199e+00
3.558794728776156990e+00
3.559768308676533266e+00
3.560661441201094846e+00
3.560428527597891524e+00
3.560817185234648186e+00
3.558818374108697391e+00
3.558814880612303888e+00
3.561253360259415413e+00
3.560295833028219281e+00
3.560293403297483117e+00
3.560293489600558914e+00
3.557504449550287884e+00
3.557815563446254270e+00
3.558563437807552354e+00
3.558782958786557593e+00
3.558790971328554598e+00
3.559195990747083371e+00
3.559077580188331869e+00
3.556470482194142857e+00
3.556195488897085699e+00
3.556750463742567536e+00
3.556800706218248287e+00
3.552433253498587185e+00
3.553128203232498006e+00
3.552985550495423528e+00
3.552364697438437080e+00
3.552833771903201487e+00
3.552807513183662280e+00
3.547654883334085074e+00
3.547461256840874544e+00
3.547300194721487276e+00
3.547265642466673530e+00
3.547125106691741969e+00
3.547073363414946279e+00
3.545495276896633463e+00
3.542321386849827558e+00
3.542552146826698944e+00
3.542636921824411367e+00
3.541831835887781388e+00
3.537917707283777968e+00
3.537769999083300476e+00
3.538367409276545583e+00
3.534598820446188672e+00
3.531306536603076474e+00
3.531412624771404829e+00
3.532934270712584368e+00
3.527836186769139903e+00
3.526819325916224379e+00
3.527299618030706796e+00
3.526687917184992305e+00
3.522288531363435560e+00
3.522001307298027850e+00
3.521902007043111293e+00
3.522161915798974530e+00
3.522403925196054164e+00
3.515615874655608319e+00
3.516568677032065882e+00
3.519332814618485017e+00
3.514216362441295871e+00
3.512273564339609244e+00
3.510403234032930087e+00
3.511188746085239565e+00
3.504661715104994357e+00
3.504192393945920969e+00
3.504002605563207418e+00
3.502832323941400094e+00
3.501623880369873376e+00
3.501574405924133160e+00
3.498376476552341074e+00
3.497317055311829570e+00
3.496497425485999955e+00
3.491790862636181547e+00
3.490476015807185917e+00
3.491692643346334890e+00
3.488971577734761187e+00
3.486491174977175422e+00
3.486968695531600826e+00
3.483807517516951613e+00
3.484952072700912229e+00
3.483166111295874057e+00
3.478867161840159206e+00
3.480236938423673987e+00
3.477665382914998826e+00
3.473652372101856844e+00
3.475513612892561444e+00
3.471368552127863882e+00
3.467296421347849211e+00
3.467966243955609151e+00
3.468887312520270161e+00
3.465749970169980987e+00
3.466350559696811828e+00
3.462619242577681167e+00
3.463527576815681464e+00
3.459903555682465992e+00
3.462689360592864585e+00
3.457083943794481140e+00
3.451071871793544243e+00
3.453973302179759841e+00
3.455464574916700116e+00
3.451463037745902351e+00
3.448034324259103833e+00
3.449466468168124855e+00
3.450418064997234247e+00
3.442519630988241985e+00
3.440605962565359111e+00
3.443331771236357586e+00
3.440614718710780284e+00
3.441660301644345665e+00
3.438906230415739618e+00
3.433242851856577627e+00
3.437188643979522062e+00
3.434262626707289545e+00
3.432931504325525296e+00
3.432465027413734493e+00
3.430751529755936335e+00
3.430628491073191899e+00
3.426675784934194890e+00
3.427741589147562884e+00
3.428438374060612137e+00
3.425641300914489484e+00
3.424108160719707250e+00
3.427106850736268306e+00
3.421475355291509590e+00
3.419862487798071005e+00
3.417920031495907729e+00
3.419714052608413102e+00
3.418547308038906607e+00
3.414605067815861705e+00
3.415646545244913401e+00
3.410994671261065037e+00
3.412789961684518758e+00
3.414393885917108573e+00
3.413749438037702255e+00
3.409534228683285484e+00
3.409279841399895705e+00
3.408764031599415212e+00
3.407133772597932264e+00
3.407493978698011183e+00
3.403739324533993749e+00
3.401885236186154682e+00
3.401389059477450960e+00
3.402569681535829282e+00
3.401128766470905340e+00
3.399595376269772373e+00
3.398264433083180158e+00
3.400156362045110292e+00
3.396024566361152797e+00
3.395764771551593508e+00
3.393996802105096577e+00
3.391396037427417021e+00
3.392640637576855411e+00
3.387849687335425575e+00
3.388531221361907875e+00
3.390098461460626211e+00
3.388854102639998089e+00
3.386800828570943889e+00
3.387219756263978532e+00
3.386329554876782222e+00
3.383622310201120253e+00
3.385829505803483741e+00
3.381120933999949951e+00
3.385222565714983922e+00
3.381569902189004218e+00
3.378128534599958321e+00
3.376969915862613192e+00
3.379497155986090462e+00
3.376951383559327002e+00
3.374594363682072107e+00
3.375194122487892745e+00
3.373384647886762178e+00
3.373590401269868977e+00
3.372420557474484326e+00
3.372897548451086802e+00
3.371560341202273658e+00
3.369473174291767403e+00
3.366685393641946966e+00
3.368071440091247037e+00
3.364923062230134487e+00
3.366408870491381489e+00
3.365814494291234027e+00
3.364660575631519102e+00
3.361944931055397934e+00
3.361277722282813407e+00
3.360967046818278625e+00
3.357814282339991241e+00
3.358479744199424299e+00
3.356339710947518817e+00
3.354478018096928249e+00
3.355770029603808879e+00
3.354947719458881927e+00
3.356670019712841402e+00
3.354743561608893199e+00
3.353095906361045930e+00
3.351930705456751092e+00
3.347155186103075497e+00
3.348694578048839077e+00
3.347840227956218939e+00
3.349694533534533392e+00
3.346460105828434894e+00
3.351039571115317806e+00
3.344680502957212198e+00
3.341345855222923156e+00
3.343849141933732838e+00
3.341474798669982871e+00
3.338450852761790433e+00
3.341331187289081850e+00
3.337362721579856917e+00
3.340654088996358073e+00
3.338489329664992233e+00
3.337368663332629826e+00
3.336512500087582822e+00
3.333257210866348519e+00
3.334685571595982001e+00
3.335798285251505124e+00
3.333662752289128672e+00
3.332059770212709715e+00
3.336701900665826948e+00
3.332437031109924508e+00
3.331599979139578949e+00
3.329424287190292819e+00
3.328600615238541227e+00
3.328267181698864707e+00
3.326603943253228834e+00
3.325461598894725590e+00
3.325967931174028447e+00
3.327322167041511403e+00
3.324463455526360356e+00
3.326903432877678313e+00
3.323288409515992470e+00
3.322615214130090422e+00
3.321028087619702251e+00
3.318798565778089404e+00
3.317202631784187172e+00
3.319646772158700188e+00
3.319795750972048154e+00
3.318404291709540654e+00
3.316778434825884414e+00
3.317476966027971930e+00
3.314326367014709618e+00
3.316908825140510775e+00
3.317395413723993602e+00
3.315462407674826917e+00
3.313569345886935746e+00
3.312897962097119731e+00
3.312164362490001235e+00
3.309840448637610510e+00
3.310620619178733737e+00
3.310580328857048560e+00
3.310563581962316260e+00
3.310171021297055649e+00
3.308200737506637346e+00
3.308203136653683707e+00
3.308371217661292274e+00
3.306769287237392163e+00
3.305403577519329339e+00
3.307532853877968915e+00
3.302929621100841651e+00
