1.008294077756437535e+00
1.466614177265175956e+00
1.485560002815351943e+00
2.448872282770916176e+00
5.724714540863003798e+00
6.027250220581702678e+00
6.460523027324832412e+00
6.754287694401479136e+00
6.883797340209487636e+00
7.025006984534644339e+00
7.145311348468299961e+00
7.252137342344097348e+00
7.283885692610463813e+00
7.336973355652752105e+00
7.440052400150437784e+00
7.493322502752338465e+00
7.630199600011453143e+00
7.731969361389666062e+00
7.841420788840175682e+00
7.961674804535566530e+00
8.119587851342885187e+00
8.276211944031679479e+00
8.420827524091134109e+00
8.583484406385991861e+00
8.699496320729233290e+00
8.820193652936369588e+00
8.975505284229091885e+00
9.125974412996489704e+00
9.273303333375420010e+00
9.440104965272970716e+00
9.646359291526213298e+00
9.832304673057292277e+00
1.004801966361713106e+01
1.021445409524400283e+01
1.038214507043656276e+01
1.054052875453214533e+01
1.065778071824584217e+01
1.076883550051196536e+01
1.084881384077969813e+01
1.092142727099976085e+01
1.098480122984623009e+01
1.103613668676040760e+01
1.109557029065758549e+01
1.113042129083270737e+01
1.117379822274198453e+01
1.123252924704205569e+01
1.127425211204865896e+01
1.134474363237607442e+01
1.141525450121808660e+01
1.150507978591326008e+01
1.160064749694757325e+01
1.168803461267632215e+01
1.179295009753985113e+01
1.189341931551894227e+01
1.200335292327473447e+01
1.209430297794712139e+01
1.218049793694076932e+01
1.226066507388909521e+01
1.233941167712681164e+01
1.238771834025157759e+01
1.243260469780370059e+01
1.246352801108613306e+01
1.246912802778348883e+01
1.246586727013027662e+01
1.244436024632209659e+01
1.239695490295802749e+01
1.236281321748527873e+01
1.228732145577123447e+01
1.221412040933191356e+01
1.213379471380240382e+01
1.205948145410104466e+01
1.197191633544670353e+01
1.189978621919102864e+01
1.184837132221145950e+01
1.176838675361789655e+01
1.173794315233428875e+01
1.169615765086576786e+01
1.166780664887128083e+01
1.166779989834955522e+01
1.165563065528619369e+01
1.167631559607663405e+01
1.170954275456310256e+01
1.173933036326975987e+01
1.178584242926591763e+01
1.182983826694626828e+01
1.187591557638600293e+01
1.193892787602915639e+01
1.197736693652019291e+01
1.203993146062358832e+01
1.205609340097491611e+01
1.209458839647171047e+01
1.212620881795701244e+01
1.216812569562197410e+01
1.220197880017770409e+01
1.218953754698010705e+01
1.218977673160109987e+01
1.222377385996842314e+01
1.220243650514880152e+01
1.220723786737495331e+01
1.217559232897599664e+01
1.215917347665042492e+01
1.212726257169838284e+01
1.208262410472228510e+01
1.205232031936080794e+01
1.200281405410865609e+01
1.196253145150782871e+01
1.191102004539805392e+01
1.186994390638643893e+01
1.180945731003710542e+01
1.177148373130955328e+01
1.168830814584426925e+01
1.166285566251381667e+01
1.158075629276735086e+01
1.152297748351674933e+01
1.146864147142179036e+01
1.139158849452658551e+01
1.134016959425394155e+01
1.128299237624967688e+01
1.121432278127860727e+01
1.113077158155348023e+01
1.108099843608587065e+01
1.099720033264957486e+01
1.093777796596728180e+01
1.083536632068677719e+01
1.077642024351329653e+01
1.070687123789833350e+01
1.061223149333802773e+01
1.054654704486030781e+01
1.046470451107589739e+01
1.038485973704134402e+01
1.029543302631998891e+01
1.020074397285721446e+01
1.011208742147047168e+01
1.004480649605416431e+01
9.929385482497972149e+00
9.860786895380064365e+00
9.765996788084542857e+00
9.658091769383581493e+00
9.572065901374749330e+00
9.473342489081115758e+00
9.399808597783284370e+00
9.307527280660764291e+00
9.220480325364272645e+00
9.128793432762403626e+00
9.039007918335100200e+00
8.956101463911288363e+00
8.880945568457224937e+00
8.812529019872256342e+00
8.718275972496686066e+00
8.635586751038005104e+00
8.592562419843316590e+00
8.521659060093147886e+00
8.428764842529664847e+00
8.372147964508172890e+00
8.300006096937522670e+00
8.260435395241968237e+00
8.206553275867188191e+00
8.149659401985571705e+00
8.094152341963248176e+00
8.055372526054618731e+00
8.018985082897508221e+00
7.947423578985655546e+00
7.927216520211715967e+00
7.884371721143445200e+00
7.849408077606599754e+00
7.798170184210581724e+00
7.800797505756904116e+00
7.763305180038313935e+00
7.742842516938950759e+00
7.705792371987868705e+00
7.671778274166462630e+00
7.661697742163687153e+00
7.657608437494609177e+00
7.635890224609574339e+00
7.605154287891473963e+00
7.578768314216601354e+00
7.579219184538971810e+00
7.555154952248543054e+00
7.546852301393075280e+00
7.538564295479583954e+00
7.508939240735460707e+00
7.511877758723626286e+00
7.498845180347873729e+00
7.502070414415537236e+00
7.484896260363762543e+00
7.484004908126276945e+00
7.478466309226044828e+00
7.461847073695494714e+00
7.433171772351125917e+00
7.454785455337837874e+00
7.456063826047368615e+00
7.429274691586244650e+00
7.432003001504696726e+00
7.409880288679168814e+00
7.413932248655689783e+00
7.432347370106538342e+00
7.406756533614079707e+00
7.405830488089580221e+00
7.414358281428875763e+00
7.384183390349240206e+00
7.399618823704071424e+00
7.412026563962184511e+00
7.383436287324608216e+00
7.388847104345455108e+00
7.369531452306239849e+00
7.387971511728019358e+00
7.355363141363421065e+00
7.347998305943365338e+00
7.347462669597962126e+00
7.332544724237394895e+00
7.360300089237053811e+00
7.332531133509536225e+00
7.311166926146816181e+00
7.303826432041472749e+00
7.301503858481584786e+00
7.282391165519443099e+00
7.294833494998740342e+00
7.271336965442882772e+00
7.276336680837913740e+00
7.260184448821344283e+00
7.264943682788811863e+00
7.240728231530582981e+00
7.218815098184205858e+00
7.198835367017530906e+00
7.193514312865506355e+00
7.171657803601114267e+00
7.162386591061525642e+00
7.149735114228152888e+00
7.129485423459503757e+00
7.125608938555568983e+00
7.106853523620035418e+00
7.074723843816408397e+00
7.060646459889015070e+00
7.048045840444917332e+00
7.036023781897867480e+00
7.003433541418951691e+00
6.978274271525036987e+00
6.965132749969190407e+00
6.948682123163211877e+00
6.934399092448995994e+00
6.914869881724353462e+00
6.886739859234592309e+00
6.855378235716330870e+00
6.860058954129171660e+00
6.818916181560431333e+00
6.770053638177504496e+00
6.758232852385738454e+00
6.757648054662352521e+00
6.717364203780696208e+00
6.675324435185575389e+00
6.691801835649419772e+00
6.634973456251834101e+00
6.627149356497669785e+00
6.599758082872747345e+00
6.591963764403885762e+00
6.542307830655172296e+00
6.500173055067154593e+00
6.489242330515840429e+00
6.468229196661469338e+00
6.433660325522479795e+00
6.422119937135351897e+00
6.392120866587426953e+00
6.363208742457977074e+00
6.336250223278575788e+00
6.308557529133937081e+00
6.268286876891764337e+00
6.253876611855253564e+00
6.218663439708074669e+00
6.186747513321703806e+00
6.173713230611047820e+00
6.132375228513030407e+00
6.107709373324044400e+00
6.064106485795895729e+00
6.049438045733302793e+00
6.004993511487515256e+00
5.971807271530367167e+00
5.954881382932978973e+00
5.930372812857547693e+00
5.890206543968281139e+00
5.870973957008574828e+00
5.832885071218141704e+00
5.816179371627933747e+00
5.809667271103664987e+00
5.742735263879228391e+00
5.730473840663739438e+00
5.684131360201531535e+00
5.654852591923646088e+00
5.620638045348311351e+00
5.599464224718170513e+00
5.571248609708691291e+00
5.519781481991653749e+00
5.521385073962418844e+00
5.468157892934917719e+00
5.448744559425429124e+00
5.397039033675826936e+00
5.369542039461956406e+00
5.336815031221169292e+00
5.310270474790395490e+00
5.283348086823380640e+00
5.260585052938878903e+00
