1.021914168385541499e+00
1.940996037785041262e+00
2.454433459943378359e+00
2.072451271334893708e+00
1.984804068941917965e+00
2.046326204061395870e+00
2.175644784156031353e+00
2.062482554634279097e+00
1.925465173919015172e+00
1.821502566123831990e+00
1.793665842510781872e+00
1.842248613379558364e+00
1.944632553749540138e+00
2.076568361635021898e+00
2.194059559494218270e+00
2.280823131831759554e+00
2.325340267161678742e+00
2.340421113023225086e+00
2.327120452699993791e+00
2.287602394204587331e+00
2.229156434979304269e+00
2.168814599930851905e+00
2.109092311065092318e+00
2.046674578773218567e+00
1.982120625056124963e+00
1.921581634150407947e+00
1.869459594643753553e+00
1.827737491855553564e+00
1.785126486353852737e+00
1.754340287610483218e+00
1.727749399475496439e+00
1.705613013326387373e+00
1.699703744318927123e+00
1.691914992756350378e+00
1.697612913309294980e+00
1.705368350148547707e+00
1.717185992637891845e+00
1.739383860838218387e+00
1.761412024701134005e+00
1.788168534105184948e+00
1.819597512187857813e+00
1.855156076092424833e+00
1.893848942548944869e+00
1.935152334943965657e+00
1.982924457697733178e+00
2.033781999564859166e+00
2.090749326845287470e+00
2.148192683769926781e+00
2.207264156138764477e+00
2.266731601865164869e+00
2.330416277243966938e+00
2.391221592024436404e+00
2.454534409540150897e+00
2.510459622307193328e+00
2.567798294326745001e+00
2.619703621658943327e+00
2.670970486350128681e+00
2.712874122315728886e+00
2.755837409106420388e+00
2.786223184405421271e+00
2.821577483764329042e+00
2.847226143947977572e+00
2.870395595847086145e+00
2.888582872431080695e+00
2.904287147279863923e+00
2.911678941662084963e+00
2.919009136226634826e+00
2.927057810247201797e+00
2.929083670190572697e+00
2.925301573733340543e+00
2.924592812066678427e+00
2.917402440263050956e+00
2.913368501647618292e+00
2.905081879403586864e+00
2.890932074327562162e+00
2.883164557363245173e+00
2.867525953904519032e+00
2.854187612188737067e+00
2.837112739274503692e+00
2.820771054408148792e+00
2.801544299546877781e+00
2.780512856246033060e+00
2.763436037553826274e+00
2.739221636750570177e+00
2.719309970822509026e+00
2.697338174732483829e+00
2.672149542175944692e+00
2.650778309274536504e+00
2.627338399421470960e+00
2.606264176906347263e+00
2.583633850452622394e+00
2.564750527969111182e+00
2.542426276493506165e+00
2.521346134751085710e+00
2.501469750478952037e+00
2.480559285288137961e+00
2.464513046093067317e+00
2.445511286839516796e+00
2.425949079172927902e+00
2.408518639373992354e+00
2.395271161021541584e+00
2.381328415460918890e+00
2.367545793093087436e+00
2.354953432224506038e+00
2.339604140894623097e+00
2.331100634674561967e+00
2.320265460656074641e+00
2.309692959543777846e+00
2.300441423064492064e+00
2.293469872411187271e+00
2.287329891439155993e+00
2.283767988095227519e+00
2.277615955758122368e+00
2.276530925687219487e+00
2.275952376305279135e+00
2.274149482406282452e+00
2.272063561093317752e+00
2.274838277483338000e+00
2.278404484000145391e+00
2.281735825662750461e+00
2.285348175502450285e+00
2.291418277558241456e+00
2.298388662862348220e+00
2.304688056242162997e+00
2.312159837968603693e+00
2.321938913293788875e+00
2.331739160119020493e+00
2.343778623522130289e+00
2.357159680647315181e+00
2.368366869082599635e+00
2.380109175352884243e+00
2.393950203335934113e+00
2.409157576261483413e+00
2.421354952176458131e+00
2.439156563125548072e+00
2.453291333393661233e+00
2.469547952631166332e+00
2.482921584957433314e+00
2.500306078267457099e+00
2.515457077297180266e+00
2.532611365736407993e+00
2.548260412511799355e+00
2.567604502138977729e+00
2.582046769268965480e+00
2.601532890739091552e+00
2.618340902959338301e+00
2.635588161283630715e+00
2.649154548063087589e+00
2.667113839376873408e+00
2.685275669781256092e+00
2.699302985931634868e+00
2.715064926412081192e+00
2.733427123222403221e+00
2.746519394953867987e+00
2.761191851576350942e+00
2.777575753658619639e+00
2.790109612754115620e+00
2.804778543515042077e+00
2.816741702263922509e+00
2.829795348889385664e+00
2.842850838388792489e+00
2.855083712180514155e+00
2.868149530967607053e+00
2.878350781228044664e+00
2.886145769835931407e+00
2.896828485370190442e+00
2.905505508788353897e+00
2.913673443861967804e+00
2.924344091724617289e+00
2.930221344624820645e+00
2.934655601620552279e+00
2.944134531408576283e+00
2.947619820536079072e+00
2.954211904331327521e+00
2.958994968285661109e+00
2.962809287693504157e+00
2.967033241979355918e+00
2.968671327377157443e+00
2.970124278114705252e+00
2.974841511164411756e+00
2.973652246033906099e+00
2.975936775673065693e+00
2.975948610964100016e+00
2.978511957058270099e+00
2.978961753786283584e+00
2.973466717930853154e+00
2.976216119929615989e+00
2.972919097139793188e+00
2.971983424309281308e+00
2.970757500849821486e+00
2.968681319082780323e+00
2.965140345890248330e+00
2.964973139222836007e+00
2.962531404365554621e+00
2.958145949095980498e+00
2.955805387167490306e+00
2.953122429358981726e+00
2.949608368626937871e+00
2.946445850433926594e+00
2.942250022442236546e+00
2.941641896212356055e+00
2.935461081695405205e+00
2.935782754918697446e+00
2.929897322940472115e+00
2.927315451288210468e+00
2.924490346809645036e+00
2.921128343053767562e+00
2.918409253924453051e+00
2.918212415268387705e+00
2.912409666123788821e+00
2.912775249934631550e+00
2.913284408744250875e+00
2.909775965182341384e+00
2.908368917915493679e+00
2.906716319108877400e+00
2.905329006110147994e+00
2.905797751743182111e+00
2.907336621154321232e+00
2.902878511838034470e+00
2.905355544669669943e+00
2.903208322696185562e+00
2.905840569578322263e+00
2.909048991442982235e+00
2.907629049954601363e+00
2.909328591570651934e+00
2.911963713191603187e+00
2.914118310936412382e+00
2.917891018418207416e+00
2.918770467787990430e+00
2.920641977117568899e+00
2.924395638176148449e+00
2.928983527740403936e+00
2.931011673628232561e+00
2.935309020383262801e+00
2.942346428218514109e+00
2.942752442187701156e+00
2.948859115327481462e+00
2.955665933507327647e+00
2.960700147966020879e+00
2.964421693960999971e+00
2.969450911467244048e+00
2.974741273681122067e+00
2.980441402611542223e+00
2.987432715762154967e+00
2.990910928494561638e+00
2.998558207931781627e+00
3.001013648681769119e+00
3.008146610802328702e+00
3.016542705063228968e+00
3.021668962759223032e+00
3.028660531248438925e+00
3.032592780150887624e+00
3.039777472808285808e+00
3.049239950274449384e+00
3.052959403798250371e+00
3.063084228293910805e+00
3.068508920134580542e+00
3.077913536058412447e+00
3.081249457704413164e+00
3.090234524687601958e+00
3.096479509362889626e+00
3.106841564294914981e+00
3.114742969715139420e+00
3.121724468302147226e+00
3.129274012992777632e+00
3.136954713910435899e+00
3.147908329599180988e+00
3.154518896077004531e+00
3.162208872967081419e+00
3.170907093114065489e+00
3.181228111423513472e+00
3.189938273959959325e+00
3.197391353159652727e+00
3.205708804002699530e+00
3.212817718282209967e+00
3.225307288498765246e+00
3.233588935099510842e+00
3.242971078465686219e+00
3.252329310798589113e+00
3.261510170496557226e+00
3.271283031269391905e+00
3.280798762227215448e+00
3.292989582676546956e+00
3.301400142490526601e+00
3.311063596299540723e+00
3.321119595542808778e+00
3.332886348617346339e+00
3.339902098044472023e+00
3.351334676241945587e+00
3.361236938513789685e+00
3.370899652121359225e+00
3.381010553437521438e+00
3.392714139060395429e+00
3.401314193880148551e+00
3.413351217268935311e+00
3.422454289879234057e+00
3.433378407349294115e+00
3.444731803196958264e+00
3.453135224795777614e+00
3.464606726226704403e+00
