9.673725829024193423e-01
9.012358587227619067e-01
3.054482917763137739e-01
3.851200420650551653e-02
2.029427523987866952e-02
2.356060094213463518e-02
3.623498376924233749e-03
9.804445733141054983e-03
7.202171051814491333e-03
9.104869372566106248e-03
1.254898421857919902e-02
5.966999269925426369e-03
9.915781279464967041e-03
2.024436612669144701e-03
1.045017197705740315e-02
4.501023856945886477e-03
7.044567614779097264e-03
3.280401230251678464e-03
3.277533313893956843e-03
8.951601155909781615e-03
3.142408355154321497e-03
1.318094983062761310e-03
2.038887468833622610e-02
1.118244762067503034e-02
3.106644750331316596e-03
8.658540014757153125e-03
4.457591252314791787e-03
1.378442190986828037e-03
3.619048996384459024e-03
1.334128771256066527e-02
4.120596858922131143e-03
1.747427011932827521e-03
1.594551781021507925e-03
9.762530962138533507e-04
2.984249771542713415e-03
4.970849676667147285e-04
1.879420210140922811e-03
5.766617821421951215e-03
6.922338877441334103e-03
9.872890878895833333e-04
1.482870364463165225e-03
3.332030140407277533e-03
5.884480863142789973e-03
1.184903268659601508e-02
7.652704211627944092e-03
1.261169132094082336e-03
6.354629270434408034e-03
2.572312967996237196e-03
8.512312146984460370e-03
1.849805269584932875e-03
4.267401046162775519e-03
2.028230252678191094e-03
1.098618376388701013e-03
2.154464063826536536e-03
1.466552311740690643e-03
1.291906757639388727e-03
9.395694677977067290e-04
1.266432350981076729e-03
4.205931946711342559e-03
1.409943520663443223e-03
6.674971721081571219e-03
3.702253666864773873e-03
7.580220819522079899e-03
3.554692215327012218e-03
2.016520517369012160e-03
7.854812297707144822e-04
7.331182342210387955e-03
6.128323833690656197e-03
3.229191816333256814e-03
4.740335736090190571e-03
1.517080512190945984e-03
4.053935779841135074e-03
1.300988607110881417e-03
1.104909496163387992e-03
7.586401147796675501e-03
7.490593069446760009e-04
1.793436063022926970e-03
1.135544141667547751e-03
5.356765398620705332e-03
7.659617511518552416e-04
9.420034297334383550e-04
3.163019170487552881e-03
3.164284666527038270e-03
1.140226507787116652e-03
2.057219962902148095e-03
2.325794912621414155e-03
5.141373582262584582e-04
2.952741432027478508e-03
1.057757958352808191e-02
2.678506185992557496e-03
1.015813375960518102e-03
1.050757442144763980e-03
3.351830773424001146e-03
1.123051227638489219e-02
3.639759520986234412e-03
4.211173016071876815e-03
3.002385554181789644e-03
4.444477487976895499e-03
9.047444476154633056e-03
8.635487077563743473e-04
5.750578056694570592e-04
5.833920486287925110e-03
8.472289181889262584e-04
3.237742803848403256e-03
1.181504828126212457e-03
2.588700332786317802e-03
9.994386417765518862e-04
2.500582667909173606e-03
9.923606245236225604e-04
4.692354318525110944e-03
4.514998009059393094e-03
5.330281917447337583e-04
4.610591660910679738e-04
1.537570320156686357e-03
5.468643540515605176e-04
5.217248838000351253e-03
4.151263413432146679e-03
3.932930983848214115e-03
1.249041777040122781e-03
3.175961509480071127e-03
1.183347850311401326e-03
2.898293170854012932e-03
1.082149437382219767e-03
3.921199267865230318e-04
9.636522295621939701e-04
1.648193660011193105e-03
5.101540920603070232e-03
2.748963010446590742e-03
1.881018621333271218e-03
3.632602131076890194e-03
5.211654203210611342e-04
3.186235220583195091e-04
2.141179485063636988e-04
4.317917618461883378e-03
1.852799931797082444e-03
4.570780552103630157e-03
1.436420615932826545e-03
1.912784729227194960e-03
3.605735117870644338e-04
9.705834301001405214e-04
1.120577268011388634e-02
1.490418894030015628e-04
9.959238927957728485e-03
2.629221586478714930e-04
2.031613878101143703e-03
9.392477003559202182e-04
2.187455439670158070e-04
1.438572386208361456e-03
1.099785836008655791e-03
4.338595029154675522e-04
2.405434681245674478e-04
5.878009763363001945e-04
9.840005376521307814e-04
1.212415841597337148e-04
9.914660008379985994e-04
4.527429122998584757e-03
1.548280705983559775e-03
1.384383476763236843e-03
1.329222277133175478e-04
8.206104127449035139e-04
1.236681912973040592e-03
3.899233217573753823e-04
5.559420528136141838e-04
4.630106174251056445e-03
5.394609661980605611e-03
2.043123569923073566e-03
4.106767908617467606e-03
1.891120514256099062e-04
2.497248925685000096e-04
5.789635045692724784e-04
1.368894329531277756e-03
1.497721766045220131e-03
2.943330427097023191e-03
1.628654870387318855e-03
3.698411284617357866e-03
2.577082002392944854e-03
4.697722486978752124e-03
2.022865186470179134e-03
1.582343780825610493e-03
3.924703608954990472e-03
2.023649607402541219e-03
8.463499505874113411e-04
1.326544819382745278e-03
6.825266392017040763e-04
2.550911551817357757e-04
1.209674822555154017e-02
2.866466236678931901e-03
5.211720464495516250e-03
2.360524182064756846e-04
1.993185014087477244e-04
1.540504589290139087e-04
2.509885364899640020e-04
6.333123135450791389e-04
1.239084905586477657e-03
5.021994523952428430e-04
3.113379453259612021e-03
8.997297507074850445e-04
1.691565239628786558e-03
1.883911514035055456e-03
8.577678283553763841e-03
4.139373045566459471e-03
2.171930147978397307e-04
3.098349572368703023e-03
1.710747381265859037e-04
2.816519345795687624e-03
4.126858403150989764e-03
1.600232173336596855e-03
6.771108866599596194e-04
3.606423511060661983e-04
1.720066959257579586e-04
2.314072564470711843e-03
2.777635465425295396e-04
3.232628227069859746e-04
6.948226372385017625e-04
6.509951434373023160e-04
1.368675064480240127e-03
3.253177062797294058e-04
3.523461254658489367e-04
3.307058532374687826e-04
6.463425710197880395e-04
1.960435812929147564e-03
1.435727000932091404e-04
2.386921804057663948e-03
1.719262833507543631e-03
3.777299467637165557e-03
3.062664874960107611e-04
4.998492331309598675e-04
4.332327748756557482e-04
7.398199501788638253e-04
1.259945813507074150e-03
2.335282779934202448e-03
2.411467150226367408e-03
7.992740174298410688e-03
2.547031132513536116e-03
1.230101752868083351e-03
9.222898425406131969e-04
1.197370213378208233e-03
1.267180295395615866e-03
9.196799081988964739e-04
2.534202249127580266e-03
6.637831509911447554e-03
7.708653886286708835e-05
6.041486492950996637e-04
9.730819571209315452e-04
3.828837349187888973e-03
4.919773378885648881e-04
1.962568372884700152e-03
2.371307001487204472e-03
7.796226051242305388e-03
2.845308528306068224e-04
2.645123885720860788e-04
1.408056398981470669e-03
3.408674242448606322e-03
7.604760542576552819e-04
3.027142606637045312e-03
2.724730597239144719e-03
1.577411626952092373e-03
2.025503941855770571e-03
2.014728240522162001e-03
2.925655622429226312e-04
6.964870141112315671e-02
1.279013979931027884e-03
7.549111476252919105e-04
4.340062546664484296e-04
3.342697626814072269e-04
4.893208165406183344e-04
6.750014784021210294e-04
6.845450799841888137e-04
6.347547107343897051e-04
6.126368033133390871e-04
6.029192048346731407e-04
5.886156492635702224e-04
5.670809922729886819e-04
5.356809674690763898e-04
4.990993061928186312e-04
4.589714587427121324e-04
4.169440782757090325e-04
3.726179841334515438e-04
3.106682133270691724e-04
3.698898350750700020e-04
2.719981035937500810e-04
2.272527992747385155e-04
5.557050647128569058e-04
2.171061777447742260e-04
2.541596684468255644e-04
1.706186110969297985e-04
1.265359787072107981e-03
1.766324953962403589e-04
1.679644273396264334e-04
1.312922846506659694e-04
2.857637270057489720e-04
7.941725301336448805e-04
2.447591214177889012e-04
4.437404152866460637e-03
8.917455572711688750e-04
2.258206603064485951e-03
4.593535430484579451e-04
1.150905964664513661e-03
1.670104100215129110e-03
1.398048452361784575e-04
