1.027045972714242250e+00
1.167847370161182230e+00
8.931460504702627423e-01
1.272477673753428462e+00
1.144163865347898934e+00
1.047669133131358121e+00
9.685185804360396666e-01
9.786738276813898851e-01
9.144355520478398835e-01
8.610706789167268393e-01
8.598131896421782328e-01
7.799389392236885099e-01
7.640000525729228054e-01
9.916543576498131340e-01
1.026231704198741657e+00
1.215817313415822776e+00
1.316284133929159550e+00
1.421345584840604692e+00
1.083190633675629844e+00
9.681637551851498547e-01
7.552802428671802071e-01
6.619184689050057191e-01
5.520329305896450878e-01
3.468567474925452476e-01
5.785032245468346712e-01
2.907256486004183849e-01
2.003523954799648898e-01
2.684215754194895220e-01
2.625860696310248765e-01
3.388482837450900731e-01
1.548512228058634976e-01
2.064757225899864490e-01
4.804262674816612289e-01
3.389275136251527210e-01
1.308663376887123919e-01
7.829731145508270207e-02
1.455533763088112387e-01
1.816773025861831425e-01
2.305852000665492840e-01
2.158108955991083211e-01
1.695781078349302973e-01
7.009075331209001503e-01
1.553096895130197663e-01
2.222558410368912774e-01
1.664648803658512755e-01
9.334050878421297492e-02
1.903656078215310854e-01
1.601295344850759694e-01
1.841708639950915272e-01
1.754442810761232541e-01
1.349124969071210933e-01
1.250519688964991105e-01
2.288563227443942971e-01
2.412779426501527325e-01
1.969477202385636339e-01
1.729969791019294323e-01
1.040778306184721586e-01
8.472752041771819398e-02
1.653897602675580836e-01
1.950783453083106134e-01
1.962282316811460869e-01
1.238108824864668084e-01
3.731435231768720495e-01
1.144697389177389280e-01
4.725452500813814294e-01
1.117731445802281481e-01
1.570709618950801023e-01
1.333804820538696256e-01
1.220347962928693825e-01
1.119856485176755345e-01
1.220374984964079923e-01
1.573948478629785819e-01
1.616542829528236636e-01
9.224447831377216578e-02
3.290796865943829835e-02
1.170336736160894758e-01
1.226114051008940914e-01
9.668751838579202340e-02
1.389033845826289637e-01
1.149409712766447794e-01
5.324862606475194715e-01
1.324773104947233049e-01
3.297497337214205793e-01
1.136262436598794723e-01
1.401235245515792815e-01
5.756484612351554786e-02
2.799418600508977173e-01
1.625838848173034312e-01
3.252551199809822213e-01
3.148715049116536657e-01
1.142603464023959486e-01
1.254494327419808375e-01
1.587186737351137800e-01
1.227750364267882338e-01
9.361754385096722475e-02
2.481967636575589109e-01
4.314357000599199077e-02
6.976849870938962861e-02
6.129255763457191336e-02
1.869570378004940525e-01
2.440351121565540737e-01
2.339175734554584385e-01
1.540004641831652643e-01
1.704422511579502530e-01
1.226907712692723862e-01
8.150357777616641652e-02
2.030851425195727977e-01
6.670225047860858791e-02
8.939975084040478748e-02
1.117866141686794934e-01
1.193939607260726121e-01
9.576767936864387376e-02
5.825849985713203033e-02
6.352957393483464610e-02
9.849522102024317605e-02
7.869625530568565008e-02
5.031963673442273188e-02
8.280972383479356935e-02
7.815333457059733813e-02
6.957111603771076735e-02
8.203157557260802590e-02
1.281049361255571784e-01
7.783806303985892072e-02
4.856406938839800264e-02
6.932795920229069264e-02
1.457231153283897462e-01
2.950262604603208494e-02
7.133442348708284031e-02
6.000437746251582882e-02
3.876769721134692426e-01
1.182035974639918940e-01
1.096971753384014120e-01
5.355056318596998488e-02
1.146069653507849201e-01
1.247674413969880741e-01
1.214529464904066797e-01
8.098883128529742181e-02
5.628069569593623089e-02
4.850408918363308119e-02
5.681011238314927214e-02
1.462486165485281098e-01
2.610382092409508151e-02
1.427969624358147727e-01
1.008384269453097282e-01
3.433876864148770885e-02
3.846382345725163354e-02
1.833642643270766148e-01
5.763094776502268590e-02
6.018105788774572723e-02
2.506708733142413645e-02
3.636019975589460662e-02
1.873481709081904062e-02
1.882070191724273187e-02
8.010643043824486331e-02
2.256906104347210576e-02
2.670720406392121035e-02
2.269889235127139568e-02
1.136094750424455208e-02
1.653324996550975534e-02
2.369244505351958408e-02
1.475374275055700915e-02
8.331353314078474709e-03
1.204418158791347587e-01
7.780115304674426954e-03
2.594956816160567600e-02
1.723348011419304285e-02
1.826292551461887459e-02
1.560820326240250355e-02
1.713075883542608535e-02
1.087956817465285386e-01
6.274066921362327076e-02
8.367891511513606342e-03
2.347144358911812390e-02
9.590114542337675740e-02
6.414888456403886052e-02
1.786374853817575270e-01
3.295195014978992420e-02
5.438881072283870827e-02
6.247794195157210795e-02
1.297417851777331321e-01
8.402224668556541876e-02
1.550339281692523358e-02
1.084355373203977901e-01
3.806701973531601002e-01
1.446469603799369931e-02
1.738235782853268102e-02
2.661520119918300842e-02
4.817892478439250031e-02
2.233424480261838110e-02
2.092595781907002558e-02
1.858762440032484670e-02
1.607101033902791701e-02
2.957127267935751036e-02
3.528475184449481744e-02
1.322835403475576890e-02
2.835825118739665127e-02
8.607380478698802018e-02
3.603605649193852151e-02
2.661106436305148149e-02
2.429077920641953964e-02
1.397963892886968512e-02
5.158966953894420643e-02
3.997566716628934980e-02
6.219447618769418512e-02
3.118366748578209335e-02
3.816021449721332393e-02
4.198430412687055580e-02
5.911295832467442640e-02
1.986940062183994438e-01
6.196486691631534344e-02
1.166039227132734252e-01
2.590282693849172216e-02
7.507471858786382568e-02
5.448722862874003092e-02
1.176301740659994183e-01
3.169078483624077763e-02
5.052770616185689456e-02
3.059920420451565579e-02
3.547830718440236897e-02
8.155855680198055568e-02
1.028744158508644452e-01
2.433855925224906458e-02
1.932712204357679986e-01
3.578645052923707520e-02
3.234435207087307806e-02
2.369407837865735236e-02
4.019694594282006289e-02
5.064059254340291111e-02
3.171251770814557253e-02
1.002663931592013974e-01
5.433487265161645111e-03
1.807997948871484933e-02
1.898370131426800958e-02
2.897915800931262151e-02
4.877473768691584222e-02
4.768746893785832247e-02
2.850462546329231989e-02
1.145139768411469923e-02
1.541488740333442527e-02
3.442399223739963515e-02
2.964841613809770723e-02
1.315172856851170441e-02
1.772060236582207252e-02
1.451110514148118251e-02
1.882247350011047315e-02
3.659932679893675850e-02
1.599625006009375988e-02
1.996445781953942733e-02
5.743143224087193105e-02
2.119878702885479027e-02
3.914574749884478649e-02
3.437419939567757515e-02
7.570902918192570774e-02
2.263618828061046001e-02
2.477408227851944297e-02
3.379356299665983721e-02
1.286388852584516018e-01
2.893924741603843762e-02
1.543170514882334816e-02
3.258713479694549942e-02
1.447505588314046063e-02
9.252546331261884971e-02
1.036119446888611288e-02
2.635001754366951207e-02
1.380495979070602355e-02
1.319894565694561608e-02
3.528921144314840080e-02
2.792930329661329203e-02
1.002093922514298713e-01
1.731770401058319031e-02
2.237587244841075795e-02
3.118935557743238163e-02
1.410049591125134283e-02
8.131268393247267912e-02
6.654180759722802020e-03
1.007614789540211414e-02
8.759169554745132452e-03
5.967200436299860584e-03
1.310149773460188467e-02
1.746730650929399775e-02
2.968632282613831511e-02
3.214960549411882001e-02
6.944702053341643422e-02
3.512335989975581135e-02
8.619008294821794633e-03
3.263271147117585008e-02
7.692520589585735702e-03
1.700315117000760282e-02
4.805095444771329688e-02
2.248637997636272756e-02
1.192612440026792342e-01
1.282216737553803360e-02
1.411913570891375896e-02
4.797652294112445676e-02
1.861519122697280482e-02
1.697695958213891326e-02
6.478768798643888549e-02
5.737427656152128269e-02
9.442715399186323716e-03
1.467879302196767148e-02
