1.097832019928677960e+00
5.529564102114092883e-01
1.071944539304512167e+00
1.566705436603373025e+00
1.499559090791972249e+00
1.160957664006771362e+00
8.489369334346376084e-01
6.082640494892802563e-01
4.314872093751274118e-01
3.049013451608765246e-01
2.159903371979975117e-01
1.544052574011186563e-01
1.120345875740882124e-01
8.285896935282546782e-02
6.263896551824001124e-02
4.849238058422580822e-02
3.849872793410793331e-02
3.136945540842019098e-02
2.622978929202961565e-02
2.247157907058682999e-02
1.967210972380162640e-02
1.753394513597012969e-02
1.585210597146983341e-02
1.448625053600706078e-02
1.334299547697031726e-02
1.236047132293124733e-02
1.149859363442912348e-02
1.072854472120313499e-02
1.003424661994542326e-02
9.400515964916793948e-03
8.821647046469519374e-03
8.286440786606917575e-03
7.662557223458725010e-03
7.378574372313807979e-03
4.641031082306769362e-03
6.565826769769697070e-03
7.019537316414064393e-03
5.862892255736051016e-03
2.242198347937040225e-03
5.283622072407363930e-03
4.987105899003862162e-03
4.718520376028915823e-03
4.506281800732134246e-03
4.598965154840327189e-03
4.067891114914796991e-03
4.800635203322833541e-03
3.687203888200529626e-03
3.694792653574210071e-03
3.328166979031148276e-03
4.277778490647578431e-03
4.076933820520768116e-03
2.878138204621813988e-03
2.589088061412875893e-03
2.582695745893865205e-03
2.579357835545929324e-03
1.381586817858202138e-03
2.203727067529034390e-03
1.716471738246175141e-03
4.635382256341798006e-03
1.914244877638160555e-03
1.758980513709210635e-03
1.653012787451622933e-03
1.583929587658123965e-03
2.653975003583545177e-03
1.629632489897920406e-03
1.522430808904039418e-03
1.354702125780955476e-03
1.035502925981020370e-03
1.251623249535885980e-03
1.034952811475676158e-03
2.189003867526350799e-03
1.226624259753556498e-03
1.372329357327818199e-03
8.047910255779187026e-04
8.637765991404787848e-04
8.002809899834078611e-04
8.594873578587984217e-03
9.907210345884963094e-04
6.360896191440133492e-04
1.185708069084877737e-03
5.118091945702283154e-04
5.305303684410341697e-04
1.267030729165595461e-03
8.078749197861914222e-04
9.163297011261754485e-03
7.062687189222002218e-04
2.653243423237305020e-03
4.054643762971065803e-03
7.748261876091911467e-04
6.392007359403535042e-04
5.226740357285095508e-04
6.998772539842814224e-04
9.438799482235181578e-04
9.918890027703066922e-04
6.356884647916251395e-04
6.719671432941836872e-03
2.179546053748628465e-03
6.361338033602063641e-04
3.658800923458561168e-03
1.391196056449050004e-03
6.850519163225456164e-04
1.708786831290595503e-03
4.501483904772927936e-04
7.245367446729846428e-04
7.528778963869290882e-04
4.835082231694466334e-04
5.886802489795669524e-04
4.517362753806822328e-04
8.572485857686635170e-04
5.627033688759938874e-04
4.497807322090000221e-04
6.929098604482139979e-04
8.494460365226289000e-03
5.180576289896972851e-04
5.052650369210007295e-04
6.777529252405838003e-04
5.288280979147147063e-04
5.928173861348255431e-04
3.610657649510179879e-04
9.128060377092502746e-04
8.088475539355969527e-04
6.347168830443042494e-04
2.470861507159428146e-03
2.048566552409134857e-03
9.307063197530340577e-04
1.426603231425698729e-03
6.146233131037366799e-03
4.139654684752151347e-04
4.726917278199921726e-04
6.380412327119128896e-04
4.386699793151739146e-04
5.111640551437800998e-04
5.755076869262383890e-03
5.087924537597810415e-04
5.976428774191352945e-04
6.487177247994829537e-04
8.316357204179012806e-04
2.160054576152565554e-03
7.020408802051800526e-03
1.076892045124205888e-03
4.322688251708244403e-04
2.555330475748014089e-03
1.170663670166689459e-03
4.967058861384342867e-04
1.259944267105198024e-03
1.396544038470007342e-03
1.031724954930470558e-03
2.427214639067388872e-03
5.895544758570556371e-04
1.175185627247024968e-03
2.791428864247965931e-04
4.699238008941872095e-03
4.179344237729011699e-04
2.836737480073914523e-04
5.697038470730899111e-04
5.088057691582459699e-04
4.571022042484406181e-04
3.662195946134444262e-03
5.279889893141992072e-04
3.389304176858014554e-04
6.986521502799353245e-04
4.971397623597958006e-04
2.995285219417376287e-04
4.981027613272093332e-04
5.554564494399515800e-04
3.309043627889412566e-03
3.371759979079171250e-03
4.626385042544258375e-04
8.733750185748590097e-04
2.066271690018612510e-04
3.862291513270484718e-04
6.051004866763577596e-04
5.837496317320019397e-04
2.820044761881555524e-03
4.310809928446586187e-04
1.348519256531312965e-03
6.061286662206966059e-04
1.465169574752961910e-03
4.885031953924399073e-04
6.140507429775086089e-04
8.624669060806574358e-04
5.686518345102588648e-03
4.305068485645671792e-04
5.887158431099211425e-04
5.017250213485663184e-04
4.366632309188899701e-04
1.016226937601692748e-03
6.369045618312559835e-04
2.023934792544138193e-03
4.277302676387331423e-04
5.751690735273213249e-04
6.896947282200608861e-04
6.525297867756359605e-04
9.481812696245988867e-04
4.225239723364340315e-04
1.494446722032656506e-03
2.765065485912905976e-03
4.778511631343034319e-04
7.798785054370835877e-04
4.595207388204137480e-04
3.056629287034752247e-03
6.937158627685366483e-04
1.814905538067578244e-03
4.314349511528307759e-04
9.550728106304822882e-04
5.496725314797296568e-04
5.038162422573387849e-04
4.295059346386686529e-04
3.228934806668819343e-04
3.181787116485480489e-04
2.368916171264744564e-03
7.182938803094321770e-04
3.210024790753511405e-04
9.062915660228900577e-04
1.094212414233356823e-03
7.432706053877942334e-04
3.810470570788542562e-04
9.476663329507548604e-04
1.014379876301059642e-03
2.936629613970331452e-04
5.872529192669983730e-04
1.307108438238129347e-03
3.561511877864858774e-04
4.318910038490622930e-04
5.314847457909807659e-04
8.797476520449749307e-04
4.862985693328485235e-04
1.298877874514158936e-03
5.231796306446890579e-04
3.127057969312774938e-03
4.236504034102770507e-04
4.185871007247686905e-04
4.238543720114407881e-04
2.933930072690682424e-04
3.186324995766821140e-04
6.313821689883863204e-04
7.169156105249429277e-04
3.151440070678811689e-04
2.114483913606559230e-03
4.791206225312469639e-04
2.445382281500161573e-03
4.835573797564538413e-04
2.447433866537645619e-03
1.690169147493510724e-03
3.881523943884966936e-04
5.386615591379414168e-04
7.929439068851304147e-04
2.933831903509787737e-04
5.420990736883896446e-03
1.417181559932701980e-03
6.830899481766981862e-03
4.455575312809691591e-04
9.369145555313244554e-04
6.435289547473575442e-04
9.985885133502851469e-04
2.668945861536764063e-03
2.242879623920436723e-03
8.720267139983505986e-04
1.526548028447377451e-03
3.258428365528914274e-04
1.253622966300408422e-03
5.257985616966266663e-04
6.612562344737288843e-04
1.743372725270529592e-03
7.092641127709543901e-04
1.899241195041251242e-03
5.358786924813479201e-04
1.161033661176502987e-03
4.789606818668872348e-04
8.953733569539609445e-04
5.523562365003715276e-04
5.822937553379017124e-04
6.149633536149176757e-04
4.385780369067924156e-04
3.861919595586734344e-04
6.601853533299191674e-03
4.045344140628226708e-04
3.862192114709276660e-04
1.308823919386436965e-03
5.823479951444547609e-03
4.173105992952461335e-04
1.377959572786295389e-03
2.752506791651758086e-04
4.799642638557579766e-04
2.517775145352808223e-03
4.338650439833426509e-04
1.952377209371768552e-03
1.564769369220165868e-03
8.353332332848889714e-04
1.158253702219847955e-03
5.780389097610699831e-04
3.254856834677331248e-04
2.910031468771945729e-03
1.225010689334382879e-03
6.822664675662135601e-04
1.338206841476183642e-03
4.114922296455167730e-03
5.201369928648281495e-04
1.014004131133140578e-03
5.503679581514498917e-03
