1.051305401452423238e+00
1.053264452506287085e+00
1.093823827114371650e+00
1.660814006199143655e+00
1.158028951722295252e+00
7.848561386014443197e-01
1.017621827007830326e+00
1.393236637557212498e+00
1.752610588854308427e+00
2.014383038090088895e+00
2.101643123353418297e+00
2.111751613740700861e+00
2.075141235143354912e+00
2.214297461485989604e+00
2.233519496759637679e+00
2.248848338604589880e+00
2.033384709384439049e+00
1.933561093628765493e+00
1.913736924467347222e+00
2.330266115726661535e+00
2.673070360619914432e+00
2.714982186998910141e+00
2.646601618019477797e+00
2.576641825959849808e+00
2.490757842453970472e+00
2.377675193107215978e+00
2.258660244293991592e+00
2.090816659092761931e+00
1.910935201082651913e+00
1.758271105519263022e+00
1.588450859850067065e+00
1.449940813912022897e+00
1.324814521028646608e+00
1.261549474534243265e+00
1.164041040575836350e+00
1.065858838373910267e+00
9.723305895183551595e-01
9.386067707563553464e-01
8.156810354192950419e-01
8.221100164156115442e-01
7.203925328836159325e-01
6.525223634985012344e-01
6.329149493611123667e-01
5.553034661226209368e-01
5.172511711751829333e-01
4.912066841358517233e-01
4.814060359775647613e-01
4.279820456758436364e-01
4.014369382915002338e-01
3.908915528672246009e-01
3.387790626603126576e-01
3.301298229658735095e-01
3.142592452217670140e-01
2.912116148896303214e-01
2.832341935972218505e-01
2.755509640804530980e-01
2.888447229114465831e-01
2.761712909252426185e-01
2.672229184648970968e-01
2.650596571607637952e-01
2.398470590537034874e-01
2.334865896527258400e-01
1.950356018736091324e-01
1.991439114484186701e-01
1.476906971475671349e-01
1.001783430416537252e-01
1.038117613809841494e-01
1.904127312620246815e-01
1.550708147361109512e-01
1.953946832755569518e-01
2.230232371034950589e-01
2.306522900074602922e-01
2.451381934686122088e-01
2.479375288069344263e-01
2.426626375012044257e-01
2.573984040987304378e-01
2.932044713695820537e-01
3.131385841062953590e-01
2.629737433836764615e-01
3.554736965492172329e-01
3.245396630417244910e-01
3.434616101687757994e-01
2.420374415363497900e-01
2.796158301235753818e-01
3.484728634159315330e-01
2.788038267258647895e-01
2.415748643030193876e-01
2.478135642061669031e-01
2.503404756025556788e-01
2.705488410281198797e-01
2.321255350146706475e-01
2.263195364975265078e-01
2.235740668801262654e-01
3.314984825931567847e-01
2.311527384081631109e-01
2.137267906902973746e-01
2.488633895375202687e-01
2.471114883170259791e-01
2.507014496461764108e-01
1.916015371712861681e-01
2.215310637437767349e-01
2.568588429246184135e-01
2.318293910824101023e-01
2.475085379545773900e-01
1.759274604786897345e-01
2.468892674707235113e-01
2.109443441356153581e-01
2.666912610706482778e-01
1.696983183678291152e-01
2.933320924584404965e-01
1.491556598877297746e-01
2.219664153625246772e-01
3.805429912032415873e-01
2.025808888553667919e-01
1.979965051549774646e-01
2.157231092951132356e-01
2.222920434815208734e-01
1.463917194592477267e-01
2.082395040300946409e-01
2.309533346074095495e-01
2.311062096287810896e-01
2.456197496005138314e-01
2.179607290663070907e-01
1.940915109085499524e-01
2.046189603396043055e-01
2.040694071858198677e-01
1.423401866101977331e-01
2.307868217069925509e-01
2.023620553720200943e-01
2.140643854158379433e-01
1.617705268863018908e-01
1.761107946520212020e-01
2.744006386506180339e-01
2.048359250355778205e-01
1.855762702723677826e-01
1.610745106724865150e-01
1.879421092724590237e-01
1.948036643768479848e-01
1.831189059755643778e-01
1.893000653130109401e-01
1.860908808003632620e-01
1.649956572760857554e-01
1.544030228351707945e-01
1.819311160912210901e-01
1.632504437764131788e-01
1.433058445220939947e-01
1.849935348700212645e-01
1.304802313755362153e-01
1.729219739646432052e-01
1.826110934016365039e-01
1.726211743351599159e-01
1.740891296748854067e-01
2.301442937394691246e-01
2.663454870766158722e-01
1.639931084596290278e-01
1.445985333485960145e-01
1.839667504384045749e-01
1.816964626151016948e-01
1.682509289371156569e-01
2.811290690956914085e-01
1.923166396112095111e-01
1.969558691789066174e-01
1.732533660615243887e-01
1.461284158800405242e-01
1.525325316935880471e-01
1.588994781993243177e-01
1.734014792698834462e-01
1.514488497669771727e-01
1.607591147760440708e-01
1.830310968729915722e-01
2.755566954338304897e-01
2.041663564401044184e-01
2.271736464443477876e-01
1.643354760000343973e-01
1.632770275138653304e-01
1.354594701816475011e-01
1.460224359110179337e-01
1.621628119915830002e-01
1.660213560216993456e-01
1.392362826765770889e-01
1.430552097697722069e-01
1.912128492391515222e-01
1.395316642935957863e-01
1.557696325385862501e-01
1.540535081368402670e-01
1.641627339519173834e-01
2.007355956038354150e-01
1.474307035447838532e-01
2.628641491156477605e-01
1.788529444483906994e-01
1.625920348954577876e-01
1.765915348154827869e-01
1.448568242623455848e-01
1.187298103958431966e-01
1.869298909477683790e-01
2.111672736450818655e-01
1.458545315848039092e-01
1.915302674399456118e-01
2.500055590656875548e-01
1.467671882324559918e-01
1.631716317790806725e-01
1.443034025918022156e-01
1.615543906846836630e-01
1.718406119514335473e-01
2.597551485178727360e-01
3.832202729478048631e-01
1.549804880134873775e-01
2.089942724909365224e-01
1.664855265835921971e-01
1.459878279177796723e-01
2.341386872994129231e-01
1.351856372545275631e-01
1.512144053807530919e-01
1.283793899915728898e-01
2.027156782550656455e-01
1.621549425878482942e-01
2.806058363073364870e-01
1.469914097582276924e-01
1.828028382671177399e-01
1.657026983919712981e-01
1.536608942475795325e-01
2.857026118125255421e-01
1.562381008128845838e-01
1.047900516125318260e-01
1.391357392562622697e-01
2.114167454408584224e-01
1.375864359300944806e-01
1.510157701701974331e-01
1.449963822694648463e-01
1.569355863712032229e-01
1.162285302749589272e-01
1.661015093837617251e-01
1.577685416253143125e-01
1.482572977561562866e-01
2.017454339468869318e-01
1.918574855959359338e-01
2.454426546010088361e-01
1.428260030779316958e-01
2.166706880722783779e-01
1.403637979030387117e-01
1.999130645084820912e-01
1.287895960442143883e-01
1.601794294010434605e-01
1.008114772540141951e-01
2.108838815851563075e-01
2.071402196613757463e-01
1.785909939553797787e-01
1.427018954898119918e-01
1.209749562056224303e-01
1.484801972641241752e-01
1.205119944079303534e-01
1.751567556692122662e-01
1.221024707426197481e-01
1.256464298353423270e-01
1.264856355179773406e-01
1.118825108263820783e-01
1.568185518541805323e-01
1.867683984369306327e-01
1.383728160411935026e-01
1.321903302006216807e-01
2.312070724403590127e-01
1.408656579111730867e-01
3.310513184415537213e-01
1.274240696602153833e-01
1.677481532460050051e-01
1.342035275654760440e-01
1.719348544753594721e-01
1.895743938470211831e-01
1.259819056151884054e-01
1.181012280346525611e-01
1.393789044276982358e-01
1.405227093104554070e-01
1.367181314046857776e-01
1.886370825271808382e-01
1.747777326889652372e-01
1.556060748843842712e-01
1.297312751887356730e-01
1.306468746854488883e-01
1.238990119003348794e-01
1.221423248483907570e-01
1.892687095653495244e-01
1.283119117153167232e-01
1.661265058046806631e-01
1.539908422551985179e-01
1.222624926844628618e-01
1.296794817863634874e-01
1.477273514964616008e-01
1.277960576712947327e-01
1.949922818831835991e-01
1.217638046627637638e-01
2.251300570240298282e-01
1.120499496049285060e-01
1.078451816241117467e-01
2.351644029076640774e-01
1.547090112633037751e-01
1.366628970984557212e-01
1.766605111295254382e-01
1.405771297923879282e-01
1.318971130942040437e-01
1.225275853221249461e-01
