1.060284035676358760e+00
9.178967222421714478e-01
2.567034055759634281e+00
2.702610808223873118e+00
2.695752882016154928e+00
2.684006215550123198e+00
2.656727605301467676e+00
2.621085902832691605e+00
2.591784166177293791e+00
2.554592395075492739e+00
2.531493551549210519e+00
2.498049420852401781e+00
2.481340545800207575e+00
2.450950108073240319e+00
2.438337349426682454e+00
2.442990476234129904e+00
2.400535172187725941e+00
2.391549299161691344e+00
2.367378734845917432e+00
2.360450267523641177e+00
2.354636139930739169e+00
2.330234164168969446e+00
2.328221634018008412e+00
2.322592871261194514e+00
2.303914567531156976e+00
2.302600846406455570e+00
2.266361185346140505e+00
2.281691811034657125e+00
2.281649231220637120e+00
2.247807636154724786e+00
2.256900806617982536e+00
2.257666846983645836e+00
2.204008884995086071e+00
2.237934346007317554e+00
2.239477393459429866e+00
2.231524195138497646e+00
2.214767127122909240e+00
2.216697718558238606e+00
2.217772319271425818e+00
2.192765470816681272e+00
2.196613143782172539e+00
2.197913691703026196e+00
2.174596651340698017e+00
2.176859034364208245e+00
2.178305519450134398e+00
2.149031393222179620e+00
2.152160591568344827e+00
2.153885587732607299e+00
2.137275448068642447e+00
2.138851565710827352e+00
2.164335235239244426e+00
2.115660554861655829e+00
2.118286194549648727e+00
2.129427258161481706e+00
2.099194348949630307e+00
2.101113465917978207e+00
2.073713997233658457e+00
2.078433100219740925e+00
2.079926141528326333e+00
2.067750739705876750e+00
2.064844550458131867e+00
2.053435882928820178e+00
2.080764928878128917e+00
2.035116217561330210e+00
2.036878942708128193e+00
2.034787097568456105e+00
2.030127850824854807e+00
2.009893101493311018e+00
1.997800333846582621e+00
1.993228415869203074e+00
1.996068797311771004e+00
1.971659057585812613e+00
1.973283553594339379e+00
1.966092538757207242e+00
1.957245966270819704e+00
1.933423184787621318e+00
1.937018092709852146e+00
1.936633860587833711e+00
1.935458279656936176e+00
1.920304915183323580e+00
1.911284911313549939e+00
1.903837923929057041e+00
1.902144033440162252e+00
1.893719313608602794e+00
1.878820217899269895e+00
1.880363694132027863e+00
1.872524998297705245e+00
1.859298618042345197e+00
1.859116256913180942e+00
1.839328371674091134e+00
1.840109546822984221e+00
1.847551995855848617e+00
1.826428246098156460e+00
1.816762096316961506e+00
1.809419495515148801e+00
1.794790753019660956e+00
1.796596441000763544e+00
1.779055637770467158e+00
1.781987253536776450e+00
1.768716129201276743e+00
1.767703136189639590e+00
1.749182487071075043e+00
1.751231922974719524e+00
1.731825615461839218e+00
1.743326804710181088e+00
1.723299777465787885e+00
1.724487711259357958e+00
1.722371185637256774e+00
1.710103334673884978e+00
1.703067119843275634e+00
1.693083954843537908e+00
1.692615782497255417e+00
1.684060697281768881e+00
1.678647495908745402e+00
1.673192035160023572e+00
1.665609190126239758e+00
1.658574371571734263e+00
1.641607748927326194e+00
1.643624656943868834e+00
1.638814286665043252e+00
1.627536712087001014e+00
1.624991273648433321e+00
1.630338799365204761e+00
1.606474131447612530e+00
1.606430129563267029e+00
1.607101495907539812e+00
1.580077221703212187e+00
1.580254026919705401e+00
1.580428493129759193e+00
1.580690519186608745e+00
1.561356942344896082e+00
1.557956223130074758e+00
1.559116337677980413e+00
1.569574150764115883e+00
1.537169560789475531e+00
1.537877159242689418e+00
1.538284803359790454e+00
1.527157629039416653e+00
1.525444723053957397e+00
1.505515404265588719e+00
1.515948480897498785e+00
1.513739258138962374e+00
1.498529068415894949e+00
1.499570353973475267e+00
1.488202873329792952e+00
1.491162816671180336e+00
1.477149512822058197e+00
1.479553065327220640e+00
1.472776126813675202e+00
1.470157534388803366e+00
1.468462216040578472e+00
1.458485907692672168e+00
1.459594917778920475e+00
1.447917176430918440e+00
1.447431846807394340e+00
1.447393960443044580e+00
1.435047190986607157e+00
1.437307122622402566e+00
1.436293479611163271e+00
1.421833148750982101e+00
1.421148828098866668e+00
1.437140139866017963e+00
1.411587007497168145e+00
1.411267683469334067e+00
1.411502377803439012e+00
1.405541484375768313e+00
1.405235709945427569e+00
1.397137810994968588e+00
1.396829518904703304e+00
1.392916542856059481e+00
1.390132373866041826e+00
1.385655660264461408e+00
1.385150738894207256e+00
1.382461464525400530e+00
1.371883581188409806e+00
1.373025176370878508e+00
1.375513767449377145e+00
1.364408681273514112e+00
1.368544037059070906e+00
1.369089644223909552e+00
1.355939819569717875e+00
1.356254898735657966e+00
1.354835671480155046e+00
1.355989572633641727e+00
1.348311070123444200e+00
1.348950290000590080e+00
1.355524831892709559e+00
1.341704307081663217e+00
1.355670887761592835e+00
1.336356677907157176e+00
1.338061070373975925e+00
1.339291769870480930e+00
1.329907217084149051e+00
1.332333168728406347e+00
1.332217386118586866e+00
1.322755416075105606e+00
1.327767543865120636e+00
1.324117907878220590e+00
1.327067648356749618e+00
1.315902781072527894e+00
1.318776872639637610e+00
1.318559001203998049e+00
1.314854623225264474e+00
1.317286532102403429e+00
1.312058284106740969e+00
1.310594051256346093e+00
1.317793668155862852e+00
1.301790108209421648e+00
1.297071663904407757e+00
1.289571668490792522e+00
1.301516968959397946e+00
1.301303132182752398e+00
1.299272448623561393e+00
1.293249412644724039e+00
1.295812564480826268e+00
1.296085209203726052e+00
1.292843040421144618e+00
1.294470362643916017e+00
1.289081190209250494e+00
1.289488848859531078e+00
1.287892159652958446e+00
1.291463033465498844e+00
1.286302283404287872e+00
1.283164388553771795e+00
1.285213331729201158e+00
1.284076786428145489e+00
1.280194448188461287e+00
1.280531887922827794e+00
1.275919388315799541e+00
1.280452051953916204e+00
1.278439535318421028e+00
1.275475223550277315e+00
1.277046681734662847e+00
1.267607102333692559e+00
1.269962935963801165e+00
1.270347271323536864e+00
1.271925272084203362e+00
1.273313229874265318e+00
1.272667122108398052e+00
1.262813115498696570e+00
1.266880097261683380e+00
1.267907792666916889e+00
1.267750246019494709e+00
1.259346376239574683e+00
1.262114567093323592e+00
1.264494172593819687e+00
1.255660806259264017e+00
1.261158289819855449e+00
1.261210362696984166e+00
1.257297174547256535e+00
1.255909869886164820e+00
1.254982396021474766e+00
1.257128285069124329e+00
1.255628151221408029e+00
1.254985228760511662e+00
1.253074531671246605e+00
1.250642528420243149e+00
1.250754342521477103e+00
1.253588814473384661e+00
1.251952275680249027e+00
1.249614592982347450e+00
1.253180301207631464e+00
1.247598031478933667e+00
1.250582207653281763e+00
1.237991630177528890e+00
1.242718018844840122e+00
1.236872270469118185e+00
1.247822314937806931e+00
1.242332152531846923e+00
1.242552916484461090e+00
1.241773888362893485e+00
1.238696349019133391e+00
1.240355669331650423e+00
1.238926445534253240e+00
1.239844442544357106e+00
1.238138780174333542e+00
1.242473576463694940e+00
1.241727990353763245e+00
1.237633952362442669e+00
1.238408756022979507e+00
1.236143020568697404e+00
1.239746727698697315e+00
1.237259314235138463e+00
1.234943746005706000e+00
1.238377746997088469e+00
1.234099100094299128e+00
1.233470309005368248e+00
1.232520789586363019e+00
1.232494075052070537e+00
1.228181511440830098e+00
1.233760465824104147e+00
1.230881952839680826e+00
1.235039329950014420e+00
1.229003737978138000e+00
1.235307130405209675e+00
1.226792938693422430e+00
1.229467479077797520e+00
1.224739100751397469e+00
1.226310467394785775e+00
1.231374958978955547e+00
