1.138220991512040259e+00
1.514267975713733616e+00
1.679539665053260133e+00
4.045972057894208440e+00
1.322270281939578407e+00
1.777804394881848049e+00
1.902132418136570857e+00
2.245342555057109557e+00
2.379514721375103115e+00
2.230057197444753836e+00
1.683796824046139617e+00
6.544748358638298180e-01
5.894600923514821122e-01
8.700906116494313558e-01
9.168387208003825339e-01
8.455623039269885011e-01
6.977100590486252640e-01
5.141529471538676122e-01
4.208129200814217930e-01
2.454079276946096455e-01
1.033342250147350067e-01
1.114328245613082219e-01
2.034594780732263963e-01
3.281233478886367294e-01
3.774542009348056948e-01
4.657772784094263985e-01
5.121558794133281856e-01
6.196007026985417276e-01
6.290756151985315014e-01
6.975286937934102038e-01
7.190715683658447377e-01
8.035856218386405736e-01
7.841387227659610826e-01
8.127135765577790938e-01
8.334809796858823061e-01
8.725967117785804472e-01
8.697253532528306241e-01
8.723465367850585794e-01
8.870566529075736284e-01
9.812918135325890967e-01
9.090665180968702241e-01
9.687960551908536555e-01
9.669179762024854297e-01
8.875064285211760051e-01
9.861408134836940897e-01
9.523347481325297181e-01
8.904567355708424836e-01
9.430166146774507929e-01
8.386270461521562192e-01
9.066101054988850994e-01
8.604652433278922041e-01
8.477113344395141858e-01
8.229451030283702062e-01
8.013912000642408051e-01
8.549179287538339889e-01
7.388247737273334614e-01
7.446661955351459028e-01
7.136352997274479915e-01
7.630180375443790242e-01
7.273746339569339137e-01
7.248382369131357583e-01
7.111438074815857879e-01
6.574430636335421019e-01
7.026768743619451474e-01
6.931275328349951748e-01
7.055283519505729517e-01
6.466808130578480807e-01
7.031654572144800941e-01
6.334842394077389027e-01
6.661977177042014420e-01
4.669573514716119922e-01
5.890635225188782798e-01
6.234716342169865921e-01
6.231241022058049417e-01
7.537690720743691619e-01
6.137827811475555784e-01
3.909313066044228790e-01
4.940539767279851779e-01
6.016548790234773625e-01
4.820408200989764747e-01
4.552896548168222646e-01
4.868600431932770256e-01
3.604270435601103495e-01
4.349933361336778548e-01
3.628271770564460708e-01
2.711011176744336226e-01
3.642717901212681464e-01
3.683300155220256555e-01
2.651000377919832118e-01
3.866792843274151625e-01
4.005190347293459130e-01
3.320447982589252445e-01
3.846254422645075111e-01
1.727000148244516031e-01
3.177133883161821215e-01
3.407473558222700039e-01
3.022903676529942740e-01
3.261160739310347556e-01
2.667588280709376480e-01
2.824623271365989674e-01
3.167860880472572194e-01
1.393145459691990662e-01
2.923561381993070585e-01
2.754692660010714667e-01
2.888478191424712072e-01
1.988105003059372211e-01
3.923172996194931317e-01
2.222283061675544014e-01
3.277356016921595949e-01
1.556183778153343300e-01
2.397536344408527365e-01
2.789997323597550039e-01
2.666339413656304003e-01
1.569491069682637241e-01
2.306974422375031586e-01
1.570884958761857020e-01
2.307190116574266980e-01
1.976486591532434500e-01
2.486750928098540592e-01
2.640834870051802508e-01
2.321248285978628201e-01
2.244653251529845350e-01
2.343144034059014835e-01
1.618955428200986590e-01
2.346134777389504711e-01
2.132431532605702229e-01
2.021751292948663070e-01
2.444446731664139116e-01
1.624037827577130555e-01
1.915122289767632047e-01
4.799575614051539152e-02
4.140316607534432758e-01
1.913809149775307916e-01
1.646454680297440853e-01
7.866500159383270352e-02
2.132437010612600603e-01
1.629520558317142931e-01
1.744212211505487276e-01
1.716363832576846826e-01
3.315479363560413506e-01
2.023954006731780997e-01
1.969334759176846195e-01
1.793555798257995826e-01
2.197754293288438632e-01
1.713506613407703161e-01
2.104607826868184206e-01
1.687119475428374427e-01
1.984510184399188304e-01
1.568802469868069982e-01
2.270476411684466400e-01
1.782451788049882468e-01
5.481518967249555258e-02
1.624623606532963338e-01
1.294995406207496980e-01
1.831795075054075683e-01
1.291381515983773820e-01
2.380019082218742532e-01
1.223561504290448104e-01
1.271067960817253428e-01
1.181317445486234491e-01
1.352565973640961483e-01
1.555890117844407339e-01
2.191218126472642969e-01
1.293627582229387452e-01
2.100063257526408322e-01
1.305550049611323704e-01
1.067422171149373517e-01
8.313377721106772478e-02
1.550830755146084816e-01
1.721103855109214487e-01
2.143143172585434131e-01
1.747890423039816510e-01
1.242183786092386222e-01
1.633062582618167724e-01
1.149686422974965511e-01
1.216424517648868331e-01
6.259083930526629369e-02
1.124160081975897063e-01
2.286620057816852458e-01
1.824832476929676151e-01
1.275752046956632191e-01
1.652112790371164930e-01
6.437414072172398249e-02
1.562506914002682878e-01
1.120785573391100270e-01
1.088759495987969145e-01
6.847295360271718478e-02
1.672499323842057128e-01
2.237262931774877672e-01
1.539111306464890361e-01
9.656826574192255153e-02
7.125182647507727340e-02
7.839333241648491213e-02
9.984194198025185540e-02
1.223302072772973481e-01
1.074978025211320715e-01
1.132956985652901066e-01
9.945162416232283809e-02
1.171748334027615801e-01
1.353224479498085497e-01
1.336940902303313805e-01
2.586359960780861278e-01
9.107961577630782624e-02
1.381384527666423001e-01
4.880396598046569251e-02
2.594181765720341981e-01
1.344271955585061018e-01
5.771120615556760841e-02
1.254463572462187759e-01
1.474111049558200215e-01
1.637144473321040516e-01
1.032323242852282164e-01
1.170868429066688615e-01
1.299140643794655103e-01
1.720983663664532315e-01
1.144121014206078701e-01
1.295317528625096748e-01
1.401084420441147116e-01
4.974337338643194245e-02
1.860553690383068282e-01
1.262579585734237286e-01
1.041592172035039343e-01
2.422603026566472195e-01
1.062742135321769893e-01
1.190764302183421885e-01
1.913718618735482102e-01
1.301523861003994753e-01
1.385255510921609978e-01
6.230653719930263901e-02
1.284121536195694802e-01
1.093821619249142341e-01
9.065518003125143387e-02
1.373439374631344745e-01
1.320637014356007277e-01
1.543586093338730481e-01
1.515335092814975027e-01
9.649345745306286970e-02
1.127070634395958698e-01
1.347696191950365496e-01
1.205787192158907783e-01
4.605788852683673912e-02
1.282902767978053304e-01
1.719752734876812406e-01
7.257024007089045436e-02
1.281106458678799298e-01
1.017989318246546177e-01
1.216247701682846849e-01
1.362139109062662223e-01
1.277426666175051628e-01
1.603932142671767869e-01
9.275443477998628061e-02
1.295840029300969753e-01
1.444535584134977180e-01
1.301891389803087606e-01
3.032470003250204993e-01
9.389824832956020217e-02
1.326803515372564635e-01
1.306255679469066344e-01
9.886609002480584163e-02
1.327631100834343325e-01
9.971167604125023842e-02
1.060150645822579563e-01
2.575692753863736417e-01
1.260113803921958098e-01
5.904372355991449606e-02
1.386163155872069674e-01
8.688277496947686973e-02
1.010128087381036155e-01
8.825390704345778548e-02
9.688739139511978737e-02
7.819524833478468107e-02
1.616229410117068777e-01
1.498156324445487630e-01
1.057489278984821424e-01
1.553992787180890900e-01
8.728361012045543488e-02
1.404992698056362066e-01
6.847578931844690298e-02
1.048367777146834157e-01
9.641443116480000186e-02
3.271560847199579403e-01
1.567405809593106492e-01
5.935688759392065972e-02
1.083127561605902595e-01
8.970968514335488087e-02
2.983564079771650057e-01
6.155650326280898837e-02
1.121897587534388813e-01
8.799797303467495058e-02
8.317173361867628845e-02
1.059483300306292702e-01
9.598408193751246931e-02
1.314715730521396897e-01
1.667119039560658877e-01
1.125248098841208216e-01
1.882171063420320645e-01
1.369619180127709668e-01
1.188435977915883041e-01
9.158420293902479192e-02
1.140098222155682822e-01
