8.284245300381180011e-01
7.938711885334133189e-01
6.904164994544291778e-01
1.668719391484011771e-01
2.233696387100370800e-02
6.324781797175013306e-03
5.889462259626548381e-03
6.301595091443436270e-03
2.538172118807193595e-02
5.906384105804730195e-03
4.423387150949277362e-03
8.953653464048966573e-03
5.652439763024461744e-03
3.916863623291103221e-03
3.806362774361768050e-03
2.657773838203489249e-03
7.808797842913530775e-03
2.227011616753557521e-02
2.506224352007263914e-02
2.557279558805340691e-02
2.102356591268941463e-02
2.750993639518698949e-02
7.225446366022010613e-04
1.611922388697274462e-03
1.902039185560169344e-03
2.233357446714715616e-03
7.742470561163571768e-03
1.385931961562152353e-03
2.703953647782650696e-03
6.352584797619728607e-03
7.569827766230362472e-03
1.986961158764255411e-03
7.486764568253037426e-03
2.587723421072799651e-02
1.325603156516545235e-03
1.036185425364976979e-03
7.491335605041716389e-04
1.847823743066270841e-02
1.046660744649838574e-03
8.348803132740485397e-03
8.693917994307168509e-03
1.440007664080842492e-02
1.070790646552757103e-02
8.172655784210100527e-03
2.385206663481742161e-03
1.301264032028124837e-03
7.164295627095567743e-04
1.114550360560040117e-03
1.123060184158003027e-03
1.718784816345673028e-03
1.492039419891178593e-03
2.569879523326749297e-03
1.299220928994163082e-03
1.372365074612938831e-03
4.116703210090139065e-03
1.969961365103107143e-03
9.410271103416929100e-04
1.745330976843274904e-03
2.230868425603826574e-02
1.595709325941360116e-03
2.650908433805936482e-03
1.546996761131281400e-03
2.046533738104538112e-03
4.869967670911998919e-03
7.948634930168464383e-03
1.365884242371059789e-03
1.663184169811768656e-02
1.534077263334449525e-03
1.375480009127888438e-03
6.347802796434226340e-03
4.292411861235088770e-03
1.592111385321259495e-03
1.086313021189370563e-03
1.386449930790159026e-03
7.110992412581571996e-04
6.284362394960394185e-03
2.006985696007358710e-03
7.118547329157160972e-03
8.347776101031250534e-03
2.572608107317768487e-03
1.141285842822750696e-02
3.772227897849311350e-03
1.613073427259380677e-03
1.359291735175318511e-03
9.426057259372919465e-04
1.035365153216642612e-03
8.661409973367419773e-03
8.257885247559113365e-03
8.882258822680079088e-03
3.640833547978915286e-03
4.291589652564801842e-03
1.343513087179187869e-03
3.711286885827820223e-03
2.250700028920829283e-03
1.808622645887797854e-03
8.918814176361479842e-03
2.312574884879736725e-03
2.873692448683111238e-03
1.033479196323549773e-03
2.251421550977152335e-03
4.685508463249429822e-03
1.213992418462185368e-03
1.282443364183302520e-03
1.644069888597823751e-03
2.092469977192762051e-03
7.049747801401366580e-04
3.301197433301931300e-03
2.591743029828304408e-03
1.112484772388832319e-03
8.096270506444807344e-04
8.239443859669378159e-03
3.246235808265535757e-03
1.299808796292132879e-03
2.739205017569533700e-03
1.052758099485655123e-02
4.730596656975867911e-03
1.139425078047107956e-03
1.376161739797994010e-03
3.533685259416250585e-03
1.270783664020271432e-03
3.973712766454429775e-04
1.168708108346344123e-03
4.797770294731843778e-03
2.197939039361644035e-03
1.327192046223204559e-03
2.037243702123828042e-03
2.090925927042033405e-03
1.790057228835549314e-03
7.024448563726953983e-04
1.951807762415999755e-03
3.223024831413219635e-03
1.492838614759686884e-02
1.207419034424170269e-03
1.814844019735980130e-03
7.483598023832882876e-03
1.151220652457595221e-03
1.558667826144643923e-03
9.695129718786396969e-04
1.531771729667947505e-03
2.693915977290941600e-03
6.434469584456346120e-03
9.998241316404507788e-04
1.687858424385080660e-03
8.955557800866758384e-04
9.695080505425001998e-04
1.041170713369199115e-03
9.258507679524272159e-04
1.244878465526803564e-03
1.239430297277690877e-03
1.489318209166112057e-03
1.116814074070805306e-03
6.206546318502629070e-03
1.323961910963908709e-03
1.312118477075616347e-03
9.991166418945394544e-04
7.982012299526196732e-04
1.901768564786546819e-03
8.333212681793750144e-04
1.910948308386817372e-03
1.755717175194410366e-03
1.118225283250362870e-03
1.018140459053241660e-03
2.608494020400957663e-03
4.932917591810664915e-03
1.178432534361360372e-03
7.627000581102069124e-04
1.815615884922309282e-03
2.308683886580604246e-03
6.926883369827444709e-03
1.119333112683980553e-03
9.162391355106606428e-04
1.075119112680735433e-03
1.222961102196579598e-03
1.605475589262486767e-03
5.550337937666186472e-04
2.466546831547798517e-03
1.155318755180351209e-03
2.757821442877914173e-03
2.403779684168436299e-03
2.381340713500622319e-03
1.030416740123358144e-03
2.036097668063115845e-03
1.246387241498002211e-03
2.798361476288264982e-03
8.460118244450700762e-04
3.694269911850885622e-03
1.114073558055297649e-03
1.109070442634634652e-03
7.634135406072501588e-04
1.565407039706245233e-03
9.648313371106462342e-04
7.310210590520376667e-04
3.705099701764883510e-03
9.283499026939699347e-03
9.153464540717048655e-04
2.641597750528336288e-04
2.782863305380025524e-04
2.664854734963881776e-03
1.433867893031478538e-03
1.796277272339227979e-03
3.725464087008089481e-03
2.148013096237744602e-03
1.443672487445100136e-03
8.298677367817790945e-03
1.255689492620757654e-04
1.700684396783261462e-03
5.019303593930988724e-03
3.270397143447465686e-03
1.782020321622833012e-03
8.869917582199186596e-04
1.524430778875940752e-03
9.257149233792567444e-04
6.164602819372146667e-04
2.110222277380056997e-03
7.510535755600770361e-04
4.405965884030779538e-03
1.824409194228975278e-03
1.841040906937719320e-03
1.305485817519685737e-03
2.697663708655211327e-04
9.504821824339118336e-04
5.865259202174105853e-03
1.189252879218333789e-03
3.241466829589288896e-03
6.626514422754097586e-04
8.057325901202122206e-04
1.407937735556203133e-03
6.564610460730545532e-04
2.550517646247356818e-03
4.438624020297973110e-04
1.811407847252039698e-03
1.816495590710143129e-03
1.936946953877025481e-03
6.784601324106691051e-04
3.173269741999688409e-04
4.590555562496188369e-04
1.956527626103531873e-03
2.316823862906586761e-04
1.007614595037554161e-03
1.189352215772306834e-04
4.025030218375177070e-03
2.479027595227656627e-03
1.666010601790289796e-03
2.227541360649039261e-03
4.625799618113663435e-03
2.656270947293400478e-03
1.418271672508739697e-03
1.078172979198008773e-04
4.709568462667476293e-03
4.485356854313213076e-04
6.952475613065111325e-03
4.546850617112986972e-04
1.542351634445823100e-03
2.759091432904762359e-03
5.118969483960119716e-04
5.580944076967502476e-04
1.232622196795884551e-03
3.819005770208805254e-04
1.390579428695652622e-03
1.057103047486123316e-03
4.411782761664333544e-03
4.249409997545888773e-03
2.679099314263073787e-03
8.170485566203359922e-04
8.279574574101399714e-03
4.316200885991089593e-03
6.318220957494856231e-03
9.607122654601721410e-04
5.637729203193933211e-04
2.625504492984408796e-03
7.168865727895747976e-04
2.232806542078372581e-03
1.276283255657768628e-03
1.284406630127013808e-03
6.671140054654664140e-04
6.032107803305317107e-04
1.099772618723267228e-03
6.478090039485998042e-02
9.419415932041284639e-04
5.610419236383661730e-04
6.591945696906960838e-04
7.637962049124365910e-04
4.174192588414728689e-04
2.110367778427633696e-03
4.980112715686056289e-04
2.883862488112439197e-04
7.957762359090930770e-03
3.551123631765842762e-04
3.993859399483444040e-04
9.779567712607151100e-04
1.237199041082245920e-03
2.472813471437083303e-03
2.920935939722487697e-03
6.835762393295459569e-04
1.624148306016618250e-03
1.616574004768746341e-03
3.239420010832797132e-03
4.086714055947283128e-04
5.669462618090131923e-04
3.545619875214240453e-04
