1.010528834050703928e+00
1.597475374719846242e+00
1.693876100468870716e+00
1.707413739657453577e+00
1.741819749890741065e+00
1.773288464836154432e+00
1.797715575572392144e+00
1.810428478139779918e+00
1.815867290170687376e+00
1.817909562140563429e+00
1.817703136646055651e+00
1.817981532179500981e+00
1.818524498862892136e+00
1.818863077343836343e+00
1.819214979813843724e+00
1.818249284457101878e+00
1.817747250539029968e+00
1.818208472822351318e+00
1.817369869574137375e+00
1.817524156159455950e+00
1.816887408661900682e+00
1.816012172118852019e+00
1.816317487861382807e+00
1.815858361956268041e+00
1.814404793661066995e+00
1.814723369042481993e+00
1.814816304589692564e+00
1.814256337021658672e+00
1.812377811762958757e+00
1.813260302192300388e+00
1.812738354601233670e+00
1.813020696055214653e+00
1.812060595563022680e+00
1.810599486894321819e+00
1.811431893975353313e+00
1.810991014146894340e+00
1.811156308164564521e+00
1.810467646423240318e+00
1.809542855571741660e+00
1.810255129592794443e+00
1.809074867325406011e+00
1.808569210280533746e+00
1.809343823009617269e+00
1.809086208730275258e+00
1.807415323754142822e+00
1.808798115031002851e+00
1.807730864273743299e+00
1.807488782528964943e+00
1.807809251062328482e+00
1.808233478068483890e+00
1.807325438491015568e+00
1.806844191043891490e+00
1.807543001534477556e+00
1.806732274723414244e+00
1.807497640640260528e+00
1.806796365993263542e+00
1.807287141740987702e+00
1.807234732379057851e+00
1.807346482140408161e+00
1.807690740524117823e+00
1.807303240109508380e+00
1.807810919235692371e+00
1.807838548409915314e+00
1.808183326060977425e+00
1.808031796758544640e+00
1.808033461337618997e+00
1.809339502670240574e+00
1.809074742235144972e+00
1.809067653198159320e+00
1.808981209641443044e+00
1.810446626375310952e+00
1.810553992063624662e+00
1.809717902230115305e+00
1.812059158318895191e+00
1.812405483855205945e+00
1.813374588179156310e+00
1.814445570832609711e+00
1.813670629802426770e+00
1.815633705029219946e+00
1.817123950881729399e+00
1.816049130723099037e+00
1.817419411964154241e+00
1.818179636904648122e+00
1.821510541173113173e+00
1.820354569407087508e+00
1.820521958094718951e+00
1.823060193976055565e+00
1.822290337053407594e+00
1.823742640603070120e+00
1.824195955593224783e+00
1.825509372906694461e+00
1.824926355220184648e+00
1.828049449200286336e+00
1.827064985758943827e+00
1.830575789040381762e+00
1.831588142895684612e+00
1.832041004287918939e+00
1.832490925411657257e+00
1.835640190509663983e+00
1.836554110951043262e+00
1.836714260838590906e+00
1.837990293626342142e+00
1.839091733271619455e+00
1.840230104531198840e+00
1.842259432533261965e+00
1.843686279584993537e+00
1.844716651122334961e+00
1.845265974219243210e+00
1.847655467910567895e+00
1.848355955636046488e+00
1.850517745296323957e+00
1.851094519323843057e+00
1.852913647952244336e+00
1.854329881255013079e+00
1.856672650822804416e+00
1.858034904933149489e+00
1.858614267778337492e+00
1.860418980453999449e+00
1.861933416097182770e+00
1.862051672358833621e+00
1.863243295880801842e+00
1.865916400771285177e+00
1.865466623824324044e+00
1.868510425967048416e+00
1.868973239666988917e+00
1.871321932842853419e+00
1.872799328193441859e+00
1.874561424375592589e+00
1.875826907028490975e+00
1.876209871271564689e+00
1.878885049315066391e+00
1.880996789538458502e+00
1.880966650082365188e+00
1.880918894102060257e+00
1.885098450786303781e+00
1.886485364941443477e+00
1.888233066192542164e+00
1.888536594081706488e+00
1.889938941367871772e+00
1.891166440304327567e+00
1.892189991108482738e+00
1.894631047845044103e+00
1.896161525595441377e+00
1.899011201254630077e+00
1.898298120011580048e+00
1.901663640591493065e+00
1.901924964380938388e+00
1.903364616866642933e+00
1.905375670635153007e+00
1.906414029286879419e+00
1.907886936932072341e+00
1.910459982985514671e+00
1.910447236175095487e+00
1.911900918908442382e+00
1.912223518662842237e+00
1.915015820703959148e+00
1.913374229299480866e+00
1.918272694354609120e+00
1.918772835896673579e+00
1.919407688493464770e+00
1.921777222859829326e+00
1.923484869482325443e+00
1.924565886875985399e+00
1.924973268927366199e+00
1.927557802532099851e+00
1.928631766280283877e+00
1.930469037795001341e+00
1.931320674223752532e+00
1.934572270024862428e+00
1.936111070124774347e+00
1.934760674739764763e+00
1.936498447582375437e+00
1.938759414177117613e+00
1.940337198210639658e+00
1.942093710065491363e+00
1.943196754268443183e+00
1.942017580953996347e+00
1.945631203901030837e+00
1.946963130909140194e+00
1.947051988859167970e+00
1.947406239636091607e+00
1.950097661018504125e+00
1.952527695636421035e+00
1.952692578648162147e+00
1.954232716430111205e+00
1.957119644798549052e+00
1.958815583159528417e+00
1.959258931820458738e+00
1.960614291689343203e+00
1.963758087421562548e+00
1.963687350510497920e+00
1.964299641741764635e+00
1.965310537085078080e+00
1.966529937128081995e+00
1.968673847217325745e+00
1.967380070194015396e+00
1.971415644595901906e+00
1.971121914733659386e+00
1.975176393277452425e+00
1.975860912002964431e+00
1.976416831538438945e+00
1.975550329626607260e+00
1.977878006066776218e+00
1.984611118741483438e+00
1.982438393493366702e+00
1.983857837256820078e+00
1.985844611900638768e+00
1.986731612569152983e+00
1.989823466564788923e+00
1.989828081023059747e+00
1.991137718428065639e+00
1.992677349551623234e+00
1.992915735671739963e+00
1.993506148493866093e+00
1.996452174663922552e+00
1.996370424933022747e+00
1.998732051432973611e+00
1.999628970330250111e+00
1.999953322433518199e+00
2.002768883024999003e+00
2.004489415140011221e+00
2.005667360057286519e+00
2.005301357851748900e+00
2.007486463397176735e+00
2.008327767650357476e+00
2.008819625580792856e+00
2.014289197157316913e+00
2.013192411991256758e+00
2.012191503813575366e+00
2.014997990472971789e+00
2.016093996317372294e+00
2.017262243152560419e+00
2.018040371691518509e+00
2.020262792151279019e+00
2.021617090721379295e+00
2.022154178894355780e+00
2.024807504146365122e+00
2.025788318291044554e+00
2.025520878944184311e+00
2.028314232279160301e+00
2.028784942274812320e+00
2.030347692535358295e+00
2.033408839314914562e+00
2.034867695097263507e+00
2.033837672654966955e+00
2.034639300560855624e+00
2.037177489075695735e+00
2.038676646808568194e+00
2.038449511186107177e+00
2.041108727044293580e+00
2.039938984417097423e+00
2.043195267829030382e+00
2.044280319016618108e+00
2.046189648235252179e+00
2.048026346777309659e+00
2.047630730698311918e+00
2.050736209934034715e+00
2.051964021626010659e+00
2.051096093419975563e+00
2.052571453585090744e+00
2.055306377868425738e+00
2.054989368528969074e+00
2.057823965489587792e+00
2.059444135411551802e+00
2.057956076358283148e+00
2.061296481281842841e+00
2.064405343525252512e+00
2.063338558182347793e+00
2.062518880709518942e+00
2.066046584217866577e+00
2.067788001584281776e+00
2.069276362449946394e+00
2.069197210604577286e+00
2.070603990508614878e+00
2.071003169411641309e+00
2.070736824875645254e+00
2.073565370708360778e+00
2.074555577632514858e+00
2.074425513667693899e+00
2.072004848795982124e+00
2.077823854032480266e+00
2.079029955504967830e+00
2.082259380155638606e+00
2.081562626803659555e+00
2.080795934844287043e+00
2.085286783284093115e+00
2.086542294696396294e+00
2.085690046476140314e+00
2.088099918248194964e+00
2.089490356951667405e+00
2.093235637468290999e+00
2.092009757448462626e+00
2.092174055008902744e+00
2.094778852597488861e+00
2.096333302214153704e+00
2.097015252327871337e+00
2.099380708900601356e+00
2.098910335915046055e+00
2.098749420773671215e+00
2.101364757918442017e+00
