1.137692709243145472e+00
5.594446360114606609e-01
1.347174504582068222e+00
1.459485931224982158e+00
1.102133035176890541e+00
7.797881923590538333e-01
5.448874409321300405e-01
3.776797617849008692e-01
2.613535887126378632e-01
1.825761555691297611e-01
1.303522478706503340e-01
9.608386569410928835e-02
7.351097723394076078e-02
5.835825120821824807e-02
4.784481229915669293e-02
4.022409608486433169e-02
3.442680286235947490e-02
2.980983615595796804e-02
2.600102453702118899e-02
2.279968441298344320e-02
2.010530207624323593e-02
1.785923264450025791e-02
1.601613643105267298e-02
1.457713420551365845e-02
1.339441057152040114e-02
1.031236151899318776e-02
1.158798186086103764e-02
1.052773020638622659e-02
1.039340872436169023e-02
9.674632573807732949e-03
9.518278260349680858e-03
9.758132171544862607e-03
8.833345067478305321e-03
9.658917631047531441e-03
8.238012359288554923e-03
8.089178210592441742e-03
7.782362330315309960e-03
7.456036580140074088e-03
6.660921729442229045e-03
6.942487843270194782e-03
5.705762799309278994e-03
6.489543728216123214e-03
8.372383658128665015e-03
6.009218321038804246e-03
7.023984784934687170e-03
5.570274277417154411e-03
9.265230655842610422e-03
5.167049638993314806e-03
4.963881428249982200e-03
4.791797662698040090e-03
4.717934696014845601e-03
4.559621305588201258e-03
4.108543177993313755e-03
4.176302557182668719e-03
3.794403053633575891e-03
3.873734140948703868e-03
4.170677159561072059e-03
2.876729052788731898e-03
5.573318762516598322e-03
3.428227961699876255e-03
2.863632061300780927e-03
2.435765350301686422e-03
1.873010569367600632e-03
3.028521166277435128e-03
2.274695158982817985e-03
2.840090944069302310e-03
2.330147885651483869e-03
2.702067971308825742e-03
2.177809698354688916e-03
2.551104317142257986e-03
3.128431649444496539e-03
2.420608048818895415e-03
3.383527794891511876e-03
2.356615289952443404e-03
3.399292871989695233e-03
2.263642007954909906e-03
1.714770038775135889e-03
7.989322243456374942e-03
2.149436462112057616e-03
2.470715556875599950e-03
2.080296620403313500e-03
2.364645223932782328e-03
2.053223876494167897e-03
7.594987127092200571e-03
1.967036083255253951e-03
4.409979594727641769e-03
1.902294842866374255e-03
2.233841965183636005e-03
1.836982184843105256e-03
2.324065686534843023e-03
1.759543417420338877e-03
3.441013843504335968e-03
1.713441698149793194e-03
9.981806936512492741e-04
1.608779793507277532e-03
1.854590404409190091e-03
2.334850131795215226e-03
3.917032794650789594e-03
1.603883960290658581e-03
1.683849405031937743e-03
1.210323673799205578e-03
9.623574957811873191e-04
2.283031451252613003e-03
1.380339087520219546e-03
1.367753880001891433e-03
1.096471547425026003e-03
7.123534115052987913e-04
1.337931903138513730e-03
1.359796998182677928e-03
1.395164071834147524e-03
2.185553907737483072e-03
1.399479680725610343e-03
1.175323459914741960e-03
5.117465431271560859e-03
1.024514315364667564e-03
1.063094904344468340e-03
3.317249846994530481e-03
1.680508384609407952e-03
1.226029180453466413e-03
1.189779691312760042e-03
1.164647486963688331e-03
1.296139615440844743e-03
1.136389741193532350e-03
1.140619625128802724e-03
1.096270241199428586e-03
8.504417197731913101e-04
1.329735707554389502e-03
6.328468468059962604e-04
1.068892221590254498e-03
1.904494572805728045e-03
2.165101999505942426e-03
1.104953400258670056e-03
7.808739928121709783e-04
1.180374214039171246e-03
5.771946481272760814e-04
1.356396250922415388e-03
1.071703288099070447e-03
1.529881459565082683e-03
1.214573933728320832e-03
1.497890763725760353e-03
1.262907181765276620e-03
5.432125580787857148e-04
8.765575442422137179e-04
2.355936033826990569e-03
1.757189604503300211e-03
2.370856356584978737e-03
3.056797640980190786e-03
4.536066328399370362e-04
8.359220296118359973e-04
8.736387921427392475e-04
4.784365125721205965e-04
8.156057120889594753e-04
5.433406065835798184e-04
7.624109235994131362e-04
1.170191263657600206e-03
1.030887949892952786e-03
7.068141337880958896e-04
4.521944851397902121e-04
8.556665444786682503e-04
8.254999547891582641e-04
1.966165112843478238e-03
6.425829828963076874e-04
8.141676768516721216e-04
6.286386853075711561e-04
4.748684686964979888e-04
6.184401398020907426e-04
5.733042085806520569e-04
9.208048994597010581e-03
4.960262015137783176e-04
1.060120811184951141e-03
4.026229112859712662e-04
1.743280779629907988e-03
9.555802223714652448e-04
1.547771703885380840e-03
6.403072363394969168e-04
5.646505879365089223e-04
2.620494783406583541e-04
1.274696403954835803e-03
2.513116794238100769e-03
2.145434905134102968e-03
9.138850203930446977e-04
4.432361847475858375e-04
3.105150985736573519e-04
6.178880434289610877e-04
3.740631194538371210e-04
9.052471788218991030e-04
6.979062855088850707e-04
3.341426096342679265e-04
7.250428929368204741e-04
3.444482553829023453e-04
6.449657458002307654e-04
3.984438874002727698e-03
2.931127525004178754e-04
6.241473479674392857e-04
2.731186530467907261e-04
2.176769610098980778e-04
5.955716027884624085e-04
2.872928983337081753e-04
1.851724286651656418e-04
1.411332868420178384e-03
2.504734340590468694e-04
1.947670179357290391e-03
1.896205538560951243e-03
5.716851877772444364e-04
3.861819915131221945e-03
3.790398808710601359e-04
2.596830380859294681e-03
2.109836482710600140e-03
2.861634550335696121e-04
2.253402488422401155e-04
1.058495695302279519e-03
1.785379697786423610e-03
1.827883045258972333e-03
1.960308932399741524e-04
2.499078643852100604e-03
8.302434608840660859e-04
3.667423912238722337e-04
9.418914076451363271e-04
1.109486544748602803e-03
3.566159911902364553e-04
2.859484680115820243e-04
3.047823934250699224e-03
2.510726146451951711e-04
1.526772336349027214e-03
1.969589543970080674e-03
3.350459169346749807e-03
9.878898245231162740e-04
2.894795855037653014e-04
2.091876198783355553e-03
2.408247453321108161e-03
1.126554001920006026e-04
5.759911475252268249e-04
2.212383982761325718e-04
1.228711617800306796e-04
4.045821799960300810e-04
3.634823551749121460e-04
1.049384751525153056e-04
2.958065118658408576e-04
8.488920755406442319e-05
5.766068659670759485e-04
1.924798933363589730e-04
3.780547092991816058e-03
3.737884876889030483e-04
1.125369129944470879e-04
2.732104063305049527e-03
1.936634758393820628e-03
7.610425644170892064e-04
1.111679434436848440e-03
2.317577319198116208e-04
3.581268642493341597e-04
2.894847167189610443e-04
8.645872188402617972e-05
2.750355728480097326e-03
9.744686603195352244e-05
2.867828357651655362e-04
1.467977012566186890e-04
4.172094652087408699e-04
1.268765518055119026e-03
2.514925248260129679e-04
1.983942042419528217e-03
1.051244645698236422e-03
8.066096255186211818e-04
2.070197963039776580e-03
4.163349432377314399e-04
1.122625676176356775e-04
2.577605285909152322e-04
2.329027739737274047e-03
7.430952963922762681e-05
1.202152175911196829e-04
8.701059492267533297e-04
8.305752520238246701e-05
1.772485374328112854e-03
3.457231773057594672e-04
7.919825433860049144e-04
1.189824693150478771e-03
4.002982636622273542e-04
1.429537689530876717e-04
5.017255792479215909e-03
7.889927954129491536e-05
3.806560815082353781e-04
7.756210111613488832e-05
1.840780438572362919e-04
7.638922025561470505e-04
8.623781036126196124e-05
1.539324379513705790e-04
1.100840055595562182e-04
5.654614242597488186e-04
7.270313013671612055e-04
2.735258794346775817e-04
9.767067840163309248e-05
6.301474111986501720e-04
8.840989214190870171e-05
3.868327781114730803e-04
8.241221573711204971e-05
1.100289453863119568e-03
3.450591840852617275e-04
4.560060478765968497e-04
1.486540932873357725e-04
4.954013307274185646e-04
2.021099889532042260e-04
