1.126464553445820860e+00
1.080013945443153434e+00
1.106535605867595251e+00
1.330492501845230269e+00
1.793771023399517883e+00
2.324661292518284128e+00
1.672117389300132206e+00
1.947644041387564418e+00
1.969613304315669389e+00
2.129710399255816622e+00
2.192390157006134377e+00
2.211710064997170821e+00
2.166765662981789742e+00
2.053865532530311899e+00
1.888711005454137837e+00
1.686636511035827901e+00
1.472080175178198003e+00
1.263886187161842090e+00
1.054365463896412169e+00
8.453982124708721013e-01
6.435620875397100038e-01
4.504544294273046812e-01
2.774011216256723755e-01
1.608083111206297100e-01
2.033463559821500066e-01
3.384536963614376281e-01
4.937672304980600391e-01
6.455771955386256922e-01
7.896230098046292945e-01
9.224306746157572290e-01
1.041490342713571993e+00
1.147608261006977770e+00
1.233072531385182247e+00
1.302828494993721442e+00
1.351479083566587969e+00
1.380834268976570245e+00
1.393120111015573093e+00
1.389397500758093429e+00
1.376383534660991614e+00
1.361844083089374990e+00
1.348351287803855048e+00
1.331143417240445048e+00
1.310345775247316213e+00
1.279320554593585291e+00
1.255413587682754351e+00
1.227779557756201401e+00
1.200676191455605890e+00
1.184399052284126785e+00
1.164561404725839022e+00
1.145846844655147967e+00
1.128176516663642603e+00
1.112080281125868986e+00
1.095713337785228614e+00
1.080699043524276703e+00
1.067578406504805066e+00
1.051248102062028122e+00
1.038769048419186047e+00
1.023029735490029069e+00
1.009798513130307551e+00
9.938970609708609460e-01
9.827563995810825181e-01
9.652917858999188194e-01
9.551087076293433009e-01
9.383633640625740346e-01
9.258527456631489017e-01
9.133486325991061472e-01
9.020302325784729236e-01
8.947293478512509113e-01
8.789375744958182191e-01
8.744357850243139607e-01
8.674702209304793188e-01
8.583511844667206514e-01
8.522069394866342851e-01
8.466927373378383415e-01
8.398252143698340388e-01
8.346520527693028768e-01
8.299605212427091372e-01
8.265441821794969890e-01
8.223711324081869334e-01
8.188732720274195520e-01
8.166932179789975210e-01
8.230431419289808703e-01
8.091746462091495840e-01
8.035480880781920021e-01
8.066466056173995369e-01
8.048261108713559153e-01
7.982077382885256478e-01
7.941970185537641225e-01
7.926922445448242316e-01
7.916155787817280576e-01
7.885668998975097210e-01
7.870176843201580619e-01
7.837134226008041216e-01
7.804364172933886401e-01
7.803716571275536307e-01
7.785674688522340459e-01
7.761752454203724172e-01
7.741530488284865674e-01
7.721663907961900941e-01
7.701334448435389612e-01
7.674761014302950990e-01
7.753899627903152458e-01
7.638503707142827448e-01
7.569805834289855540e-01
7.608630511638327931e-01
7.593594853643022002e-01
7.572476697243438748e-01
7.547989573714112277e-01
7.553746109960011168e-01
7.517859377551994182e-01
7.538484349580887312e-01
7.492400830104541942e-01
7.402179980322477482e-01
7.449240049406120612e-01
7.426152409884113625e-01
7.408879259327904032e-01
7.351926623358602253e-01
7.359593597152287447e-01
7.405044186470125522e-01
7.333657170838662198e-01
7.331001133655546953e-01
7.380686720795646139e-01
7.312783642433049458e-01
7.262837389770556706e-01
7.172089309507939658e-01
7.225908451467584204e-01
7.225270932887115638e-01
7.141891168483412988e-01
7.181821963431453959e-01
7.166484077338409753e-01
7.157588442008795404e-01
7.133919306805351912e-01
7.116434104159624630e-01
7.235075606411552895e-01
7.088637890325607538e-01
7.036585367145934411e-01
7.061806602414664180e-01
7.027534133782088466e-01
7.036825710954218716e-01
7.021358294182949988e-01
7.019767245786951992e-01
7.028433132120848192e-01
6.985114540622749946e-01
6.936282736783246916e-01
6.991731918832102544e-01
6.948417881337803914e-01
6.903999413787993422e-01
6.953432402621660957e-01
7.037769042558688071e-01
6.914926587988109441e-01
6.911800256416310573e-01
6.882346115797123298e-01
7.057970206757797627e-01
6.884623796931239603e-01
6.849590559330678285e-01
6.872588100897655261e-01
6.860817814966532202e-01
6.653944173141855822e-01
6.856514016559419611e-01
6.856669976164837532e-01
6.840799085394519974e-01
6.916013914025203047e-01
6.885875704635546768e-01
6.728985366363177123e-01
6.826515466934750531e-01
6.833161896655137735e-01
6.829276671194863813e-01
6.692526301088234097e-01
6.812991186684743683e-01
6.807643669618821392e-01
6.812288298243062146e-01
6.868615023005175679e-01
6.803055620539315562e-01
6.818171657061156132e-01
6.781401983878660999e-01
6.869512725249784513e-01
6.793948692304960790e-01
6.798172219988848353e-01
6.796132741330532800e-01
6.809314066231071383e-01
6.815955836095022313e-01
6.952837886876359619e-01
6.773752424008466777e-01
6.780748672419587564e-01
6.769669918440543999e-01
6.779406512346145552e-01
6.725735075586920519e-01
6.774249768439686292e-01
6.785930793057939336e-01
6.769169953831245534e-01
6.785176773662535687e-01
6.768594629758025727e-01
6.766083703163323637e-01
6.765311887381207923e-01
6.765416775945195527e-01
6.764046706725196367e-01
6.754357753390829444e-01
6.779157503850012922e-01
6.764426800358833702e-01
6.906229548858404677e-01
6.694170013811800990e-01
6.787206393208946587e-01
6.677506290602404082e-01
6.691407433718605802e-01
6.773284609711514026e-01
6.782907658550555441e-01
6.701775914574109594e-01
6.857204239601006890e-01
6.746537458023686984e-01
6.763828007694844269e-01
6.752230315736503785e-01
6.732794698788314713e-01
6.811589476793409315e-01
6.627115572604559413e-01
6.721668176034797382e-01
6.865955710988893568e-01
6.654754618023662749e-01
6.847935209487765462e-01
6.743866110946961090e-01
6.765899138827903281e-01
6.750049427901386734e-01
6.812801391528854333e-01
6.776868754503254655e-01
6.820378424895802150e-01
6.822287357276294317e-01
6.866720933691259354e-01
6.846521157597229568e-01
6.905680080329933412e-01
6.919511557032828053e-01
6.879954543313441251e-01
6.888483201992230409e-01
6.889343955598585811e-01
6.920610914150930881e-01
6.927097868079161724e-01
6.956552420227232192e-01
6.948184049640292459e-01
6.946988475995113932e-01
6.956325002593956031e-01
6.948085478314308672e-01
6.974294040272459583e-01
6.951571821269888485e-01
6.978818435161484590e-01
7.012287555443788012e-01
6.989658686789038677e-01
6.976430334304971614e-01
7.013051527538006757e-01
7.002959948113427480e-01
6.974009552233065845e-01
7.007131803286600347e-01
7.081035660459786829e-01
7.011821740958777971e-01
6.996969896196736372e-01
7.016057747054411653e-01
6.988559227052193457e-01
6.997473793554104260e-01
6.811928131539369824e-01
7.025417269932034969e-01
7.049553003096069581e-01
7.042715828151577817e-01
7.046870138488006141e-01
7.049217057642549467e-01
7.180488956516705157e-01
7.042744150237321143e-01
6.972991531662680043e-01
7.048805862069950079e-01
7.162744960930611526e-01
7.161195375700339927e-01
7.056977124556611525e-01
7.052002032603035264e-01
7.046249470198973075e-01
7.070217043105918586e-01
7.097027160234878895e-01
7.210172850739341444e-01
7.081971938392214172e-01
7.081298606731885048e-01
7.091719467620758444e-01
7.085475013844048098e-01
7.099238869391301110e-01
7.075761395737061310e-01
7.120769742488172183e-01
7.209563699124814651e-01
7.099633535876279655e-01
7.145686571934667386e-01
7.129279035949075416e-01
7.119268313607332033e-01
7.153097717139398348e-01
7.169124650219935724e-01
6.972811442951032390e-01
7.277188238385884356e-01
7.166293935710741358e-01
7.135536342823168843e-01
7.174829163223886974e-01
7.191598440374211698e-01
7.299303411454780566e-01
7.180319857294134023e-01
7.201767298072750956e-01
7.209432386168289630e-01
7.216351373195508678e-01
7.241325867160448571e-01
7.218402208601309988e-01
