1.130973327168932396e+00
1.297061495029315781e+00
2.194671315029804948e+00
1.744731143565010578e+00
1.155549906136284832e+00
7.249088774287756332e-01
4.512300725568738624e-01
2.879012713945330315e-01
1.904126182377781917e-01
1.294695827987160097e-01
8.990599740045127075e-02
6.395986949413408340e-02
4.690088615182607529e-02
3.557575452374735908e-02
2.788914854043872057e-02
2.251090582973625312e-02
1.826909602409685848e-02
1.586865122111419737e-02
1.352899499066319462e-02
1.021319166711897458e-02
1.092696993066852654e-02
1.080990159427332349e-02
9.357685295432361869e-03
1.235379338570348484e-02
8.185832486443738246e-03
1.602373029554575445e-02
7.193579264396295081e-03
6.859905762110493979e-03
6.433528997666593426e-03
6.456697158243011533e-03
5.286704529656878829e-03
5.814930690958305601e-03
1.204202144932000826e-02
5.125107045956674504e-03
5.193932723878957707e-03
4.358796020995520278e-03
4.678941114447174657e-03
3.429974341231995048e-03
4.171767532561738469e-03
4.065402992117465517e-03
3.629649237887977963e-03
3.664737651686446069e-03
3.998455535093414608e-03
2.914477342237764557e-03
2.878661674456696462e-03
2.203638215759227276e-03
4.007401871860723219e-03
2.247691445494173681e-03
2.143543676019789550e-03
2.295160655190887303e-03
3.618808007185124291e-03
1.835098262921013154e-03
1.699433488318923035e-03
2.386977201942395727e-03
2.924125291550189014e-03
2.440268095212660016e-03
8.710488714825465268e-04
1.122399402675890081e-03
2.213002902332481675e-03
1.105769594942412979e-03
5.095808325962577091e-04
2.998556048414853601e-03
1.793019155091584186e-03
1.616461173993004059e-03
3.719362211891340340e-03
8.094341501950395867e-03
5.043659031120807787e-04
1.258628111723834311e-03
9.418552342908306091e-03
4.966488132750866528e-03
7.793087211173507257e-03
6.233404911897236222e-03
1.051570351825665238e-02
1.439351185859998354e-03
7.412344098668807897e-03
2.278664242436534513e-03
6.980028883103960285e-04
3.417859322182444873e-04
1.038252144172727848e-02
1.807775241959320382e-03
1.080055923250182372e-03
1.903717687769034949e-03
1.433958864167641676e-03
9.202538445388915109e-04
1.028834087213954763e-03
5.595839439748890318e-04
9.781758656294237912e-04
1.312195621743215013e-03
5.533094453549328856e-03
2.644771228116656178e-04
5.015396446046862080e-04
4.942846548044873244e-04
3.963933611683041237e-04
5.002222910432893316e-04
6.989096935572412057e-04
2.124902911239704914e-04
2.105162548038772995e-04
4.407312251225755078e-04
2.169111841017407234e-03
1.011831856793275362e-03
3.607886496691621787e-04
3.628485083447440993e-04
3.116946235489850923e-03
1.229197987213099478e-03
2.082173744106069393e-03
8.475539245521898201e-04
8.410125576868794552e-04
2.718597030884782259e-03
6.920686961562958059e-04
1.242232149352156959e-03
2.742736281894382361e-03
1.733503777326945170e-03
9.127198415337199741e-04
1.886464482255620877e-03
2.951902362224664064e-03
5.515836868180419572e-03
2.173987819367274171e-03
5.443211454814951859e-04
6.432470950761753426e-04
2.600047121821915264e-03
1.590924483411000102e-03
1.087558325796084959e-03
4.392858443281841708e-04
3.304837096227619328e-03
2.562030658138388269e-03
2.863398661385519232e-04
4.311172293568458114e-04
5.271375804851957236e-04
1.906006774837295473e-03
2.279549333077367517e-04
8.008592922656980473e-03
3.445069971806694834e-04
1.676932521111229753e-04
9.707499455301553913e-04
5.478679803064491396e-04
1.540209727049399050e-03
1.234503651886710487e-03
9.400677026894465032e-04
4.292862322546935061e-03
2.531583793273477624e-04
7.650591807415536329e-03
5.992880945733615244e-04
1.505926680358422312e-04
7.350911152507584806e-04
3.312060032102563472e-04
6.465958328036223134e-04
3.480544486868585941e-04
4.594457731360014575e-04
3.515051523632651068e-03
1.694634360967946273e-03
4.995557017182194331e-03
2.663125636107609748e-04
1.939570821473743031e-03
3.812224815102631999e-03
1.263094964810734322e-03
2.170412069700404772e-03
3.005859926915203711e-04
2.229276117534434638e-04
1.529916117139260403e-03
1.951339324365909960e-04
1.456381862120952671e-04
1.367470561916491172e-03
4.340449133296526291e-03
2.218525992585913039e-03
3.081362651930467543e-04
4.547782051821630533e-03
5.652233809664905864e-03
8.297883243626782415e-04
3.567465556338112864e-03
5.331090004093602978e-04
5.806117556656476518e-04
1.654740168061891907e-03
3.512144748686212015e-03
1.032564600514042493e-03
1.696430759652410060e-03
9.396501563970043871e-04
4.453810548531271507e-04
8.742325520630074651e-04
1.779778509303632560e-03
1.587095712074899218e-03
1.126022401248120627e-03
5.837851365687864126e-04
2.097313627606140840e-04
3.676181678199778608e-04
1.962174640376373037e-04
1.886293948670801678e-04
5.990516463960110114e-04
2.377671291427770138e-04
2.139743624638667987e-03
7.591399368430178053e-04
2.003756840764512465e-03
7.474751251721954660e-04
7.594184101958422308e-04
6.423625567328610387e-04
9.888225367611384528e-04
1.899767086386811130e-04
2.501102071545361488e-04
1.581691235462389473e-03
1.738290196899744530e-03
3.359566000451443164e-04
1.225496945327516046e-04
1.276019711688390276e-03
9.820094192264621890e-04
1.294009132069432041e-03
6.012208896440391758e-04
2.623352077533210990e-03
2.592917558688010056e-03
1.751288692732979853e-03
4.570090455763743328e-03
9.898662413661974812e-04
2.756897489462607070e-03
3.117960811892580967e-04
1.010732988098732472e-03
9.736871026127069499e-04
6.437456278451091649e-04
1.829255019224245143e-03
1.474611233870542311e-03
2.909104577409102332e-03
1.011927942003564051e-03
2.416410207162572599e-03
2.207668468349097222e-03
1.514545778210957001e-03
1.426720404378126498e-04
5.876437219071166569e-04
1.476689003034130235e-03
2.221075856798126243e-03
2.474966215671345685e-03
1.777710107623610165e-03
3.443672066693239959e-03
3.382006969125273856e-03
1.113842953236539269e-03
4.889144888956212676e-04
5.128864454883268328e-04
4.986660837325305844e-03
3.301985756675804165e-04
6.972844965323041514e-04
1.195544903815024549e-03
4.062827772553270463e-04
1.068819783825477113e-03
4.612960727162682649e-04
3.267422597031019969e-04
7.421335335100328820e-03
1.636641494751955427e-03
7.877847553525432409e-04
5.121188686975156057e-03
7.811619878733842750e-04
8.783027192592503252e-04
1.803141723003653333e-03
3.357002911301506902e-03
2.551212001477567819e-03
6.172122071987885209e-04
2.154526217440858211e-03
1.781358372192726972e-03
3.051862413520309812e-03
4.349416795798926260e-04
2.257781899861172439e-04
6.319253927522625481e-04
3.440118194931152638e-04
1.508909011912928282e-04
6.075988792708063302e-04
4.030689291473155893e-04
1.905144243812651166e-03
3.420160472853615526e-04
5.840289662782788532e-04
5.091898440663792432e-04
1.958271357811793359e-03
1.068846012706991958e-03
2.512909616684917778e-03
4.671672335710519799e-04
1.237309656083251334e-03
2.375005645479303165e-03
1.959960294515490729e-03
1.760255807243799649e-03
1.534361820891808775e-04
2.583484561628614316e-04
4.995074850828528463e-04
3.653528628243408755e-03
1.061225634801834367e-04
1.198925164813157741e-04
6.942700920452619072e-04
5.791357826493844733e-04
1.914830443695299375e-04
1.090251800707144232e-03
3.101307475586380260e-04
1.143249082989478940e-04
2.105780074015304541e-03
1.976842236198821708e-03
7.612731589649302227e-04
7.922124646508393268e-04
2.251065217433743438e-04
1.017825206165635541e-03
1.596935832349878322e-03
1.360816784614279516e-03
4.790060521961479853e-04
2.010158894948712097e-03
7.130581843358342782e-04
8.166882760120356939e-04
8.709072089289109303e-04
3.005977050654098925e-03
3.529436840141193105e-03
