1.097649047023800284e+00
2.367778514980157567e+00
2.350700070855016754e+00
3.015779003194464902e+00
3.707821165396446350e+00
3.969100959774960469e+00
4.155545233178610687e+00
4.287084717177847004e+00
4.503030918633651680e+00
4.743470395512651372e+00
4.988439142563815487e+00
5.214146983408145530e+00
5.423385562043008257e+00
5.615018142511488008e+00
5.796816691758073681e+00
5.979221582062423046e+00
6.169418203728691985e+00
6.373475035338445949e+00
6.604466272584297748e+00
6.856466601887224677e+00
7.123507584170997831e+00
7.396834602111762358e+00
7.673708546711728751e+00
7.935517475516807195e+00
8.202474559776403495e+00
8.456423885462879042e+00
8.704351639327050805e+00
8.953121088122006910e+00
9.196926798858072516e+00
9.429836492969506878e+00
9.668308522719121001e+00
9.893592567216282774e+00
1.011799963142393644e+01
1.033913895541673433e+01
1.055659465129548558e+01
1.077565465192080651e+01
1.100786865150362992e+01
1.123791883243289114e+01
1.146116878696266994e+01
1.169586542639697768e+01
1.193846920475916562e+01
1.217608704619675741e+01
1.242552390069638335e+01
1.266715074218318726e+01
1.291756566558123431e+01
1.316027548618798626e+01
1.340020989448827748e+01
1.363240901869668775e+01
1.386230100434555546e+01
1.408312383385073652e+01
1.429661435544534953e+01
1.450835520534803003e+01
1.472058307984250547e+01
1.492310752842075416e+01
1.512003356669041310e+01
1.532024507755740217e+01
1.551184553948313471e+01
1.570101040127258329e+01
1.589344884744756570e+01
1.607479264063659485e+01
1.626183975992416819e+01
1.644559242027736801e+01
1.662392457880066843e+01
1.679885183721104269e+01
1.696926253272329888e+01
1.713760891108207929e+01
1.730224609980577810e+01
1.746621674661885137e+01
1.762473108919087039e+01
1.778067407578864234e+01
1.793847310422692587e+01
1.809225179294206498e+01
1.824134442301775039e+01
1.839717307300770699e+01
1.855193864134976423e+01
1.870490741851641658e+01
1.884777434464594847e+01
1.900352366737830323e+01
1.915429023355911298e+01
1.929784267587976743e+01
1.944156623034929154e+01
1.957465332946808800e+01
1.970518058425896868e+01
1.981969642871410997e+01
1.993366866159236395e+01
2.002555566241687757e+01
2.010627906148416599e+01
2.016371643541998537e+01
2.021437246783487396e+01
2.024037631531673043e+01
2.024402983193019523e+01
2.023665531089213232e+01
2.019628991322916534e+01
2.013270725456346710e+01
2.005906882546994652e+01
1.995777596349638117e+01
1.983685424410641218e+01
1.969482796869709773e+01
1.952759679132338277e+01
1.935888768299258089e+01
1.917014399185330831e+01
1.897792620509150652e+01
1.876436445157828814e+01
1.855234558723126526e+01
1.833529254045178547e+01
1.810938309159929815e+01
1.787761299254541569e+01
1.765499204931275656e+01
1.742262231368889758e+01
1.719695987123506242e+01
1.697298986175950475e+01
1.674507808429361333e+01
1.652224260542682188e+01
1.630459042395694524e+01
1.608978793889066239e+01
1.588368015146202517e+01
1.567855923559838693e+01
1.547986797796703939e+01
1.528561035432959869e+01
1.509491170627127765e+01
1.491294352850493077e+01
1.471920943310846397e+01
1.454894809643730014e+01
1.439007146188744812e+01
1.421852244981372770e+01
1.407023328347154667e+01
1.392049810701318791e+01
1.378474412197824073e+01
1.364408761450212637e+01
1.351579136164631656e+01
1.338476566310025717e+01
1.326784619074157767e+01
1.315665457109078673e+01
1.304912252274741213e+01
1.294296057926775134e+01
1.284621437687187218e+01
1.275416010717256121e+01
1.266419873787755357e+01
1.258342251482779872e+01
1.250140630336129099e+01
1.242161007871333389e+01
1.234635291522740985e+01
1.227200866454203698e+01
1.219931335394463368e+01
1.212884236408976335e+01
1.205575796004889177e+01
1.198098329247349803e+01
1.191482212129140272e+01
1.185084554046377114e+01
1.178510250363402001e+01
1.171792463078549495e+01
1.165082984887097695e+01
1.158546562143587266e+01
1.151227584712908403e+01
1.143922812364723818e+01
1.138162871021645550e+01
1.131137639685649354e+01
1.123616229103638986e+01
1.116078221643365076e+01
1.110037422940578544e+01
1.103284134068463374e+01
1.096589418992725840e+01
1.088996472933088278e+01
1.082304698285386912e+01
1.075706409184988921e+01
1.069257256531327904e+01
1.062250884004380502e+01
1.055526829976643910e+01
1.048137942585317539e+01
1.041060849351026363e+01
1.034866618970036178e+01
1.027763453203356647e+01
1.020153609575452336e+01
1.013211786731382347e+01
1.006490654366407078e+01
9.990938957934021758e+00
9.915754304031242583e+00
9.849410726604487465e+00
9.768772949712332121e+00
9.696875712556369820e+00
9.622190091667301104e+00
9.556421110296911436e+00
9.488485796295428543e+00
9.412252059662835180e+00
9.352239123831937562e+00
9.281860225541990417e+00
9.221508040713471743e+00
9.159805839705883912e+00
9.088525646884868081e+00
9.032205800336933876e+00
8.974300666616585431e+00
8.920808772501539252e+00
8.859992923284726984e+00
8.802717955320067844e+00
8.751358071455607401e+00
8.696709308693110430e+00
8.648367197259378969e+00
8.592299396924808264e+00
8.545239339345979346e+00
8.502680949902751806e+00
8.459421989826143573e+00
8.410224412800658911e+00
8.368023338601277672e+00
8.323081952269642869e+00
8.290501869452560513e+00
8.250931854114774922e+00
8.209051109924443423e+00
8.174583300117401308e+00
8.137752451903400797e+00
8.103117687760510890e+00
8.066839064228517486e+00
8.028938903623988210e+00
8.005558358123375129e+00
7.970479485107779816e+00
7.939424829279660756e+00
7.915035824081777527e+00
7.888770458692486720e+00
7.863374330964213677e+00
7.832264132557028802e+00
7.816932632456929930e+00
7.793456589061661610e+00
7.773903056038673931e+00
7.753375114593958450e+00
7.733811412166041954e+00
7.713715782791624953e+00
7.692745058357481902e+00
7.683981652603097068e+00
7.667334393924927660e+00
7.648131036457844978e+00
7.631391761331713930e+00
7.616170387515372120e+00
7.607704384103302964e+00
7.585539015902872606e+00
7.566453072882994846e+00
7.563987762270617310e+00
7.549101466256416870e+00
7.533941366693265529e+00
7.515515823075304525e+00
7.498988721222806575e+00
7.478346426838612615e+00
7.459011838043920761e+00
7.442656987348884812e+00
7.419077406938419550e+00
7.398335010503242160e+00
7.365830785415661275e+00
7.351326455774241708e+00
7.324504001657403229e+00
7.296257015250467326e+00
7.272220727473035495e+00
7.242001330981879370e+00
7.211347678135867412e+00
7.182672610122159185e+00
7.144391036849615517e+00
7.109339130080207347e+00
7.071152473766820989e+00
7.029043020456680502e+00
6.992681324220933803e+00
6.944456356627368265e+00
6.904284200632962332e+00
6.858600567801505399e+00
6.809406231882388028e+00
6.764640641634703577e+00
6.714464024445096157e+00
6.656834801999382378e+00
6.609428331529648482e+00
6.557010278681087989e+00
6.503018023335826570e+00
6.446733869052199140e+00
6.388720534585905497e+00
6.332391160373144423e+00
6.270631034204106058e+00
6.210456044168893186e+00
6.153468558456822279e+00
6.094416304011570418e+00
6.032966206410593557e+00
5.971493169525882827e+00
5.911583740338616444e+00
5.846671988522057717e+00
5.783481890787538049e+00
5.718864523633956587e+00
5.653201554467503165e+00
5.597270359093744041e+00
5.534777545341351690e+00
5.466428705609333250e+00
5.397856195938917523e+00
5.342298900594820488e+00
5.278082446613425738e+00
5.211982711944386892e+00
5.151228601853896194e+00
5.085596270067378022e+00
5.028180887718057157e+00
4.957346744893621704e+00
4.896585212071953741e+00
4.844199997099889465e+00
4.775661408498811156e+00
4.717636784271266315e+00
4.661074878100958330e+00
4.599353791760083965e+00
4.535528264443846602e+00
4.475088215639294376e+00
