1.615403941426045265e+00
1.122668873069654349e+00
1.149227014770085153e+00
1.447913789340585788e+00
8.341574660239715611e-01
4.500496944545430700e-01
3.392572378262889710e-01
3.451641891666608064e-01
3.580810750809634291e-01
4.616054432129444995e-01
4.530335545815821763e-01
3.839463420073198074e-01
3.264196250420414724e-01
2.953187276709128284e-01
2.633147637509796746e-01
3.593394745960101777e-01
1.906793257836224276e-01
1.905040291316713874e-01
2.157035439050454251e-01
2.400307100788272863e-01
2.889414831689736674e-01
3.549067461509661792e-01
3.549702277716632048e-01
4.086794948599228317e-01
4.363881746082551305e-01
4.821688269152634154e-01
4.784789448163004888e-01
5.353250767783247488e-01
5.930583253017760459e-01
4.331788016782537332e-01
6.198459082247174123e-01
6.342601197043876704e-01
6.437510481172370458e-01
6.717646954550750005e-01
6.998065599716987162e-01
7.824169729273990903e-01
6.912726472219061780e-01
7.042204635841040616e-01
7.001880494610797090e-01
6.958522983688714136e-01
5.979451677280882560e-01
7.153433750695318283e-01
7.303810782734773133e-01
7.155248280458127441e-01
7.280235661565548355e-01
7.273500782562952738e-01
8.103101403353600851e-01
7.274018240267416946e-01
6.942589231012751272e-01
7.185678021148427241e-01
7.207178258412690885e-01
7.120683550654409721e-01
6.969989738792933265e-01
6.980730318468619799e-01
6.986636358469713315e-01
5.310250505500436757e-01
6.622934343305890703e-01
6.514793881234421935e-01
6.731931532711020738e-01
6.296939407313887349e-01
6.277232464635719156e-01
6.199863558767798599e-01
6.624571897150581812e-01
6.112508780842872413e-01
6.056240192356758811e-01
6.059330076159286094e-01
5.987502980565022614e-01
5.906157326181871170e-01
5.899715664123950098e-01
6.156958367952859446e-01
5.744928893915743906e-01
5.685004295420690301e-01
5.702008576940629236e-01
5.470900498802234724e-01
5.611248375707376113e-01
4.712718229291341099e-01
5.548139268788527811e-01
5.479363297226632623e-01
5.451277356344131908e-01
9.978815942311907161e-01
5.410153112228927030e-01
5.398203472035929540e-01
4.138361131268624149e-01
5.259374338174559460e-01
5.403003574401683551e-01
5.233454157895628400e-01
5.337437313665900351e-01
6.832110848021332172e-01
5.113657944231126962e-01
8.335130295086442542e-01
6.318228336953273239e-01
4.998355810879624994e-01
5.755721334661567656e-01
4.989236588224112423e-01
4.880769022534981461e-01
4.891465643734690949e-01
6.928914128618678392e-01
4.876825991413594186e-01
4.930527718290316219e-01
5.027353908417582229e-01
4.789283234828759506e-01
4.395850911366526170e-01
4.695320325378277149e-01
5.048342033395897266e-01
4.663923357899175670e-01
4.881734346761800736e-01
4.577917171952996522e-01
4.701057500987651516e-01
4.521503374400465680e-01
6.445830858367520566e-01
4.368789359701737984e-01
4.421295387721893011e-01
4.263649588158620607e-01
4.450974060801193288e-01
4.182659865823392664e-01
4.325333677754937822e-01
4.057843002193249893e-01
4.225411056748378247e-01
4.810265638393442789e-01
4.941423976708502197e-01
3.932097052988159924e-01
3.877018922006594814e-01
3.952913178456571863e-01
3.810064243601518075e-01
7.585325579084862824e-01
3.738797170265314995e-01
3.796762741048999024e-01
5.446016031744127517e-01
3.584220638766367206e-01
6.875318493481247240e-01
5.743347480726618270e-01
3.500483529787608017e-01
3.557128855612899931e-01
3.418603804434685589e-01
3.369758749138848097e-01
3.492746016349512206e-01
3.301279344112577618e-01
3.350352301812590805e-01
3.145549378915739602e-01
3.820490076961365333e-01
3.138623698400710982e-01
3.836213162164170964e-01
3.628155713011519401e-01
3.078599887447160954e-01
2.819815923292337545e-01
2.941034775692574210e-01
2.550963388603208482e-01
2.980757990295897497e-01
3.229787831338676862e-01
2.534442825479732986e-01
2.921865501664943077e-01
3.023296326133263490e-01
2.815958867559364420e-01
2.534384377362871588e-01
2.887208927177743467e-01
2.775615567256901062e-01
2.856621647543045595e-01
2.625260577033248777e-01
2.922626508804376799e-01
5.512975548628311628e-01
2.897973417663852191e-01
3.320593445724809301e-01
3.989545871623158546e-01
3.564262180461933438e-01
2.699164886054699619e-01
3.160490827804788294e-01
2.783531828058714019e-01
3.235420702631994216e-01
3.277594149225270814e-01
3.196329122933237454e-01
3.315110151542161598e-01
3.374755073887493739e-01
6.815248116070093953e-01
3.394934788579668794e-01
3.471364684545804602e-01
3.481810933194734448e-01
4.010169417703499661e-01
4.592097353333408627e-01
3.593196797232500184e-01
3.401918377077616240e-01
3.695455341378113268e-01
3.705044822133861104e-01
3.714945446217520209e-01
3.991848697181363259e-01
5.112971485904215241e-01
3.855850173531275016e-01
4.335943761965157517e-01
3.936211130859310070e-01
4.182714106208349492e-01
3.968255217411181257e-01
2.736274835264291827e-01
3.293807787911153806e-01
4.143527237022716081e-01
4.887754061051971521e-01
3.991740152451324630e-01
4.201140150015217900e-01
4.192149576092512042e-01
4.016351315776176545e-01
4.156355441454540611e-01
4.235564496951078062e-01
4.781632849546039177e-01
4.631631548020899714e-01
4.863768345467042176e-01
4.252714405717266111e-01
4.610269963847641317e-01
6.528686611918232963e-01
4.100771525648845284e-01
4.691838591528230684e-01
4.383587016274732018e-01
4.798378927840713515e-01
4.901131360104638013e-01
4.868185682727418917e-01
4.961806362897319134e-01
4.911427541943008124e-01
5.042019708982404813e-01
6.430835252290091342e-01
8.103896523753751913e-01
5.037261064734673832e-01
5.081209083026511086e-01
5.068651806286181838e-01
4.976917859508075970e-01
5.057111232665162381e-01
5.089364302241405902e-01
4.994850590039999760e-01
5.325185801453518053e-01
4.894602460629537966e-01
4.384778383583933792e-01
4.759022714032445367e-01
5.209982710393097349e-01
6.518762086217488871e-01
5.166984621181937021e-01
5.207766702186730212e-01
5.082023550810668144e-01
5.224934879023696022e-01
4.778715218166204037e-01
5.383935409041787912e-01
5.374652639636219309e-01
4.993246017111665491e-01
5.209021022870832240e-01
5.110587717545892472e-01
5.194856646528334121e-01
4.484453586708158079e-01
6.187468774338259481e-01
7.559122669581331833e-01
5.082069742562365100e-01
5.234840686535888743e-01
5.436704244146971510e-01
5.176004161812652882e-01
5.518582543359406012e-01
5.228797276835915886e-01
5.563457302449325015e-01
5.270211248532729043e-01
5.362609381056306912e-01
4.447394704114838171e-01
5.469995052950582526e-01
5.705055194132243601e-01
5.304719524151192411e-01
5.299835404366542990e-01
5.834366277123502753e-01
5.520753279730680196e-01
5.595758614109609397e-01
5.635057678008867921e-01
6.071876472200368191e-01
5.772815880855580728e-01
5.908059681833440768e-01
7.549284563497944411e-01
5.187116071767431391e-01
5.718178982856216841e-01
5.641730788500254334e-01
5.703540946778475895e-01
5.738709605778612444e-01
6.033200682626733702e-01
5.021956947493989576e-01
6.314039313302252099e-01
4.896042557602120482e-01
5.674668947762780968e-01
5.728621900375898690e-01
5.471181684273072054e-01
5.753893251142455645e-01
5.525886359467591102e-01
5.763419056057040857e-01
5.930574938371727667e-01
5.692934648378605855e-01
4.984375173846303242e-01
6.682171951162240164e-01
5.543441012399530354e-01
5.969871981499210722e-01
5.891354224357565617e-01
5.519264930221603471e-01
6.399922442604718542e-01
5.772446760102831753e-01
4.543314712045216086e-01
5.827200016496979496e-01
5.019215056121567597e-01
6.478047425384814151e-01
5.635935374226369587e-01
5.950989122914494001e-01
5.326600299671888639e-01
5.225836054817896148e-01
4.993634418174786038e-01
