1.021806019378137975e+00
6.906455897655443543e-01
1.820972274402875790e+00
1.132405004778510360e+00
7.050106918902454556e-01
4.613883460830056626e-01
3.062101695592266415e-01
2.024896467757352214e-01
1.325343843627357632e-01
8.624572252194263877e-02
5.648159548396607110e-02
3.778655775521931603e-02
2.615374121929942702e-02
1.887762497123153874e-02
1.426516085375485916e-02
8.655907616478537500e-03
9.444580500672617243e-03
1.933295712685552739e-02
7.486768080852763269e-03
7.057371521577691410e-03
6.558011393904709940e-03
6.345865254066935905e-03
6.154899773765270740e-03
7.463784921682664435e-03
5.524554032573339955e-03
5.316647776442189922e-03
4.099874311924099277e-03
4.927196286861649892e-03
4.888120568457394143e-03
5.420108150844378525e-03
4.912160099802877385e-03
2.886424683142280873e-03
4.162782395183653450e-03
1.718942041332244481e-03
3.438255643014652679e-03
1.125956169004088941e-03
2.313950500524120796e-03
3.738552029603382700e-03
1.859060382621406616e-03
2.776745718152450436e-03
2.014087576516759587e-03
2.429185048724484888e-03
1.798276265007635755e-03
2.314144315504829044e-03
3.082598210038914842e-03
1.717503777624939266e-03
3.275679269925251946e-03
2.630448903461867025e-03
5.014470386669891457e-03
2.950302951803092637e-03
3.069031147054345540e-03
6.206514586479210463e-03
3.348630358913127526e-03
1.548993779832064403e-03
5.007606222902327405e-04
5.865222945987832136e-04
1.525895137386582348e-02
5.420423301548966521e-04
1.131889274186150159e-02
5.740419566464884408e-04
2.044506979365294345e-03
4.267418878963196750e-03
4.154240658286053288e-04
6.843427217706745877e-04
8.151410191783172235e-03
7.341168977956369010e-03
2.057760491342916064e-03
6.817157690351122309e-04
3.867211946829776648e-03
5.309384950297868500e-03
5.918086753224127737e-04
1.088970462564075887e-03
7.571141752300040387e-04
4.112215086078899011e-03
8.742705501407289958e-04
2.624073953607771077e-03
7.999468064273792482e-04
4.156074356417082749e-04
7.845200262198086900e-04
6.688215117652903004e-04
1.847798183730025223e-03
5.081659356756145548e-04
4.451324300854218592e-04
8.624620630020900193e-04
5.465116631673392527e-04
1.016926567954499431e-03
1.453649963476856023e-03
4.522052145259881310e-04
5.311059086053939718e-04
1.181465016068575756e-03
5.401514930337064169e-04
8.511398364954477760e-04
4.341540244361667580e-04
7.871892865865089605e-04
1.506371601994549100e-03
2.186940633724221601e-03
1.140515782148736681e-02
1.603021344943410687e-03
4.409910867978508145e-04
9.022240053579944031e-04
3.084374666529051756e-04
1.161713417551241394e-03
6.461349268640619861e-04
3.313340084778472992e-04
2.671531735708403046e-03
6.630913699410245212e-04
2.039894801498737600e-03
2.249670087609812255e-03
1.362018467044242686e-03
4.693246677108644312e-04
6.886868303124937677e-04
5.934201126845866986e-04
1.247150706467199015e-03
1.035432345331896951e-03
2.290570871732361662e-03
1.957523069685354784e-03
1.641693119234929714e-03
1.610147930271268579e-03
4.991934115732736066e-04
6.692209156522262344e-04
1.658493153300698774e-03
1.854584008121632757e-03
2.307065671671239965e-03
7.978493444612149744e-04
1.984577502788331758e-03
3.006356951581343195e-03
2.752023579259478200e-03
1.838246970826412944e-03
7.058854997511795210e-04
6.965385383976312921e-04
5.443944362305161390e-04
1.710092163375254593e-03
9.744349660603977359e-04
1.673632066058738758e-03
1.742744363495256311e-03
1.996467647105774380e-03
1.658801015487674016e-02
3.756370772437818005e-04
1.413076364997740454e-03
1.353511860971524277e-03
3.019168958349193756e-04
5.167809327894615527e-04
7.073351766691352840e-04
1.242259892965964741e-03
4.099276407557930768e-03
2.140162184557674839e-03
1.457518183291146461e-03
6.608669500878959144e-04
3.490875805854933619e-03
2.591182179857984009e-03
5.194661621501470454e-04
4.313454454990681619e-04
1.834170155962696952e-03
7.407980454463789508e-04
2.098145369075590447e-03
1.599940201658866688e-03
7.232709213050492105e-04
4.342085350413863593e-04
4.606093570771066601e-04
3.924134619702351629e-04
1.521823582074361639e-03
3.416110670587382044e-03
1.943296069079157931e-03
9.624777462258033659e-04
3.612019967577467967e-03
6.002000397302930529e-03
1.310030746413158717e-03
6.473900301611853645e-04
7.297860526654572364e-04
2.896164487906626676e-03
8.572466368489593813e-03
8.766023485341625570e-04
5.949406554892621183e-04
1.743387701475926713e-03
7.560627468789684474e-04
6.920369985647847194e-04
8.878245437611123657e-04
2.823647836675969702e-03
2.412858989557840981e-03
1.186212828145058245e-03
2.136652359242704764e-03
4.998404057190365853e-04
9.833843198972110587e-04
4.035722100968361327e-04
8.451356218333878467e-04
7.144282889451053888e-04
3.482807387321681328e-03
1.092383902986620962e-03
1.523428348100653836e-03
1.296668066905883130e-03
1.148863914718558244e-03
2.162123606970828749e-04
1.853590808304146121e-04
1.340140772343898336e-03
1.767603200050456096e-04
7.393852145203452363e-04
1.793664365631885977e-04
6.497663151924450327e-04
6.781489851182149206e-04
1.015624008142509147e-03
3.098690986335724440e-04
4.940766522339661406e-04
3.028719220438003817e-04
6.193574953561666345e-04
1.518370450747824705e-03
5.062947632478318133e-04
1.723463021305821422e-04
2.459318036716991369e-04
7.867672033582124962e-04
1.327908507674718927e-03
6.351297040655140167e-04
5.802395780447456132e-04
2.003763489191026648e-03
3.777652595916604632e-04
3.193231259760083169e-04
3.005295193744500861e-04
7.451897439818781083e-04
1.829937754300653419e-03
3.199692806481459705e-04
1.652207184911470405e-03
5.131679161232112832e-04
3.410851209085285552e-04
2.206240984964227359e-04
1.177540665071301123e-03
1.760422577719689564e-03
1.549160118242334057e-03
1.272734896193129664e-03
3.419822662415327764e-03
3.616926217233710963e-03
3.100219084547519680e-04
2.798857143177099706e-04
6.916233098726613186e-04
2.412601019557232031e-03
4.252027064232275118e-03
3.060163903625533199e-03
2.664633238105295916e-03
4.389651048707504666e-03
4.980920144215982481e-04
1.391943767508668902e-03
1.515590799684950890e-03
3.641963839139311437e-04
1.087220128641181761e-03
1.534126169147713003e-03
1.423989011599602859e-03
3.654595497744873812e-04
2.709213988065915140e-04
2.787665439574240874e-04
1.482508288533195603e-03
2.392696502413640351e-03
9.529670060390529234e-04
3.334344230988012074e-03
6.936498963579931050e-04
4.571141219351078019e-03
3.384012030456297359e-04
7.537620082798948337e-04
3.502360016929837784e-04
7.364452084778636215e-04
7.581084519357551626e-04
3.440271833057027828e-03
1.109831583733929391e-03
2.742342444256156970e-04
2.603688207497751889e-04
4.088775793112968317e-04
3.133651551512112339e-04
2.926561534620329284e-04
1.974906518500369281e-04
3.605554970322063873e-04
1.041579117145265436e-03
1.222634029187354794e-03
7.415052774645928017e-04
3.665097695456676920e-04
3.290426234681973015e-04
2.793663474886279221e-03
5.514402877454619442e-04
2.440508701434600757e-04
1.155884065993587799e-03
1.026998581301486651e-03
2.818680128590103032e-04
4.222032282890365558e-04
1.265225139679483071e-03
9.166637248553314264e-04
2.369564691086753798e-04
1.828124544231907243e-04
3.580902900267396612e-03
9.956764048224603023e-04
5.634340140492494209e-04
5.169531881386240464e-04
2.693935792479360512e-03
1.462657213502732874e-03
9.752718509831712936e-04
6.908078658262103034e-04
3.973591137385712566e-04
4.151644738732839131e-04
7.600374434738947334e-04
4.404325697721200427e-04
2.455230520206325259e-04
8.907463406290180331e-04
1.955104890513516269e-03
8.960211145116141586e-04
1.028407860202064589e-03
