9.267141493957740117e-01
7.406779290687344197e-01
8.280518763732594989e-01
8.956898319911195117e-01
8.217810935807652317e-01
7.097462690157241294e-01
5.901610379948205587e-01
4.776097035842568617e-01
3.785397464633045161e-01
2.955012318383458680e-01
2.285660653525391495e-01
1.762410496815272620e-01
1.362492780383559310e-01
1.061302023699617347e-01
8.361182219798300730e-02
6.678094325792360841e-02
5.412786799315078001e-02
4.451064320554483367e-02
3.708958226574645550e-02
3.126191304442096919e-02
2.660140096618699226e-02
2.280761531409552026e-02
1.966602083065924558e-02
1.703148471374990244e-02
1.479716177992849123e-02
1.288611045032037571e-02
1.124460195175065388e-02
9.826021292388641831e-03
8.601262318909534341e-03
7.541478619906994557e-03
6.623903286951245313e-03
5.830757839502382321e-03
5.142570873211588060e-03
4.544824302037698931e-03
4.025188027967545670e-03
3.571434891866071513e-03
3.176502907691218947e-03
2.830991990498062626e-03
2.528588214523277630e-03
2.266002336490385502e-03
2.036410685704195898e-03
1.839435465910612333e-03
1.668607384752066481e-03
1.521591084723055917e-03
1.397269584868033807e-03
1.293037814174017187e-03
1.015484353367195405e-03
1.117815618706811997e-03
1.247852292242295500e-03
9.543369057020385056e-04
8.875529554296747231e-04
2.002911870774428706e-03
7.907736756701071439e-04
1.263281856475249225e-03
6.746480464897877368e-04
7.791093350337660811e-04
5.798597938661773912e-04
6.239389523461094048e-04
4.695031822882315682e-04
4.848271510414829894e-04
3.552635946307579123e-04
4.117790379427665797e-04
1.213710416688780708e-03
3.422750463168277722e-04
3.302059719124869337e-04
2.978364613040974051e-04
2.889310613917741265e-04
2.777326505395945138e-04
4.467735390842915021e-04
2.600988142117578597e-04
2.557520841546218429e-04
3.221408777189358917e-04
2.498439072532183253e-04
1.037649770846335411e-03
2.539119096136115941e-04
2.471024310682675817e-04
4.526824870321084771e-04
2.567082318915561647e-04
2.462259508286661629e-04
2.978330328907745827e-04
2.430023303177435373e-04
5.317617575369223580e-04
2.489715499723967919e-04
3.775673013796517104e-03
2.305317841553825736e-04
3.362247469108891338e-04
2.333166086807044045e-04
2.230803655092085511e-04
1.360445430683232624e-03
2.013549336104123648e-04
1.127640473224672405e-03
1.876267648562740553e-04
5.611129694128535973e-04
3.740526379860744407e-04
1.051394094818756128e-03
5.442822536806492858e-04
6.470885496267506694e-04
3.302063818498343368e-03
2.366028749206281704e-03
4.998271448503042742e-04
1.426046990669474555e-04
2.896263026077723580e-04
4.570136508197038955e-03
1.260128836752653122e-04
1.723458381885122678e-03
3.486336876081982169e-03
1.234580614152115219e-04
1.461839351056158252e-03
5.260778656771928317e-03
1.317519603784216703e-03
4.038723010524685971e-04
8.853891347752345818e-04
4.829723665555280335e-03
7.650736906715947978e-04
3.647404442112464075e-04
1.689006474305456080e-03
5.400733918198762041e-04
1.690385732705926942e-03
4.332307175405844557e-04
1.714843148586970602e-03
2.025203546272069731e-04
1.455628540699682174e-04
1.097176214011618594e-03
7.900376327085791581e-04
1.085203624143043317e-03
1.618817148865748005e-04
1.852312607344492029e-03
1.873768938585409799e-04
1.739070683428960021e-03
6.124796739333954361e-03
1.848351274127767012e-04
3.115831450467365996e-04
3.818544550822752424e-04
2.055014536492971603e-04
2.544028871227090949e-04
6.191849161759688247e-03
1.988413813382341588e-04
2.070853507488665561e-04
7.519258437882654633e-04
2.798702227556862810e-04
6.194896579895023793e-04
2.206743209829161042e-04
9.967851650629909227e-05
3.260862757328177714e-04
5.751698756260374386e-04
5.231213461755297375e-03
1.791528693453722689e-04
9.394847757084557813e-04
5.078646070682165010e-03
4.390868846493791865e-04
2.566911797608724464e-04
1.694773044435327275e-03
2.326504017329191919e-04
1.035041410717588113e-04
8.666816525229963618e-04
2.831904440597719764e-04
2.282082227602971411e-04
5.350494651259403954e-03
6.337825041357161892e-04
6.621450086365600514e-04
4.133944257946804181e-04
1.163750498730877658e-04
3.640847265861898042e-03
2.024674800704224890e-03
1.552135809581519667e-04
6.792759368926143968e-04
7.164133605159048353e-03
4.087941814740546722e-04
9.536708743396256523e-04
5.771466153017217439e-04
1.855893822895807708e-04
4.874719917308560830e-04
6.987492368964210191e-04
6.674566711450533735e-03
1.778446840788494208e-04
3.362402144166294908e-04
2.126830378348495889e-04
4.900609218936851502e-04
1.347438453649210709e-04
6.965352569432559223e-04
2.438285872742732355e-03
2.109590718855508540e-04
3.058614649724117470e-04
2.848463859037437401e-03
1.624645555353335775e-04
6.612678937472794144e-04
1.510938418428855881e-04
4.226160047475829764e-04
1.750119230197765864e-04
9.846831664249476937e-04
2.277891173534530428e-04
4.263100260328253665e-04
8.171027007954782860e-04
2.531741990577298252e-03
1.658658160746351805e-04
2.686220428981659671e-04
3.534994942583831478e-04
1.605977230841598572e-04
1.454863978370866885e-04
1.564573483863521120e-04
1.273359347909310902e-04
1.702609496232718493e-04
9.203961244938370617e-05
1.375424229292633799e-04
7.291767964606191360e-04
2.086002264419203975e-03
7.445436015623113472e-05
1.059150711814581665e-04
1.021580394494457243e-04
1.152166177406450302e-04
1.960946920347761467e-04
1.493008049531163934e-04
7.651680921240435179e-04
1.491074578847874528e-04
5.125130864410569476e-03
1.260131454561930848e-04
5.128642720921111316e-04
3.446016476514774675e-04
4.176967435134907453e-04
3.134646784376631510e-04
2.231436076435609306e-04
7.265877249982137000e-04
1.938190143483189422e-04
2.172728260482868095e-04
2.283834823597634314e-03
1.460506576164864116e-04
1.471117703993906928e-04
9.512571093706741199e-03
9.033339587073664027e-05
1.588230936776694293e-04
2.224159508862842780e-03
3.104671388845493384e-03
6.927761545265930280e-05
1.240121385267329494e-04
6.326534410900666551e-04
1.556895010257614129e-04
2.132382991799832035e-04
3.010120010049158472e-04
1.962769371383888111e-04
1.970071543688871156e-03
1.945211050137150529e-04
5.941217801431040475e-05
4.287704459377275298e-04
4.457198152393945659e-04
1.665774785320819624e-04
4.145833667105424097e-04
8.282589745910020956e-04
3.865569692436022380e-04
7.199031814283941811e-05
1.117772787797093975e-04
1.300901549723808715e-04
9.159216576759707457e-04
1.626303372319051949e-04
4.493632414122170592e-03
1.407726768862463808e-04
6.851496935553631198e-05
8.131769277547924322e-05
1.684389935895460851e-03
5.658160571652257238e-05
8.966780287915647636e-05
2.018222177740398859e-03
1.342785086662797963e-04
5.794234044768666308e-04
2.148207038073500583e-03
4.458081389824360315e-03
1.901015491603036585e-04
1.732049704860342718e-04
1.437497700951238929e-03
1.238469338981980253e-04
2.128989544381424889e-03
1.279303598354679578e-04
1.148904823540175605e-04
1.793768780931558570e-04
1.173106864032180506e-04
1.852301689708801618e-04
5.571921355219293728e-04
3.695898090658561149e-04
2.473210329478979356e-04
8.364266628758476683e-04
1.025639823426074054e-04
1.213703356815273052e-04
2.271737795874837894e-04
1.111795931518236519e-04
1.642105139857784465e-04
2.350656675198044732e-04
1.143290235601802647e-04
2.250650356194773202e-03
9.151009209725774062e-05
1.429948013879335728e-04
3.911287736138625046e-04
1.651257975844755313e-04
5.452543657492775654e-05
3.179746503535807239e-04
4.546742333939153774e-04
9.712955010907961117e-05
1.740449481665204390e-04
1.092641857072889592e-04
5.738448566747108822e-05
6.357218923158748430e-04
1.309986934128599305e-03
