9.421413018321150856e-01
4.897081409797604534e-01
1.094690065001041379e+00
1.499419422583270434e+00
1.426163724078152173e+00
1.074838531066653724e+00
7.764689766282752981e-01
5.633368973457518747e-01
4.137726717113538455e-01
3.087853394676501328e-01
2.347799179922826218e-01
1.821900512835771258e-01
1.443036001077165065e-01
1.164819440395887390e-01
9.558311080774466173e-02
7.952223461580315567e-02
6.693487390773290857e-02
5.691922099771295346e-02
4.886528158031629154e-02
4.234434677211845743e-02
3.703894047174821624e-02
3.270648589513240612e-02
2.915150830647864760e-02
2.621949129082862956e-02
2.378440710929022317e-02
2.175234594534793120e-02
2.004390295010867115e-02
1.451819561208485612e-02
1.742691284841597910e-02
1.788978691174442429e-02
1.548172320736443223e-02
1.429654001160950150e-02
1.395586096824241035e-02
1.323145885196781203e-02
1.269621292274413470e-02
1.224681153629492841e-02
1.196014609090135898e-02
1.127109463011353487e-02
1.040079477332652054e-02
1.022104912665357766e-02
1.241593985357431797e-02
9.541521664548205384e-03
1.002188630198497764e-02
1.245363663273886187e-02
8.333151969673779219e-03
8.194005923422491983e-03
1.224819621039919572e-02
7.454687778403891463e-03
3.671202366109207766e-03
7.194983706717461742e-03
6.191410615590663136e-03
4.729848854632457723e-03
6.216411848264409915e-03
5.221584516771638103e-03
5.055645779274044703e-03
1.963860808715309127e-03
4.917703180865815211e-03
4.766458770799285836e-03
5.203792151266359300e-03
4.358761588719955657e-03
4.086338294857048622e-03
3.266181813346590544e-03
8.281597423012177286e-03
3.563417360800327262e-03
3.831934231762613389e-03
4.166191629330186566e-03
2.176524254658286205e-03
2.730493849906753985e-03
3.006556792947120797e-03
2.783235624797087554e-03
2.819256283311712651e-03
2.309707452857561166e-03
4.814489347793619346e-03
8.840207171490555363e-03
2.334877752424429145e-03
2.654838034730750904e-03
3.598037782194049659e-03
1.899292618775565199e-03
1.677189907707333063e-03
1.825782768051161051e-03
2.039491513840281569e-03
2.338809596723344202e-03
2.672390845439480758e-03
1.789213787216112177e-03
7.836648117323798774e-04
1.628084424263694617e-03
2.011363209887772046e-03
1.102504794540748109e-03
5.328461358609792517e-03
8.793017608280950109e-03
2.368876545587216258e-03
5.855738230045648418e-03
5.199668555532311297e-03
1.540271046154427460e-03
1.050494313134599971e-03
1.109918674470029409e-03
1.927114956011816973e-03
1.427589733238524743e-03
5.881608725404508138e-04
1.113462458076936151e-03
8.200523132621461916e-04
3.494133533755026683e-03
5.756186387632080022e-03
1.116825284400583705e-03
2.904983533102154306e-03
1.114077575692692728e-03
1.671549431635289398e-03
1.197093175853955081e-03
2.051436867977792303e-03
1.240487003746978826e-03
1.355537199526977380e-03
2.894797789875396161e-03
2.005100821726947015e-03
9.817602255188008237e-04
5.850358226960247201e-04
2.083217440168183207e-03
7.703994845995602164e-03
9.116468200326048685e-04
1.110986781075727105e-02
8.651337625391370030e-04
4.354817436842546921e-03
2.883078532869183964e-03
9.261410821078915664e-04
1.959085482211981016e-03
8.206301269458885156e-04
2.530682436968657682e-03
4.571091035955328992e-04
3.694884920580594669e-03
8.163050480740797902e-04
1.608986631732828776e-03
6.324135403108340154e-04
1.160552924201555805e-03
4.203171071604830909e-04
1.054103512635371246e-03
1.486628823067621908e-03
7.633397250530830338e-04
1.236599800231831872e-03
1.817611059929086659e-03
3.697805783214062371e-03
1.040857067657388006e-03
9.409832961424446050e-04
1.212648241047898203e-03
1.812005861928274193e-03
8.705413574169195865e-04
1.153568955082499197e-03
3.445015306493496871e-03
6.768512860249842030e-04
9.235807043062928615e-03
7.413633488307468230e-04
8.539706363678709533e-04
7.116249065249499435e-04
6.818334259763805414e-04
9.879755374726192398e-04
4.677266079851131152e-04
4.404111815397737011e-04
6.314278494819786265e-04
2.892152534709695297e-04
4.065522758659686521e-03
3.609240858394765746e-04
1.179716625515610370e-03
4.408885442804938957e-03
7.137645136986525175e-03
6.481678104111169604e-04
7.146927994677363229e-04
9.043279377604473285e-04
5.250342958089263597e-04
3.755384977500546284e-03
6.376063188505475075e-04
5.568741196241398447e-03
6.978958715723815667e-03
8.955687972054271213e-04
1.419404947211091008e-03
1.297944444538845282e-03
7.130512071277241796e-04
2.448196283847947890e-03
6.602656821208559420e-04
1.463329320027962656e-03
1.741701673226890698e-03
3.073866438231292152e-03
8.138654667920679859e-04
9.982259257332627700e-04
3.905272944307532665e-04
4.982850481068013156e-04
6.660411510071919143e-04
5.390488984751440902e-04
2.325401143993089206e-04
6.584668339796208433e-04
2.167849052092972256e-04
1.877716401054772269e-03
3.987487889086448298e-04
4.123264994659049101e-04
1.015871935783880294e-03
4.579625536921094319e-04
5.967756342182880397e-04
6.680860326730681626e-04
4.481000808553813920e-03
5.735354277755250890e-04
3.533574819227300193e-04
4.642685284271456220e-04
1.234897157916187496e-03
4.193861508203556611e-04
5.360809593467165185e-04
5.422678894958152512e-04
4.334097903287299747e-04
9.133496344204493746e-04
2.706503025892040108e-03
9.654999442043785086e-04
1.963211114308817916e-03
1.145132819962939438e-03
1.460804622494202027e-03
7.299411184178227581e-04
4.762770107705279095e-03
9.407096555761525767e-04
2.030633988900027408e-03
3.499654557152272606e-04
1.645566188375607321e-04
1.378929874475484088e-03
5.667217128652661225e-04
4.581693099108631638e-04
4.674882559521627377e-04
4.152008135884072658e-04
5.468353347975689728e-04
3.695263632013753461e-04
8.404578010142044545e-03
2.797669118304938461e-04
3.472970472521558476e-03
1.251326142520911176e-03
2.345485350251272447e-03
1.298235998020892071e-03
4.631729691763715982e-03
2.594656969166568268e-04
3.714992691932025208e-04
1.563981058247678477e-03
1.793489724906573678e-03
1.870080087561260419e-03
1.174696647839690127e-03
1.882331023024970656e-04
1.937269377125474710e-04
1.115021386679615305e-03
1.802823887671681875e-03
5.607295892215745717e-04
4.701793907603134693e-04
9.800128314847791899e-04
7.646112083872678381e-04
2.053134072862834551e-03
4.869293773516931187e-04
4.580267730664200647e-04
1.831634017575635724e-04
3.983409491220423100e-04
2.249785161195040953e-04
4.871235690844854323e-04
1.640308399139119369e-03
7.908849280374030547e-04
2.021499170439967647e-03
4.208829818506049699e-04
1.798381136057703074e-04
4.069316915450164255e-04
3.954548735627949618e-04
8.391731400954335418e-04
1.673627584880964963e-04
1.194902162132400461e-03
2.437778056146260150e-04
2.536219391844764357e-04
4.099604656654680032e-04
1.925925347476724412e-04
2.523532290670714917e-04
4.329039510801317497e-04
1.690331246657933439e-03
2.093230129813415078e-04
1.280157844463060759e-04
1.536863204019092276e-03
3.825347841069312062e-04
5.011464886255331472e-03
1.913538875238297637e-03
2.806881902711698580e-03
1.975181748066879661e-04
1.060023517292509173e-03
1.343869037666454731e-03
2.563024754944627872e-04
6.261779410686059682e-04
3.262958186797633615e-03
2.111307549603783312e-04
5.358835053908364045e-04
2.895495678962297726e-04
2.530335586469572001e-03
2.378960837965082256e-04
7.729930923821131663e-04
1.492113463148480061e-04
3.062825917553494261e-04
2.231534341456517870e-03
1.326348102419150181e-03
6.735448413223886965e-04
5.113610295845975743e-04
1.320340594854968810e-03
5.847704316675599598e-04
1.437780778288640614e-03
2.856205227747820067e-04
1.631420023355801793e-04
1.216227524383303987e-03
2.042555810094188551e-04
