1.086101146465762390e+00
1.361895994365664775e+00
1.168568700778226610e+00
1.557188506339677536e+00
9.457106708263411932e-01
9.199393332819848501e-01
9.316633326149327265e-01
9.897765329752559182e-01
1.081378266618011841e+00
1.194358075623502602e+00
1.428040347067982774e+00
1.705166870181394456e+00
1.657999697041542930e+00
1.628774691096531058e+00
1.438165168184672105e+00
1.253749576036697677e+00
1.110217573779947564e+00
1.011528349665943072e+00
9.448842897610665315e-01
9.082688682968915739e-01
8.845714704708387277e-01
8.731438253977451547e-01
8.704469279734105003e-01
8.741282970755731574e-01
8.824333295972016655e-01
8.908759744506687950e-01
9.085476127509692912e-01
9.198296381427669699e-01
9.390167078589090055e-01
9.430891481592478254e-01
9.665771979640905842e-01
9.777363186507277426e-01
9.933960952651780252e-01
1.002736379696191449e+00
1.004368752855492541e+00
1.018337051582026254e+00
1.045848406443790735e+00
1.035366587642454261e+00
1.028607156486035068e+00
1.076284192555894137e+00
1.026666289865759918e+00
1.047025322690967153e+00
1.063935320648027538e+00
1.055577065556835503e+00
1.023682214580153182e+00
1.062768056467628286e+00
1.067502249644162626e+00
1.063256699072118838e+00
1.062907546236448120e+00
1.045195046599078248e+00
1.060313266014518918e+00
1.034754704525540525e+00
1.112642753238251681e+00
1.052623867813401226e+00
1.048297323416535365e+00
1.046450661671538107e+00
1.045336441545497319e+00
1.039636037849634320e+00
1.041916724233409308e+00
1.041280140752946615e+00
1.057685077891118208e+00
1.043091312060844045e+00
1.039603207790038342e+00
1.056858231826346861e+00
1.048221829486204015e+00
1.048863293557580567e+00
1.046347589743763962e+00
1.037523171044551829e+00
1.037388890727497959e+00
1.043640214077815376e+00
1.042985078066131610e+00
1.040752756903340348e+00
1.055983186093176540e+00
1.033107557152477929e+00
1.029818727108770204e+00
1.028770530104566649e+00
1.025320435160117505e+00
9.926545196943434846e-01
1.014334167098900785e+00
1.013823728144173764e+00
9.978095545989630333e-01
1.004844389661230020e+00
1.007863310475683560e+00
1.066610097629974385e+00
1.020076254855208253e+00
1.019218458362120661e+00
9.802032720678895972e-01
9.906163571849425642e-01
1.001033922925623987e+00
1.000531096609530435e+00
1.001385141669840273e+00
9.964658718554050276e-01
1.045026309350110871e+00
9.984149686315986205e-01
9.916847338079424201e-01
1.001959299456645747e+00
9.941541265409623573e-01
1.003250058505066544e+00
9.703385438593227219e-01
1.005549971828367362e+00
1.002018385716510362e+00
9.819286375704193714e-01
1.024229652539210056e+00
1.033181448619367782e+00
1.012408004171679643e+00
1.013653491702088960e+00
1.005917072427301662e+00
1.014743591431408687e+00
1.005399751310700474e+00
1.066217278691381498e+00
1.021319762120941332e+00
1.028526905311712758e+00
1.029942475178804884e+00
1.011693926124751508e+00
1.019265034064099185e+00
1.037652632455692947e+00
1.015662026754320157e+00
1.022233455700749527e+00
1.021296746690617319e+00
1.021177574862228710e+00
1.038690777423225908e+00
1.024798697881070808e+00
1.039289731383153281e+00
1.034540890571738148e+00
1.029493053286419935e+00
1.029687190965386190e+00
1.029169981311419013e+00
1.035856701665166080e+00
1.027973777228561980e+00
1.045193142722213420e+00
1.036809550621683229e+00
1.040249542347481571e+00
1.036993685628604833e+00
1.026136915831889374e+00
1.035245508533638947e+00
1.043664024466315343e+00
1.045810671109420609e+00
1.043809441224198498e+00
1.046357041592544723e+00
1.051842007539039114e+00
1.048131343367956436e+00
1.087171648421459524e+00
1.056449526735566913e+00
1.046402560422229122e+00
1.024996709790809257e+00
1.053007757788923637e+00
1.052789661727392856e+00
1.065419285080890344e+00
1.057316411126943523e+00
1.057911745794448244e+00
1.064534709890260888e+00
1.056409636625437409e+00
1.058627411038014943e+00
1.055068504283583009e+00
1.070591307501207678e+00
1.060723047247105422e+00
1.052283895029610727e+00
1.046300770777414568e+00
1.062329443314913080e+00
1.081350918617447476e+00
1.063533617020348876e+00
1.065098574484872218e+00
1.064050645938410034e+00
1.066509622702588089e+00
1.044622671643571143e+00
1.063211126214907987e+00
1.081720965168213811e+00
1.062210173225109910e+00
1.067026579033695466e+00
1.074324695871998303e+00
1.074559021638331169e+00
1.079909186994923109e+00
1.084344823553910819e+00
1.026810308853854714e+00
1.074792918728797231e+00
1.085976549785544920e+00
1.078895389553348849e+00
1.090473260018151258e+00
1.098036061139618047e+00
1.082332644657727494e+00
1.099146722074044735e+00
1.109510085419475267e+00
1.108901447625049164e+00
1.124617843477727641e+00
1.124992609985482783e+00
1.108971304951198444e+00
1.117177168574787327e+00
1.127491630607546425e+00
1.124527309348540172e+00
1.149144931085640087e+00
1.131577345904458021e+00
1.141475131548661093e+00
1.132908710172631173e+00
1.149282314630366120e+00
1.133600350795630707e+00
1.147154500839652869e+00
1.155392885418631721e+00
1.134398865838017079e+00
1.149425704540704141e+00
1.165738289714665310e+00
1.157786819282221824e+00
1.171191988933137473e+00
1.150626380199819998e+00
1.190793104451610462e+00
1.178598075032211590e+00
1.179943623450571133e+00
1.175131527222357253e+00
1.188232162933831271e+00
1.192746730124154775e+00
1.193276850196117733e+00
1.194153184386573807e+00
1.187617544582172835e+00
1.205856393503148327e+00
1.194885549036875938e+00
1.199162562860737635e+00
1.211132794802673551e+00
1.213202970905247202e+00
1.211749600070237909e+00
1.220589259305495888e+00
1.222598982840362947e+00
1.218056356934122952e+00
1.224547102882421967e+00
1.230640353474905302e+00
1.229747463262094831e+00
1.232244069411840615e+00
1.197539158815206894e+00
1.252411327945381014e+00
1.238096159646030259e+00
1.204060457023214292e+00
1.231074841752385796e+00
1.245869426661137203e+00
1.245130696482565247e+00
1.254392212554008346e+00
1.249558550990791383e+00
1.256672685202355533e+00
1.252126732885977312e+00
1.264025171897337874e+00
1.240431274948747831e+00
1.266479158228564827e+00
1.261616031413381078e+00
1.264091445578410688e+00
1.261254471665596455e+00
1.270036197471877237e+00
1.272986711328702114e+00
1.276144539012328938e+00
1.266274099052633995e+00
1.246518223226762645e+00
1.276865943361510825e+00
1.251780563900078302e+00
1.284392073475854934e+00
1.277293688857756182e+00
1.282984912275785705e+00
1.264014278374728573e+00
1.275761263667809731e+00
1.288864602048336749e+00
1.290472346372431245e+00
1.283431664432918895e+00
1.295604765541578329e+00
1.295852585289706704e+00
1.259485923547572828e+00
1.276095028566709200e+00
1.277874961090984973e+00
1.278392735321910667e+00
1.278457193916002765e+00
1.299529684346749425e+00
1.276239322549897359e+00
1.250822116723207422e+00
1.256799496621509915e+00
1.269693229763221076e+00
1.273310928990798674e+00
1.267618015691505784e+00
1.266329878390724639e+00
1.258471548546049368e+00
1.272222351358185399e+00
1.262499825829944911e+00
1.277248681049582668e+00
1.259940824662630243e+00
1.270840592026539984e+00
1.241195194690297487e+00
1.260266157500841366e+00
1.283385489791775802e+00
1.257943063196857114e+00
1.259214047986692675e+00
1.254148919162964892e+00
1.244148174175732535e+00
1.262127259966883575e+00
1.253765211836548099e+00
1.256601247218651407e+00
1.256715740357676969e+00
1.248381253615169273e+00
1.220904633294751740e+00
1.215094701939848809e+00
1.240409500393664599e+00
1.235615934958418816e+00
1.235742302617006239e+00
1.226078330656151127e+00
1.216238697140210823e+00
1.238691013518886885e+00
1.232442795305126904e+00
1.240235535755634944e+00
