1.036884521947506466e+00
1.542623905839896503e+00
1.270944786912481028e+00
1.824944114951051688e+00
1.627433610282129628e+00
1.008667972945955116e+00
1.053367884487192541e+00
7.044786332220203118e-01
4.141474039630555493e-01
1.865164813614418882e-01
1.933313440883933365e-01
3.450955831673762075e-01
4.766166210828491900e-01
5.911943093447501463e-01
7.293207305362763293e-01
8.134265770487260072e-01
2.666066817050469773e-01
3.774840236009629479e-01
3.649766304318822208e-01
3.465431320249328651e-01
3.333558981702335888e-01
3.098145148745372057e-01
2.817993953913106031e-01
2.630970778647427344e-01
2.270535737560410716e-01
2.111871229531958882e-01
1.977416888468502831e-01
1.843129624606504591e-01
1.466960795650556759e-01
1.803687639470540338e-01
1.590686555306686234e-01
1.532238176093228543e-01
1.251370300446001671e-01
1.379839174964757886e-01
1.336724228473192277e-01
1.266631697836103909e-01
1.209048585824575028e-01
1.338710566472716967e-01
1.215995877610825948e-01
1.111671359768501982e-01
1.525305346941633611e-01
1.272241502558683346e-01
1.707000226327790304e-01
1.245022766791959445e-01
1.420530359120331654e-01
1.089200066562463903e-01
1.022106749004984411e-01
1.789559379501172998e-01
9.791497381645682119e-02
9.624981652717710945e-02
9.824998976167194364e-02
1.651233703641967476e-01
9.397425664192755879e-02
1.120362724658030690e-01
8.166822390971470447e-02
9.615283130161991765e-02
9.975651918066245905e-02
1.322699887113229500e-01
8.494398313866113881e-02
1.111940548556910741e-01
1.118891242334951741e-01
1.451081780651665709e-01
8.450878617242937874e-02
1.077465265401082034e-01
8.329801853907790876e-02
7.799127551880392917e-02
1.331061914971523041e-01
1.324648509987091383e-01
9.542057218834183729e-02
8.794053839697664465e-02
1.054686902782724922e-01
8.291087517517935213e-02
9.181286278310413218e-02
8.587151859573168011e-02
9.004980697787301480e-02
1.189568977554873175e-01
1.044408911291411363e-01
9.546738955965142215e-02
1.582570189651748005e-01
8.326323996395093574e-02
6.891451621847101416e-02
8.722698031798604978e-02
1.033759109174540586e-01
9.442365057789661731e-02
1.116688100787478211e-01
8.053559237696678030e-02
7.220830282342492745e-02
8.536973907712554210e-02
8.533091986799762330e-02
2.078715010335298319e-01
1.007773577181143715e-01
9.578748076343257534e-02
8.471694062379453438e-02
1.010522108340945746e-01
1.013373585747494865e-01
8.197532346860804398e-02
7.989130532898032488e-02
9.006432283527321392e-02
1.549674409916317330e-01
8.480041907972168946e-02
8.720907491736769324e-02
1.258936342407034614e-01
1.519084166000357061e-01
7.332633442830382986e-02
9.814789466196498224e-02
7.323574358949092034e-02
7.612342924801906996e-02
8.211676322763949987e-02
8.037085624434316122e-02
8.922874065810713906e-02
8.044958202405108616e-02
7.835700426413916286e-02
7.426454141390075037e-02
7.336011789633249680e-02
8.750205530345349370e-02
8.989415701141283133e-02
1.116766487444146860e-01
6.993676144118679550e-02
9.900986447992188300e-02
7.832709850032876231e-02
1.002912882193810057e-01
1.108438526620983133e-01
8.360143771444158989e-02
1.744410010598846927e-01
7.135037640956405636e-02
1.324369156409327675e-01
7.221930960951306044e-02
7.711689473849664411e-02
6.721480864144545320e-02
1.284278813958254495e-01
6.453993400921619050e-02
7.615518191392725567e-02
6.760939288475333042e-02
9.750700848063986736e-02
1.095699054890351409e-01
6.838939884006159375e-02
1.077882558181581518e-01
1.092399496954799543e-01
6.757486070236574938e-02
6.461567651099056619e-02
6.400862194486926782e-02
6.162690087586701615e-02
6.584038707090190956e-02
7.024707652751815967e-02
1.982762547857733482e-01
6.871190829269271938e-02
6.638620259930419487e-02
5.890637641852666112e-02
7.899554795906740812e-02
1.175024267500631991e-01
6.753693676401921475e-02
7.468410390626722961e-02
8.517983584556065857e-02
2.053055389280526721e-01
7.142618635551779838e-02
8.283094231092077986e-02
6.965478291459804849e-02
8.830622969391928312e-02
6.709008480679981568e-02
6.151289982681399510e-02
6.342086697522009153e-02
6.342981060134836313e-02
6.030294909412763082e-02
5.091150500407714413e-02
8.281442701818871044e-02
7.967523355715475097e-02
6.003732456887727470e-02
5.967254690715916021e-02
1.023372212950693777e-01
1.307000928406431839e-01
5.792611951384276509e-02
1.058866758285874760e-01
6.152796577352399182e-02
7.824851715286573750e-02
5.476147757784179809e-02
6.116778709948204884e-02
6.028525653150663272e-02
6.151900293402499942e-02
6.250715751625847416e-02
6.121139923505959646e-02
5.970532831237373994e-02
6.049760313673356593e-02
8.926235777235913549e-02
5.235574250520819151e-02
8.458405145269436154e-02
6.155312182148778288e-02
5.675620783454459611e-02
7.877840100001728962e-02
6.280063718905345982e-02
1.043043554867556233e-01
9.699684188241407268e-02
7.197938818194922483e-02
6.486416101473317652e-02
1.054970261657617731e-01
6.542757783712377373e-02
7.454397076369906339e-02
5.074291486269469353e-02
6.308978630424179335e-02
6.605573371944349625e-02
7.635202820670616841e-02
6.095015399080681850e-02
5.842682290703374998e-02
5.675330194632181857e-02
5.730178001842669427e-02
5.778271305166975819e-02
6.319639894757944631e-02
6.886964192033760701e-02
6.666689880499976351e-02
5.325772730559578255e-02
6.704186158094162240e-02
5.838542367564709956e-02
5.655906447925353880e-02
1.078739349826119409e-01
1.035965801528636737e-01
1.306775329566811084e-01
8.971279838538290252e-02
5.250891900762197362e-02
5.571783841988450781e-02
8.547334250909240094e-02
4.698653889902834613e-02
9.174779377516245615e-02
6.215177266511339588e-02
1.056725002621586584e-01
7.158224928074977123e-02
5.441600704512961767e-02
5.959743223196692363e-02
5.667914840126082182e-02
5.122621664862916924e-02
5.327413919414458743e-02
5.512921650554986064e-02
6.018915198577220321e-02
8.524915906510031893e-02
7.681863986018687418e-02
5.750838034869690252e-02
9.964016406795413172e-02
6.295609457959730482e-02
9.128606304811552608e-02
5.519735749016806137e-02
5.015529484073378425e-02
6.691190529749491134e-02
5.895495628814323430e-02
5.989320482812186125e-02
5.352362618350878232e-02
5.566204392752749364e-02
5.565271649235933177e-02
5.612960656299873646e-02
4.877473968397419424e-02
1.795213957618564948e-01
5.533324308354845011e-02
9.472844618559915497e-02
7.406758663080074967e-02
4.850042654274843573e-02
1.009882659356736850e-01
9.971827211035481919e-02
5.525630167899180101e-02
5.232689060989289404e-02
6.271017004921775051e-02
4.742258542560551932e-02
8.185403362775842129e-02
5.497272421095110440e-02
5.914693521431955980e-02
1.072101183091397486e-01
5.740522356995771125e-02
5.496098759974148845e-02
8.234390502671712353e-02
1.345527650201381598e-01
5.610700317461062708e-02
4.883613951433728173e-02
4.958123777120489184e-02
4.916388798889086142e-02
1.013780401342826015e-01
1.113975514215178181e-01
4.742679616837630618e-02
8.825904217113210437e-02
6.077464162081097632e-02
5.501946666442999317e-02
5.298613039648050055e-02
5.605917516396612121e-02
5.498361072740097499e-02
8.362916495824904151e-02
5.400288582906048046e-02
6.955060385598821338e-02
7.958482819061278579e-02
5.917135778728439821e-02
4.894429505989276313e-02
4.324673238990210666e-02
4.926214899428622146e-02
4.771957257690179199e-02
7.488344056017628980e-02
5.794084323951138871e-02
5.097280059670582925e-02
5.082712251366316991e-02
9.089580077880954345e-02
3.566226042907185562e-02
5.584636806026190697e-02
5.264451700092968173e-02
4.929951448020444826e-02
5.868356207231452404e-02
6.152004247332674286e-02
4.642284933681320447e-02
