1.159462004416275338e+00
1.233227890182984066e+00
1.145788123209800835e+00
1.609154063779552502e+00
2.025639908772983500e+00
1.537513049083022665e+00
2.382448409517477383e+00
2.299168163044084778e+00
2.843693742961087789e+00
2.560613171507392316e+00
2.706167928597370764e+00
2.367859985464788153e+00
2.610780290716058438e+00
2.477986614907210061e+00
2.408764008088961628e+00
2.378847256273439292e+00
2.375043349209330135e+00
2.406874797914680286e+00
2.450610246961541172e+00
2.475906055899709024e+00
2.480036818423082323e+00
2.459760631269232611e+00
2.424911478085973293e+00
2.388661681496853095e+00
2.350282053750503142e+00
2.317175002663732553e+00
2.282920707702980501e+00
2.249930818645308861e+00
2.202721778626713700e+00
2.141168721901780980e+00
2.086093254240881656e+00
2.050923258201615695e+00
1.983920943855561836e+00
1.920957600002435761e+00
1.843049131699265430e+00
1.773076435461623745e+00
1.701718121483733803e+00
1.609905616321034350e+00
1.543542070558025170e+00
1.473801882115042705e+00
1.425350808505824407e+00
1.349841891398000593e+00
1.286069353740996846e+00
1.204464890173067460e+00
1.146757882124723960e+00
1.062229516604466406e+00
9.928865640802069237e-01
9.130909717452891927e-01
8.193756677701578006e-01
7.610202903983400713e-01
6.897183894847240815e-01
6.287713022582216427e-01
5.204359662121853525e-01
5.251564581272865073e-01
4.805273513395363905e-01
4.436260803028914124e-01
4.124374904321708168e-01
3.822077939537781854e-01
3.449622066576585322e-01
3.167890692456567514e-01
2.798861162141355052e-01
2.471739100225622265e-01
2.279254890318511140e-01
2.159273844193299596e-01
2.068559294294080586e-01
2.027420369229535335e-01
2.040083240392489006e-01
2.002819346796377853e-01
1.997365308131145711e-01
1.944471359462754956e-01
1.977846466455625285e-01
1.918323311886006577e-01
2.021153373594593017e-01
1.864697173100636207e-01
1.886847523530906789e-01
1.872901766550463809e-01
1.829400976634263098e-01
1.944320740924031232e-01
1.712870159935943049e-01
1.734454375751021404e-01
1.704754815239237775e-01
1.668609809642392916e-01
1.691506646483520171e-01
1.610580628489867716e-01
1.618847456275681607e-01
1.595916028306939571e-01
1.541344652203255061e-01
1.505558859288037565e-01
1.497384075229560296e-01
1.457324966020770163e-01
1.430931795468281531e-01
1.412976217574963556e-01
1.452443184689247713e-01
1.375408061143731098e-01
1.363154212804469079e-01
1.350471572136246468e-01
1.352195149847814082e-01
1.411072864237648827e-01
1.293909925535856320e-01
1.283440374212874990e-01
1.293895456951995870e-01
1.261999106394598447e-01
1.261606220855384930e-01
1.266158084349600088e-01
1.241729412137920346e-01
1.226951490592563532e-01
1.321593596397478421e-01
1.236594024403194908e-01
1.240550831263597109e-01
1.227180407855852223e-01
1.236730907712055155e-01
1.267608637289202034e-01
1.283814286102641367e-01
1.287679452433352911e-01
1.298320901159215612e-01
1.231967519359673524e-01
1.299953831960818929e-01
1.280532087160733412e-01
1.297560948533652558e-01
1.352264424896125750e-01
1.307888884563813137e-01
1.316014762463705856e-01
1.546184906066140896e-01
1.410694784748006136e-01
1.472494393199869356e-01
1.769764448780142552e-01
1.475332240759498204e-01
1.753741448565866445e-01
1.523875697595330481e-01
1.534179611418407807e-01
1.695081713320655548e-01
1.603684206762621411e-01
1.617555468054967804e-01
1.680057317754065083e-01
1.860057560896268003e-01
1.736923563543538163e-01
1.724525229398022885e-01
1.310595049962854919e-01
1.848197001621007252e-01
1.672816275788808482e-01
1.912432693489792279e-01
1.983812377812785577e-01
1.985290851525016720e-01
2.117942418935379878e-01
2.193619242307390527e-01
2.084899421125463725e-01
2.155449184140446617e-01
1.973514125865571678e-01
2.099981916329638765e-01
2.031209306886532229e-01
2.275760857134926651e-01
2.284489572829930260e-01
2.285909595013793094e-01
2.356433557734611273e-01
2.237206712613205861e-01
2.377887330119634879e-01
2.285951442714152793e-01
2.456632953062008740e-01
2.443126181462772495e-01
2.358172813092808684e-01
2.483623765546593143e-01
2.637740620882089715e-01
2.535134686245165692e-01
2.550831715265707289e-01
2.522436630509357069e-01
2.469370963676079944e-01
2.571508318873086951e-01
2.933384257742135959e-01
2.566162351100257366e-01
2.658971294899156179e-01
3.268051342899639389e-01
2.513752490263381212e-01
3.080701622368755555e-01
2.680798914348865858e-01
2.663269703470164118e-01
2.855161302570537463e-01
2.778657635054874175e-01
2.839445482480546512e-01
2.787500749990718951e-01
2.843929261406140663e-01
3.007693384191519881e-01
2.874866303438991522e-01
2.883509114506462856e-01
2.891228734884391804e-01
2.997095204596277873e-01
2.580624678345073142e-01
2.956786317102753636e-01
3.052906296217053894e-01
2.976519840501884451e-01
2.824318940060310257e-01
3.076016157898281977e-01
2.998779114362597475e-01
3.002387860734614389e-01
2.750859050016172813e-01
2.881877048941320352e-01
3.102064564907608957e-01
3.114905977921446634e-01
3.047536380414085366e-01
3.128324185777993094e-01
3.141323184102523536e-01
3.133012610067422155e-01
3.258375495677953149e-01
3.143245760428006186e-01
3.176972738726762113e-01
3.118348054828271043e-01
3.214569124498719566e-01
3.352116155494419547e-01
3.322508648960916244e-01
3.307079287493499553e-01
3.310422388266432980e-01
2.885028740406012093e-01
3.296519733981085887e-01
3.357090626648636666e-01
3.495624639565218517e-01
3.352233202888544317e-01
3.369926328161103601e-01
3.421805723619253947e-01
3.518018703607844189e-01
3.841332426415047796e-01
3.575663513920177561e-01
3.390796730825800798e-01
3.393798221158697559e-01
3.525132702852230571e-01
3.183720738173249076e-01
3.415130471102823528e-01
3.241251352963974153e-01
3.371759848095777223e-01
3.479692470352955813e-01
3.336932768478933498e-01
3.600221858526763685e-01
3.095115265795445048e-01
3.534366254053286083e-01
3.545699509613199352e-01
3.547006190523461222e-01
3.615993265868799322e-01
3.502433349066066404e-01
3.552253042564153529e-01
3.627652278408644571e-01
3.581269091122119552e-01
3.628206284774052603e-01
3.610251972179007729e-01
3.634220141373449842e-01
3.523371368702608031e-01
3.550831705207327937e-01
3.579701287816604571e-01
3.604079647365173167e-01
3.621937396956321220e-01
3.580365785278734059e-01
3.710663319033680185e-01
3.707742945237028076e-01
3.566324827007210652e-01
3.820367873152387683e-01
3.028771830177253710e-01
3.626664001768159507e-01
3.783462518858802248e-01
3.654970930182939726e-01
3.645743456019497897e-01
3.701479332071162531e-01
3.559556439924975724e-01
3.900759212714896007e-01
3.818582325934305466e-01
4.104138635556232595e-01
3.674374949188078388e-01
3.676324014891830805e-01
3.634818828232947441e-01
3.647858359347884161e-01
3.689722698491336161e-01
3.709010877613538315e-01
3.767357359049334220e-01
3.854568532276697046e-01
3.787623912111365287e-01
3.131071256641970169e-01
3.906687190384147690e-01
3.147787364660134535e-01
3.707612639127769727e-01
3.842088550531875812e-01
4.616698460008002436e-01
3.706331033520743334e-01
3.415777704068340137e-01
3.023459827184762916e-01
3.755450383083147603e-01
3.341941333411478920e-01
3.385032228425997602e-01
3.823702172654100950e-01
3.551136785335081147e-01
3.795743479980523971e-01
3.555818328614034352e-01
3.544769937932142345e-01
3.654570189778345579e-01
3.684259405029614576e-01
3.776731016668526397e-01
3.637586193558301484e-01
3.686409418079640288e-01
3.660097930310242664e-01
3.892714089184718951e-01
3.643834266539703881e-01
3.639024688528240681e-01
3.637003731534075857e-01
3.630541269787472825e-01
3.065669372829806782e-01
