1.014036368663161269e+00
9.956026563089352965e-01
7.950143996212123421e-01
8.341746366139474178e-01
1.027461554603066762e+00
1.160368236455244118e+00
1.062851870522800057e+00
1.023175649675301058e+00
5.446265915740153840e-01
6.580968092425286409e-02
1.361747116143423864e-01
1.646049968756166659e-01
1.353340736744714501e-01
9.504057025859086183e-02
8.753903915048955042e-02
7.174424466519395416e-02
6.211811915079838708e-02
5.274458695242660589e-02
3.512475194267199868e-02
4.381303495778451212e-02
4.193495757392486784e-02
3.781688157310562209e-02
3.883730634351217903e-02
3.621908522260561258e-02
3.642280080472581200e-02
2.827660434292526143e-02
3.961095882563724774e-02
3.070300138925225256e-02
3.545286387487926044e-02
3.071047826773528819e-02
2.920606821646316853e-02
2.410371755798430826e-02
2.335167107924052132e-02
3.070486188125911772e-02
2.894830447064569712e-02
2.451839327801247359e-02
2.298976953782360527e-02
2.341939456548141826e-02
2.191637673709950079e-02
2.292954122330795666e-02
2.182023799645150045e-02
1.712947034304850014e-02
2.648018488566274836e-02
2.753408047804122363e-02
1.768458318013187841e-02
1.850469854909598741e-02
2.356775404831432108e-02
2.146515793682871043e-02
2.115244451428532554e-02
2.340458103967751197e-02
1.403191967294412784e-02
2.536739860493296764e-02
2.264932271445568510e-02
2.127524571476723664e-02
2.070775004852206183e-02
2.142784586002764377e-02
2.855762992689080473e-02
3.180721003668281893e-02
2.158128434477506880e-02
2.041495956764075373e-02
2.333859326131670561e-02
2.457626827141114884e-02
2.266474672886798283e-02
1.376576973402640278e-02
2.273477542683705402e-02
2.146971937078253484e-02
2.437931649020415661e-02
1.851131000150917083e-02
2.510357104974535181e-02
2.750206030387330677e-02
2.039818556461890642e-02
2.414584459618061493e-02
2.350005308179011626e-02
2.097520884068114141e-02
1.731365547751594069e-02
1.665764621604421888e-02
2.214271967703481531e-02
2.322850979926405213e-02
1.137039003279315640e-02
2.825385342741392261e-02
1.989896041918660582e-02
9.532472924349673360e-03
2.012197081762270162e-02
2.127074898592860863e-02
2.016862546107370951e-02
1.588577015062598782e-02
1.326582970349537982e-02
3.152908550173359747e-02
1.020386871696494016e-02
2.140316497494327772e-02
2.575143323611161356e-02
1.399307573798663253e-02
1.877342777170651691e-02
1.889634651356179862e-02
1.365338157527188657e-02
2.140963153745180370e-02
1.945587259470968680e-02
9.249910288474275794e-03
1.923609720060222295e-02
1.917647488349737486e-02
1.690983321832386158e-02
8.005997629122466736e-03
2.333380601879985611e-02
7.583281262023956748e-02
2.212207311839846716e-02
2.673971988581146791e-02
2.014979067023350487e-02
1.584595933710520113e-02
1.115329247270726090e-02
4.448383341749421321e-02
2.336486725607049217e-02
2.690196643417324188e-02
9.153971925746531846e-03
2.038471946062760110e-02
1.893191856695836811e-02
2.019188282483750860e-02
1.563235414299071063e-02
2.024985086440413487e-02
4.282661845479958374e-02
1.882753460191597880e-02
1.676528290429061055e-02
2.416812081171720861e-02
2.371128061274500182e-02
1.455195001562168897e-02
1.964718222144467424e-02
2.216425136491790432e-02
4.693579583120922882e-02
2.553608849966242447e-02
8.304407864361850952e-03
1.427150765575729667e-02
1.734669465913075970e-02
1.642725209550126297e-02
1.842524500752027936e-02
1.867647205732532456e-02
1.700818024450477875e-02
1.665705413255322287e-02
2.390443482346850390e-02
1.628502415034771209e-02
1.935840889901312492e-02
1.908522068295411683e-02
8.501185479574889514e-02
1.161210211569088484e-02
1.674898291403207132e-02
1.453535436067978845e-02
3.021149818243389421e-02
1.214383993154671479e-02
2.657517675753087380e-02
3.380695506512847864e-02
3.898232564463140898e-02
1.331805274779211852e-02
1.489499254302923195e-02
2.328136724284494280e-02
2.432307738944447864e-02
2.337232485852858491e-02
2.534782854392131010e-02
2.154473370917964897e-02
1.055210498137830466e-02
1.690243025480010763e-02
1.362951848960328519e-02
1.154862912758754245e-02
1.488489926930139026e-02
6.834451816120659662e-02
2.071373710965111054e-02
1.867783133808105858e-02
1.821210956847130885e-02
1.249171478123877604e-02
5.092519823106717025e-02
2.514393208350588008e-02
4.244011731072271087e-02
4.324855213726234993e-02
1.707673709232291823e-02
1.652094937842475339e-02
1.290224065444075738e-02
1.873501126230046193e-02
8.676834966333268201e-03
1.844482252540410178e-02
1.547100644785838995e-02
1.296933927328378436e-02
2.206714003535896820e-02
1.004397301106794808e-02
1.353536040457712850e-02
1.655861171723588265e-02
1.749017732324806285e-02
1.173617693016309679e-02
2.443079437335643131e-02
2.190112608169268726e-02
1.967787391083525642e-02
7.895391912522684019e-03
1.586731549700953064e-02
4.263776546323271022e-02
1.399405681789013187e-02
1.531580611639289831e-02
1.170798633598472797e-02
1.216440663591800662e-02
2.994444723886195703e-02
1.790520218814855430e-02
1.842826836034645172e-02
7.322342111230444907e-03
2.972551054118914918e-02
1.498131841173708928e-02
1.267469375264175351e-02
9.146465453116406699e-03
1.674100962668339729e-02
1.484931324420294199e-02
1.602803417515979989e-02
1.208066266201218188e-02
1.225014790206948624e-02
1.951365954661750043e-02
1.301216601640878961e-02
1.473817515684177834e-02
3.590773574701651427e-02
3.548443360110875577e-02
3.107748822463169205e-02
1.363224368389072752e-02
2.588103597128582622e-02
1.634630665138879155e-02
1.302755207335842130e-02
5.507911219659388652e-02
2.186791968712987339e-02
1.646978031320546487e-02
8.985065543786044384e-03
2.202788053162022669e-02
4.818507161495412527e-02
1.087750179692069906e-02
1.261474141064069729e-02
1.290859839603294285e-02
1.730948089768986203e-02
2.738415364152464032e-02
1.992234813941286264e-02
2.096334832815948540e-02
1.812803062383500086e-02
1.186771512888777982e-02
1.357567606211654461e-02
2.660504242140665845e-02
1.711607634951834225e-02
1.467852297933293360e-02
8.711070801471100869e-03
1.147614565603515858e-02
3.666398402567869197e-02
1.760451986579520886e-02
1.121431795484260224e-02
1.058056998354943087e-02
1.043144411989930381e-02
1.292748981445742719e-02
1.443294380753056341e-02
1.697863866365391730e-02
1.852260935117396035e-02
1.276196801926288496e-02
2.139877924887948271e-02
1.709033235486409272e-02
1.505631770155610102e-02
1.137091102590310869e-02
1.139955014351399891e-02
1.116501170082049438e-02
1.311403836387052373e-02
9.910659669760884388e-03
1.147825966408385842e-02
1.391881895283663025e-02
8.084029979409605021e-03
1.207072273205843718e-02
1.425660201717284317e-02
9.526744118717688642e-03
9.522376656315383048e-03
1.082481983538308157e-02
1.010128458542882725e-02
1.239638358500441337e-02
7.000062442967100104e-03
1.165019932781384548e-02
1.171063774893951054e-02
3.211712889193072545e-02
1.229191009516294834e-02
7.003487939907539900e-03
1.135103270993924850e-02
8.225399932068258937e-03
1.321895050698367047e-02
1.168554861759049136e-02
1.008726248893206459e-02
1.372764527944235653e-02
1.976987960184580298e-02
8.373016450612797562e-03
1.107677474791868462e-02
1.497865793309135878e-02
1.327262935079738179e-02
1.080871864325633723e-02
1.430578967713056447e-02
2.992185277363525880e-02
1.281726949939684425e-02
1.315420957777482629e-02
1.031881868386974078e-02
2.527930238292469198e-02
1.000303853872866293e-02
1.063144795552390179e-02
1.443016523244924389e-02
1.182784018592588499e-02
1.022594137901243483e-02
3.939866964575901992e-02
1.224991406996005575e-02
1.271157277710010733e-02
1.055883979346439183e-02
1.279230410139023041e-02
