1.197764456769755848e+00
6.224800570862677462e-01
1.696047604456869973e+00
1.667629541423444106e+00
1.340948972017575791e+00
1.024301665786270910e+00
7.711803724322024989e-01
5.773516693379805442e-01
4.310208707871812095e-01
3.220453955974608706e-01
2.416181004386144804e-01
1.821589738882929410e-01
1.379215401266503105e-01
1.050016965973970540e-01
8.067660961442607581e-02
6.284472545658430220e-02
4.981963607871483374e-02
4.028858187160050397e-02
3.326583724456798341e-02
2.804344837178503885e-02
2.411192806998274304e-02
2.111697510298176858e-02
1.880293903834563685e-02
1.698418955903440233e-02
1.552823527046823596e-02
1.433144039394162669e-02
1.016693428958047839e-02
1.246999007612250611e-02
8.490553699757043618e-03
1.095157693198701120e-02
1.015337256511654462e-02
9.749208862411493440e-03
8.984285666562031106e-03
8.532401897224230897e-03
7.797753091529560990e-03
7.180995093026108431e-03
6.567157832514201356e-03
6.654073484925331593e-03
5.016424389993862955e-03
4.927571463689121335e-03
4.161092803486548045e-03
3.627004109503017843e-03
2.848118781107516519e-03
3.077304514750686844e-03
2.132508147719496764e-03
1.766280492262887417e-03
8.992214552318877376e-04
1.602917332606943650e-03
1.382436639145523741e-03
9.008093202059430605e-04
7.232078905356955495e-03
5.720410982067125312e-04
1.127266048877959871e-03
1.162594422863431204e-03
3.390679412057661171e-03
1.019228473652358715e-03
2.841772659542685011e-03
1.397080327902324197e-03
1.719496167057048145e-03
2.158918448162336357e-03
1.601859139834424820e-03
6.792744627484511048e-04
8.048252120399847524e-04
1.152786651388008681e-03
1.663211471737270283e-03
1.897761914966451758e-03
3.652860121476433474e-03
7.464644141224701084e-04
9.725349415254972655e-04
1.744084529211779562e-03
9.707167330408897343e-03
1.526083698049827053e-03
1.248757647256557024e-03
1.561888154199584300e-03
9.269297134683458089e-03
2.063644467186686801e-03
2.126833639228685024e-03
2.124388252834159482e-03
1.379384444750018273e-03
7.715038148519445457e-03
3.118765906688652015e-03
6.538902676426188582e-04
6.976712440856686374e-04
2.236839900362270865e-03
1.254041629964413327e-03
4.632089889937158621e-04
2.366517175228017699e-03
1.120451618242691806e-03
8.606531107564619268e-03
6.529342544282549197e-04
1.088770378996081886e-03
5.569394796502541087e-03
2.116240258614829339e-03
1.131439619736022192e-03
4.396435129924976780e-03
2.812035215161963388e-03
1.161303894428516309e-03
1.157331059195547277e-03
1.182486766184914079e-03
1.031331074668697789e-03
5.730398238856455710e-03
1.965878872603644186e-03
7.883218065941152057e-04
1.360423793033065359e-03
4.225380819287955880e-04
1.001617232664162027e-03
3.243787942331480571e-04
5.210136457836099305e-04
2.223549923891027496e-03
3.958621698718593242e-03
5.983271359176336318e-03
1.109474716677847543e-03
7.227141972571899178e-03
3.129426430805623202e-03
1.831974297471436908e-03
5.909200938026980179e-04
1.916549872757171251e-03
1.376061385986480663e-03
3.821288714154787549e-04
4.682653312787237896e-04
3.029499127028582265e-04
4.025529752271677156e-03
1.005015019963647303e-02
3.282230516673311036e-03
3.057254828346827463e-03
2.602256926236849212e-03
6.727935290863138037e-04
3.703600650036955287e-03
6.778514730857521445e-04
2.385329467197517921e-03
5.241929135667029900e-03
1.027343606059537805e-02
3.326208056785869395e-04
5.947527354639164801e-04
2.317856305564358187e-03
6.914349090182769862e-04
7.088800432591469726e-04
2.873172786469678996e-04
3.837721573047006758e-04
4.705225313274898915e-04
4.229852743527707701e-04
4.604385154772259146e-03
8.117435247993636579e-04
2.013809887000863469e-03
1.542853751651425409e-03
6.015829498665476414e-04
8.585626338723124917e-03
6.382932309955985806e-04
2.880467818956927500e-04
3.171854222665495735e-04
1.728520021143793413e-03
1.855141182115973382e-03
2.166648749536542447e-04
6.575069255239126935e-03
2.590933949920165872e-04
3.437308589330507601e-04
2.252030841945864073e-03
1.568316814086383746e-03
1.891730738813230750e-03
2.070344759157091794e-03
5.144882486269734476e-03
3.891934954956376559e-04
7.202000759466773826e-04
1.761346126919018703e-03
1.666783182450221838e-03
2.118587603303806986e-03
1.098455888117039897e-03
3.731925786344639120e-04
3.504526588888252827e-03
6.107714711351160466e-03
2.080532409377211338e-03
3.793311364048529660e-04
2.930602634696477808e-04
1.002297491639947370e-03
2.567737873717657309e-03
8.653369481826605038e-04
2.979710960809692655e-03
2.536357570542049304e-03
3.947020903144220411e-04
4.450447034871544516e-04
2.300369014561876144e-04
8.511694728216349622e-04
1.543105465880821028e-03
3.743565473261285977e-03
6.256943436342955961e-04
5.064350244062891223e-04
4.183546761070750701e-04
3.394153058738548110e-04
6.302973795997596738e-03
4.396438522399870015e-04
1.003260517281188329e-03
3.599698902256485804e-03
7.251021845127828035e-04
2.655409056978950272e-03
1.686176632410729204e-03
1.250092344660954898e-03
1.485588783177718567e-03
1.539416314681456071e-03
1.850938897713213767e-03
3.905300654314522923e-04
2.130192862178637014e-03
2.087323197094108698e-03
5.873313920883638023e-04
7.590303181365175116e-04
5.993482938789748476e-04
2.572381127480007773e-03
1.017617605225210184e-03
2.165822042041708195e-03
6.226996545633760446e-04
2.341036666717137560e-03
5.490854281481166157e-04
4.305100737454901254e-04
2.791749856892031451e-04
4.112187226865947906e-04
2.848514068867362458e-04
1.662833691291199260e-03
4.830912727262878098e-03
7.182205113551773769e-04
5.055784180067765619e-04
4.156596580094091935e-04
6.120934208019677839e-04
7.320483568624430335e-04
2.485213354085861331e-03
7.214623316114004200e-04
1.684460192654708196e-03
5.670342831202797654e-03
7.470199570772246807e-04
5.704155259734623815e-04
3.240452215598231870e-04
2.713981253574690943e-04
1.142562639036825371e-03
2.641856494331646949e-03
1.206676723798330141e-03
2.650559802608494237e-03
1.120014780840128355e-03
1.258920529960187457e-03
2.000621569461374656e-04
1.799895337476782988e-03
1.511418847615995454e-03
2.999860411959364976e-04
2.412464627906447283e-04
8.090603952064592558e-04
1.847360853005040882e-04
3.441435673649301990e-04
1.645106477174730359e-04
3.624610580920180781e-04
4.175869479029131813e-04
9.503457658865317216e-04
1.443274944215407066e-03
2.204459048847731608e-03
1.045004446868817976e-03
2.913641319863209179e-04
4.478744637700015838e-04
3.879339148151574111e-04
5.241879676360319167e-04
1.984592304537247391e-04
2.276987875235472704e-04
3.740549404854489799e-04
1.256891646812647548e-04
2.285046640832686608e-03
8.397475857005807631e-04
6.766244039402230862e-04
4.414207072432513074e-04
6.334032225016674204e-04
4.717070836998679749e-04
5.588299226586849675e-03
9.741053134798128123e-04
2.746258564242620194e-03
1.272084743798280928e-03
2.773915910077032459e-03
6.840550124714990217e-04
1.207203671420765159e-04
2.793046144684085009e-03
6.031210415773072177e-04
1.529700068746121799e-03
2.265750597146470261e-03
2.396169428967783734e-04
9.008466440657300709e-04
4.462718223618915118e-04
2.078579785547037678e-03
5.737961497487736092e-04
6.220468832019526674e-04
2.361597056915311983e-04
3.963261317617587979e-04
4.095936899387630017e-03
1.892326186688744380e-04
1.698391444770870791e-03
1.588336803065254791e-03
2.517952720943558275e-03
4.252490579474163361e-04
2.678059167251986127e-03
4.018437612675592797e-04
4.113283227659105998e-04
3.017539676999264121e-04
2.145688043025162188e-03
4.951624239141037441e-04
3.891357017587414400e-03
5.784676462614280965e-04
8.509500451605290735e-05
7.727748697605187587e-04
