9.557827018727420576e-01
9.878030259057996032e-01
1.469716206631078270e+00
1.514086602490500200e+00
1.538615657563803918e+00
1.553646265637664836e+00
1.560033198066639315e+00
1.561994891474206559e+00
1.562273284520249605e+00
1.562114410734883219e+00
1.562913509321221639e+00
1.560303650096133143e+00
1.575148672319899301e+00
1.558253056169860429e+00
1.570749597531812647e+00
1.555545515691547198e+00
1.566447234796809695e+00
1.551841060696596442e+00
1.549819281130975002e+00
1.545845054213171421e+00
1.546399248644908297e+00
1.535540771441914920e+00
1.537594374709155609e+00
1.537738340757927702e+00
1.522684924703414877e+00
1.528592649193722286e+00
1.528774297080445432e+00
1.519235268624093527e+00
1.518774124419375537e+00
1.518455962415068639e+00
1.513908752864609353e+00
1.508699289210737815e+00
1.503911713089885804e+00
1.494740203212040486e+00
1.498571370466685870e+00
1.484358472628547920e+00
1.487097180449249434e+00
1.485284458245202055e+00
1.477703427499665656e+00
1.477194646066132933e+00
1.488775750448354973e+00
1.470619357867980703e+00
1.463628334792103969e+00
1.455865022759595506e+00
1.455483238197530227e+00
1.448102927890725589e+00
1.443989439464496982e+00
1.438767361593660477e+00
1.435967566498143055e+00
1.431951032027906079e+00
1.425367047839585899e+00
1.424582402225959221e+00
1.416395672967336150e+00
1.412876633345366617e+00
1.403624450647815047e+00
1.405514891008874168e+00
1.399368953034838992e+00
1.393525736856674913e+00
1.384390200012938887e+00
1.383518083483372463e+00
1.376694717410621216e+00
1.372075422127156274e+00
1.367178751387921443e+00
1.366625697318901045e+00
1.360860874103291041e+00
1.359935834285119549e+00
1.350062476714776416e+00
1.348032198484909738e+00
1.347548377772450179e+00
1.339290327235801881e+00
1.336175325747329445e+00
1.327225138712798902e+00
1.330397287933526407e+00
1.319241944564647273e+00
1.315817248178428711e+00
1.309200573280524971e+00
1.308090320056937372e+00
1.304428581681879473e+00
1.298145544164474918e+00
1.294702384096936942e+00
1.290934839516425070e+00
1.281188581723277320e+00
1.280843329492048044e+00
1.276838323094547700e+00
1.269400884687706288e+00
1.268413779570427780e+00
1.257436836824195048e+00
1.255215948236409584e+00
1.251095430127393771e+00
1.256213287304365878e+00
1.244560703188303474e+00
1.242276353713184900e+00
1.231454491281513075e+00
1.229654250900892531e+00
1.230072384318165568e+00
1.224690180606426981e+00
1.217701022047369852e+00
1.216787659278677269e+00
1.211643005689199803e+00
1.203741930051463127e+00
1.204465422481493464e+00
1.204055099631828663e+00
1.193463380402727037e+00
1.189853682657272538e+00
1.189809170694408724e+00
1.187314217122418469e+00
1.183920263883203150e+00
1.178278880123022399e+00
1.176350152297995333e+00
1.169101917872290342e+00
1.164713477067293113e+00
1.159615810051802809e+00
1.157724641022520373e+00
1.153412013973390549e+00
1.153734224144540077e+00
1.149532276454571678e+00
1.141008615793162484e+00
1.140782915382953622e+00
1.139342951413315985e+00
1.128818912627477911e+00
1.127887637227275253e+00
1.126168349658983603e+00
1.122878636144633235e+00
1.131547496319409429e+00
1.114738025290300305e+00
1.113795156669448394e+00
1.112486655517404888e+00
1.108802657929417457e+00
1.102171101700549771e+00
1.098300342655565531e+00
1.091208969258013584e+00
1.093767282928975515e+00
1.095355838497139356e+00
1.090751869406918484e+00
1.082032761174246849e+00
1.087520292162606816e+00
1.077373025623865610e+00
1.076903708945133653e+00
1.071162570132433878e+00
1.073479562723348213e+00
1.064602812304734858e+00
1.065087066386482650e+00
1.066264152522296227e+00
1.062205847273361092e+00
1.054907364451178609e+00
1.052107252871617771e+00
1.050816781384769971e+00
1.047663627328079494e+00
1.061778200101065828e+00
1.042828947056923639e+00
1.041961090342521157e+00
1.041768972060282961e+00
1.040515178689567666e+00
1.033948597320954121e+00
1.033073257532049594e+00
1.028107118367095785e+00
1.025299173301078559e+00
1.027541057148281922e+00
1.021831956023748766e+00
1.017979031916301569e+00
1.009879558048245585e+00
1.015105821947631659e+00
1.012636189694670064e+00
1.013049104776738485e+00
1.006946649243575465e+00
1.005990805508744756e+00
1.004634532567530547e+00
1.003378257478697799e+00
9.985101855143860838e-01
9.969319422633066141e-01
9.952922583770390519e-01
9.919456807943687338e-01
9.894395475999857581e-01
9.897927461491129453e-01
9.840152889576819772e-01
9.833043416714600804e-01
9.826686348719598785e-01
9.811711573796012553e-01
9.756551512120090752e-01
9.760732489076519025e-01
9.744754461408583479e-01
9.751713147258959102e-01
9.694594524488595599e-01
9.675558193953053276e-01
9.666068811354692203e-01
9.659302620746869072e-01
9.620667121623636131e-01
9.613305499608680860e-01
9.568682136578621211e-01
9.559844766330255483e-01
9.556226475000297871e-01
9.509620564333883808e-01
9.505654309496855969e-01
9.483394131072880873e-01
9.486632770560586847e-01
9.457235648534660921e-01
9.420461913126652043e-01
9.434236889217474387e-01
9.391428224054388929e-01
9.386184222678241040e-01
9.385796754438041622e-01
9.347492543898218154e-01
9.340406025549455871e-01
9.309997611687834684e-01
9.299389889315676783e-01
9.295323262765504690e-01
9.277442456737575727e-01
9.234712847882109443e-01
9.237182547808708843e-01
9.231045224798667403e-01
9.210652482564680721e-01
9.180264184536544025e-01
9.171943195206986310e-01
9.148033658596834705e-01
9.114794366775682555e-01
9.120024008299862928e-01
9.101238924916033035e-01
9.093980347159764666e-01
9.082744597487959481e-01
9.048539868966238853e-01
9.062523607374255441e-01
9.047606724839182268e-01
9.007668891112695642e-01
9.004249892154828627e-01
9.004775765263897114e-01
8.979657531776604751e-01
8.954508584450185937e-01
8.980661467351167548e-01
8.930331028459205234e-01
8.916990307870786836e-01
8.914192007583492394e-01
8.895107868828283637e-01
8.877750565081078404e-01
8.871739424558046094e-01
8.853561211218163862e-01
8.835034069352905028e-01
8.834061213675619140e-01
8.822457905854615978e-01
8.785182571279680497e-01
8.783578861799404836e-01
8.795584754096619218e-01
8.761234121516263684e-01
8.750002447580355058e-01
8.738592866569921958e-01
8.718878179659609318e-01
8.695142702710455529e-01
8.700176712423176584e-01
8.686124586374365242e-01
8.665102279202594460e-01
8.657439249618044119e-01
8.647255390981350986e-01
8.623578308937625003e-01
8.631245884162270787e-01
8.616414749736295287e-01
8.601568195821687191e-01
8.567632968136158489e-01
8.583706929397688645e-01
8.580257670644019230e-01
8.532086937270519922e-01
8.541282051457628199e-01
8.532481432922887077e-01
8.534242334242744255e-01
8.504507443858063676e-01
8.509774853623006674e-01
8.532694715616342407e-01
8.475590119178038062e-01
8.470841542459789375e-01
8.482596391283863113e-01
8.457405985444241825e-01
8.445007675650505474e-01
8.446720725319702971e-01
8.423563164225643662e-01
8.397527539710624156e-01
8.400774322074716638e-01
8.382724407205718320e-01
8.362857018414310284e-01
8.359142557912582205e-01
8.356916352958833061e-01
8.360185108025719458e-01
8.368467271268295038e-01
8.326501356106851270e-01
8.320577748613261493e-01
8.316851685822849172e-01
8.278387562180328230e-01
8.289174786024267050e-01
8.291180910394146952e-01
8.273945717375910114e-01
8.266975506500380266e-01
8.272005791365792948e-01
8.244742788494253682e-01
8.232368427044931547e-01
8.225036965557076529e-01
8.231139938293516867e-01
8.207409485819785466e-01
8.199653072516034369e-01
8.212802894442460255e-01
8.192128774705006444e-01
8.196829989920441095e-01
8.182007681044211056e-01
8.170242696409195648e-01
