9.917890935673067121e-01
5.471317096651526768e-01
1.564618068193361022e+00
1.632528828410872990e+00
1.187216197182400679e+00
6.832141962799278545e-01
3.784750223367286948e-01
2.169804426341035708e-01
1.347887303977986229e-01
9.276903564308019989e-02
6.910406029633120450e-02
5.348146238920577222e-02
4.206758657090203801e-02
3.351002914195401472e-02
2.708950874639721659e-02
2.227269108852917082e-02
1.864388332778231169e-02
1.588554288992325217e-02
1.376251256543725536e-02
1.209596551456601846e-02
1.076659615560190096e-02
9.679875066643884099e-03
8.775223615990038889e-03
2.937359465824272448e-03
7.324887585346640494e-03
6.771278353833549632e-03
6.635680952904899656e-03
5.806269276862674467e-03
4.764440020757326408e-03
5.021347328574067050e-03
4.761386137383812056e-03
4.436024752024448140e-03
4.190190602727599488e-03
1.713611279221365731e-03
3.713932541063507450e-03
3.798306985499796343e-03
3.839859504805325299e-03
3.229253887095414558e-03
3.044006171790660398e-03
3.357941331929862206e-03
2.703723688770281151e-03
1.658888786651384296e-03
2.372843295961624046e-03
1.906979378233654519e-03
2.026776678255284066e-03
5.430564172658391628e-03
1.853605942893865339e-03
1.994292768851248666e-03
3.595530483192433541e-03
4.278891094584678575e-03
1.542450671919947313e-03
2.252129231846571739e-03
4.404054467014520934e-03
4.973099558201615061e-03
1.062050662144739359e-03
6.675853094883231519e-04
7.556445548172265351e-04
1.092537513485643524e-03
5.564350073292918634e-03
2.527860377983046601e-03
1.959437899953357567e-03
1.527568858458774968e-03
4.978923307025862749e-03
2.819138750471475875e-03
6.928004337767046947e-04
8.157969381279742095e-04
1.160014899773991869e-03
1.894175269781925210e-03
5.498544620228535806e-04
1.280596572684230498e-03
7.071891090407870280e-04
4.188091569681609842e-04
1.165692011862011664e-03
4.677674203388536311e-04
8.742022481511950438e-03
1.630152516222911152e-03
4.080701179143524614e-03
1.012443651302247748e-02
2.741150274832205528e-03
4.091815665691649756e-03
2.681195503647983711e-04
8.537035245719419097e-04
4.935823133589728896e-04
3.974718072619304148e-04
7.175290011604947222e-04
3.958025728112456502e-04
6.022701167144861416e-03
3.054723882364768130e-04
5.316720474185170986e-04
4.985707382819228387e-04
3.197538349952976089e-04
2.114162875609659157e-03
2.125417212530530064e-04
8.549247687192717930e-04
1.409025121280270063e-03
4.490105451547157615e-03
3.297302423193141665e-04
4.759371717475444161e-04
4.689556992396121332e-04
3.884520493142753334e-04
3.452819801836479142e-04
3.320653596542375843e-04
4.188382452941811704e-03
2.609122479969161815e-03
2.988141504316103132e-04
3.419811238743146378e-03
3.320884877947824000e-04
9.397451233827010513e-04
3.554678294341425608e-04
6.589453308342798667e-04
4.139893130120250687e-04
1.447070595702872400e-03
8.781036117007370249e-04
1.679583648458735394e-03
4.102572956790459004e-03
5.008393053502956061e-04
2.839560289489773603e-04
1.035127588503264836e-03
1.310860577536357994e-03
1.057228047529990261e-03
8.666482126831609109e-03
5.182718040636185826e-04
1.146477116718881218e-03
6.307698653191826186e-04
8.385397174994083189e-04
1.883707117409627683e-03
2.496885092184912927e-04
1.185185196805637817e-03
3.093129098416090832e-03
2.062885964153846150e-03
5.171969943993995171e-03
4.880822575079252277e-04
3.809159970665651159e-04
4.666946110857232298e-04
4.120751864944488183e-04
2.915275451924503186e-03
7.048938791179583906e-04
2.265480559975876704e-03
5.444870886205505339e-04
1.205284100272227847e-03
2.994454571239627775e-04
7.338144793344831890e-04
8.187749038902351201e-03
4.582564219152309272e-04
5.363918471911833033e-04
4.979591965035520037e-04
4.426579023493027766e-03
1.037937852378159869e-03
3.182130618200064952e-04
5.645567583500033654e-04
3.434236915646644026e-04
4.744709032099525027e-03
5.933706413258857002e-04
1.983750593450587119e-03
1.087410809151444224e-03
1.662155581423333103e-03
2.214537876152851208e-04
4.310222123909482339e-03
5.712435608030677972e-03
3.972935328903217191e-04
1.808325747072265165e-04
9.258503403948756781e-04
5.192349182551854675e-04
3.163369642147651753e-04
1.638423840867490942e-04
3.556785138112284871e-04
1.347166832488850543e-03
1.581194237447507362e-04
1.049870660133584224e-02
1.158780831794989537e-03
3.195888290704413043e-04
2.787825709337009121e-04
3.765860230622846555e-04
5.159311043139591484e-03
9.474651096785047591e-04
1.079703136931412823e-03
9.816586460944045928e-04
3.423469842271131044e-04
6.578185016450012641e-03
2.450248225004771681e-04
6.790113116897970001e-03
3.092609670333546011e-04
1.248548443953789245e-03
4.542385377385589271e-03
7.375050887469383537e-04
4.526027204517059713e-04
2.260691022127132594e-03
1.480071791373832905e-03
2.927084092404446010e-03
7.097779902577501260e-04
3.751447750556093715e-04
4.681600744710944124e-03
4.735910365901714169e-04
7.617107066356408130e-04
1.251464934654590144e-03
3.751589661506956361e-04
8.280465503493678915e-04
3.547268733806350984e-04
7.674161765325738637e-04
3.339035343877342363e-04
1.944605539689163659e-03
3.759141047300841761e-04
2.967657345139894376e-03
1.622216775489217222e-03
2.521059083337831835e-03
1.848760393591106612e-03
1.708989312360785408e-03
4.397183855059566050e-04
6.202040815310821921e-04
2.880001242454680987e-03
5.753691680696982952e-04
5.963918781117878189e-03
1.088928516897224317e-03
3.504647079016136682e-04
9.643307064135275049e-04
3.517554955331283475e-04
6.793164689664869674e-04
5.817073297119986896e-04
1.510059951833215772e-03
3.567720831582302395e-04
6.403111577783367984e-04
2.602346844485807411e-04
1.035395516450748421e-03
3.183121853022663266e-04
1.891401216792555498e-03
4.468840173189328295e-03
1.631413245187220964e-03
2.058017759277704171e-03
1.316461458343650684e-03
4.047007252643209556e-04
8.269918905092726695e-04
3.933078162473101604e-04
3.564912312257178389e-04
4.832727600685249141e-04
4.416398138124166817e-03
3.257244570545414042e-04
2.897535517554363643e-03
4.914655436098152143e-04
1.109939772025296447e-03
3.312423755689914177e-04
3.051164056027490029e-04
1.010852325259399510e-03
1.950401642697880637e-03
5.279099031565782961e-04
2.704392271423446234e-04
3.199787507124466387e-04
3.215055318431604193e-04
6.356674725134928757e-04
2.656169750933386328e-04
6.603863288935193010e-04
1.447735480706811287e-03
7.145774069019245750e-04
2.524389523709442279e-03
3.019811182938347371e-04
2.143612041430025135e-04
2.373478866920486453e-04
4.729008492102084599e-03
2.618501508544499989e-03
3.010922978189940042e-04
2.483152211442272625e-04
2.694595298082319503e-04
2.914256737606704607e-04
1.949424046595979085e-04
3.018174638603831153e-04
7.010397910584457255e-04
2.011998886380736852e-04
1.361814633890704070e-03
3.227943150074602204e-04
1.059100437481662110e-03
3.258090706011416700e-04
2.914541524376221683e-04
2.130370340161530807e-04
2.002666730725821491e-04
3.391462962373641967e-04
2.093406399580489269e-04
3.729809531362867064e-03
3.460789486769634180e-04
1.146276683462906822e-03
1.890421866959515827e-04
2.640910513896918294e-03
1.702689540125630488e-03
9.333392379370670112e-04
3.883338476636969219e-04
2.438799515538522746e-04
1.264311324018193086e-03
2.264799635509289356e-03
7.037265349359148503e-05
3.045622709687250264e-04
1.862781164453472418e-04
1.451096765998548201e-04
3.873167439858263045e-04
4.071358187650755793e-04
7.896904827802572963e-04
1.331008504462019419e-04
1.393346209669667213e-03
8.246990349487692742e-04
1.375420236382309588e-04
5.938747789761640496e-04
1.004402849539948964e-03
4.524998378056002105e-04
