2.059436614469633220e+00
3.707385280658113569e+00
7.001075280655936872e+00
2.453794818123892885e+00
4.324513805681844403e+00
5.974432607388927785e+00
6.959540209456586801e+00
7.692747508910676046e+00
8.257740806296480329e+00
8.795770527659421134e+00
9.215481113922811218e+00
9.389861848375119280e+00
9.412102009877903797e+00
9.329019936637042321e+00
9.173614289076439832e+00
8.962343488751562504e+00
8.710723677632360662e+00
8.435439503391931382e+00
8.142462273329025280e+00
7.841372476181632578e+00
7.536362793594547860e+00
7.231689674304706550e+00
6.929632713495101903e+00
6.633965264003815143e+00
6.345672857628155583e+00
6.068270213152453074e+00
5.802958651855365524e+00
5.549816142886236037e+00
5.310981260633264256e+00
5.081969773084290765e+00
4.859478732626775432e+00
4.637218417101680146e+00
4.421144288064517980e+00
4.212936960851196844e+00
4.013940257184783533e+00
3.827501808305314945e+00
3.649126459068660289e+00
3.468304720723596191e+00
3.267567030915570658e+00
3.012921178274722500e+00
2.545882357340222057e+00
9.722946071318271377e-01
7.407268728782698819e-01
5.589140744341856148e-01
9.065502548030909269e-01
1.511144212445079127e+00
1.928100945461556526e+00
2.377313835096568351e+00
2.714185865670785791e+00
2.708341343717234562e+00
2.581415565711417504e+00
2.401000453896563691e+00
2.201897132019554171e+00
2.004093615646902471e+00
1.836928905731183947e+00
1.762091101141068039e+00
2.355533048386482253e+00
3.276327303499219745e+00
4.009251644459884467e+00
4.587497633189208557e+00
4.292564928882891095e+00
3.833343679664323211e+00
3.407418868466323136e+00
3.028879357129152794e+00
2.688600286091979097e+00
2.378129896919504827e+00
2.098477971848045520e+00
1.845366735691617244e+00
1.611935580207933372e+00
1.407403533967591658e+00
1.220144626052390935e+00
1.051760444667340089e+00
9.045808654204054999e-01
7.742137332452939669e-01
6.593722137006291506e-01
5.601356814107183446e-01
4.760608787758561222e-01
4.024330899273726447e-01
3.384841466015821587e-01
2.875471776918209765e-01
2.372429735162001618e-01
2.044177742774421491e-01
1.735526081777396812e-01
1.503513084719265147e-01
1.262568337419412712e-01
1.098359985764560398e-01
1.001576988078541619e-01
8.885230990108869409e-02
7.906752448258531907e-02
7.423266590557288380e-02
7.030482544859932570e-02
7.074379902749557136e-02
6.849284573242643559e-02
6.987916498328888837e-02
7.030750813225865314e-02
7.058522290117304199e-02
7.279651272170031828e-02
7.578445242245869518e-02
7.741837093560981209e-02
7.909800620252567527e-02
7.882127055528544146e-02
8.161667922017633303e-02
8.175573771903875409e-02
7.756105282842613857e-02
7.943204152962797526e-02
8.286128935272503437e-02
7.861630019196158559e-02
8.280686108952796387e-02
8.276090396888230449e-02
7.588297461409536371e-02
7.201197231975917101e-02
8.039774445561252703e-02
8.098777849915855809e-02
8.072714907202796497e-02
7.872818201116768555e-02
7.811060325833282802e-02
7.642858683185509150e-02
7.926668592945901315e-02
7.575235612557330855e-02
7.272684688869605896e-02
8.171739445235551291e-02
7.815088731711117287e-02
7.158743338654940946e-02
7.091162852250203208e-02
7.214589593809504764e-02
7.331396833619915898e-02
7.354891079004821641e-02
7.054773279791751173e-02
7.012682557004154549e-02
6.759885373507788786e-02
6.759173668462320483e-02
6.864468153723529698e-02
6.886349322853713151e-02
6.994772866300200120e-02
6.744476500836101007e-02
7.081223587453801260e-02
6.773437874679430482e-02
6.571062492733388549e-02
6.198735351482597550e-02
6.649135755449359086e-02
6.455155349558115707e-02
7.255909737597471265e-02
6.269685409754913175e-02
6.037300070376617339e-02
7.037462235394863208e-02
6.261592360720619199e-02
6.159258904182979971e-02
6.470117541364413249e-02
6.375677792155472201e-02
6.086214600289435034e-02
5.992255530142483189e-02
6.047202729351974088e-02
6.174256402284669654e-02
5.803000722244176790e-02
6.251880158320559377e-02
5.801102421751325872e-02
5.009395902504847758e-02
5.773860238463771055e-02
5.831842324711136727e-02
5.722545848590021578e-02
5.663181387682921647e-02
5.594195004793416776e-02
5.640074973490252774e-02
5.551367037581415170e-02
5.594773900117649967e-02
5.666474796789156693e-02
5.394953408430940706e-02
5.348928311752260134e-02
5.690926918567018600e-02
4.939793549907901121e-02
5.580397767564972827e-02
5.286379261767084475e-02
5.250034938769356646e-02
5.241771694218669980e-02
5.219016881561965721e-02
5.248365295425812260e-02
5.157884730024359793e-02
5.047033561932739304e-02
5.125759495136918142e-02
5.106893412106788821e-02
5.238320251860740379e-02
4.767947876249675754e-02
4.544177696896298246e-02
4.751220582683932103e-02
5.362967214961537193e-02
4.823473948170896308e-02
5.144249799021890363e-02
4.871958155220223324e-02
4.803635080721747885e-02
4.759766449773332464e-02
4.651021472292721226e-02
4.716103325225416004e-02
4.652056270877707317e-02
4.747194167750035110e-02
4.807030407322852861e-02
4.671329902488033370e-02
4.581201916227901211e-02
4.674923057982383057e-02
4.739999173784792408e-02
4.613151075430667325e-02
3.978971777605495169e-02
4.414182926828539438e-02
4.536231523191665976e-02
4.554526398242759316e-02
3.859258866534519272e-02
4.358598761979257108e-02
4.681655115964888925e-02
4.534661935883912975e-02
4.028660711544666123e-02
4.411677225379482398e-02
4.502090083097774753e-02
4.260309594006089079e-02
4.140205822295280058e-02
3.978137132562764577e-02
4.185981478004670991e-02
4.663467014444001857e-02
4.203244289032623954e-02
4.221118219190533871e-02
4.253952955693229843e-02
4.560486372317255205e-02
4.103690437921284073e-02
3.944047911241567450e-02
4.378674461014184227e-02
4.895488890429745832e-02
3.865438187748058974e-02
4.126494271563205252e-02
4.283342354171897765e-02
4.249388967018188218e-02
4.095528114269143122e-02
4.293309406599033623e-02
4.079123577791464450e-02
5.521823604326200202e-02
4.394499370442169622e-02
3.779238725967649926e-02
3.964378035495992603e-02
3.977065916370135790e-02
3.908886520617187166e-02
4.025136951183050371e-02
4.345157714223334133e-02
3.935002723638381800e-02
4.331355619050276246e-02
3.905791579564538152e-02
3.861877053239286262e-02
3.593470331923417915e-02
3.397216538317076456e-02
3.929855126319069247e-02
3.879483449717074234e-02
3.775284200981802313e-02
4.083928151581816407e-02
3.804218372115013985e-02
3.712555768829974012e-02
3.940669497879791677e-02
3.609782678393738675e-02
3.451090498893865516e-02
3.760126677184435356e-02
3.679937876074120678e-02
4.916833970377735424e-02
3.686309535025535100e-02
3.737339638459771102e-02
3.811233735766297176e-02
3.708736762327246445e-02
3.932011923030802325e-02
3.664552466266256942e-02
3.768834923080535693e-02
2.913059360681498344e-02
3.302215614403865990e-02
3.788527636018936690e-02
4.000600161857796599e-02
3.561338355422605934e-02
3.734188878422987218e-02
3.529910657582991523e-02
4.267390788570115528e-02
3.421367410127724995e-02
3.674520624778000039e-02
3.614942807195873492e-02
3.583022886480598940e-02
3.417855719284194904e-02
3.537652862513573915e-02
3.528510334526663988e-02
3.539678360078332003e-02
2.899482893224667249e-02
3.510602342268751008e-02
3.571185914835441066e-02
3.424424346255824231e-02
3.699566304720928317e-02
3.472976150416086372e-02
3.366544657042529892e-02
3.578847484741416035e-02
3.517202001280702456e-02
3.485223719424613426e-02
3.475552054936635604e-02
3.550673244134658346e-02
3.205353372984243165e-02
3.474544728841799657e-02
5.493539223140978672e-02
3.418187435370263760e-02
3.432133728503532905e-02
3.186506297438998492e-02
3.594528956598150998e-02
4.733055011715622123e-02
