9.507343920519949476e-01
3.946036024485203852e-01
1.416698417794477471e+00
2.083949346921214474e+00
2.115921803875847829e+00
2.049031337507567496e+00
1.971925425131235476e+00
1.915540363849563166e+00
1.827820311581544566e+00
1.813055808309316452e+00
1.772580195979503559e+00
1.737463098686124363e+00
1.700032885035855479e+00
1.670779092514229847e+00
1.640310311431913304e+00
1.614539171032639775e+00
1.590338967297601158e+00
1.565112288504129312e+00
1.546383006071229804e+00
1.532897071399925037e+00
1.506315341037354427e+00
1.491437974728077709e+00
1.467606630833767856e+00
1.456299464788658682e+00
1.444759393676066761e+00
1.430563057910731128e+00
1.428354819188075497e+00
1.405538782984862678e+00
1.385957138831531710e+00
1.383411986548454209e+00
1.358908749158322493e+00
1.362489473301937704e+00
1.356988611602289785e+00
1.340471393885512619e+00
1.338029518778776961e+00
1.333839662650814661e+00
1.316409330296955726e+00
1.315569662587036559e+00
1.312284234292977247e+00
1.299293671088537439e+00
1.299474433629949077e+00
1.284639715148718553e+00
1.287174884255696261e+00
1.285168214116205299e+00
1.274979187912284706e+00
1.275275776161503449e+00
1.256527112926443257e+00
1.263618696232230887e+00
1.263722934012832422e+00
1.254216296562415733e+00
1.256376989762330254e+00
1.250582043991087522e+00
1.250799132150663739e+00
1.241273796011287844e+00
1.244822188569993271e+00
1.226169967027098240e+00
1.234647314831282205e+00
1.235833634685048921e+00
1.256576482911311743e+00
1.224259159479068160e+00
1.227476571561189944e+00
1.227897191667910892e+00
1.222005307038393829e+00
1.224855867647093088e+00
1.216275156760476150e+00
1.218603064784039569e+00
1.212317264003692552e+00
1.215130728624481904e+00
1.212777444745627875e+00
1.207792720220369098e+00
1.206136905655193825e+00
1.205917137793028671e+00
1.208989258405736011e+00
1.204635154173238520e+00
1.198288512668420180e+00
1.200841667060803086e+00
1.175518318293842013e+00
1.194658712021170466e+00
1.197039309741836810e+00
1.190343613396464217e+00
1.192401481480796610e+00
1.193301792735839584e+00
1.189656031583798290e+00
1.186211153047107558e+00
1.190801892476252455e+00
1.185549912489921809e+00
1.181895015347635525e+00
1.170317851836953027e+00
1.181329683632961647e+00
1.176321315809180090e+00
1.178731567527386837e+00
1.176576155971477133e+00
1.175230257024283409e+00
1.176545358094466698e+00
1.168935180092442794e+00
1.172425796063177206e+00
1.167388786330378903e+00
1.170393230984777988e+00
1.157920849807402286e+00
1.165525894571100451e+00
1.167353899104381032e+00
1.163246876528720053e+00
1.180446068006772542e+00
1.159733205713781024e+00
1.161628001977020652e+00
1.152022126604486330e+00
1.155439382098333967e+00
1.155508156983553247e+00
1.153829376164704268e+00
1.146801895824293815e+00
1.149824931839572351e+00
1.152784861776899650e+00
1.145873665445724887e+00
1.151093109748015708e+00
1.152304031430488873e+00
1.146493870434391660e+00
1.141514692435152467e+00
1.142086148511284982e+00
1.155572270714267047e+00
1.140296525920287296e+00
1.140643812419781300e+00
1.138235972346822722e+00
1.132020887837588141e+00
1.135186321835915724e+00
1.136922678945278875e+00
1.130484490397385855e+00
1.135485442973463321e+00
1.134001698357900656e+00
1.128902525894025066e+00
1.131286793711300698e+00
1.126583121422820133e+00
1.133859423157352220e+00
1.130557413551688262e+00
1.126781862199544237e+00
1.132010315718938065e+00
1.123785692907803391e+00
1.126354266803176962e+00
1.122314571000682992e+00
1.127696843140939542e+00
1.111804765616246637e+00
1.121456664315296115e+00
1.117143414548009250e+00
1.120189067879768574e+00
1.115523695042343721e+00
1.119007793493966396e+00
1.106914518273170778e+00
1.115590739854918745e+00
1.109760224094176628e+00
1.111620963573210163e+00
1.113340511077653083e+00
1.108543436245793545e+00
1.112794303231715354e+00
1.108625813922278436e+00
1.110977268365421100e+00
1.117620295837359112e+00
1.115781416667727788e+00
1.108787532659155417e+00
1.111501057999542574e+00
1.108279212008375980e+00
1.103961050348276851e+00
1.107797748068620747e+00
1.102277848009121319e+00
1.105654629940491684e+00
1.101661457961351287e+00
1.102715850251027030e+00
1.104167675678717098e+00
1.101650437253680836e+00
1.102857858241790501e+00
1.104465462450904711e+00
1.099881206872724171e+00
1.103600959371788592e+00
1.098888496693751105e+00
1.104674005543548443e+00
1.103916543598364441e+00
1.099977210654391024e+00
1.098329268306141193e+00
1.091530208923782608e+00
1.098904187097977214e+00
1.094292946397006805e+00
1.098683964050660045e+00
1.093373576908184708e+00
1.098925229841928530e+00
1.099839891676033465e+00
1.095695200810153258e+00
1.097794331503717524e+00
1.092636226203025807e+00
1.099065671151684631e+00
1.094593145385890587e+00
1.095204776918835776e+00
1.093959322269690171e+00
1.095699211356109259e+00
1.094072036175627094e+00
1.095921556563391741e+00
1.094342601719353381e+00
1.094228305300738446e+00
1.094341651887816846e+00
1.097127930558487785e+00
1.093833537690013014e+00
1.092226195359077501e+00
1.094357980284625276e+00
1.085420606438042723e+00
1.092081913202099575e+00
1.092364426820594758e+00
1.093461120562170930e+00
1.091808389480870334e+00
1.094076861620245200e+00
1.087655371418591699e+00
1.089588151592844945e+00
1.093683210830185271e+00
1.089462559380593998e+00
1.092607533747747661e+00
1.093161657555282495e+00
1.088088340253669850e+00
1.091126466946960694e+00
1.093757574144238243e+00
1.089923714571217506e+00
1.091254995691030460e+00
1.086936465922957007e+00
1.090915701442018104e+00
1.085236474129210649e+00
1.092428088322263680e+00
1.091186596528154862e+00
1.091710651201330151e+00
1.091204442014032105e+00
1.091740903479452074e+00
1.090523560207250497e+00
1.090604091633011974e+00
1.092088192915460443e+00
1.091813275433930253e+00
1.091873300894675713e+00
1.089621257638250906e+00
1.091751853514079107e+00
1.091615163079726170e+00
1.092536945651342739e+00
1.092320727884053655e+00
1.088182418600766699e+00
1.093636814061913709e+00
1.092218611532851158e+00
1.098387372279509000e+00
1.092312175856232859e+00
1.093601052086936587e+00
1.092275674559586296e+00
1.094167895242100563e+00
1.091131224678968614e+00
1.094835295470821590e+00
1.092949619867720878e+00
1.092621094420620942e+00
1.094524160797820445e+00
1.092259237778356207e+00
1.095972587390873665e+00
1.091776353804532640e+00
1.092939786914611355e+00
1.099786852950524141e+00
1.093392891826993507e+00
1.097549250959461764e+00
1.094577831347000485e+00
1.091502861111479872e+00
1.095173193739422901e+00
1.094711918282777585e+00
1.094609450503583936e+00
1.097397126360898145e+00
1.094241380058806667e+00
1.095741898470170561e+00
1.094858062520212449e+00
1.101052321288457314e+00
1.095840104873645915e+00
1.092086408627047200e+00
1.098631168225151944e+00
1.096049331176938146e+00
1.098466319490209342e+00
1.096367474411194420e+00
1.096547689316935914e+00
1.097239635350296894e+00
1.099157489252963638e+00
1.096327903451392638e+00
1.099114885537857411e+00
1.096697998207917246e+00
1.099099321400458296e+00
1.095418122330305000e+00
1.100400096656638294e+00
1.099122521331984181e+00
1.097024676220061945e+00
1.099439834203985278e+00
1.097422940059002983e+00
1.099464564013802770e+00
1.098521711894712150e+00
1.099561590745902873e+00
1.099652572672342066e+00
1.100035500192821480e+00
1.105188152125205603e+00
1.099788098787444435e+00
1.100786079693159225e+00
1.099654627229255999e+00
1.103497165667793878e+00
1.100888589652749827e+00
1.097242285929196814e+00
1.100361581468813466e+00
1.100264194459849243e+00
1.103104572735534861e+00
1.103012521747799513e+00
