9.391278757375084441e-01
3.980550493445891291e-01
1.683390088449825406e+00
1.496664044839735475e+00
9.860131613351578173e-01
6.203794472383636904e-01
4.006895709652267823e-01
2.712218302972205231e-01
1.897106202884696891e-01
1.335796517934296490e-01
9.510352848200182008e-02
7.018730466414256630e-02
5.428899182649990496e-02
4.403415083935230401e-02
3.730947141857918203e-02
3.277106661938777865e-02
2.957386269903413897e-02
2.720124589752761363e-02
2.534460367466348507e-02
2.381518070531811124e-02
1.672352910590093472e-02
2.128128079836156400e-02
2.085126312627757356e-02
1.934375454587547796e-02
1.835382973754035724e-02
1.751468758332846640e-02
1.665960110094624053e-02
1.727053684229729741e-02
1.521152356893561153e-02
1.450289390195703965e-02
1.367846995074147552e-02
1.301817507409323664e-02
1.318508840998944276e-02
1.201030996619180911e-02
1.179736090131380637e-02
1.051565942796064447e-02
1.477898808186526095e-02
9.699787260681637380e-03
8.542638812466391007e-03
8.918067105982228210e-03
8.579848514527662826e-03
9.378375859226540170e-03
7.800080917924352014e-03
8.477067310082960633e-03
7.506254281286600313e-03
6.528732575629760636e-03
4.274974050406760324e-03
7.545555274235455322e-03
5.853978956570452322e-03
6.486951289257732699e-03
5.454082388999979651e-03
4.659344612997881781e-03
5.213743074643206396e-03
5.186503531156244282e-03
3.865974525269344833e-03
9.522404908456323994e-03
2.709636475225275440e-03
5.234152904895705838e-03
4.025222294930968711e-03
4.228565288088380510e-03
3.072489525764002943e-03
2.577158290322488238e-03
6.098924079614609535e-03
2.639369152365573200e-03
3.843840464030298405e-03
9.746723020213798189e-03
6.015778006170328408e-03
4.225118411401305313e-03
3.003508532996469228e-03
1.613128574933992473e-03
2.890397761590965918e-03
2.600986831526266255e-03
3.007009661152717367e-03
4.068028318857520691e-03
1.904412903505121055e-03
1.259255581280788834e-03
4.824278640390985452e-03
1.479391519039887281e-03
2.333086096066414646e-03
2.370537516749797284e-03
2.251877191332601023e-03
2.721133180337260895e-03
2.803143200478796452e-03
7.643464790917198041e-04
1.986801417514086083e-03
1.377618752952657196e-03
2.394556992507736095e-03
2.853769000858552302e-03
2.624587513310015861e-03
1.152989142880182609e-03
1.584860521267694375e-03
2.912887806821534784e-03
6.072371852355228951e-03
1.694878603380083450e-03
1.301937725972775357e-03
6.744728749330634182e-03
3.692407353711586477e-03
4.911248085679944045e-03
3.468610307219858937e-03
1.624493991225613382e-03
2.702050335121475386e-03
2.110404266619405125e-03
1.161184887842741818e-03
9.618990243851022279e-04
1.059194431492096891e-03
1.365180732515019688e-03
1.741154399152203226e-03
1.120484602919000683e-03
2.946198307432654987e-03
1.137278659127480057e-03
7.480090512382803290e-04
1.201260722415495048e-03
2.390826678381689774e-03
6.291030462851022673e-03
2.160608858201767523e-03
5.947553944852951042e-04
1.794870884772953529e-03
6.129018536383130369e-04
6.314760656050181185e-04
4.926693311353425031e-04
7.014785186957458139e-04
1.835221756347430160e-03
1.481999895501538494e-03
9.578485724418873710e-04
4.905592749556228135e-03
1.731229756193646907e-03
1.886339026974122703e-03
5.318405960672504661e-04
1.576413206171319633e-03
4.548453418809726419e-04
1.087625880328817922e-03
6.758128410267585711e-04
6.574770887519561929e-03
2.690336505974433995e-03
1.112429759423718637e-03
2.052352159518685496e-03
2.465789664178100887e-03
8.002586814144737638e-04
1.566678308569820037e-03
5.208464892500470986e-04
6.042400085189530414e-04
1.303883856256083220e-03
6.051972408386923317e-04
4.341550006810672695e-04
3.909999400179951616e-03
8.641513647614887687e-04
1.454276814765057945e-03
1.807144284739568190e-03
5.545828340093174151e-04
3.395839045082471282e-04
3.548316849072996083e-03
4.342695762667415915e-03
9.021622896969303711e-04
4.481630159531442537e-04
1.683122625053365623e-03
6.205404008525503088e-04
6.891101102403702659e-04
2.519486247008249826e-03
6.800862665671740352e-04
7.503397755002547652e-04
6.813581308808518665e-03
1.012730143893921832e-03
5.068105006379398578e-04
2.115972471382521810e-03
8.571770989600843585e-04
4.528605444568018792e-04
4.796058958072537065e-04
2.723172710840281109e-04
5.183020976338498752e-03
4.364946469201666859e-03
1.496859017809489900e-03
1.805052517273813975e-03
1.207074531216574672e-03
8.888821085954730188e-04
3.375370131679860742e-04
7.745796233767045973e-04
4.759196648159158007e-04
9.071210866421154997e-03
1.261807228889471385e-03
4.098613240963546074e-03
3.030212558078713568e-04
6.548389316681110751e-04
4.490827140895378342e-04
1.069774664013111538e-03
3.834070417275999530e-03
4.243486770685612206e-04
1.150694914893862341e-03
1.247434302993518035e-03
6.830699984842968867e-04
1.470411874199921030e-03
3.364145265873337044e-03
8.127815430732431099e-04
5.642827930990708570e-03
1.527523265647305617e-03
2.893930494483930109e-04
4.004701537377547242e-04
9.954858677098585556e-04
2.388126131622488480e-03
9.452859285879724929e-04
2.801184294663555349e-04
4.348022523981003875e-04
4.725708568073776076e-04
6.527875706154585801e-04
1.999930590115833393e-03
1.729154223904965640e-03
1.139574169359211953e-03
5.232260609434051697e-04
2.183282156869159520e-03
1.575179401102901825e-04
7.238019697808061601e-04
1.845383830820948145e-04
5.277552819923878600e-04
1.812397916385699950e-04
9.464507466106263436e-04
3.254246527837681684e-03
6.126716031214121498e-03
2.948675928669470853e-04
6.909263179628298036e-04
1.880726126239785868e-03
1.862949628875610036e-03
5.287100312908393296e-04
1.764839514549654221e-03
1.822220959583995860e-03
1.097323845692339383e-03
6.153180288523998594e-04
2.279812473505382023e-04
2.772526848292897065e-04
2.448938673968240488e-03
1.279432588188064712e-03
1.037111840043382360e-03
3.307958791540859499e-04
1.336859195453102408e-03
4.839039158503563197e-04
1.898554782509597480e-03
4.808414034285652663e-04
2.192877181078263526e-04
2.263640700853104966e-04
1.342886345284514959e-04
2.745827943342209524e-04
4.090736979017813198e-03
4.203895089166078737e-04
2.294123494064887869e-04
5.765940629551164235e-04
2.497148737697950176e-04
2.147882105892194745e-04
3.162271049281243068e-03
2.112735196033067463e-04
1.571993558125930066e-03
1.359118438068437950e-03
1.069241115556875989e-03
1.140984230221282194e-03
5.220036823341495189e-04
2.135576411469903863e-03
1.321557559779423883e-03
1.152818156050624794e-03
6.555036581522660733e-04
4.486367955383063245e-03
1.152890693674472845e-03
2.588394317070268416e-03
1.449763029886469781e-03
9.751303571860196360e-04
2.111808752743997951e-03
8.818681106708895065e-04
1.968099021188017442e-04
2.354947412453938329e-04
2.060761890611727092e-03
4.253604321749551178e-04
1.679801620178212034e-03
8.429335568254923191e-04
1.207345390531292277e-03
2.651135039631507487e-03
3.787168812555260101e-03
1.254876003866425827e-04
2.907064920325127741e-04
2.278765226293924659e-04
3.755944725211529927e-03
1.621708253403750103e-04
5.259346103935006464e-04
1.950941381041879021e-04
1.969145805610158389e-04
1.382234178589909117e-03
3.355274599850150991e-04
4.172887157984705520e-04
8.696470141154130249e-04
1.968486640744857052e-04
1.942275333772827662e-04
9.632692629326813471e-05
1.939533202179137268e-04
5.467134007607661475e-04
1.201834960415085933e-03
1.373075261806403023e-03
3.974369498579898236e-04
1.897269577377025569e-03
3.624025105627904546e-04
2.044199573945646234e-04
4.650362598588545925e-04
9.432352285125936717e-04
1.116179964569182469e-03
4.763576188347859387e-04
4.853012870238081981e-04
