1.013292349565944495e+00
1.079335661340544483e+00
1.496872770432544408e+00
2.118775966284004220e+00
9.632153604380839784e-01
8.225831616653116463e-01
8.285615602420021153e-01
8.429068581490373191e-01
8.702106159974146715e-01
9.152740544305735249e-01
9.706218311505396823e-01
1.032671870973710160e+00
1.097566834334663177e+00
1.175913229336565502e+00
1.564554090915320161e+00
1.536930053487929992e+00
1.321245783526471262e+00
1.186629736698376902e+00
1.099623874369109133e+00
1.033445359685144505e+00
9.741357924474280949e-01
9.265210332509865587e-01
8.751431550968346018e-01
8.246962976963351233e-01
7.739712538819840670e-01
7.193603114572109103e-01
6.539155733456359920e-01
5.906463735510287805e-01
5.561225166754887317e-01
4.965729329635829581e-01
4.889461612728614459e-01
3.934162126161586115e-01
3.847201953247843531e-01
3.551959442828143132e-01
3.199289358386442350e-01
2.882975947290356000e-01
2.478706075469662429e-01
2.232826848818224852e-01
1.935495152328137736e-01
1.708519042161449619e-01
1.556330061755783201e-01
1.331561757998931117e-01
1.122729279204405656e-01
9.877386109582575457e-02
6.297084813538539327e-02
6.549490588756649856e-02
7.387432261913587372e-02
3.744748854103746583e-02
3.076438566325969889e-02
3.023424944923795363e-02
3.582923216341455525e-02
2.889360880049456071e-02
2.167205706561269388e-02
1.339882806864635123e-01
3.376184722701061625e-02
2.541117342733814968e-02
1.488841711989465424e-02
4.513889998464924724e-02
1.235230908693204094e-01
2.139699326157696105e-02
2.500186641133644166e-02
1.204031504240134047e-02
6.606172448545498399e-02
7.070227194881265054e-02
1.071630705800510550e-02
1.550974657238022268e-02
2.245026137048825379e-02
2.059997936110350564e-02
3.057231864965532023e-02
1.612668888777065920e-02
1.996730664526805143e-02
8.932954325122989189e-03
1.752749824566928946e-02
9.699217862937212567e-03
4.428507304014633883e-02
2.523909555186732573e-02
2.683430644571784332e-02
3.102391563797358628e-02
2.321389385466268718e-02
2.666997708397025532e-02
6.337865103729349581e-02
1.211602999804763450e-02
5.458613829930513556e-02
1.188653199887487223e-02
7.804437782033833704e-02
3.111748151535302653e-02
1.055660834483366367e-02
4.017755736623835477e-02
6.648741150110229481e-02
3.328320221258877082e-02
3.140712538670116516e-02
4.138365644113893571e-02
1.025989249917283741e-01
5.040840447030682514e-02
2.130129155511652564e-02
3.317231080935653664e-02
3.216584420021405960e-02
1.109861242405561603e-02
4.762351331975604729e-02
3.158752108564702454e-02
1.377121148854393469e-02
2.041355093488431485e-02
6.945978567154982575e-02
1.312361283358965368e-02
9.852399687671808959e-02
7.781755571291261442e-02
6.446851111664421430e-02
2.772127091133886473e-02
2.432565803491475165e-02
1.293007159805402949e-02
5.911071332762110608e-02
5.225463413902201038e-02
1.042074297843419498e-02
4.250033609819124647e-02
4.112578284630778042e-02
3.876527440631690608e-02
2.817087752127853811e-02
5.650990460801927351e-02
1.406399395091873471e-02
7.715200380500310262e-02
1.163524930055053891e-01
3.765211822260709773e-02
1.288495150443398976e-02
8.715120898478562195e-02
3.148194504478471489e-02
1.265353019122235530e-02
4.043673059313267204e-02
1.544926341663561443e-02
1.056325167365253052e-02
1.339744679483952788e-02
2.319993869798525968e-02
1.021301254298701555e-01
5.549810036505880423e-02
4.435866939220489691e-02
1.185586823811826153e-02
1.532276474026393262e-02
8.117293755466334360e-02
6.801490234189259965e-02
2.892775250945776519e-02
1.312946408095917901e-02
1.079116391545091591e-02
1.562824516131258029e-02
9.079424133655126031e-03
9.028608506816750146e-02
8.501823787262224527e-03
1.733405483571699712e-02
3.994372813998933736e-02
1.676754207390856316e-02
1.175183186378278566e-02
5.542195155996702816e-02
1.714538873957655724e-02
2.077937576504452696e-02
3.213061886509867293e-02
1.310564640631357164e-02
3.704839469929246260e-02
1.204160028896198234e-02
1.551964650243539134e-01
4.432727675206410423e-02
5.719792415293394050e-02
1.678630275596304164e-02
7.233168897694845778e-02
7.112692780719651053e-02
2.632058626664262810e-02
3.765261763703633274e-02
1.069314207976380660e-01
4.164848217604993907e-02
3.009938878398983261e-02
6.893267223222751539e-02
1.622138887404702204e-02
5.961166524882782064e-02
1.053328829815721179e-01
9.318229008555249659e-02
4.129744622316776359e-02
2.593366662636418379e-02
5.669796969507498452e-02
3.093046785537222412e-02
6.719185958692461269e-02
1.359349509929204392e-01
2.077412965680343337e-02
1.214697395077999620e-01
5.933430055288563959e-02
9.515825911686438821e-02
3.401307423297578875e-02
2.534725006400080638e-02
1.544970457633521865e-01
1.479831302223003076e-02
2.581713651227770037e-02
1.863244541940209387e-02
3.396746266934218966e-02
1.395185915100331971e-02
3.674872561728378950e-02
2.008644276626337516e-02
1.346354575222893646e-01
5.210349813400520780e-02
1.977654653703502657e-02
3.134563729647900365e-02
8.122210143145935923e-02
4.698244659221451763e-02
1.269229807386781407e-02
1.778159327577518919e-02
1.889763139018330040e-02
9.265385145014881293e-03
9.727679133554618246e-03
8.431240642289483320e-03
2.518579516412669875e-02
1.214148060787492711e-02
2.646126050714817102e-02
1.020598477260449208e-02
1.249274890881785643e-01
3.534353247394894648e-02
5.050166107067125681e-02
4.532625804029367933e-02
2.395354811541805864e-02
6.510968653221861635e-02
9.741960916993239183e-02
4.002009348693448543e-02
4.097542909741410527e-02
3.131772398993679790e-02
7.286212839204911362e-02
2.230740139336749583e-02
2.809057149728054828e-02
3.060142894079755788e-02
5.650136162770309084e-02
3.610870946884341126e-02
2.735648146330743602e-02
4.395356172420792490e-02
6.352580616157191273e-02
3.082153736216982146e-02
1.962592553850873306e-02
3.190476238122010727e-02
2.923676490541887024e-02
1.543750110540934722e-02
4.135563639046313522e-02
3.999514334199208432e-02
2.046990361621683213e-02
6.673960705850395803e-02
1.537251677984584688e-02
2.076676791810283182e-02
4.785367062525611864e-02
6.682766450418553550e-02
1.477322934734052844e-02
5.665912896135401333e-02
1.519971736989062239e-01
1.917105463012915706e-02
1.804812964825874486e-02
1.483135379010186786e-02
1.316572535973112579e-01
6.817992644010972825e-02
1.119106023562270805e-02
2.536870751682523961e-02
1.828146845871173737e-02
1.864956728737846361e-02
1.964306333088587653e-02
9.183659105834666991e-02
1.317710433983981799e-01
6.187144133464073797e-02
8.360203722148146915e-03
2.684361900481718743e-02
2.089308382868785424e-02
5.003093174466678034e-02
1.368367240660410891e-02
1.438711421298682208e-02
1.121963331505585609e-02
1.099441617342487333e-02
8.952554313507460337e-02
4.547875769426540371e-02
2.418092773844701324e-02
1.042556656273145865e-01
2.563097984634600535e-02
1.586351772550012584e-01
2.704804794089882281e-02
3.765075743261692143e-02
5.793471569182561537e-02
2.530345648911358145e-02
3.709628791086073268e-02
1.163467471476449938e-01
1.977819411862376600e-02
6.348621693627187756e-02
2.401560435324658072e-02
8.684286399037524640e-03
5.452649705890268150e-02
1.740432792315435226e-02
1.369041407202048824e-02
1.018250308991189151e-01
3.014612985520106689e-02
2.578725112794823249e-02
9.194735258061782768e-02
4.574984531135348198e-02
1.140005496100460723e-02
7.018741641376932683e-02
7.114840173336559048e-02
5.643950879131661574e-02
7.757704289012995469e-02
6.099554426153079578e-02
2.669530109556240288e-02
3.643593450798807837e-02
8.997485609699283626e-02
2.381801369769158752e-02
1.564096653664874548e-02
4.352212134822047718e-02
