1.051145246437718228e+00
1.787372807757168003e+00
5.958363884586911574e+00
6.326887013515858804e+00
6.519124439685759498e+00
6.624756879406287879e+00
6.686975022046635964e+00
6.724006236803631076e+00
6.747390957943794731e+00
6.761659941939970331e+00
6.761703682590229469e+00
6.752732232903808196e+00
6.740490482370836034e+00
6.712142897855697399e+00
6.675270417059610217e+00
6.602922953569248854e+00
6.413931687201970711e+00
6.429238171482813513e+00
5.715350066357508751e+00
5.447239625713511835e+00
5.434865139272909040e+00
5.023048545997442993e+00
4.737070283305026663e+00
4.374103756545935973e+00
4.054723223757020101e+00
3.772824106675510158e+00
3.521795878086584342e+00
3.266536948020821729e+00
3.046443893878035603e+00
2.838728102477857451e+00
2.639397275920768671e+00
2.467880261326882874e+00
2.277835006887405811e+00
2.107469468013880576e+00
1.953325142114898050e+00
1.806407445235738374e+00
1.663523579678101827e+00
1.537741591571143429e+00
1.418922722468755060e+00
1.299669488523444549e+00
1.183388453976749188e+00
1.086376002897187165e+00
9.840333725988716917e-01
8.888101686964267056e-01
8.170426710017918426e-01
7.265960306710333994e-01
6.551750259589880221e-01
5.994007044475306856e-01
5.191109392388920662e-01
5.102181495609394712e-01
4.111710970750471761e-01
3.731170496492851596e-01
3.300604823931803100e-01
2.593078423151443657e-01
2.398371479070559309e-01
2.032265805221190047e-01
1.683361533149757006e-01
1.504952133437791606e-01
1.139153561016206656e-01
9.398180641501230337e-02
6.592198640765144224e-02
6.125809959427486878e-02
3.976592177116038823e-02
2.990015871662531077e-02
2.772067132370842693e-02
7.963513825267498625e-02
6.362539421051048583e-02
4.346288227182820013e-02
3.772707673093551178e-02
5.631113568492873700e-02
5.948561454571479890e-02
6.044857077160353115e-02
7.807025685892272915e-02
8.040790302328360006e-02
6.101364450407541218e-02
8.706929961027602694e-02
7.966793979845566975e-02
8.805085266022084911e-02
9.143195474391151156e-02
8.920101606159748509e-02
9.182389526579091965e-02
9.778355829514967512e-02
6.994372862648648437e-02
1.017496433279783674e-01
9.676666402586478477e-02
1.461240424576193964e-01
9.919141227586820986e-02
6.581798877799394099e-02
1.111279771434208891e-01
1.132067158470271562e-01
1.204570704843608980e-01
1.017158472653684753e-01
1.127749317420062430e-01
1.022555975192971089e-01
1.017026844238023836e-01
1.028477656356699271e-01
9.517213884991415629e-02
1.310312431134677547e-01
3.432479766513855945e-02
1.252794659704715985e-01
1.093129566262995150e-01
1.168336659001748545e-01
1.115243153444943347e-01
1.171234366961020068e-01
1.074145711345881465e-01
1.140367629198729416e-01
1.058561840602695592e-01
1.207508300721448213e-01
9.215037223180724824e-02
1.215436621279513962e-01
1.076847647565424143e-01
1.079956680887538961e-01
1.291100045646727812e-01
1.034580113791491590e-01
1.089751616877440848e-01
1.254021506601809832e-01
1.360109158946861130e-01
1.362376278482980985e-01
8.733229454504758127e-02
1.192792362268974699e-01
1.022351059930074885e-01
1.226836231824016410e-01
1.330493887867154335e-01
1.001068068959329038e-01
1.156924758953423726e-01
1.549226426562997083e-01
5.286422886571465196e-02
1.189441450404565004e-01
1.111071237144901913e-01
1.369790913008213651e-01
1.365456368188065206e-01
1.655604591335223252e-01
1.234645438366934050e-01
1.300514246278467734e-01
1.314878172373087906e-01
1.249990250952763005e-01
1.477477799176577788e-01
1.246169099377961442e-01
1.369261771523550553e-01
1.290941863835869396e-01
1.273977826496842103e-01
1.366195177261340377e-01
1.192155390345201599e-01
1.251195528547048574e-01
1.073367088615730103e-01
1.338996383335318563e-01
1.264004033174186969e-01
1.480990310516910324e-01
1.238705311580801521e-01
1.560971383203246243e-01
1.257117246839211111e-01
1.280255569843330998e-01
1.478534567436338154e-01
1.335971136298574613e-01
1.372849808835648056e-01
1.452006363009842038e-01
1.295384498500293524e-01
1.360389908898483879e-01
1.347117944544102275e-01
1.339283580010183772e-01
1.373440438587653356e-01
9.398371804379346273e-02
1.393566054691429967e-01
1.404213105210669610e-01
1.573496093143510466e-01
1.197457312312387306e-01
1.376711604998031857e-01
1.198372666462942659e-01
1.349848729437184980e-01
1.376048731240481493e-01
1.336138783716099565e-01
1.440581869480790644e-01
1.236867586970698263e-01
1.334477272397709413e-01
1.313091547136389370e-01
1.409655916061913761e-01
1.288153565086312957e-01
1.324815791633924822e-01
1.357694297901046454e-01
1.627509174244314016e-01
1.441511576552074736e-01
1.384952144650734851e-01
1.329866485900383088e-01
1.385869072637589128e-01
1.570679246791139017e-01
1.311319762203426720e-01
1.314404324496459275e-01
1.391196518615477051e-01
1.323851330573228569e-01
1.449891836876182893e-01
1.422903274438905852e-01
1.385116245498298482e-01
1.417971844745639087e-01
1.363369475558532662e-01
1.438967555580340507e-01
1.263342212263460218e-01
1.633197163539188979e-01
1.370645742135605805e-01
1.480315150654090695e-01
1.453369252066167572e-01
1.454288012848656553e-01
1.450116416525329133e-01
1.402745762228387594e-01
1.570341741482082498e-01
1.427100125736648906e-01
1.422877032360816696e-01
1.460895503369823711e-01
1.385283716161804513e-01
1.533939374305936798e-01
1.505018838224215505e-01
1.601575517789712577e-01
1.279074971957765150e-01
1.448023054514244456e-01
1.324617318251589959e-01
1.444573823008666880e-01
1.571364585715224471e-01
1.455824436761521956e-01
1.542478110641449518e-01
1.683174574337704676e-01
1.421814545190089873e-01
1.623863524535538172e-01
1.379740798008004532e-01
1.360172762079102371e-01
1.386775777161608214e-01
1.399259123611312772e-01
1.402567132018965324e-01
1.517075620751884013e-01
1.452088898187292587e-01
1.522733592847808348e-01
1.455549523539506340e-01
1.355117508613481181e-01
1.350606889860103410e-01
1.321155422331652396e-01
1.466512734554812625e-01
1.445284787477644495e-01
1.653189096817766490e-01
1.419489203594569704e-01
1.387097524233425472e-01
1.434677607554232237e-01
1.464199771586948973e-01
1.503435965580977307e-01
1.581709279898421971e-01
1.342629076428615564e-01
1.425793500274081527e-01
1.200399715916881521e-01
1.334623787100617520e-01
1.375204048869574924e-01
1.422767183069675034e-01
1.379908546610087439e-01
1.408998816936605225e-01
1.570824070123887917e-01
1.583866805826917024e-01
1.414408471716493698e-01
1.457847166994057919e-01
1.461647511997194171e-01
1.487613301046046277e-01
1.431169752720962696e-01
1.440828853511825491e-01
1.529946962767421981e-01
1.595366719009892464e-01
1.507686936995226989e-01
1.477317336736966580e-01
1.476535651289547502e-01
1.463437176802866446e-01
1.433963688918983570e-01
1.462606654109729343e-01
1.395033228592052754e-01
1.455939771445816933e-01
1.683263880886009256e-01
1.440703962891225764e-01
1.432354230903084558e-01
1.554455901893983527e-01
1.453376236603800831e-01
1.568126772787800383e-01
1.497173963870540581e-01
1.457931429498046938e-01
1.594122937212382740e-01
1.503392360137182637e-01
1.506888162100441519e-01
1.474068542412077520e-01
1.516215139794578337e-01
1.490550180594543139e-01
1.468347099016676094e-01
1.416569126100764853e-01
1.532145018883994403e-01
1.540565347618783609e-01
1.572396626667857678e-01
1.710243905925454833e-01
1.526678490559875978e-01
1.683982367113795731e-01
1.572172521208477780e-01
1.505181150219298547e-01
1.680880648390693788e-01
1.537425625340621826e-01
1.640661683705299523e-01
1.595312277236009824e-01
1.604317814086921867e-01
1.511288536668663751e-01
1.613019328392858998e-01
1.628881884242831535e-01
