9.674652865932050760e-01
1.349432888953962184e+00
1.186578918133216476e+00
1.200526375510610366e+00
1.203094304925578228e+00
1.203823392404317572e+00
1.203682918996235252e+00
1.204279116140135386e+00
1.203829691444601169e+00
1.204973554059506125e+00
1.205014970463613277e+00
1.203433144768848662e+00
1.205912424962606755e+00
1.205930226000018202e+00
1.205930520446564902e+00
1.205930310029783348e+00
1.206295540292253055e+00
1.206392736262821508e+00
1.206396129870239919e+00
1.206396280672287658e+00
1.206396347567820326e+00
1.206396334884637822e+00
1.206396336970982031e+00
1.206396216630278406e+00
1.206397226466859207e+00
1.199525155240746876e+00
1.199509254093092059e+00
1.199508906136002029e+00
1.199508825523465383e+00
1.199508828091868429e+00
1.199508860509427510e+00
1.196645266404785524e+00
1.199075115476287534e+00
1.199057836110436259e+00
1.199057834925134181e+00
1.199057834455450333e+00
1.199057813943776418e+00
1.199057819614771647e+00
1.199057873574536082e+00
1.199057521311016394e+00
1.194859335948249335e+00
1.194027975410003828e+00
1.194027624498862794e+00
1.194027515978970833e+00
1.194027529562329271e+00
1.186547106812906760e+00
1.185440157440515119e+00
1.185424370922281367e+00
1.185424079273376341e+00
1.185424054247205206e+00
1.185424108940358323e+00
1.171514523543550457e+00
1.171556453790033148e+00
1.171556266567199689e+00
1.171556273283391292e+00
1.171556314468286342e+00
1.171556324469947619e+00
1.171556266533185120e+00
1.171556305721679125e+00
1.171556117443868894e+00
1.172879568087596747e+00
1.166763030665908474e+00
1.166738197454361803e+00
1.165131439352606435e+00
1.164764903184001943e+00
1.164766225800210497e+00
1.164766145479567916e+00
1.150153231748105132e+00
1.150191917104605555e+00
1.150191185657847059e+00
1.150191219698220468e+00
1.150202571600976720e+00
1.142501932545840537e+00
1.142438222784885271e+00
1.142438264013576843e+00
1.142438314787749709e+00
1.142438108569661104e+00
1.142438268694682568e+00
1.142438163698948017e+00
1.142438214478865621e+00
1.141601480543910307e+00
1.141608627405333642e+00
1.141059251611011849e+00
1.140272602638576771e+00
1.138777413706452135e+00
1.137213925577613471e+00
1.135328862065715372e+00
1.134879564699727617e+00
1.133075578059214772e+00
1.131511041844483145e+00
1.130850054414059391e+00
1.130770428559996876e+00
1.131315296672936288e+00
1.128004788763932620e+00
1.126495767155460959e+00
1.123916076589256630e+00
1.125113906697815302e+00
1.124083321432604698e+00
1.121878165924833359e+00
1.118957786499249929e+00
1.118594604729974851e+00
1.118533265828490331e+00
1.114452850615230028e+00
1.114365400232821157e+00
1.114433175689025779e+00
1.114340348106473089e+00
1.114174109357571885e+00
1.110126500525626003e+00
1.109355003401103490e+00
1.110067761701699407e+00
1.103297668553811839e+00
1.104538856741483333e+00
1.104323094343873102e+00
1.104974286441837705e+00
1.103073266903696004e+00
1.099290414507630098e+00
1.098521094164880862e+00
1.098006823793886477e+00
1.097936677543078554e+00
1.092558516277550629e+00
1.094940145869992998e+00
1.090595404940874591e+00
1.091206305960245038e+00
1.090188623686445757e+00
1.085564362671098237e+00
1.089728911591986815e+00
1.088902349824631743e+00
1.086205251924340809e+00
1.084918140713031498e+00
1.083570630986224526e+00
1.083642398674956153e+00
1.082273620770475953e+00
1.080870600004642412e+00
1.082216377981365385e+00
1.079883710810802144e+00
1.078537168201557650e+00
1.077701315133034798e+00
1.075870798954039698e+00
1.076353455151051186e+00
1.074256772426204209e+00
1.075436289835734804e+00
1.074737813928064778e+00
1.072044332154037827e+00
1.073308832496074894e+00
1.068184387664569357e+00
1.066873883430492720e+00
1.069576100791583606e+00
1.071493385056519143e+00
1.069004218989265231e+00
1.069651667494793790e+00
1.066529211373561159e+00
1.067427159425758276e+00
1.064866632422839965e+00
1.066530247191281866e+00
1.065544248627808610e+00
1.064598462865903539e+00
1.065344491620817235e+00
1.063630982610287878e+00
1.064084787045377567e+00
1.063173135171641359e+00
1.062563159957349068e+00
1.062500089135819614e+00
1.061661310326064811e+00
1.060534115807608035e+00
1.059829263529888932e+00
1.061533298797346703e+00
1.060813921837320928e+00
1.058756523690665752e+00
1.060160452817822119e+00
1.059181575637118566e+00
1.059438441014982857e+00
1.055690581044989473e+00
1.059429322313818700e+00
1.055647935336010201e+00
1.057166912085701904e+00
1.058488899875963396e+00
1.057085159921845818e+00
1.055891228460813069e+00
1.056343539120647490e+00
1.055279418097571309e+00
1.055248475490871307e+00
1.054656694032428232e+00
1.056720255616830917e+00
1.052832013078238926e+00
1.054749189855957558e+00
1.054331674299338273e+00
1.055831794241683719e+00
1.054641957857465062e+00
1.052762658296855003e+00
1.054367862811207868e+00
1.055809825781203193e+00
1.054190689526528724e+00
1.053855472094008316e+00
1.053688042323299934e+00
1.052179585574979592e+00
1.052661140546037988e+00
1.054389369619575412e+00
1.053185761197993342e+00
1.053957620292939490e+00
1.052585480597339584e+00
1.054971869787034500e+00
1.053291810022348729e+00
1.052243943281954808e+00
1.053165425544243305e+00
1.053606688431644622e+00
1.052531512981218720e+00
1.055059739760731752e+00
1.052763780080527178e+00
1.054893243603592046e+00
1.053139148994588936e+00
1.052712119877056152e+00
1.052847981349966489e+00
1.055331754011665346e+00
1.053727112329486904e+00
1.053533120874139195e+00
1.053083222164410193e+00
1.055099731113190664e+00
1.053695203618504994e+00
1.054947416072501865e+00
1.055598813435881578e+00
1.054788722517324029e+00
1.052994076268874757e+00
1.053355850041339803e+00
1.054540314915501931e+00
1.056401196092837669e+00
1.053405324940285714e+00
1.057637595677391795e+00
1.053244916335818848e+00
1.054176456472535550e+00
1.056354745269328710e+00
1.054775774763924590e+00
1.056217891067085635e+00
1.056886930385198653e+00
1.055295604206152538e+00
1.056618485531880092e+00
1.056215126308480690e+00
1.056422455717928255e+00
1.057527849066576042e+00
1.056053496856488749e+00
1.057725004216111264e+00
1.056352414982414833e+00
1.057685634619764281e+00
1.058605041264770730e+00
1.057969469494863146e+00
1.057150936312288847e+00
1.057810743892057870e+00
1.058060488934534416e+00
1.058999448806294819e+00
1.058355173441169583e+00
1.059259774491579487e+00
1.059542958070034402e+00
1.059400552220495229e+00
1.061468872929229423e+00
1.061025729017007091e+00
1.060358412157593078e+00
1.062179213787993959e+00
1.061236219427630356e+00
1.060606718638343660e+00
1.062847537915232676e+00
1.060240794296982481e+00
1.060625537630150328e+00
1.062856863946423314e+00
1.062513961157748099e+00
1.066164202105199355e+00
1.065764308965405860e+00
1.062603829630518248e+00
1.064566231882825509e+00
1.065355589013017967e+00
1.064638708549938917e+00
1.065281057230640815e+00
1.065624016499449933e+00
1.066145494665186710e+00
1.065845700484528757e+00
1.066324669838579542e+00
1.068320685674781556e+00
1.066489137522480091e+00
1.067888917903878410e+00
1.067720242554350163e+00
1.068143182510213451e+00
1.069823788764577843e+00
1.068690605422365714e+00
1.069867795399299437e+00
1.070353579389888843e+00
1.069393095945533334e+00
1.071046084216447758e+00
1.071415605843512919e+00
1.070725096921459452e+00
1.072873152777298555e+00
1.071593081944103076e+00
1.072950547519608167e+00
1.071857806271519387e+00
1.073729265029490731e+00
1.074468549379786086e+00
1.073024997630776189e+00
1.073605272544985612e+00
1.075073576429954603e+00
1.073443394849226351e+00
1.074906967418224557e+00
1.076385976973795566e+00
1.075191248495329210e+00
