1.059893127356487774e+00
1.376529221354342525e+00
1.798410901878293222e+00
2.062673930871344652e+00
2.021598304343617869e+00
1.942647315368172478e+00
1.882441435978858602e+00
1.836702400363322107e+00
1.836527102332068173e+00
1.780931867998017726e+00
1.765407040782521308e+00
1.740155265578304800e+00
1.733732644140990597e+00
1.767339013275296855e+00
1.708007625783741767e+00
1.704206059759360015e+00
1.684446210812960754e+00
1.683526413314760939e+00
1.682455492562282551e+00
1.656304835285896226e+00
1.665553709916129277e+00
1.666054745567820738e+00
1.644994331453130565e+00
1.650582948228659141e+00
1.651605975013137328e+00
1.630710502645132953e+00
1.635126503411114429e+00
1.636605814838058448e+00
1.611943579800753534e+00
1.616041046250950464e+00
1.617966058869708235e+00
1.593936976850270471e+00
1.597125788199691199e+00
1.599579705000080176e+00
1.583482458332313270e+00
1.573284156884668050e+00
1.576582238909208566e+00
1.578035190429996515e+00
1.560878133842894311e+00
1.565062442662372266e+00
1.540895860652577332e+00
1.545221532008717924e+00
1.541009343662758768e+00
1.525326245360975719e+00
1.527863547791512566e+00
1.521023106758224275e+00
1.512297869556960439e+00
1.506167916752553237e+00
1.509955774822436370e+00
1.496145833502532829e+00
1.482112539802588280e+00
1.484164100981548495e+00
1.463449478356187550e+00
1.467102360696495911e+00
1.453878522183146726e+00
1.453527806956219637e+00
1.449597535688506023e+00
1.438620118994490049e+00
1.411169725864940938e+00
1.421162340425336845e+00
1.421428055890532338e+00
1.398111355737800876e+00
1.400729820155943717e+00
1.401244891122592540e+00
1.378060482125250674e+00
1.381913714578200336e+00
1.381765616122623053e+00
1.364749324168206490e+00
1.369952854799015629e+00
1.355187301380573750e+00
1.344767815357295948e+00
1.348448898440698818e+00
1.337185428031447687e+00
1.324976527541080085e+00
1.325037141420999376e+00
1.316300872489698071e+00
1.292535464742770923e+00
1.302527950862701456e+00
1.304284003538350056e+00
1.291886488502629549e+00
1.286561335426599451e+00
1.270025041202522464e+00
1.272093453306254007e+00
1.271529699647556466e+00
1.257045814583435117e+00
1.257687623736144289e+00
1.242361749960611661e+00
1.246635740670637427e+00
1.223964337876200181e+00
1.232547048528617406e+00
1.235095642091332158e+00
1.220989602110562622e+00
1.219091311676799183e+00
1.207936530763917160e+00
1.199652583489853042e+00
1.203642379006971463e+00
1.193630537361701771e+00
1.189336976661311995e+00
1.188732747679102975e+00
1.173526314147060434e+00
1.177525017043333344e+00
1.183634270705301583e+00
1.163626701675428698e+00
1.163907684804273091e+00
1.159209620533752316e+00
1.146950647785048183e+00
1.151825291198246282e+00
1.126447247934365237e+00
1.133941456796036640e+00
1.136733076538982923e+00
1.134844217774366948e+00
1.125633360212863199e+00
1.121797151905099543e+00
1.108301477301847582e+00
1.118234346486284947e+00
1.106442192235231881e+00
1.110190503648573745e+00
1.096433798145627136e+00
1.100534899461628191e+00
1.099415119710596356e+00
1.089652873235977371e+00
1.092187228484482908e+00
1.079681489920841120e+00
1.082510344023082327e+00
1.081077254865948856e+00
1.072541307716583514e+00
1.064930049699467363e+00
1.068800723949452802e+00
1.068111974235530948e+00
1.072765451425212735e+00
1.061111831718003051e+00
1.059909759181727695e+00
1.051798080575682581e+00
1.053747421537583051e+00
1.041227483491038219e+00
1.045505679343838645e+00
1.048185072800297712e+00
1.040553874661561684e+00
1.040894577634802198e+00
1.033251479035846687e+00
1.036741389342102471e+00
1.024615536991741571e+00
1.027329582430356325e+00
1.031151492928189972e+00
1.017650946072357954e+00
1.020320537227960678e+00
1.017544707770896784e+00
1.023401211890637708e+00
1.017111328647845925e+00
1.011313006797632585e+00
1.014229615256271311e+00
1.003738197773137886e+00
1.009248576244267781e+00
1.009544859625811197e+00
1.000224506777922517e+00
1.002784227511781756e+00
9.912880852264911447e-01
9.933374425018680620e-01
9.974798364488958180e-01
9.886210987796171246e-01
9.879093933253213500e-01
9.902369182944845694e-01
9.901022316299623593e-01
9.864688095143582247e-01
9.836433517304706831e-01
9.864475358710019792e-01
9.776969271669344597e-01
9.803326504475179393e-01
9.803407108072657028e-01
9.755133433375794416e-01
9.774155061865125171e-01
9.712588157216077711e-01
9.751330190618006100e-01
9.759848963517409048e-01
9.691170136484227315e-01
9.722322263003675413e-01
9.622270062603941465e-01
9.660658215501602974e-01
9.652193483096647153e-01
9.623397681955093708e-01
9.646929558214307754e-01
9.629584870733083335e-01
9.556008371480061436e-01
9.578931923695079842e-01
9.598712628118665213e-01
9.520754988093501625e-01
9.551092632409607930e-01
9.556840464546006997e-01
9.504220824036425652e-01
9.588034274659437139e-01
9.515020592145062572e-01
9.554354049504237834e-01
9.520394170648290855e-01
9.458372703303039586e-01
9.489333752250493914e-01
9.488411966790987195e-01
9.472247888093794366e-01
9.460261492706587561e-01
9.448564213541107426e-01
9.456136623038843281e-01
9.435880633394315709e-01
9.452332742190756587e-01
9.429897071820207977e-01
9.372697358121526712e-01
9.410077400753106280e-01
9.378718405433281724e-01
9.411613003445780112e-01
9.318545476325860166e-01
9.356825914870469107e-01
9.370112166840071088e-01
9.446885862385728805e-01
9.336956308924848624e-01
9.363128419067339170e-01
9.298874250670937647e-01
9.342349948904306034e-01
9.338017454226772429e-01
9.331807221702874688e-01
9.326518237914231957e-01
9.275410521218578896e-01
9.302490856419155518e-01
9.312112514360030291e-01
9.313528593908354525e-01
9.271374939169506613e-01
9.238694711894235301e-01
9.275182802886635658e-01
9.296416398173624751e-01
9.247922825525523027e-01
9.277438958703400074e-01
9.231132559848808095e-01
9.257710242955858870e-01
9.305034304140491486e-01
9.262851446956810175e-01
9.212679462374941952e-01
9.247641793751475436e-01
9.225615604125373403e-01
9.238022895620712216e-01
9.260734444968763412e-01
9.218462169595895705e-01
9.252520688682144279e-01
9.204457643184809079e-01
9.244176203884479914e-01
9.208589339048998124e-01
9.251974954958367414e-01
9.200725797925988214e-01
9.202507047824818320e-01
9.233638062107626387e-01
9.183333830046892521e-01
9.212131108018100090e-01
9.230126701677723311e-01
9.201659640417981789e-01
9.198614803842921628e-01
9.209794272638469614e-01
9.157257501638095265e-01
9.190032204707119234e-01
9.177353415319889907e-01
9.215394564955928791e-01
9.195787366207365254e-01
9.201937340667747378e-01
9.171580196484619973e-01
9.192211922668930280e-01
9.179015260160717782e-01
9.203726380977819144e-01
9.138477732510437157e-01
9.203279948786371456e-01
9.183451151505873655e-01
9.212753540574606381e-01
9.187324841738080394e-01
9.161574929330288386e-01
9.179119833097166836e-01
9.185097015032888113e-01
9.176506075408785712e-01
9.192791283044188244e-01
9.150931328224092276e-01
9.185570473292401505e-01
9.172655439933089516e-01
9.196863093621330254e-01
9.157331172355245297e-01
9.195092426444209099e-01
9.202158596732785689e-01
9.146348746685624143e-01
9.172586629516196188e-01
9.209942102588134505e-01
9.185807256558657929e-01
9.191221378725868973e-01
9.207027517383308268e-01
9.131740561653171051e-01
9.207518361399043005e-01
9.149115714997206883e-01
9.172381042257354844e-01
9.200649743469849762e-01
9.186408661539200438e-01
9.187349704096751113e-01
9.214720213524294490e-01
9.203035610340124517e-01
9.216114837374396185e-01
9.184911722890362062e-01
9.223458408956256571e-01
9.164531261500714621e-01
9.210099138791482121e-01
9.225197836958071163e-01
