1.111969420298536404e+00
4.072520753617171474e-01
4.160392576531515285e-01
3.427120226497292754e-01
8.333772488065066542e-02
5.305500157858091502e-03
2.059126556426949754e-03
3.513592256524050543e-03
7.014724055156473966e-03
4.465841965243739879e-03
4.570469666293297192e-03
5.134083495366531871e-03
6.261710702219184903e-03
3.760651671830968299e-03
3.198989542041264910e-03
3.815309162115335714e-03
4.082715116189731229e-03
3.945118483748383427e-03
2.840070291024893515e-03
3.545390229280907888e-03
6.352819413255503603e-03
3.262309331323800556e-03
4.169399871045765746e-03
4.167990291817954239e-03
2.461521537452166473e-03
1.693832889964998548e-02
2.477181765648773723e-03
7.990584158949747690e-03
1.869485768629293183e-03
1.402420286605885608e-02
5.971564671211357714e-03
4.774974462634213462e-03
6.466468877938709101e-03
5.716531850080709340e-03
4.095767802609740979e-03
2.446329796712024603e-03
3.593241839428326385e-03
4.526240385984678198e-03
6.450915705297434813e-03
8.379036314580267514e-03
1.729279647591794311e-02
3.737084425313712526e-03
4.091575462285670754e-03
1.725933445686160961e-03
5.900466517154280381e-03
3.771248004667312158e-03
3.917090194922374924e-03
5.014480422517647584e-03
8.519572407705825259e-03
2.153503057051929341e-03
1.491198846966078004e-03
2.645735753363180620e-03
2.626389552088079053e-03
3.752480872718552685e-03
6.088645250522654005e-03
6.967009811694683391e-03
2.438031757802878400e-03
9.044424219112034632e-03
2.904792691726726037e-03
3.814836206497376758e-03
9.792831214549036628e-03
3.370416225321198542e-03
3.562434840450039598e-03
4.729684470648435647e-03
6.081328929564915921e-03
6.263148274663699402e-03
4.872472593229883707e-03
3.243011288208887382e-03
6.355870774652768590e-03
3.514925814614231880e-03
7.482467443620073426e-03
7.467107087529028034e-03
5.981089976936748709e-03
8.690286710505394294e-03
7.812694506443909614e-03
4.955194722644390079e-03
8.722118198404424025e-03
2.740005776645471243e-03
7.796861606066791787e-03
3.256850446910929640e-03
4.521635880728216463e-03
3.939771892370287805e-03
2.596435393833848148e-03
3.523293714077420716e-03
3.935128830867148930e-03
2.743913136010486895e-03
3.443909602778771114e-03
2.703736191424390648e-03
1.043427362281616928e-02
2.834732088049799620e-03
2.886716125005194672e-03
4.870714433573818287e-03
5.298102664291450686e-03
1.956808432727559499e-03
8.473924400867090256e-03
4.202219258693990801e-03
2.316883559652795077e-03
2.558953115215904187e-03
6.153161849449709231e-03
4.661268517024298036e-03
4.844612882605577910e-03
3.117213092126472004e-03
2.293880950011558881e-03
2.752319366346900765e-03
2.846442980668181019e-03
3.481285500203601391e-03
2.560695221926019647e-03
2.243821765727680492e-03
1.956795639292582736e-03
3.404901214840088102e-03
2.276678903083945160e-03
2.051237219157872865e-03
3.102973119505062286e-03
2.522320890952235804e-03
3.964790483981505201e-03
2.919691315678101147e-03
1.739672972327769565e-03
1.772156206917354553e-03
2.066309230573047315e-03
1.813488967275795954e-03
1.754842231612563710e-03
1.314006092850984004e-03
3.866290165599801758e-03
1.574508363274838233e-03
2.614740111213621591e-03
1.631708597379260368e-03
7.300181067095991294e-03
2.797637607226920609e-03
6.026677715425876776e-03
3.506121495394722270e-03
3.594114993851573771e-03
1.644994974000498411e-03
8.461983264093211670e-04
3.988491588185118382e-04
2.877609904280414160e-03
9.888691545360032108e-04
2.835436715526434316e-03
3.724658321303938365e-03
3.577768368229103726e-03
7.117943274488584696e-04
5.362999321964389198e-04
1.943629105443416688e-03
2.393691927018628401e-03
1.026204102100483411e-03
1.894073122228749932e-03
1.245027305230182171e-03
7.516024647776592621e-04
5.716697181506945292e-04
3.898143308901834089e-04
2.533974745158038607e-03
1.209205770340018860e-03
3.261085529473240364e-03
7.910229544918687388e-04
1.162914153818750190e-03
9.140964719941903523e-04
8.016675447431415935e-04
8.233626562430098120e-04
6.388176156141309268e-04
5.769756661646622490e-04
4.231450540800467224e-03
1.657396621750057471e-03
3.267389924074121793e-03
9.681071831330288757e-04
1.108721246855633820e-03
1.148035825220948590e-03
1.775737055862274764e-03
3.324749894405811673e-03
2.933431353351079098e-03
4.683395343912346437e-03
3.031163415189541514e-04
1.378869154791435760e-03
2.108387953190556628e-03
2.454379161800840977e-03
7.211474446687056103e-04
2.529014168391478280e-03
1.251417358298801547e-03
1.170917447579933887e-03
1.020145842919584472e-03
2.518585608891167355e-03
3.581375527250645736e-04
1.219762757131867938e-03
2.864600236245549297e-03
8.427581494784415440e-04
2.335652099235386962e-03
7.166058732995116316e-04
1.134034175396316521e-03
2.281883367173147097e-03
6.326514851340081860e-04
8.333054309345997498e-04
1.308455996563268357e-03
5.233020024098614933e-04
3.024187437766769570e-04
7.919085281225437655e-04
9.726687154066147997e-04
3.520584176075385930e-04
1.864283004421051198e-03
1.575574216298311018e-03
1.649475138988228768e-03
1.838875617816455995e-03
1.122633733942313876e-03
5.749661672932035927e-04
8.573679727634815747e-04
1.034155997542457201e-03
7.726086075810938755e-04
6.672464190630621877e-03
6.515572102941193404e-04
5.071373494672674030e-03
1.745985804332417918e-04
2.390783163466326470e-03
1.461301647896732711e-03
1.235168143640672520e-03
2.720731040064501734e-03
2.852218390639929264e-04
1.939385872150450451e-03
5.489794960148028022e-03
2.305043771758630202e-03
1.268556158232755351e-03
5.949131851314685276e-03
2.364549398040969403e-04
2.379728515221257810e-03
4.104952787327784819e-04
1.860372882392672712e-03
2.190641589931089338e-03
2.303100877406922924e-03
1.597057864248529980e-03
8.140562700298338474e-04
2.335423084045949033e-02
2.576623704256672184e-04
8.786756758441255496e-04
1.015224166414898039e-03
1.077484828722804436e-03
1.546619580459556234e-03
8.305373130547717827e-04
2.143264144121378653e-03
3.689523596291034019e-03
9.256400288472490601e-04
2.107118386535674400e-03
2.713091767461647992e-03
2.913937405427790422e-03
9.414696830644941894e-04
1.004072313691527213e-04
1.174711556180587502e-04
5.996552829649319126e-04
1.732671237340206488e-04
3.786803258123743127e-04
9.337043406971313585e-04
1.113981910322633896e-03
2.285471814174415243e-03
2.684095983239627361e-03
1.672029410263134615e-04
2.113644394405864331e-03
3.017884026149379078e-04
2.208011992912665457e-03
1.662386106088758022e-04
2.411186588212720344e-03
3.633572003905963937e-03
1.177804840850523501e-03
3.691545496566720212e-04
9.221898190665656731e-04
3.159607832985725142e-03
4.347180951528929510e-04
4.098536669906283720e-04
7.964748845451129688e-04
2.808312600348166453e-04
2.799451513117884880e-04
8.166201467650341514e-04
1.560103307449440440e-03
3.000928195156041863e-03
3.514361837992067581e-04
2.224762108248471738e-03
1.968865618791578505e-03
1.238822585257052774e-03
1.889486011740782075e-03
7.548983067162579096e-04
4.577601792230777226e-03
2.441655992382116410e-04
8.995913338744126412e-04
9.124476055766785791e-04
4.737977614810789614e-04
6.509378537166151746e-04
2.436762136622966715e-03
3.832409788342464279e-04
2.643388370697924601e-03
5.273116276593488999e-04
1.113653020551810075e-03
6.013234252375354669e-04
5.705055200936698595e-04
5.777936843121366352e-04
5.512113361519266255e-04
7.603627220676494828e-04
6.146924353954422854e-03
4.406517037571102899e-03
3.892994107803939268e-03
3.209266181019164183e-03
2.731668354918269283e-03
2.379818300286767364e-03
2.124793275049116983e-03
1.939677511322930939e-03
1.794567796031617526e-03
1.662085190820110792e-03
