9.269520364747668717e-01
4.510688760997380031e-01
1.521580202169062535e+00
1.217363929758186858e+00
6.445605119271707872e-01
3.330876274347923660e-01
1.753091201679329025e-01
8.856574348052702328e-02
4.219818144390267284e-02
1.917257322273060310e-02
8.506082933493815113e-03
3.945653328055717494e-03
2.234904683505054869e-03
1.682696675737431523e-03
2.626860613419013894e-03
1.418696047927226313e-03
9.196237242450297153e-03
1.336169363189444780e-03
1.274324881164063880e-03
1.561484938279232874e-03
1.177872923544650858e-03
2.460010436514833716e-03
1.048038212526469131e-03
1.022247231726724831e-03
9.932756241125206224e-04
9.402357159824187380e-04
1.201734881756060837e-03
9.883235088291933423e-04
5.565152439500912519e-03
1.167814375048273129e-03
1.021072863035977574e-03
1.103436206018459627e-03
1.161341490009840409e-03
1.251996489707541457e-03
1.321266500502298871e-03
1.564980570017438996e-02
1.600805909801310961e-03
1.344951834471154982e-03
2.243803987153601427e-03
1.447197566324099271e-03
8.956737932565884963e-04
1.498194799855945367e-03
9.924737838253581447e-04
1.597035934484075529e-03
4.391699918509852155e-03
1.659258434635959645e-03
3.149044266930427997e-03
1.601517659142334899e-03
1.980086193211390722e-03
3.700949683105434016e-03
1.616798215675970809e-03
2.713942476263857782e-03
2.245282369057226973e-03
2.151911721373420041e-03
2.470480544967637148e-03
4.282059283518267409e-03
3.078138032023817420e-03
4.014126688240619682e-03
3.525550628436328274e-03
1.588840243267204775e-03
1.648431854451400374e-03
1.058211639724530818e-03
1.757546983245071104e-03
1.930902668945478837e-03
1.815435176630645882e-03
3.891878125047620353e-03
1.565164356438419327e-03
2.215662171368942661e-03
2.513552340522475295e-03
3.807763731213365498e-03
1.859838660386375301e-03
1.013099488752158698e-03
3.051773993604291104e-03
9.671714178479077096e-04
5.667765258517231883e-03
2.577940139599398800e-03
7.884921043486309636e-03
1.278884209106376192e-03
3.947685139445777230e-03
1.087131342982788733e-03
7.670555366975583510e-04
1.693209373484133584e-03
5.338214260138664062e-03
2.931483437063856379e-03
1.168961518762881222e-03
4.169081053216584613e-03
1.567259039186927024e-03
4.772481881020033262e-03
1.492119673181236533e-03
8.428376792032605744e-03
8.906409110234467285e-04
3.993532278016635913e-03
4.592289491711933590e-04
9.177828527447009317e-04
7.489637085974799055e-04
4.916547527713122610e-03
9.281159844488863150e-04
5.636756207942484991e-03
1.235748303326190609e-03
8.032871585831703048e-03
1.829329430343286161e-03
2.822177640191578501e-03
6.022605249367592867e-03
6.630801158465037502e-03
6.574504983321729059e-04
1.210121371750686424e-03
5.675820642699814416e-04
8.976634027890480552e-03
2.177807931181360238e-03
3.225333077751030481e-04
5.761177210869768183e-04
1.715194167499500778e-03
8.573116628655799492e-04
8.209443903497965324e-04
7.182662236553991704e-04
1.303670691301656893e-02
5.660817520402647686e-04
1.152319990657281207e-03
7.256471580877851043e-04
2.159498212160718394e-03
2.367367635043846064e-03
1.009385857458220109e-03
5.058140225326111317e-04
1.979344551070280189e-03
2.997979835527655318e-03
1.781212304363926323e-03
5.342148873931269488e-04
3.479460481987504028e-04
4.120118765619346871e-04
8.774360936824525219e-04
2.276944600131632686e-03
3.128951000992138270e-03
4.610476864444176034e-04
2.591620240984212394e-03
3.403244457757467062e-03
1.690261172727269097e-03
1.089445594896106201e-03
5.622514333801820500e-04
1.205389128281597610e-02
5.472129100161351924e-04
3.898525857118433427e-03
4.858536513006486246e-04
1.430221212162590197e-03
4.882732408459069173e-04
1.076063513563030143e-03
5.111049647957789308e-03
4.116558356011702628e-04
4.597799095297636822e-04
7.506060693341456459e-04
1.544757566892905566e-03
3.993725260499237685e-03
1.044245621577445399e-03
4.966024522408351259e-04
2.933562016657383607e-03
1.160432111441958916e-02
1.695004973553411237e-03
4.502920695116767740e-04
4.412567546494106205e-04
4.202377361998471867e-04
6.413081557371992474e-03
8.367176456146107472e-03
3.244561096498867030e-04
1.813143476564797740e-03
4.342587336389562547e-04
7.083548476434184914e-03
1.066273099204023862e-03
4.283851507941882110e-03
9.455794548041706639e-04
7.361002767143313020e-04
9.099058563241581993e-04
1.469539036938599707e-03
1.846301200991491958e-03
8.992246822148389912e-04
8.920342563250964474e-04
4.552391995150671428e-04
3.493635323320155514e-03
4.776363265207121504e-03
4.983046863288322428e-03
3.324827133149030139e-04
5.264993907533180913e-04
2.274025980964827971e-04
4.395938064800046898e-04
3.348425591888803845e-04
2.602392101102547696e-04
4.443065511539017582e-04
3.221928102612952954e-04
9.546551424606691295e-04
1.282566890330933069e-03
5.865370300057903179e-04
3.312345294668258720e-04
3.178978548623281517e-04
3.051752208473184052e-03
2.356705524657277321e-04
1.260562917152557470e-03
4.540576876957592317e-04
3.101063085257778091e-03
3.914898920473886663e-04
4.915201155493395839e-04
3.660859979497296237e-04
3.628752611620244856e-04
6.124380304176002760e-04
1.744839099931500773e-04
3.697557120939971441e-04
1.048763933696920860e-03
4.221440869911442708e-04
1.150430294565566846e-03
1.802844118742507858e-03
4.944536627315757743e-03
3.577428822527356890e-04
9.871529805599438268e-04
5.315070392949723839e-03
4.056242367287658454e-03
1.157832614471140118e-03
2.774643339409136569e-04
3.642827205736876928e-04
1.547660493994200545e-03
2.816305628786944454e-04
4.487964791791469732e-03
4.998925654996782706e-04
9.167814267732134247e-04
4.365977660349464073e-04
5.418123983997825879e-04
3.804974395112631878e-03
8.554236802612988008e-04
1.457365389124179456e-03
5.538790869476087515e-03
1.643659854184138357e-03
5.197214164282630815e-04
2.126035610561020223e-03
3.242916861554909214e-03
6.299135158434180683e-04
8.056235702255138287e-04
2.315239580980480816e-04
1.356921116985666895e-03
7.814368783410051162e-04
1.605172890589370892e-03
2.897855820805400606e-03
9.288945596773652037e-04
7.570451845386064280e-04
3.277034833649488050e-04
5.685400403546607764e-04
2.201586942667196369e-04
4.201734319333810200e-04
1.467886900793933863e-04
1.920212889125328401e-03
1.122704377986915615e-03
5.029332873692012474e-04
4.179622547662070124e-04
2.323581398485762147e-04
1.640381843452370664e-03
8.772839012650031354e-04
5.120577696427055852e-04
6.319363277807617772e-03
1.912975902145692270e-03
1.095641134281372759e-03
3.706820182173516717e-04
3.123029233221555280e-04
7.965778708559856586e-04
2.140345917918470061e-03
2.370583837193224793e-03
1.218856552398962876e-03
4.031917709869642548e-03
6.693812838404970388e-04
4.563555390341745318e-04
7.002179009312844852e-04
1.525538636460518297e-03
1.028652609214879624e-03
2.422058001888923416e-03
1.545468493676402854e-03
1.282807719086451366e-03
6.055252300414580915e-04
5.743347821700392616e-04
9.849254174535701858e-04
2.110860904311716649e-03
7.986427174939594430e-04
4.640860591764634814e-04
3.388401763192326805e-04
7.480790221065953269e-04
2.373400133255080429e-04
7.539212231305507730e-03
3.798314069290685286e-04
7.126277529427200736e-04
6.679847539959680308e-04
1.451816357180110879e-04
1.948828967066060583e-04
2.121005345902472923e-04
2.223392339962272342e-04
4.057628812230377330e-04
2.453520340812315702e-03
2.198413134003770455e-04
4.034987576609813903e-04
3.211548303723415067e-04
8.093157837218383074e-04
1.418475577906584554e-03
6.576156253094760313e-04
1.490849718254830269e-04
3.745762195048727740e-04
7.938120306289209172e-04
2.385136579723478960e-04
2.071522464035204696e-04
