1.013285406511449382e+00
1.662256665745236450e+00
1.574741951463641376e+00
1.631410778979974108e+00
1.750806500934803944e+00
1.857176776309107602e+00
1.919089304132757023e+00
1.958003793682527860e+00
1.982666553302698143e+00
2.011357359086875629e+00
2.052560193729192406e+00
2.100188314981631610e+00
2.161265381262627461e+00
2.228566887728780976e+00
2.303505992782839407e+00
2.381068666504150055e+00
2.460569925267965363e+00
2.540623914205648592e+00
2.611839522935924585e+00
2.681175498303952409e+00
2.743382986644437249e+00
2.799053060888381683e+00
2.855650649758123549e+00
2.908283848778181913e+00
2.961875814519509209e+00
3.007823239104662871e+00
3.060868956534674723e+00
3.114800563377067455e+00
3.167755662116333415e+00
3.223432381802803892e+00
3.278438090843345698e+00
3.336430817359143930e+00
3.390974950660269549e+00
3.449380772133226358e+00
3.509913321731385150e+00
3.568617319728977666e+00
3.630830405398463245e+00
3.693933686189415866e+00
3.753119836467365023e+00
3.825326748644427344e+00
3.878963036126371833e+00
3.941417572469517072e+00
4.006090789856057377e+00
4.067096884387581213e+00
4.129002798035754651e+00
4.194515675371341956e+00
4.251019024201329266e+00
4.310447738650088567e+00
4.366320634620311836e+00
4.425321198933264810e+00
4.488351686760296388e+00
4.538014301045170562e+00
4.590340935398860012e+00
4.636172618420008718e+00
4.680357204112714165e+00
4.732232059689728487e+00
4.773005489016116876e+00
4.819992440266869238e+00
4.867153659374424457e+00
4.902690856648819206e+00
4.937557562932854083e+00
4.981402540852453598e+00
5.021271779763250898e+00
5.052136769729528964e+00
5.088390341224558355e+00
5.121617606416570823e+00
5.153536575344020321e+00
5.179426324985994867e+00
5.213262338901542670e+00
5.244751856028493364e+00
5.276149305207426643e+00
5.303741008314093897e+00
5.329344093020751849e+00
5.358858051661446353e+00
5.386843669149418368e+00
5.416556612866719078e+00
5.443485755560764083e+00
5.463801577588099256e+00
5.492578816424661170e+00
5.510821272797506332e+00
5.537347961681478914e+00
5.561547617204394278e+00
5.583156620062967868e+00
5.617285218002059821e+00
5.630396606545325255e+00
5.658807063379293290e+00
5.682294186191178653e+00
5.705361978798427991e+00
5.733927141637162883e+00
5.750004421129252918e+00
5.771938425383853044e+00
5.797255839427126745e+00
5.822005521710398313e+00
5.841675079799586001e+00
5.862671826451639312e+00
5.881718555693379535e+00
5.902967631732141562e+00
5.925173865151026398e+00
5.945140566684401051e+00
5.965989503394687254e+00
5.983987897499972952e+00
6.005260847269117797e+00
6.023926498737065316e+00
6.043161659738300884e+00
6.061003687225277048e+00
6.088071241468954398e+00
6.098650014215358794e+00
6.118032432638668361e+00
6.134608323281357301e+00
6.148657118622131712e+00
6.164836583084760235e+00
6.182178176099667688e+00
6.195398984310391377e+00
6.214651818049618193e+00
6.233644250013426813e+00
6.244205912247229762e+00
6.262279588290432741e+00
6.278654927235403527e+00
6.296118841447663428e+00
6.300113611642695233e+00
6.313901891021075130e+00
6.325672586690489041e+00
6.337949729242553509e+00
6.352114762149853711e+00
6.364208108033415634e+00
6.372297504476383878e+00
6.383599709618323459e+00
6.386194414766378280e+00
6.403539232059054065e+00
6.411966040370167264e+00
6.421616253544272901e+00
6.428579034174373596e+00
6.439710721267054794e+00
6.445396210412748239e+00
6.453179361590301255e+00
6.459960642214068294e+00
6.465122114531270725e+00
6.474648515849208863e+00
6.474139121574009614e+00
6.480612806163160045e+00
6.485165938390422546e+00
6.485096626365863592e+00
6.493354052937188037e+00
6.495290561991644118e+00
6.495872507154241582e+00
6.501379977161750645e+00
6.504130940316219522e+00
6.505798444638890565e+00
6.511530420287810372e+00
6.509366436750919860e+00
6.507103869600294743e+00
6.506729279456545001e+00
6.510119248245628043e+00
6.502909821860312967e+00
6.509804416702141161e+00
6.508065017608037017e+00
6.504744256618859133e+00
6.504218451912005428e+00
6.504361822543379468e+00
6.500182454476200355e+00
6.501098797088442183e+00
6.494284128994178396e+00
6.489848049997124946e+00
6.491816628376155585e+00
6.477832371632471720e+00
6.482373894813447279e+00
6.474620115490073324e+00
6.472795799530482341e+00
6.465322010641076922e+00
6.461295041816285334e+00
6.457750297387309324e+00
6.449280547395480845e+00
6.450217747907401211e+00
6.441576656643187349e+00
6.433922584497063113e+00
6.430312092733570850e+00
6.424359716778133667e+00
6.417626227869141609e+00
6.401385926659342473e+00
6.401632776559060822e+00
6.395420782464610099e+00
6.388822039162314503e+00
6.380346093231445970e+00
6.371823703875215905e+00
6.363363396964420993e+00
6.359850914689655355e+00
6.353610329532521028e+00
6.348126910343486529e+00
6.340343553445118019e+00
6.328360984498413444e+00
6.320714847336009967e+00
6.311530613347495766e+00
6.301990908303482186e+00
6.298941659959998773e+00
6.286396336555759135e+00
6.282160522382720380e+00
6.277105494895851123e+00
6.267088487707940914e+00
6.255137707106182887e+00
6.248300989774975278e+00
6.243684875417471858e+00
6.234974136855147009e+00
6.224458282510986429e+00
6.217138295685994187e+00
6.208974683492379576e+00
6.200150844061976585e+00
6.195990948300790890e+00
6.186982212004700443e+00
6.178479901440031341e+00
6.170856111471582750e+00
6.166307199330658406e+00
6.157761901413670635e+00
6.146065532689676481e+00
6.133534718010614561e+00
6.131727325256703942e+00
6.125178983255309184e+00
6.118709678518863271e+00
6.107449104917911598e+00
6.104408789391716716e+00
6.098469984839120173e+00
6.088009222597479564e+00
6.082017806454803832e+00
6.073368866659135890e+00
6.067084700433446720e+00
6.058849827850680825e+00
6.051982125713291971e+00
6.044092931085219611e+00
6.036837561882069991e+00
6.032820848600287000e+00
6.024428428739885710e+00
6.021461373386608251e+00
6.011555866073917898e+00
6.008867561103409471e+00
6.005384121660423347e+00
5.993720082078151101e+00
5.992824351640137159e+00
5.983933652655316848e+00
5.975816326683758284e+00
5.972238617390756232e+00
5.964966376709356588e+00
5.960088858954629920e+00
5.953418034457525820e+00
5.949770773818785941e+00
5.943889742752088701e+00
5.941105566622071343e+00
5.934452010224444685e+00
5.923057708010924571e+00
5.920656583694839270e+00
5.920735498711548139e+00
5.915207126273053007e+00
5.907629437924945215e+00
5.908388373290271112e+00
5.907371335121888833e+00
5.895305309862261645e+00
5.891635014301797924e+00
5.891915626459948818e+00
5.886664399188437535e+00
5.882241655089942789e+00
5.878444782461324181e+00
5.876334977209165977e+00
5.866998050066434267e+00
5.868587299882603858e+00
5.860636041376876548e+00
5.858071575472782122e+00
5.861817862544901558e+00
5.853283698835081594e+00
5.850940503791652425e+00
5.850320968222193940e+00
5.848070952115929089e+00
5.840570863674212632e+00
5.839034834141956232e+00
5.836708505310570061e+00
5.834161289574152143e+00
5.827481070413630171e+00
5.828890026107509392e+00
5.827186100366682275e+00
5.823043412659657747e+00
5.821364509277237254e+00
5.820014217768550324e+00
5.822008788225392806e+00
5.818358527504604361e+00
5.814233705614301861e+00
5.811397038516496139e+00
5.813725703654060162e+00
5.810292558835576493e+00
5.808304495778941146e+00
5.809752446146473126e+00
5.808972366147084898e+00
5.805967991948121742e+00
5.802871116431413512e+00
5.799909022897294264e+00
5.801365964309260548e+00
5.800987656611900967e+00
5.798801066938758630e+00
5.797281887541287482e+00
5.798711575728352940e+00
5.794348159912941831e+00
5.794424816204998940e+00
5.794622708095401364e+00
5.791168584056037183e+00
