1.121843478085263524e+00
6.000254874531296689e-01
1.309889244370729067e+00
1.587713838622200502e+00
1.253494531953599056e+00
9.103055486908713245e-01
6.510425444877602219e-01
4.615733818507462005e-01
3.252203717910566727e-01
2.288893139683908506e-01
1.621115743107443830e-01
1.164238060150330351e-01
8.523803564791034015e-02
6.375434489119034820e-02
4.869413549478431025e-02
3.791263000673415762e-02
3.003141012144340885e-02
2.415714814845748223e-02
1.970410583214671912e-02
1.627967805677977414e-02
1.361049508275762911e-02
1.150482230374580764e-02
1.005710468052596618e-02
8.528974513402091603e-03
7.855402691985299835e-03
6.548236309396675628e-03
6.256337908559853056e-03
5.155744194624939727e-03
4.806660926161803425e-03
4.131426915779961954e-03
4.170670092337371709e-03
3.324262851075017889e-03
1.321841739069037338e-03
2.727029118382636331e-03
2.493561597810942717e-03
2.222700200295014712e-03
2.912299162543951093e-03
1.550455614902032479e-02
1.632269767940851745e-03
1.702825050483850432e-03
1.308572627444650090e-03
9.265724000735008764e-03
1.057768037035648756e-02
9.814646026948686559e-04
8.511686029875929283e-04
1.087705431285435542e-03
1.467916005246566735e-03
6.336155113000031640e-03
6.120723307159823406e-04
6.802340192988838271e-04
9.115931544929252190e-04
3.180370380660838426e-03
1.326694477875131183e-03
1.661975752277151377e-03
1.564767990902361794e-03
4.661384272447636578e-04
3.134334983638246714e-03
2.565241433712795067e-03
2.730201448763028716e-03
5.224032738016453703e-04
1.351581799628762213e-03
1.208930645618157881e-03
1.477651964132769679e-03
2.050970339241905450e-03
3.518733963702177538e-03
1.261275083755371848e-03
7.505115553970859990e-04
1.724138857064154949e-03
1.092921244992494777e-03
1.919958849683398115e-03
5.316564784026831490e-03
1.519728237752328813e-03
1.569089849227412858e-03
1.881009892735080631e-03
9.325246679938449220e-04
1.020051914681558911e-03
1.138199402278444175e-03
2.160773373240377354e-03
1.911991223136635942e-03
3.146423090039566703e-03
1.061182748853891147e-03
1.064052098424310812e-03
5.247309368807863937e-03
1.288190771627755219e-03
1.028116579760322792e-03
2.561548264137837334e-03
5.445235545451307044e-03
8.698254123673614634e-04
2.776084462792927088e-03
1.074750933196355011e-03
5.363608531525657433e-03
7.073374338803086825e-04
3.546706112787292257e-03
8.028584128613843384e-04
2.666200067618821647e-03
4.650892717509595362e-03
1.163097712288164737e-03
2.542614329471749694e-03
8.452767323681946833e-04
1.059601127701134682e-03
7.275136459778890714e-04
5.003706934955214070e-03
5.971372176783966554e-04
4.255783300819179858e-04
6.097252269596834494e-04
6.958438895280828372e-04
1.922398197449073009e-03
6.503831001762556963e-03
6.338602117181632708e-04
4.256959556134050533e-03
3.855237211785759251e-04
3.586831377238066700e-03
5.236247052315092443e-04
5.749796414853391166e-04
5.255066598394216200e-04
1.320061768678294604e-03
3.622235227174764585e-04
4.885729180909614876e-04
4.948074109726397028e-04
1.386598172111505123e-03
3.319540067164704518e-04
5.045570136005483007e-04
3.001734279471099192e-04
1.922549417297888912e-03
3.612767012635513097e-03
5.761150002559116585e-03
5.392601578235843443e-04
1.237809813499925714e-03
1.783164553717962383e-04
1.779538006035445794e-03
6.696197338877860322e-04
1.652889497728115664e-04
9.925865611254405460e-04
1.654864219663459111e-03
1.695076736662251278e-04
4.128465929684874657e-03
1.363155226771746247e-04
2.047734641287153427e-03
2.862836555372021488e-03
1.281505051406927817e-04
6.422713313602004858e-04
1.520863102654044455e-03
1.219119113285526394e-04
2.857095220476426754e-04
4.564034785559464716e-04
1.202409103567689323e-04
3.140744070738954409e-04
2.418655640639856292e-03
1.226456088962851472e-04
1.304862665669211325e-03
1.243708119528876325e-04
3.610440017640857116e-04
4.347654371232337572e-04
1.154328295042967960e-04
4.146665543625694165e-04
1.179394528505267603e-03
5.568868820073889260e-03
1.148227072327199713e-04
1.991439317718993705e-03
1.562338996666917321e-03
8.437727439346660516e-03
1.939574828372511381e-04
1.563225298783542513e-03
2.539732900119850241e-04
3.528406182959292021e-04
4.759549568331737862e-04
1.544459656330254339e-04
4.176536316388255662e-03
3.659247164279632886e-04
1.646065887352086065e-03
2.246457168120293175e-04
2.523273480153109035e-04
5.928158095046593204e-03
1.231705278582976551e-04
4.522471781433932449e-03
3.911214810958758359e-04
1.780928011301433512e-03
1.446882432378131592e-04
1.946255110723788245e-03
1.312807083600838907e-04
6.581791400053737780e-04
8.570457417397134292e-03
4.940287953215553385e-04
2.652507046737511559e-03
1.273963943866674407e-03
1.283751373452364107e-04
1.026556552361638418e-04
6.608214604998077953e-04
1.175739862607323651e-04
1.580382425848522916e-04
7.632525120107660176e-03
8.768341579276677433e-05
9.551958683515938010e-04
9.078313106987222865e-05
3.136783366910935312e-04
9.753188536018002482e-05
2.230863808795690933e-04
2.193500014959850770e-03
1.019723242670452548e-04
2.797398841998354271e-03
6.485256080097145720e-04
1.003808136995713705e-04
3.738582772299747000e-03
8.412773666234856960e-05
1.126680921708024270e-03
9.211162063678817759e-05
8.263649089781411336e-04
1.476724521446546754e-03
1.944120791280911861e-04
8.735424155832430498e-05
2.717278566683275121e-04
5.860318253259342094e-04
1.592317703549929247e-04
1.079829966271692574e-04
2.704766644950274876e-04
9.485240120356192711e-03
7.936651023268213986e-05
2.594660828449094525e-04
1.178504924599051672e-02
8.474280867021093643e-05
3.726932793429200562e-04
8.493818051638039532e-03
1.160781941794829133e-04
1.366060281109865470e-04
2.888677085334529892e-04
4.739332184736493318e-04
3.508072338925151824e-04
1.089770967632129259e-03
8.036811012262210820e-05
4.837339834586073823e-04
8.544584149697713243e-04
6.912834682455055763e-05
9.166402417404143944e-04
7.301595204578597523e-05
8.818192563129522484e-04
2.642750504096858790e-04
7.059386222066990895e-05
1.389448647930711413e-04
8.017177689460758077e-05
2.829587861023498321e-03
6.680531966934988861e-04
4.087509418819646086e-03
3.269038628328210577e-04
3.679793940405853120e-04
8.986125962544137032e-05
1.380869884778781554e-03
3.471753376208067902e-03
4.598482861649325223e-04
2.012534482868292077e-03
6.797529925260033593e-03
1.519927337854871160e-03
3.427857064667323445e-03
2.967790359083790253e-04
7.547422948115507790e-03
8.846611409819365123e-05
1.048322789579709310e-03
3.873668797797925737e-04
2.157712367489087715e-04
3.782129564483969943e-03
1.125586434009713917e-04
1.437206965507112095e-03
7.185584419402442748e-05
2.081712917827051171e-04
6.366563699603223440e-04
1.400392826691332501e-04
1.969746416018099177e-04
1.117483495026854639e-03
3.368432854373313180e-03
1.447593913353677848e-04
1.379030133110989084e-03
1.647165644354964698e-03
8.164081095571383388e-04
6.619822956470396841e-03
7.769021467355003742e-05
2.146143486124141905e-03
1.944388197664022539e-03
7.133867541393531142e-05
6.391643156961023843e-03
6.916628710905484134e-05
3.202917938671704062e-04
1.286698586176304563e-04
2.942764439956491000e-03
6.909322907972157389e-03
9.466804931388669636e-05
2.541657973985111973e-04
1.396075390240988814e-04
4.957510094801447116e-03
6.552771012116831396e-05
1.207461728930881101e-04
1.841332311840517271e-04
2.984393811475223937e-03
1.527928727259517648e-04
2.443885967353701073e-04
9.978542668084621012e-04
8.226702620824194695e-05
1.457788543011147937e-04
3.058851006693488229e-04
1.860117967096588248e-03
6.191924973576671664e-04
1.097608313453829216e-03
