1.006215271868502903e+00
2.340231769356192704e+00
2.735971523180876108e+00
3.063769252027241485e+00
3.223583037766154735e+00
3.341549999094587609e+00
3.381810167034122738e+00
3.394928042062060669e+00
3.416658144431026667e+00
3.426798447262296765e+00
3.446408312931480200e+00
3.448841574424250656e+00
3.457329978024577422e+00
3.455715487366508132e+00
3.470853205769444116e+00
3.465585532770038668e+00
3.476918176713875930e+00
3.472315803980539073e+00
3.484098349133263550e+00
3.489686765908793120e+00
3.517360279348471064e+00
3.496787253437401155e+00
3.502087658149461991e+00
3.501135609781481417e+00
3.510605827265949497e+00
3.508961066525216221e+00
3.509055693296421641e+00
3.527875808340763086e+00
3.515904221804638130e+00
3.520358386777457493e+00
3.519855304779147431e+00
3.516630992215561413e+00
3.520151092400540804e+00
3.523894120017924347e+00
3.524390991216643787e+00
3.526389767966708444e+00
3.524398010996105057e+00
3.524968057922512887e+00
3.529780237245443431e+00
3.530948481904012670e+00
3.520577828916664487e+00
3.531269448869618799e+00
3.528237975158144302e+00
3.526636097664041625e+00
3.527509712040705736e+00
3.534140240907959640e+00
3.526066652814250801e+00
3.528192031644093785e+00
3.528853313370377887e+00
3.520381585587346152e+00
3.524030242268896274e+00
3.527210301746767751e+00
3.531721980813159245e+00
3.525779541976731490e+00
3.529407335121690359e+00
3.525516073819054075e+00
3.523994179161622053e+00
3.532160969760981928e+00
3.522888279607245376e+00
3.521895778233337548e+00
3.520423063844535960e+00
3.520252989679313327e+00
3.517631963285504426e+00
3.516916775951868690e+00
3.509388615889711627e+00
3.516618738870168404e+00
3.515883775308559223e+00
3.517246162945721455e+00
3.514513802047267710e+00
3.513728628111540075e+00
3.514791880838509019e+00
3.514304213371695518e+00
3.512568705570962013e+00
3.519953421281404538e+00
3.504889262667389982e+00
3.506371135266721950e+00
3.502816560916111932e+00
3.501692139629009493e+00
3.508674176942351952e+00
3.498703126441601086e+00
3.507745675965313392e+00
3.502262542159687353e+00
3.498477953136116536e+00
3.509051168231407392e+00
3.493120409673359905e+00
3.495350744239811736e+00
3.496797509309253815e+00
3.492848423324481644e+00
3.494619922701370562e+00
3.487128283950956753e+00
3.488075684239420049e+00
3.488792220406941702e+00
3.492579863054140699e+00
3.485819146008783065e+00
3.484177086439565141e+00
3.480586275982044508e+00
3.482660265502209640e+00
3.486848343610720935e+00
3.477529495340007326e+00
3.477497230973999987e+00
3.479376993416935626e+00
3.473556208795816502e+00
3.471175022325521109e+00
3.472938968606754884e+00
3.474321025725557455e+00
3.466574396455607054e+00
3.470091267370272181e+00
3.466133116353218746e+00
3.467222511069932622e+00
3.466714710974059255e+00
3.468564766510486397e+00
3.466711616182033495e+00
3.462240862028046706e+00
3.458937665548605711e+00
3.462267261684120356e+00
3.457088134853722128e+00
3.459514700596650894e+00
3.460967681330735957e+00
3.454572590781586960e+00
3.461036188940529001e+00
3.446983800327710235e+00
3.451968084559994043e+00
3.452053163116993506e+00
3.450566099566449996e+00
3.460957280762777089e+00
3.452837638454213209e+00
3.451286966346537088e+00
3.445895710503926512e+00
3.444093523517644861e+00
3.448520789213537885e+00
3.445037557689945018e+00
3.442196498521266079e+00
3.442885135051711121e+00
3.439880492966764791e+00
3.429028691764745229e+00
3.441079860375939159e+00
3.433541559989734537e+00
3.444594198684118425e+00
3.433137624107013952e+00
3.428438805660484867e+00
3.431387054754539090e+00
3.429369455418107115e+00
3.429934478158585875e+00
3.430136938830467663e+00
3.426976188222839781e+00
3.426292527846348968e+00
3.425447829377804343e+00
3.425045952514005343e+00
3.423227508945232422e+00
3.427323857902637716e+00
3.423272136176031655e+00
3.421624382285826993e+00
3.419674567260012843e+00
3.421600903370732194e+00
3.425397991147204113e+00
3.422593221020637344e+00
3.416709387140209664e+00
3.414607139591641083e+00
3.417084680085616277e+00
3.413531928424237805e+00
3.411372945034618187e+00
3.412832505580886355e+00
3.411031538111784389e+00
3.406116843208562450e+00
3.408283544952832589e+00
3.410941267213658534e+00
3.409790941885801896e+00
3.403909376928358821e+00
3.406676689009809245e+00
3.404187333568565066e+00
3.400274907384872147e+00
3.409479062760334855e+00
3.403523694426282553e+00
3.406240024231429686e+00
3.395830577544543427e+00
3.397707712034254257e+00
3.397899487438535537e+00
3.397785512546455333e+00
3.394733950567998981e+00
3.398639759528578441e+00
3.399756622429390696e+00
3.395959137025501118e+00
3.397535936461953288e+00
3.393619066913331039e+00
3.390423066704438604e+00
3.388156043406719498e+00
3.392090939703316099e+00
3.392085205792702229e+00
3.391786440732500907e+00
3.391097983348872802e+00
3.390237804059331506e+00
3.388292585617686647e+00
3.388826983512212454e+00
3.385374383581774893e+00
3.382113833721993146e+00
3.380163288209259598e+00
3.384846836367449097e+00
3.385328408818196966e+00
3.384587595072660715e+00
3.389440592038394762e+00
3.386562045119008157e+00
3.386639512087020076e+00
3.378682344014963590e+00
3.377190082606902788e+00
3.379733983228929706e+00
3.383144937146372211e+00
3.378084744757289037e+00
3.378204253882145291e+00
3.376869346529410620e+00
3.378844160780944073e+00
3.376551484413081727e+00
3.380025404766840325e+00
3.376033889524991949e+00
3.370544277568918723e+00
3.375844294968723069e+00
3.369640423969221033e+00
3.377297437138026659e+00
3.371627225707182429e+00
3.370867935917777558e+00
3.369078946566970600e+00
3.378603078536588811e+00
3.366833807680356117e+00
3.364649078891083889e+00
3.368840615879757916e+00
3.367870141536430495e+00
3.362522008456452216e+00
3.365586667393815290e+00
3.368496350091879421e+00
3.367529183340781440e+00
3.364315008841189503e+00
3.366504280660619131e+00
3.369232488690907523e+00
3.364541177459964505e+00
3.366143546329118053e+00
3.361959100518515875e+00
3.362451807941558624e+00
3.361726761316528034e+00
3.364803638164931332e+00
3.363564118426724203e+00
3.364364476360452549e+00
3.362439403553925565e+00
3.364653441170424752e+00
3.360999042007159598e+00
3.363332804470902548e+00
3.362258838482851786e+00
3.360025250780226180e+00
3.361183230749567930e+00
3.358506774585792609e+00
3.358312686259775415e+00
3.360653984885330292e+00
3.359952616629329203e+00
3.361967513083410797e+00
3.360654342151141449e+00
3.367785185363073808e+00
3.352161455240858956e+00
3.354457637677035642e+00
3.357521517920608822e+00
3.358988848960801299e+00
3.360508668651379427e+00
3.356956413125443461e+00
3.359220019459693063e+00
3.363410153268782565e+00
3.361488874580274899e+00
3.357219260217869206e+00
3.356622223919317527e+00
3.354106596621270420e+00
3.356102418163129819e+00
3.354780757093597021e+00
3.355692764690147101e+00
3.359120035193500442e+00
3.355318479109998808e+00
3.355508719339106438e+00
3.351945833886798454e+00
3.353359100002645476e+00
3.355046773666003013e+00
3.345065869705586614e+00
3.351429424294801951e+00
3.351213628219396501e+00
3.352303366354380199e+00
3.353285792298118739e+00
3.354396350366414037e+00
3.351612172610428875e+00
3.343936408540693517e+00
3.352907288852644996e+00
3.349733817442627881e+00
3.350502603160056658e+00
3.348269735935830216e+00
3.353121854760749976e+00
3.350857663524184016e+00
3.351107696110242617e+00
3.354174815024130396e+00
3.351956827431202157e+00
3.353315194599331139e+00
3.353627807418184226e+00
3.351836397937255629e+00
3.350640799670436820e+00
3.353253168765817804e+00
3.360907940462686039e+00
3.360312145064492828e+00
3.355502020528357221e+00
