1.092726979886223582e+00
5.633173681196427252e-01
1.579060243261830587e+00
1.341717488249760448e+00
9.599474693259588687e-01
6.598461203010237419e-01
4.433796716048715725e-01
2.931454802321691311e-01
1.918931463366251033e-01
1.255236285456796108e-01
8.305290475059060040e-02
5.631310067918227774e-02
3.958327553745868976e-02
2.907849924136704164e-02
2.241447662438908472e-02
1.813685776142439504e-02
1.536623845555359566e-02
1.355915532535325284e-02
1.236736807700513502e-02
1.155854961278831965e-02
1.101019804576299985e-02
1.062561224893063087e-02
1.006546691588407205e-02
8.687404103312167114e-03
9.286927706967221252e-03
8.969229553118794260e-03
9.097798654532205168e-03
8.246878302188046309e-03
7.173525838526904203e-03
7.559808808485407421e-03
6.440425699643865902e-03
6.976897145840991327e-03
6.846675269247072537e-03
6.372751568655569097e-03
7.031200435140251559e-03
5.898345192786569845e-03
1.012744312384405813e-02
5.450886408056029343e-03
5.059070738429339957e-03
1.653249775390030259e-03
8.124192344159958043e-03
8.543899714957021302e-03
8.314568140075482075e-03
6.275555192509681308e-03
6.019707680785040330e-03
4.389154619008787082e-03
5.028482840878695584e-03
8.362881439553111751e-03
3.858604567667989291e-03
3.963237269857893506e-03
3.387351982627294887e-03
1.568478811060926422e-03
3.169889583562208492e-03
3.834782282555777508e-03
4.825565255775736070e-03
2.488105711775360010e-03
2.545431962527102202e-03
3.009090416060120239e-03
3.337499181291493817e-03
3.359236756309745119e-03
3.552042542204567749e-03
2.385042832358047048e-03
9.065448080345714496e-04
4.223654192273706802e-03
3.032516068286049849e-03
1.746312185059878310e-03
2.107301189301279739e-03
1.540421065503436160e-03
3.338830633592713114e-03
2.519097990020285026e-03
2.014049402343343498e-03
4.874499983633692746e-03
2.021246049088089476e-03
2.260102698256642555e-03
2.113143704390709008e-03
3.002791832961006907e-03
2.264981994152068072e-03
2.076827207445556232e-03
1.392055045396547964e-03
2.434006205233952506e-03
1.968918696326617951e-03
1.902206836292643245e-03
1.433096265534511285e-03
1.183780405048444817e-03
1.994097149913493742e-03
1.313328311286071637e-02
1.230953858292861604e-03
9.258007950420358472e-04
1.359168278752231592e-03
3.741182231937051610e-04
1.614112571839339781e-03
1.245697902388935747e-03
1.699854487461442080e-03
2.114572436117567733e-03
5.165536163074522721e-03
1.164600476149916814e-03
2.383841050184974057e-03
1.259102773364094994e-03
3.530993056787787212e-03
1.027901037410413644e-02
2.398926851839023808e-03
4.528942253566454719e-04
7.089415271587924628e-04
5.860198907223114614e-04
3.051697102093350183e-03
2.922746776726146880e-03
8.855112095168864161e-03
3.650953621528357177e-03
1.142798476805159799e-03
1.006725099461581530e-03
8.481922960924045008e-04
1.385393133506894817e-02
1.291725557672419606e-03
8.257750904282611798e-04
1.452615284528488426e-03
1.835027064812328390e-03
8.703134842280675285e-04
1.489260969457078480e-03
1.743218881376755154e-03
1.683324907368677088e-03
1.934558055462672283e-03
5.600505638208999951e-03
1.139837734868313218e-03
2.165049021472877349e-03
1.123897612702460386e-03
8.052170527699487393e-03
7.683104277081403023e-04
2.015185545444238020e-03
9.189028377773263319e-04
1.015347149326955743e-03
6.934595287525713520e-04
1.092430542627766859e-03
9.859269374921492655e-04
8.075641992026169483e-04
1.188100591934496087e-03
1.771534571787025452e-03
1.067569591284186093e-03
1.214092253043325478e-02
1.070487442880634034e-03
9.638261149052776595e-04
2.363424787826565523e-03
9.179392751189174426e-04
4.810386448160603942e-03
2.297249748825665010e-03
2.587301428898331097e-03
9.125352174425563822e-04
1.810853983904462533e-03
3.143837428879837480e-03
3.567433936730454551e-03
3.426399022945213549e-03
2.758472977958868928e-03
2.588907225531935676e-03
3.070676869105145972e-03
2.244171094174904086e-03
6.964395728046747632e-04
1.187575819037448499e-03
1.323506683077526735e-03
6.097265053440783199e-03
1.144092210792440126e-03
1.882797849096008854e-03
1.335373508488134570e-03
8.098704501294847619e-04
2.901342979470602503e-04
1.185439970463663794e-03
8.310569161352707743e-04
6.860391348473766958e-04
7.265602941539258362e-04
8.809824923067694283e-03
9.213092417234050027e-04
4.763891422183041263e-03
3.623387089025964600e-03
2.249974687056251373e-03
3.626757876034329264e-03
5.346803663648790235e-03
8.578323536529014470e-04
1.389057832601925738e-03
8.944097107970652846e-04
1.321529401100313876e-03
2.818896495532104054e-03
1.555396491195448153e-03
3.891755410719134698e-04
2.164089311696768339e-03
2.169978907264821354e-03
7.048928767605029981e-04
1.686663110301274329e-03
2.542075486287171966e-03
6.250399670851557480e-04
7.031427130735555227e-04
2.251966382861251594e-03
1.886237671837595348e-03
8.469752234350106474e-04
1.032740534382451357e-02
7.351895030363328823e-04
7.882989539038904410e-04
4.098339695523154041e-04
9.378092568747322874e-03
7.400129664735667200e-04
2.573315788933045693e-03
7.828750120969494609e-04
1.608931987746167703e-03
3.575643930308724898e-04
8.905830102018797269e-04
4.905996466017847933e-04
3.883553945757408461e-04
8.825265969470295815e-04
2.276321224548801848e-03
4.544896922402100648e-04
5.241813149867072643e-04
3.410507325172159611e-04
1.263388501374769664e-03
1.739939264127309025e-03
5.705954444003543194e-04
3.285806253478183703e-04
4.635952245477267895e-04
5.073117559847221784e-03
5.903748842885441460e-04
1.348046205268038557e-03
8.547209754171297734e-04
1.534344196118731917e-03
5.199715637652613590e-03
3.287167029863770655e-04
2.806473284105836922e-04
3.971489289113501291e-03
1.951304083918852178e-03
3.453820773976394392e-04
7.539985801838841985e-04
2.664825834851537734e-03
6.144727824770061710e-04
2.074996656816928495e-03
8.289342549100599949e-04
1.078954587698546319e-03
5.508745919008139341e-03
7.093960113769137840e-04
2.991152480385932165e-04
1.276006349784270823e-04
2.375000077872216049e-04
1.818619532373183024e-04
3.691546774192826252e-04
8.931157014827290986e-04
5.944114046645232290e-04
3.950825738637778368e-04
2.102224478805416949e-03
4.052903322960313393e-04
1.866530751893205392e-03
1.496579122908611725e-03
1.085761205151541996e-03
1.701602071342805771e-03
2.147801129432537134e-03
2.104386298820216429e-04
6.632470258766203462e-04
3.068341388541851724e-04
2.358178801974680945e-03
2.863369441797418251e-03
2.366165512819439355e-04
1.811405500526346696e-04
1.495644114554497148e-04
1.019812454261283252e-03
2.646129625869235880e-04
9.989251693396103762e-04
1.801696802301517306e-03
1.905354951664238190e-04
1.525700799982840502e-04
1.212694716762759009e-03
3.374926223829267718e-04
1.142460819279180178e-03
4.406991904961342918e-04
1.895454270033793479e-03
1.184018361778080454e-04
1.457446985004560601e-03
2.656341237227942149e-03
1.081977365351638075e-03
2.783893230833396843e-04
1.917959620253098995e-03
6.397378147389676207e-04
2.638825484108938508e-04
2.032616141632482762e-03
5.269699516411882308e-04
8.673647528448805372e-05
6.042876725294066319e-04
2.467956275885964997e-03
6.631236310362488085e-04
4.497197393782993713e-04
1.093794667892512059e-03
2.329071449646592361e-03
1.333909394212296309e-04
4.779364675544318757e-03
9.615839108848696056e-04
2.705884106574843115e-03
4.470918849366164148e-03
6.225894818438735016e-04
6.347075899201345961e-03
1.467194264860408352e-03
4.578285371908599050e-04
6.968555986113918145e-04
1.226546764816967587e-03
5.482095497439900449e-04
1.267880227146605220e-03
1.010456660980797294e-03
1.594377843141735966e-04
2.366427991203881500e-03
