1.057676003475144233e+00
3.178214575721686752e-01
4.021623403906997019e-01
3.417666585297775006e-01
2.046635165514557042e-01
3.231383980770341502e-02
8.424943429188142333e-03
5.962553611902998534e-03
1.087108175673879261e-02
5.081259781343648932e-03
6.865452513263826592e-03
3.638273533207969125e-03
5.756966979515542107e-03
2.241337086466651477e-03
2.126853857935522268e-03
1.175963708948318158e-03
7.668023093261541225e-04
7.038806216432818164e-04
9.111923318123573345e-04
9.046276856617015399e-04
1.332191721291901138e-03
3.668736552579832718e-03
1.831020584454249797e-03
2.869038284086211990e-03
9.689656010465843086e-03
3.109678276469247937e-03
2.584238073348804881e-03
3.018189845903807185e-03
3.734075046939623523e-03
3.045255110513444500e-03
4.178869414926748328e-03
1.559399697748425906e-02
2.421396474719553563e-02
2.073449632314346494e-03
3.271391135298782823e-03
2.761937201847099264e-03
1.169850726815997635e-03
6.516525111142442046e-03
3.328333312948682319e-03
2.497530173815448555e-03
5.337655226457355649e-03
4.718284943090871562e-03
1.144334208315601203e-03
1.047950764609075457e-02
4.319694182297852819e-03
1.660236901299615500e-03
1.368430305922502732e-03
4.547259915684090728e-03
1.339045169995932124e-03
1.982633722545444187e-03
2.254633955880235886e-03
3.560581060839243962e-03
2.316061528574601524e-03
2.746606641432449217e-03
9.560340299553968073e-04
1.736556011197986542e-03
5.972003157346754583e-03
1.553873622372091466e-03
4.485952010940206722e-03
3.669873219010498684e-03
2.391801491312960624e-03
6.897740614476482145e-03
5.878155617094223302e-03
1.384095520823947455e-02
6.616732783986183433e-03
3.671301521574151568e-03
4.467171534577385646e-03
1.707654992337740265e-03
2.901891575859083701e-03
2.373546593854130183e-03
1.916827361813171074e-03
2.428397491832824575e-03
2.439703445319648441e-03
2.126766765469742266e-03
4.320817730406285168e-03
4.850802640594133706e-03
2.037329057228601248e-03
2.471256326847761330e-03
2.135523781798001619e-03
4.840454335387172138e-03
3.541235757048590265e-03
1.866085075856506372e-03
2.079300591158667229e-03
2.423191054001776895e-03
4.214211369557962182e-03
3.957609203051382085e-03
2.564661206628618059e-03
3.027631040128129798e-03
2.795200833884455699e-03
1.337815352081453413e-03
2.386256700351897797e-03
5.752740184918474740e-03
1.415898889243624118e-03
1.690708491042413730e-03
2.309537529202511635e-03
3.638167191867680908e-03
4.534638854865470636e-03
2.864822154465106879e-03
1.906466649776227939e-03
2.037395656452143516e-03
2.728608338504613651e-03
1.837463530011768965e-03
2.217635656937633551e-03
7.985966476703283343e-03
9.099052162599367832e-03
6.817593013959121449e-03
1.846410567278403874e-03
1.785769963298834131e-03
9.089324667187327275e-03
7.619274805461958514e-04
2.407053798745699934e-03
1.571298009507642339e-03
2.093816175036588602e-03
8.341118413876310190e-04
6.863422228298654386e-03
1.731460093755762906e-03
9.873998357418387137e-04
1.507351780810120643e-03
2.677404408144104433e-03
1.693032550376466104e-03
4.458770726015080441e-03
4.468487368140186024e-03
1.484460627244645276e-03
1.379412719779362414e-03
2.715327686928428221e-03
2.073948180070313198e-03
1.719224750850583631e-03
2.818536089586037331e-03
3.633322318277326397e-03
6.847438613432393385e-03
6.579711005890564318e-03
4.165763885773712469e-03
1.142098422143998171e-03
1.537160435833658315e-03
4.128288267224746594e-03
4.509998463637313743e-04
7.215424951661783895e-03
3.425867169562998599e-03
3.655376477415770223e-03
1.366807036855066139e-03
5.990275921262511356e-03
1.386717513321974755e-03
4.652845917666680563e-03
8.671633904308424790e-03
1.789290702166512021e-03
3.719611030034813883e-03
4.891835965222141556e-03
1.022356864860960064e-03
9.563625319425883824e-04
1.037111471294898789e-03
1.209995641763566719e-03
9.725802773113726655e-04
2.298344572473158196e-03
9.453698753914528425e-04
1.840686338294700210e-03
4.515202327633745932e-03
8.029005357735738901e-04
5.687349223332214014e-04
1.391873838800093037e-03
7.039076933269333355e-04
1.148156059120465471e-03
2.330442965616286426e-03
3.477364796575164053e-03
8.242337038454614680e-04
1.277139294869957713e-03
2.054424795996458424e-03
1.827636479845531252e-03
1.034989329990422839e-03
3.055474059608283559e-04
1.961496692678322325e-03
1.257032327546379717e-03
7.908070695528886555e-04
8.489371541996739920e-04
2.451045818443021475e-03
9.890138761843565805e-04
7.871386892381391619e-04
6.533890005217073398e-04
2.038759259709083029e-03
1.459731363790877550e-03
1.721838828638997971e-03
9.504909484723854992e-04
1.095252211472248034e-03
7.287023153539346062e-04
4.958783469287943385e-04
6.015153470984680806e-04
1.687724570593429965e-03
4.106722390420872865e-03
7.153894271427809750e-04
7.649671781457712157e-04
1.005275160057960554e-02
1.542021714620211070e-03
4.470773205090720383e-03
6.707272103793857640e-04
1.050618406632748431e-03
2.592855856755048663e-03
5.961648135093125869e-04
3.404321773259136926e-03
1.042276712104336402e-03
2.009074722091740584e-03
1.328022111582528473e-03
1.131262424004424302e-03
1.085438046991387762e-03
1.111836895632129169e-03
1.711860303053642238e-03
9.194247032693997042e-04
2.003027459950205633e-03
2.676951127407010836e-04
5.495670078028484741e-04
2.001127854928604912e-04
3.275646044666221247e-04
6.995614333019221399e-04
1.215339005116160493e-03
1.138885360019321500e-03
2.645565396114230288e-03
1.151851881300500202e-03
4.814500584233813441e-03
5.593889152506372874e-04
4.240653512668690096e-03
3.984619771415898832e-04
3.919766706876754163e-04
1.899054776726431500e-03
2.696571089649883474e-03
6.177850981410824274e-04
1.799306696405797044e-03
6.278057121209232620e-04
1.101767164929580434e-03
3.781298345255050129e-04
8.926297814721191473e-04
8.637654458013572633e-04
1.733657109823007235e-03
7.348907434829605057e-04
5.771272259857645852e-04
5.352527142442064807e-04
4.832636924821405834e-04
1.678545776196342263e-03
5.280802557006395890e-04
4.564195352792626008e-04
7.194273420002089909e-04
2.088267713710058055e-03
4.838976310118221942e-03
6.551191633885996473e-04
1.571401771549807381e-03
8.364918485667402828e-03
1.120114994214844745e-03
2.902937089060785188e-03
4.489547961981799756e-03
1.733355361822962225e-03
1.148425737494616818e-03
5.621657081011730700e-04
5.016033506986368939e-04
6.656216312517150568e-03
1.563583977022237319e-03
3.614948528347060319e-04
3.843812858617841593e-03
1.403036502071733664e-03
2.502075787144089365e-03
1.498970316935467964e-03
1.841489909855165358e-03
1.471575869065678340e-04
4.600221110277029520e-03
2.524098311871642453e-03
6.192649320371414884e-04
2.945104183969359641e-04
2.647478317620285200e-04
4.857982791851807921e-04
4.015834882486658971e-04
2.224049753592386054e-03
1.269470218136002724e-03
9.437683309257540246e-04
8.187314825618765852e-04
7.639955800369100563e-04
7.222582501376061939e-04
9.826610743422093796e-04
6.197059577141308907e-04
6.131223164022251825e-04
5.890858110414585362e-04
5.311491171457154029e-04
5.175612232392131805e-04
5.469468823667961426e-04
4.875380516690944925e-04
4.801495593245083942e-04
1.997840194546897982e-03
1.505119740169152823e-03
7.084879540279500048e-04
1.181608167425249019e-03
1.672461136036698702e-03
1.946349725594419613e-03
1.763386124049473418e-03
1.583161193751386059e-03
3.344277190073193288e-04
2.414254751335816759e-04
7.152765424977820894e-04
5.970489466641313962e-04
2.219032485309585176e-03
4.668996155346285875e-04
1.717718520355154387e-03
5.050279723969476999e-04
1.239009225492658083e-03
5.217109935326032927e-04
1.330772142932085036e-03
