1.102226715324838624e+00
2.088342842928246679e+00
2.929849531561396159e+00
2.784187091758078214e+00
2.768407889305318559e+00
2.767734083337842321e+00
2.767883833270976979e+00
2.768755630895160635e+00
2.768830983034988868e+00
2.768830598505529927e+00
2.768830529820274666e+00
2.783779165579175263e+00
2.783882005320606368e+00
2.783881196301976946e+00
2.783881397258614498e+00
2.783881443796377919e+00
2.783881420830999431e+00
2.783881748298729253e+00
2.783881673259483769e+00
2.783881542343442650e+00
2.783881664100031017e+00
2.783881648169584277e+00
2.783881508457596965e+00
2.783881728726242066e+00
2.783881752753879724e+00
2.813785367766234113e+00
2.818602200180028827e+00
2.818679057126786347e+00
2.818678769716962851e+00
2.818678649526181967e+00
2.818678628919421225e+00
2.818678539951845252e+00
2.818678564889186777e+00
2.818678710348418104e+00
2.818678821330916850e+00
2.818678457629157030e+00
2.818678633587549776e+00
2.818678741329417203e+00
2.818678696033539932e+00
2.818678769847086318e+00
2.818678750280456669e+00
2.812967182564408475e+00
2.813363107473912272e+00
2.813365301323335288e+00
2.813365382426807226e+00
2.813365224523338259e+00
2.813365261925130145e+00
2.813365312469264801e+00
2.813365323036922661e+00
2.813365429518950744e+00
2.817760946697764890e+00
2.817417552754597487e+00
2.817420660389902132e+00
2.817420843964925314e+00
2.817420887645376126e+00
2.817420511437172870e+00
2.800521993869363957e+00
2.800217172213690375e+00
2.800222476879883793e+00
2.793737406921636968e+00
2.800525301020805102e+00
2.800550210520031946e+00
2.800550261372389382e+00
2.800550692853853718e+00
2.791377379424802907e+00
2.790903001731867672e+00
2.790903842830939841e+00
2.790903834736773170e+00
2.790903964195728726e+00
2.790903936748775571e+00
2.786504224835490984e+00
2.786504141421950909e+00
2.786504215805858831e+00
2.786535563170463359e+00
2.779468095870798017e+00
2.779510842932957360e+00
2.782733878559955798e+00
2.772913046597129227e+00
2.772952433810045747e+00
2.768011093589210159e+00
2.767584873455721350e+00
2.764796183041041910e+00
2.758839980587010743e+00
2.759875004467277293e+00
2.755043841348986611e+00
2.752884710006772817e+00
2.752411034654738575e+00
2.748261067451334583e+00
2.744012263220557024e+00
2.744092758155419087e+00
2.738347160936375868e+00
2.738265093846466769e+00
2.733610981783656690e+00
2.731318647367230845e+00
2.732550807992820019e+00
2.729216292787781217e+00
2.722030901948731874e+00
2.722251282832272246e+00
2.723913727692258924e+00
2.717728031163272995e+00
2.712896399436677708e+00
2.713603758298856139e+00
2.709042444776805780e+00
2.710890365016442871e+00
2.707681779057496296e+00
2.701733437291335527e+00
2.701382951238343377e+00
2.700406917069617219e+00
2.688934392398197204e+00
2.693398260439913372e+00
2.688522591038005949e+00
2.687398578090327117e+00
2.684409847329716658e+00
2.685952990446309308e+00
2.681920760418886385e+00
2.674439816725551644e+00
2.674100849969504257e+00
2.672801781931870124e+00
2.670832895415899522e+00
2.669055192566216927e+00
2.671258290529836543e+00
2.660830505317840711e+00
2.662996497624484427e+00
2.657242308816813559e+00
2.657651023131709422e+00
2.654654532633821340e+00
2.654646672780669459e+00
2.649414214174074189e+00
2.648685455816103040e+00
2.646762140684800979e+00
2.644185229781110813e+00
2.642319568431740429e+00
2.641453551547548795e+00
2.636015264499329103e+00
2.636865727969565754e+00
2.630403468626570707e+00
2.633943928289721903e+00
2.632265424062083081e+00
2.627727925471234460e+00
2.630640302906658956e+00
2.626834250297052975e+00
2.624240123655463108e+00
2.622501015033208205e+00
2.618577659121676948e+00
2.620949124198545199e+00
2.615982157442366951e+00
2.621051944176398418e+00
2.616512253299013047e+00
2.615913609984394483e+00
2.611029686919962067e+00
2.607274568958194649e+00
2.610070859363896378e+00
2.607047866928332791e+00
2.602658843979644310e+00
2.601675768977318004e+00
2.604474389456757688e+00
2.604250306633274281e+00
2.597225740981834008e+00
2.599375010804306552e+00
2.598915314589582692e+00
2.597425458082151639e+00
2.597368069352970377e+00
2.595404108997876769e+00
2.593829857704573971e+00
2.594037533905180215e+00
2.590884728204046361e+00
2.587715324329872058e+00
2.589201209701144091e+00
2.590026907448104154e+00
2.581999562246370949e+00
2.589901385352445740e+00
2.584623526636788959e+00
2.581972493153616099e+00
2.581960407040506666e+00
2.581443440371521181e+00
2.580905196984103700e+00
2.579991615013774720e+00
2.576828679340677830e+00
2.578025494211518165e+00
2.578276858554462869e+00
2.577787442872208068e+00
2.575480598778529195e+00
2.575184297038948245e+00
2.573584833722493581e+00
2.574847845224996767e+00
2.570268714872803617e+00
2.569747614536727287e+00
2.570152524186696930e+00
2.568441207411813032e+00
2.569863088935191442e+00
2.564309084691566820e+00
2.565293119273391653e+00
2.568311822861058857e+00
2.566814123180203300e+00
2.565046945197364536e+00
2.566934292951402075e+00
2.564225180426484396e+00
2.561939202702226748e+00
2.563141917511393864e+00
2.559897547219669001e+00
2.559100795331744838e+00
2.559208674589991350e+00
2.557757157102336976e+00
2.560498483672156489e+00
2.554271178046843893e+00
2.556220862663302729e+00
2.557409247866509361e+00
2.554567164705892068e+00
2.553510275764260040e+00
2.552430237454172524e+00
2.554073107646019469e+00
2.555890245783987158e+00
2.552779732618729369e+00
2.550079722943050520e+00
2.549576164037364645e+00
2.551199731878319277e+00
2.550755217950691378e+00
2.543021036882993968e+00
2.546337448539583548e+00
2.549687280445512183e+00
2.547235624735678439e+00
2.547242288023576773e+00
2.547600881250932758e+00
2.547866521528031836e+00
2.546093804347723477e+00
2.542911730745881282e+00
2.542318772730523424e+00
2.549608241026103173e+00
2.540898307905658182e+00
2.541703693580011247e+00
2.543672489301735506e+00
2.540739422569363359e+00
2.542363974273375238e+00
2.540137351424715195e+00
2.542192506225847026e+00
2.540206038740214556e+00
2.535899830580841563e+00
2.543237926276627814e+00
2.535503846013176688e+00
2.537320658438816601e+00
2.535702629416100695e+00
2.536198752940004297e+00
2.536287710910771764e+00
2.536445115440263631e+00
2.535500682105078951e+00
2.534402632891974427e+00
2.536603718639836913e+00
2.534743895111417622e+00
2.532117858823228040e+00
2.530578093515449822e+00
2.530149557298062568e+00
2.530278596447867567e+00
2.530980831706487244e+00
2.533473793229417570e+00
2.528759116134322582e+00
2.529733012143702275e+00
2.529504658361144909e+00
2.528179961033830025e+00
2.529965494091592326e+00
2.527533723334368432e+00
2.527340203700507715e+00
2.524510028092600500e+00
2.529067950571020074e+00
2.527122802244163857e+00
2.529348897593850065e+00
2.526282453808567752e+00
2.524540727462889045e+00
2.523455259311812249e+00
2.526293657035513895e+00
2.522523886119041769e+00
2.521586211012791345e+00
2.523161560353485378e+00
2.522054731669630012e+00
2.519263025342958873e+00
2.522798159631143289e+00
2.522087610511709155e+00
2.520460180157807706e+00
2.521620281805831087e+00
2.517047984194705990e+00
2.517002336074907198e+00
2.517926616619484470e+00
2.517639453115552595e+00
2.517863658009782402e+00
2.516976946599775111e+00
2.515804327514863825e+00
2.515880768229788789e+00
2.516495019798533850e+00
2.508026530801253262e+00
2.515044699944008588e+00
2.514246924100725700e+00
2.514061729057095018e+00
2.514847941441098911e+00
2.511444726224163482e+00
2.513305128267147470e+00
2.514630061005117767e+00
2.513910702149608323e+00
2.510522910998133739e+00
2.512180685777221978e+00
2.514564814722413999e+00
2.510996740639001690e+00
