1.055639081689231817e+00
1.906114766198822918e+00
1.761374030001534807e+00
1.470216915436402649e+00
1.633243521047090807e+00
8.034020061880650099e-01
1.401876295071644574e+00
1.461617185363892180e+00
1.206532607904554633e+00
1.048434800554443047e+00
8.542466339984363666e-01
8.251211964326405912e-01
9.240987369131005158e-01
1.193136453727910773e+00
1.333953697433896801e+00
1.329604027892766549e+00
1.367142120134155370e+00
1.431497137920577201e+00
1.451086773868241142e+00
1.502451464014794791e+00
1.771594458479247347e+00
2.110339268920891964e+00
2.263246694796898328e+00
2.377346099186592010e+00
2.511138260169867742e+00
2.821853435448461234e+00
3.251270690536967045e+00
2.799053200391319329e+00
2.250641738707435113e+00
1.815942319294148177e+00
1.721165728010209506e+00
1.631916661779703404e+00
1.497152976420935477e+00
1.393316483123280047e+00
1.186352288418695000e+00
1.223089461722012938e+00
1.102297270569038368e+00
9.592741912256771419e-01
7.190448473478435742e-01
6.746631624092643831e-01
5.654387417668153004e-01
5.663073947128370866e-01
3.424876575833162851e-01
5.571181753219175414e-01
2.719186037325992400e-01
1.658366492887307087e-01
9.736739660254951911e-02
2.254644543168135840e-01
8.078353673146729252e-02
9.920177857189797777e-02
1.422471737318609653e-01
1.938308163095512349e-01
2.586525373192676835e-01
3.059034790047486796e-01
3.340467289618211932e-01
2.974371935986108717e-01
4.615901708635469225e-01
4.627496724985953325e-01
3.388475879811377323e-01
3.468427714498227288e-01
3.127659534432812305e-01
3.742031695481143894e-01
3.535412780646676190e-01
4.308104514941457075e-01
3.321061694462849045e-01
3.344531796213202068e-01
3.991101433183496527e-01
4.239264019481277512e-01
3.005328977660073342e-01
3.713547345306937308e-01
2.602747758456152583e-01
4.030552178202755353e-01
3.075679077738038281e-01
4.413003883196319199e-01
3.505343349034577005e-01
3.086270483878204018e-01
3.750198558332460963e-01
3.298632504753012396e-01
4.489300044368728648e-01
2.446858811307828230e-01
3.577575738728093202e-01
2.932775411057404469e-01
2.966941549111754006e-01
3.152193629083767101e-01
3.285562979383792603e-01
3.246471133909100693e-01
2.886455325193245658e-01
3.330138020753515837e-01
6.971792149323995380e-01
3.322885463245959792e-01
3.137301869993235903e-01
3.599160883574449854e-01
3.292174744451034640e-01
2.399084306890592044e-01
2.742373615801876330e-01
3.508308549206610727e-01
3.349524943244110986e-01
3.315991255013053252e-01
3.386845540107265018e-01
3.400548018115714388e-01
3.040575326068926665e-01
3.309031584732206599e-01
3.347799282075564209e-01
3.366366600831283695e-01
3.300289990238965965e-01
3.050397804763581022e-01
3.633294819990560698e-01
2.958637528814413442e-01
3.373357108926776649e-01
3.392253253219214559e-01
3.303809915166497913e-01
2.624225314423048183e-01
3.285927366374087888e-01
2.591223811399674948e-01
3.561550817877069397e-01
3.586374698693481911e-01
3.588331699504910266e-01
3.048510673598660570e-01
3.160406574229743804e-01
3.559061209241071166e-01
3.731885237427823299e-01
2.827291462850128889e-01
3.121388753847087472e-01
4.075703220865867227e-01
3.609176444187908173e-01
3.192235887620845647e-01
3.492603933169974306e-01
4.358802584496276888e-01
3.397909194105028230e-01
2.814031789785277904e-01
3.252366490693542889e-01
3.354845943966919264e-01
3.387074132138903071e-01
4.636831962189740808e-01
3.196131130327064529e-01
4.697331121598811166e-01
4.120272700965631474e-01
3.556151747227448423e-01
2.683167044031511406e-01
3.445467887439022103e-01
3.048846410955177721e-01
2.702495133400069083e-01
3.852032442287655623e-01
3.723271754406411449e-01
3.771075275069494803e-01
3.262986293678528105e-01
3.686205451431801006e-01
4.684131014690513517e-01
3.434575392587703169e-01
3.536956958203863466e-01
3.127891441995980792e-01
3.316202739383266040e-01
3.348950855433883156e-01
2.916280120909438001e-01
7.113879078881844009e-01
3.759128715165003798e-01
3.274844055708147628e-01
3.467552840015191151e-01
3.357016436234142587e-01
3.512845655204566708e-01
2.189129639908413416e-01
3.267146304647666755e-01
3.174049298989184420e-01
3.293517482257119489e-01
3.366949478375031446e-01
3.635650803914060036e-01
3.356915727845454778e-01
3.527492962534811149e-01
3.301607633621825855e-01
3.552892939335803302e-01
3.997293258596913423e-01
3.307400403784461762e-01
3.520890513207868833e-01
2.878848934340251242e-01
6.464201523956716322e-01
3.378548280275924798e-01
3.304642017185249192e-01
3.665847479132947617e-01
3.622597561812120892e-01
3.566697231060578233e-01
5.515092845377383979e-01
3.093000698832221729e-01
3.488880360783857548e-01
3.745554151932955489e-01
3.311115379124389135e-01
3.263276146931806121e-01
3.233627454192710693e-01
2.532983539503860237e-01
5.580924142145177180e-01
3.545371889889700756e-01
3.291052722152770782e-01
2.839371138779351877e-01
3.152910450142302201e-01
3.276521946563956678e-01
3.406284523753062010e-01
3.320113558118188979e-01
3.182318360289205783e-01
2.723876810847782881e-01
3.213301604821863222e-01
3.388574626768139919e-01
3.410779318971422502e-01
4.009058562479621002e-01
3.955622765776899419e-01
3.268999325114662624e-01
3.317503238834962898e-01
3.543331444355505289e-01
3.311275377303641299e-01
3.465509373749905975e-01
3.868051802887188528e-01
4.958123266285676678e-01
3.331474838418602702e-01
3.840719081164772897e-01
3.091445845959696626e-01
3.529720935458652842e-01
4.063069097592767465e-01
3.757322601001489293e-01
3.524039416855001550e-01
3.750761308098317093e-01
3.293572713634962401e-01
3.247050537434013617e-01
3.473502023733602839e-01
3.527559138864214128e-01
2.975574190862512736e-01
3.191533556299508412e-01
4.496066576648815039e-01
3.096033625167820547e-01
3.245696054002784048e-01
2.936405451869256167e-01
3.972202440133914547e-01
2.625148871542966056e-01
3.036956199745732277e-01
3.450300173839874196e-01
2.834783140462285300e-01
3.254029492498393128e-01
3.047363816457550612e-01
2.810459959714667888e-01
3.176670490917672951e-01
3.461644069113056221e-01
3.337331837404275414e-01
3.028051802256029323e-01
3.070102834449627283e-01
2.894393626183960899e-01
2.896274832665348131e-01
3.074539408941329710e-01
3.241216942853087368e-01
3.027200089247366610e-01
3.340544813855452766e-01
4.782254569949703216e-01
3.560560154328523685e-01
4.403883001223115046e-01
4.320386709903130118e-01
2.965728128636981875e-01
2.680786327780880773e-01
2.275532523658042872e-01
3.151597283236282632e-01
2.792533484442046854e-01
3.061857308180833126e-01
3.720543217549561188e-01
3.071786289156526739e-01
3.051371377898362547e-01
3.153526395108247615e-01
3.524677525584810622e-01
3.090549066157673996e-01
1.831247928059831498e-01
3.143391033181867078e-01
3.069686428762156138e-01
4.082871131176286639e-01
2.707047145377944330e-01
3.026836420404804273e-01
2.846745428546201828e-01
2.825164977432114144e-01
3.095339128232861836e-01
3.419320761205406622e-01
3.291730404175526314e-01
2.716670121713894992e-01
2.921390223237914641e-01
3.504536528473670698e-01
3.030075029730969205e-01
2.976097765178024601e-01
3.241488866594339213e-01
3.861995929671927508e-01
3.618341822506880856e-01
3.605409779890894617e-01
3.700253193418656661e-01
3.005319840709731460e-01
2.885560985639568088e-01
3.038896661296585089e-01
2.893436965670995176e-01
3.353673922597943946e-01
3.242329866655087045e-01
2.969819048574983689e-01
3.047704021351883008e-01
2.633771792294314351e-01
3.064878990478756005e-01
3.343644952138697946e-01
2.996891816396560215e-01
2.850882053348314793e-01
3.004082250464275017e-01
3.455774867180336218e-01
1.832907011302410960e-01
