1.119043640876575152e+00
1.238475888604706698e+00
1.710099794605596912e+00
1.269725597112917770e+00
7.971055573381696790e-01
5.025992749836026841e-01
3.270277198623786630e-01
2.229877859261221729e-01
1.614396893774508179e-01
1.241780347212159546e-01
1.002082723134576081e-01
8.333400625032295894e-02
7.031272112265404828e-02
5.957438630075508057e-02
5.044035122137878469e-02
4.265356603997794843e-02
3.611170211382202372e-02
3.079596783566193249e-02
2.579908431947033551e-02
2.326573475728085580e-02
2.147493588265312822e-02
1.849964108115780340e-02
1.658276876406353240e-02
1.542989458257093549e-02
1.438701323661258254e-02
1.379895503189148762e-02
1.255464033303521978e-02
8.113005287273850064e-03
1.107766236269147435e-02
1.095625240837206152e-02
9.748798184016072704e-03
9.627861605236296555e-03
8.816510241720771496e-03
8.749650817340460379e-03
8.398264843355915388e-03
8.330206551485860172e-03
2.847597192633690572e-03
7.397191666786056934e-03
8.223984091912276556e-03
6.787194166536987192e-03
6.728443290954247424e-03
5.060214426581635845e-03
6.001608213754219476e-03
2.031254312452198535e-02
5.579108002495366918e-03
2.133540795772787685e-02
5.044921924352448704e-03
4.390210417515927506e-03
4.499129100749134878e-03
5.531761819526713475e-03
1.082708829317976726e-02
2.838553083095710170e-03
7.243103144065417449e-03
3.786066130654111052e-03
4.671168238719515357e-03
2.308114939321076649e-03
5.865556140135159621e-03
3.829646827519655149e-03
3.420861890912417491e-03
3.343157094050345016e-03
2.882668228796093305e-03
1.730560216431785382e-03
9.153890968381244581e-03
2.417187671308261478e-03
5.547005348343290662e-03
2.218207232475452768e-03
1.313110469788611586e-03
2.035522959599648119e-03
1.918600764152431125e-03
1.031026692792017538e-03
1.231693710946169841e-03
2.008333723895962871e-03
1.410175238129622848e-03
1.585317935672095726e-03
3.493523981899302865e-03
1.586775052166224153e-03
1.279794838950839468e-03
3.331243914999880776e-03
1.813152655011609138e-03
2.115591416470715552e-03
1.321349122856686504e-03
6.545907859485129016e-03
3.739261017979340039e-03
3.684295157711178943e-03
1.149873721145720437e-03
1.021520428081900377e-03
1.275137688960311082e-03
1.482294886785987410e-03
1.421596336853108138e-03
6.497766375283538058e-03
3.617435027366911696e-03
1.054109557206302922e-03
7.107324662462293288e-03
1.161108212050695684e-03
7.876644974411371389e-03
1.522149060365319499e-03
1.135664510347901297e-03
5.297596374106391167e-04
6.506372434244379671e-04
4.279332878332987237e-04
1.110726343947226850e-03
9.835426243123542109e-04
1.107713017306591677e-03
9.373632208489193155e-04
4.399600831586250420e-04
6.704648229136492884e-04
4.852278877645492864e-04
1.221896268929843765e-03
3.026136318602427443e-03
7.203571693885888610e-03
2.482251473105504848e-03
3.257499534357340566e-03
6.940763379191483519e-04
2.571611891620725725e-03
9.499344008919537912e-04
1.080767761689065609e-03
8.371977748697532421e-04
9.411021532849149019e-04
1.640625217418720987e-03
7.925531472320114859e-03
1.018169268010172624e-03
8.135881714237196919e-04
2.196844225778514688e-03
4.255917713994777918e-03
6.285016451558733154e-03
4.906793465156991489e-03
9.522991209473841449e-04
4.038079899931458321e-03
9.166777618119751215e-04
2.135408114905952906e-03
5.447088788966689609e-04
7.760724367322186868e-04
9.219361694688295306e-03
8.966707971231293499e-04
1.062436572142603846e-03
2.914170914829150583e-03
4.257566456276565096e-03
6.911704073096840931e-04
1.544873797051297569e-03
2.703906096076900186e-03
5.097303016818580459e-03
6.954772431067340801e-04
2.018586945685605944e-03
8.460712845688518786e-04
2.466440039586760384e-03
3.684698400382203660e-03
7.695195791082162177e-04
2.073669321528736568e-03
1.301248371491271630e-03
8.298213133680626061e-03
1.547133517266898383e-03
1.056657383644247789e-03
7.368446367809607057e-04
4.727324538488757578e-04
2.455661329507552795e-03
8.995737078777094400e-04
1.066075232048944391e-03
6.877859515617488866e-04
8.423260363395576773e-04
7.945422342553987508e-03
9.009918614075408585e-04
7.459117417397296765e-04
1.427434576606459622e-03
8.130935055083133526e-04
8.652640347801649964e-04
6.289564599130883669e-04
2.263042454332986374e-04
1.964032157640053025e-03
6.572038275472798750e-03
8.979633754475344933e-04
6.763315206009653992e-04
6.810213614477640502e-04
1.387741562988467322e-03
3.558466688458195438e-04
3.758855988630638040e-04
1.052431922547316908e-03
7.821191899542821865e-04
2.857860367268415702e-04
6.741139619207026524e-04
4.657018636000448343e-04
7.043213888554742362e-04
1.211588498331108137e-03
1.342449722938604713e-03
9.858193614122082952e-04
6.861494018197504367e-03
5.058257118923146535e-03
9.715888875388604485e-04
4.728571190065923168e-04
8.685674182124065393e-04
5.790338353380406660e-04
6.931918375383378482e-04
3.911559942954124613e-04
6.582172511674014423e-04
9.019791773086343733e-04
5.369106173280522101e-04
6.172843836645722877e-04
1.411503518885771089e-03
6.743816589218084396e-04
7.025890291292116209e-04
8.598792465959164549e-04
1.278000761995001658e-03
1.331256471855298386e-03
4.136875292688573500e-04
6.085258696409558783e-04
4.635776470536447243e-04
6.023629475556285286e-04
6.466598171598222878e-04
2.357032510725170713e-03
6.266194100371118205e-04
9.449829152904437243e-04
2.666883573559009849e-03
4.668085313905584455e-03
6.242072566317012367e-04
4.553326019044126745e-04
1.179138640107882429e-03
7.615522634656041265e-04
4.357576525066280543e-03
5.851978588225322702e-04
7.179581174353672109e-03
5.841579832040260864e-04
5.890773367182150326e-03
5.800285909133856164e-04
7.768394464593763931e-04
6.238695155378267158e-04
8.425765215679458875e-04
1.994071695933650155e-03
2.779089848873917985e-03
2.666269387773130637e-03
4.520640766964215476e-03
1.220140129765740237e-03
4.244590553298493410e-04
5.100344485331915209e-04
4.756079597385090042e-04
2.313688734644853140e-03
6.713615930358492537e-04
6.017181667126803371e-04
4.692561128501308593e-04
2.402490434682780403e-03
1.321230651258312313e-03
6.377362029515506060e-04
5.773583740231803037e-04
3.205449278963706057e-04
2.653278989719619102e-04
5.924888166402620965e-04
1.579161944278262720e-03
3.904816974628539414e-04
1.215135015857510183e-03
1.578833018071047235e-03
2.168808265749161326e-03
2.724025186430168322e-03
1.097588523602172506e-03
1.704875805954555925e-03
2.228261134053371312e-03
5.629030030214034544e-04
8.083651909142497037e-04
1.266303208204293956e-03
1.721941241054680176e-03
1.463816391304688033e-03
7.989593457946157253e-04
7.933191095007455056e-04
6.422108781669094626e-04
9.197574390595846926e-04
1.348459551115700370e-03
5.274648383747497157e-03
2.516459293542312823e-03
3.299989539095810119e-04
7.132871790497895921e-04
3.223643600579903946e-03
1.837846994025044752e-03
1.840736498986881480e-03
1.124554580778271227e-03
1.735489749141338372e-03
2.201411538799835817e-03
1.642347935051839724e-03
6.445749980563123720e-04
1.853075690676496716e-03
4.460863913111211992e-04
5.944361139311418090e-04
1.831954573006450019e-03
2.382954673396892563e-03
1.225196144774653431e-03
1.080145851958930290e-03
2.273228407176934064e-03
2.234458573977791008e-03
6.723896219784149687e-04
5.885312985048112488e-04
7.375945217326753452e-04
1.301789714373270202e-03
4.520162698088148363e-03
3.690666834355775332e-04
6.740582424799687784e-04
1.032274548736385016e-03
1.151699398318572305e-03
5.694263957375215752e-04
4.612925848057013428e-04
3.515220510161369202e-03
5.041689833099201844e-04
6.206995348046113505e-04
4.845261985823564937e-04
5.592735403189201364e-04
