1.273514439818244082e+00
2.884093951374113729e+00
7.580187498429519444e+00
7.457048817458509227e+00
6.184134694069229887e+00
5.143485288479162421e+00
7.256267492465778624e+00
7.346113846982889051e+00
7.234344457500117898e+00
6.688035896698216298e+00
6.037464590904106920e+00
5.393271111656559924e+00
4.783462541229208220e+00
4.222525782919266391e+00
3.721215701225222272e+00
3.283957911921948192e+00
2.904659474325940405e+00
2.573911566386487326e+00
2.247752651026298842e+00
2.005989078857933983e+00
1.787629651688074972e+00
1.604801625203543747e+00
1.511038503320274895e+00
1.287009523894879548e+00
1.174812581865007477e+00
1.080954340765682531e+00
9.400759395129526519e-01
8.690162521805648854e-01
7.830705688579577828e-01
7.260022163810373463e-01
6.504251124075777213e-01
5.892009470734059784e-01
5.573829941465013871e-01
5.349324436742064481e-01
4.739256528755099729e-01
4.503755034823870851e-01
4.116420251461627156e-01
3.579679663805931389e-01
3.627752402706974633e-01
3.098015842329784886e-01
3.215199749268121687e-01
2.777695540587686862e-01
2.957274145275802790e-01
2.823787654667739289e-01
2.531240394144780859e-01
2.400029540317352716e-01
2.107409334166601977e-01
2.037890228480193910e-01
1.655075304094721089e-01
2.218443409210666961e-01
1.730717279745818682e-01
1.707081799861718818e-01
1.718261878354635508e-01
1.596197672467256357e-01
1.239783903862815978e-01
1.539188562452240283e-01
1.367682889974306260e-01
1.620574889164625998e-01
1.226865112508896405e-01
1.382180047204608075e-01
1.369179696975072191e-01
1.851581928426511980e-01
1.013890398844712742e-01
1.173002352209669141e-01
1.049433159541604821e-01
1.026178171604778117e-01
9.762220130911819505e-02
1.015199051750008269e-01
9.262671571650166191e-02
2.336097279096509827e-01
8.824215652539285637e-02
1.221364601071203704e-01
1.091568934750692665e-01
8.670934464334179026e-02
1.077044966277036497e-01
6.549331473754069211e-02
8.640814988693859555e-02
7.940577783899163689e-02
7.650999952185934261e-02
1.217630440789246732e-01
6.446255014537972949e-02
2.090037682061423874e-01
7.311403016611491001e-02
7.010047264015571711e-02
5.996515225746647942e-02
1.056526699987829221e-01
1.050867194241565661e-01
4.177511668195412614e-02
7.778469213134681093e-02
6.240667715676107702e-02
6.493353908807011909e-02
1.590913650892539499e-01
1.059814229546732350e-01
5.309318228340544066e-02
6.096397699739036086e-02
8.206266151621566252e-02
5.651587840027366000e-02
6.612304252564153717e-02
4.836353418308941138e-02
5.643097523882221328e-02
6.151906995478994417e-02
5.622196052116510551e-02
5.162558970110543016e-02
8.843666046498090128e-02
1.807243165571101595e-01
4.895818567133575910e-02
4.218892793147697995e-02
1.493630677028174591e-01
5.840594726353427052e-02
4.878666544096496582e-02
6.101792062452714854e-02
5.612444662036469162e-02
5.848556341020456212e-02
4.633674046110283773e-02
5.425767597124062785e-02
8.228883446532672674e-02
1.000951179425181720e-01
6.574352317804092738e-02
5.054978366133477258e-02
4.168512801532022610e-02
6.590898839328633574e-02
5.956656039059563673e-02
1.497671172864335765e-01
3.646136880594056523e-02
3.851557918968106370e-02
4.925975270992651034e-02
4.085701772407313720e-02
5.231689129612965283e-02
5.655512542382062219e-02
5.088983877863578753e-02
5.020608184937138535e-02
4.606998585856701689e-02
4.239841486035139662e-02
5.627271124116117046e-02
6.787057647036624786e-02
8.679239119592695173e-02
1.078693800025964239e-01
3.503686215711838275e-02
3.809562705458460069e-02
6.817252309432293711e-02
4.102722719074602259e-02
5.842420836968043041e-02
4.416132185138702676e-02
6.710610699878549745e-02
8.234535942769811989e-02
4.916052464692425433e-02
5.739011361827368873e-02
4.495139429636028222e-02
3.756029484864933238e-02
4.078379708331032749e-02
3.601186060476206652e-02
3.233972437217795537e-02
4.005466574175917810e-02
4.115201779877712684e-02
4.051377059921800611e-02
2.295425814485772473e-02
6.218340107998154148e-02
4.811196108606902166e-02
7.610929354315915107e-02
6.208076934143935688e-02
4.388087006068293328e-02
4.084933286573071143e-02
4.903406898153226529e-02
3.355482548990456476e-02
4.331517306502417897e-02
2.948248776209061797e-02
3.555072790904411500e-02
4.251056847030196262e-02
3.684137498983178910e-02
3.086852850815840696e-02
4.567252870163008432e-02
2.673306977200303608e-02
3.195407053320825641e-02
3.975461450315498357e-02
4.129590286830674140e-02
4.725576568766386848e-02
2.877591540635851541e-02
2.916558073455055924e-02
3.442267259776876642e-02
3.052117155704229742e-02
5.825863929019058779e-02
2.644929962881427399e-02
3.373078720573011863e-02
6.105632041599156484e-02
9.464217200174769584e-02
6.003585151453469382e-02
3.764856325069271259e-02
5.812754411268130500e-02
7.006194320890961336e-02
3.374236476099649190e-02
3.406377522447316675e-02
3.195238779520281208e-02
3.244172208842634880e-02
3.072764597481487947e-02
3.656960025665016017e-02
3.288466503988124456e-02
4.490747227064945807e-02
3.440209343857093816e-02
1.488627374341937870e-01
7.288074800018570776e-02
3.534484113540303785e-02
1.917080619127684293e-01
4.012187702859080357e-02
3.313246252137652670e-02
3.444260932198804637e-02
3.771060503010248421e-02
3.437907545827407346e-02
4.535077131854130944e-02
3.327573958507221846e-02
5.138655104388666073e-02
5.321925648267426118e-02
3.252585749515587987e-02
1.323769625934052563e-01
5.124179106872892020e-02
4.394746827515423615e-02
3.147707057689955179e-02
4.128497725001503693e-02
4.767655697386238151e-02
8.223945021030502900e-02
5.212429103885192483e-02
5.253530066898094014e-02
2.291925500367376217e-02
9.217235119996632087e-02
3.071451590597991041e-02
2.327570383612306143e-02
5.487377699582018237e-02
3.229385398408561592e-02
3.260970884901905065e-02
4.990012092310732589e-02
2.975109966689132301e-02
3.239038818304874195e-02
3.176572026028965517e-02
8.750727408178957112e-02
5.538322366134292712e-02
5.370541799152109969e-02
2.508452088287631970e-02
1.165877815810339863e-01
1.076071038184365086e-01
3.901595817073071071e-02
5.898090447692798388e-02
3.104068232047905648e-02
3.389152635137780006e-02
3.168967566388510015e-02
2.831788243450338374e-02
5.686595889738027543e-02
4.737872307557296214e-02
4.187306745258802254e-02
3.557738915226739407e-02
4.731901871294281331e-02
5.706323976577915014e-02
3.952840702437669662e-02
3.329289544471021600e-02
5.416290686291998224e-02
4.569035212192503609e-02
5.219999585638277623e-02
3.207846956411031930e-02
4.959106337206166393e-02
6.733518096957359644e-02
3.433236725767552233e-02
2.996777058362928847e-02
2.723367771360670278e-02
5.701543569561119684e-02
1.085291241014133129e-01
2.784113028796509487e-02
3.669185567857547597e-02
2.777388456932647701e-02
2.441921712040081779e-02
3.878060468050244236e-02
5.240320143126740715e-02
9.152890538518991537e-02
4.814055653034645527e-02
2.543011387584155625e-02
3.147378850632322894e-02
4.215443657818165185e-02
3.032221037903736968e-02
3.066971468250977162e-02
3.103054056797485694e-02
2.852324093335601579e-02
3.798478235693832084e-02
4.289751173298911313e-02
9.170774490694318104e-02
8.246393848700898921e-02
4.834407735685183199e-02
3.748463156310963273e-02
2.712726663797989518e-02
6.589143331763322453e-02
3.768240933873105020e-02
3.459135556483362156e-02
3.175714732201815466e-02
3.663667361393301708e-02
5.065035692110103627e-02
2.399693244505118894e-02
2.316592763742773842e-02
3.479300308370604500e-02
3.493840363743854621e-02
2.689614473996203986e-02
3.808050646485856838e-02
3.017367359554846626e-02
3.470575027528292195e-02
2.859208940609106117e-02
