9.117320548459041385e-01
4.249851580343142476e-01
1.150145785885737570e+00
1.367499457858651457e+00
1.046054315517746414e+00
8.918755373897838679e-01
7.766054195941387572e-01
6.842183523178000382e-01
6.059422348957639315e-01
5.371487708204283340e-01
4.756680124633134166e-01
4.203308214267024168e-01
3.704609682392610570e-01
3.256568024838256692e-01
2.856423303434870720e-01
2.501681243014788891e-01
2.255053604189057592e-01
1.909922430237486479e-01
1.676036067298538046e-01
1.460592946398636682e-01
1.290699191905202714e-01
1.000059234925233659e-01
1.012320488887582109e-01
9.182103931212927395e-02
8.158813748634854979e-02
7.594232051251199878e-02
6.715818255679446847e-02
6.492972042588338044e-02
6.650922546599427609e-02
5.625806215569501001e-02
5.552736709341921789e-02
4.579159808832595352e-02
4.969804903402037788e-02
4.961216046857279405e-02
4.428403534934739760e-02
4.556386058542261780e-02
5.799894023388708908e-02
4.044200770198549955e-02
4.219113494587661134e-02
3.135447496057121308e-02
3.835287874355432225e-02
3.932559558446399595e-02
3.468476565869001160e-02
3.632579131541853468e-02
3.506028585138072640e-02
3.305381698524814671e-02
3.359062902495679043e-02
2.332529123581577116e-02
3.237637477153654242e-02
3.265277461765731665e-02
3.090981366619012169e-02
2.850767828259892500e-02
3.142877953458632356e-02
2.816143166708012097e-02
2.995194516041185459e-02
3.334763981926567450e-02
2.795502474678889654e-02
2.879545399524056914e-02
2.508489027046285902e-02
2.626454553018015350e-02
2.756246503690362726e-02
2.434319492773269825e-02
2.400841233143780756e-02
1.718017141086836466e-02
2.468263720602691114e-02
2.549535750515236066e-02
2.334728863011031538e-02
2.235658238214385113e-02
2.435441406524906094e-02
2.172808244348935908e-02
2.369336165916077763e-02
2.369376592535438891e-02
1.869051915909443126e-02
2.293950797471807149e-02
2.420818281817076895e-02
2.922414963778737981e-02
2.217313063397849740e-02
2.100357557623002899e-02
2.019029214528048760e-02
2.093539440331718474e-02
2.210736383481427467e-02
2.100431546491806495e-02
1.756998980716927353e-02
1.939125687686197100e-02
2.168932846284513799e-02
2.021731441322793116e-02
1.944154670968390244e-02
1.927274472238655820e-02
1.970546335565439774e-02
1.891717932988792178e-02
1.955743127433667156e-02
1.528150844216285241e-02
1.685058967412031775e-02
1.916093024079500509e-02
2.180401397226125818e-02
1.865833023806528698e-02
1.892648537472739131e-02
1.629938457075859673e-02
1.821919816015308419e-02
1.666597160345637332e-02
1.727043415758219500e-02
1.623653059808613866e-02
1.749972742990484748e-02
1.752258670020042861e-02
1.170982222624936987e-02
1.724685572549293500e-02
1.539255021112615959e-02
1.630483455293800510e-02
1.663472254067571016e-02
1.596699785466409310e-02
1.373754091757398328e-02
1.210418757223476194e-02
1.763743051343827362e-02
1.712669238299307714e-02
1.589046307422774598e-02
1.612490990687676790e-02
1.541205309246762405e-02
1.542010579589902369e-02
1.205867615154881597e-02
1.547938518593332258e-02
8.443402134811853546e-03
1.522248047365792022e-02
1.526396245972896047e-02
1.129720615837589634e-02
1.488520166576475998e-02
1.506096925973214075e-02
1.436059346037397988e-02
1.445017135875940710e-02
1.366992879066796819e-02
1.281480674910413786e-02
1.107345961242880289e-02
1.395258193393801409e-02
2.444992621055185750e-02
1.381911602005866588e-02
1.365370254825111311e-02
1.332917422001704891e-02
1.298035251607971771e-02
1.413368538334587414e-02
1.325668027342724077e-02
1.266532430085606786e-02
1.279088624764528233e-02
7.111850456513833102e-03
1.274735424497331487e-02
1.061683417985127310e-02
1.172368976656793828e-02
1.254237057520210530e-02
1.215376782790427747e-02
1.049229843655035549e-02
1.146438641684065403e-02
1.177623824738781126e-02
1.184198945211617851e-02
7.618640398942793171e-03
1.158873447697614939e-02
1.131401355307377898e-02
1.111244274906649128e-02
1.788738098875893370e-02
1.115568549709222701e-02
1.078749346928684939e-02
1.082978051854005704e-02
1.097242521734082335e-02
1.072472970796769891e-02
9.636522555250449582e-03
1.036179027715765019e-02
1.046338538835492674e-02
1.013040175501040904e-02
1.022655311396003346e-02
1.039542083783461662e-02
9.808652757049769397e-03
1.012089367224873297e-02
9.494207244611493554e-03
9.894356432928175932e-03
5.478081847549158556e-03
9.481933830027731991e-03
8.441747665626523831e-03
8.551608204152398585e-03
9.186073131668097760e-03
8.145585855883053991e-03
9.056854451043535453e-03
8.935814254256210093e-03
8.642742765961403811e-03
8.725086137223237934e-03
8.607748675855560888e-03
8.005093847504925197e-03
8.459753613400563393e-03
5.759439020152584340e-03
7.357900716601292745e-03
8.196360036328557974e-03
7.593292319793626226e-03
8.115765674141501781e-03
7.916427516219123189e-03
1.806932489131851324e-02
7.635625208998068902e-03
7.669396126966739405e-03
4.740929189402554901e-03
7.393578170207863037e-03
7.432299031959913732e-03
1.728930898200621916e-02
7.178296243767362007e-03
6.891941235649874133e-03
5.315841005565660748e-03
6.919417574966038945e-03
2.800261101753595636e-03
6.760333281021338458e-03
6.910100996081192104e-03
5.098389885896218408e-03
6.508647966591147617e-03
1.095592390521877603e-02
8.926630203854982876e-03
6.254586846259022406e-03
6.204169752540755235e-03
8.644603307772150483e-03
6.051668187148280011e-03
6.031223786378665797e-03
5.861287832897485971e-03
5.971203083993866997e-03
5.722258409160315036e-03
5.470098303262381848e-03
5.596624926403485738e-03
5.133960160232037620e-03
4.655874246178901867e-03
5.353875980412847388e-03
4.015102163876443225e-03
7.401839262792202397e-03
5.165766076583844756e-03
2.776901761949840917e-03
5.028643713980394947e-03
4.977955913334407290e-03
1.508006756395508831e-03
4.734964235566322018e-03
8.154405255575199879e-03
4.647647508596521211e-03
3.619524215127871078e-03
4.500825917036230771e-03
7.395479984724060048e-03
2.877417433919925768e-03
4.303026283354928656e-03
3.914263549715918909e-03
4.475062630360649232e-03
4.105918546388195173e-03
4.078245797677464320e-03
4.059520842107573399e-03
4.196656375582186876e-03
3.805858510527898673e-03
4.209487035546073501e-03
5.338642900911791563e-03
3.677609394202664521e-03
9.102196034526360835e-03
7.785999308274413853e-03
3.467510398221258523e-03
2.975147395880183704e-03
2.348901246797452293e-03
3.260165897248571646e-03
3.155886251447624982e-03
3.231059710680570483e-03
3.062360894302686241e-03
1.350516931196601338e-03
2.943543782662348847e-03
2.583267104297157484e-03
1.976544832381345058e-03
2.743066749785277435e-03
4.541243685169603708e-03
2.570079512989187874e-03
2.602656327189721130e-03
8.022550177985076150e-03
2.522983376900472981e-03
2.572062427333172713e-03
2.357126100332855492e-03
2.209327767932990714e-03
2.392813223703432225e-03
2.241707074049771858e-03
1.191635060422624936e-03
2.110690434540483159e-03
3.800982657503293189e-03
4.068720284625115639e-03
1.905705651479823589e-03
1.897690709668850865e-03
8.260556649405838628e-03
1.325655679776612840e-03
1.698626357796994028e-03
1.730024457903604285e-03
1.659151170154685032e-03
1.815016130475839142e-03
1.565277666757824851e-03
1.358856277026958097e-03
2.097050997453421550e-03
1.486283601716595305e-03
1.269801826460827164e-03
3.811687160427881717e-03
1.381761531577923186e-03
1.178816514056307786e-03
1.294284853078894997e-03
2.772309196374049545e-03
5.868914394226021868e-03
1.599333328445894922e-03
1.247589219965813262e-03
1.019146621425063605e-03
1.171800719879634170e-03
1.091877821947355226e-03
4.759343610180914556e-03
9.700595843009385830e-04
