1.078610602407800600e+00
1.924520268706197967e+00
1.431726529507294732e+00
1.870925924339847057e+00
2.553111000405170916e+00
2.713130108615621428e+00
2.562596961269786977e+00
2.397061686812843817e+00
2.306458568146705357e+00
2.299877000879465339e+00
2.328226601453750266e+00
2.358247480861241918e+00
2.410606232431511842e+00
2.482219189396320580e+00
2.578394398907245311e+00
2.692371043893256655e+00
2.815552014409434811e+00
2.938793560530765347e+00
3.055737089374849003e+00
3.157791918342307547e+00
3.251647038413076007e+00
3.333585075369486894e+00
3.403089043017601067e+00
3.467452399669698426e+00
3.529332962254836392e+00
3.595485895562497092e+00
3.668805933599119218e+00
3.751286971824983940e+00
3.848208240320829976e+00
3.942464103828821287e+00
4.051529841949032651e+00
4.170382959629326258e+00
4.296482625150146895e+00
4.434029081437122599e+00
4.584208737561644043e+00
4.743569541085453700e+00
4.913773149209197832e+00
5.105551793280849182e+00
5.298828230259156946e+00
5.509002117584258507e+00
5.738221763122214547e+00
5.960957134628627863e+00
6.197605267329590717e+00
6.433901735440659131e+00
6.670739708140416724e+00
6.903590062091566892e+00
7.126499645594132737e+00
7.342431057372753145e+00
7.547186830908065858e+00
7.743601351656316467e+00
7.922623987880581531e+00
8.092951527345714879e+00
8.249641589833238697e+00
8.391978270711414112e+00
8.524146911578954544e+00
8.633309312843840289e+00
8.736724526847018168e+00
8.825745755467568898e+00
8.901505572701328362e+00
8.970223841036162327e+00
9.037619492159162604e+00
9.077723948371174245e+00
9.119906038838202278e+00
9.160176618361605350e+00
9.193871292037599119e+00
9.222167365945360018e+00
9.247720849763537032e+00
9.271791328009582500e+00
9.290906070768677694e+00
9.306015564388626871e+00
9.327262505998660913e+00
9.344908307031364103e+00
9.361780509428626829e+00
9.378287098933254740e+00
9.394971746026390846e+00
9.413346926743658472e+00
9.432977935413575210e+00
9.452825089278253046e+00
9.475884652770826477e+00
9.504648132204060573e+00
9.532287974327404712e+00
9.562231182010529906e+00
9.594397421945760840e+00
9.625934209556792354e+00
9.662308338815529751e+00
9.692946653645169164e+00
9.725148659344519331e+00
9.756427935741930568e+00
9.786400752259510227e+00
9.816830173014668759e+00
9.836882637953102915e+00
9.862721291156534065e+00
9.878361815128247514e+00
9.892153946860032576e+00
9.899321335903888297e+00
9.901517489534629846e+00
9.899229019385751727e+00
9.885904070708548375e+00
9.869486249372066311e+00
9.849179138822588442e+00
9.810558252032977933e+00
9.774200555035537974e+00
9.721700738141310083e+00
9.666451962620286054e+00
9.608503215182702561e+00
9.538763312472354983e+00
9.465021436075936379e+00
9.387691998579514419e+00
9.306300536485530017e+00
9.217675505762194632e+00
9.126425330589004403e+00
9.032324107012891901e+00
8.936277388609379813e+00
8.840179359371665768e+00
8.739686227665881546e+00
8.640951354133164841e+00
8.543559206891607971e+00
8.445861470900139167e+00
8.345465886315579951e+00
8.246045046023679603e+00
8.148998330993398653e+00
8.053856491393585060e+00
7.962474630421744415e+00
7.869714508807303055e+00
7.779977077502099547e+00
7.695304116799714933e+00
7.605102188533630070e+00
7.529478667150284465e+00
7.450678176205326686e+00
7.379591385626351752e+00
7.306613707150218850e+00
7.238942025932803226e+00
7.171887806582160074e+00
7.114342175814326374e+00
7.052240402096391136e+00
6.999919856369034576e+00
6.955355719569037198e+00
6.902959444352956275e+00
6.858043996869623626e+00
6.817765024243086280e+00
6.779377259336596850e+00
6.741110975418028950e+00
6.710603063719490002e+00
6.680618140930216775e+00
6.655255354236853549e+00
6.629066719661759421e+00
6.606674683418082061e+00
6.588978575817118433e+00
6.570902077858099766e+00
6.551559752738138620e+00
6.537562721691519307e+00
6.523027159720576229e+00
6.509202773641992401e+00
6.497134704298630048e+00
6.492580318894830782e+00
6.478254467360114788e+00
6.458908043904917129e+00
6.447156473562722034e+00
6.432698887927555731e+00
6.423841644517562344e+00
6.405517461548640767e+00
6.391587186018091948e+00
6.376573907222178761e+00
6.354393938183425128e+00
6.339313573169722993e+00
6.320518315306109969e+00
6.298937408824828665e+00
6.280674291281655996e+00
6.255887288146901426e+00
6.231792064671122233e+00
6.208926237012408755e+00
6.184062549947007881e+00
6.157534437132365923e+00
6.128301042437434454e+00
6.105334518150518086e+00
6.073955949769474394e+00
6.045113905641480656e+00
6.017991012830722575e+00
5.989858925519319754e+00
5.963892609981307658e+00
5.938999372422558487e+00
5.913879358826473087e+00
5.884170309164055368e+00
5.859031394987304076e+00
5.834603611021767833e+00
5.814910781672183226e+00
5.794840362277060564e+00
5.776924504990425646e+00
5.757145169218368608e+00
5.745842946152687425e+00
5.732073873113983531e+00
5.722869546514297134e+00
5.716833883614164336e+00
5.715425954165784361e+00
5.712859567087379631e+00
5.714282845174883718e+00
5.722518186353483749e+00
5.726325112297462105e+00
5.737634240468796776e+00
5.749518832594513462e+00
5.765485155488249802e+00
5.786110543483220958e+00
5.808654092116586121e+00
5.830171414887431069e+00
5.855686128577149319e+00
5.885370886274843727e+00
5.915168976413863078e+00
5.945125949251598207e+00
5.980662179798390987e+00
6.013127972835978774e+00
6.048254142075592199e+00
6.082789955898107337e+00
6.121597507832306384e+00
6.159581186933258401e+00
6.201707700054885919e+00
6.236567439631819809e+00
6.273782042961863148e+00
6.313645117474043111e+00
6.351955238773845380e+00
6.388713957119859010e+00
6.428429579388122761e+00
6.466679339699585860e+00
6.500381901819569208e+00
6.536364147030381488e+00
6.572760117017216963e+00
6.605345236354916771e+00
6.637799692747267777e+00
6.668653623539785080e+00
6.698481511792710563e+00
6.728625612547239676e+00
6.757163532121119864e+00
6.780073029052444689e+00
6.802668272605469468e+00
6.826894127768763809e+00
6.846787190901034492e+00
6.866945775210811398e+00
6.883973876272898806e+00
6.899436784638910858e+00
6.912939278698170931e+00
6.925680065181651024e+00
6.933535951397555408e+00
6.947853646305300224e+00
6.947780072460781220e+00
6.953945844280094768e+00
6.958389679339592071e+00
6.959698400954952291e+00
6.962318220850731265e+00
6.961259466323725498e+00
6.951898286772688174e+00
6.947732110285511631e+00
6.939348818755441073e+00
6.934830905317649119e+00
6.922689862838776520e+00
6.910838538570530432e+00
6.895842229588197370e+00
6.880864751742801211e+00
6.864249058613705934e+00
6.845686373536191027e+00
6.825406334015569065e+00
6.804246235245877017e+00
6.778711233792851232e+00
6.751598938610643863e+00
6.725778002284191537e+00
6.696138779473153058e+00
6.663632272263945389e+00
6.631881009389180015e+00
6.598288560917645817e+00
6.563154078664883428e+00
6.525440720759169366e+00
6.490728248719720206e+00
6.445148902842204208e+00
6.399870999304433816e+00
6.362908952634978910e+00
6.313591088693595310e+00
6.268414143244819492e+00
6.219507026259301519e+00
6.169575316699337897e+00
6.122232299602509364e+00
6.065003501906399030e+00
6.013177076081358763e+00
5.961500356323657712e+00
5.903131481785552026e+00
5.851494460339102588e+00
5.788709808856267180e+00
5.726394273968753446e+00
5.665745967914116221e+00
5.604151701720094358e+00
5.541563562035117130e+00
5.473071382755136938e+00
5.408695660496499968e+00
5.339238456939432886e+00
5.271972369933212832e+00
5.198902897489306341e+00
5.129068498654033803e+00
5.058672312397193949e+00
4.990753396541810716e+00
4.909953556581379885e+00
4.834199359953937680e+00
4.760228660264579581e+00
4.682445409627400856e+00
