9.461975734383119008e-01
1.153941361037540636e+00
2.046417302707146391e+00
1.906499432797500670e+00
1.742835324958008858e+00
1.593621960409079774e+00
1.458463428310670329e+00
1.333200970634568439e+00
1.214166572955688972e+00
1.098924737186903755e+00
9.867719083062124197e-01
8.803572639239450881e-01
7.792425155990221342e-01
6.870597670482788688e-01
6.039369032814667637e-01
5.292016275185495999e-01
4.616691363661440395e-01
4.041150481059255783e-01
3.528989762704027311e-01
3.074030155139270692e-01
2.685973405066572339e-01
2.367558694537313935e-01
2.057192947965917618e-01
1.808589257373424408e-01
1.578278954624781627e-01
1.406820407518374894e-01
1.256828123789194562e-01
1.131824413436667426e-01
1.007148553328012092e-01
8.042340788106981664e-02
8.249065138752766091e-02
7.588404599937531581e-02
6.918072035138703169e-02
6.364113391001045839e-02
5.976021599564293463e-02
5.446735031929782200e-02
5.127275908419619277e-02
4.931163212531728540e-02
4.506065585731486994e-02
4.283596163728323886e-02
3.591972523686810803e-02
3.769243194915883333e-02
3.655302522412377797e-02
3.229162613863613418e-02
3.229528698798751069e-02
3.166219338388849558e-02
2.881156642022818237e-02
2.861429158444413895e-02
2.547208514981766717e-02
2.611429647925632772e-02
2.246474722761367462e-02
2.372273717648467825e-02
1.657123052225709450e-02
2.134579903700479023e-02
2.135833344035591164e-02
1.915446234084635865e-02
1.972653568634201784e-02
1.522527784029284806e-02
1.743183149810441368e-02
1.796022853161588495e-02
1.268241125363722341e-02
1.644552495334498932e-02
1.651730245164178754e-02
1.426393192236766368e-02
1.525012065744308330e-02
1.444087246856629037e-02
1.337000668206617636e-02
1.417656904984709171e-02
6.930544854577947757e-03
1.321334750454822293e-02
1.315569065611574967e-02
1.138894395096158065e-02
1.123278642266396614e-02
1.099957700667679797e-02
1.215806049859544449e-02
1.158544090070485859e-02
1.346074443963100539e-02
1.091514367104301150e-02
1.110314623974947845e-02
1.042412403825536925e-02
1.062416721859594897e-02
1.064098682737340575e-02
9.554667132123858056e-03
9.946934598916176359e-03
9.885889223494899805e-03
8.781014450166541377e-03
9.616777464789168922e-03
8.772443195798460339e-03
9.630280908829112405e-03
2.435548397656360844e-02
9.259246636092432689e-03
8.612987419201120765e-03
9.420343921414124980e-03
8.671781959611065890e-03
8.760751337662207872e-03
8.461866126801586771e-03
3.276863651143394063e-03
8.464535945331190525e-03
8.115612934866444153e-03
3.689882235892354059e-03
8.047385123708729673e-03
5.233312103773342730e-03
7.918665213615325160e-03
7.691924933140789622e-03
7.991055364069373987e-03
7.589760198384511158e-03
7.487093316118348732e-03
7.582489244870375261e-03
7.354749337330565226e-03
6.423262495858779279e-03
7.270331473825341478e-03
7.706957529649489588e-03
7.124973813091005706e-03
6.473140100802152706e-03
6.997341399402982713e-03
6.883441748537330769e-03
7.206602061116564387e-03
6.859934495462993373e-03
6.928259419684766086e-03
6.725426141106004112e-03
1.374193086783519722e-02
6.634988377380688848e-03
6.509917776298107008e-03
1.084873212817547873e-02
6.636581162606791651e-03
6.419391956159360875e-03
2.153502060289076096e-03
6.408850429157380429e-03
6.230495233897574009e-03
5.959760512756783792e-03
6.296517888916632749e-03
6.083346382389175772e-03
8.368003003236496734e-03
9.354717296729094661e-03
5.925475864056022404e-03
6.812233807167185524e-03
5.900676473650744158e-03
7.577434253942392367e-03
5.836821047864599286e-03
5.863184973944926028e-03
6.151399923079428102e-03
5.691707347354247638e-03
5.523916227126382181e-03
5.487053519498901778e-03
5.498758334055042600e-03
5.533392867869042081e-03
6.663202903635564826e-03
5.483542871315856375e-03
5.299454710176130894e-03
6.235455424144686377e-03
5.261014680162757334e-03
5.259891152410400318e-03
5.378814087261014378e-03
5.292265505989466462e-03
4.964179744461611268e-03
5.399588931953447878e-03
5.055337135974673386e-03
9.453129269015099478e-03
5.160949537069681875e-03
4.938011975659399588e-03
4.940084117415863459e-03
3.976379014372199115e-03
4.810976202675142088e-03
7.182341278255972156e-03
4.758469689920457116e-03
2.018196313495403127e-03
4.701611332654343813e-03
4.590433041866605335e-03
3.714560146550632304e-03
4.547920969511371793e-03
4.501615224938660190e-03
2.865797624562627967e-03
4.369813637797099158e-03
3.811152746157957846e-03
4.323117360975212847e-03
4.377116413015549184e-03
4.318030591296532182e-03
4.293345602732727070e-03
8.856219482199900045e-03
4.166324928126054206e-03
5.904709925346270268e-03
4.086927970849584500e-03
4.400638614413174103e-03
3.448195863429025579e-03
3.160574039283061375e-03
4.007003719745085880e-03
5.752520031514213664e-03
3.876929491884321347e-03
4.125548362312857383e-03
4.039686961202229587e-03
3.757084130975830820e-03
3.809544083397294056e-03
3.551965480901078318e-03
3.536471061528157801e-03
3.939383255411961840e-03
3.619055948032712158e-03
3.785216266852230085e-03
3.375371791081841800e-03
2.516326279718308131e-03
3.451760131578726545e-03
2.533942832784125913e-03
3.377855132830709026e-03
3.660433404442595129e-03
3.289315170244312258e-03
3.287155065286749469e-03
3.542329887950622629e-03
3.283998885204485445e-03
2.840737642540763948e-03
3.152311729720026247e-03
2.762757391758657866e-03
3.032677558916810952e-03
6.042988687668082205e-03
2.467301446060510880e-03
2.135702292845238250e-03
2.851779633030510422e-03
2.551505510754706677e-03
3.877432506249326415e-03
3.607504331415298075e-03
2.665777980089082191e-03
4.757636511460073929e-03
2.642549111339638143e-03
2.554269362819951237e-03
2.229141087078942169e-03
2.457802907654108374e-03
1.029613699623921873e-02
2.409234947715068863e-03
3.459021720372813542e-03
8.038954146187752073e-03
2.231753324432212814e-03
2.178217449665630339e-03
2.006066911457907338e-03
2.102492534256547932e-03
3.237019668642005747e-03
1.976704707551210031e-03
4.393649155848438660e-03
1.889894664338997695e-03
3.530222490096914401e-03
2.703728959643591449e-03
2.748727891508249022e-03
4.198258987454865122e-03
1.610348723466694483e-03
1.900497286616032681e-03
1.053933739214287825e-03
1.263413163042977679e-03
1.387641179142200211e-03
3.271471672265937550e-03
1.683158654354437959e-03
1.175364368364918569e-03
1.565000276975885571e-03
1.602739756727799073e-03
1.270892189106641833e-03
1.281893534889295928e-03
7.768349534907087071e-04
1.123414475422431337e-03
1.206813125920008518e-03
1.045527480980378010e-03
1.036668289696399819e-03
9.688136476899480163e-04
9.536251566834430668e-04
1.939862223545512276e-03
8.644330166024382376e-04
1.490125185750368559e-03
8.322703611617696248e-04
6.594218057098227403e-04
8.349200655169947789e-04
1.078273884962503920e-03
6.983092404367197267e-04
1.575213011259400534e-03
6.386762370124559078e-04
2.863329994579571439e-03
1.138512161960387103e-03
5.658747509960853706e-04
4.317460553099264700e-03
4.938738593786676538e-04
3.480726297142782127e-03
3.559924756894055253e-04
3.356306387729677989e-04
7.245636125604956734e-03
3.252591497872254264e-04
4.006400328701661289e-04
4.413972724338512512e-04
3.011329977804958293e-04
4.494239907210920344e-04
3.128887866694131403e-04
2.375066244119684866e-04
2.570106328233558992e-04
2.269155644949562094e-04
5.026776410957091434e-03
2.110176533611444051e-04
4.702962742070726683e-04
2.202155239813660594e-04
2.065869231319857058e-04
8.492008711944721818e-04
2.377127953860466616e-04
2.222633691172141393e-04
1.404687346389128485e-03
3.363294525891947031e-04
4.578300451125433116e-04
4.205602995634207799e-04
3.597454640584957512e-04
