1.010666638575594689e+00
1.377131398306386423e+00
1.841597888985269327e+00
1.875115848435122023e+00
1.821078006704647034e+00
1.798147115777065652e+00
1.792657469327480602e+00
1.792495240789774513e+00
1.793571512652530231e+00
1.794626876570372787e+00
1.795353723480522357e+00
1.795757479135554835e+00
1.795925895242588499e+00
1.795954616466817866e+00
1.795913861923244870e+00
1.795852918830734168e+00
1.795800728258655221e+00
1.795763675793433878e+00
1.795744841445540807e+00
1.795842424160148276e+00
1.795102319768329124e+00
1.801737085883652334e+00
1.793546779538675029e+00
1.793180754303649982e+00
1.791348566644479723e+00
1.791295542068921387e+00
1.788159801734450660e+00
1.787928912228416767e+00
1.779609233747620367e+00
1.782574621015209804e+00
1.782620786304800919e+00
1.779003923924339370e+00
1.777804655655228272e+00
1.777793634518215038e+00
1.772401455026688666e+00
1.772686095195685096e+00
1.764992455271495508e+00
1.764988022798025691e+00
1.765011184823103152e+00
1.758166179071398272e+00
1.756503450190363580e+00
1.750735827290373914e+00
1.750883628430349503e+00
1.744101329212025320e+00
1.742947927475494430e+00
1.733280614547580756e+00
1.732931419134178919e+00
1.725713909822927494e+00
1.726487630602898227e+00
1.714544061392570651e+00
1.713557181207365332e+00
1.710583672695841440e+00
1.704693213291422538e+00
1.704688761768143657e+00
1.692365721562354208e+00
1.689629255526968077e+00
1.685279261527247163e+00
1.684319051428475156e+00
1.676861519646030363e+00
1.667633801826442497e+00
1.664681024613325011e+00
1.660549942533277923e+00
1.647834812995080833e+00
1.641926346413369098e+00
1.641986621584625716e+00
1.636878129291804429e+00
1.636796150378760029e+00
1.627223014675430290e+00
1.613768952293167969e+00
1.613470837577343664e+00
1.607283726902819732e+00
1.607430857044171768e+00
1.589730824863268888e+00
1.590128829847624825e+00
1.586171122693323277e+00
1.583396941014574066e+00
1.580310285252526148e+00
1.566099421811067538e+00
1.561404282650945552e+00
1.555678191666000520e+00
1.555725574960391100e+00
1.547614223340844308e+00
1.546105381412511637e+00
1.535168969176387233e+00
1.534391962314506808e+00
1.530095302545484870e+00
1.529768515528983741e+00
1.513837362902880512e+00
1.510757840806552066e+00
1.510624527285604923e+00
1.505335533557365713e+00
1.494760829920153355e+00
1.492263181220878865e+00
1.489203577592177252e+00
1.489488969488562686e+00
1.470195688182287075e+00
1.468454516413641109e+00
1.466152243962435264e+00
1.466164806544245636e+00
1.462463883756978777e+00
1.449218187526663204e+00
1.445994090737116489e+00
1.442861685896643653e+00
1.442871317120687058e+00
1.431553763337321650e+00
1.423895680757891968e+00
1.422790024753862070e+00
1.422102270284241410e+00
1.421295525365544821e+00
1.408201120036381759e+00
1.407177774032727591e+00
1.405804652355567397e+00
1.404099179930785812e+00
1.389011139210996948e+00
1.386260367675925087e+00
1.386693788016947426e+00
1.387309151081997705e+00
1.384380550852883029e+00
1.370219392202657538e+00
1.369641334964485813e+00
1.368419646036444615e+00
1.368461926619946256e+00
1.352298357232429193e+00
1.351568314899172396e+00
1.351525400305857660e+00
1.350578953940664739e+00
1.342540090650323981e+00
1.333027541989036058e+00
1.332720798456379141e+00
1.332731596185408707e+00
1.331744187342646324e+00
1.330058864748922653e+00
1.316171532693636514e+00
1.315816502558463386e+00
1.315901183915080486e+00
1.315460336206691228e+00
1.297004435285851409e+00
1.297061955952538703e+00
1.297095886582886548e+00
1.297233933605951073e+00
1.296793588535541719e+00
1.283003686339551974e+00
1.281677906053615645e+00
1.282729128905033100e+00
1.282764132598243956e+00
1.263263665273284930e+00
1.264279976967221719e+00
1.264373613102806493e+00
1.264777301789374198e+00
1.264862077618527092e+00
1.249220174813586937e+00
1.249508246827784941e+00
1.249534649381870866e+00
1.250056743527930392e+00
1.238927680411188836e+00
1.236532876351940535e+00
1.236941600303998579e+00
1.237086610770679940e+00
1.237078798710685046e+00
1.223092745864701847e+00
1.224180645063158934e+00
1.224195031413286339e+00
1.225861188884582731e+00
1.225838984961710176e+00
1.211445934463418528e+00
1.211133650323735989e+00
1.211734932936487930e+00
1.212460254308970198e+00
1.199262023913409081e+00
1.200584680755015343e+00
1.200549857672188692e+00
1.195862753285632518e+00
1.188855867976391201e+00
1.188863900806059304e+00
1.190760365894173445e+00
1.190705904968843543e+00
1.176018010273528258e+00
1.176819074789133390e+00
1.176839237045693043e+00
1.177232913282020732e+00
1.171181805877135496e+00
1.171711357748384863e+00
1.171665772849895371e+00
1.161082367731852250e+00
1.162360661998278699e+00
1.164240751662082740e+00
1.156773488882633316e+00
1.146987806650677788e+00
1.148815477095420423e+00
1.148215101007451500e+00
1.150398050426902241e+00
1.150147045552096348e+00
1.149637946361190988e+00
1.140234244843119749e+00
1.141598183694664037e+00
1.141526260027018846e+00
1.129921094200085463e+00
1.131113387878060150e+00
1.132615257802127129e+00
1.125338752112968965e+00
1.130279277468181798e+00
1.125445697078429674e+00
1.125274586929661647e+00
1.119816005214348875e+00
1.117397607238164614e+00
1.115334979191210385e+00
1.118482404953449416e+00
1.117919906232933913e+00
1.106750323742986319e+00
1.108100764081626055e+00
1.108549437724352327e+00
1.109310076288269054e+00
1.103307584989204004e+00
1.104711555515097254e+00
1.101568629921167775e+00
1.098440594665460734e+00
1.095313511098771508e+00
1.098642033305345267e+00
1.097048108037360414e+00
1.086272424559225458e+00
1.086292171855149258e+00
1.087985608382767033e+00
1.090332124154175908e+00
1.083200550063776912e+00
1.081206568097873078e+00
1.082668783407314317e+00
1.082681539897522471e+00
1.071388594459768306e+00
1.073216002584090445e+00
1.073538758687045958e+00
1.077044310257290194e+00
1.076119317991334645e+00
1.070831140947898330e+00
1.071208509762823891e+00
1.067229675199537375e+00
1.066315742501259933e+00
1.062261026936724750e+00
1.066123179095719520e+00
1.067072843438661156e+00
1.061807095169986059e+00
1.061877069832076970e+00
1.064013722532480610e+00
1.052662671952679041e+00
1.052232947088780568e+00
1.056374035469726858e+00
1.056599386009007269e+00
1.053982590891673565e+00
1.047933630202635635e+00
1.048320886888968628e+00
1.050723632184434431e+00
1.043034648553138766e+00
1.045173213648633137e+00
1.043988830777854870e+00
1.046659778360349513e+00
1.039624691201576079e+00
1.040729658992044282e+00
1.042925358900968602e+00
1.034645898059062041e+00
1.037096784856678555e+00
1.037374145822374860e+00
1.035597123625771276e+00
1.035113030033044668e+00
1.034888777757174916e+00
1.027777356554999910e+00
1.030097732105309305e+00
1.028458299498568262e+00
1.031828820407725056e+00
1.023961608676224655e+00
1.025069876063027907e+00
1.026322994006654055e+00
1.019587745855426109e+00
1.021142181835214657e+00
1.013017757360350490e+00
1.023921507211153825e+00
1.019120407156967945e+00
1.020738034037027342e+00
1.015222465364464144e+00
1.016147808774616745e+00
1.019344491798087837e+00
1.011112216364632665e+00
1.013319904663344539e+00
1.015400161325133110e+00
1.011731512505816610e+00
1.003027825349554591e+00
1.006889137093508690e+00
1.012200310841947948e+00
1.010224244024023221e+00
1.001108850640974879e+00
1.001683224744113421e+00
1.004049958145257326e+00
1.005872917069414507e+00
1.007092621014112011e+00
9.992816099166784705e-01
1.001042109750162279e+00
1.000109119658163070e+00
1.000670616874492547e+00
9.989920769446203330e-01
9.939069710817002301e-01
9.953449110848093806e-01
9.984768643167486468e-01
