1.065094425297792968e+00
4.874927918228056933e-01
1.502935073094979312e+00
1.770274024572294103e+00
1.508108269182820038e+00
1.091068173491142490e+00
7.492993467619091241e-01
5.061354819745421674e-01
3.399914438703440234e-01
2.282967888252375177e-01
1.540338063372573840e-01
1.050021005452650702e-01
7.262018884138306263e-02
5.101970096591322557e-02
3.633657742155683990e-02
2.612152300294321577e-02
1.886225613849888683e-02
1.362362254753610516e-02
9.819168373524212942e-03
7.063933564492760366e-03
5.098392721472644849e-03
3.735659560021337144e-03
2.832006814178623152e-03
2.272695278892845807e-03
1.955911192205212097e-03
1.799447560257895441e-03
1.780066892272130167e-03
1.790447461365602972e-03
1.751155187884257313e-03
9.301980077184869014e-04
1.894991724850392766e-03
2.590724893718211828e-03
1.929091591836480180e-03
5.112804904433290720e-03
1.904008257750244328e-03
1.876937607152691584e-03
2.014985257679689171e-03
1.912455106667503360e-03
1.648801324594034896e-03
1.850142279917177043e-03
2.481625350278216912e-03
1.743928067206465277e-03
3.646245491512211355e-03
1.612809065614148217e-03
1.581483980963348376e-03
1.395151100681818641e-03
1.484651425807344055e-03
1.923733627863353926e-03
1.369082030891213397e-03
1.338330617062399646e-03
1.415411275055859265e-03
5.858906827741794691e-04
1.798866387427001381e-03
3.929389367382450995e-03
9.354390229278318741e-04
1.486572071866865997e-03
9.565426982424994140e-04
1.177731305551774424e-03
7.932934731960756755e-04
8.637589046503311606e-04
7.176698737775040081e-04
4.482300052610993729e-04
7.292762833616333457e-03
5.818252272730917380e-04
6.474563203272751949e-03
8.055883144990251153e-04
5.879546090041895415e-04
6.814194042872278841e-04
2.437657992504418253e-03
7.299459439339690391e-04
3.345871836974685458e-04
2.954218877839714214e-04
2.968643041865546162e-04
2.577512905290206199e-04
8.312141292478671161e-04
1.753548401355428015e-03
2.489692728199485250e-04
7.879096339464474689e-04
3.946589112242976653e-04
1.233293566686411444e-03
2.345056864622364521e-04
5.934972214741677946e-04
4.262223734132843155e-04
6.841040328797935548e-04
6.625490962556048477e-04
8.489666262098932280e-04
3.868938137683792036e-04
2.314340146756478298e-04
1.026337663278294697e-02
2.854986828180663266e-04
2.563903022610813584e-03
3.426451100026740534e-04
2.506004214744530687e-04
2.108184726390826430e-04
2.006421256383209082e-04
7.661947348645616615e-04
8.034277831385319354e-03
2.833385811421674865e-04
1.849521618034996899e-03
1.715051425657501856e-03
4.299539111027761863e-04
2.216407319683230562e-04
3.489956286982813603e-03
3.589295022512182273e-04
3.043989233323251978e-04
2.935096216470701493e-04
3.011001278548758840e-04
2.538211014809706265e-03
5.267022183409717645e-03
3.639360885687902480e-04
6.665983457239076353e-04
4.262801884989147918e-04
1.948431082384657345e-04
1.965083893994002263e-04
5.729514534650742303e-04
3.950058985441750226e-04
7.938528829270111815e-04
5.674715514102878205e-04
1.696889216983861308e-04
4.209295845313465109e-04
5.848711338709515874e-04
2.014681985692586084e-03
1.111371278873629154e-03
5.177158517593223337e-04
3.545357733540790241e-04
3.166567361579366181e-03
9.009947188950541766e-03
5.451694364786559234e-04
5.245594281201770761e-04
1.311362378161790021e-03
4.083262634352033730e-04
2.264792212013676427e-03
6.196262262286944891e-04
6.586146901671649208e-04
1.488855034319357552e-03
5.713153191821755640e-04
5.093234899246420902e-04
6.229781538941684023e-04
7.835037742357011141e-04
2.025243078483707302e-03
6.580763953087556684e-03
5.984665749667026930e-04
2.910975963270402353e-03
2.348668182248018696e-03
6.112125595034536337e-04
2.995138863932435844e-04
6.182356117233972709e-04
2.578439687126476889e-03
6.594210256268777555e-03
5.972467196895892352e-04
4.449160500896858243e-04
7.095019103257906284e-04
7.089424258341636698e-04
1.066818093107729966e-02
6.800679942108681661e-04
3.061860363675235341e-04
1.446459455735251386e-03
5.446423827156584479e-04
6.538761230090090783e-04
2.666702535955691247e-04
6.446784500896186616e-04
1.423481734309205767e-03
7.943893725117876382e-04
5.080767184528443012e-04
2.892908046969267042e-03
3.527785569312123348e-03
4.280589308229010466e-03
5.899481039701746704e-04
2.475377819460734146e-04
5.905652992669605320e-04
8.628499071337693109e-04
3.575992445282937752e-04
5.831579394621991697e-04
1.341556622226607520e-03
3.809891450845813736e-04
6.155292363068539351e-04
2.472299416774238236e-03
6.812835982137138919e-04
1.018425083115617573e-03
5.651225928431350852e-04
1.205974735802473920e-03
7.316629011501675104e-04
1.187832802288539850e-03
6.712535413836295687e-04
7.193874881056408661e-03
1.080578991606791260e-03
6.847677559922553132e-04
1.515729870700078391e-03
6.785054984482143808e-04
7.834981718654789734e-04
6.915369219362586459e-04
4.745809193392834004e-03
2.530879188289783272e-03
7.055467671945888199e-04
8.213404886946597651e-04
1.274683238161067669e-03
1.962743118359733827e-04
4.788259709216319900e-04
5.178144292212272584e-04
7.442614252197926128e-04
7.518301702066070447e-04
1.041821719103031311e-03
8.165605925560799269e-03
6.335280704248221796e-04
1.973938887466973775e-03
1.498947615221435901e-03
1.268890202039290802e-02
7.480624905984080029e-04
6.857658990936661269e-04
2.569870492670880795e-03
2.926532130186903927e-04
9.457291257323331528e-04
5.345204889013236392e-04
2.177404867299476132e-03
6.904553481075276960e-04
6.893297571736391356e-04
2.910666586806080845e-03
4.664917490438126070e-03
8.031148859386104052e-04
9.990375741996426230e-04
3.595885005515629131e-04
6.280585115429545033e-04
2.513953277013020789e-03
7.075112011189380956e-04
8.212487908541921469e-04
6.504090447772739158e-04
8.304223403374358988e-04
8.338616947209966362e-04
6.464927264635253468e-03
7.091615269378965646e-04
8.440786832100657293e-04
6.822844277083684123e-04
6.871976555963837810e-04
1.809582116262024539e-04
6.787651694254280164e-04
7.648790223638951037e-03
6.987346689089826831e-04
1.097074147463638488e-03
8.296019034169170928e-03
6.800876364157081196e-04
7.031553276696903302e-04
1.003695478116296315e-03
1.200104831619950652e-03
6.380971654612016108e-04
7.023792222587434651e-04
2.867933975616607060e-04
1.239457886695626660e-03
7.109980496776667231e-04
7.369162758599645405e-04
6.035711657785077953e-04
7.911341548839029899e-04
8.591271551830456698e-04
6.962602578256764764e-04
3.392241682996841642e-03
5.642332922194803063e-04
5.696995733106192559e-04
1.873378518624104578e-03
1.729963071289614346e-03
9.344550228019926586e-04
7.611834803483894484e-04
6.234879300125076946e-04
4.973712153421794508e-04
4.559995514591110239e-04
1.850423451230973071e-03
6.862034253649388314e-04
6.038260306913284005e-04
6.294944771323298218e-04
6.757627698462342859e-04
1.548132663460817992e-03
7.437007075001076783e-04
5.292498798807142475e-03
7.538813209701432328e-04
8.488983844593400718e-04
8.888268015145663102e-04
2.674767814905587657e-03
6.976866050430011483e-04
3.273095614507076905e-03
1.202717525571501750e-03
3.628629383153689734e-03
7.879968904735126442e-04
7.903239174202251853e-04
5.937657877323053879e-04
2.229875591490320785e-03
7.296378547497550182e-04
7.910006850674822926e-03
6.825091310398778222e-04
6.130461815389126037e-04
5.273896731230405576e-04
3.773967323122737801e-03
1.711923430530385391e-03
1.266729966923015472e-03
4.054809831259599279e-04
6.810989228973561831e-04
6.225155325825799512e-04
6.811627803875967965e-04
9.623141190035667961e-04
4.687349129828971301e-04
7.409078385676434730e-03
1.109201462950258187e-03
1.961538851421174966e-03
