1.162764782577442091e+00
8.568731404215523817e-01
4.698621773598859797e+00
4.745095317282196135e+00
4.677089992806702234e+00
4.564497623512840718e+00
4.436476895566144663e+00
4.305116390928330539e+00
4.167364707446946426e+00
4.027414895817811313e+00
3.886301782844459041e+00
3.743909868343609837e+00
3.600557026966962670e+00
3.453365742398402993e+00
3.307328413844661696e+00
3.161988794243471457e+00
3.011584249202321928e+00
2.866830009969192350e+00
2.736235488730218712e+00
7.823577819106808384e-01
8.368296323509865076e-01
9.238408851950302703e-01
9.099119754159619156e-01
8.514937453876350038e-01
7.687900900601672971e-01
6.931183654726260635e-01
6.037461597757023402e-01
5.220291353678091495e-01
4.461638748105275498e-01
3.732421682565262855e-01
3.065511635001841317e-01
2.449764093919456764e-01
1.883082389457279571e-01
1.364339444158902681e-01
9.166308239007592285e-02
5.498429389250273497e-02
3.674780494802350889e-02
5.004949243379953894e-02
6.979710507329661695e-02
9.827127537417776337e-02
1.174516903164959380e-01
1.404707614351822509e-01
1.538026114241970721e-01
1.676689128469859291e-01
1.815404594511455805e-01
1.931067236868361514e-01
1.934018961453787544e-01
2.037798518776942902e-01
2.078882188304583545e-01
2.119565655925881031e-01
2.136162283938082274e-01
2.160725877747700363e-01
2.165209564563543576e-01
2.169028464613186602e-01
2.117436700040362108e-01
2.173104247294704583e-01
2.195151920034743021e-01
2.199378669844564427e-01
2.195055326326108835e-01
2.169880631348134747e-01
2.194372736187524819e-01
2.183961511341390993e-01
2.137655505524226340e-01
2.205058494751042097e-01
2.284177169087213688e-01
2.232409088205843384e-01
2.153530416725136509e-01
2.214737053615104811e-01
2.231589121029341760e-01
2.182179641506374335e-01
2.185884101364430343e-01
2.203549530648037935e-01
2.198448486114828182e-01
2.254654061836761925e-01
2.254182726552614868e-01
2.243142369704796413e-01
2.269814790271278693e-01
2.214299760168942921e-01
2.222164411365321057e-01
2.256455203203781013e-01
2.249058146670336877e-01
2.257097014856603856e-01
2.238829149678460417e-01
2.256418925198688807e-01
2.245075228109551790e-01
2.275262953666644938e-01
2.227055272408473008e-01
2.293309657296931092e-01
2.287326656864977492e-01
2.284355544994203235e-01
2.293860584769281119e-01
2.254118023175931684e-01
2.281246231619665776e-01
2.320539243451391898e-01
2.312188359867599907e-01
2.299939078795661118e-01
2.311573110289249500e-01
2.282327730919457287e-01
2.216297344747304443e-01
2.331233270016638548e-01
2.314656858599198341e-01
2.317178079546448610e-01
2.310888775739864676e-01
2.321244817671999361e-01
2.320730269840036164e-01
2.359785519697022993e-01
2.313018469315903658e-01
2.333882905367205274e-01
2.355360735807081052e-01
2.302031166787314176e-01
2.322553680745710336e-01
2.313182170578907959e-01
2.340230512979772359e-01
2.351675364647485000e-01
2.328048350357976026e-01
2.353156717752323268e-01
2.345021880760810029e-01
2.317088002402751534e-01
2.318959365255366112e-01
2.332403993311596146e-01
2.355300391936755999e-01
2.352666217922916025e-01
2.344210546994676958e-01
2.369072846571032009e-01
2.360863870871410808e-01
2.346593543002876980e-01
2.367782751330828883e-01
2.352240569614392762e-01
2.325718559680933495e-01
2.340103146964122582e-01
2.335460132370685005e-01
2.361181765622929751e-01
2.356920056153610776e-01
2.349385443129394235e-01
2.308298396873294800e-01
2.373483926483855033e-01
2.360924363336962539e-01
2.352133332957231926e-01
2.330715903308803461e-01
2.372341765754930887e-01
2.378313437657395280e-01
2.373293560508070166e-01
2.391820880401788196e-01
2.384022766541665783e-01
2.349250793669192539e-01
2.435778079043703914e-01
2.483502164756499764e-01
2.333289322751879169e-01
2.347356430293061624e-01
2.316020176332310443e-01
2.353475584689945221e-01
2.400433684730420292e-01
2.412487427441707966e-01
2.402030271492595626e-01
2.419413175447578945e-01
2.410242808380148594e-01
2.417258207395712177e-01
2.418022702788334144e-01
2.396441021397597293e-01
2.404540640287890219e-01
2.463688068757191041e-01
2.412096847739131911e-01
2.415181436302082929e-01
2.430465447989339223e-01
2.401341952813374203e-01
2.429116380004315290e-01
2.396851054514058943e-01
2.465701347833979262e-01
2.431115652096325630e-01
2.446222411535734498e-01
2.463588759031875575e-01
2.485816186834576835e-01
2.484140854573303747e-01
2.580389483839870546e-01
2.505497144420280042e-01
2.589743666628066543e-01
2.503785950976346597e-01
2.499582750411036280e-01
2.517999456268671943e-01
2.522548569021995091e-01
2.530524803700670011e-01
2.522444350289592130e-01
2.558706063219586824e-01
2.544289967460889867e-01
2.553368990798298155e-01
2.541938212856473256e-01
2.548589252974381991e-01
2.573279919303489982e-01
2.534623514984878367e-01
2.559943288727986599e-01
2.578804626630759600e-01
2.560268886150007250e-01
2.584642729954126916e-01
2.566107739210967686e-01
2.590189535437772417e-01
2.590692942371591312e-01
2.589539077749619667e-01
2.439325344108048133e-01
2.601665966114224404e-01
2.578290261105063985e-01
2.604551780433724262e-01
2.586041020258010303e-01
2.618275391542211894e-01
2.578590379605801841e-01
2.553508392755171608e-01
2.529310182827591014e-01
2.559987498520051585e-01
2.628420261160860361e-01
2.622602159061639404e-01
2.630856549573888370e-01
2.570096203463089202e-01
2.575032428282448826e-01
2.638077674294977415e-01
2.642531453846128087e-01
2.599358247603292260e-01
2.629646535827325771e-01
2.519283941869913113e-01
2.644254436289527055e-01
2.633845288610484059e-01
2.640966654102421818e-01
2.652268994816450176e-01
2.633983872294199946e-01
2.608290324901761936e-01
2.639628789178932178e-01
2.633407233656291924e-01
2.683847818706524557e-01
2.587325246506783083e-01
2.650268696972721827e-01
2.660700975331617424e-01
2.642742154808646604e-01
2.659679442864014698e-01
2.644824717848515139e-01
2.646883235607224161e-01
2.649637366544736472e-01
2.591166531957795893e-01
2.629069062235312448e-01
2.538129751791934341e-01
2.618120649949703393e-01
2.752731678423674389e-01
2.610783068360816306e-01
2.617531769918134410e-01
2.640617173609682289e-01
2.647960962240751837e-01
2.634793693282450056e-01
2.615575619446502409e-01
2.631602810501547096e-01
2.624360903975185844e-01
2.625380863462595249e-01
2.614379148431699162e-01
2.641797621525464046e-01
2.619206086432238068e-01
2.557501582322049827e-01
2.552988283555258087e-01
2.595802278154110687e-01
2.598968567452570322e-01
2.607249719202762162e-01
2.594245647805694110e-01
2.560100338819651378e-01
2.588061943749583316e-01
2.511496264583132909e-01
2.549949912515258044e-01
2.556245676888225238e-01
2.564169153642127386e-01
2.542255954871117107e-01
2.572444419477330491e-01
2.539483907277139685e-01
2.500428966449930734e-01
2.524421138141695886e-01
2.553559596402075194e-01
2.471473235694773563e-01
2.419030964924642479e-01
2.313539784030816393e-01
2.041257616347127435e-01
1.154061244922514468e-01
9.805668530992746323e-02
1.100015706537500193e-01
9.815523738229330053e-02
9.168600232841432607e-02
7.831191753411972933e-02
7.495688539147825347e-02
7.080128481538217056e-02
6.804144554251133348e-02
6.020930503629478431e-02
6.233317747386669938e-02
5.542781189063821640e-02
5.235370283173084588e-02
5.348142206151932504e-02
1.102001131355966404e-02
4.698678826535999248e-02
4.555100841448630339e-02
5.082801232502603961e-02
3.270654395871335635e-02
1.961223375177699457e-02
4.325894699486357992e-02
3.511669636970002339e-02
3.841046813555649281e-02
3.636900144968591847e-02
3.824098540787402439e-02
3.336318954460609776e-02
3.302270588138937757e-02
