1.049286126186514734e+00
1.541016431499486750e+00
2.628933215805838941e+00
1.356248279981712379e+00
1.575945053186847078e+00
2.223142734006477994e+00
2.167197466469551692e+00
2.157042024682676029e+00
2.130927853159785723e+00
2.039910131799618664e+00
1.841915787101009228e+00
1.713687964544784448e+00
1.659376095635529902e+00
1.668944783892531536e+00
2.527913895139916711e+00
2.387323344409635784e+00
2.634142534286413095e+00
2.755001964770777079e+00
2.501361601305482463e+00
1.968464530920543520e+00
1.727212685310729912e+00
1.556151903576975304e+00
1.408042663121578109e+00
1.307164233225601935e+00
1.260266024730860579e+00
1.192159958364657601e+00
1.160745420309668097e+00
1.104651981272890326e+00
1.099416672918813065e+00
1.037329623987044425e+00
1.021370884148383285e+00
9.812929292267200676e-01
9.431880863581222352e-01
9.293948187513858539e-01
9.000966725418523273e-01
9.109987236463348292e-01
7.462678426507871610e-01
7.929673381843010960e-01
7.251139755027379286e-01
6.909316620971981404e-01
6.344291975555096386e-01
6.419151879706346264e-01
5.795789036584720888e-01
5.384495968083229389e-01
5.168736242466890340e-01
4.643437915038930996e-01
5.360597145351606585e-01
4.237039071347353247e-01
4.254136931054646187e-01
3.727778086291459458e-01
3.502421258715904262e-01
3.573255755765380459e-01
2.564356806826988966e-01
3.326133806557096118e-01
2.589201517800425734e-01
2.636770378097296752e-01
2.497963264383391557e-01
2.657450511237957613e-01
2.066140153841068972e-01
2.409359754265534559e-01
2.023010326685297788e-01
1.636928663622154445e-01
2.202939209873087389e-01
1.707536376189892346e-01
1.518946387875744763e-01
1.648534772981762042e-01
2.327510532085996231e-01
1.393585171689476210e-01
1.953511657867550433e-01
1.537652348649164169e-01
1.573656281330433615e-01
1.468069013095640307e-01
1.321492059568670774e-01
1.333702777293424291e-01
1.578126320445355779e-01
1.052340251981889879e-01
8.591929284131638589e-02
1.518275405767057773e-01
1.052612558247443403e-01
1.517946957605145475e-01
1.212101218967520377e-01
1.221602836926318353e-01
1.477424514078350681e-01
1.372196671101918175e-01
1.188158392156244136e-01
9.539588951487648627e-02
1.163148701385624123e-01
1.229586177663377078e-01
1.134810860180961306e-01
1.277993475493753861e-01
1.704675979954121123e-01
1.248982813295735350e-01
1.164359593976740243e-01
9.136466196502451842e-02
1.597485916528062766e-01
7.822397705196416917e-02
1.251490857111434429e-01
1.440557241020214707e-01
1.195494779489382486e-01
1.197045811097809803e-01
8.762599493912726079e-02
3.730937737238653740e-01
8.398336482298160433e-02
1.852140095869018732e-01
1.439030144587048199e-01
1.401229407156713014e-01
9.863990389548438209e-02
1.183020778534226436e-01
8.242291176231464345e-02
9.450466313640087934e-02
1.043219151378797227e-01
1.260292639678296522e-01
1.374531225273511736e-01
1.922939358563235668e-01
2.011631341707810494e-01
9.960058006590313817e-02
9.143119316545834929e-02
9.258801767136952410e-02
1.144150273426356307e-01
7.605862076272529304e-02
9.017477821407521299e-02
1.247665548522574192e-01
1.117770565491462004e-01
8.442199375649664383e-02
9.817840223642890218e-02
1.571547807443164635e-01
1.218118687143735501e-01
9.938907541728685124e-02
1.305122340556160443e-01
9.797776210256321783e-02
1.368210232551894112e-01
9.438867393278002615e-02
1.392241820075713066e-01
1.173964766181729014e-01
1.329354464546452230e-01
4.489183452735658331e-01
1.734745286549237153e-01
1.090411671166616608e-01
1.295128051014729498e-01
1.533346231632966850e-01
8.412499467794661012e-02
7.028559333222041128e-02
9.654869385896198974e-02
1.738678893259734126e-01
1.831438635202755350e-01
2.160725955894312877e-01
1.775510659330429009e-01
1.138695910384081855e-01
1.179553676790380395e-01
9.287140956224475274e-02
1.349100419280886420e-01
8.949416664742754213e-02
2.519283217045287793e-01
1.437846477312215432e-01
1.067808482606981552e-01
2.525094926086874914e-01
9.935034267800940677e-02
1.206965307294998735e-01
1.374176360029498722e-01
1.659154192784882131e-01
3.772247701123738750e-01
8.044129114041251305e-02
1.289021228795679541e-01
1.353929912287182846e-01
1.465277294227434191e-01
1.308137996010880488e-01
1.409441857133083564e-01
1.169646841751649236e-01
7.514493013893436268e-02
8.808091893496593217e-02
1.221731049969370236e-01
1.207383516576563259e-01
9.645234853431497446e-02
2.643953304386534864e-01
1.521594336479270837e-01
1.841167362622446457e-01
4.082237221076995271e-01
1.032219841213018185e-01
1.262557997593235504e-01
1.313760429810587327e-01
1.201333429549885784e-01
1.068506611761065594e-01
1.518067173171078199e-01
1.484406208066901822e-01
1.590117185452344095e-01
1.433988109256057741e-01
2.319946340769430682e-01
1.014716234988563281e-01
2.996276804764882451e-01
7.043004910168920718e-02
2.187604667409235870e-01
1.436131530736635686e-01
1.870972288334867561e-01
1.384247411252259863e-01
1.084254096694767799e-01
1.310031433918148469e-01
1.359418446295856953e-01
7.115711944828848057e-02
1.159399830336825116e-01
1.073161595332772639e-01
2.039151130912712773e-01
1.338799642085548858e-01
1.757309972225301331e-01
1.260174587743509711e-01
8.955000573584087631e-02
9.621330394602467528e-02
1.159503935814735487e-01
1.620095043889335507e-01
2.176564366667037842e-01
7.498081663215921955e-02
1.687311072425267122e-01
1.199637226961790537e-01
1.382528415553073153e-01
9.335683660421714714e-02
1.497066899908861271e-01
1.170969004176197620e-01
1.827465339490777496e-01
1.117630259786645402e-01
3.334971318826622233e-01
1.189216638693548767e-01
2.395253235723993068e-01
1.223948404585626232e-01
2.162179862187611767e-01
1.322483442235318496e-01
8.678151762182326201e-02
1.301648174423978566e-01
2.980749618625809783e-01
1.242982369625593997e-01
2.269102750003294811e-01
1.258718321412836405e-01
1.376299420545377683e-01
1.097930765042512136e-01
1.452043094075488872e-01
1.456446568996240809e-01
2.250461891389783919e-01
1.280026697579102757e-01
2.951700737894422666e-01
1.210402716215817215e-01
1.414636405333877800e-01
9.855141373817111194e-02
1.624900116167962982e-01
3.713805192516851927e-01
1.305257815293572043e-01
1.097103717240086596e-01
2.079261969851678438e-01
2.881716784734659753e-01
1.733539214974477716e-01
1.229714628432319462e-01
7.682297375779949256e-02
4.396892064274738332e-01
1.291624723245279327e-01
1.096788753048354020e-01
1.146948601273853757e-01
9.515383870372448594e-02
1.163035187429820039e-01
1.284770878236662361e-01
1.552670033915214687e-01
2.510785808149800791e-01
1.480126248457401539e-01
1.112899017400055118e-01
1.393509953204645491e-01
7.122840421800852306e-02
1.235600389391218884e-01
1.214180788487480983e-01
1.616954383614880864e-01
1.754226530421570396e-01
1.428942027767223510e-01
1.158420938473612438e-01
2.207133356491687293e-01
1.100708075524404750e-01
2.323048151763068003e-01
8.872034211352113064e-02
1.240996658013157200e-01
1.160169860397326641e-01
1.120104624390578785e-01
1.053755550459838791e-01
1.038341260959652901e-01
3.929956178025963420e-01
1.040413177372796483e-01
1.305703649921369225e-01
1.403028778601807802e-01
3.107599217436249894e-01
1.638549644519882720e-01
1.736917163985598478e-01
1.173937328788965673e-01
2.914560189921709399e-01
9.887541827942925021e-02
1.507030835988327488e-01
1.559892533005259874e-01
1.165451467314843059e-01
1.350171954655659812e-01
1.204976267398082113e-01
9.994760464376425957e-02
1.066566500019206915e-01
2.612842226161277703e-01
1.227858255708496465e-01
8.344854686872960059e-02
1.426821093041691635e-01
8.090159546013560299e-02
1.161614451014160720e-01
