9.765904021774756139e-01
5.969863087080476971e-01
3.998479901549669702e-01
3.335368667428815215e-01
2.779480891939341003e-01
2.457326263846598968e-01
2.279889558326851362e-01
2.166018987916056016e-01
2.071823517785558455e-01
1.984367138244290951e-01
1.904975751688272878e-01
1.839671306223668590e-01
1.794855936606416236e-01
1.774800340511872576e-01
1.778246868127562885e-01
1.794777492383828610e-01
1.804910125913169461e-01
1.777563922992521639e-01
1.685882525912862084e-01
1.546332348940254731e-01
1.391339751580318029e-01
1.238331290412380270e-01
1.081532770789410125e-01
9.044307969311662920e-02
7.308531866253503706e-02
5.892359125345929954e-02
4.831107263231541882e-02
4.051568514974627361e-02
3.471915630700081468e-02
3.028755323933185473e-02
2.678831573226732668e-02
2.394474671824474085e-02
2.158112734104322000e-02
1.957998456449481367e-02
1.785907017960356238e-02
1.635799194003207183e-02
1.503017363203586372e-02
1.384227197331280856e-02
1.276734691524668459e-02
1.178461082032472747e-02
1.088054305885122371e-02
1.004180634921373119e-02
9.261657675835758413e-03
8.530008932728852869e-03
7.845102137624610991e-03
7.200963113722164827e-03
6.597609061804295127e-03
6.030838381585778771e-03
5.501580578381920321e-03
5.008828919941832672e-03
4.552514933012572276e-03
4.131545709822424285e-03
3.745193508844123914e-03
3.392141586781447209e-03
3.069691593656445009e-03
2.776769710993119960e-03
2.508843381101159061e-03
2.264680052519329849e-03
2.041073568317613041e-03
1.835479296451829551e-03
1.646348683984284311e-03
1.471117096641217249e-03
1.309608801651126423e-03
1.159671292951690172e-03
1.020438682285557510e-03
8.921412474739843883e-04
7.748396303026396570e-04
6.687006206849963920e-04
5.733393523362182191e-04
4.922770522668761060e-04
4.265195474070612356e-04
3.793304490836597333e-04
3.539601449573027861e-04
3.462165159877995729e-04
3.677226042305356828e-04
3.833044912367426370e-04
4.462029918352317646e-04
4.522997043163771123e-04
4.873448231582468756e-04
5.395379950628759365e-04
6.042341408321670430e-04
6.073256881079978041e-04
7.429035623132788924e-04
6.859398391430207966e-04
7.697352052503120962e-04
7.965960554310448465e-04
8.049490094948570564e-04
8.104561325023133551e-04
9.918800759416339461e-04
8.527522430978905828e-04
8.366493737475607512e-04
8.788719377104640008e-04
8.910549794358275369e-04
1.166606995926470786e-03
8.941523804774873527e-04
1.678577080192148385e-03
9.092215155689265145e-04
6.403752149916467663e-04
9.135310939473840304e-04
8.407973190228154418e-04
9.018988665107549032e-04
7.888401840733238199e-04
9.414889908917498194e-04
8.765567291037746570e-04
9.370626117013269689e-04
5.129072577549603339e-04
8.103993593223916695e-04
8.084683644311667881e-04
1.109210343208166978e-03
8.152065713014427454e-04
7.885405853943725256e-04
7.109598618953899595e-04
6.305374950619927268e-04
8.277600143591599957e-04
5.398394534436022933e-04
8.522850155894376618e-04
5.630855601147457699e-04
7.048460076201450413e-04
6.077920427731833353e-04
6.956784873877497636e-04
3.396327646079416620e-04
5.182199979242544004e-04
8.679815764480291584e-04
5.875503743623056380e-04
5.472848924545312696e-04
5.202751716581587721e-04
2.749192212586563499e-04
1.277780296833005503e-03
8.740537541112330553e-04
4.882966557490438664e-04
4.861781452447869341e-04
5.566988626688374082e-04
4.238363499704807897e-04
1.713900352611189568e-03
3.969956913320211739e-04
3.681824103500814897e-04
4.325585494242439898e-04
4.988942125552867915e-04
8.341133597880538838e-04
2.039751007503074138e-04
1.587031646170508408e-03
4.092686252253974546e-04
4.144636354073893622e-04
2.942401742755028360e-03
3.683436389392121739e-04
1.496566122642842018e-03
3.913347947749010202e-04
3.210958779210876897e-04
1.208980169681497276e-03
4.914616379010664990e-04
1.636769715251120208e-03
1.703122884322459717e-03
1.632844054916884240e-03
1.395201819253329449e-03
5.485605637128908394e-04
2.582433571591917758e-04
7.033221274862868667e-04
1.330392814891625652e-03
4.556799089794138862e-04
3.587888806117192002e-04
2.841436987657689817e-04
1.450330055482812464e-03
2.941124438211008209e-04
4.846372293641029619e-04
9.189390626058428378e-04
3.591447514271103566e-04
5.476432061282092293e-04
4.671060390074138454e-04
4.975406509974514583e-04
2.436584472557377120e-04
1.892952385058979973e-04
5.290387478871989065e-04
4.447344017568428151e-04
3.171371968212401290e-04
6.525748244464551736e-04
4.830872699515367558e-04
7.605800657010543643e-04
3.517630340188534349e-04
2.284887781034156552e-04
4.303277973283828849e-04
1.169864187067573514e-03
5.422269544263560179e-04
4.054426074095405781e-04
1.253636090101330669e-04
2.672626712231560941e-04
3.782285819242188658e-03
1.948192187497281222e-04
5.694741498230190520e-04
9.399899003042867579e-04
1.800954308341897380e-04
3.377489974168645611e-04
8.109956126602500164e-04
6.948082852363673956e-04
2.101766073506764398e-04
2.561843652833006900e-04
1.928194132002006701e-04
3.894481063975795783e-04
3.987275992433429684e-04
3.250581214374254242e-03
3.569458013796447237e-04
1.560550044318741885e-04
9.111370532680373752e-05
8.121075492102514505e-04
1.910820398137558055e-04
5.093068052306237757e-04
6.927097235136174644e-05
2.080946536954532942e-04
9.115648363504092995e-05
5.311121802634040639e-04
2.328186233682290036e-04
5.107023941176232250e-04
4.858652890792073873e-04
1.702729579140550289e-04
1.573125574017196710e-04
1.265869018579049356e-04
2.362183888337338544e-04
6.616949586632771773e-05
1.779537479390658336e-04
2.987377030920174777e-04
2.272160035031244680e-04
1.715766906247386296e-04
4.153057555984240347e-04
3.270224207327691000e-03
5.163773558341705526e-04
4.787775226897468452e-04
2.761872752524464360e-04
1.762636943369000038e-04
1.819774509722083575e-04
2.155410332507182777e-03
9.540519344801450972e-04
3.615055812190516062e-03
1.755223597779164476e-04
1.526776612486377893e-03
8.449269357676158143e-04
6.859405628188761214e-05
5.026990171560795145e-04
9.884624933931718694e-04
5.828259613307976584e-04
1.227383302810531283e-03
3.253766006231265345e-04
1.389321301423344132e-04
3.029634059506224617e-04
4.299117607816023727e-04
2.639579605321312576e-03
9.185005897933618728e-04
3.553841283631742950e-04
4.561768247855394853e-04
1.863984919475853699e-04
1.191668540295108650e-04
9.703907845040808493e-04
1.707141369146693863e-04
1.637388958404014500e-04
1.167990210176946285e-04
2.445918900931992363e-04
2.503018557002445769e-04
3.760485162227020922e-04
1.998500680521192625e-03
1.538202384933677830e-03
1.412870806734244338e-04
1.492620180407640002e-04
2.153043817441873244e-04
3.071709586939359252e-04
3.060638092817163751e-04
7.987390995513173010e-04
5.354110097165078316e-04
3.787387483268746333e-04
4.350138798796291078e-04
3.833629492183853100e-04
1.717554608908331731e-04
1.078994222337826105e-03
1.937070655200163810e-03
2.650858861206359884e-04
1.847564513947542889e-04
8.675152486084368062e-04
6.580539741865743149e-04
5.724545424133821317e-04
5.992542680167283370e-05
1.722009298152876288e-04
1.797753714114436934e-04
1.899673850706717036e-03
1.477056635230787921e-03
7.817112995873869456e-04
2.167459710873811257e-03
2.002374451392646964e-04
9.480460575813933442e-04
1.122470379310027810e-03
1.093112456090959955e-03
4.264792779987896317e-04
1.368414460136733546e-04
2.090883308098735955e-04
3.030902470540938493e-03
5.196026028859296997e-05
9.276121325212505599e-04
1.798762447237748112e-04
4.203418493694230677e-04
8.026847491186757432e-05
3.642320456219820139e-05
9.004931869563169769e-05
7.629091356054761583e-04
1.992775699650194132e-03
