1.045097416391556289e+00
1.013088622480597278e+00
1.017688476930784791e+00
1.079780395847080854e+00
1.148091059598069563e+00
7.689513190174699364e-01
5.522069399570687098e-01
6.324154016725068717e-01
7.214807446801627666e-01
1.824210928141909438e+00
2.002803880122911995e+00
1.364317621460256813e+00
1.174483001989655717e+00
1.103536243648368442e+00
1.069802328639616773e+00
9.357432083507153386e-01
7.872106740577827777e-01
7.329253280856972141e-01
7.269812857691888563e-01
7.389563717966428635e-01
7.585946515361814413e-01
7.815326257011567801e-01
8.017330090916108265e-01
8.169036670674839629e-01
8.239907398545974759e-01
8.216991052305065990e-01
8.103155346253972935e-01
7.905376749146107995e-01
7.651088766014659814e-01
7.382889097668655642e-01
7.117702312972106204e-01
6.873296935215331693e-01
6.651298901577975542e-01
6.471837720024451457e-01
6.334551513041463133e-01
6.236895931973227558e-01
6.225257737043363715e-01
6.262607651114471263e-01
6.308391022371895307e-01
6.450369614852256017e-01
6.562999622365658370e-01
6.714186053342354743e-01
6.838673674594836216e-01
6.955918290615161759e-01
7.050550664806644052e-01
7.138351948120604806e-01
7.216235856051667064e-01
7.294351541635284430e-01
7.367867952443781787e-01
7.485364064402088013e-01
7.543340014657182735e-01
7.659949932204150880e-01
7.743817267162363960e-01
7.779659799210019155e-01
7.937348881456043337e-01
8.001104643327312527e-01
8.082043670024138260e-01
8.217397481296252471e-01
8.190507482290529939e-01
8.240216703108493856e-01
8.274262911191789804e-01
8.292342762280179302e-01
8.374788438562246196e-01
8.352864652477990370e-01
8.368759182998130042e-01
8.383792818703504901e-01
8.398311070458046590e-01
8.382959895865147448e-01
8.317929789058559065e-01
8.375701228831199385e-01
8.403406471209304840e-01
8.398578345757712338e-01
8.393450403557952688e-01
8.381737478639490480e-01
8.365265659110083796e-01
8.336608174004320748e-01
8.349580573916667303e-01
8.310232947934133030e-01
8.294439762114260706e-01
8.270443575673960268e-01
8.249035914731258634e-01
8.233132937990632616e-01
8.192221591961261762e-01
8.201989221039599487e-01
8.156930379487391525e-01
8.122477223226177712e-01
8.112681755450330545e-01
8.096287780297616310e-01
8.072037470986767049e-01
8.025318539261809825e-01
8.033747413912655233e-01
7.998281862232335948e-01
7.985894630920271631e-01
7.958156473699780076e-01
7.949864512490962820e-01
7.935698495558871635e-01
7.901486584553796266e-01
7.904659839752445905e-01
7.936348165138850108e-01
7.864277028874865350e-01
7.842429049530457164e-01
7.840584566087107632e-01
7.867940299635758361e-01
7.789882994808244865e-01
7.791079970324654713e-01
7.805745682376667993e-01
7.769143093648628318e-01
7.679690626445569990e-01
7.702718223341048498e-01
7.674727351137993203e-01
7.698623417069225816e-01
7.707774521266840262e-01
7.695977220439126354e-01
7.671774559217654499e-01
7.563464880595308637e-01
7.635542264500143617e-01
7.632669851532341010e-01
7.584252849354027326e-01
7.602375563803076552e-01
7.598568579525769584e-01
7.617572823177121144e-01
7.581317905575538640e-01
7.578269009720520755e-01
7.565928014694583981e-01
7.554699484327677128e-01
7.543034112090191146e-01
7.546770248454514052e-01
7.528996361585685859e-01
7.605785903284133509e-01
7.548028483555806467e-01
7.411085706372071424e-01
7.502579140654035417e-01
7.480751000054987054e-01
7.369445567456394119e-01
7.470073441872200348e-01
7.470941033186504487e-01
7.447510409597102310e-01
7.466745392221657562e-01
7.433637139396076510e-01
7.406156540357046181e-01
7.397124368512534298e-01
7.239255009906143679e-01
7.331137255361639404e-01
7.313988647499504170e-01
7.187469131235590947e-01
7.272688805203137985e-01
7.254677272626620654e-01
7.244569370470613778e-01
7.195152497880172859e-01
7.207048987338946500e-01
7.185883103681164341e-01
7.200479738917051620e-01
7.165628868764470916e-01
7.157261115695324749e-01
7.146612141398251961e-01
7.182592546163574232e-01
7.116355431259206998e-01
7.090933078263413902e-01
7.107660317072337364e-01
7.084779510434338068e-01
7.029157474207069489e-01
7.072593981533155105e-01
7.054001919059527115e-01
7.039314128407522242e-01
7.035694979753740474e-01
7.009859713743120668e-01
7.024718399244018752e-01
6.995308306869313375e-01
7.140407043635210727e-01
6.984415784428678053e-01
6.986453528572109661e-01
6.964584638307717013e-01
6.997584121268836110e-01
6.963209881387897315e-01
6.957067442314900374e-01
6.948589032456413683e-01
6.961291779115829081e-01
6.927682845258996691e-01
6.923549140750310249e-01
6.920063261692693812e-01
6.935676665958587783e-01
6.908702753599309521e-01
6.898134865817729944e-01
6.970920133974357613e-01
6.861029052333047495e-01
6.877045212088827020e-01
6.881504216356918446e-01
6.837407998735848258e-01
6.868445895230330667e-01
6.874818587913379409e-01
6.787603219704940738e-01
6.831963455911815863e-01
6.837751737448058975e-01
6.812257580458930262e-01
6.833555924850261976e-01
6.793858820654971042e-01
6.900683575107254830e-01
6.814919604765821148e-01
6.797994032411236454e-01
6.914705538362984072e-01
6.808107920199115703e-01
6.773183759597081188e-01
6.775364470299679587e-01
6.772724941818041300e-01
6.710855461002184219e-01
6.777256967821673195e-01
6.748155904786266035e-01
6.744268748311913475e-01
6.804696631807876095e-01
6.728428578385809988e-01
6.746486614807621907e-01
6.724735352381351339e-01
6.710696981901472791e-01
6.733132936626329279e-01
6.701403378506355368e-01
6.684761162390194800e-01
6.696675291859190970e-01
6.510487518825255338e-01
6.671337196288645854e-01
6.666534175885805436e-01
6.593216520242988210e-01
6.654279181620197381e-01
6.531638102931736078e-01
6.640268545122635091e-01
6.642912541953902572e-01
6.619392875888185923e-01
6.626664747765917962e-01
6.610020680883283983e-01
6.616169081371172656e-01
6.617034620804561618e-01
6.596315722055275943e-01
6.603593421882451020e-01
6.602626656735736121e-01
6.589130884373116670e-01
6.597061237305965609e-01
6.562835548027776689e-01
6.569799422348799878e-01
6.562046951776311365e-01
6.584643941086751884e-01
6.606451868391817195e-01
6.540408012191588627e-01
6.549493260667235139e-01
6.562129600008900221e-01
6.529740187721377875e-01
6.574544209532003913e-01
6.549198402427945931e-01
6.556781182280194686e-01
6.477898644852450039e-01
6.519610180969875879e-01
6.516615450820402167e-01
6.532555312028833772e-01
6.511930017225453504e-01
6.507021102972063709e-01
6.561671226104952570e-01
6.495037572143971261e-01
6.489233705240561312e-01
6.475105203188246117e-01
6.662493635119692836e-01
6.480627921408069758e-01
6.482792357527900062e-01
6.575505043276187456e-01
6.476331080231686466e-01
6.468810471039568855e-01
6.473731098045962806e-01
6.473271847816723934e-01
6.472467605050801209e-01
6.578779564476380237e-01
6.478550329167096500e-01
6.458261450847054830e-01
6.462614364222419860e-01
6.463880084236243162e-01
6.444249006812586833e-01
6.452048527808411649e-01
6.417335260480407921e-01
6.472813841500514309e-01
6.300433752967489198e-01
6.411152205999395282e-01
6.435719476359180735e-01
6.423635768176300109e-01
6.434811701671321327e-01
6.437251488429057700e-01
6.425562168886139736e-01
6.433993886340839685e-01
6.462309512995890737e-01
6.430319702552870220e-01
6.439926436121636844e-01
6.419027236515487678e-01
6.424373633547525442e-01
6.435150904626042445e-01
6.422443123861421022e-01
6.425079709659797800e-01
6.419412914631222877e-01
6.421181015915147228e-01
6.413975724219237451e-01
6.440889385351771246e-01
6.343872119566879020e-01
6.411075771894391151e-01
6.423212278680102694e-01
6.413425769990438452e-01
6.429335442978140192e-01
