9.690715020406397429e-01
1.064749525731292890e+00
5.154778470021644798e-01
1.172731961551801982e-01
3.755226253083428223e-02
2.274914181817765460e-02
1.729785573914930860e-02
1.399524367609200626e-02
1.562583121423704105e-02
1.007461235473458040e-02
6.606749953726668255e-03
7.204695077753219337e-03
6.804291408422444808e-03
1.860794836228884391e-02
2.446369303505617227e-03
2.800208841637105272e-03
2.014580880315740632e-02
1.519280986381812276e-02
3.201107855811133329e-02
4.314509782677593969e-03
8.002666202730483085e-04
1.015356221531764965e-03
5.841430540627853135e-03
1.534771692392241727e-03
6.005095766030952437e-03
1.308499497462571430e-03
9.084620667005675583e-04
3.164341232942451121e-03
9.993571096066275732e-04
9.822329533949844711e-04
1.369526334457249472e-02
2.008676143821103849e-02
1.585205740678000824e-02
2.620579982010443065e-03
2.682989476132255358e-03
8.365459037053219003e-04
4.681380010942409915e-03
6.014912124074885645e-03
2.929479915755665333e-03
6.847737432061832934e-03
3.891795162440584831e-03
2.561491991975251448e-03
5.310064973208190008e-03
3.257247652041760869e-03
4.648089825607056892e-03
2.570738907291852688e-03
5.983095231447496491e-03
2.998105663772150133e-03
1.682556165341944979e-03
2.761956819062661751e-03
8.887146459446951686e-04
1.664270704505732860e-03
3.156304227095268339e-03
8.402768798916965265e-03
5.354796858713563139e-03
4.755613719890540089e-03
4.253914964594404484e-03
1.564584905327526428e-03
5.709288421166706408e-03
2.002720648069474755e-03
3.636831986961398984e-03
7.373168160404031243e-04
1.015434441388358543e-03
2.660665552492468867e-03
1.067429666917729539e-03
3.683854771780629717e-03
2.576549602377127806e-03
8.960562626155230137e-03
1.111627681925868001e-03
4.780586238042552547e-03
1.039426352143648508e-02
1.049074044583563070e-02
9.912147602184565726e-04
1.706005076096879470e-03
7.058302814967702503e-03
5.020534762878609350e-03
1.342140064329379193e-03
6.181841058346413190e-04
3.022054821282063337e-03
1.515788523327833226e-03
6.099528545925036842e-03
1.045169617112386238e-03
4.492693689897196523e-03
1.085070633902936047e-03
1.318513936289052472e-03
8.942252084663650583e-03
1.087867316178765635e-03
1.334398735823796303e-03
8.307156332919533740e-04
5.830708724536257798e-03
1.125908341437615624e-02
2.763023170124649912e-03
2.457295317029001541e-03
7.911649438505438323e-03
4.335553222862277914e-03
1.664349533340639094e-03
1.398559247555386086e-03
2.089433759317244847e-03
1.884289284427999311e-03
7.044050800094407011e-03
1.078225286046272319e-03
1.096445074382796335e-02
4.758336027972357232e-03
1.593003391163899315e-02
1.046016004017895915e-03
2.723850998207923754e-03
7.467661070406649698e-03
1.060118552174794254e-03
8.186459788793316568e-04
1.514655953656003943e-03
1.102019058259866204e-03
1.516257465383594530e-03
1.698180570306457530e-03
1.496730890735889063e-03
1.443216159193073424e-03
7.724352306645847904e-04
8.992550203454043522e-04
2.181268858979919407e-03
2.930242266546163616e-03
1.001577860146612379e-03
8.568931569444924057e-04
1.249482354724744219e-02
2.608910832143782142e-03
1.158627611959915215e-03
3.502706126891283033e-03
1.041118721991867498e-03
1.351116732040758602e-03
9.636986464056920224e-04
3.447359023938045657e-03
1.574237791004159774e-03
3.468270826428466319e-03
8.263771037856840543e-03
1.585066600605956888e-03
2.066350088267574457e-03
1.181051744378507420e-03
3.139794443995655351e-03
3.516911590605862128e-04
2.423830440369808843e-03
7.201723509918015300e-04
1.266675496830343018e-03
2.300442627948027542e-03
1.926888761338760997e-03
3.764444650230647899e-04
3.403946763482533304e-04
1.477877033055543382e-03
1.111837929954184690e-03
8.065321311785669193e-04
7.156244615644022497e-04
4.553180987498931138e-03
1.816168937962515549e-03
1.119375410285445953e-03
1.152447031678681833e-03
1.231294932306208545e-03
1.305839610819624526e-03
3.477463126946736625e-04
3.220187610006573797e-04
1.212270038790136352e-03
1.320541017700412479e-03
1.828123518008986908e-03
3.191784837803761724e-03
8.939904314019416192e-04
3.187325588487748516e-03
5.340693780400827166e-04
1.599078893585167320e-03
3.925709277889945746e-03
2.969608978301078485e-03
7.462075394906239742e-04
1.939208787162156845e-03
1.122559453561661723e-03
1.029561262750271645e-03
1.011142323747827188e-03
2.232891566622167891e-03
5.896543227328854492e-04
3.904626705799212928e-04
1.965715618319219433e-03
3.846883945099956355e-04
3.583753696680032960e-03
4.033392921504790562e-04
3.630738212775774538e-03
3.274194583164165197e-03
1.969599209168081556e-03
5.444343362465992476e-04
5.293849088486827885e-03
2.485686632274141435e-03
2.188297348842537665e-04
2.417849317404107464e-03
1.154549003780997807e-03
2.952099671301418662e-03
2.099113584703510109e-03
1.795158940699664515e-02
2.633916580769568323e-04
4.063732356759870473e-04
4.719104541538999523e-04
4.687851686132089987e-04
4.449202026146378114e-04
4.177878737604176192e-04
3.903009758480213134e-04
3.621115006700640856e-04
3.305304491433983579e-04
3.060558921375325868e-04
2.920030556947797776e-04
2.424332217482806954e-04
2.722161287200540762e-04
2.440458182792145953e-04
1.871269770766502438e-04
2.014283839921073948e-04
1.415653403869059892e-04
3.297926945807544332e-04
1.611527213352295488e-04
1.109743606392892229e-04
2.521496131677444037e-04
1.254557277121341827e-03
4.123642741012789712e-04
2.740356487160081587e-04
6.065426156564284604e-04
2.075467032725967879e-03
5.655285254647364306e-03
9.349163672171524565e-05
5.289919726828642976e-03
1.476173285062350518e-04
7.586375207482447041e-04
7.026832647062582768e-04
2.446181558529928867e-04
1.383010113790421206e-04
8.015385018045601126e-04
1.616146731370117896e-04
1.272095956343512570e-04
8.763479326861403195e-04
3.121622024475972034e-04
8.794448495041490505e-04
4.048102580634463724e-03
1.108502311345447287e-04
2.626246973363256364e-03
3.387323609331427138e-03
6.738159730511657751e-03
9.777990665711460208e-03
1.041853673094155202e-03
9.052489394380755798e-05
8.641930561787024485e-05
9.505403115828713100e-04
1.065237863796347052e-04
7.297160812607887247e-04
5.916719832519453520e-03
3.303454643087281933e-04
1.595190904306454771e-04
9.167778783899019606e-04
4.512423170596613006e-03
4.421601282824843236e-03
2.287450547822865530e-03
1.887249175906586520e-03
3.927832800846762194e-04
1.508709205697635796e-03
9.227173930806112281e-04
1.081202739346453778e-01
2.188316760502976720e-04
2.229913390178379115e-04
2.190160541082496648e-04
7.009814040533039877e-04
2.556159950860038832e-04
2.166757735578356747e-04
2.179332345017818593e-04
3.905205015775779147e-04
9.210563489958359861e-04
6.498029469727012062e-04
8.222967941518351427e-04
3.721210157613183325e-03
9.579696578800447687e-05
1.371713409416022939e-04
1.073148624623756966e-04
2.423429690986621601e-03
1.381668905877773306e-04
2.904111603424212526e-03
2.955743857220290236e-04
2.823969059130703330e-04
7.076362080937907738e-04
3.124728321672910324e-03
2.089645792036028994e-03
2.127226538060186106e-03
5.667580814502354422e-04
2.827391664254383982e-03
7.236193284630456333e-05
1.998631728514033232e-04
4.342024231936425786e-04
1.528047670341095609e-03
7.140062223755152399e-03
7.089526152799712573e-05
1.546350687426908466e-04
6.789381560430185914e-04
1.663190775535878943e-03
8.482566351145282750e-05
1.989191214453499626e-03
2.042210934313633871e-03
2.321729973619998666e-03
1.555643295120218248e-04
4.640657940853272316e-03
4.755114526272785614e-04
2.664320433180668930e-04
2.694138460937767774e-04
8.075904382124402502e-04
1.080007971548396653e-03
