1.017191867551654250e+00
4.173415947018697114e-01
2.044440146819933801e+00
2.359895628784344890e+00
1.988426125592728688e+00
1.685972356929257510e+00
1.447047698167496232e+00
1.240529314431924268e+00
1.077643683791012164e+00
9.316094809652358810e-01
8.163596957747781824e-01
7.181443480963159987e-01
6.296072201834843618e-01
5.606565789235519182e-01
5.145225788141318812e-01
4.458587257569318063e-01
4.046028877110635080e-01
3.606064953389553907e-01
3.285588855400045638e-01
3.029085903061620733e-01
2.524626914420731727e-01
2.505352312806907178e-01
2.343410769708059727e-01
2.098232684931428116e-01
1.969402123832167395e-01
1.866652858137806126e-01
1.526412745715620412e-01
1.583687155023189574e-01
1.522135016253879924e-01
1.154306212346722371e-01
1.305902092257279212e-01
1.272549161394805062e-01
1.008499051332878566e-01
1.101590873010859645e-01
1.087347197356714756e-01
8.619511762043477465e-02
9.463717779465585789e-02
9.469915053683572448e-02
6.397944344589899524e-02
8.183394243336723772e-02
8.344080038327579552e-02
8.027770360962518947e-02
7.189449586835321149e-02
7.493832291413946023e-02
6.896147489141228604e-02
6.486193935729354931e-02
6.824718325106794714e-02
6.859148723648328394e-02
5.825969511680906959e-02
6.251436523867930084e-02
6.309137548691479136e-02
5.411637043150877013e-02
5.819138784065613218e-02
5.845352458258666617e-02
4.975692218184509658e-02
5.472992454307775562e-02
5.413118896431878130e-02
4.766534036993251566e-02
5.151438829106515238e-02
5.010467951772404338e-02
4.524879376004807552e-02
4.867902950350910807e-02
1.834401687209488360e-02
4.460172498954760589e-02
4.614630465141501825e-02
1.919326874987148379e-02
4.199121564249689437e-02
4.355252428520864361e-02
4.490788087074842200e-02
3.843584563009402877e-02
4.108421307993206928e-02
4.207942119101674289e-02
3.724924232704181909e-02
3.907607047928646216e-02
3.845056217470158022e-02
3.486391349816981428e-02
3.719710210969098124e-02
3.732566295363722031e-02
3.479665639440628760e-02
3.572206674664008680e-02
3.094303526852698258e-02
3.454263526313963717e-02
3.438458198129540344e-02
3.015797467784308780e-02
3.335827495082117899e-02
3.275881130415155690e-02
2.897058019922777242e-02
3.222740916467745770e-02
3.949230945720448582e-02
3.133241655609796117e-02
3.149597883800887843e-02
3.220346167599184156e-02
3.029554104564521205e-02
3.059634728128102221e-02
2.492936850877070301e-02
2.981877797880575290e-02
3.026312055901210843e-02
2.945025686815433419e-02
3.740856581239199175e-02
2.893977472875110257e-02
2.901408498180192350e-02
2.917862759529052039e-02
2.882701124908064808e-02
2.830080879925612677e-02
2.711018745070905081e-02
2.793596696006856242e-02
2.873844299099715879e-02
3.286854305719772579e-02
2.729333205629085393e-02
2.476537274457554436e-02
2.686707110122645015e-02
2.392293494723023509e-02
2.674039228639939550e-02
2.603215770280745481e-02
2.632307959361235641e-02
2.738048421734056923e-02
2.559190254215002597e-02
2.525362462028735849e-02
2.564948209986077712e-02
2.477965897039807741e-02
2.533102853292128198e-02
2.866573243138949290e-02
2.477282608136925982e-02
2.497840574972049268e-02
2.465902838527629301e-02
2.411387631570497542e-02
2.554705135145936279e-02
2.434214267855372080e-02
2.376459780388186227e-02
2.201696911952206667e-02
2.201232971654851905e-02
2.349644844172018784e-02
2.203545047584776900e-02
2.545525987404202717e-02
1.390995898267366818e-02
2.271801232887067992e-02
1.202103973961634979e-02
2.220924559211229221e-02
2.232176425034886405e-02
2.268608722215862544e-02
2.176925990637464461e-02
2.188349788012525221e-02
2.147775005675746363e-02
2.135694578798948140e-02
2.206869087705590204e-02
2.074980395461096042e-02
2.086273408842315505e-02
1.993237859800820605e-02
2.051925409639584336e-02
2.044200610528442569e-02
1.944506687232501821e-02
1.980764117807815028e-02
1.830063341192897375e-02
1.938411689454720005e-02
1.938394412332883690e-02
2.078546018254074160e-02
1.807229084456461396e-02
1.676860866763444508e-02
2.982389909520501495e-02
1.808403162878191583e-02
2.481018341156880982e-02
1.803946258851826800e-02
1.730670532402991957e-02
1.785756012923995009e-02
1.703815608481420996e-02
1.730064511000753424e-02
1.347464525356048375e-02
2.806747795531418233e-02
1.678832594966283079e-02
1.457456506267433387e-02
1.639068593907512181e-02
1.655264077832284408e-02
1.632433281867111743e-02
1.601391962746608402e-02
1.452839811835217321e-02
1.483430363610419543e-02
1.379224656751648799e-02
1.531990396500059783e-02
1.538197064572003475e-02
1.412622729492138234e-02
1.505746032604008376e-02
1.218403779872338777e-02
1.459093258997044493e-02
1.413071764389185227e-02
1.453398457918679033e-02
1.430424630162024056e-02
1.552333134592821969e-02
1.243444957768941039e-02
2.128613850406068167e-02
7.392978169758136937e-03
1.390195693652268930e-02
1.406335587014268147e-02
1.293764138930484850e-02
1.347111299533531800e-02
1.332362171433428173e-02
9.560845854998759399e-03
1.902964791983578763e-02
1.212759786122946312e-02
5.360209278247218129e-03
1.230404952837558206e-02
1.296379998379437910e-02
1.187757765392514694e-02
1.406823564929806335e-02
1.199445783914212561e-02
1.043227129310698303e-02
2.231704839600866935e-02
1.161102636762043061e-02
5.152765974237624724e-03
1.142802939420408878e-02
1.157376484434444533e-02
1.135577487064916638e-02
1.276326084229312437e-02
1.110819545085774129e-02
1.022971884258281131e-02
1.105923558115171242e-02
1.002818277440177888e-02
1.096935210080173841e-02
8.216606157710840477e-03
1.022766993475840089e-02
1.014031114804732868e-02
1.191048166959951179e-02
1.124904287097239046e-02
1.232794216440284522e-02
1.119703318368382369e-02
9.614033577695876506e-03
9.420037778470915363e-03
1.080195568510649781e-02
9.006083994395107720e-03
1.068003073329232278e-02
7.535627435400088850e-03
8.885028971231022366e-03
8.157870064483480413e-03
8.531617413079072704e-03
7.902106484064162772e-03
6.712095700607134327e-03
8.394057992713879757e-03
8.102629079349841015e-03
8.211887720468727392e-03
8.166976073910538550e-03
8.048193264405813577e-03
1.029850336699702183e-02
7.412687181925306686e-03
5.058427240419213940e-03
8.224185137145172131e-03
3.581466870572579033e-03
6.934467030794156002e-03
1.025687589449029817e-02
6.779164569998751173e-03
2.681836872824334885e-03
7.556076624326133438e-03
6.550537992321438067e-03
5.810377522567573665e-03
6.490751988176426436e-03
7.178594448748931191e-03
5.679725306627005088e-03
6.079487236038602464e-03
4.606780250289622784e-03
5.467576044903890535e-03
3.191585403198547288e-03
1.124959747793774500e-02
5.083463875265530063e-03
4.521550270406743920e-03
5.059629844001954646e-03
3.801120166743665596e-03
5.750613425417639389e-03
3.465789538923623979e-03
4.306656896354959727e-03
1.086146493600128292e-02
3.731787606994136242e-03
4.257479704015344930e-03
5.482217507719044057e-03
4.050192244112815233e-03
5.330321739595684019e-03
3.875315363655690033e-03
2.840961849586667864e-03
4.407626699142403251e-03
6.647838621616594668e-03
3.099956059480633158e-03
3.642022186455518527e-03
7.202005031872178546e-03
2.897171787338042453e-03
3.452275741442667554e-03
2.626598302014956834e-03
2.889090391002798255e-03
6.879163255494062310e-03
5.280168472714829968e-03
2.656684651779704295e-03
2.777217245500706363e-03
3.702780036257832808e-03
3.701587273894805380e-03
2.429753470627772638e-03
3.395890926465727419e-03
2.402846015026390870e-03
2.502570707434429581e-03
2.371145563112109309e-03
2.626122878288067973e-03
2.835649303669610707e-03
2.360819427080267097e-03
7.349557760497353945e-03
2.340442753417630237e-03
