1.243958588355227768e+00
1.580751653806311108e+00
1.067900761913193497e+00
1.361803029218489947e+00
1.458808545081767161e+00
1.485909443815729647e+00
1.299922814163062990e+00
1.415224096788862962e+00
1.533040564676613426e+00
1.488301996564069363e+00
1.381403245061631813e+00
1.166736846751997847e+00
9.976200642362186288e-01
8.324776788137659977e-01
7.266964007205531928e-01
5.862672415020312444e-01
4.756201514321032886e-01
3.298788332543853841e-01
4.084768113395104150e-01
2.636715436850907146e-01
2.241298055641054998e-01
2.075232717526041271e-01
1.757426397096158166e-01
1.155533903495952336e-01
1.506907936543379622e-01
9.425630127833903305e-02
1.212113246759712326e-01
9.257099003567140216e-02
7.724183909598077158e-02
6.034928567995089671e-02
5.066697432991656286e-02
3.828625051618879394e-02
1.713675547045698522e-01
8.167098829759737721e-02
4.054893561366756244e-02
2.182900409678626211e-02
2.584184773326104675e-02
6.288545229781428159e-02
3.513624337887210486e-02
2.078156069015824059e-02
2.588878744164804444e-02
1.892114641835244138e-01
7.387435685860203882e-02
4.620367705215607662e-02
5.862308959118345264e-02
2.839973722267350939e-02
1.286549544418703339e-01
1.340025530284520983e-01
8.665032927240877425e-02
2.185174894115297917e-02
1.992779515528142475e-01
7.334060803576765430e-02
1.392875345741781956e-01
4.555755664935510346e-02
3.819556331803482252e-02
6.859133167961510569e-02
6.563161563976470381e-02
3.767198429414595623e-02
5.401808065596108016e-02
4.498935684188302975e-02
7.102067354905348961e-02
6.900661549566883268e-02
6.193812070040411594e-02
5.693567822915143739e-02
9.358564663274265838e-02
3.683458753060249447e-02
4.876715032521251186e-02
1.177529957674165045e-01
4.515052639927074479e-02
8.136820458272669976e-02
9.624049461451873733e-02
8.311259281843577651e-02
7.793442312119878979e-02
9.037158311285566070e-02
8.452409762352564027e-02
9.339221465384395238e-02
1.007102606190223293e-01
5.840778989368888147e-02
5.690303742993154529e-02
6.140851698792221952e-02
1.356397823073670628e-01
1.085630132327466413e-01
5.575454507386240488e-02
9.091808719453060850e-02
7.278671019030931444e-02
5.828941397991427992e-02
5.694245746188555946e-02
7.732554187804327461e-02
7.542623128180427072e-02
5.339159854613891726e-02
6.303291190316519244e-02
1.112498762692502030e-01
8.575179134038703188e-02
1.149042523883101741e-01
1.020340535130716958e-01
6.630551811735053980e-02
2.603912660492166409e-01
1.010251793072928089e-01
7.253434031678342164e-02
7.796645676426908200e-02
1.609329138934957049e-01
5.456989527110627652e-02
6.226196373588447491e-02
7.684823258068784746e-02
9.832599554420304311e-02
6.324310663693008538e-02
5.586473282880677349e-02
6.264401242239366063e-02
5.812296126436575922e-02
5.679140000804285687e-02
5.287039410259145727e-02
7.142555386324594968e-02
6.759601315434318747e-02
9.637685141657115206e-02
2.271746617230012144e-01
1.343423968635192589e-01
8.709517945828819385e-02
6.212947684798637848e-02
5.239871293742911357e-02
1.453765631035723038e-01
1.248680040733056162e-01
7.452348193607023774e-02
7.558266078368042207e-02
7.191208582418344430e-02
9.196695033972543398e-02
5.824225221666226582e-02
5.490541232393947313e-02
5.740710655003523205e-02
8.082579492355725093e-02
7.124307980680519292e-02
7.136613477130572536e-02
5.841942354651927238e-02
4.412990923793835840e-02
8.900688543301664424e-02
6.086101536328956257e-02
9.416512175416971719e-02
6.159483728018495807e-02
7.549686457604909418e-02
2.214311790521857892e-01
5.904006532223111947e-02
5.207717931382577214e-02
5.330327257107229932e-02
5.639998174548322557e-02
5.924157804514236514e-02
6.395437082639597592e-02
1.330254272149672123e-01
7.177903788818112973e-02
9.601791423344339937e-02
1.121921902626138168e-01
5.919286533018264934e-02
8.688786572789414242e-02
9.976735413935008956e-02
7.445448178087488156e-02
2.206397112923657033e-01
1.656633178478953694e-01
5.480225898606673474e-02
4.906103735901003876e-02
7.080827423491342643e-02
1.179032309635205250e-01
1.482546595879737916e-01
7.275782997145362196e-02
1.004542311370930086e-01
5.585352299902811291e-02
5.491337156011157766e-02
5.066698434858191158e-02
5.458291464595751291e-02
6.511397960618997560e-02
7.811536173988803400e-02
5.044834283543358361e-02
6.249614646295536396e-02
6.187484621812176094e-02
7.962758865273915354e-02
7.197509327945073032e-02
4.941835324424248554e-02
4.587714136557337341e-02
5.822362816682389447e-02
6.814466401125979234e-02
6.074482120205663971e-02
1.100421478913930218e-01
5.089198094813190965e-02
5.590542882738955971e-02
7.466893516986540524e-02
5.803076803157612706e-02
5.947507735053512296e-02
7.600767370670380441e-02
6.130530855756406022e-02
8.565154112883359427e-02
6.717877344125086636e-02
6.587960636952241988e-02
5.270133507831118586e-02
7.311779192943915207e-02
5.551083216917835489e-02
4.170604905730340012e-02
5.473087259790835463e-02
4.298151883065563783e-02
4.488595815850510151e-02
1.076238220632249470e-01
2.357737051791610472e-01
4.210953204650459691e-02
4.147366781298159055e-02
1.393736570074586567e-01
8.715077949280647385e-02
5.269307527494600935e-02
5.586319838599660553e-02
6.064850445925158706e-02
3.941547858052864978e-02
3.570486842897189345e-02
3.491062765461545869e-02
4.309918277985861496e-02
3.824016587458431427e-02
1.806529833075891101e-01
3.920176434032740520e-02
3.737994786473398945e-02
5.337413969812215830e-02
2.493080675380877076e-01
6.646021488044004388e-02
8.646126962831346408e-02
3.717621178366165013e-02
3.800401101375525809e-02
4.769665713632380288e-02
1.118291603272935086e-01
9.150348590858987941e-02
1.361475032249102324e-01
1.079275178472585833e-01
3.316274741577535795e-02
2.291664617776665025e-01
3.430188811703871465e-02
3.324161061424530522e-02
2.921274294609143077e-02
4.519498843750709843e-02
6.516868512181867024e-02
4.285731795309374176e-02
1.487718415753469803e-01
6.805259651534627252e-02
2.969288733154773832e-02
3.255329824829974322e-02
7.877458001320317149e-02
9.140822231842858636e-02
5.384150676720415862e-02
3.136154259117337334e-02
3.864201581287850934e-02
2.653942206731017481e-02
1.747538764161054303e-01
9.127155601669759144e-02
1.370132505689540259e-01
7.087029900482370859e-02
2.986209823013915785e-02
2.823964491150928596e-02
5.818002601888578457e-02
4.979522442498349188e-02
7.430118842467292595e-02
3.172678635630186983e-02
3.095242417201669871e-02
7.955261248939843322e-02
3.368769148646102995e-02
1.018378582674948907e-01
6.210402260647873707e-02
2.553507559876750863e-02
3.453052182314811369e-02
4.669199743090032828e-02
2.327761904725497363e-02
2.791853222178344862e-02
1.694842606198706733e-02
1.843106539905106991e-02
1.474212447532443626e-01
4.048432276233872307e-02
3.404119040798015555e-02
1.515103973688951833e-01
7.050398385722268790e-02
1.344325385605294187e-01
6.198871417762538000e-02
5.804833780288283507e-02
1.866452124854837968e-02
1.866297322140044943e-02
3.156657572180079224e-02
7.088514600971740354e-02
6.311141917003706969e-02
5.146939392882361047e-02
6.111315861320635451e-02
4.476489318764622499e-02
3.652362057937844075e-02
2.985651691540551836e-02
1.913247573460922016e-02
8.707391389620985911e-02
4.867354726921591795e-02
9.683470133375650379e-02
7.017583031810221972e-02
1.884571732547076633e-02
4.603879058364893778e-02
2.388859215331667549e-02
1.004256529170267920e-01
6.009651497543410520e-02
1.704782275686182041e-02
1.545201400303522488e-02
6.137394388741028439e-02
3.113106576717558291e-02
2.068385181220711022e-02
1.127270020845064225e-02
1.222945789616018686e-02
7.690715053034899440e-02
