1.046135430977905845e+00
1.627524637585927136e+00
1.525698990355429441e+00
1.030681169634474204e+00
8.377474198901334601e-01
8.690542368075767632e-01
7.724638207799003897e-01
6.447401211377834507e-01
5.286766414719259455e-01
4.336648867953480924e-01
3.581795254309833587e-01
3.088807539761091459e-01
2.674573622089772007e-01
2.439753632959077712e-01
2.384906223492457289e-01
2.497064368799806755e-01
2.691822806071127450e-01
3.014477380253547945e-01
3.320472440848946105e-01
3.714653997301688992e-01
3.995022180478640661e-01
4.448359753581609954e-01
4.738190391557156600e-01
5.112801953606708194e-01
5.356023963673491872e-01
5.679799769295624801e-01
5.734818403488741723e-01
6.121206251414145205e-01
6.242910339301216416e-01
6.434657973158002253e-01
6.535580465092285518e-01
6.611764985319614762e-01
6.782128942517769987e-01
6.808391947288905399e-01
6.898399087557928189e-01
6.913529746748107163e-01
6.951221260863468254e-01
6.984700092169611185e-01
6.977160994979191289e-01
6.916308127382474469e-01
6.926404928777832870e-01
6.871007600200403909e-01
6.840997336488218172e-01
6.799263600728655543e-01
6.738652795952332353e-01
6.709315927065107044e-01
6.677288774151944883e-01
6.580362943469961756e-01
6.520388361435206503e-01
6.489084175847651403e-01
6.493502994741835455e-01
6.248022914242351566e-01
6.388456162034817920e-01
6.192298732652714577e-01
6.294346355541351468e-01
6.034131997365951294e-01
6.261516537668662119e-01
6.226672177263307129e-01
6.223136757080161008e-01
6.219895930166488007e-01
6.174373736894135378e-01
6.080028020708551084e-01
6.143323168665075773e-01
6.142472064793552677e-01
6.105484342914840878e-01
5.983800954419227214e-01
6.325589911292598400e-01
8.778927513951795270e-01
7.097001430055540627e-01
4.779782894905883484e-01
3.308863858519823786e-01
2.589611477162507835e-01
2.152610495872976371e-01
1.698503943119664683e-01
1.396881154570291106e-01
1.227503935212967828e-01
9.528426435734878297e-02
9.841809540136953194e-02
1.007233160618340173e-01
7.243551851224200311e-02
7.382061656040386777e-02
6.998227507579832252e-02
6.410287597333613752e-02
5.322265755782078916e-02
4.832694303214159909e-02
5.686415335434052282e-02
4.326683043174957277e-02
5.183761572410869323e-02
5.093666747037850495e-02
4.869932841222830017e-02
7.365948331301562513e-02
2.746795912430295000e-02
4.875442075822316451e-02
3.643732162890599841e-02
2.674013616186071002e-02
3.201348756410975216e-02
3.736788436490347254e-02
3.513342693969004338e-02
3.471134651169904134e-02
4.323494699275818448e-02
4.139493184596585579e-02
3.349111456589620034e-02
4.220828765825191536e-02
2.534904234709317583e-02
1.857685568579580879e-02
7.945652659870944268e-02
2.435686899881971471e-02
3.163721406992721363e-02
2.725213243572048930e-02
2.362839253723974381e-02
2.908547177925427038e-02
1.981342805049339864e-02
5.128801077609305287e-02
2.630818928795721282e-02
4.083409608539848717e-02
2.322812546015055879e-02
3.008517039087788350e-02
2.391403927921828196e-02
2.455030657585356019e-02
3.918749257504891559e-02
1.465092298705352944e-02
6.096646236377645245e-02
2.111644686411754887e-02
3.313149800292659874e-02
1.902887520525150394e-02
3.439325860233523324e-02
4.601115536996098349e-02
2.122142911741121268e-02
5.700103754816900070e-02
1.939950588874946730e-02
4.360367807884048263e-02
1.857982326495479647e-02
3.091567251392176446e-02
6.191980691022486855e-02
1.674101238390340862e-02
1.068047725200251506e-02
1.594205470945285821e-02
1.193709400459438269e-02
1.401728044019289084e-02
3.835317032200671189e-02
1.351477594530274377e-02
1.916923468064624103e-02
2.735157497346183547e-02
1.156637608419615673e-02
1.059923635311137667e-02
1.245199479249494735e-02
1.797376001043280574e-02
2.535268659954304296e-02
1.329156730615231596e-02
1.917456359438256264e-02
7.176735235044501282e-02
1.846465132477390775e-02
1.293629917432843716e-02
2.194225462880972088e-02
2.853489101770921577e-02
2.168631251309421568e-02
1.447123406806459164e-02
6.677595179982772321e-03
5.555071080356858981e-02
1.037645063518844411e-02
6.126894350041930254e-03
8.489501054337838040e-03
1.699588124425829155e-02
1.251462560851990952e-02
2.712792495489703762e-02
2.805498137926334262e-02
5.060709266472429579e-02
4.443016821431464841e-02
4.271877385699531654e-02
1.115495337311613738e-02
1.498929955774927492e-02
1.716715585169812167e-02
1.662534806410748134e-02
2.691235452605413372e-02
2.542062465261293869e-02
7.159526010391029094e-02
1.177226243106428184e-02
3.905182445163923183e-02
1.315880871165992991e-02
3.836270536950405277e-03
1.377365101202187095e-02
1.400794008753680937e-02
1.217098953597296751e-02
5.522834723922603190e-02
2.056555524293090381e-02
8.482642603554664887e-03
1.389916776735149011e-02
1.144883385607546253e-02
3.325509316904885944e-03
1.754434732895424412e-02
6.130813693698362876e-02
5.243320854878078668e-02
9.298983588364759939e-03
3.983052897476967689e-03
1.707220399669005101e-02
4.830583335680269444e-03
5.613558262784577348e-03
7.155144414131479544e-03
2.879228712353807534e-02
8.773861657135508321e-03
9.652475071009152321e-03
7.847506376095535544e-03
1.035697727767738961e-02
2.871167061331953221e-02
1.118085448188794843e-02
4.786215623493168120e-02
4.814137237981110790e-02
4.475812384980563940e-02
4.173280037069868574e-03
1.593491936000667256e-02
2.778300957895166179e-02
2.769202923002857600e-02
2.124883438952019504e-02
1.735908300844178978e-02
7.027981040317407557e-02
4.480279181682274466e-03
1.548116104306869467e-02
9.988602701889240376e-03
1.264870720472255176e-02
1.830901293958656084e-02
6.756276394783006060e-03
4.428298628121542235e-02
2.541866881672353098e-02
1.389827695157658249e-02
1.099452811324904376e-02
1.825246156266378122e-02
8.670647810888202148e-03
8.878751964532543076e-03
1.925257517139962460e-02
5.266734184295421284e-03
2.988592174341881194e-02
9.422463497512977709e-03
1.656195120059959780e-02
1.473170325477810190e-02
2.667890410940156401e-02
2.524978322839383990e-02
9.628585809365900958e-03
7.143271138236808801e-03
2.921707870568809179e-02
1.896870784545172037e-02
2.068149078884643291e-02
8.234991600291200961e-03
6.013432727677186715e-03
4.672390049005384176e-03
1.089887092339017656e-02
4.410954696154743143e-02
2.631301003451680387e-02
6.069610210937458929e-03
9.053924270899857754e-03
4.981188052509550636e-03
2.813121363335653255e-02
2.104327615494912262e-02
3.131877707289784825e-03
7.554644652995036631e-03
1.779910973808283142e-02
4.424040384653766048e-03
8.231315785110967023e-03
3.090229748418313327e-02
1.652798295327270392e-02
9.446051521228125344e-03
2.805567167015284025e-02
4.324053734167849355e-03
7.551602460869671560e-03
9.726093546752224983e-03
1.476044801702578596e-02
6.569721729968160291e-03
7.073043466267662713e-03
2.877357380850109961e-02
1.029494354527840834e-02
5.824318209038441274e-03
3.573134682156380026e-02
1.231961691612699222e-02
1.802420720611941363e-02
9.285773057977940795e-03
3.907433835476578632e-02
8.111161155760526417e-03
3.901173867244541599e-02
5.459148145858743091e-03
7.927874219507762346e-03
8.168902269785841691e-03
6.997327031011714264e-03
6.618375128458503509e-02
2.933616597914650084e-02
7.534291401871577067e-03
5.033539946663197900e-02
8.541220588951637868e-03
2.120063918334472511e-02
8.932483004344560912e-03
3.853004212553974572e-02
1.193832086566709756e-02
4.006975983924662699e-02
2.606244912923693507e-02
2.277776251370286584e-03
7.422809884417155661e-03
1.155630265728547872e-02
1.030314791733803401e-02
1.402009258284973685e-02
5.759304988969756595e-03
3.568552619151098282e-02
3.575510255026110099e-03
