9.016611095622354410e-01
6.679243019191821729e-01
7.074598496785383661e-01
7.586795980889411428e-01
7.141195391036291307e-01
6.080495794295884826e-01
4.733579942072011493e-01
3.466034599435020014e-01
2.458518878516909589e-01
1.733915231664895917e-01
1.240791948753555973e-01
9.153118535989362980e-02
7.037818545020738115e-02
5.666665000792532603e-02
4.768009503935012605e-02
4.162427595220332538e-02
3.735874889115269742e-02
3.417506855492741941e-02
3.164546753636744009e-02
2.952000990367045080e-02
2.765125955680956121e-02
2.595730366850886039e-02
2.438948364767487900e-02
2.291704406334975699e-02
2.152430618931247194e-02
2.019770162217879306e-02
1.893209573578192792e-02
1.772018736723084825e-02
1.656029482427458233e-02
1.544649508648366157e-02
1.438157319058476664e-02
1.336037323409676979e-02
1.238567064079989545e-02
1.145591239622725278e-02
1.056936574701148115e-02
9.729730746917544110e-03
8.937237408021537349e-03
8.191135982223925888e-03
7.493708926081783274e-03
6.845316416596019561e-03
6.244963013853276242e-03
5.692832333827781491e-03
5.188323739183247491e-03
4.728003500740605818e-03
4.311338295960044295e-03
3.934681733293148194e-03
3.595323540452197413e-03
3.290470462070047789e-03
3.015485926392897330e-03
2.768501302375459775e-03
2.122217977727513562e-03
2.337675435670558653e-03
2.191800900332808565e-03
1.986461233311961460e-03
1.804175434478755800e-03
1.692047743280505195e-03
8.794834990406221083e-04
1.435002179958808815e-03
4.839412078303381107e-04
1.213207107158101837e-03
1.144588281637810281e-03
1.071360345821226407e-03
9.594169882999835624e-04
6.456348159814844943e-04
8.087230630554085664e-04
1.090909288155663542e-03
6.799095170142641087e-04
6.195497468837669105e-04
5.548024676377557403e-04
5.153823376753276881e-04
1.813654765065676007e-03
4.324506606023747449e-04
3.966776694693075834e-04
4.297740621819948594e-04
3.219709475368604792e-04
1.437745772745986379e-03
2.286153075019287518e-04
2.476519013550479908e-04
3.224514963562214440e-04
2.154689312627782274e-04
1.209483225415352962e-03
1.962838114796899532e-04
1.905957737104066972e-04
2.091990440231516341e-04
1.813896559974139766e-04
9.174641870496719719e-04
1.749368317507398634e-04
5.657238756287804931e-04
1.755038577219996841e-04
1.663339885926929859e-04
2.541252866955179767e-04
5.112999894266303602e-04
1.815106485734085636e-04
1.819497969554523037e-04
7.492924835307145266e-04
1.508843721000389059e-04
2.232854311243502587e-03
1.440411757291072627e-04
1.409087280258863482e-04
2.508075283347630641e-04
1.358719394441724928e-04
1.623483782116893820e-04
1.325003101695502224e-04
1.246322290488425914e-04
5.513472158015561954e-04
1.199942067025785053e-04
1.246890482154342341e-04
1.324059120035185394e-04
1.121711820119499799e-04
4.031804022947931259e-04
1.083211115107669511e-04
1.063277161230723140e-04
1.108795668850482417e-04
1.051874445781497740e-04
1.351693510246163086e-04
1.036770554777857126e-04
2.665989616338322946e-04
1.758169775935438208e-04
1.350539204785877973e-04
1.825578956734852430e-04
2.218883609039662180e-04
1.883455789498878136e-04
3.510195875993614152e-04
1.109876551785067165e-04
1.780400466864323855e-04
1.156873873153835741e-04
7.223496588806804352e-04
1.815274309120712935e-03
1.048150813460789666e-04
1.183153998648101896e-04
2.106956529315763202e-04
1.247652149996838708e-04
1.068428735328099148e-03
1.301395191130972706e-04
3.276538274864973618e-04
1.400326593155650379e-04
1.643957315652765517e-04
1.374806007786267084e-04
2.962409452381815325e-04
9.227392663972674210e-04
5.561265406359912648e-04
9.688456505675091773e-05
7.670301443210294449e-04
5.282180865414948939e-04
7.731286852885558701e-05
1.879189127869106168e-04
3.324675947640620840e-04
4.491171280202967456e-04
1.595661617349091127e-04
3.548762135547328797e-04
1.612427954506729397e-04
8.034700755682168622e-05
4.639875775880402363e-04
1.152360677147602156e-03
3.031905264046446703e-03
3.384562489554826395e-04
1.834454915722325615e-04
1.333008498505449323e-04
9.652259790491534916e-04
1.449776494071735894e-04
5.170591956056116208e-04
9.531743066553827464e-05
1.608829673133934973e-04
1.675328806353201946e-04
1.819365646481432657e-04
1.131305746419040438e-04
1.857967659678830686e-04
1.225940323008576933e-04
1.370625328327507424e-03
1.545909029705929598e-03
2.071638146179929484e-03
1.981426831348042598e-03
9.547094475714352189e-05
7.857114891545820192e-05
2.133646558793303189e-03
7.242946145890828604e-04
2.424565495721888884e-04
1.930162571936195476e-04
2.657659644075221583e-04
2.371204886985534195e-04
2.608842841400623542e-04
6.782917582370438184e-05
2.406383406030339995e-04
2.332132661814223539e-04
7.008679851224842213e-05
8.945711453809022874e-05
1.831340237975958695e-03
3.176430567803729325e-04
4.663061139001244029e-04
1.759036916053323429e-04
3.874890506747647942e-03
7.476976983081990195e-05
1.783794723649065805e-03
6.092758406166170018e-05
5.516317505077051681e-05
6.884708220339403478e-05
1.069834838799956444e-04
4.498805995695829424e-04
5.809672149541768500e-05
2.314290964031455130e-04
4.553783565760702415e-05
9.700137767013282647e-05
7.383626274363391340e-05
7.982704709063416027e-05
2.150746662873055692e-04
5.735819744383225489e-05
3.607837483365318389e-04
2.689142325986774735e-03
4.299284782847981676e-05
4.237248404187457556e-05
5.218163522419838374e-05
7.437203323369521351e-05
1.709788349176064861e-03
3.236949369507151147e-04
8.882703498635438481e-05
9.364953860786627169e-05
8.435202356819395417e-05
3.145982199914444232e-03
5.291806640118143225e-05
1.515785482658555446e-04
1.159387658635664675e-03
6.414796994708028951e-05
1.404497549243939223e-04
3.383703028162214372e-03
9.373996661860433701e-05
7.530334987274609794e-05
1.633488641642952743e-03
4.738984380442111421e-05
5.377000610451893080e-05
1.334151158911244623e-03
4.669250738975014189e-05
4.840658301398125305e-05
3.419376862201944402e-03
8.040908858634496063e-05
3.244025273524482242e-04
5.097894055049018543e-05
2.652879734722383758e-04
6.034398097842491712e-05
8.066104049270302783e-05
2.689786893013359115e-04
8.136546926004511928e-05
7.243851316431070301e-04
1.299064385046005499e-04
8.995950446217024872e-05
3.673210810400605558e-04
9.403947019048538149e-05
1.470628427420166834e-04
1.094784143315918608e-04
9.278798244174810573e-04
9.437200474228734325e-05
1.291584876194005181e-04
3.138533214591161889e-03
8.151018798801050425e-05
1.400042980209104202e-03
1.173603342664006387e-04
1.579578114174456775e-04
1.020220528735677271e-04
2.259986019676386729e-04
1.013658413217631001e-04
3.090624791455076430e-04
1.062716428935614113e-04
2.853812936406733246e-04
2.836438190107277296e-03
8.996281353977633407e-05
3.504336347901309255e-04
4.600662374873890981e-04
1.266801464793121325e-04
6.852117012830623516e-05
2.103873187496032617e-03
1.180268680061600562e-04
1.285792355946551325e-03
1.110612990422163741e-03
2.164245780671219751e-04
5.605942731614987169e-05
1.945692365302586092e-04
1.748487849805791720e-04
1.497076111847829951e-04
3.220894336822430811e-03
1.201946426397234539e-04
1.575035250062999895e-04
1.698335649498163404e-03
1.250586759778531956e-04
6.862647639871617428e-04
7.240962488052698175e-04
5.533093329061129794e-05
3.005149890327513031e-04
1.158561442210797937e-03
9.235324683389097478e-05
4.540987083620326068e-04
2.476921619437212228e-04
2.028921771342935695e-04
5.229513041138660490e-04
3.086960411577693722e-04
1.506684243663687476e-04
8.974410854010983181e-04
2.045435488510285462e-04
1.708192778105024185e-04
1.866923325331311249e-04
6.760730078787119141e-05
1.302566858707677945e-04
