1.005861095518630011e+00
3.937543892200361384e+00
1.933953191351737377e+00
2.129761015170929195e+00
2.483971437294088869e+00
2.729625047887875855e+00
2.875852239566343282e+00
3.004783703108749648e+00
3.069302422802783870e+00
3.152488549056285727e+00
3.166768161246778845e+00
3.196664040696553410e+00
3.216784499674763431e+00
3.249126428133350508e+00
3.243132377937360200e+00
3.250277635173775437e+00
3.279952974774892116e+00
3.257585272668114929e+00
3.285325009584952660e+00
3.278020105642074800e+00
3.294918617586455323e+00
3.277888456571209641e+00
3.285473392908395240e+00
3.279140236416106635e+00
3.282973496226455179e+00
3.284447274260576588e+00
3.274578885408812923e+00
3.285464214308998265e+00
3.282461529131976974e+00
3.314942250860072104e+00
3.268740069607499521e+00
3.267536594481415424e+00
3.258314429886687957e+00
3.214780664124595955e+00
3.241697224826289414e+00
3.207998672825986830e+00
3.225935517104784545e+00
3.202424043477569704e+00
3.211425685000052876e+00
3.208024800756938966e+00
3.196239136267517544e+00
3.198782763769654203e+00
3.187917243325054883e+00
3.167946253058354866e+00
3.181364130057241724e+00
3.168192703033807067e+00
3.153521297498331322e+00
3.123480319979268671e+00
3.139554786990705448e+00
3.146604977054936025e+00
3.114774507227372258e+00
3.085888951763448240e+00
3.101951702013019840e+00
3.093577123089895409e+00
3.090355116863207741e+00
3.096740991854853853e+00
3.072270133285093241e+00
3.061529001569766262e+00
3.050049568020333446e+00
3.037689279802416653e+00
3.044164196664282951e+00
3.019598292502861270e+00
3.013795160556717700e+00
2.988394349193115751e+00
2.955434428032618133e+00
2.975124634657879685e+00
2.987340701285126965e+00
2.960471217614208506e+00
2.955307028465283370e+00
2.933621917537693413e+00
2.926616879013736128e+00
2.899076448120255112e+00
2.918137667383511324e+00
2.907813327887379895e+00
2.885897607546584531e+00
2.872510254373319860e+00
2.888848785168064204e+00
2.856495435997245647e+00
2.852479071889316042e+00
2.852345803577373218e+00
2.833081012730078285e+00
2.825126324059177296e+00
2.808482223371834952e+00
2.795102797830486097e+00
2.777965094778434452e+00
2.788468157625269672e+00
2.785267593603952374e+00
2.781443562451560769e+00
2.748664764954519946e+00
2.738680537510590263e+00
2.728375355568662286e+00
2.710424027377798417e+00
2.695023143373667551e+00
2.682279905099904660e+00
2.673159430524211011e+00
2.694148049382877552e+00
2.677412923794252109e+00
2.673331705362635979e+00
2.648886598475397314e+00
2.650241450275080179e+00
2.621022746565698114e+00
2.615519869822779508e+00
2.621973731428652421e+00
2.586168030313878763e+00
2.601118659221101304e+00
2.602805358445261952e+00
2.566216560304105609e+00
2.565418463468641441e+00
2.560323266795011765e+00
2.517496911513390945e+00
2.539734378568708539e+00
2.545442235448750701e+00
2.526466827169834950e+00
2.516910370060183588e+00
2.503355502309324354e+00
2.508522673758371013e+00
2.489832409422045423e+00
2.476755259324022074e+00
2.475434738921626465e+00
2.463145206808328602e+00
2.439112952681786073e+00
2.440941413034576790e+00
2.425310442308307390e+00
2.413948199981810649e+00
2.425346428926308473e+00
2.410613924897977434e+00
2.379723938924757309e+00
2.362092441549370037e+00
2.382301324414570320e+00
2.360097582423660967e+00
2.344862234829846681e+00
2.162826669817279335e+00
2.246798320963155682e+00
2.224572116334582628e+00
2.233106342911010511e+00
2.240992185615735988e+00
2.256948515609535022e+00
2.266200562574038013e+00
2.280617575312771539e+00
2.293655383119784563e+00
2.294528620570037258e+00
2.300994608389866247e+00
2.303558626813741128e+00
2.305691914739564918e+00
2.310283716747549398e+00
2.308827731434864194e+00
2.305866640852912930e+00
2.298186799538207481e+00
2.287735342008624162e+00
2.296072171582760113e+00
2.310734010623320067e+00
2.277708624268186988e+00
2.273323608435051657e+00
2.272365834758356851e+00
2.268215969462065829e+00
2.262326785575865973e+00
2.270295278389733884e+00
2.251042559295802548e+00
2.257851112597029974e+00
2.243556353384120516e+00
2.232664879929157298e+00
2.223349794014482850e+00
2.219112819606806397e+00
2.215514659220532145e+00
2.209556489038678073e+00
2.200033390462616811e+00
2.187315136226713808e+00
2.176226190245800662e+00
2.172411347961500372e+00
2.177974741390436897e+00
2.151901073315196644e+00
2.148575640660395969e+00
2.146825417752588727e+00
2.144450545851152690e+00
2.131050226515208479e+00
2.132147432804231357e+00
2.103377424237397264e+00
2.114562366211258482e+00
2.113053234754988630e+00
2.085410611500990274e+00
2.089791076978211315e+00
2.084219165134036267e+00
2.088911095860226830e+00
2.080192230421153976e+00
2.081634082074159675e+00
2.079020206360102652e+00
2.060556036345317032e+00
2.060733370873341297e+00
2.022483202935566826e+00
2.031665391145663691e+00
2.042269145559405086e+00
2.040710266627966618e+00
2.030181384611672968e+00
2.028560588715512036e+00
2.011436132868282378e+00
2.021984857039786476e+00
2.003752368411294782e+00
1.992365533264631061e+00
1.985874730542083189e+00
1.981877026313806800e+00
1.983607093038797231e+00
1.972953582852500221e+00
1.959428988441888064e+00
1.956343432206742561e+00
1.950170820275460626e+00
1.950820420271712985e+00
1.958711418446649866e+00
1.942319232233746584e+00
1.958278029891913352e+00
1.927203017522038042e+00
1.924799758545897133e+00
1.931856150115564441e+00
1.931380505425196681e+00
1.909503766545235903e+00
1.895434526826448751e+00
1.912626461068487327e+00
1.899332153576808180e+00
1.891788733089344143e+00
1.894590002913028259e+00
1.906574905178213930e+00
1.885752856691283341e+00
1.880934613092636987e+00
1.865013864969454094e+00
1.881854463662920640e+00
1.865824149507050889e+00
1.859860487484195524e+00
1.846715531368694041e+00
1.850930338488065763e+00
1.859055775806143229e+00
1.833429481826959639e+00
1.860023072682561729e+00
1.829797865825226300e+00
1.831443426212548076e+00
1.818527545985135774e+00
1.833171162082177785e+00
1.842167446960186084e+00
1.808957800526785897e+00
1.820164477918617463e+00
1.810357972961478490e+00
1.813117487344676038e+00
1.803328010120565983e+00
1.802300390159055077e+00
1.802830195650057865e+00
1.787789108979190411e+00
1.794334051942173547e+00
1.782310922709727352e+00
1.793538951760012656e+00
1.772836979074198904e+00
1.794032789553790419e+00
1.759311180490541249e+00
1.739663751737895003e+00
1.766699380173845313e+00
1.751461814407747175e+00
1.736640899503834712e+00
1.741780873330973645e+00
1.744251966634072337e+00
1.741487427844318647e+00
1.729127105711554480e+00
1.743792927854250996e+00
1.733633650528183745e+00
1.716851675446969816e+00
1.736224014844694130e+00
1.725463150812226010e+00
1.705034057458263641e+00
1.719212589027145910e+00
1.718714905739812782e+00
1.702921744408027571e+00
1.689953383400093490e+00
1.694486079192294659e+00
1.687583420146663737e+00
1.683954884330688628e+00
1.679562710701440142e+00
1.691702604869749438e+00
1.678158143467930019e+00
1.665174061101222236e+00
1.681513258000905120e+00
1.668551308263094279e+00
1.683332202078786866e+00
1.659445103421586465e+00
1.654571088693294501e+00
1.653779978123099292e+00
1.652665501332049036e+00
1.656790630159479027e+00
1.648803798382029173e+00
1.649002432496967652e+00
1.635896812027673120e+00
1.637377697260341325e+00
1.632957097032331273e+00
1.644826991655117254e+00
1.631583366064114582e+00
1.626521541424128525e+00
1.612371914511999238e+00
1.620610299415483846e+00
1.619382747518254728e+00
1.616951283668165651e+00
1.610879689862830588e+00
1.608584157519802993e+00
1.613049999114671840e+00
1.601075825830429178e+00
1.603884337515693481e+00
