1.010042962296164637e+00
1.884516765476191180e+00
2.186147600889261966e+00
2.390743615735944960e+00
2.445307422515714979e+00
2.457232831453270983e+00
2.455133176780777138e+00
2.463312400767283972e+00
2.463935916780246593e+00
2.465552106722674885e+00
2.466648156922864210e+00
2.466655389369992513e+00
2.467242612952413428e+00
2.466253750111018217e+00
2.466796188153444813e+00
2.465621948507760841e+00
2.465556206508655368e+00
2.464109544812961072e+00
2.463271791645398778e+00
2.462418323173547474e+00
2.461453856100670912e+00
2.460313968092365577e+00
2.459312084274923649e+00
2.457569884760345325e+00
2.456061064739282873e+00
2.455244047929690421e+00
2.455031801634879329e+00
2.453554253717932898e+00
2.452880579696628427e+00
2.451096509938841095e+00
2.450518693387620850e+00
2.448950945057879469e+00
2.446047250194868905e+00
2.446531574241580742e+00
2.445028123205188031e+00
2.444093333271075696e+00
2.442613359676788054e+00
2.441688725984368702e+00
2.441285862856697797e+00
2.441138074035729133e+00
2.439229441822805988e+00
2.438480720139609037e+00
2.436219479727407045e+00
2.435057071836423948e+00
2.434890347323881876e+00
2.433739515559737221e+00
2.433216800306291283e+00
2.431372356766316134e+00
2.430621727939792809e+00
2.430151901692457539e+00
2.428438494027262085e+00
2.427080616765176391e+00
2.428516722962214658e+00
2.424841525037155332e+00
2.423902789701775973e+00
2.423138193305974575e+00
2.422586643285467467e+00
2.419742125252292375e+00
2.417174878141868266e+00
2.421020055229771817e+00
2.417413394594323250e+00
2.417101142363352384e+00
2.416096185288564513e+00
2.415402435429975903e+00
2.414460739656409061e+00
2.413257005611065154e+00
2.412125314544550037e+00
2.411753876015718667e+00
2.411238026513524701e+00
2.409568057940925989e+00
2.407512014586587146e+00
2.405843224817419745e+00
2.406741974913563897e+00
2.405898890025791825e+00
2.405159681286596740e+00
2.403864993808225936e+00
2.402766675074627933e+00
2.399654439297710606e+00
2.400176439218931090e+00
2.399250852209093843e+00
2.398597249672682619e+00
2.398154256529287043e+00
2.396557729229090938e+00
2.396083095851205158e+00
2.394963504421690814e+00
2.394480666730007812e+00
2.392361084947300931e+00
2.391497874641336896e+00
2.391695471320556265e+00
2.393200009888366786e+00
2.390221228324608482e+00
2.389343411024682506e+00
2.388424007143780337e+00
2.386953618086967488e+00
2.386104942207247781e+00
2.385710418063165417e+00
2.384880405974991291e+00
2.382405446014993267e+00
2.383296140951851161e+00
2.380902194960378804e+00
2.380935223095737463e+00
2.380363868515853909e+00
2.379695729732588472e+00
2.378850485699417483e+00
2.377897365032803911e+00
2.375250170464058730e+00
2.375371436620908661e+00
2.375550434449190007e+00
2.374636691595565452e+00
2.373669317428399150e+00
2.372054112998802200e+00
2.371765497580769821e+00
2.371468953337985575e+00
2.369779319939820272e+00
2.369154023766741446e+00
2.368895325251014761e+00
2.367129147709437831e+00
2.366719847346303141e+00
2.366210711629286312e+00
2.365101033801479957e+00
2.364663021487253936e+00
2.364096975430469261e+00
2.362967323680418286e+00
2.361485634973027103e+00
2.361371888476989422e+00
2.360687744486017703e+00
2.359538434456661893e+00
2.358808469116696838e+00
2.358248109224557965e+00
2.356137542331515178e+00
2.355574277013526174e+00
2.356255719547293737e+00
2.355023550108203523e+00
2.353698920812151929e+00
2.353246159410339100e+00
2.352095711083664220e+00
2.351954539405906708e+00
2.351176042939538746e+00
2.350715282042547205e+00
2.349381823808513126e+00
2.349040984179663560e+00
2.348329780653769738e+00
2.347848164652888148e+00
2.346942306695109615e+00
2.347954075451842648e+00
2.345297531082092934e+00
2.343782744245794358e+00
2.343897563824836716e+00
2.343284499451708136e+00
2.342692229789528735e+00
2.342029055774475399e+00
2.342003343584396990e+00
2.340730785180071827e+00
2.341118510798181340e+00
2.339506642057027186e+00
2.338369818419574475e+00
2.338020306301299645e+00
2.336867530085217304e+00
2.336844337182300890e+00
2.334290952818505627e+00
2.335576265823754660e+00
2.334274572821067650e+00
2.334053925552806330e+00
2.333115371589586484e+00
2.332447106481193355e+00
2.332112737445831918e+00
2.330784677484594170e+00
2.331648657688186521e+00
2.330292114888891319e+00
2.329041627533687819e+00
2.330175927186846074e+00
2.327969044890276340e+00
2.327811290069483618e+00
2.326984484924523144e+00
2.326089608339976245e+00
2.327129904018364392e+00
2.325560655168652957e+00
2.323681277247484633e+00
2.324314900791226268e+00
2.323407719570926844e+00
2.323305992823842203e+00
2.322319198267732254e+00
2.321734670866214323e+00
2.321164064244365832e+00
2.320495449085838935e+00
2.316859823884148017e+00
2.319531834300965212e+00
2.318569975242910086e+00
2.316358943976609908e+00
2.316037182692795682e+00
2.317590637394566055e+00
2.318702329017786834e+00
2.316194455228618221e+00
2.317058714253987350e+00
2.314994609658578728e+00
2.314721096792524246e+00
2.314197663919197456e+00
2.313428521106276836e+00
2.312811068793126701e+00
2.312641504542253923e+00
2.311573359925247928e+00
2.311758549146297526e+00
2.312647808396834037e+00
2.310460779559770472e+00
2.309925496041191462e+00
2.309580772742246602e+00
2.308937156740747287e+00
2.307958818305280158e+00
2.307700028304122242e+00
2.307861602337440754e+00
2.307256268300752922e+00
2.306893293966834513e+00
2.303948058904771390e+00
2.306088125936983868e+00
2.305403643207897257e+00
2.305748040951006939e+00
2.304105279019655228e+00
2.302951099920284239e+00
2.303612970489025358e+00
2.303412884557342721e+00
2.302778331671482714e+00
2.302596316028330481e+00
2.301454100415901038e+00
2.302012836674745433e+00
2.301507791481044674e+00
2.299826538340250970e+00
2.300239472069380842e+00
2.300181261027576696e+00
2.298137574231709834e+00
2.299240325512627692e+00
2.298515032008590531e+00
2.299812840907514477e+00
2.298167123634117015e+00
2.297556756502617148e+00
2.297386608167896416e+00
2.295789524705966755e+00
2.296466516173649719e+00
2.296146528816175980e+00
2.294926911735185371e+00
2.293220648418043073e+00
2.294223308088622737e+00
2.294028698911301678e+00
2.294199112104261307e+00
2.293509389214930305e+00
2.293876223446638107e+00
2.292906429737583629e+00
2.292570890516691051e+00
2.292675316494644289e+00
2.291724529422679346e+00
2.292546517163274622e+00
2.291961155448903220e+00
2.291068101450528527e+00
2.290839175096535563e+00
2.291199686661978152e+00
2.290122009255829205e+00
2.289910799215254755e+00
2.291135845069185883e+00
2.288258123230361818e+00
2.289242220966188679e+00
2.289814282469619489e+00
2.287996920288716041e+00
2.288269465089932453e+00
2.288112051985901729e+00
2.288334009602668750e+00
2.287844503176894140e+00
2.287261520663347092e+00
2.287236400357000043e+00
2.287236293829714384e+00
2.285575354982809948e+00
2.286909026456917182e+00
2.286330470843572549e+00
2.283230633638551499e+00
2.287921493370225434e+00
2.288139713273798836e+00
2.284787689356649665e+00
2.285049661201209226e+00
2.284731770902101555e+00
2.287021603198793773e+00
2.281830415533048662e+00
2.284063521809577058e+00
2.283556873216464389e+00
2.283943665871244200e+00
2.285351421059122146e+00
2.283998674530596240e+00
2.283576391608864053e+00
2.285163225957602684e+00
2.283459760809869454e+00
2.283361348844889172e+00
2.283209218324411705e+00
2.282833584590308718e+00
2.281617566253365759e+00
2.281971382182136132e+00
2.282228377803751762e+00
2.284563615364517020e+00
2.281674831698216277e+00
2.282533115204996133e+00
2.282114416652314848e+00
2.281944041481151597e+00
2.281925995630309956e+00
2.280193827733261180e+00
