1.189331098305716594e+00
1.206934988503068684e+00
1.378431933352743055e+00
2.162647066993498957e+00
8.753538416738528838e+00
1.056087437151031949e+01
1.111694295170413938e+01
1.138509546616275969e+01
1.125223463448148209e+01
1.102645135785221697e+01
1.088562851488785377e+01
1.065334278818129121e+01
1.032230403410561514e+01
9.943686467998897882e+00
9.513781388369178416e+00
9.112486334097528839e+00
8.663489325300758992e+00
8.232958784647420813e+00
7.842137933824537832e+00
7.424325639748977856e+00
7.014087810322153338e+00
6.607892209845536158e+00
6.235688255728920382e+00
5.859245803277826070e+00
5.503199468131335870e+00
5.158996729988367669e+00
4.836978567222557146e+00
4.514325379107445357e+00
4.243448225237197668e+00
3.912263195731234600e+00
3.628944976928067057e+00
3.360034377531823768e+00
3.113700316206391427e+00
2.835034531041896511e+00
2.620874773966115345e+00
2.382854243270874584e+00
2.175213523954557804e+00
1.965691729754055928e+00
1.768562819045629064e+00
1.565224793827286742e+00
1.398636808514272856e+00
1.186750752240221196e+00
1.055896890222827622e+00
8.957057651545926591e-01
7.295800299965548019e-01
6.418499092017064811e-01
5.179421693971661966e-01
3.753425392821954087e-01
3.098369482477867920e-01
2.139728208418699151e-01
2.044665013419802446e-01
2.268561723924263640e-01
2.859076874268680624e-01
3.536745307478360023e-01
4.154784932959409982e-01
4.792104895447930613e-01
5.409862402932871239e-01
6.432660029432725191e-01
6.654095593379634188e-01
7.206026564173384497e-01
7.468691659912544134e-01
7.849247780364160265e-01
8.165996380274482824e-01
8.404857881106252426e-01
8.505827454392169695e-01
8.832264691447783145e-01
9.327321431321490275e-01
9.325097864009066484e-01
9.779442491679180005e-01
9.736445887781711717e-01
1.003308201092135032e+00
1.018353023541101132e+00
1.016134247917915845e+00
1.076484048989434728e+00
1.005574643109159005e+00
1.035613091291964105e+00
1.077175894462166550e+00
1.053317959033173379e+00
1.092008135363633281e+00
1.089919327697302931e+00
1.067676992065876629e+00
1.072460414560301167e+00
1.059161535631064854e+00
1.052463283911616365e+00
1.093135106122460787e+00
1.051797883159637736e+00
1.008302274777308272e+00
1.068233866784039865e+00
1.008597276372840135e+00
9.884510124112777518e-01
1.002257647191254541e+00
1.026386373677523611e+00
9.975914559221346067e-01
1.039078833578842342e+00
9.897955042608412857e-01
1.011428104921190396e+00
1.000003933119597788e+00
1.008568256717675027e+00
9.888377544635622574e-01
9.820985445222639720e-01
9.942966604973192402e-01
1.039724331899626986e+00
1.024749751811487863e+00
1.026428924862657244e+00
1.009366235990956540e+00
1.016095373746407571e+00
1.027385464723833852e+00
1.109920896291188841e+00
1.020840648909386639e+00
1.052117905162412992e+00
1.017070911615285400e+00
1.037173647930944353e+00
1.154491114518117589e+00
1.041451213230795148e+00
1.045151127053329798e+00
1.079666623202762077e+00
1.035328595312792421e+00
1.101412717005262554e+00
1.074487035801567680e+00
1.054896459699446343e+00
1.077776151321721443e+00
1.090703468555144218e+00
1.057301056393115779e+00
1.087570595500321868e+00
1.079842955045003050e+00
1.046374618440889082e+00
1.137414276242472821e+00
1.098388569986656016e+00
1.092721011616963001e+00
1.156129571055136251e+00
1.149922510189652636e+00
1.091208090950054554e+00
1.118319903150424288e+00
1.160622708395351976e+00
1.125721562025462363e+00
1.111130523053687424e+00
1.110234139963929945e+00
1.170012548418600806e+00
1.176696010927841485e+00
1.228825676528168653e+00
1.119120411674176641e+00
1.198349207771646219e+00
1.154021801899814959e+00
1.198173928783558884e+00
1.207513604956487185e+00
1.206374415528431276e+00
1.206897338831395494e+00
1.168607186533131559e+00
1.269907322822720896e+00
1.275755751985858888e+00
1.236607921091845252e+00
1.229414296898421632e+00
1.233683785237704944e+00
1.243265796377458043e+00
1.247660462267061066e+00
1.278441521140618375e+00
1.219525058253738692e+00
1.233365672321208750e+00
1.204480091630378835e+00
1.258647225615131093e+00
1.198976327294873911e+00
1.246600697045610273e+00
1.217718940657157578e+00
1.253025271044205802e+00
1.235883502530493283e+00
1.231941824908199035e+00
1.258044148762132108e+00
1.369306916185237144e+00
1.511551039507837979e+00
1.059106727113136470e+00
4.762780285877096231e-01
3.822017275800526082e-01
3.954601964075203924e-01
3.074206949808042100e-01
3.642275523428180062e-01
3.401258421705677937e-01
3.135808691632216982e-01
2.731073184325454872e-01
3.065102246005727005e-01
2.561741159592562656e-01
2.595388985366343659e-01
2.710215247028759933e-01
4.077217795392459876e-01
2.267959590721546348e-01
7.818938768096003189e-01
7.983833054866020795e-01
2.844990772244849753e-01
2.088374224964812953e-01
2.681383495117879989e-01
3.375579150177532295e-01
4.394794513271456649e-01
4.344464768028198365e-01
2.267849579987083475e-01
1.486800648845379436e-01
1.502537652890492959e-01
7.600754636313468426e-02
4.804350897628593131e-01
6.517980726252474433e-02
7.331020732607096413e-02
1.158348744168492123e-01
2.566672943943864027e-01
6.436570358378565504e-02
8.683869556020856750e-02
8.925103553607062479e-02
1.069161965180248225e-01
7.768561097046862429e-02
1.076902144445017889e-01
2.972823457862726615e-01
9.291090279168881527e-02
2.849103910578930643e-01
9.041737768090174487e-02
1.162484234957990026e-01
1.874821899233422573e-01
2.471328383552147956e-01
9.151432483412107188e-02
1.938679177508715046e-01
2.668208169624735615e-01
1.721718655696089229e-01
1.204602456448880393e-01
1.421877329865316453e-01
3.553354300905586793e-01
3.816602938262019240e-01
1.825426548620172063e-01
4.221948915225784971e-01
9.101449122960131310e-02
3.067423730243460933e-01
1.792635896678559659e-01
3.524007042828508629e-01
2.322440746995841632e-01
2.376571881256611118e-01
4.507719420378075714e-01
1.272833149002805808e-01
1.206192012294061283e-01
1.981885434412226366e-01
3.018616397484414349e-01
1.655222025361078320e-01
4.021952299604368841e-01
3.171482560788440597e-01
3.039421339740786543e-01
6.282663682874081168e-01
1.550025396946179135e-01
1.540783710597693201e-01
2.224268858175692809e-01
2.263279516969270710e-01
1.367477015781885241e-01
1.390905855201465535e-01
2.322279737818248313e-01
3.257835139499522525e-01
1.363385294524452340e-01
1.892623983374172036e-01
4.009674589062711125e-01
4.261561513836766291e-01
3.106385722356977963e-01
2.389044520138973171e-01
2.339614329288435823e-01
3.398505107743093889e-01
1.447116650587766673e-01
1.959038726617164106e-01
2.040349523286962008e-01
2.960170526599100183e-01
1.649755880688062448e-01
6.951917865592076584e-01
1.352127206230269163e-01
2.188466003214106781e-01
1.225713767588000325e-01
1.952870147411068236e-01
1.733372801179853817e-01
1.981353395668473127e-01
1.397804915591893404e-01
4.770226578687783991e-01
1.331661562378166075e-01
2.480879310775743196e-01
2.651524495362809208e-01
1.095579077807095625e-01
1.605214005192005799e-01
1.774181679619145913e-01
1.304968577176440492e-01
1.441298021097027204e-01
1.551500042584365857e-01
4.517539860671886398e-01
2.851368916546876964e-01
1.898019861744389691e-01
1.207826769446923437e-01
1.739786200245688752e-01
2.048863328480423351e-01
3.015132976607934889e-01
1.841253549538404422e-01
1.187829309899411240e-01
2.205304280164414321e-01
4.219292058866282447e-01
1.768121689174763367e-01
1.535406441216241036e-01
2.352140413728897317e-01
1.374907349787708732e-01
2.157353126078567218e-01
8.368046015164122553e-02
3.508738419339569869e-01
9.611255917411548610e-02
1.893295020628592285e-01
1.198752367340779335e-01
