1.041673259987390132e+00
1.276629181626561360e+00
2.271858148482414297e+00
2.253315660747614579e+00
2.831350963072609694e+00
3.393600264877253192e+00
3.502780139901278122e+00
3.314605341960864315e+00
3.200672811528642914e+00
3.186564519439086141e+00
3.171636541483292770e+00
3.095427099570387419e+00
2.920896338134578940e+00
2.717813177927132173e+00
2.507245973200840972e+00
2.313247816392421274e+00
2.149915451756440721e+00
2.016322898746254921e+00
1.891683520973779453e+00
1.754975697582777716e+00
1.665466113759572986e+00
1.585804678349961305e+00
1.506080077459449162e+00
1.425422211265353178e+00
1.335423378352718071e+00
1.280878783633344176e+00
1.162851067752869838e+00
1.067006957092955455e+00
9.558573342572254106e-01
8.579861151253769247e-01
8.326449343055334351e-01
7.468218202501447633e-01
6.879975910858446841e-01
2.010292244702346576e+00
2.687328561496204582e+00
2.939841445804971531e+00
3.170114802595729753e+00
3.266317709808667313e+00
3.303376578235380112e+00
3.312319774719057808e+00
3.363883912887506433e+00
3.351470632136952954e+00
3.245922752012959656e+00
3.326286344883402801e+00
3.253602334976731125e+00
3.244764529419942978e+00
3.187092534998994253e+00
3.034798741328606830e+00
3.069054583205459430e+00
3.077909218058723528e+00
2.934271333843466056e+00
2.834344877114225003e+00
2.791742853148224235e+00
2.686664966623829809e+00
2.575787074879277050e+00
2.527401452665447579e+00
2.376290899065783169e+00
2.362891490107469572e+00
2.327160433659887673e+00
2.203559862940122294e+00
2.159319586193504836e+00
2.060752588550145870e+00
2.018431568147044608e+00
1.916189478601910023e+00
1.887578890422670685e+00
1.755768646241640640e+00
1.767391496559604480e+00
2.107573529841997306e+00
1.659087551242306446e+00
1.646143081654301898e+00
1.567322526073840150e+00
1.565989290410251700e+00
1.462941293185925362e+00
1.493929398826949750e+00
1.486356897770381158e+00
1.425555794809189036e+00
1.444734616579550268e+00
1.352297595890475046e+00
1.396622111149663947e+00
1.408564592216229983e+00
1.291152417728927970e+00
1.371157404575763517e+00
1.419210555305905563e+00
1.366884230249606258e+00
1.329323881975444044e+00
1.365786476136195304e+00
1.331070699455940476e+00
1.367988434591683733e+00
1.331917809388533547e+00
1.373053800972401817e+00
1.306702117297432464e+00
1.370989790538500230e+00
1.241509266502408337e+00
1.362370826017679226e+00
1.360155127631625938e+00
1.360187373233183061e+00
1.275454451461794703e+00
1.368923296937613943e+00
1.388845944367767427e+00
1.341231490990695274e+00
1.392403958528638297e+00
1.411134377798418216e+00
1.378770061822473414e+00
1.424107134786312345e+00
1.390938895098531747e+00
1.327325854977879471e+00
1.388781753185846179e+00
1.404411286300525141e+00
1.367388473826431028e+00
1.409946468658053842e+00
1.343563553228122487e+00
1.405047915604909381e+00
1.409691319658633146e+00
1.353178554620846574e+00
1.414588612006040025e+00
1.487669623089274973e+00
1.398518959738381362e+00
1.292492428880161803e+00
1.412066347306937697e+00
1.411712902067435049e+00
1.389958066654325863e+00
1.418888881212092112e+00
1.255660824255350416e+00
1.414090746050656433e+00
1.411822152733632985e+00
1.335468087884219335e+00
1.416179971033530327e+00
1.223764029234464701e+00
1.412687063404889809e+00
1.366034464882847077e+00
1.415961698771337263e+00
1.261224480184079288e+00
1.412990359690927233e+00
1.406821004542754272e+00
1.317740167069562318e+00
1.412031548853470708e+00
1.259057893848168463e+00
1.406589837797282527e+00
1.399549508014755750e+00
1.374399063342155003e+00
1.403282539923591976e+00
1.278807329439527685e+00
1.405350319632669320e+00
1.391075419259516055e+00
1.390436746284260838e+00
1.395580008078980860e+00
1.303803823590011124e+00
1.402094393082415458e+00
1.388142053361208550e+00
1.373254545825278505e+00
1.394567685261455248e+00
1.397553325986017336e+00
1.384667680170904358e+00
1.458780890073203773e+00
1.386246839187311508e+00
1.348924010672328588e+00
1.384050255288199693e+00
1.368774585066947047e+00
1.309598037560245398e+00
1.373434093670472977e+00
1.358791454708258906e+00
1.358013094405076782e+00
1.371708221627242708e+00
1.354961758569275920e+00
1.243679726121324824e+00
1.361000662082736623e+00
1.316112518807506904e+00
1.365146962986626189e+00
1.353692219882520531e+00
1.338554937901096809e+00
1.348576469977447623e+00
1.345923798187375287e+00
1.441620834232443915e+00
1.349402157066593055e+00
1.335375834635720738e+00
1.338673819319268210e+00
1.335784725199205214e+00
1.190663600364912478e+00
1.339163881993681082e+00
1.163119017921584453e+00
1.331701845068290924e+00
1.322228721482800573e+00
1.368957805541936246e+00
1.329372006241716919e+00
1.246266602676968427e+00
1.330588608571236620e+00
1.303457218702261056e+00
1.327407767135717620e+00
1.314391023784720280e+00
1.258809314851827565e+00
1.321525992432623475e+00
1.304464048932933107e+00
1.315592476328859339e+00
1.309862664875681260e+00
1.285396934158152593e+00
1.315352452141431705e+00
1.303226424415339535e+00
1.305376400759038047e+00
1.303871765478709532e+00
1.198115855158160992e+00
1.311446466753699358e+00
1.296839752736904883e+00
1.308246542432902171e+00
1.301346475988297557e+00
1.190583012234347926e+00
1.305556071793750439e+00
1.296733117958518200e+00
1.303736835310698394e+00
1.292917398754626745e+00
1.183362980961032651e+00
1.298349006443634934e+00
1.283357791452211849e+00
1.298228737217952400e+00
1.293226575950481294e+00
1.280316278513055073e+00
1.287799498659977893e+00
1.282672442265921031e+00
1.220528160121630901e+00
1.285413053062074651e+00
1.554906457773932438e+00
1.287746515828684046e+00
1.245682219666289781e+00
1.271787696990256400e+00
1.069507026587347864e+00
1.269844371146984230e+00
1.230833170122422437e+00
1.265242749166771485e+00
1.194179531872235689e+00
1.262405741453271002e+00
1.258978495517996121e+00
1.259597207806899322e+00
1.243683351979581797e+00
1.206753769766210960e+00
1.242624296442897069e+00
1.249816937128939820e+00
1.233364549782286712e+00
1.101475491504853244e+00
1.240254177007093839e+00
1.219105220597491268e+00
1.217081894090055849e+00
1.216284186439312798e+00
1.152217936266070497e+00
1.214829613183884716e+00
1.199229154095430072e+00
1.204477038736139205e+00
1.194216367089455222e+00
1.125295775733635262e+00
1.190266537809077318e+00
1.032658079946579877e+00
1.188105253520965521e+00
1.166549080791748016e+00
1.164649760044011106e+00
1.163485016423042362e+00
9.404347923987064206e-01
1.162037730624710719e+00
1.139527881306987789e+00
1.138380062512416302e+00
1.130687406961744967e+00
1.030506665801687260e+00
1.123752198807873137e+00
1.095323251805608855e+00
1.087345725255852935e+00
1.072400106630520433e+00
9.406291874209693482e-01
1.027062324074802246e+00
9.999139969796947414e-01
8.999332644292984407e-01
6.541042165714073819e-01
3.039630859939678742e-01
4.502651584407968421e-01
6.576723612245167772e-01
8.135484028663484413e-01
8.719970762331288316e-01
8.953281968971923410e-01
8.350121598009166979e-01
8.617056293192836280e-01
6.723445560231423590e-01
8.040544701947124340e-01
7.577703183254428376e-01
7.423556829637992793e-01
7.381077250282406244e-01
6.725053424417251069e-01
6.805363605786468595e-01
6.690526708372043219e-01
6.855036734419818201e-01
6.296315826161139606e-01
6.580777206404911928e-01
3.587599793115013869e-01
6.269807529222246600e-01
6.551514918703752466e-01
6.399846176640119344e-01
6.161352021564030501e-01
6.448276982892642284e-01
6.262301526514847394e-01
6.170829919012518205e-01
6.051032824715160130e-01
1.072010059704212592e+00
4.852643496106501253e-01
6.103744952345208086e-01
4.705843904756478735e-01
