1.081282560209867238e+00
5.122314934008127540e-01
4.504492684195761099e-01
4.081008635666328321e-01
3.692626820745139593e-01
2.717132286241570882e-01
1.300315893600568207e-01
4.861508049425395522e-02
2.922122083642477233e-02
2.410382070008993891e-02
2.205739879896416109e-02
2.083849814898496022e-02
1.979445638246266764e-02
1.873164119133541305e-02
1.762375958260119918e-02
1.650067727100416187e-02
1.539876227612212850e-02
1.425906001511951550e-02
1.330726231166781681e-02
1.713755213734199229e-02
1.153949647330581620e-02
8.621940565777712687e-03
1.006041491916247546e-02
9.816149342746445516e-03
8.774966478052854610e-03
1.042001372404938175e-02
7.643895520653584859e-03
1.869945004589291431e-03
6.685818402027489914e-03
7.868449926216202275e-03
6.004800752348322772e-03
5.694717990636314481e-03
5.372206543446844847e-03
4.914754347583433734e-03
4.264445884293537221e-03
4.387491790995844652e-03
4.787314152564728191e-03
3.979712330714464327e-03
4.316597625172870212e-03
3.541545962564091477e-03
1.923022751551771480e-03
3.211326752778596860e-03
2.988469181435045915e-03
2.432702146788717594e-03
8.762643868983529529e-04
2.720065830914093850e-03
2.558069816168042493e-03
2.514371447307646706e-03
4.323740493095594266e-03
2.105122743316061550e-03
2.905159453342191517e-03
4.243340041898593061e-03
6.764744337583286464e-03
2.201098214358520808e-03
1.730204979229883972e-03
3.846109532279266569e-03
1.914189899888302281e-03
1.849740189371390422e-03
4.417086384135395991e-03
1.738833028568157997e-03
1.443770212909818197e-02
1.472324109587243475e-03
1.249376375203980691e-03
2.096252026217978581e-03
5.446983331522077879e-04
6.106778724765781451e-03
2.832569618375169705e-03
7.793812325216311785e-04
1.174383965573722304e-03
6.940345338892205422e-04
1.321041089944608631e-03
7.962399158185938519e-03
1.352006417617150711e-03
1.464022402957231321e-03
1.556697623742619519e-03
1.311593091513992568e-03
1.226393049483719957e-03
1.681501786445711898e-03
5.648423721669213610e-03
2.795600059136111020e-03
1.348225406107713201e-03
4.423432240952734906e-03
8.142198469936297789e-04
1.058984266320881981e-02
2.391529821110717491e-03
8.622376684172574886e-04
9.172419171222397603e-04
8.910801752643201330e-04
1.254204320730078429e-03
5.272965955002183788e-04
7.974030332756315131e-04
6.713925780849925662e-04
5.158534581632156276e-04
4.531935213041163660e-03
1.407685074677621825e-03
5.290252090652266355e-04
9.518331596275009070e-04
4.927466222384750075e-04
3.747351691911572202e-03
1.450457318215047677e-03
5.031484968438225576e-03
7.788771554156325968e-04
4.519288698150586707e-04
7.443220964129443123e-04
6.041493465988640897e-04
9.259700744862886914e-04
1.829278004593207045e-03
1.171617667231216473e-03
5.946092855134345757e-04
1.978615518213666831e-03
9.170903431616073825e-03
8.790712037279371218e-04
1.168465423309061457e-03
2.314637599463160566e-03
1.240431208005110921e-03
1.048023440993314489e-03
2.685540268370285887e-04
6.943708476285061562e-04
5.018762559746611437e-03
2.582644161459679219e-03
3.888381966240511429e-03
1.030518433128816552e-02
8.969101417156001956e-04
6.588031383298641793e-04
6.131879010468830032e-04
6.172077543798080122e-04
4.987316636967786994e-03
2.043577610378667728e-03
2.513440869532182400e-03
2.722454317386930125e-03
5.305054226335190193e-04
7.497920718007697501e-04
1.630105371308956420e-03
9.616796444654243919e-04
6.559680560413197426e-04
4.187352701119632925e-03
6.769619813283458531e-04
2.611878871738978081e-03
1.611055835996226147e-03
4.014727380712689725e-04
1.579366643395030412e-03
4.473712547932787165e-03
3.069079423345123770e-04
2.132802574975013830e-03
1.106114827898554455e-03
3.456925827959827884e-03
1.067529311540001916e-03
2.471123806634365622e-03
2.389704166748641678e-03
4.259147993228338896e-04
5.995592022361956146e-04
1.898256884841849389e-04
2.920088827078594026e-04
2.372961725028895682e-03
9.164618173855419887e-04
7.803103259702979426e-04
5.844647786072969427e-04
5.908838922040599278e-04
8.700269207255330144e-04
6.588988933562630896e-04
1.118130937113891860e-03
1.075366709592840558e-02
5.173310133249776205e-04
1.106099456738432376e-03
4.710814034884679906e-04
3.962169288188695758e-03
3.522572648010687934e-04
4.516353723773807024e-04
3.400079945544200958e-03
1.249197070987667635e-03
1.835849561793346726e-03
5.351138019490117928e-03
3.625546600031316624e-03
9.835661202216225418e-04
1.854279684763880274e-03
2.324867047867121284e-03
4.608395249116635029e-04
8.346293573339161808e-04
8.063949829803430556e-04
7.524765791119263515e-04
1.515188098530358997e-03
4.910458023600949894e-04
6.848168865275488376e-04
2.685188101860608734e-03
9.885668288184014645e-04
1.050006010081882624e-03
6.445478580066792487e-03
1.785591432227821027e-03
7.649386670218839834e-03
7.310383761880260862e-04
6.500353288305245510e-03
3.495868445721162735e-04
6.770784547295076406e-04
2.101965270315759703e-03
3.938556499565039684e-03
6.104806868928804725e-03
1.645957610742344694e-03
4.226291776482168786e-04
1.974105993722599086e-04
6.650660538541527641e-04
2.082260744732295638e-03
9.882351289731007137e-04
5.192822695875894817e-04
1.215561865837328686e-03
3.740703283487261397e-04
4.067787347682375195e-04
1.237527788140478646e-03
9.651341228448130768e-04
5.753510879074741477e-04
4.649580619084848652e-04
1.331176026803024531e-03
4.850734996232333382e-04
5.708175123314978032e-04
1.064548680744992724e-03
9.331126066136572481e-04
3.803629968715235084e-04
2.222910404367737462e-03
1.037107561019469599e-03
1.540399843534404891e-03
4.041165166147279845e-04
1.907611449282389533e-03
6.800649067285367355e-04
7.630115904182632877e-04
1.686944679593761808e-03
1.915784986158831481e-03
8.960834541453966285e-04
1.824712021084476431e-03
1.566371533418054081e-03
6.149280834665623750e-04
4.585452270806047895e-04
7.041417298350402011e-04
2.466867744194265865e-03
6.507475756531549407e-04
4.893448783028491334e-04
2.811401176104237360e-03
8.463691541928542589e-04
5.861034143578624026e-04
3.288584509483692101e-04
8.602699839701172854e-04
2.350466239097669075e-04
6.967865678700373632e-04
1.310374208803138192e-03
9.608237694881162100e-04
4.097727231602094284e-04
6.883204344683384454e-04
2.265687340058528381e-03
6.948836073112139942e-04
1.795706301601476427e-03
8.006304546579093946e-04
1.076245907763070204e-03
3.695776832212623367e-04
3.733170413390814266e-04
1.084345650330439470e-03
5.223754181285169976e-04
2.763893118721912523e-04
5.207416231770298568e-04
2.769097159008230506e-03
6.146743799126972796e-04
5.191620607248888415e-03
1.006450407835455391e-03
1.168707028326809597e-03
1.122409103164669726e-03
1.332222188318683657e-03
7.139297958033154722e-04
5.765881017265964961e-04
1.085752767161825543e-03
5.422169826855981374e-04
2.313990518990679569e-03
3.139143598502046155e-03
2.379815183247016488e-03
1.199547218133017535e-03
1.128922661732142257e-03
5.228375319718834907e-04
4.466258236063225468e-04
6.129194574085218301e-04
6.026836673010267350e-04
6.254431028505687143e-04
1.836857206304799098e-03
1.431762746507226312e-03
4.709790494494768532e-04
3.103724301378253171e-04
6.381441980141960716e-04
7.876536054787967953e-04
6.786206658308486855e-04
4.898553060809552641e-04
6.427775418933767172e-04
8.189537470983180830e-04
3.479805399248846100e-03
1.950288137856939297e-03
2.019215895528889745e-03
2.501787354589311580e-03
9.012307189851940159e-04
3.318823836602377260e-04
1.128548183923857749e-03
1.983138413259081644e-03
5.613942700455278219e-04
4.999392652834556017e-04
5.695199551966104948e-04
5.541036611995377387e-04
4.280440384915680974e-04
