9.883575635380206226e-01
5.272508964759622385e-01
2.036724703752539334e+00
2.177677197646308294e+00
1.980984423559946972e+00
1.800335048018548711e+00
1.619539525324551033e+00
1.478193055536284772e+00
1.349924599795397251e+00
1.241065975819356959e+00
1.131910751698646189e+00
1.019099274126952004e+00
9.575110550925713948e-01
8.874237180218321752e-01
8.134270648953961791e-01
7.610079149000443799e-01
7.171564176685817360e-01
6.595832474566661885e-01
6.230337857458868589e-01
5.758452485262250953e-01
5.495527007876482850e-01
5.024900231189391997e-01
4.873890120296048289e-01
4.696676639081944771e-01
4.636683380453632819e-01
4.225770381784926255e-01
4.104144916011154831e-01
3.749121091560713714e-01
3.730284003009112226e-01
3.643994402219135065e-01
3.369184477731261840e-01
3.344312174993871456e-01
3.279188600215169336e-01
3.033781450654863265e-01
3.008652937410864481e-01
2.964918715641927660e-01
2.712146305984837746e-01
2.729784718785968067e-01
2.701845959733639724e-01
2.493180509331832939e-01
2.507670030394008043e-01
2.451886756517396848e-01
2.315186087428231787e-01
2.320563755277247342e-01
2.061765221859704622e-01
2.150222273067943224e-01
2.156532016058819168e-01
1.978373778020461604e-01
2.006824513586664138e-01
2.015149986103500213e-01
1.920184131213327761e-01
1.851672611593557505e-01
1.848081060810077003e-01
1.701051778203136466e-01
1.758233814770354952e-01
1.716513266158977424e-01
1.696562165170582559e-01
1.600520323862474337e-01
1.632628136550549058e-01
1.510902417004871823e-01
1.548620608956084166e-01
1.533890268012459701e-01
1.489220021632262636e-01
1.435515911923698484e-01
1.382769401859050840e-01
1.404660110313280530e-01
1.273480773889481554e-01
1.345108759417526778e-01
1.037360789057496235e-01
1.269096886206633190e-01
1.283727829507209095e-01
1.048968189612783791e-01
1.188559588631598329e-01
1.204463858556200223e-01
1.191456707614173549e-01
1.013347791071924769e-01
1.137040404287854023e-01
1.079970321585873305e-01
1.102146836379021694e-01
1.016057250542166945e-01
1.050710530266566745e-01
1.027618966677831258e-01
9.945689523767933804e-02
7.630569235649066473e-02
9.727354299843990471e-02
8.614197590364570944e-02
9.323017336726718840e-02
9.012950101890163102e-02
8.869692893206933271e-02
6.494125906960868111e-02
8.605284422739410688e-02
7.224253077901568454e-02
8.281236236459812994e-02
6.369866255942598088e-02
7.915801564262636703e-02
7.957730276564939365e-02
7.178486744033049649e-02
7.402716103049274132e-02
7.423146569872361711e-02
6.712237466234521888e-02
7.076808585001102825e-02
6.785989244420596866e-02
6.828922402352521903e-02
5.799123819871233876e-02
6.507858566613916596e-02
4.351076865009106953e-02
6.174987466696474359e-02
6.217293426907111870e-02
5.700041985618520962e-02
5.829975857198682609e-02
5.434953512256688463e-02
4.272881169347389485e-02
5.004745474719368009e-02
5.382670663640693604e-02
4.967599533838314152e-02
5.211792680329546679e-02
4.844695628397332338e-02
4.977771748792957779e-02
4.693953102261774757e-02
4.663632619068078938e-02
4.761596813870780376e-02
4.320169608661622584e-02
4.476191207392334059e-02
4.077311698422548397e-02
4.182510718133305994e-02
3.973425514299618738e-02
4.045646019699836865e-02
3.627520388897004927e-02
3.887160848010092623e-02
3.724075212387178285e-02
3.350933019024072285e-02
3.603363108362015593e-02
2.975410406049316600e-02
3.367970491252694765e-02
3.415476402450403487e-02
2.999635284905741162e-02
3.166976518186404022e-02
2.996679469568231530e-02
3.061162577221131914e-02
2.898884581969520327e-02
2.816835404547276406e-02
2.682709131507761066e-02
9.929343104098115741e-03
2.621944726675634954e-02
2.682068800829520358e-02
2.297849152623330365e-02
2.575813871995951895e-02
2.438275407666260289e-02
1.442962668114909988e-02
2.259456484528889197e-02
2.326400735953233767e-02
2.213149639258299439e-02
2.133052524034795630e-02
1.156446199057056812e-02
1.999463873508892930e-02
2.071410574473803862e-02
1.869933396079512949e-02
3.300094145616024738e-02
1.813176995530847366e-02
1.852807561744183873e-02
1.628501009090412704e-02
1.953183427242833822e-02
2.142654831950464508e-02
2.337765049933090977e-02
1.529744798009902325e-02
1.500417610820456958e-02
1.607641237787560753e-02
1.486150937335331199e-02
1.303804977031444885e-02
1.430897005351336113e-02
7.880038496227245726e-03
1.290803580557952669e-02
9.342981618051183351e-03
8.349272549687695999e-03
1.239435878262688112e-02
1.100992786032601971e-02
1.154225766014501005e-02
1.049710455820489392e-02
2.777355898610015666e-02
9.403597804301765464e-03
1.140531229511884855e-02
9.799180235088977148e-03
7.007439601456551086e-03
8.716994715336623747e-03
6.794448543999611657e-03
7.779975145470648286e-03
4.972154391660215007e-03
7.050310079297065179e-03
5.331762373922894691e-03
6.550660814010345924e-03
1.220054616658269864e-02
4.957222905674017396e-03
5.629214317103918216e-03
5.571030385325296229e-03
1.217702491601991080e-02
5.240103390081720693e-03
4.452843051540697657e-03
4.935859988559480709e-03
4.435891809187813943e-03
5.161984405477592144e-03
4.863312350859442038e-03
4.563415413140689547e-03
4.464602852244661801e-03
4.449725675691821800e-03
4.581402064008642180e-03
5.011191570790259585e-03
4.852409148817449919e-03
5.207005575206074405e-03
9.606830042267566414e-03
5.215100509452925449e-03
1.103853647924761712e-02
5.021789829681493240e-03
5.516565152153732506e-03
5.557848434691720768e-03
1.628957631872904668e-02
6.268316492340507244e-03
6.025947445657163330e-03
6.922972305176116475e-03
6.480562968834009153e-03
7.524665835835813582e-03
6.985309994412406027e-03
7.850358598848077019e-03
5.907191707605862797e-03
7.551226068912487120e-03
6.266869552898640498e-03
6.962429216223258062e-03
8.460662075084441139e-03
8.342965341123267584e-03
9.090106765415745249e-03
8.728482190411475730e-03
1.067323540663588956e-02
9.927044894358102653e-03
9.181106069682471241e-03
1.087343384170521600e-02
1.057643131265226938e-02
9.844536030474429489e-03
1.129377625915428153e-02
1.040536533287075675e-02
1.139718761294763842e-02
1.083821214780136127e-02
1.760377519969525198e-02
1.165550799221733505e-02
1.109265235361950493e-02
1.281986557590191270e-02
1.197171984514081369e-02
1.236028817030095789e-02
1.308813552372306566e-02
1.219685627114661108e-02
1.421078415077481859e-02
1.239388294554471040e-02
1.373078252907864415e-02
1.283772046323933790e-02
1.233903638875252090e-02
1.396213975729226897e-02
1.299802288221583654e-02
9.592639867958106456e-03
1.390613044509534692e-02
1.306332148721492392e-02
1.452473713180378080e-02
1.262150907642864070e-02
1.420700187760828501e-02
1.355648670402894926e-02
1.440943710939590443e-02
1.331111948662777079e-02
1.520841464226167956e-02
1.381800821636600118e-02
1.457692107602206501e-02
1.390653017211867723e-02
1.442199661404019659e-02
1.383890175078881200e-02
1.409745516720631829e-02
1.618017758457257482e-02
1.403947569604817834e-02
1.455366783596157877e-02
1.374806972747471927e-02
1.470926437508839578e-02
1.354109181423191963e-02
1.414621868153839550e-02
2.421113606751373881e-02
1.466031645671666585e-02
1.385196801639308924e-02
1.859068374246427083e-02
1.457580104076596113e-02
1.345490672175730755e-02
1.477394513766769335e-02
1.426750863299281608e-02
1.376106762384546843e-02
1.440800625606359318e-02
1.389775238958185048e-02
9.899264777514002467e-03
1.484964532626991199e-02
1.390176199410078639e-02
1.739040626800827244e-02
1.399422681941699456e-02
1.257015995901667599e-02
1.334003345630658567e-02
1.556652489576412085e-02
1.413196607831073912e-02
1.586315424598019538e-02
1.378196235741924354e-02
