1.132348037804889351e+00
3.109482173935387284e-01
9.327436196782430411e-01
1.086726459218302132e+00
1.016055144366895036e+00
9.286449975907435928e-01
8.505474838969366846e-01
7.845254924317051071e-01
7.297962825180854818e-01
6.849373145098267557e-01
6.482475961241815909e-01
6.180530202510667870e-01
5.927596275797685221e-01
5.708274033395465130e-01
5.507603511219866244e-01
5.311290639289982796e-01
5.108285885280976490e-01
4.897279071594068389e-01
4.686514142023863183e-01
4.483937064054096533e-01
4.292905399579337034e-01
4.113875946703763331e-01
3.958514117249408715e-01
3.785235966567196964e-01
3.637053026880967543e-01
3.497109412325120070e-01
3.371186548897850410e-01
3.249053266116189165e-01
3.141660107617413322e-01
2.965424988413076779e-01
2.947418413263764858e-01
2.868894718377699160e-01
2.770379861894223250e-01
2.720117358908427097e-01
2.661371398812862887e-01
2.587153311388999954e-01
2.546621420793283574e-01
2.458658874527203664e-01
2.448745175818572983e-01
2.392346300049569829e-01
2.362538052769979080e-01
2.334627596874613575e-01
2.261659075805792229e-01
2.265378300132084577e-01
2.242202798556152676e-01
2.194030437056869454e-01
2.184487985347246530e-01
2.143953931282582270e-01
2.130496722227774031e-01
2.110518355872868790e-01
2.085378301622528019e-01
2.079656139333547760e-01
2.057221491822940895e-01
2.027580065174399704e-01
2.028553804053723209e-01
2.001634902562939577e-01
2.016688536143880495e-01
1.979614907446675398e-01
1.891011251817851790e-01
1.954409685555408560e-01
1.937806710732671300e-01
1.832907629915217496e-01
1.921678669994716371e-01
1.918707023462605799e-01
1.867195784959969351e-01
1.890323757323652820e-01
1.883544144586828395e-01
1.861726251514990993e-01
1.861362930668176430e-01
1.853432020259877244e-01
1.813427710215950728e-01
1.840685314347704771e-01
1.786530152709437658e-01
1.820680869725323225e-01
1.813305887606075084e-01
1.808325096720543590e-01
1.804509489555866097e-01
1.775795859472422689e-01
1.785571301029942881e-01
1.786250280115059264e-01
1.774837018431095204e-01
1.756082463998823451e-01
1.733200176699383199e-01
1.793528866029945879e-01
1.744948348113082304e-01
1.716651144734359924e-01
1.724003613118595679e-01
1.723474023889239037e-01
1.727578551626463010e-01
1.710155724893903384e-01
1.700958293238706842e-01
1.681068831546751463e-01
1.689534926133536563e-01
1.674177636880497810e-01
1.679911234506681339e-01
1.667935118541134520e-01
1.540662080479170970e-01
1.655501393395421295e-01
1.645308875462570264e-01
1.622836737919909900e-01
1.635650497421669569e-01
1.618495397141610781e-01
1.557003561307492567e-01
1.613416420273485474e-01
1.611067039550614921e-01
1.560737056552694846e-01
1.600485897727759732e-01
1.583716298238272147e-01
1.566436921251440906e-01
1.568087392789997703e-01
1.528815655268759566e-01
1.547416554091873564e-01
1.542662263303336556e-01
1.551680004927082357e-01
1.531412647662341031e-01
1.520314328174861840e-01
1.515690638950081826e-01
1.507947525389925214e-01
1.482701694097622314e-01
1.494669534703557956e-01
1.475018075479473112e-01
1.478985163855078555e-01
1.463164729159405486e-01
1.464929181002456726e-01
1.463414198472695327e-01
1.449656496039213316e-01
1.449790850912455742e-01
1.439281715098867376e-01
1.416451337418460632e-01
1.425133518548657718e-01
1.429920931111546556e-01
1.403319683146945773e-01
1.409871116703991512e-01
1.357431736275289402e-01
1.394176641325063915e-01
1.387112309666217735e-01
1.384179901691235393e-01
1.400455610864134171e-01
1.337339849617341370e-01
1.359728708335884717e-01
1.359123521105766730e-01
1.351946561996190399e-01
1.342492867422143410e-01
1.334392292093954380e-01
1.328114364322261487e-01
1.326394741493023277e-01
1.314078633940143070e-01
1.316112340057253582e-01
1.301844598986172941e-01
1.304408392925572313e-01
1.296988465006127800e-01
1.300982327376329073e-01
1.285451284872507205e-01
1.279731501997617149e-01
1.280485130632117163e-01
1.270537841502782650e-01
1.252762152461236456e-01
1.235673286517961211e-01
1.252865542650370423e-01
1.254856149800807064e-01
1.236891280825958978e-01
1.187047590037092898e-01
1.234857964593036872e-01
1.227035027463564271e-01
1.220344323460968439e-01
1.219543256752570054e-01
1.217663359938437884e-01
1.213628702822875521e-01
1.202984325959318423e-01
1.134230451203230572e-01
1.198032875933085079e-01
1.190058269408402758e-01
1.169640898208086643e-01
1.180812330535988414e-01
1.207849134884751430e-01
1.168246066203814937e-01
1.169320838843609239e-01
1.166904098015682650e-01
1.158298660588086837e-01
1.149331418116944781e-01
1.148365577987681685e-01
1.123861234451009050e-01
1.141368761853669006e-01
1.130183682821508800e-01
1.130083017108567678e-01
1.115945839675896722e-01
1.122443999281958760e-01
1.118723284496571518e-01
1.084592111147865134e-01
1.111824035469015232e-01
1.104722061107429598e-01
1.101257819207268202e-01
1.069762376389537667e-01
1.092301164140235259e-01
1.086046110127302233e-01
1.086791438148229372e-01
1.069863959895869104e-01
1.075789049713511136e-01
1.079540510247727070e-01
1.068867901335991549e-01
1.065546904668678851e-01
9.999911143351544740e-02
1.057803296580693414e-01
1.052697529443636648e-01
1.078903089627065159e-01
1.044736017057950189e-01
1.053226736920223616e-01
1.038413550085321990e-01
1.034224593412680776e-01
1.029499749243845130e-01
1.026873306251317453e-01
1.023349258381781174e-01
1.026094207822027399e-01
1.015232783847504205e-01
9.966948427253335963e-02
1.007768179185987295e-01
1.004477349304296468e-01
1.005877734683969515e-01
1.006269875401719222e-01
1.001613334094317159e-01
9.895275669189591838e-02
9.920182869359502054e-02
9.566170201968259013e-02
9.801221828883222020e-02
9.825482051144508733e-02
9.793562427972316020e-02
9.712081264489888510e-02
9.729245951499396194e-02
9.679401643027697733e-02
9.617739148523642145e-02
9.625569401958435078e-02
9.583980101042111066e-02
9.761292396269140303e-02
9.307886866256674663e-02
9.619890921020400609e-02
9.473118054066062554e-02
9.398530559196181799e-02
9.481410454827728096e-02
9.324612538625079439e-02
8.675906693064716624e-02
9.338963782200455921e-02
9.271486119560462535e-02
9.235987934596297244e-02
9.304209818287005607e-02
9.147348675144691132e-02
9.192528908075546512e-02
9.136796015613171673e-02
9.131537456232557970e-02
9.104045150497877548e-02
9.129355294227103901e-02
8.943359353424164271e-02
9.029346647133187909e-02
9.000766060050843786e-02
8.984070950405811939e-02
8.965148285565159580e-02
8.903103964134380377e-02
8.903342007299890060e-02
8.919629214188297406e-02
8.400451350229064251e-02
8.748412752044364138e-02
8.804456663181747800e-02
8.860959248147068368e-02
8.766757504055716632e-02
8.487485165783764662e-02
8.626754096718432241e-02
8.654928536749212364e-02
8.447076897165887999e-02
8.653884859399731122e-02
8.611871858213197839e-02
8.613096216848609155e-02
8.560215558677662651e-02
8.580875698994062939e-02
8.513179181979564636e-02
8.595589928461389029e-02
8.515823901094424220e-02
8.226566142034080764e-02
8.233476927060512374e-02
8.175066449933478252e-02
8.383861488621374702e-02
8.414802664031835466e-02
8.337574385274129640e-02
8.389237743697866567e-02
8.388450323533930275e-02
8.357443911385979696e-02
8.259402915756675068e-02
8.254118442819310952e-02
8.289129729323660434e-02
8.298743665840759010e-02
8.272271910697226449e-02
8.240797942308315804e-02
8.265287976337662434e-02
8.233680391447451008e-02
8.199868584192020193e-02
8.186935197612482673e-02
8.160000477080422976e-02
8.135563609035534327e-02
8.195357660780608344e-02
8.144271696614104050e-02
8.098497896130613105e-02
8.107925213435153433e-02
