8.739756789000963089e-01
4.973015651782045632e-01
1.391824681577720879e+00
1.310155877924185086e+00
7.251393065180449238e-01
3.882699323717371809e-01
2.245958260416276164e-01
1.449529433262325140e-01
1.013776765104310168e-01
7.191967641884783324e-02
4.958554539207708778e-02
3.307815615530723674e-02
2.184619734161866861e-02
1.480840723725061585e-02
1.065765230276031865e-02
7.693231936725728262e-03
6.927752063457325894e-03
5.521309987211411863e-03
5.502602421415791686e-03
5.173907328601192422e-03
4.659697659648642971e-03
2.138325614693967983e-03
3.926338915931682633e-03
1.455043595885253732e-03
3.160018149297757865e-03
2.949202388624872460e-03
3.528404146883404920e-03
2.222059432754023341e-03
1.398121377844467432e-02
1.612811524817191026e-03
1.228692261826777252e-03
1.053990509040431426e-03
2.042141443347236449e-03
6.854467826585240731e-04
8.517167034955832683e-04
8.235123948180319859e-04
3.171518213422213836e-03
1.093419850723415963e-03
8.110162011527794531e-04
1.001674852028995241e-03
6.653977075767387311e-03
2.587313497203677475e-03
2.022522668062366833e-03
5.445384380646152997e-04
4.884800538691555678e-04
4.429811216053972534e-04
5.592611151694542931e-04
7.885808038136555989e-04
1.443170085417772161e-03
6.528623324753312675e-04
1.156198745125759479e-03
5.888709011787917648e-04
3.822313060134166127e-04
6.113494117893965990e-04
7.509234992496284207e-04
5.364862457766949753e-04
2.442605595091248884e-03
2.644588299942379761e-03
3.522792714110510159e-04
4.168339540824930484e-04
3.585555863873369467e-04
1.113467016787037835e-03
4.849066735546820358e-04
3.775212384829614259e-04
5.623733074303173323e-04
5.275076598953691402e-03
4.307082738665941402e-04
6.066856128260316025e-04
6.207934475326135244e-04
9.070752057709017538e-04
3.111692002586285565e-04
1.016915155910993931e-03
3.205838229407960102e-04
1.459067891845711304e-03
1.219266696493250110e-03
6.448161996219706335e-04
2.602424977124861375e-03
2.704382084619442062e-03
1.097650985787341181e-02
3.986179870746269643e-03
5.303351354984615906e-03
2.977050555101202600e-04
2.409964749217360740e-04
8.310517885893792039e-04
2.287726132177153246e-03
2.050170122065834467e-03
1.573642922627461506e-03
2.847855855785914620e-03
3.928057891223075146e-04
1.809625730246102989e-03
4.507524444391616445e-04
1.601967482761975725e-03
4.811385051905360923e-04
4.232207174015882524e-04
2.453020822769588771e-04
2.681581700543619797e-04
4.710763024940463188e-04
1.818870674010135240e-04
4.817285085902339530e-04
3.477261417488377356e-04
1.693384132570491729e-03
7.628773469515558311e-04
1.994957906593182364e-03
4.774571625495891217e-03
4.082167772831998636e-04
4.870302445562657589e-04
9.889505210408490801e-04
8.380225477154196840e-04
4.153717036041580549e-04
1.801654686596674887e-03
3.636522207714065346e-04
3.184544108494520315e-04
1.506184085189248652e-04
4.041826197699360020e-04
1.661653124917096547e-03
3.824003375217602946e-04
8.822108941121068609e-03
3.357312499317508881e-04
1.342435889597498426e-03
5.289989298040047652e-03
3.678384477042389677e-04
6.221849738967707120e-03
3.163513421043313346e-04
1.390922465926637281e-03
2.531952674666969067e-04
1.652162487731702887e-04
2.964638753837677086e-03
5.152530593932678864e-04
5.381839730848154806e-03
3.100938722963218178e-04
3.399745348879349045e-03
1.244671076276742446e-03
5.493897734886635893e-04
4.045546304696304336e-03
5.899741626211489143e-04
4.722909575152827127e-04
6.099411354160542585e-04
4.922041775763486915e-04
3.191954760964850479e-03
4.306346515513442656e-03
9.177479993933458646e-04
1.963699702472681652e-04
5.876344979870259293e-04
1.538247346552765616e-03
4.075529197350308015e-04
4.958713355469704029e-03
3.102042759905110033e-04
4.690612763734513602e-04
3.474231002924303095e-04
9.337533640222465394e-04
2.624679744881345611e-04
2.752300041744538657e-04
9.438788308035917125e-04
1.079046113946940163e-03
1.407264954374767884e-03
9.372352574823259548e-04
5.398380002682800312e-04
9.278244273862137122e-04
8.242441026890554110e-04
7.139150706742386759e-04
6.937746091532706605e-04
3.538518946111587991e-03
3.020761198412466424e-03
2.321457327497941821e-03
6.191894045223715701e-04
1.327468183498277821e-03
5.784310845440757522e-04
5.796319968724028158e-04
6.167795558851732040e-04
9.175454424769710496e-04
3.778329702070533629e-03
1.677916712210667394e-03
3.672157359178836525e-04
2.586003251937402710e-03
1.308730228895905621e-03
3.149424889709624286e-04
2.153606760734460418e-03
3.703708109969774606e-03
2.171637640192791274e-03
2.400328477281428051e-04
2.415680496540416767e-03
4.568978142380268289e-04
2.032489421197688877e-03
9.130284021200081633e-04
6.028466976337582515e-04
6.708505822338730554e-04
2.343244061350024856e-03
8.689054884776007109e-04
1.016981660407752707e-03
2.288294713621478007e-04
7.879070556916718858e-04
1.128901591570288061e-03
5.603206179858974834e-04
3.503252226014597331e-03
7.367786992386449576e-04
1.319942967043381951e-03
1.388050337922532452e-03
1.020936312938601964e-03
2.030112859934536055e-03
1.989391631340205885e-03
2.310057865915665035e-03
7.136574254348256345e-04
8.376625392311202361e-04
9.698075342459802932e-04
4.303017944076638498e-04
5.942193676673703960e-04
1.362600268459446132e-03
3.704883213379278725e-04
6.790038354150875486e-04
1.298382370469468956e-03
2.945567530294102747e-04
1.133715904674595094e-04
5.272890092035874493e-04
3.705689176884009034e-04
6.226408394592832700e-04
2.943087482250183085e-04
8.396695833474646532e-04
8.189874174049114946e-04
2.071383311993876797e-04
1.123357979382295273e-03
7.415593464970678334e-04
1.845817683341283762e-03
7.522469384975233276e-04
9.597335616841547483e-04
2.544710359559792905e-03
1.546233251680642412e-03
3.401317786059765945e-04
1.974635752639078694e-04
1.637309160783987890e-03
2.648729496112668148e-03
6.298341136021334656e-04
8.422444600678899483e-04
1.057334551972337897e-03
1.207415844445367025e-03
4.070321624263837463e-04
3.070764093459456344e-04
1.623164931597163851e-03
3.612136628213250683e-03
2.865404354277859000e-04
2.430396129770688314e-04
4.143694812196624042e-03
2.199429854814129344e-03
1.197502678233356875e-03
1.356903624275199258e-03
5.536174388608419358e-04
4.888387535107611764e-04
2.775309777928381978e-03
1.817009201804512843e-03
4.092592871124510891e-04
1.266069254997077961e-04
2.173829206900276811e-03
4.563702077099366489e-04
2.099891240821521576e-04
7.549436947061997916e-04
4.246704289579258051e-04
2.825395412318604358e-04
1.553503742258711387e-04
1.266732484373616100e-03
2.167735005109329687e-03
2.399191240566382578e-04
2.484909133954421004e-04
1.626942534489849010e-03
6.678240150053355647e-05
1.355254003740103894e-03
2.880292196214405843e-04
6.218289225258386487e-04
7.291519623541288259e-04
4.842854351346194929e-03
8.703111266097202352e-04
1.053882824653041509e-03
1.080054164790098881e-03
9.191642082613966100e-05
2.555381419095854607e-04
2.232403023208352061e-04
5.835942238047917528e-04
2.081379179300487335e-04
5.568324031255751823e-04
7.214945713353861610e-04
1.476111957954271737e-04
8.643724309833194239e-04
3.524182093312721643e-04
4.385279595450236492e-04
4.140893100801726649e-04
2.654785960521277208e-04
9.070126063434300371e-05
6.598174487445805994e-04
6.409842590017212618e-05
3.823030160621351445e-04
1.832769146972779747e-04
1.416164174934039777e-04
6.909210149896299197e-04
2.894992108456836597e-04
1.632751528337490288e-03
3.182554685657089464e-04
1.809512140966233794e-03
1.334410435058374592e-03
1.593033519509467826e-04
3.585079668017498110e-04
6.389712627690271370e-04
2.221338469124995579e-03
