9.611685771316815785e-01
1.869017628053123437e+00
2.360952535981871048e+00
2.020354516178887838e+00
1.764413816874818686e+00
1.544256620758125420e+00
1.349567175095875982e+00
1.179619145738881603e+00
1.032235161842538496e+00
9.020828737944395215e-01
7.875447344942081429e-01
6.843907144258918329e-01
5.883375793072768145e-01
5.043845125710133548e-01
4.243000318582789698e-01
3.543630286170409982e-01
2.976106900684917234e-01
2.378348770235283183e-01
1.922762754563494270e-01
1.556633755266993990e-01
1.232683504668555391e-01
1.067833190446518254e-01
7.965458464638756897e-02
6.578066403076526791e-02
5.331979264425117798e-02
4.576491162809186164e-02
3.833130730667182878e-02
3.376790249471687405e-02
3.122793049175920724e-02
2.713652451309642513e-02
2.508272483183342574e-02
1.609315964100715979e-02
2.035095755496830680e-02
2.025138442273656525e-02
1.398443902894767540e-02
1.556672505298906106e-02
1.607007831038712378e-02
1.410167670929555160e-02
1.247850135327406400e-02
8.642228052335861402e-03
1.015510021486186638e-02
5.243217154585198478e-03
7.977380697208146312e-03
9.307684328779689334e-03
4.835099115883246396e-03
7.379461392124152079e-03
7.478581593888842388e-03
5.420621715978037741e-03
3.909873146925523305e-03
2.283139177830964366e-03
5.011514216417556518e-03
1.741743233343378714e-03
2.472448620349680399e-03
2.181706434389045404e-03
2.163785498405932078e-03
2.238706241707534659e-03
9.533439965416558651e-03
9.281912393704153932e-04
1.760391663527875261e-03
7.133731662665914255e-03
1.132119529972653660e-03
1.232461610205469980e-02
4.617011095366353669e-04
1.267640016303256054e-03
6.011904716933655878e-03
5.722862658297964101e-04
1.550946114352065672e-03
1.240463370103299162e-03
8.675781477146440445e-04
8.778032161704450026e-03
4.583003629060550060e-04
4.203954742796165052e-04
2.917439827104412273e-03
4.909490144433887237e-04
1.685925306457611685e-03
1.550009497300442775e-03
2.662806329349236452e-03
7.962267835538208152e-04
2.017737164646472587e-03
2.397828475089780302e-03
4.634814569223685669e-03
1.154283545055657598e-03
1.908111331161685192e-03
3.720773630580174150e-03
1.123051714277995819e-03
1.184749357997204496e-03
1.573205725844777992e-03
1.439010277941263870e-03
3.584352684030062911e-03
1.299021298564615552e-03
2.471459706473605814e-03
1.708538456707676132e-03
1.278986337292094830e-03
2.051732524017262863e-03
1.489180333360698742e-03
1.647158002045676908e-03
1.021836636364258739e-03
1.780547535737783509e-03
3.645788617874158154e-03
1.472925910233933728e-03
1.742868490422570240e-03
2.806808417845716407e-03
2.725943533886429192e-03
1.724793422911773816e-03
8.509411863404118745e-04
1.738064129970812860e-03
3.430397174415687582e-03
1.680048537521101155e-03
7.430947334468275371e-03
1.696650669664797641e-03
1.805491558841578479e-03
1.845384757448668500e-03
2.487137201549504024e-03
1.714956695922020867e-03
5.873561485760860372e-04
1.697997378866135647e-03
1.513118090247460258e-03
3.105252576741865823e-03
1.507873428897415699e-03
1.705628326726650341e-03
1.467326445771387818e-03
1.686567479158326008e-03
4.653187423841141472e-03
2.948102927642174634e-03
1.143001974612381294e-03
1.467388321167757779e-03
5.670407515509989435e-03
2.979710076267468033e-03
1.290975311188448686e-03
1.531380736966218891e-03
4.567755600354572211e-03
2.215935968995455529e-03
1.649565607125138980e-03
1.062329885244967702e-03
3.112668140787303115e-03
1.737631837484871064e-03
1.571220432628331505e-03
1.356228698919689172e-03
6.359519420520418943e-03
9.470545966992155538e-04
8.362742067197720744e-03
1.513352360412282410e-03
1.530202566198739841e-03
1.845921643354574409e-03
7.353608046147153132e-03
1.413646199084866387e-03
6.764208258721518020e-03
1.490522076124960052e-03
1.468715288636710230e-03
1.039167295708276787e-03
1.415986465680184022e-03
1.676148382876632009e-03
4.210255913668779076e-03
1.370169921905096825e-03
1.291494336945094674e-03
1.393741321771007615e-03
1.374116743164562320e-03
6.882473826606217565e-03
1.346511620998562357e-03
5.049583333389763562e-03
1.340718421292861782e-03
1.641956056914285755e-03
1.844981051731768703e-03
1.363917375697647335e-03
9.487979662822666879e-04
1.385691046390009982e-03
1.099165276981972118e-03
4.420676857127925179e-03
1.043969499338607415e-03
1.254859592011596308e-03
8.635467575790232303e-03
1.214698771211547047e-03
3.806689609252987289e-03
1.298048063409998820e-03
2.555349071521407014e-03
1.342727690578321247e-03
1.442968877032378564e-03
5.566426204894429734e-03
1.259209831478353032e-03
7.050277143344455856e-03
1.166329034419716880e-03
1.333602139148495382e-03
9.681329631648956250e-04
1.212308265688585547e-03
1.568466776333719446e-03
1.189654230195002441e-03
9.305095032131342932e-04
1.203608198478034030e-03
1.339962245806386410e-03
1.197270749657995681e-03
1.302245796567860769e-03
1.922582342693951278e-03
1.043729746134722334e-03
2.182618938306026511e-03
1.158363491048249299e-03
8.986753982267682225e-04
1.709322907590863239e-03
8.901921810227462085e-04
1.103023335287598100e-03
1.192911660372392678e-03
1.298314803266433252e-03
8.267946163719220882e-04
1.038156993934372021e-03
1.221514674877039819e-03
1.025945413313582039e-03
1.188121367604265703e-03
1.067318373014386349e-03
1.101101029766790975e-03
8.539679886007089634e-04
1.268725711129556344e-03
1.547229097131899321e-03
1.084100232283341601e-03
1.118740852303103757e-03
1.003103575538018960e-02
1.032351014011459239e-03
1.461858867471746252e-03
1.064016095181478678e-03
3.825471135852905307e-03
9.711805064171851864e-04
2.859781778596842423e-03
1.099256566566841680e-03
1.934972788320387565e-03
8.573425900428411706e-04
1.060347956840239315e-03
1.368143424792778694e-03
1.021013550687757633e-03
8.550704372431436936e-04
3.807545898862679454e-03
9.936681661471041729e-04
6.733905565558173309e-04
1.164853752284152489e-03
5.234446526445286690e-04
1.011331062922096648e-03
1.997258709118433697e-03
7.921172252991431168e-04
1.373272890953216403e-03
1.583238147950990484e-03
2.575480401422284953e-03
1.194340185654255322e-03
1.457280735085227097e-03
1.006009676015544307e-03
6.366707439860850746e-04
1.272756295015570888e-03
1.873007723198821025e-03
9.973341098364870219e-04
1.477797298026681553e-03
9.066190316736816909e-04
7.208755851587012780e-04
9.359357840220302845e-04
9.782555696836955396e-04
9.101012517963838391e-04
9.606029837927165240e-04
9.665740918824012023e-04
3.293142084150145390e-03
7.963597051080318137e-04
9.826403510399001756e-04
1.416716439065469684e-03
3.892160148151386102e-03
9.260954847776243365e-04
9.512751494994173100e-04
1.065941869815263156e-03
1.069818708081656184e-03
8.791649959813503321e-04
6.824754311197204007e-03
9.475727359724628101e-04
1.227512499949157641e-03
8.865091023961716799e-04
9.002534566741265216e-04
9.724753041695208310e-04
1.308544616955861859e-03
9.094293427477962571e-03
9.193697238163235684e-04
1.043955813645690810e-03
1.970716514817226137e-03
9.131414310092392760e-04
2.128721675215384992e-03
1.911743926495139759e-03
7.302159011974903181e-04
8.783109524376376404e-04
3.938354305662451760e-03
8.707643690526443471e-04
1.012083693615675522e-03
9.007769431339655072e-04
1.058845938087388900e-03
1.816109287061641380e-03
7.547096143077133140e-04
8.445647161576817817e-04
8.956401191846083193e-04
1.047531247087381354e-03
8.483804617018193871e-04
9.511143719822188732e-04
8.990730034534175812e-04
1.230731180979806327e-03
9.335631276342931011e-04
8.790814802330642339e-04
6.646811670234668628e-04
8.607419407595047391e-04
1.080973593025355865e-03
9.150899858106014513e-04
2.917776506369782006e-03
