1.229949513645824499e+00
1.755310369180541841e+00
1.811065005041219811e+00
1.961447953597203586e+00
1.985669608429583510e+00
1.986100962734408171e+00
1.980677912431185073e+00
1.976612867692722597e+00
1.974276546711905667e+00
1.973107873833764847e+00
1.972577169877398839e+00
1.972352221116643989e+00
1.972264014757984407e+00
1.972232277866450278e+00
1.972220638181210850e+00
1.972216962120693085e+00
1.972215934519065295e+00
1.972215062241458039e+00
1.972214476865326693e+00
1.969615858796158081e+00
1.969788930897715007e+00
1.969760974529148667e+00
1.969756437863558141e+00
1.969755500517411217e+00
1.969859294990774501e+00
1.968443080451536487e+00
1.968321166735506056e+00
1.967808268249356507e+00
1.968140441299676358e+00
1.963958060977739617e+00
1.964780398899863556e+00
1.963981860311514671e+00
1.958722591496370402e+00
1.958700085147267345e+00
1.959815126017208087e+00
1.958801672194310228e+00
1.953383176358113094e+00
1.953113635370371970e+00
1.954127199431120232e+00
1.953326277909761099e+00
1.947843901336196115e+00
1.948127002858393242e+00
1.942144656268850467e+00
1.942106226011430792e+00
1.942427722789921152e+00
1.934745074314132118e+00
1.934956108230736938e+00
1.935257832786042798e+00
1.934958719406491001e+00
1.935253088056499093e+00
1.929021121229443247e+00
1.927925764582845813e+00
1.929792870835200569e+00
1.922334991361758672e+00
1.922791366879904373e+00
1.919521099444212897e+00
1.916141925108962862e+00
1.916345775917875915e+00
1.916461934426877844e+00
1.914983246924668592e+00
1.911055522363025450e+00
1.909784696922473213e+00
1.909518737569501523e+00
1.905252023841644382e+00
1.904367724515468652e+00
1.903723406687673592e+00
1.903999470936352356e+00
1.898944501345597002e+00
1.899345902285602516e+00
1.899467019842033144e+00
1.893188278655640211e+00
1.893818277155330465e+00
1.895423045984000909e+00
1.886391604426782331e+00
1.886224704062472446e+00
1.887654402476549143e+00
1.887468693463917324e+00
1.886185756527246404e+00
1.885903424080711321e+00
1.880940101138584009e+00
1.882197455643560335e+00
1.879321814211097452e+00
1.876257989455161423e+00
1.879532149179228506e+00
1.877833844441821221e+00
1.871843287907749120e+00
1.872114620493504411e+00
1.873159521958107199e+00
1.872379584630786464e+00
1.871999097625619113e+00
1.869509712188100359e+00
1.870109132834559595e+00
1.864116554917600199e+00
1.865175098146336419e+00
1.865207512407818014e+00
1.866491091461623508e+00
1.862036390077163261e+00
1.862851781867447709e+00
1.864485427067420042e+00
1.861040090884152898e+00
1.863932781890800916e+00
1.859868550843451152e+00
1.859878244016620163e+00
1.859414627328849212e+00
1.859403447162058631e+00
1.857286842451190800e+00
1.856285997809674626e+00
1.859289252918562063e+00
1.854574995117703740e+00
1.857353808510688209e+00
1.859339177357652639e+00
1.854790592912928471e+00
1.856077848763955984e+00
1.855752465564398657e+00
1.849963804213054619e+00
1.858445289704669046e+00
1.856752202433505916e+00
1.856998166656876448e+00
1.855018017764942018e+00
1.858761739874455809e+00
1.860001675852693159e+00
1.854294393644177141e+00
1.855403554362009544e+00
1.857720655636285079e+00
1.854441773089408052e+00
1.856013787931205083e+00
1.854947407768014589e+00
1.854948761713891781e+00
1.856922307914353754e+00
1.854032515048163576e+00
1.856923070876450366e+00
1.855426372032240812e+00
1.859633740775271438e+00
1.854643391152706045e+00
1.856918175802902304e+00
1.853556952942119418e+00
1.855269075929781630e+00
1.854538381755479914e+00
1.857290134125252123e+00
1.857528682161175837e+00
1.858508699309777912e+00
1.856759487099909567e+00
1.856168746385798096e+00
1.857721947296935072e+00
1.860279640021760938e+00
1.855967003668958393e+00
1.858305590869671731e+00
1.860142313102099543e+00
1.859948972782926813e+00
1.860122921471505375e+00
1.858222836331711258e+00
1.862040846227808855e+00
1.860007737787022553e+00
1.861956142054405294e+00
1.860437839667893778e+00
1.859233597077591282e+00
1.861043062035015128e+00
1.861166100116572464e+00
1.863657565752094403e+00
1.863241189546326337e+00
1.860017826877611080e+00
1.859317777160842677e+00
1.863328619936539754e+00
1.864759330631710288e+00
1.864499130449973618e+00
1.864661547147958398e+00
1.865907139166075090e+00
1.867365190701273603e+00
1.863460956518460332e+00
1.866422166913952685e+00
1.866792204640774333e+00
1.868018944796600023e+00
1.866279549067847654e+00
1.868246718102017923e+00
1.867684939104456099e+00
1.867550448791507556e+00
1.869294538595268840e+00
1.872161457959978348e+00
1.866675756972344002e+00
1.868214522725463844e+00
1.868972987916567075e+00
1.873648829243037328e+00
1.876338127577102721e+00
1.871705572888483937e+00
1.870816808126983366e+00
1.873267940780409369e+00
1.872479069053713863e+00
1.873146456567730933e+00
1.875722064043463311e+00
1.874471405167700944e+00
1.872954951924367784e+00
1.874589373619213406e+00
1.877348867455409964e+00
1.876086376209763706e+00
1.876722538473326596e+00
1.877059914778967054e+00
1.875429618908825757e+00
1.880110978736015737e+00
1.879116996838796627e+00
1.878287999731072411e+00
1.882047270979111175e+00
1.879520313253784325e+00
1.879730598051557067e+00
1.880944800714744236e+00
1.883036762307078060e+00
1.883004091450587891e+00
1.882037216842100014e+00
1.885355298656470335e+00
1.883768372675331149e+00
1.884366948860738855e+00
1.884928772785918749e+00
1.882970329862160508e+00
1.885417854329071607e+00
1.884877183288016234e+00
1.886507426340371385e+00
1.887811597004715569e+00
1.888894655799424172e+00
1.885371786526464533e+00
1.888906687416457064e+00
1.889651489388258332e+00
1.887968721130356187e+00
1.889494391321079325e+00
1.890614038115787876e+00
1.890323328595197472e+00
1.888721677141629085e+00
1.888958314498593083e+00
1.892064806781826647e+00
1.891267478212549591e+00
1.887473651972563005e+00
1.893866642635927855e+00
1.892777617776097987e+00
1.895171626406441101e+00
1.894746901798671557e+00
1.894790307330435297e+00
1.895454051847963006e+00
1.894828459885348204e+00
1.896094573641240899e+00
1.896413072750243067e+00
1.895971123427740546e+00
1.896517943325303213e+00
1.898644485365120982e+00
1.898093122650275300e+00
1.896290253736391040e+00
1.901606443853390171e+00
1.900587971253598685e+00
1.900005850413939879e+00
1.899761179175134318e+00
1.902989873071327942e+00
1.902782410991877615e+00
1.904279989169607168e+00
1.904568383552538435e+00
1.902897716244766890e+00
1.900715220418891516e+00
1.905109834296703442e+00
1.905075374878067995e+00
1.907805765558749700e+00
1.903540140666956537e+00
1.903221703848702706e+00
1.905844462505165815e+00
1.906833332931335168e+00
1.908084144451585695e+00
1.906108884311070062e+00
1.908533015938407296e+00
1.908098983895185397e+00
1.908594848476999006e+00
1.909627179912035233e+00
1.906392679589631545e+00
1.908186221512675029e+00
1.910710368305530205e+00
1.910834575684479786e+00
1.909099927499702032e+00
1.909869278268078618e+00
1.911210252696721401e+00
1.911884546083521208e+00
1.910345811124293913e+00
1.912242477549533914e+00
1.913921610315222788e+00
1.913898972152416667e+00
1.913489444256074812e+00
1.913001197815659138e+00
1.913850493040086365e+00
1.915693433291072667e+00
1.916333035115878047e+00
1.914913698809509901e+00
1.916540540295651240e+00
1.915506859289865416e+00
1.912210924023356906e+00
1.916467908429420053e+00
1.920962066887820452e+00
1.916590975026641219e+00
1.919147628070422273e+00
1.919613696560863225e+00
1.916267548210641491e+00
1.918505248108911543e+00
1.921496823881386984e+00
1.921540220334800653e+00
1.919250202282203777e+00
1.920425803987232172e+00
1.921198831713573085e+00
1.921773831820251521e+00
