1.004602761698089264e+00
2.183115085794687271e+00
2.084723061005572919e+00
2.930714409515800867e+00
3.596649730133211431e+00
2.682091040440428120e+00
2.232978448237026736e+00
2.125677553828026145e+00
2.011779249859699803e+00
1.894608466901740895e+00
1.792231164524410447e+00
1.707460593499139145e+00
1.644852744677765433e+00
1.585822713417152086e+00
1.525309356615401235e+00
1.500374192793788364e+00
1.464883178455107737e+00
1.437918641229354311e+00
1.420320977412441454e+00
1.411236789289365134e+00
1.398500209960605423e+00
1.388634739886253078e+00
1.391614422287433817e+00
1.408177593244313908e+00
1.451867211308203176e+00
1.519557878410498608e+00
1.613116114526411016e+00
1.725975873451411235e+00
1.855008177741355180e+00
2.008223256895015574e+00
2.156214825418282466e+00
2.271400194460349908e+00
2.299266813684877508e+00
2.365638520709500536e+00
2.380153458620908768e+00
2.326650156105233513e+00
2.224607686363103021e+00
2.094516495433181191e+00
1.955154249237370800e+00
1.823864088220580548e+00
1.771848256910925512e+00
1.669967028014753163e+00
1.600107523131800269e+00
1.545630087905757843e+00
1.459834237787402733e+00
1.399058582810157381e+00
1.379533998597563649e+00
1.348284493864614797e+00
1.317274018140641267e+00
1.288697214750470721e+00
1.246365272052483819e+00
1.263999891643573958e+00
1.233212446712365962e+00
1.207457990470661935e+00
1.258817891847935799e+00
1.256286631666488685e+00
1.258014751849565016e+00
1.265168869575367561e+00
1.261771074541451210e+00
1.273081577840046830e+00
1.263270110989847650e+00
1.235112896313201425e+00
1.256164452292602096e+00
1.234658265467860394e+00
1.259406486183713758e+00
1.265474052535509264e+00
1.248268021207864953e+00
1.263870465685086319e+00
1.265368761611649795e+00
1.269743272143279755e+00
1.273541937802005641e+00
1.284091911019485721e+00
1.278236192671412974e+00
1.281748908723662428e+00
1.254426886340353597e+00
1.271681413466481114e+00
1.273410146546424482e+00
1.265795162563912335e+00
1.298423540097522144e+00
1.295714026684249953e+00
1.294047344517620601e+00
1.289640479770341797e+00
1.291380684080185359e+00
1.271787695550773201e+00
1.270395414290435010e+00
1.263856909168937781e+00
1.259356632408109355e+00
1.268761798041453837e+00
1.263992526030423891e+00
1.151051252105533607e+00
1.092666068145243141e+00
1.014546007488883239e+00
8.523862617804389696e-01
8.048585373204428794e-01
8.260211129824784893e-01
8.530685217161936285e-01
8.675563523644431729e-01
9.116055476953514036e-01
8.886968184225245704e-01
8.822819505462080603e-01
8.907702391613047110e-01
8.249974055911187820e-01
8.681221586855049077e-01
8.537910274244617792e-01
8.728447677474451272e-01
8.533447078390012930e-01
8.525973511213601475e-01
8.356214116239615297e-01
8.381788917139084694e-01
8.184355535672014348e-01
7.638355711209596777e-01
7.467472964349876063e-01
7.990108845674994686e-01
7.789366203031066194e-01
7.705682914381191129e-01
7.537503309496963455e-01
7.787435493907108874e-01
7.943337640789955856e-01
7.663358226366672188e-01
7.572615598395177061e-01
7.914222696911141774e-01
8.391787207489429523e-01
7.713799107781692532e-01
8.346120928248996762e-01
8.151294046888031275e-01
7.649086293387347135e-01
8.335231940759083580e-01
8.495698949289074431e-01
8.140059859012649390e-01
7.943721046829353982e-01
7.317713441767711435e-01
7.431462382293524405e-01
7.461347012518573241e-01
7.056574678393952027e-01
6.535233487789674500e-01
6.227611828082804113e-01
5.943439339222795770e-01
6.149619502391532322e-01
6.109523760303395834e-01
4.583719068241116079e-01
5.784891977157297083e-01
5.648418872587783746e-01
5.450601581876923785e-01
6.396649329340053924e-01
5.480625234372273891e-01
3.962559623725537827e-01
5.455198711668689526e-01
5.070702906724275927e-01
4.881305097968415829e-01
5.031640929993637101e-01
4.693472802609467975e-01
4.648953080683227990e-01
4.630873982831977820e-01
4.583085573302114746e-01
4.037351240223836513e-01
4.845987657682245264e-01
3.621925342999968711e-01
4.230668216149956473e-01
4.381244750379416630e-01
4.273387028995612735e-01
4.236900341142518234e-01
3.539552352115366562e-01
4.397014946738302954e-01
3.856941602472913622e-01
3.960416755557362722e-01
3.456086746504107854e-01
4.076661049240306034e-01
3.823250745920578342e-01
3.684394115993112062e-01
3.480555659565348625e-01
4.196096719340809966e-01
3.213895782802596579e-01
3.830116923007045870e-01
3.499814077225339437e-01
2.308912051539481203e-01
3.313177370936546406e-01
3.602435913996922534e-01
3.667781388525152564e-01
2.030990555330867420e-01
3.508300866933283246e-01
3.300341450063924986e-01
2.827403331150213361e-01
2.768085944815766308e-01
2.959789811707616014e-01
3.076789709532787853e-01
2.973197061314182266e-01
1.322480495919014509e-01
2.702967412931454594e-01
2.771623587420259938e-01
2.823357505848628768e-01
2.689100425656029136e-01
2.298966147630839563e-01
2.260637573699854075e-01
1.647537732394923626e-01
2.367185176891682397e-01
2.290835714665429013e-01
2.280719507393298429e-01
1.590268559202858700e-01
1.908276186249588946e-01
2.348591760390602023e-01
2.022660923720019932e-01
1.801746647833172288e-01
1.868238903838062848e-01
1.817532310285635277e-01
1.651635466367482874e-01
1.718402382576571796e-01
2.221486221264298011e-01
1.434085395021479081e-01
1.468661187968998416e-01
1.617886707179889971e-01
1.629063379334636519e-01
1.593850244806596095e-01
1.155381261252436398e-01
1.023689795935299601e-01
1.593769175982369946e-01
1.153569360166253055e-01
1.195869896217224837e-01
1.245090270263329718e-01
7.306143428125165540e-02
1.070944074022700809e-01
9.062576104544253774e-02
1.245493141882625804e-01
1.057434317483359060e-01
1.286087173539582351e-01
1.281498904123128668e-01
3.383469893136880069e-01
7.182651428911564218e-02
6.790339274703290073e-02
7.287558401808753861e-02
7.770247027411857077e-02
3.387865311385124256e-02
3.853288020227735311e-02
8.298908625851586507e-02
4.785554462675584153e-02
4.920381657376260431e-02
5.632615672534627138e-02
4.526961464373104732e-02
5.633371670755228655e-02
1.756357391790632494e-01
2.950216003761431394e-02
5.141755527077269960e-02
3.791744446559734694e-02
5.656136025525758393e-02
3.907063517708633804e-02
2.537770472905088656e-02
3.429300482273672096e-02
3.021113929247585261e-01
4.414440653473486464e-02
4.586970014972822918e-02
3.646306998218939305e-02
1.336696244164951863e-01
5.376658727881755001e-02
2.038260845076779459e-02
9.295162541172964643e-02
4.155936356024099443e-02
3.975189004638562257e-02
5.348513790099806986e-02
8.095414353283207631e-02
3.502248548901362724e-02
2.145462673475611107e-02
1.384335319093637218e-01
7.889164505691760587e-02
1.210264849305433821e-01
1.722362107678556409e-01
3.915456776372013697e-02
1.063975766846432386e-01
6.975652834305363925e-02
4.012502377988935026e-02
4.222177116940047797e-02
4.350943088123614133e-02
5.026445011580795569e-02
8.299492525377381857e-02
2.829265555377158056e-02
3.566045631739876015e-02
2.951428621671097277e-02
7.519280160253447032e-02
3.932359361077707866e-02
9.995111075569515502e-02
3.613311640098115091e-02
5.711042844792387635e-02
2.482642636412684539e-02
7.608875414710535023e-02
4.887534632007458496e-02
9.328832005266154970e-02
5.882567058111169700e-02
1.469851643307481803e-01
6.388066362260541586e-02
1.189088593722076037e-01
5.752413195000700280e-02
4.551469599288244378e-02
1.027654572009491923e-01
9.906307047264370502e-02
4.786192633454457862e-02
8.906638631429844577e-02
4.864288106203552148e-02
8.174365501750056884e-02
4.539011589328047908e-02
6.813984920527105249e-02
5.193886797074868944e-02
6.999403501529423421e-02
