1.223568384492210281e+00
9.941349839865015747e-01
7.824903664863691599e-01
8.329923060234201149e-01
8.436906903883294451e-01
7.999326617683832907e-01
7.227528664219265986e-01
6.152321453405368290e-01
4.928866576238178365e-01
3.758328230924065094e-01
2.770865529369520019e-01
2.013161606178279495e-01
1.478979426541215669e-01
1.133686356734920075e-01
9.227232701266739612e-02
7.898113414887800166e-02
6.971432326706751559e-02
6.258884818223547919e-02
5.677477245226151409e-02
5.188538501475091491e-02
4.769925367650541814e-02
4.406414523193911276e-02
4.085776232693482529e-02
3.798759972417367625e-02
3.537319362230904873e-02
3.296111063395808921e-02
3.071369874998329530e-02
2.861832002732782668e-02
2.668561810299905496e-02
2.494896376508549257e-02
2.344583718896455296e-02
2.218452614492675071e-02
2.113549860850312892e-02
2.022611300380950175e-02
1.938828666303723733e-02
1.857795059613011335e-02
1.777548734972625097e-02
1.697973871101525131e-02
1.620205494913889641e-02
1.544398915014089275e-02
1.471646936749114627e-02
1.401872976303616611e-02
1.303703135196097700e-02
1.268581689325482334e-02
1.194381862989625162e-02
1.146393789616080572e-02
1.115475669547422166e-02
1.036109331207072000e-02
9.490347528655400378e-03
9.367004710136017653e-03
8.993737270408651979e-03
8.452966422949874034e-03
8.372132627111924033e-03
7.621659095988626148e-03
7.250707270134125471e-03
6.832029220994297394e-03
6.519146112734783283e-03
5.982680332471014897e-03
5.840477426682888842e-03
3.175274063368243877e-03
5.211485121718625706e-03
4.921558613098082208e-03
4.638318349996927055e-03
4.358218102079423548e-03
4.352967442814346076e-03
3.805469222703750966e-03
2.082287920734285196e-03
3.282581764244462980e-03
3.044972309505560894e-03
2.799485364387735691e-03
2.597653038686191084e-03
2.606055087323810859e-03
1.876820416859003226e-03
2.061471993279029823e-03
1.970677865368925061e-03
1.877357717361103750e-03
1.721954498158874110e-03
7.977655288037574857e-04
1.505355151850491704e-03
1.401618743972528206e-03
1.352867718337572370e-03
1.177348716935454516e-03
3.900335929075966768e-03
1.076694469948389667e-03
2.118047982557296448e-03
1.714801548643831060e-03
8.434740946805236025e-04
6.556226772411939165e-04
5.711001588919150914e-04
6.136038991263936728e-04
5.820593676170226572e-04
4.638286337285429549e-04
1.061915723187174289e-03
3.884806327805556767e-04
3.400951529102797639e-04
3.991168119167060459e-04
4.720690581056870196e-04
6.053028833123054063e-04
1.883015519989501960e-04
2.473318682991712189e-04
1.707463055294583087e-04
3.431805534918777145e-04
1.971476829935698508e-04
1.604716673747855367e-04
1.010912496196504770e-03
1.786705428822959703e-04
1.605827597299559631e-04
1.549044605064429621e-03
1.434654391411885105e-04
4.653864677183621747e-04
6.022220058608517565e-04
1.479486255600104359e-04
1.440415675642740985e-03
3.802697911572909669e-04
6.212240407538111063e-04
5.293072069411181241e-04
5.252531287664340869e-04
3.163187061782945001e-04
1.746348640387802300e-04
2.703122186310347543e-04
1.384526779538594013e-04
1.652066458602805031e-04
2.462053567829931692e-04
1.395745299834639098e-04
1.608408165566527096e-04
1.945466904672927470e-04
3.033518497770202249e-04
2.857502410649134534e-04
1.442585529484604299e-03
7.784392681720487140e-04
1.826799640042481624e-04
1.139170795491125233e-04
1.905852277156228124e-04
1.217296083657545689e-04
9.319242321291985572e-04
1.205304232544207827e-04
1.349753815018002717e-04
1.138995574800200750e-04
1.589951575575429858e-04
3.199429359894017961e-04
1.271348476096240826e-04
1.514082727660608346e-04
5.720487465527895540e-04
4.224167000327772991e-04
2.394554033122251054e-04
1.518759486505554543e-04
1.171876480800926849e-04
1.814029947496815750e-04
3.117961892382115074e-04
3.464504338439902383e-04
1.657974050511510386e-04
1.574487733445802150e-04
3.464688932551649348e-04
1.041880611884355703e-03
2.316173200692572462e-04
3.561634421599458623e-04
1.050816726325714054e-04
8.424746775519843106e-04
4.080147221471676399e-04
8.389772347097128205e-05
2.250407175207888512e-04
1.056368570632064868e-04
9.594777344178486952e-05
8.273206805619747091e-04
1.031157378848751680e-04
1.634912302659805505e-03
1.019907247077854316e-04
1.128045992357879293e-04
9.130182932558768088e-05
9.169359442089379400e-04
1.672523730468956514e-04
1.535028612640005046e-03
8.688449189148524316e-05
1.528356932040927105e-03
8.751251745623175166e-05
2.007451063532142974e-04
1.301390542052667488e-04
9.023833273301842350e-05
5.467562146857866392e-04
1.284487409891211639e-03
5.792043279419224712e-04
1.726158611406256992e-04
1.251977828130175746e-04
2.277603136503696807e-03
7.073594384474649272e-05
9.576454506298523863e-05
2.123135777554760548e-03
6.873572983455899718e-05
6.815685832602257793e-05
1.041488017461426944e-04
7.020702970757723260e-05
7.796101812742726089e-05
1.166468843026957609e-04
6.786380687066468069e-05
2.018493471051911563e-03
2.440433995506406683e-04
6.416970783728955679e-05
7.246639591035956536e-04
5.003596969290308952e-04
6.117762888582423575e-05
5.944317781417895845e-04
9.940098471992959766e-05
1.107922529595643660e-04
1.215673706465486168e-03
7.269042134011471814e-05
3.587832186587079555e-03
6.091984192552538769e-05
6.816064514083295181e-04
1.532523513441272616e-03
6.261116540721043625e-04
4.741123947004247455e-04
1.819017186886199200e-04
5.740035618550754041e-05
1.116378428777727066e-04
1.246772209383818330e-04
1.013442077938730751e-04
2.768890783879567681e-04
4.842676209592503586e-04
6.985405124445168232e-04
9.837238873797189004e-04
4.701815546510653278e-04
1.158988098532181990e-04
8.142193242164899776e-05
5.116902414241670909e-04
5.074567794838636195e-04
6.104564782913596678e-05
5.987682413692751093e-04
9.101761479964752717e-04
2.402194592331920403e-04
1.133082851029334343e-03
9.212019067674838716e-04
2.709360442032947747e-04
5.318789114982810880e-05
5.192458345289651311e-04
2.333755644276068876e-04
1.929864418400273514e-03
5.244387515887327742e-04
3.932133774947562700e-04
6.718119918546797099e-05
3.566019449184345777e-04
2.316940518084262095e-04
4.530381727671543238e-04
4.272573596296412308e-04
6.103947568052162033e-05
5.684703840344880991e-05
1.173775317201018221e-03
4.545906449526118887e-05
4.011773076850854835e-04
1.901623901558226204e-04
7.899161419642965372e-05
7.028678530836183450e-05
5.440788652064298340e-05
3.390641684741662362e-04
8.789265831009433511e-05
1.282688134150411410e-03
4.508124994355329891e-05
6.005909436424938103e-05
1.276910640611973269e-04
1.114076939340880880e-04
4.901844127504278249e-05
5.690951278264844626e-04
1.563196538635223650e-03
1.082940185652632274e-03
5.120800666576690117e-04
4.542442411625755965e-05
5.275693564904846778e-04
5.534782588598034271e-05
1.312927576616021886e-04
2.355653673995058636e-04
2.489991900420944395e-03
8.502085585401854316e-04
4.148316596545062029e-05
6.140979478287698695e-04
2.214094518254400117e-04
2.331341708922868609e-04
1.416740525166163803e-04
5.751355458050096429e-04
7.849649202636348828e-05
4.766895475328341653e-05
4.900418849850387898e-04
4.238718506478038724e-05
2.661298766306798166e-04
2.049808767136057446e-04
1.145306821999430506e-04
2.083591136072046731e-04
1.825546987889459249e-04
4.445232208750589782e-05
3.216619302753412389e-04
4.750525189459346232e-04
8.169305193092459959e-05
1.557266318035635880e-04
6.595432470886904478e-05
6.494302294083842918e-05
1.311180839614087355e-03
3.912036065438181161e-05
1.495660261057259091e-04
1.106004163624338339e-04
7.045193628881200475e-05
7.739408153251166995e-05
4.372551361201490341e-05
