1.021514640413340613e+00
6.032797123913564707e-01
2.604679989679206664e-01
3.167130996341858684e-01
3.301749082547004721e-01
3.390647218949284780e-01
3.355467154266278396e-01
3.330598221934974457e-01
3.337616881173245953e-01
3.315795577623794066e-01
3.323597589984228495e-01
3.312667049224558014e-01
3.311456185849394052e-01
3.282876151078819027e-01
3.297056823320494434e-01
3.270089306787318240e-01
3.294436391160288080e-01
3.282907836971002413e-01
3.290454410749787395e-01
3.261648044826921389e-01
3.436942730796842538e-01
3.245509548321036108e-01
3.240597243723991050e-01
3.172311179700406103e-01
3.223704675053103430e-01
3.216430060126793666e-01
3.185488588861989934e-01
3.201709939697084950e-01
3.201323865397474044e-01
3.190822826096631482e-01
3.148488807050623395e-01
3.176520600918655290e-01
3.124331996433350467e-01
3.142563181893558988e-01
3.148481521332773814e-01
3.143776087528127317e-01
3.124615260598860300e-01
3.159035600248552567e-01
3.120384442673906911e-01
3.024374990183508749e-01
3.111436922378732484e-01
3.092535342645401641e-01
3.081949973121244080e-01
3.069630153691356167e-01
3.033306680658710008e-01
3.069560271736484491e-01
3.065050279411369871e-01
3.041355544064713867e-01
3.071181959217845203e-01
3.037639148416972912e-01
3.057367954340942107e-01
3.033176668611984872e-01
3.027110496790846872e-01
2.934639856603796781e-01
3.011150054046896618e-01
3.002803665365449959e-01
3.003575275709205461e-01
2.985525115435852528e-01
3.003991540927004045e-01
2.980636909561022452e-01
2.980872359526017257e-01
2.975830055477142744e-01
2.882925735836975312e-01
2.952156619359876388e-01
2.830986370442464262e-01
2.973924127749918433e-01
2.969577677883815658e-01
2.992473366664890611e-01
2.941420206912856994e-01
2.965303826842397017e-01
2.970771095537149686e-01
2.985420813945626750e-01
2.952717475718737439e-01
2.963418481285011175e-01
2.932437807048968725e-01
3.030789032147497286e-01
2.965952208207932594e-01
2.943746493701821509e-01
2.877057078324165018e-01
2.960966888782258777e-01
2.968591525779407658e-01
2.972814891817242566e-01
2.964597085758396422e-01
2.967937652182199848e-01
2.977047174625909731e-01
3.003018457377513717e-01
2.976157529982636496e-01
2.972742194104705526e-01
3.013621058474118541e-01
2.991644166866310184e-01
2.977127277969802699e-01
2.985990171162786755e-01
2.992200268522784978e-01
2.989142587877000601e-01
2.992364052130409569e-01
3.003658756976980704e-01
3.010592895915072398e-01
3.014232279317770602e-01
3.017309376712969948e-01
3.009971978933341785e-01
2.969524359142112768e-01
3.069526264129929793e-01
2.975725178924041314e-01
3.038897843893991757e-01
3.037822263009579138e-01
3.044231174627429759e-01
3.057641578743878208e-01
3.106277999058872363e-01
3.068996716832771421e-01
3.076311908667612172e-01
3.095285338222460436e-01
3.079437697492055648e-01
3.078435786531868446e-01
3.100989935768271311e-01
3.116322328063051983e-01
3.134153448483569804e-01
3.127644146736163200e-01
3.137236895545882920e-01
3.149744593098780521e-01
3.150758412335994407e-01
3.154426737225256572e-01
3.162571139998258674e-01
3.176504936611577179e-01
3.266541566028549060e-01
3.220136899972398936e-01
3.183604611378185179e-01
3.217042418369626677e-01
3.216361967576986114e-01
3.387328833659950522e-01
3.225509180697209155e-01
3.233612833232529238e-01
3.256272560565132701e-01
3.265631741888436745e-01
3.263050391079718726e-01
3.281734368460528795e-01
3.281353035737069601e-01
3.301521501043037099e-01
3.322740823378369512e-01
3.317017376947381524e-01
3.329321151109166932e-01
3.200440952769289527e-01
3.343425516449314849e-01
3.353442039356067661e-01
3.332060534632349524e-01
3.247697013091514484e-01
3.398890963466753568e-01
3.382301326085905280e-01
3.410119724526066709e-01
3.380217056603857517e-01
3.457290362607358114e-01
3.427158802976346119e-01
3.433536350603640930e-01
3.448167392086858851e-01
3.485887793005772450e-01
3.465303385944294434e-01
3.481843695706512976e-01
3.479817877249294367e-01
3.498946921153079925e-01
3.504999146432515311e-01
3.495817562996537675e-01
3.511862954163457173e-01
3.609163045239812129e-01
3.578897382984496112e-01
3.537407567196796943e-01
3.512111760039479114e-01
3.572065773178159653e-01
3.576352370815532034e-01
3.602640400810729893e-01
3.591814438928395692e-01
3.628957098292352468e-01
3.620237568400934136e-01
3.629210591724373325e-01
3.589751019208982097e-01
3.674121338614536048e-01
3.635540161787073066e-01
3.665957090419318387e-01
3.811325372518919452e-01
3.692374550392343302e-01
3.699745795232263212e-01
3.715577163045662989e-01
3.728728982740804332e-01
3.757129463059449836e-01
3.749820764846985566e-01
3.754281812616712677e-01
3.760834605664243324e-01
3.764069063908002111e-01
3.767340498406384630e-01
3.800750327448293997e-01
3.816614418667212960e-01
3.801330353982728671e-01
3.825627115237649201e-01
3.814074565901161562e-01
3.748787213810829688e-01
3.851686299663176771e-01
3.857143457381400631e-01
3.875426812684434341e-01
3.864821184001841492e-01
3.827511540912912902e-01
3.895712632581262436e-01
3.910877252887816624e-01
3.917564142496621771e-01
3.916187173201882699e-01
3.966497691628993461e-01
3.934627984833178882e-01
3.964078934239568253e-01
3.933284848365883879e-01
4.001350231297213234e-01
3.990795634481612564e-01
4.016813064355859164e-01
4.018270993411265368e-01
4.004519087358839324e-01
4.062845444006940032e-01
4.049715878136929126e-01
4.055045534579497790e-01
4.058430636146029280e-01
4.049386822732129465e-01
4.073889278827876881e-01
4.092681902409128214e-01
4.083250836980127363e-01
4.097743930395699730e-01
4.110764520579163750e-01
4.126359663694888491e-01
4.126390707967870219e-01
4.148692251279374466e-01
4.141616098574465998e-01
4.101128594452699838e-01
4.182224944286984103e-01
4.198998904968814228e-01
4.181054366970351488e-01
4.188707741896325332e-01
4.205108299748232525e-01
4.220071846807584293e-01
4.189910056577410002e-01
4.281351954780293623e-01
4.226812095748042619e-01
4.256266175385840511e-01
4.244583677025519641e-01
4.263339685819551583e-01
4.280281759301991507e-01
4.306336355046185282e-01
4.286041812879546331e-01
4.303494929468695274e-01
4.317914377820677996e-01
4.334886248254622432e-01
4.356759784631167309e-01
4.351850392108236321e-01
4.374368824940537692e-01
4.363573916678720188e-01
4.386451979785999655e-01
4.317703421610522563e-01
4.380940113192990371e-01
4.368030292870557219e-01
4.413316587237926525e-01
4.366903279992107034e-01
4.415485275101582174e-01
4.438999295191112804e-01
4.436160935475986222e-01
4.442184389808924161e-01
4.431311598617894698e-01
4.470192348842340069e-01
4.481595332652980046e-01
4.476622946220068511e-01
4.488847967861113730e-01
4.501580811865280585e-01
4.479094660516068083e-01
4.491451959018972762e-01
4.504428470546572028e-01
4.524246893968298933e-01
4.523574617895458894e-01
4.557051113992347524e-01
4.549593349394616126e-01
4.563537725032710823e-01
4.576777104191497303e-01
4.581781794657955875e-01
4.585641238717273471e-01
4.594871001033314362e-01
4.674685870247775599e-01
4.606853885957586936e-01
4.617399712705824721e-01
4.632795758217040927e-01
4.639144269988170755e-01
4.658285558223301814e-01
4.640634518630731842e-01
4.654387719000683266e-01
4.653157412282707961e-01
4.673380876108271798e-01
4.725001527637650578e-01
4.747721179210353526e-01
4.699156883260485751e-01
4.711054675408957726e-01
4.720294342200944127e-01
4.715995955600146283e-01
4.736894961812132543e-01
4.740080146517184345e-01
4.730439824424790274e-01
4.754659937143480009e-01
4.768053483105950674e-01
4.767974425382144887e-01
4.777747428671014207e-01
4.783643521928581110e-01
