1.156320908734647990e+00
1.704498040176492424e+00
2.268905605964946837e+00
2.909620356430119070e+00
4.840667344490241497e+00
6.359869523467401642e+00
6.599422726066004330e+00
6.531100694151248831e+00
6.280561558963222879e+00
5.974195499510952523e+00
5.642920912022042934e+00
5.332310060104885174e+00
5.032017906002530516e+00
4.740876139927630462e+00
4.456370270468358541e+00
4.193786421786878549e+00
3.932367373867776461e+00
3.680368541985539199e+00
3.441988156466134541e+00
3.210654022490143866e+00
2.992422843645312636e+00
2.785773215370535016e+00
2.578984372968978533e+00
2.393316428478694302e+00
2.211194897492119171e+00
2.041471026391201704e+00
1.882725524305195908e+00
1.730069675369251492e+00
1.596087216431652855e+00
1.457363985415505603e+00
1.332204038056417073e+00
1.222651379484796186e+00
1.107879497210701780e+00
1.011682372070102920e+00
9.188213664103032086e-01
8.370429008088425826e-01
7.544479722725628834e-01
6.812455793798819492e-01
6.148206196709171678e-01
5.542696553548041027e-01
5.026637638814350773e-01
4.501788849443926210e-01
4.062375278282896462e-01
3.674982036151812625e-01
3.331181710070628688e-01
2.984229145195994581e-01
2.768458511678598688e-01
2.524008838502601049e-01
2.341603901944616650e-01
2.218408852120758168e-01
2.122061057888629809e-01
6.705901161997647186e-01
6.251707925240288510e-01
4.868016467354432941e-01
3.870574616723175820e-01
3.043560524012653978e-01
2.480371342763798281e-01
2.060860302713396763e-01
1.783343216427145383e-01
1.713909312095844018e-01
1.421795375605315603e-01
1.303966740691584192e-01
1.262865430353919405e-01
1.160167007614036905e-01
1.111965081357656482e-01
1.130000985335742197e-01
1.027916793188001360e-01
9.082390104304710610e-02
8.655279878004987215e-02
9.895535136281208288e-02
8.124507866589979199e-02
6.204942632671078817e-02
5.404370161816841184e-02
4.419180252915107937e-02
2.070741437284220887e-02
1.724354035593668802e-02
1.521767322094802651e-02
1.998704217743733219e-02
2.591323886611394609e-02
2.937937989107969328e-02
3.136318811291194386e-02
3.430823513492650689e-02
3.862474882538163151e-02
3.965714350261390075e-02
3.868628581644225489e-02
4.338115963652536961e-02
4.703123933362719777e-02
4.331941308821079389e-02
4.574951189591158068e-02
4.329983271395786149e-02
4.185925850746823745e-02
4.866863953809271587e-02
5.322272759783678447e-02
4.752973638674969081e-02
4.865809475748183316e-02
5.391283320604011581e-02
4.029601595228895355e-02
5.656308320647041726e-02
4.961129968571621751e-02
4.899530789126711749e-02
5.631362953446075043e-02
6.240836684929775002e-02
5.020876428192574265e-02
5.290573417451790994e-02
5.079678048886220737e-02
4.929541202128017580e-02
2.807837764651808371e-02
5.202728546744034982e-02
5.081933987900152244e-02
4.952009439229444754e-02
4.565165561637603980e-02
4.847164792886617113e-02
5.012740367577411121e-02
5.632319716651739555e-02
5.000861956159679406e-02
5.027442939706239233e-02
4.591113975609898562e-02
5.104666061345043693e-02
4.927875280425084853e-02
4.963612935047790470e-02
4.910581585882480005e-02
5.006093359785451086e-02
4.998518090882913406e-02
5.094619394215518099e-02
4.692393228553218276e-02
4.197797787787765911e-02
5.115259925061237806e-02
4.697266500420023416e-02
5.756990996425428997e-02
5.084055004427994601e-02
4.931025225945653151e-02
5.296542231749530594e-02
4.615240250775422270e-02
3.654192809334555481e-02
4.917995493297399462e-02
5.601024448027824842e-02
4.907370939908964336e-02
5.031706784176212532e-02
4.067844594066466479e-02
4.562234903025440963e-02
4.966426882965722239e-02
4.760649225803022938e-02
4.772326380889858194e-02
5.257751055614772601e-02
4.678670814240502851e-02
4.686619213309128201e-02
5.491226182234459213e-02
4.816676316884017234e-02
4.747661423907671013e-02
4.884110813781788324e-02
4.946423241033626184e-02
5.969255983921195607e-02
6.311219888899684272e-02
4.686966156791842752e-02
4.686855033863853576e-02
4.635239188853448183e-02
5.240306994086624953e-02
4.546908106075052414e-02
4.547015141832191909e-02
4.807744371657713539e-02
5.285526145933779063e-02
4.868690034493832614e-02
4.831113519064864081e-02
4.841918397867987778e-02
4.824081939375624017e-02
5.558613823071564819e-02
6.275298434570639183e-02
6.393862203966117763e-02
4.801957141380453625e-02
4.754131330528488242e-02
3.756032628035872040e-02
5.719854770911685093e-02
4.712429740383804189e-02
4.892579869198191572e-02
4.714116822295785769e-02
4.486253613997619183e-02
5.359912918711110669e-02
4.595886643456069398e-02
4.644397020473945564e-02
3.510719011346360302e-02
4.905786260421857864e-02
2.832506057000407779e-02
4.793072092165764908e-02
4.699304223723973356e-02
4.694502464367341504e-02
4.935930055809970712e-02
4.531386366968316592e-02
4.408982656921837245e-02
4.759668436005128761e-02
5.826235781720925933e-02
4.666118442908653158e-02
4.798817261949848978e-02
4.563631306833729195e-02
8.808450754670528460e-02
5.767175634530307543e-02
4.681922894010875913e-02
4.745068513775677760e-02
4.775287802509132346e-02
4.538412215946848599e-02
4.792705346462041577e-02
4.832593295674461609e-02
4.395566126704735649e-02
8.150844216534461339e-02
3.940077917580579042e-02
4.586062433008687017e-02
6.017437019340664273e-02
4.567714138097749704e-02
4.736509928653536566e-02
5.315206554137614364e-02
4.233358095825361794e-02
4.156776283145217216e-02
4.577913349098897133e-02
4.258498213580553388e-02
6.858812592814854392e-02
4.559008337733629068e-02
4.104296674024064673e-02
4.283840267180233363e-02
3.068343059937226128e-02
4.541960341143495838e-02
3.729071944424904722e-02
4.515977267184973637e-02
4.066310292916111568e-02
4.967284107554877093e-02
4.513200744333179665e-02
3.499797011058809054e-02
4.396456337510236401e-02
4.547280679412935706e-02
3.365049662363698429e-02
4.448818730716907338e-02
4.439879117088551402e-02
4.423254359895709142e-02
4.368042529093239118e-02
4.365427185507295832e-02
4.460251413905380602e-02
4.441594295092492206e-02
4.277124325491397233e-02
5.006265906365903184e-02
4.589888435270688544e-02
4.544123890386798925e-02
4.261111393047673640e-02
4.406965941361476458e-02
4.742766577260908861e-02
3.730400478445618229e-02
5.739564844135807559e-02
4.896389478803556822e-02
3.333657845916337265e-02
4.324149613915499041e-02
4.233034028207165872e-02
4.993668382269113304e-02
4.375495063056065309e-02
4.403208121709566158e-02
4.105021827195377143e-02
4.329848819196944337e-02
5.393445473348423835e-02
4.359926240703022871e-02
3.952004427294374123e-02
5.074769293500742962e-02
4.499265755045354920e-02
4.293494501785685702e-02
4.232566343751888172e-02
3.976224992790108881e-02
4.340430367522158522e-02
4.619059822918730046e-02
4.320014670182607125e-02
4.927956458983653865e-02
4.360854385237268593e-02
4.233541103099719427e-02
4.072446670390526824e-02
4.107844121736600046e-02
4.423405173381695504e-02
4.860917370648368957e-02
3.634894912892160795e-02
4.291609576003661136e-02
4.851181539927755526e-02
5.054570199975858685e-02
4.076890122920462378e-02
4.349503925044751612e-02
3.430165849374326725e-02
4.227218874263100057e-02
5.786525229993547126e-02
3.034165042764505604e-02
3.850861080893272503e-02
4.309435836336195785e-02
4.186720864161011524e-02
4.198924289329698106e-02
3.831666305761369934e-02
4.224314169620608378e-02
4.085360405405294437e-02
4.422042666035749109e-02
3.397867036265356244e-02
4.232609218168106174e-02
4.230434586255105156e-02
3.720884333845893982e-02
3.688831149526696634e-02
4.703775034752726014e-02
4.083670695940574275e-02
4.317993692083064994e-02
4.169829470451765635e-02
4.411421520354519982e-02
4.366237261464429864e-02
