1.284958713163624200e+00
2.372106811446887953e+00
5.039365834628950047e+00
6.168466677679882437e+00
6.172976980698533289e+00
5.979738325202087701e+00
5.697800870578812571e+00
5.454124477922961844e+00
5.175351666223719782e+00
5.066491861348590753e+00
4.545736944129731505e+00
3.954393178664847408e+00
4.026426578092573649e+00
4.041020733536067944e+00
4.063400126329838713e+00
3.848253640352900629e+00
3.624711994063368525e+00
3.419714514734899513e+00
3.238384398417527343e+00
3.065337066541730771e+00
2.898536813960088665e+00
2.744043875439981406e+00
2.574404408924386711e+00
2.442105979064685961e+00
2.308825052525858457e+00
2.142503581687883241e+00
2.037225598373411550e+00
1.946590562739632269e+00
1.794142050441137171e+00
1.712734483606433988e+00
1.570551477227044801e+00
1.473577066417601555e+00
1.365157844452776770e+00
1.276626205863297114e+00
1.164698785040953144e+00
1.112383112525571427e+00
9.887608614524917572e-01
9.167033853566235457e-01
8.691850632384323649e-01
7.862474065373660226e-01
6.780245674084298679e-01
6.704613997423117810e-01
6.210578541215394655e-01
5.645098929180917269e-01
5.217224156616689923e-01
4.782842645055128128e-01
4.340562885498759349e-01
4.022899891598932798e-01
3.550111255692751100e-01
3.191043106886639058e-01
2.830180865395023337e-01
3.296597658885638271e-01
2.614593919773605113e-01
2.012083541431590461e-01
2.534739831826277601e-01
1.965474732734290852e-01
1.958647185680728042e-01
1.560005948634948791e-01
1.783472651403897602e-01
1.389106326249808787e-01
1.050134392556703600e-01
1.060343453471192521e-01
9.525125928386715679e-02
1.106613620397575160e-01
1.041270382485527113e-01
9.451941981851003094e-02
8.841241719260006793e-02
6.767913373229936247e-02
8.487464264377266032e-02
7.007730927254240960e-02
6.979064862705894323e-02
8.651810726766463733e-02
7.611290516258062411e-02
7.087353527878735571e-02
7.809527544700015089e-02
4.332746070532639271e-02
1.242402158506335508e-01
6.307504266088721778e-02
6.329526188086859184e-02
7.766427679862740463e-02
5.163736830308413711e-02
7.225969366221431101e-02
7.516105836553195474e-02
5.578528171215769993e-02
5.328973885580932934e-02
5.322234240774433717e-02
3.663195193771216079e-02
4.332560166545310065e-02
8.409935513667057827e-02
1.836707450270244624e-01
4.194994024415290429e-02
1.089981676825133861e-01
7.308949439356164646e-02
8.905732179104229596e-02
4.666286118744815414e-02
5.301785222161198297e-02
5.000765954678711156e-02
7.025255119278994709e-02
6.892655709459293012e-02
5.041557150443129465e-02
6.685800694600868566e-02
4.690300838552704382e-02
1.063650081855647411e-01
5.719263757165311823e-02
5.324849237532479351e-02
4.746259188076352303e-02
6.048232883906370927e-02
9.235046932034103595e-02
5.627583133952266531e-02
5.318178296843867336e-02
3.986335156056222684e-02
4.594166272941779816e-02
5.901746004782829763e-02
1.126737408753613820e-02
4.595258671701482611e-02
6.775170489918097561e-02
6.311878502200406194e-02
6.108489198483766508e-02
4.768152538675006491e-02
2.296821304726255619e-02
6.838910910417900224e-02
8.361639741565314587e-02
5.700051264805889445e-02
4.680021458894816772e-02
3.995537076135383808e-02
1.451017614061073796e-02
4.587448442683388777e-02
4.108486312623344655e-02
4.019143434913979851e-02
9.480146733454729302e-02
5.480926942943605690e-02
1.053041486104578789e-01
5.077280432847205982e-02
3.864777426520087794e-02
3.264190994507126797e-02
3.939507069943299494e-02
4.941890397169543259e-02
6.969318027379360625e-02
6.671588475657204420e-02
4.301325958973074848e-02
4.115703487542474864e-02
2.787856804395694166e-02
3.363495886889209668e-02
3.324131631193971703e-02
5.028817739626226246e-02
3.040242533328572569e-02
4.914795397470424904e-02
5.443545383457113612e-02
4.496642736526949152e-02
7.069122708380730369e-02
3.307228541671117239e-02
7.676254269298751765e-02
5.318812345658655710e-02
4.772414436922559761e-02
4.263510535422332381e-02
3.136503211810665048e-02
3.325544947206306168e-02
1.065021397364657868e-01
5.069177533287227283e-02
4.552692030039767052e-02
3.598349992439477119e-02
5.038036006197350175e-02
3.947116999961259448e-02
8.192907078003471011e-02
4.064656287865824058e-02
5.927839667497072224e-02
4.279247854550195101e-02
7.474239935359870690e-02
8.415700192999088503e-02
7.125511772697988577e-02
6.353965995156814206e-02
1.669031288678915481e-02
3.917014368079201753e-02
5.562482632882090328e-02
4.061300023395204850e-02
3.877528685274746895e-02
8.039909013928367432e-02
5.692211000006802690e-02
3.277858097509616514e-02
4.574388806364671628e-02
3.936262965222789290e-02
4.285026566669481590e-02
6.357776072977393278e-02
4.687771191915601071e-02
6.342718275947328843e-02
2.633259017375432984e-02
4.696012139931660112e-02
4.886959025062335982e-02
1.731278244402812555e-02
4.654187831679858223e-02
5.219025031719438240e-02
1.120719586253028782e-01
2.387834222927784009e-02
5.267442262387593555e-02
1.221039461176907925e-01
3.399892488546688019e-02
4.265446143512071492e-02
3.792688394998751378e-02
2.701704012685915077e-02
4.665155567172640794e-02
9.848357862709283816e-02
3.537038567757753299e-02
2.966694674958368985e-02
4.263120908608995785e-02
5.227429303009169942e-02
2.633012120898440070e-02
4.466620694343121506e-02
4.023481612635285837e-02
4.655905971864383874e-02
3.208991919270776094e-02
5.356448913934782480e-02
7.083822437088196922e-02
4.381797286296261473e-02
5.151457731645214810e-02
4.414099784392691572e-02
4.116209517552719965e-02
3.028430293566447204e-02
7.938053411853036867e-02
3.771283255485394920e-02
2.749083737762934507e-02
5.322135502092955467e-02
4.475676339945696552e-02
5.262568362197003746e-02
5.593716399419875612e-02
6.416768675399465993e-02
4.367515163235880654e-02
3.849486385744044920e-02
4.427186621302153097e-02
3.977485988989382104e-02
5.270233565553292948e-02
8.258460002523738963e-02
3.609510853524437735e-02
3.507939392992005107e-02
4.278826017364010387e-02
3.237295169868637662e-02
6.730434157915206328e-02
4.849868024322765564e-02
3.534038490528837451e-02
6.328786904745550834e-02
5.348362753296798805e-02
4.319238994607734611e-02
4.329536034868709804e-02
4.794794340891229967e-02
3.376376439303600818e-02
4.232339379197756768e-02
2.993506488904075849e-02
6.861513867719021276e-02
1.180842976325310600e-01
5.619374317490555271e-02
4.343220146099585621e-02
4.504041836467553156e-02
7.161652948152150144e-02
5.601257639089001622e-02
4.759838713914112118e-02
5.044397860094707725e-02
8.916523002309788282e-02
1.766126995833061653e-02
2.855565608112945949e-02
5.076596098855731126e-02
4.212871130981481194e-02
7.306999711400992414e-02
7.979285002970229468e-02
1.206051940166436576e-01
5.244944653012812569e-02
4.029087685500530591e-02
6.110034192672619824e-02
3.127713342647431283e-02
4.208881067228754935e-02
3.016103253809146803e-02
5.673770604738315182e-02
4.107282482684470465e-02
2.077320956449357076e-02
6.957645424189351502e-02
2.947027679106392975e-02
4.618924465386112233e-02
5.264823845425050525e-02
3.099997384895555527e-02
4.492063093592078837e-02
4.717089039574338255e-02
4.385637696364584615e-02
3.430627929313871671e-02
4.229373279265682267e-02
4.482479697483019582e-02
4.495118738557744853e-02
6.025723580420121184e-02
4.851124190259493985e-02
3.970206968756273547e-02
4.700853727254267894e-02
3.908076954416220966e-02
3.019225457548184791e-02
3.787877977649212885e-02
7.339060213554335355e-02
3.975971752818416999e-02
1.070044973698125318e-01
6.899990153622694022e-02
7.507023165808111853e-02
4.357030467924348505e-02
3.220082640912433347e-02
2.257605082777306219e-02
4.784524594480223103e-02
