1.042777809991445315e+00
2.550844618930682817e+00
2.159070430153194664e+00
2.838163727958748161e+00
2.689857461896408619e+00
2.805638539556301492e+00
4.053045659665015066e+00
4.019464825328891600e+00
3.875235861650390135e+00
3.709570237868986098e+00
3.519436322019148022e+00
3.365117158021452060e+00
3.198084997639769167e+00
3.051380874281295341e+00
2.896064063602950434e+00
2.741176592020779790e+00
2.600139052529810701e+00
2.477706298766248594e+00
2.347229826490538240e+00
2.247085929337642174e+00
2.117642067692374841e+00
2.008530138274756016e+00
1.913374031332697012e+00
1.819086593453084433e+00
1.789459690244441958e+00
1.819016107068743615e+00
1.813772215189250359e+00
1.743527946678914642e+00
1.623852771600602374e+00
1.354844544159526709e+00
9.619771868929383185e-01
8.335707280856909929e-01
6.376055394105270002e-01
4.798966108642849782e-01
3.471898660787287594e-01
2.843350262041484111e-01
2.045256716404748876e-01
1.523427878158646609e-01
1.286376566354504869e-01
1.101914130221160887e-01
8.342384319137922943e-02
8.481784702847521007e-02
6.794953980604277743e-02
9.454693895887167354e-02
1.600753995745181901e-01
5.119132036736135510e-02
4.655848338664850261e-02
5.222966144860598930e-02
6.211112474193404565e-02
7.725950495410688346e-02
4.514464243792701281e-02
4.863604919110805364e-02
4.492141106421965874e-02
1.333223588695435502e-01
4.657927036477702010e-02
1.080511437579240730e-01
5.426836836123913321e-02
4.535717195765216064e-02
4.167468514149798298e-02
9.554237721991046262e-02
8.937822042625764851e-02
4.535457946427869091e-02
4.016158805350329708e-02
4.858724882742350426e-02
5.648197604847302739e-02
7.084800561481995052e-02
8.134748753863954573e-02
1.207277920553624373e-01
6.087097396353301215e-02
1.622507097871641879e-01
3.322845177963895669e-02
3.751674605067721602e-02
3.650783864759483272e-02
3.577276389997903483e-02
1.544065331972318544e-01
3.406908390656365748e-02
2.727616909412994284e-02
1.386010368530292691e-01
1.034193981049096184e-01
6.264206467473645845e-02
2.449858661215483305e-02
3.580430234269991324e-02
5.321979202614609411e-02
2.641297534667978383e-02
2.214291703857022495e-02
2.296511661997570342e-02
4.386337923769999259e-02
4.005074946965948152e-02
4.936736811037528011e-02
2.950299853195781016e-02
1.594496466713153648e-02
2.306343905360243307e-02
1.410270862399587155e-01
2.319434256612576753e-02
2.087250531916445481e-02
2.146396872067014502e-02
2.352108705541937350e-02
2.210046629526225478e-02
2.728445374207973811e-02
2.415565766775677053e-02
5.695443312035336492e-02
2.800774519174017638e-02
1.010435561690287143e-01
4.049246613213266371e-02
1.824656266546375444e-02
3.896287208269370861e-02
3.860570410486968695e-02
1.642455560540087220e-02
7.094466269218119292e-02
3.156151825302559027e-02
4.936637509459954054e-02
3.480522120617148690e-02
2.275569353962025171e-02
1.721051820596535692e-02
9.177396983582572498e-02
5.005049021573604318e-02
5.674575694205218762e-02
7.661298763343504792e-02
8.178214713554893267e-02
1.333645728685770027e-01
2.063586529098752342e-01
8.888516922205903781e-02
8.262995865032804477e-02
5.683782802610715806e-02
3.607120872092284963e-02
1.796640635983182827e-02
7.005728777667581675e-02
2.308356307987071906e-02
1.723480365364588388e-02
1.545978111409549924e-02
1.612049112593555780e-02
3.958631887719476355e-02
3.313718119929530415e-02
1.883132508053887016e-02
4.335763838008638987e-02
1.449772737606829509e-01
1.723467539369558793e-02
1.620777566342964868e-02
8.013708078103842780e-02
1.666450232696303421e-02
1.317593970501462243e-02
1.691826262292810829e-02
1.632479253867238564e-02
3.448381254226586673e-02
1.694297065038717631e-02
1.317911417216743181e-02
2.247519588092480175e-02
5.251604281843013505e-02
8.993703026117821908e-02
1.548036089767813352e-02
1.271211225130434649e-02
5.050271692789426448e-02
1.513486256554789043e-02
2.073125631087294543e-02
7.065646452867264948e-02
1.496566951740677630e-02
1.461522475467266075e-02
1.577870244455242474e-02
2.528913912378124781e-02
4.970680997920277205e-02
3.867873127113240217e-02
2.757559794067582226e-02
2.394937575174646213e-02
3.558722838648923498e-02
2.290914150582114561e-01
2.288341074464299296e-02
9.086058724705285694e-02
4.000313383557701358e-02
4.495682021893351865e-02
9.549373247179525348e-02
1.840340056638477620e-02
4.551718952244600269e-02
7.221645402353485399e-02
6.284020944871995806e-02
2.150529384571603711e-02
1.580535568596821636e-02
1.591504003820186017e-02
1.398113348390567917e-02
1.590722192275936461e-02
1.807572598274155215e-02
1.420387269137774085e-02
1.850418448540970193e-02
4.252002728445716112e-02
7.340306141680479068e-02
2.414350403861041661e-02
1.065541424095668883e-02
1.197653935968007038e-01
1.485575845257592308e-02
2.534439071747171882e-02
1.258807333525073860e-02
2.192687383680194668e-02
2.312315751749878870e-02
5.540382608057340535e-02
1.746152000057984155e-01
6.054357058839762024e-02
1.336696530535606137e-02
1.320906342507316943e-02
8.916187638793683645e-02
2.683462765287621468e-02
1.383623785054289256e-02
1.435933840946207463e-02
3.363749195016812327e-02
1.390749464818802697e-02
1.198532067829169954e-02
7.739414629096975917e-02
9.341899998100676450e-02
1.297087776701696116e-01
1.921645595807533122e-02
5.529664258378659547e-02
1.942868724978865855e-02
5.334056196623921525e-02
5.533760380019508290e-02
3.161783157018588364e-02
1.278167892621493926e-02
1.076787910781639920e-02
1.136278589770134753e-02
5.328694027481410689e-02
4.921182062781808558e-02
9.377084098248482380e-02
2.360754589435282505e-02
6.471578764324997790e-02
2.610627320309608784e-02
1.337122140060898086e-02
1.154385416815236799e-02
9.780543070507581593e-03
1.026526462092006674e-02
1.150155822658823802e-02
9.266147115242083857e-03
1.048186488750386600e-02
2.788677178896986630e-02
2.206531271832514601e-02
1.313372977540159803e-01
4.931852907486507231e-02
1.409774862070698187e-01
1.454225317437091713e-01
1.147267837452408887e-02
2.358126808778121530e-02
1.236064795132926081e-02
1.239115774035863538e-02
8.702158279705239641e-03
1.331522924134928391e-02
9.141580639283100260e-03
1.558479956347230168e-02
3.181426865048602587e-02
3.506628519166992558e-02
2.496626887824138913e-02
5.961463700611569633e-02
9.774462345234579894e-03
9.295423279377658735e-03
1.834451920990526688e-02
1.753396717141220140e-01
1.473263012535371286e-01
8.519837661350128030e-03
8.946606382649949230e-03
1.548622477422515256e-02
8.429112519971682094e-02
4.267104995541194656e-02
3.296257916172400798e-02
1.255895200283515811e-01
1.293075817291672661e-02
1.398075699447517105e-02
8.949842725888683750e-03
1.597709701928827150e-02
2.622442513838794259e-02
1.225664380712866187e-02
1.479751278654127186e-02
8.415136500457694527e-03
8.484114320344293692e-03
1.319891196578703088e-02
3.015168256506863681e-02
1.312850769561612480e-02
9.437823180094374875e-03
9.944416685928512967e-03
9.668744205330113972e-02
4.985728891111204653e-02
1.417246837182002672e-01
4.006051812696580922e-02
4.487734418369195011e-02
1.647578368502972124e-02
1.026705361586698582e-02
1.331076268900387161e-02
2.043514180342586792e-02
1.522483480539655459e-02
8.663483469195482414e-03
9.406048107769082040e-03
1.601119008526533799e-02
9.272982633344696926e-03
1.416951396876340030e-01
2.061876783436488447e-01
8.624666838074101019e-03
1.272317726854760647e-02
1.035233566576092799e-02
1.614034245293182457e-01
1.644367318509368237e-02
3.781866462234872994e-02
2.417419046270016456e-02
2.960779053542204539e-02
1.873714726537012085e-02
9.965437267538779925e-03
1.940756860426046809e-02
