1.180943988422888724e+00
6.422436301824882010e-01
9.473173456080726806e-01
5.577651839764734554e-01
3.046646288073762143e-01
1.660786509837135771e-01
9.735903818953654809e-02
6.398710634401641451e-02
4.672145946548916101e-02
3.659212955052799227e-02
2.983144164873737306e-02
2.460704177720320768e-02
2.122036383117525959e-02
1.869360298396325129e-02
1.079275699898199839e-02
1.440831302618444769e-02
1.257941686995779976e-02
2.366647991285642655e-02
1.130905827587743231e-02
8.534491568076698481e-03
9.906221138153726083e-03
9.089234888581430513e-03
9.035969044126040961e-03
1.007877379678358797e-02
8.339985558472741423e-03
7.781105221423054337e-03
7.771499302265461213e-03
1.185804776266861926e-02
5.468091362122964004e-03
6.669697050688855496e-03
4.179669527929849582e-03
5.388701106699872977e-03
9.025162491277030977e-03
6.811801389905185536e-03
5.784514016661529076e-03
5.660593918377250337e-03
6.010986227420506318e-03
1.869067672298027009e-03
4.434228522956763958e-03
3.061276946879592890e-03
4.117433264825285169e-03
3.393255385999181372e-03
1.393143572454496899e-03
3.985533961272685020e-03
2.417978921346445632e-03
2.748356783823690391e-03
5.751428789281002804e-03
2.667671676874306969e-03
9.918735101161365447e-03
1.290449106783839736e-03
2.494192247866538169e-03
1.470238358420175714e-03
1.552755524279266289e-02
1.848627129871070101e-03
1.896054166791845408e-02
1.740159535138958774e-03
1.233264235569082878e-03
2.089181011140838970e-03
1.825592334585288308e-03
1.736416664534267199e-03
3.503689297902283940e-03
1.255528114033694709e-03
1.287201377770087318e-03
1.003380637011551911e-03
1.149363569835070440e-03
1.856425159910034262e-02
1.022911209551984101e-03
4.942974839382345250e-04
2.001704028587143920e-03
8.359329306486078248e-04
4.505772436504294418e-03
2.231187825535898683e-03
1.616245651506414667e-03
1.002677333079692078e-03
4.737262704638470624e-04
5.154577693559754363e-03
9.932492699790806262e-03
8.473354071626639297e-03
1.172909076091285590e-03
6.208549628147625983e-04
1.884659784773572416e-03
4.030234629755128847e-03
6.825495466798974908e-04
5.862688102658361426e-03
2.570577796960134276e-03
7.734361945137262651e-04
1.475299041239320130e-03
1.725757816622606848e-03
1.251213470194721851e-03
5.245856464625328576e-04
5.224128156916849714e-04
3.042939710889050898e-03
2.499254952384445411e-03
5.674922833630792647e-04
3.795866788249883939e-03
1.378375453306376420e-03
4.348759444191517554e-04
4.829060128705937654e-04
5.250598726374087599e-04
7.713974273456817915e-04
2.999989527677859088e-03
3.295492410399244012e-04
7.698629886671332512e-04
1.094318377270299576e-03
3.192114053785095320e-04
9.003490566871544774e-04
3.625155529134879923e-04
8.703683412952035233e-04
2.055573761883914673e-03
2.969529961089181812e-04
4.525714671715449122e-04
3.683934559949088652e-03
1.594069823103582513e-03
2.301418796474578952e-03
1.219908063890377597e-03
3.005613338603438985e-03
1.959491989879496351e-03
3.607810846108616253e-03
9.382404958665392517e-04
2.112411881749459274e-03
3.600400261512362891e-04
7.163793794316767856e-04
3.531957513917011876e-03
1.991188637963416108e-03
2.924242257396893695e-04
2.370029707064837728e-03
1.564932073399518016e-03
1.023427503804757608e-03
3.259255750517255946e-03
1.987142591533232021e-03
7.646031214268024078e-04
5.300243613155450513e-03
3.694751253371931100e-03
3.008480547653204044e-03
5.313865129316136873e-03
2.446546208025393858e-04
3.762114705131513288e-04
2.097632466586339109e-04
1.181992275029467498e-03
9.494935328289877841e-04
1.447857096322356001e-03
6.802047351030608528e-03
1.020981893246087138e-02
1.407726309648930723e-04
1.437451887830578550e-03
4.471002511294298854e-04
1.812577731785155045e-04
1.335372951469272242e-02
1.694184493774414640e-04
3.667192017930398160e-03
1.783475812785964966e-04
9.195849871370764903e-04
1.723226524903780608e-04
1.730601609386509963e-04
1.670411837150292131e-03
3.815828154337423867e-04
2.869628237573079526e-04
4.729490258733152781e-04
3.729702357889069287e-04
1.850764511540317018e-03
1.483156228078920781e-03
1.242106479315342391e-03
4.427700411440380372e-04
8.549729512270405618e-04
8.079129545724648412e-04
7.660239541138956672e-03
3.132031224043093612e-04
2.451464152937962737e-04
2.184921078154478374e-03
1.840139085310415112e-04
5.296159766007546826e-04
2.374860524272101657e-04
2.970885892741025568e-03
1.927556157318819513e-04
1.870549014133566926e-04
1.332535377246657016e-03
2.567158153038975529e-04
1.497976959739458951e-03
3.619170524478200566e-03
2.135760574480231617e-04
3.629232847755919640e-04
7.164273406775304061e-04
5.874794289863305256e-04
4.015183892453347086e-04
1.109272168512495313e-03
7.999801566080736934e-03
2.660256031149976969e-04
1.890692450323917286e-03
3.822231717495017111e-03
6.820286736931044022e-03
7.792408877119464316e-04
5.867985439036677931e-04
5.779420554891586195e-03
1.616890710882445525e-03
6.502222565930070378e-04
1.797521522021585196e-04
2.678288109619260957e-04
1.029313001425203287e-04
1.119199754841661157e-03
6.906983968066656571e-04
7.995313216212535275e-04
2.650913928471676788e-04
4.143626469846252588e-04
3.427237957477364400e-04
1.266065711736810576e-03
1.290066773138194827e-04
2.234212210868357295e-04
1.174599231959521273e-04
8.448284153335158938e-04
1.822707874791327501e-03
9.126904883747689206e-05
1.801904169510404742e-04
4.111297934313151888e-03
5.939180899862197410e-03
6.706269108383914853e-04
3.212203638502649037e-04
1.752590998421508877e-04
2.793104454637349173e-04
5.541434825164211295e-04
3.652675152858091503e-04
3.315088241633415206e-04
1.172329207603282306e-04
4.074932150045830763e-04
7.244779408158180016e-04
2.745163111104608920e-04
1.102768465291362985e-04
1.714566902958042751e-04
1.649755566939323974e-03
1.237759894535857231e-03
1.008062506426307898e-03
5.385549845438717840e-04
6.685529472703793160e-04
4.996408581391086892e-04
3.568597449448166143e-04
5.672639637523756813e-04
2.160987277981734483e-03
7.722152040893858317e-04
3.007443428074010969e-03
2.185900094341414895e-04
1.173899700296158739e-04
1.767004634701946353e-04
2.733464749632938959e-04
1.125312655291099272e-04
1.839545729735427623e-03
9.598709824235315607e-04
1.153340250648762473e-03
6.347565807127608564e-04
1.270130915675430185e-03
3.873992904560849548e-03
2.763576809431672523e-03
1.583508833007272716e-03
9.529268159239670521e-04
1.736757238607706090e-03
2.979866082622494201e-03
7.414028719096691939e-04
3.839607407606057937e-03
3.320762732179324220e-03
2.230956904397589455e-03
4.099718745084228932e-04
1.073525381369127988e-03
2.074295815714014381e-04
7.046986212354956845e-04
2.595783243202976691e-04
2.063819985638396632e-04
3.405752651584194974e-04
8.279719494864695283e-04
1.030999729329890128e-04
1.574220287686999855e-04
1.923631343852271500e-04
1.362883547075496729e-03
9.499304802106611463e-04
1.799936365381730650e-04
4.485182535222018933e-04
1.080557979840276626e-03
4.969031632359626523e-04
2.596941192167850822e-03
5.839241725176930881e-03
6.895964015948210938e-04
5.194497055083674994e-04
8.510799871606659558e-04
9.789631384683975673e-04
2.334219947864936504e-03
1.618894548670429465e-03
9.442280798412666545e-05
1.984315050206792721e-04
8.410405059925641844e-04
7.645923083561187699e-05
9.388201090374277279e-05
2.417472006318497854e-04
1.353662700181475892e-04
2.156772608093334960e-04
1.090279190328221053e-03
6.300926605524735701e-04
3.157494496148225750e-04
4.473354567985647254e-04
1.164337432082975833e-03
1.566030806915378422e-03
1.038097252774576639e-03
8.707881349244851570e-04
8.393454125735283142e-04
