1.018621960346034694e+00
1.652914228800244745e+00
1.745582225032947798e+00
2.002017240189727598e+00
2.217294723035134751e+00
2.342003885483082026e+00
2.463097423333472147e+00
2.511221621358655565e+00
2.521892016581976481e+00
2.521125541823780125e+00
2.529206550954878896e+00
2.534581067920855357e+00
2.550973328528158390e+00
2.577650687395035778e+00
2.600856512506771967e+00
2.634032469381131669e+00
2.665256527570718958e+00
2.703652957436895043e+00
2.741975296014628416e+00
2.786458554554066325e+00
2.828224164100797910e+00
2.878142239339517072e+00
2.926210100934012459e+00
2.970160130882757432e+00
3.019518109106591908e+00
3.069530983816448177e+00
3.106578778740307634e+00
3.152541542933156027e+00
3.191949719847677613e+00
3.228439221064117071e+00
3.262439921085116268e+00
3.292882079584348087e+00
3.319098190827024730e+00
3.341393250594209441e+00
3.365136719249257613e+00
3.381664397748894491e+00
3.398064060612756787e+00
3.405794801415285011e+00
3.418705760363853763e+00
3.424967414029043145e+00
3.430237796041611276e+00
3.433841098292392147e+00
3.434990308591253871e+00
3.434985032223517809e+00
3.430205141077293352e+00
3.425062313902246913e+00
3.414517761746898472e+00
3.407962207083874429e+00
3.401242090381352057e+00
3.394272291848774881e+00
3.379757738345609219e+00
3.370099470322179602e+00
3.363816574871187459e+00
3.346087363927828129e+00
3.337487403674999520e+00
3.328631407734674585e+00
3.319438704799969386e+00
3.305309423786531031e+00
3.296982378562058447e+00
3.288128916999776497e+00
3.278115834584069521e+00
3.268450115617374419e+00
3.258653251194004064e+00
3.257627158338292972e+00
3.246103461763218068e+00
3.240394431676975273e+00
3.237281866199564373e+00
3.228633748759334399e+00
3.225201996044424479e+00
3.220599239481137577e+00
3.217107680223926902e+00
3.211176926934921294e+00
3.209985607558067056e+00
3.205049652257769832e+00
3.205298502398980176e+00
3.204594872603939493e+00
3.205533045427441330e+00
3.198007570204595584e+00
3.206021052260128013e+00
3.203931540331117045e+00
3.207321914436154664e+00
3.205714601505924577e+00
3.209253243315341564e+00
3.212158923024141188e+00
3.214490490023908187e+00
3.217279379939054440e+00
3.218469762224543285e+00
3.225238781236093200e+00
3.226799969877407914e+00
3.229723654336199790e+00
3.238290011465815965e+00
3.238805751875462935e+00
3.247423743388438755e+00
3.254815554756269158e+00
3.259700905581807362e+00
3.265289936768274170e+00
3.267984420362810560e+00
3.274935561141290918e+00
3.277978950243091383e+00
3.285167934142245727e+00
3.289157385084919394e+00
3.298185044338552974e+00
3.301881182607576459e+00
3.311558629007454346e+00
3.318296346395304131e+00
3.322873886892510065e+00
3.328859542638814784e+00
3.337594089017685839e+00
3.340972399092387413e+00
3.347165774456378529e+00
3.355892851886812078e+00
3.362823043619322494e+00
3.368608925545004684e+00
3.375270800660703951e+00
3.382068806827097873e+00
3.391245015510294891e+00
3.394469152528384104e+00
3.398892464228471688e+00
3.408352362114321910e+00
3.411567212982299147e+00
3.416847343909296786e+00
3.421680337018707441e+00
3.427097959216770739e+00
3.435833406825732794e+00
3.442241891951153931e+00
3.451087655130983478e+00
3.451738008185734063e+00
3.460420760581956134e+00
3.464213959690718880e+00
3.471929138715969199e+00
3.476567416875869121e+00
3.483284331339894901e+00
3.488546034886204961e+00
3.493030408919292285e+00
3.501907140191759638e+00
3.504255610162225310e+00
3.510223485042112124e+00
3.517752350541916151e+00
3.526292166664305228e+00
3.533755104433000227e+00
3.545047193880709990e+00
3.541045824429300826e+00
3.546321679835475749e+00
3.556824120843089077e+00
3.564566658462066329e+00
3.569425936801766230e+00
3.572180069154087256e+00
3.578391322029269794e+00
3.588831924195811762e+00
3.594822844463177791e+00
3.601513316133625242e+00
3.608489510265583622e+00
3.613101161643467840e+00
3.622350852779806729e+00
3.624744051137923861e+00
3.632619539044105839e+00
3.637980089777424819e+00
3.645652430655800025e+00
3.652548593150823031e+00
3.661296892714336781e+00
3.663064658807601681e+00
3.674401811429849563e+00
3.683723385065098110e+00
3.685429438245888090e+00
3.692394565400507922e+00
3.698986148055771750e+00
3.704793786443732362e+00
3.715248017969577266e+00
3.723110724156931450e+00
3.727175225962279459e+00
3.731156625379274949e+00
3.739687818137533704e+00
3.749619232662737112e+00
3.757205827964333889e+00
3.764674287657065133e+00
3.773971821017410910e+00
3.779747454577421006e+00
3.786787065660024432e+00
3.795169099937213186e+00
3.800620429529323552e+00
3.805367951958000372e+00
3.816288700333813733e+00
3.821926681019410577e+00
3.833268657088055420e+00
3.837074376947026355e+00
3.843511128218525918e+00
3.852646723593797784e+00
3.862198814960083215e+00
3.861444665068252569e+00
3.877942676778976416e+00
3.880082449745545059e+00
3.886299477091004206e+00
3.895482062722716687e+00
3.902329237587326194e+00
3.913233268668577569e+00
3.920060047687180749e+00
3.926684537303254174e+00
3.932520927712432890e+00
3.942575105145412984e+00
3.949965096435710254e+00
3.951628320104852765e+00
3.961927589634375302e+00
3.969476992483347733e+00
3.972931830701911249e+00
3.984588381926609024e+00
3.992582510050902478e+00
3.995878580172407268e+00
4.002050059328990272e+00
4.010321723786196557e+00
4.017751784034324203e+00
4.025750834538094125e+00
4.030201584115296498e+00
4.039466892394096398e+00
4.045696023384008910e+00
4.050204727029301566e+00
4.057929704706354279e+00
4.066441828058486863e+00
4.073756322210742908e+00
4.081311786529742136e+00
4.088927302374913531e+00
4.094756737743210806e+00
4.094745032226996706e+00
4.102748606813627852e+00
4.110118650722094813e+00
4.117133239974106296e+00
4.124365365037058417e+00
4.131154040975658859e+00
4.136778309382814101e+00
4.143905695637224440e+00
4.147646114716935450e+00
4.153844103144206379e+00
4.159408290028203226e+00
4.164908770927064907e+00
4.171355059511762775e+00
4.176740496061373875e+00
4.177751978778365682e+00
4.187675884708731644e+00
4.194213759430803989e+00
4.202017963899672637e+00
4.203341830491044817e+00
4.212223332043823376e+00
4.216741366215687847e+00
4.222680655643975989e+00
4.233853036879561493e+00
4.230287374384880117e+00
4.235622010522194003e+00
4.248630070276536941e+00
4.246404448037849555e+00
4.251198424140901544e+00
4.257967250972576778e+00
4.267212987384558787e+00
4.266251976565396120e+00
4.272100314537842003e+00
4.278979982023626505e+00
4.283246298068785762e+00
4.287228044084545608e+00
4.290510325852365803e+00
4.297757367308105536e+00
4.301334015468071037e+00
4.297961032577938489e+00
4.308727497755802993e+00
4.311249392273949432e+00
4.319634479205452848e+00
4.323483887969282513e+00
4.324847725522952047e+00
4.331623535005466152e+00
4.335282171441063426e+00
4.341147273629831105e+00
4.343939936869794849e+00
4.348221673706729185e+00
4.352072739717829819e+00
4.356286920423074527e+00
4.360763602996281740e+00
4.361875019918356244e+00
4.364014272032012975e+00
4.371890574345163927e+00
4.374732800273077871e+00
4.376672340041501741e+00
4.381336284208320109e+00
4.379265931672756906e+00
4.387915178971057095e+00
4.392599520210658248e+00
4.396931083104457016e+00
4.401835875462410286e+00
4.399965397208114304e+00
4.405531842761094552e+00
4.409472270324472198e+00
4.411329163562579758e+00
4.414668288894255888e+00
4.418244991522874976e+00
4.419853314329527549e+00
4.426255371736169231e+00
4.426031461420230073e+00
4.431316820015037905e+00
4.432747520967323496e+00
4.435868271127090701e+00
4.440192367967919829e+00
4.443650065543262251e+00
4.445115385282515597e+00
4.450025740731916812e+00
