1.010288011928382135e+00
9.932394550668118827e-01
8.709719078277654347e+00
8.580087326125052982e+00
6.943380424058045008e+00
8.648457248871862291e+00
5.185650163250257627e+00
3.992348239178632685e+00
3.213911983539343709e+00
2.710001129397794806e+00
2.316367074105013746e+00
2.045381383422560262e+00
1.812867300199560328e+00
1.628834514178922888e+00
1.466805546416087180e+00
1.335355973017606557e+00
1.297095265730833225e+00
1.099647543654572512e+00
1.032917761210888408e+00
9.496034680322835708e-01
8.751413217204618844e-01
8.556411166803240542e-01
7.589332661653854784e-01
7.334569283404970275e-01
6.632561636941622929e-01
5.931437112306872095e-01
5.721423262656395448e-01
5.143053591314760142e-01
4.942285970644525461e-01
4.567563085337011386e-01
4.001370337769740715e-01
3.735375307291172176e-01
4.259089038790068171e-01
3.500077804319441377e-01
3.992050100537975488e-01
2.839989319112732891e-01
3.713229760760422549e-01
3.076452739469735520e-01
2.416214478962876999e-01
2.417939667289595862e-01
2.187754964279319259e-01
2.072257320926191582e-01
1.824722909488257216e-01
1.754457305906834130e-01
1.580795448201579578e-01
1.603347235667462456e-01
1.464574289033769572e-01
1.337304949603078941e-01
1.200343672022514130e-01
1.211655805853432133e-01
1.169280325995146197e-01
1.228081844552788571e-01
1.034323764356135239e-01
1.009411233268024538e-01
1.046455861085510697e-01
1.033957613808639264e-01
9.775596680821281581e-02
9.659190045299544114e-02
9.449784290427691580e-02
9.218950537225879815e-02
9.659882257698562680e-02
9.359238877727979466e-02
8.600470572615637188e-02
9.145083580166173121e-02
1.435993660581338371e-01
9.570777360804492984e-02
9.374963921260555388e-02
8.769920005811338015e-02
8.840157372091993204e-02
8.913018087956703361e-02
8.625158667186536010e-02
9.208372807115675074e-02
9.141915702724832948e-02
8.878812607925616607e-02
1.402770899024773643e-01
9.881006471731230978e-02
9.242441211599915218e-02
1.117240718381260212e-01
9.087216166747523471e-02
1.021982383231464508e-01
8.832991240714359316e-02
9.031798465163222434e-02
1.208680764009410491e-01
1.129686600081384884e-01
9.024544648830293281e-02
9.018934184146570887e-02
8.800099312778254801e-02
8.878903632956387793e-02
9.465525266945595817e-02
9.276047867779264877e-02
9.247595217627128938e-02
9.341441727952982943e-02
9.737536056699173936e-02
8.661336156805589381e-02
9.256601138554587660e-02
9.240048671565387339e-02
1.471286543356156717e-01
9.505637064255445523e-02
8.606367080599215680e-02
9.384668090398735896e-02
9.455391716619879205e-02
1.054410397172395042e-01
8.601550022710460763e-02
9.560509778500649036e-02
9.123483192372555672e-02
1.026189846698211394e-01
9.061400994743332160e-02
9.335851357012107943e-02
9.511621996654751054e-02
9.887912407935950387e-02
1.096404279374965929e-01
1.352627966775196422e-01
9.708505943996084686e-02
9.859562382505858424e-02
9.405265117920916240e-02
1.330695667570085949e-01
1.004133921043067618e-01
9.493476206330739298e-02
1.152337661096465848e-01
1.197576679018348272e-01
9.411571760672092501e-02
1.001056673962150839e-01
1.200988984335155801e-01
9.436296491675573439e-02
1.031473616357826278e-01
1.164041865761200195e-01
9.672903355305394191e-02
9.983798522572309708e-02
9.655614359422741433e-02
9.566710910046753724e-02
1.072097757155371645e-01
9.484610865006889990e-02
1.060368434088586609e-01
9.831718382908312404e-02
1.294829073867471703e-01
1.004750615588143881e-01
9.670407349489230919e-02
1.041887866058440748e-01
1.134325015074449106e-01
9.975999315154443492e-02
1.322543806444995695e-01
1.112604025954766207e-01
1.058824829324110511e-01
1.001746938715058072e-01
9.871054834093677399e-02
1.154138667192625006e-01
1.052064667955140836e-01
1.077192432423563495e-01
1.082792584233425587e-01
9.398457003413361599e-02
1.058102865657648411e-01
1.002551898894959992e-01
9.640332072474057379e-02
9.988270504516577608e-02
1.263193139390257069e-01
1.192664466237595561e-01
1.063284715804270614e-01
9.983701195449172505e-02
1.170394198199356389e-01
1.164245283995774122e-01
1.433742406404329983e-01
1.541812002359920220e-01
1.022655699449879080e-01
1.061726630299241608e-01
1.026761628676149535e-01
1.027219699634003558e-01
1.086836265509369404e-01
1.062878023321614934e-01
8.842590718804538286e-02
1.025221549005024962e-01
1.121204038730668207e-01
1.003714764689160321e-01
9.642490617203629266e-02
9.671654617974115298e-02
1.013628714596130215e-01
1.078263681107868022e-01
1.245499358781684968e-01
9.581429888437698050e-02
1.080209310908163411e-01
1.065200982440279859e-01
1.067174989140915742e-01
1.333908457920112700e-01
1.054809910486936841e-01
1.082985038875188682e-01
1.570273932266428585e-01
1.035000503589226239e-01
1.051304379791273697e-01
1.025997978019232981e-01
1.035195538257468184e-01
1.022849484163900063e-01
1.082626251390245431e-01
1.036682865452158014e-01
1.063808532790530142e-01
1.097436709262260557e-01
1.162887212224955336e-01
1.060604800540402154e-01
1.135005220939999809e-01
1.016771585526713845e-01
1.015451595171774080e-01
9.709585191117788006e-02
1.016946415008974508e-01
1.046159475191130034e-01
1.040862926528149518e-01
1.069355980677830914e-01
1.067539621656184295e-01
1.132767417185067405e-01
1.042738155313306520e-01
9.913831577384857319e-02
1.009218402721705071e-01
9.942771929207432080e-02
1.208937138611637513e-01
9.284130152552459714e-02
9.056810387645221339e-02
1.138522237546650551e-01
8.203762844357156969e-02
6.585055199720980801e-02
1.245899173801598842e-01
3.549413977532177994e-02
4.268897559191082297e-02
4.042750074911937580e-02
2.474273316475186432e-02
2.419088912052033344e-02
2.782121522923559562e-02
6.270606673055054148e-02
1.006345902538491183e-01
1.802703680606637660e-02
1.761781741356066230e-02
2.325720751433112479e-02
2.544382634702951201e-02
5.778758955865474778e-02
7.101089680554638350e-02
3.168146669525262471e-02
6.121066218662100933e-02
4.255360412666910064e-02
1.056198353334357604e-01
4.238272013055518345e-02
3.237578588637876620e-02
3.537926841512589043e-02
5.350537669986393102e-02
4.454435214532061899e-02
4.104835815866105658e-02
3.573873209652449895e-02
1.149108403220636399e-01
4.758247950525807540e-02
1.484194331972593650e-01
7.247091254005569305e-02
4.305542467639423415e-02
4.389379404308971222e-02
1.152919341753316368e-01
5.317981265061182822e-02
4.751003818337485446e-02
6.061731384651391358e-02
6.082145225693504770e-02
3.967261136466010418e-02
5.785979762701310564e-02
5.359037184450785724e-02
5.456723242742578250e-02
6.167268320155681188e-02
4.734995416761971637e-02
7.446482755027769573e-02
1.402696700701980270e-01
1.075382151858080004e-01
7.111188109965134452e-02
8.443574910708866177e-02
6.479268913537949981e-02
6.532533650929014946e-02
5.548936524319797448e-02
6.788092500586348499e-02
5.697795513296127073e-02
6.243564089299536574e-02
7.437541638095089558e-02
7.695828070740300120e-02
5.840493470812729154e-02
6.474002355469164749e-02
5.847482256433070291e-02
7.369867795458902304e-02
8.263610377130958806e-02
7.147721012920627004e-02
5.545511596543597349e-02
1.045904897386154830e-01
8.612051030052099432e-02
1.261513599844691635e-01
7.371351660141096940e-02
7.060887651832721545e-02
6.143455056735913633e-02
6.455726588801187493e-02
6.651358972281111448e-02
9.948662596951389492e-02
5.927874526711348485e-02
8.235167718418351379e-02
4.858717669858654553e-02
6.226408644474970555e-02
1.205480658038682595e-01
6.741237812029740595e-02
6.522021683697573624e-02
6.544398838369028248e-02
5.862563469795190052e-02
6.488755991031919246e-02
6.150946755682459854e-02
6.666233794461956519e-02
