9.369318309940302125e-01
7.158507116223372657e-01
2.714111142468835780e+00
1.976258758612875477e+00
1.483269391077654653e+00
1.163268616068886319e+00
9.268828511473840015e-01
7.439357007198635907e-01
6.000752568738332293e-01
4.887600788927464190e-01
3.947894554005350054e-01
3.246938872345540017e-01
2.666511727663013476e-01
2.181873369514830963e-01
1.824903070573482833e-01
1.587160695455450410e-01
1.303004038824503719e-01
1.138888010189098299e-01
9.475167359851056903e-02
8.687563103090467642e-02
7.844396100025413654e-02
6.534568756096952036e-02
6.140413265649711377e-02
5.649431423228538918e-02
4.757301817281249512e-02
4.531973517078540653e-02
1.849540083816194821e-02
3.503726040755862636e-02
3.430961657260454128e-02
2.880719543185974313e-02
2.630272442923888704e-02
2.710244264375128581e-02
2.448284740526894196e-02
2.156360999501062345e-02
1.791137257350308015e-02
1.997688199725367389e-02
1.657378129995706884e-02
1.363248240821157004e-02
1.910057686406466115e-02
1.559532206887194114e-02
2.185255102612486400e-02
1.464186566582115212e-02
1.168930705125695128e-02
1.438239427339194076e-02
1.233422366648227395e-02
1.137361586838828501e-02
1.269613435453722031e-02
1.537137967322605575e-02
1.202662932975780315e-02
1.218919062877926208e-02
1.162890291811733041e-02
1.357663943316479195e-02
5.060052420648450747e-03
1.285389924996917926e-02
1.178635911712380864e-02
9.927059518839575700e-03
1.562989273401984083e-02
1.168029814100869125e-02
1.142022500042375391e-02
9.037210545534425307e-03
1.201886196878432754e-02
1.091428409575567401e-02
1.062069042825331509e-02
2.791444259058198200e-03
1.144014346763403377e-02
1.780393780772214583e-03
1.105972833863535718e-02
9.126435872767037910e-03
9.570674643780379201e-03
2.038861007821746868e-02
1.017390957023679883e-02
1.050866402721782784e-02
1.681888273834384120e-02
1.012390966383501338e-02
9.840702146078942128e-03
9.534904166171949760e-03
9.581030858461661928e-03
9.232152768552688918e-03
1.011195577116108177e-02
9.104270839043847666e-03
1.866900952521063223e-02
8.710600699909131286e-03
8.601037145737740197e-03
8.487215546824813939e-03
4.072312894511006739e-03
8.018489919082766662e-03
7.561060385795053546e-03
8.529656154970761961e-03
6.003890746563311613e-03
7.460115647311061325e-03
4.040930242929913034e-03
8.232756699100899495e-03
6.633516261938420498e-03
9.877368253667527173e-03
6.721329645286565346e-03
6.711168671411189661e-03
4.747758807991646172e-03
6.253001040466688379e-03
9.482180967176128891e-03
1.523351299566973530e-02
4.733320029793704024e-03
5.481158123776461166e-03
4.764667784770765940e-03
6.694873372516385417e-03
5.336335395472955809e-03
5.386299706261182124e-03
4.981901825109840212e-03
8.703024509919271914e-03
5.770152096455665250e-03
4.318702376694861719e-03
4.085346383845240431e-03
4.367976210142362689e-03
4.264169198501287401e-03
3.284784757776260371e-03
4.040413071839526159e-03
3.840141716661149302e-03
3.682023321156479428e-03
2.261907677276146257e-03
3.344510716121643946e-03
3.115282004661057598e-03
3.453812042128914187e-03
6.503364954168176955e-03
3.013918479881774488e-03
3.911934157790610163e-03
2.703669517826980204e-03
1.436410600208658543e-03
2.027183680734677938e-03
2.428820756109338706e-03
1.931446953381147757e-03
2.149894803120780667e-03
1.123844919542258671e-03
2.189503312912519008e-03
2.036259803026664594e-03
8.152927692638820348e-03
1.626326513645569424e-03
3.291570682029662086e-03
4.726418927288163381e-03
1.548229583480795072e-03
9.350809567985990346e-04
9.557338547971145530e-04
4.188328902018044302e-03
8.737654827833013158e-03
6.999523614009123392e-04
6.509925123515490110e-03
5.788542767041558561e-04
6.333478251046913100e-04
4.638873091590562238e-04
1.039660728558748463e-03
2.019385499802420648e-03
1.405150959529275281e-02
7.096387293648381226e-04
2.273963451479009065e-03
6.392822648044114292e-03
8.548556326445739487e-04
1.151104845712965603e-03
1.818486574313508660e-03
1.051344761573083306e-02
1.319052867100942725e-03
1.332351908995020812e-03
2.395169665818065122e-03
1.578974280140660802e-03
2.641000718453349449e-03
4.727827159054028179e-03
1.905070118444962416e-03
5.043300456815472295e-03
5.087954516872373462e-03
2.119691957211651025e-03
3.172702918036320475e-03
2.496608944361110999e-03
2.247333881726559183e-03
1.950924190551173295e-03
2.663363250351442890e-03
5.682577188853498232e-03
9.345044917999091941e-03
2.993695739697379513e-03
2.689055263231947181e-03
3.398603864674547281e-03
3.327940407874949678e-03
3.189840736991720466e-03
4.129136647250002123e-03
4.784143853323190136e-03
5.014110321212369645e-03
3.625440014787979174e-03
9.154538889575248792e-03
8.970800918397548243e-03
3.787179656525585959e-03
6.025082008285990130e-03
4.658719291231753525e-03
3.937080794784242679e-03
7.184825674475288707e-03
6.660204463475837000e-03
4.078050438092911505e-03
4.025156473011617941e-03
8.589977867442267698e-03
2.338216378591956562e-03
4.450550490893413758e-03
4.930145627856087794e-03
4.793250508619077178e-03
4.681689606266205804e-03
4.643018673111303299e-03
5.948529098678663474e-03
4.554685670934061938e-03
5.396321205400331222e-03
4.264772011501593955e-03
3.833364793423704904e-03
5.443259751272386954e-03
5.139239568510005872e-03
3.513950754763645306e-03
4.804170339375927502e-03
2.238699143209045561e-02
5.510939373673097094e-03
5.103955927938921312e-03
4.705904375148701503e-03
5.435092238525312223e-03
5.880794309436554457e-03
5.616685827825298495e-03
1.893377678382903231e-02
5.844465801360956836e-03
5.539522284324845634e-03
5.304654332070622529e-03
5.966482695582138278e-03
5.572485941592117929e-03
1.414091773626557219e-02
5.945068695834650717e-03
4.442430508477080570e-03
5.909506428777552660e-03
5.883838857985690049e-03
5.994187365444263171e-03
6.487287668722155343e-03
6.020095376728036400e-03
4.194300346327072687e-03
6.248705180282344840e-03
6.150656842268503212e-03
7.049829362159833884e-03
6.362025506418418803e-03
3.476738228515572401e-03
6.472325063879998640e-03
5.887275118615983328e-03
6.721162271818920814e-03
6.412477909944351399e-03
5.346390665891246133e-03
6.832076408712404493e-03
6.471572678542543422e-03
6.181706704219600522e-03
6.781003523710211339e-03
6.441311179212511930e-03
7.208512490946872818e-03
6.809567515308635917e-03
7.575651132246013705e-03
8.445710678689637846e-03
6.899265862586761479e-03
4.205724932856706039e-03
8.085040173167325900e-03
7.031775555146030365e-03
4.456707756142585901e-03
1.065247023052855006e-02
7.158608686941080740e-03
7.269918851261799979e-03
6.630903741486653818e-03
6.677816007707238107e-03
1.544453009151708529e-02
7.886213661234795641e-03
7.347060114943121736e-03
8.467434603040932539e-03
7.309354862829032726e-03
8.128574364618234432e-03
7.378115934028693125e-03
1.415275499100922957e-02
7.289662281350894543e-03
7.414213500687455265e-03
9.030219309914289463e-03
8.741610472595749345e-03
8.736969817790790627e-03
7.899731226130956088e-03
8.005365665956443166e-03
7.530968802373885947e-03
5.936025761125712091e-03
7.411945523368269374e-03
1.111325902639281361e-02
7.570996029992685394e-03
7.773404563101309755e-03
7.726284969961202433e-03
7.643787818180201518e-03
7.751664774177095818e-03
8.464362503739402202e-03
1.000099568918824677e-02
7.982067556797872374e-03
9.691001049331227774e-03
6.451904871412852092e-03
7.712321370041656451e-03
6.595032332122824706e-03
7.945136862406460693e-03
7.684385525248320706e-03
7.835242892620155816e-03
7.829005051225293096e-03
9.540677081147069111e-03
7.736497484480001421e-03
1.424555032662427542e-02
8.726837182009845872e-03
7.764176150144834303e-03
