9.248779803537371391e-01
5.366679542727013086e-01
1.433309447769772982e+00
2.005012014318323210e+00
1.842518219965404436e+00
1.411841200355776316e+00
1.060185077817509924e+00
8.016294435426882803e-01
6.060989185840355287e-01
4.559641963107023965e-01
3.408312236455821043e-01
2.530950241020245572e-01
1.867939168261377458e-01
1.372723818863985090e-01
1.008622440305412954e-01
7.456296705827099303e-02
5.588115245550335369e-02
4.277646075782064877e-02
3.365061765897305740e-02
2.730743864988157202e-02
2.288579736936637368e-02
1.978003207530963994e-02
1.756876790725010740e-02
1.596371924291860658e-02
1.477154107169800258e-02
1.385440289513363392e-02
1.312237141296436135e-02
1.251962045324603139e-02
1.199664363310190551e-02
1.128182757806757940e-02
1.108289129351362756e-02
1.080890323942796175e-02
1.027240162247865761e-02
1.371943240926860701e-02
9.567938209052316914e-03
1.162609543547706882e-02
8.780194275625052142e-03
8.372374638757663218e-03
8.160116733563569508e-03
7.819120097791593116e-03
7.604290610267902713e-03
7.230880744693453030e-03
7.184194811595235111e-03
6.668057171759170926e-03
7.240157783361794372e-03
7.367202703451294389e-03
5.747144902288283189e-03
5.770797478472655846e-03
1.269215770360152505e-02
5.201008223412719768e-03
3.599018934376124919e-03
5.774104714761012919e-03
6.526824257433500379e-03
4.555253483363306405e-03
4.689001674000260918e-03
3.318692273683030488e-03
4.126101623303521718e-03
5.018148664338215569e-03
3.903449862082214450e-03
4.208128383351650986e-03
2.138882250228825877e-03
1.740473968474120755e-03
3.522287142731971889e-03
2.838551662124993644e-03
3.620908524864849438e-03
3.149584920253507489e-03
4.504191223848191122e-03
4.267643323501741671e-03
1.632975992908411575e-03
5.023240158910598219e-03
3.373251925815206904e-03
2.892924685628460099e-03
3.289828765284056895e-03
2.374761850053798157e-03
4.395544534789925378e-03
2.883480294594819790e-03
2.662984958529036276e-03
2.353381603289123828e-03
3.373127900090817921e-03
2.657312718257299772e-03
2.813881788255719225e-03
3.755750662634384403e-03
3.691976880306035123e-03
2.712371297908946956e-03
1.145965048469550079e-03
1.989737621524700732e-03
3.221781106135691766e-03
2.915263511919679359e-03
4.620947999959532093e-03
1.310693807199038224e-03
1.672622440625498672e-03
2.572417730096770386e-03
2.484974711439289895e-03
4.237582319742460961e-03
9.928848493181399899e-04
8.915403641436133939e-03
2.723832412956355559e-03
1.155429280528197204e-02
2.135350548843316116e-03
1.795667515110043518e-03
2.222438969080928542e-03
8.548335007289963993e-04
4.413100185188310529e-03
2.152436005279583387e-03
1.373349222661080383e-03
7.442299691466856305e-03
2.133427141148886222e-03
2.189052260377583568e-03
2.104123497669668774e-03
2.980729345928122189e-03
2.032690705293690395e-03
3.596574124214158442e-03
1.990648505907152352e-03
2.233628319684996012e-03
1.988106776759819127e-03
1.925026657204137936e-03
2.047765576312937479e-03
1.994371372146157197e-03
4.134809824820331534e-03
1.911582533732483335e-03
5.856769941537656385e-03
1.827715398615619184e-03
2.767391934325438320e-03
1.769674727278285932e-03
1.552291694060889621e-03
2.603793089883702123e-03
2.918318174628873902e-03
1.794464298342550923e-03
1.898079955776297949e-03
1.790650557635567247e-03
1.758589640056424600e-03
1.757993840874338921e-03
7.691052582074125532e-04
7.354216279878231927e-03
2.708049185645658701e-03
1.304224038653143064e-03
7.488280230457175632e-04
1.341386294204614414e-03
1.230820987878660042e-03
1.618193521088658526e-03
2.064959843816452801e-03
1.954569521476421691e-03
2.802703695162647203e-03
1.537588390848339910e-03
1.447484053208293207e-03
1.493395386020401850e-03
4.529442398137822033e-03
1.912740529184781511e-03
1.405595867617538729e-03
1.735083263084614752e-03
1.499857709851745366e-03
4.850558728428480985e-04
1.501564953895319224e-03
1.398699736154196405e-03
1.133627025515047872e-03
1.439524699594649541e-03
7.643385617845049147e-04
2.519193478403849388e-03
1.441174535236606049e-03
1.510818490013429933e-03
1.270678305266541340e-03
1.621548983677960050e-03
2.743250067414766073e-03
4.874891766160059994e-03
1.486702065902332105e-03
2.104460214522213633e-03
4.233438481508846642e-03
3.436776165199794709e-03
1.294063003032506782e-03
3.057819688364411728e-03
1.274655790008880985e-03
4.943946939511969585e-04
3.054598965876696715e-03
1.876782782694747138e-03
1.939896137530642889e-03
1.592341856254739793e-03
1.216600306351128683e-03
1.901231802857194109e-03
7.259507572342160323e-04
1.280618880088987225e-03
1.215097579212562296e-03
7.645176531463533393e-04
1.064830943816119342e-03
8.670605835885544441e-04
9.294187682981788073e-03
1.622744241796044524e-03
3.736928954608245354e-03
3.414737114808699594e-03
1.318070444205535598e-03
5.442160502863554322e-03
1.165313006087970475e-03
2.908924586855811140e-04
2.084262148210380954e-03
9.221455987750389657e-04
3.818633803171215721e-04
6.999926590192484359e-04
7.522072021858342266e-04
6.359533817856516781e-04
1.855812463593480314e-03
6.795894516799549142e-04
2.062058131135926630e-03
9.510520941843957164e-04
5.951687346162418818e-03
9.172285446257072384e-04
1.195550336471425243e-03
1.583208823492299536e-03
1.090371757052239392e-03
2.943647541479354167e-03
8.593059588208598262e-04
1.320589164211456550e-03
4.242371277187365064e-03
2.628236851290184552e-03
6.510585172690724724e-03
8.712915365230714708e-04
1.334274765117106050e-03
8.933325016518363273e-04
6.675486677484216737e-04
2.371658665929901079e-03
1.775091999744592575e-03
7.561830633668742549e-04
8.801929777061521685e-04
1.171053283601757120e-03
3.220253639459254823e-03
4.464637952031206940e-03
1.153801550764773070e-03
1.017289366233632610e-03
7.701958559747075581e-04
8.374254788703613733e-04
7.400071506826376910e-04
8.257955923364965201e-04
7.173016443637679051e-04
5.355481926375410670e-04
8.392660963214399437e-04
7.381663578421087616e-04
2.193821765201311048e-03
1.184655683903263618e-03
8.970860045556772969e-04
4.054201258008927056e-03
6.826569909048148168e-04
3.340138408753379976e-03
1.274060230826940280e-03
1.129450999067138639e-03
1.678891779426502787e-03
8.309342339507787495e-04
5.271151571740308271e-04
2.481677584920609619e-03
4.353439399560001151e-04
1.040562458124303551e-03
1.185650001783844672e-03
1.622543833352523219e-03
5.775086092778775135e-04
6.174778756004428021e-03
7.924782710048344564e-04
2.553564794302994284e-04
6.830766640239992150e-04
7.552488974799158273e-04
1.478138084306998600e-03
7.586654597543211493e-04
1.629077543851149487e-03
7.099264332285716616e-04
4.510762670449994108e-04
6.954799669200371339e-04
7.637680687257537761e-04
8.684920971684993805e-04
5.869000659582850662e-04
7.149961925648942295e-04
2.930932326291889366e-04
1.323568306658009976e-03
9.167581789731204427e-04
6.871116482239965221e-04
1.598060197517100220e-03
2.739162044734102120e-03
1.510499996965047626e-03
6.545163389111714747e-03
7.064523212268558703e-04
5.590758950764570948e-04
8.752390111491414925e-04
5.974573939572382737e-04
6.797309759500152733e-04
1.239607140064471515e-03
1.028330295664680281e-03
9.467884417531345631e-04
4.021067232748654031e-04
5.962582789406029385e-04
5.661332728277997627e-04
1.908651458942177154e-03
5.258371357887881188e-04
7.261972607681113547e-04
2.615800372550020070e-03
4.883346983418367787e-03
2.196618679205329574e-03
5.253594573916666247e-04
1.083788879293563550e-03
7.796548125563906211e-04
6.864041590617330196e-04
7.257399140766631956e-04
5.844568340690691442e-04
4.207886765827295768e-03
5.238105243233692147e-04
1.127350692578526917e-03
