1.125195722408005361e+00
3.943119488420851471e-01
1.217972914135818430e+00
1.238533647417431771e+00
8.567955039265681139e-01
5.333216505796374296e-01
3.365618283962735768e-01
2.204342307710197291e-01
1.519131450098985259e-01
1.097792371309564557e-01
8.174114630110795865e-02
6.153955354736011935e-02
4.630269719745579160e-02
3.472347441262704781e-02
2.605613237559500223e-02
1.971773919057437027e-02
1.519197215217225200e-02
1.203078930498420462e-02
9.861488694589214121e-03
8.391007453372826067e-03
7.394978303961731621e-03
6.713465785277388312e-03
6.237271576668614731e-03
7.798803194085494189e-03
5.495266226263809291e-03
3.795700708970535867e-03
5.098823638860846760e-03
1.134067107572336343e-02
4.837667115039426258e-03
4.704608265866114594e-03
4.672939764465458903e-03
4.573056519357189889e-03
4.598213601451317002e-03
4.342413141355834852e-03
4.391455294107579274e-03
4.245435876977481614e-03
4.121695778940592456e-03
3.364749799484237705e-03
3.879179289676837599e-03
5.026799969344085232e-03
3.521571405662986959e-03
3.646441861459996919e-03
2.750871527652569860e-03
1.296276598749993361e-02
3.074212055827195943e-03
2.032929776704521171e-03
2.899750548267941014e-03
5.201335955738746464e-03
2.647877974535738001e-03
2.710576730452265645e-03
2.357251443849545970e-03
1.870839302125730476e-03
6.767231403078567339e-03
1.918632988271307214e-03
7.231818005706880381e-03
1.711995998829913320e-03
1.240306973649375581e-03
4.046279825940727985e-03
1.164219154916267289e-03
1.106695378056211975e-03
1.521113264408328935e-03
8.083689763528880551e-03
1.027192915108326478e-03
1.359034145484452677e-03
1.673363877265097348e-03
1.004982725582780675e-03
9.545699127429367343e-04
5.284161090994258679e-04
5.697111486168483004e-04
5.870185679647488232e-04
5.511309664190776206e-04
4.588586065136260285e-04
1.947808242927606941e-03
4.168760179295698818e-04
5.439028182860561811e-04
1.875802359847540636e-03
4.057356560034597825e-04
3.646804833205836266e-04
9.963189148922994495e-04
3.002846436270119844e-04
4.066550105764963133e-03
2.953452208618235933e-04
5.137306426770651057e-04
2.797880870762066170e-03
4.858282079559130343e-03
3.948929484014240474e-03
2.815472084820802253e-04
2.275666373417252388e-03
4.552895143172517624e-03
3.109959668121167471e-04
2.791993875293919802e-04
3.158438986959129940e-04
2.662265645971450732e-04
3.727428018304774658e-04
1.218175160218760511e-03
2.775064420311273679e-04
5.605380477590437551e-04
3.673677805272408301e-04
8.391425991764851983e-04
6.446700250997250414e-03
4.028248893638691481e-04
3.873261601980620213e-04
1.780586223673209095e-03
3.559922385388644586e-04
3.376862733758135963e-04
8.455135463407841305e-04
3.529791194568575015e-04
1.566793416171031366e-03
5.717427257020917105e-04
8.060029039206546885e-04
9.889008220987161642e-04
5.595128639647527864e-04
1.573756728232462770e-03
3.579112605550632928e-04
5.174379068497114665e-04
5.581649172390055515e-04
3.800941862243534665e-04
2.675597472579213437e-04
3.520042897407611900e-03
3.089380431502915833e-04
5.434272168505295845e-04
4.690769053028717500e-04
7.448703855844772750e-03
2.457862168472446499e-04
2.621813703938648439e-03
2.782929269521194709e-04
3.788923192610203208e-04
2.825945713038052602e-04
3.820766884029503860e-04
8.280297114206700785e-04
2.822220596143870230e-03
4.117477027553692105e-04
6.746937512676671892e-04
2.894565951443768157e-04
2.514460530908896535e-04
1.263571953671759627e-03
4.369550168220721572e-04
1.071142025058089689e-03
3.662944741270352943e-04
4.655052710620392518e-04
1.513025933559599507e-03
8.626387499793659267e-04
4.165265016049598742e-03
2.818868300887940521e-04
2.467280003699653078e-03
7.478192009502474154e-03
4.103048481352578221e-03
1.900894534257038760e-03
6.744010575191467091e-04
1.476238353967544671e-03
1.864578635821369712e-03
1.549005474083075640e-04
1.756694111156416370e-03
7.044531116931282292e-04
4.434788976564866029e-04
2.647553303919262559e-04
1.427475113956275720e-03
3.712674131411962701e-04
1.247012273442452742e-03
5.328593473064453237e-04
7.299960232006348897e-04
1.395939208743603036e-04
2.163910671881468060e-04
3.276532351649430355e-04
1.742673730227954632e-04
1.318357558197311326e-03
2.253272188843780631e-03
6.408801789877791640e-04
3.131488112682204259e-04
3.764428288552735310e-04
2.978297146259159490e-04
4.211678961481474573e-04
1.458522345028099914e-03
1.603616355363145793e-04
1.951091835974642658e-03
4.941762772528716279e-04
8.377416982667749631e-03
1.372667600836275585e-04
1.038108107351571469e-03
1.773345718603304313e-04
2.047823795937014750e-04
3.164920464761469647e-04
1.584736490714523053e-04
4.954264665732798856e-04
1.419647392248165165e-03
1.444278673987642835e-04
3.072710482322785642e-03
6.756689285078954117e-03
1.965163540711552595e-03
2.101882421489189049e-04
3.364574782280307648e-04
1.397358413102250344e-03
2.338317949955651381e-03
4.013496210367636908e-04
2.931845080323667620e-04
9.821850913337309454e-04
6.564218350122673611e-04
1.231393765408425069e-04
5.385114937817081027e-04
1.688096333957281574e-03
1.536252973994123414e-04
1.671035428282264764e-04
1.367044241477414221e-03
4.745287108135250046e-04
1.320317250709409284e-03
1.448322173661859621e-04
4.505665586858035102e-03
4.023449981325198958e-04
1.866284259933098438e-04
2.970757413768880463e-04
1.090129541109873391e-04
3.922902539142521239e-03
1.666033304416420164e-03
8.884625437458427500e-04
4.474152431826024169e-04
4.770441275931110799e-04
2.288278825683737400e-04
3.109925360671079737e-04
8.252932036518767760e-04
5.805475798243732444e-03
2.772139373037787579e-03
1.233019777060226840e-03
2.168403223125848264e-03
8.392867676904518584e-04
3.919962499519424881e-03
1.379788080444088359e-04
1.178394062458829159e-04
3.603637891779774838e-03
3.376883899925992461e-04
2.063358872256474243e-04
1.050950436274289412e-03
1.069269066936887969e-04
1.264255473138575780e-03
6.382440135335007599e-03
5.376639948471385530e-04
1.214841532548202943e-03
6.293034050406995719e-03
9.896649400825471431e-05
6.081036542053770526e-03
1.145032967874970014e-04
2.309403355266410386e-04
7.935200767975656268e-04
1.057673323355840797e-04
2.804404065615923535e-04
1.129380682227088114e-03
1.043980527751070509e-04
1.580000272779197963e-04
4.426074521200825014e-04
2.856005724299167953e-03
1.080608447655845300e-04
5.375046191584010452e-03
2.165959817407515225e-03
4.606417053436067874e-04
5.628566827933166030e-04
1.422308262023812536e-03
2.177332396649844565e-04
1.646769734959731930e-03
2.543651795474546548e-03
2.433621499804769581e-03
2.014871219825506432e-03
6.936122084681567174e-04
4.997698195190240994e-04
4.584272021135555133e-04
5.567655709879857067e-04
1.023812702833107281e-03
1.119499704175403598e-04
4.887246778753273277e-04
4.153446777588050247e-04
1.370779962900996705e-04
7.421485275709971798e-04
4.926344867148789441e-04
1.523856550705905710e-04
6.016865648340962011e-04
5.755367882674015207e-04
4.127407274159774781e-04
2.931424363626989379e-04
3.462579771024760665e-04
9.913085119801906542e-04
2.153533527878693891e-03
2.249167480102821047e-04
1.599493991197915746e-04
4.729200901222888227e-03
3.774729011491075449e-04
8.688378939614403718e-04
5.005375496156748774e-03
8.443058225759985823e-04
3.799261687043179792e-04
2.191099503721109266e-03
3.200019765546491994e-04
9.924068211591998670e-05
5.020530271786791468e-04
9.805248801126372621e-04
4.452790752630336399e-03
1.559623118135100225e-03
1.100535720941487857e-03
1.121165809771522111e-03
2.627026174797078041e-03
8.467828042439747190e-04
9.769162172517779647e-04
5.464390455669624821e-03
