9.941786934141332299e-01
8.559116660722837500e-01
2.049702122585761455e+00
1.689184710792350330e+00
1.176788123128373886e+00
8.033637476698450852e-01
5.472575034940023730e-01
3.752948405914912078e-01
2.608202779747289535e-01
1.829681359791252571e-01
1.284749582188746964e-01
9.052764294162710113e-02
6.488841251057732296e-02
4.803713662496373465e-02
3.711726710617316294e-02
3.004889452411368608e-02
2.542714618581367464e-02
2.184091517069287891e-02
2.028193154489264100e-02
1.843115436518960940e-02
1.771433732161259086e-02
1.663476256283040466e-02
1.563212609893607427e-02
1.494331643356298749e-02
1.488575155176612499e-02
1.630305821308740757e-02
1.521836684898997781e-02
6.384703158568754734e-03
1.134606411914503010e-02
1.065969719191289800e-02
1.022640359854513556e-02
1.692929855043509568e-02
8.536797137758287898e-03
3.138494881549118345e-03
1.485733465429751703e-02
7.165405753335752845e-03
6.317255850731258796e-03
6.862681285913187039e-03
5.498568716868954508e-03
2.922523373446543008e-03
4.675851467434512937e-03
4.973276125638156561e-03
4.068963188328700818e-03
4.190958048885974965e-03
3.428014540942002624e-03
3.659076278361969581e-03
3.418006725924096784e-03
2.858170972239736790e-03
4.117563200721926359e-03
3.117838693585699671e-03
3.719732197072318867e-03
1.346703242015377840e-02
2.604089020126820319e-03
5.008432160113727126e-03
2.765532545993536206e-03
2.405795448717727974e-03
2.257695695057625705e-03
2.810051319265135638e-03
8.473604465492228996e-03
2.317069689714912079e-03
1.417775917655886113e-02
5.235745759887298033e-03
1.880893378597290689e-03
2.989150600978312568e-03
1.404532884103496361e-03
6.268947355552795947e-03
2.906330256488237705e-03
1.822583938123620252e-03
1.430766242889359215e-03
2.991986907099541612e-03
6.224419764975362701e-03
2.748379504866662378e-03
1.608327119793147948e-03
5.269311140621003820e-04
4.621038412298046454e-03
1.879679585829273749e-03
4.582015500859282046e-03
4.186020677200519985e-03
6.725799953402046734e-03
3.248837243668065405e-03
7.855238980130711465e-03
2.185753090866901591e-03
7.306199269143758696e-03
1.280800028238372268e-03
1.535320187774978033e-03
1.965551076215659495e-03
1.560521216983755659e-03
1.258998046804482920e-03
3.578820770481348345e-03
7.774389772839509875e-03
1.659891194790101727e-03
3.217722713319974819e-03
5.010343610534638906e-03
1.181339308828620142e-02
4.096278342712383717e-03
3.938836779018069917e-03
8.077942367575056612e-03
2.628426968246518232e-03
1.706648417559209060e-03
1.253714205132647370e-02
1.317440388622232719e-03
7.479840566995959485e-03
3.678322071601036443e-04
5.855533044574224308e-04
1.310947902900650103e-03
1.311981684905174500e-03
7.541311714194447267e-04
2.065871643011466495e-03
1.634463031624952285e-03
1.206224563873280415e-03
1.433566014979765308e-03
2.554345378844659169e-03
1.844362251997793507e-03
1.302384178422379048e-03
1.370629267399289071e-03
1.116292235575757534e-03
5.007243343596838462e-04
2.982258581854383903e-03
4.912586430842803310e-04
3.189413881537316985e-03
1.956246421291530334e-03
2.083867419512365482e-03
6.906191290493112313e-04
1.939155012312097437e-03
1.799160985880699079e-03
2.247634688984091657e-03
4.180342629693375111e-04
8.621754652194631770e-04
8.991263810965415687e-04
1.262306983983236836e-03
2.140674075224932148e-03
8.984306669540513155e-04
1.090707317724285688e-03
1.044770142255434849e-03
4.940508543049026459e-03
9.854519832133909474e-04
6.448762216725903093e-03
1.307917345547658433e-03
1.497417973403773186e-03
1.524395226688304633e-03
8.501137862890781154e-04
1.404337432655068099e-03
1.736258308967954158e-03
2.693379892353037035e-03
1.103474647285413108e-03
9.393565215147588101e-04
5.870826433597196121e-04
7.342535532321580339e-04
6.361490719596648137e-04
9.172316017183240527e-04
1.292415025703743704e-03
6.945000427355999331e-03
9.065268970960592768e-03
1.481106714409546540e-03
6.129014873240380083e-04
4.804491206931621287e-03
5.008758413776576678e-04
2.368034012361114934e-03
9.624372360733406866e-04
3.228200113352867103e-03
4.864835536534640147e-03
2.550858849967673966e-03
5.984424294703828955e-04
1.440086186289475743e-03
2.183934908513276551e-03
5.746377598742726835e-03
1.420894190040745096e-03
2.181282143499209143e-03
8.402355010969527176e-04
4.297623953307713567e-03
7.357917399145014843e-04
2.384914603436542727e-04
1.307819186659547840e-03
2.290355959072214002e-03
5.259129002099826363e-04
1.011739818061302074e-03
4.223891991680270470e-03
1.308359769985728430e-03
1.840929387523371511e-03
1.399298435282821497e-03
3.366514260767230972e-04
3.951172576218497587e-03
1.616928211530443233e-03
8.612233621747848906e-04
1.063318419719099916e-03
4.054812315721423375e-04
8.370068336835494865e-03
4.339954260822432262e-04
3.468269733943790678e-03
2.979893558176507570e-03
3.408477211252247934e-03
1.023457369397499754e-03
4.047763657616914711e-04
1.334989071664404196e-03
7.229854568921349018e-04
1.774039172689443299e-03
8.084163585448033915e-04
2.954855168768798571e-03
4.360898568148559003e-04
1.232524340967664292e-03
2.512696968605350033e-03
2.061328335945832643e-03
2.107602695050775647e-04
2.141197138240532802e-03
7.486783545129093885e-04
3.083845100463234075e-04
2.810496808548715829e-03
2.563148926144421581e-04
1.841154790576336178e-04
9.022815657602776054e-04
5.913077576720529279e-04
1.075538775305400841e-03
2.734014599120482714e-04
4.612954245631524508e-04
2.466982486863494558e-04
1.212305893022677807e-04
1.128176915672155769e-03
2.129026030739037518e-04
3.082193838644709666e-03
1.116921496019070755e-03
2.417930307843705977e-04
4.191824000434486567e-04
3.455139212598857981e-04
1.290376555227926115e-03
7.355241588780826604e-04
2.149029537178665048e-03
1.303897377864600545e-03
3.977972048144368458e-03
3.163875468178731915e-03
3.617811673815864398e-04
5.796550516338971285e-04
4.471606905255757331e-04
1.212561026627951817e-03
1.933256271044364420e-03
1.076519529546836242e-03
1.073092231623058723e-03
6.566828656603433331e-04
3.908888488638911571e-03
1.277330633313070955e-03
3.181490938303817707e-04
4.778254581571479893e-04
4.069207429045226896e-04
3.455390927538955063e-04
2.453572913330602989e-04
1.817893484855292151e-04
2.588275731766386868e-04
3.118583228019942088e-04
7.355915990397589440e-04
9.475149906786522807e-04
6.229206504057320992e-04
3.352307607962360151e-04
1.544312079572248472e-03
6.135392923279396008e-04
1.263387906289210275e-03
2.746551954656827619e-04
3.819015641882114124e-03
1.270410381374594694e-03
5.626889255147039283e-04
1.673301321612575632e-03
4.739088925826482452e-04
1.554100619178312454e-04
3.880274760456407768e-04
2.317043238965509674e-04
2.473617200830803380e-03
1.805044905145311790e-03
1.927680565309475205e-04
3.415265234324437469e-04
1.568149748518053331e-03
7.532686647680413667e-04
1.329630530059853263e-03
1.836380959635691527e-03
1.723144028104536948e-03
1.652655636659907572e-03
3.407616783310305321e-04
3.754208336052135102e-04
3.252740010104370307e-04
3.319939390462230415e-04
1.524457923813915018e-03
3.901200164182988452e-03
1.583943665345596309e-03
4.244332051864052949e-04
2.802161269877152805e-04
1.873694090578889625e-03
8.983879442699347078e-05
4.991649043754197877e-04
2.074885708888652477e-03
1.095465272797218085e-03
1.676067161776341940e-03
4.042599072140532282e-03
1.259474806563280801e-03
3.701425322661267437e-04
6.007317703510208938e-04
1.482659478059732366e-04
1.296522891690611850e-04
6.008110286135483029e-04
8.053308482328752583e-04
7.709096120447730049e-04
7.505985988659091184e-04
7.033856335465502388e-04
1.006062690098214309e-03
