8.156985516964140315e-01
1.046883995003245138e+00
4.072660388317284053e+00
4.338849527328396682e+00
4.453867927427769935e+00
4.503952353854581148e+00
4.518533726630999503e+00
4.169113707196425267e+00
3.758859501521103930e+00
3.847889220172049374e+00
3.851312686034045196e+00
3.826031920493095040e+00
3.785688925172856933e+00
3.762188792538811999e+00
3.713438396924524376e+00
3.646082918181489330e+00
3.589875559427861962e+00
3.551559275191911613e+00
3.742036739849483151e+00
3.315040926125398801e+00
2.171558305762211649e+00
2.215061843192209778e+00
2.122071399547027060e+00
2.043648427284064706e+00
1.931395303809022135e+00
1.842611231630866708e+00
1.750617298533423849e+00
1.669900860880267901e+00
1.573783205590126633e+00
1.493965787726101446e+00
1.454261488594545959e+00
1.325154639752538666e+00
1.249038415975388894e+00
1.195777604827044982e+00
1.140404919331350353e+00
1.055221914197284949e+00
9.992523678905425033e-01
9.232150532720101443e-01
8.438041265904702160e-01
8.086324521911211205e-01
7.385199629112703112e-01
6.633051321266731915e-01
6.166061454785380924e-01
5.892306257933512814e-01
5.284481935940704700e-01
4.770638452963025800e-01
4.241401525441553799e-01
3.753846735178030247e-01
3.595253485103391822e-01
3.049699729325184849e-01
2.900744099808668097e-01
2.366115201096026521e-01
2.059768772311426632e-01
1.764163972372253253e-01
1.522528323402595474e-01
1.159412123354137958e-01
1.452848757344271102e-01
8.903402472784102684e-02
1.538049210748890783e-01
3.771299126516754197e-02
2.303849393177606619e-02
2.310158440095269605e-02
1.243441466663572879e-02
2.192196251042186073e-02
3.895545501118650999e-02
4.066195955543492474e-02
5.976772784680232931e-02
1.569105178228466790e-01
8.054270375683322825e-02
8.631612633450515271e-02
9.005232071051426368e-02
8.139307924773778180e-02
1.162648723521727406e-01
8.876470259389392103e-02
1.146331405281439675e-01
9.451098112152106490e-02
1.191767472478131445e-01
1.034663603556897488e-01
1.127005761746905643e-01
1.108751070052030052e-01
9.924677174270025992e-02
9.194144270372522909e-02
1.510437426631460467e-01
1.030440664231963288e-01
1.086763085255963573e-01
1.085030404409021987e-01
1.119329176856376645e-01
1.138617046096041530e-01
1.093747727861879432e-01
1.106468485587199096e-01
1.499369483649411194e-01
1.263879245040888388e-01
1.068949547708735320e-01
1.604150865505920842e-01
1.114238101291745719e-01
1.148850153218536341e-01
1.078938484839158801e-01
1.173712355477175839e-01
1.126354958750771379e-01
1.143129989521091405e-01
2.258010771671073724e-01
9.548686936289456362e-02
1.273626693510804542e-01
9.930002557565877075e-02
1.093679226941220578e-01
1.097258829909462940e-01
1.112541713088130019e-01
1.277472507242787270e-01
1.534765342149552181e-01
1.247292483968929083e-01
1.504233943516147254e-01
1.149176378420399824e-01
1.273053195930680392e-01
1.922106469809916063e-01
1.278541808182705186e-01
1.637455270434843568e-01
1.228645993013309512e-01
1.077720318646831904e-01
1.085319679224174411e-01
1.263664272720682880e-01
1.150516404768164580e-01
1.128065814435779968e-01
1.064498918446852987e-01
1.098200093732600441e-01
1.171063341428167787e-01
1.155225210066045255e-01
1.309574050622590857e-01
1.180687904133837368e-01
8.907336083736210053e-02
1.053909711395546456e-01
8.107263613582224582e-02
1.136703548952357062e-01
1.062683856625507156e-01
1.027807448577319205e-01
8.904781783774531889e-02
1.338247552939341722e-01
1.036587621116867586e-01
1.656127428242221145e-01
1.165614426146570487e-01
1.048856453281165890e-01
1.233665936773802041e-01
1.202663158114490732e-01
1.281540822534876223e-01
1.048308498905643482e-01
9.437838492719928529e-02
1.202854170057576361e-01
1.212656883536003816e-01
1.040269904671802664e-01
1.140987328909456866e-01
1.085407971157473228e-01
1.183731211081749113e-01
1.129738199766757295e-01
9.571084191736149716e-02
1.071376214763522378e-01
1.397496867183426472e-01
1.186847161710765930e-01
1.108989973647995231e-01
1.075387350930428337e-01
9.259159711697895201e-02
8.949111126895302470e-02
1.286315272286342459e-01
1.095847660873675994e-01
1.066147279995718622e-01
1.048202560981602860e-01
1.236079339855896408e-01
9.615743384210498346e-02
1.085368995413650284e-01
1.532321172787635133e-01
1.290101576744048240e-01
5.288517430374183037e-02
1.069753261681831574e-01
8.610172683374911484e-02
9.934863452044470633e-02
1.258483199129153962e-01
9.493159806364213915e-02
9.159161756552887390e-02
1.306236945262546634e-01
1.395503153099401650e-01
1.550704135848572640e-01
7.451200830521353957e-02
1.061557433529585620e-01
1.044603523951384283e-01
9.551612745460423548e-02
9.018007827418074440e-02
1.430019657111721298e-01
2.348539108028305233e-01
1.445747066944658432e-01
1.168142950000396058e-01
8.086407623780830778e-02
3.466127489044057430e-02
1.053625327270913958e-01
1.071938029179276414e-01
9.611880027973727925e-02
9.160156457336603164e-02
8.629164708774486603e-02
1.266149118288669440e-01
1.249946236326448523e-01
9.725418340494350333e-02
8.283446306805723747e-02
9.988405473250346056e-02
9.767156218699518666e-02
1.275658170225855148e-01
9.941369722497217509e-02
9.115818473685473322e-02
7.702007904688840112e-02
8.662761441976306320e-02
8.970339898431704817e-02
1.082000407253694146e-01
1.137461141165155704e-01
7.748790509407595117e-02
1.628502345856084610e-01
6.697338967322968850e-02
1.480859933250923410e-01
1.815200861546326094e-01
7.832481192710480378e-02
7.089043622736074246e-02
9.848243215269075757e-02
1.015766015658669114e-01
9.902022441218409632e-02
2.182374254204902386e-01
1.060462888609464277e-01
7.980925446144751523e-02
7.595218652608118348e-02
8.157442431712590147e-02
9.450001357475418251e-02
8.431866459869070962e-02
1.027028087791927030e-01
1.517175342550085848e-01
8.352571655657411998e-02
1.188787574098301575e-01
9.736941365597039100e-02
7.056814428799483563e-02
6.770387559367498087e-02
8.982828069896746370e-02
7.053876215172809327e-02
5.000288964051703006e-02
7.697356379887188016e-02
8.947900010736746512e-02
9.933214066205212078e-02
7.997301477954076032e-02
1.555818194006578503e-01
6.762779591092911435e-02
1.057759839459422313e-01
6.481276805887195569e-02
9.941597680454482278e-02
1.144500631165108889e-01
8.865678539989844953e-02
1.113379481554686024e-01
9.448923740896826573e-02
5.438548257845381845e-02
1.316515570666514368e-01
6.199460499734919111e-02
9.460213739346251538e-02
1.019673131928764964e-01
8.042981167303628331e-02
7.786316258636519216e-02
6.837888639927126866e-02
6.599074440369405437e-02
1.466205730817394526e-01
4.580216663750378420e-02
7.212428778729482182e-02
1.400942481475606349e-01
4.102556788743628308e-02
6.743543528975010082e-02
1.283218461099430718e-01
1.176082330022926170e-01
6.438094458095242056e-02
8.513116451325547507e-02
7.326819052283919942e-02
9.204389198560404550e-02
7.642193203789758582e-02
7.559138792554154218e-02
5.234514373241126728e-02
1.202958545499192011e-01
5.452684142491070335e-02
5.272407556247898919e-02
6.453230159775523445e-02
7.954589807061555884e-02
6.538177120340848969e-02
6.578319674727449440e-02
6.491482542190024629e-02
1.010409260067686860e-01
7.635226837646051645e-02
1.431327056755740124e-01
8.657464481680650359e-02
8.148544516529077075e-02
5.700880324031119828e-02
5.715732998106514556e-02
4.922447326585840943e-02
8.501326480296449162e-02
1.685937958164488715e-01
9.029338186266441801e-02
3.657395310533252675e-02
1.141829830531332080e-01
6.751099840600877089e-02
5.168846123378734864e-02
4.470254139756561773e-02
6.142814397184646197e-02
7.364485286473006209e-02
4.524720063913507950e-02
