9.943356733005078718e-01
4.731846737081024101e-01
1.291940757753640368e+00
1.506602705504300754e+00
1.552660689521305981e+00
1.574330742178070341e+00
1.587476682173752929e+00
1.595335272419737160e+00
1.600048512737408890e+00
1.602894077252638771e+00
1.604316472823967610e+00
1.604589159085618277e+00
1.604115970022121695e+00
1.603302763794541175e+00
1.601613216521768468e+00
1.601402153072991164e+00
1.598343999265077864e+00
1.599838120432680588e+00
1.599062901237139123e+00
1.598644344642794479e+00
1.598687670757223289e+00
1.595350228931303072e+00
1.597171233698489567e+00
1.586257800597206113e+00
1.594831467809775027e+00
1.595029977914032893e+00
1.592322218005092660e+00
1.592143552647021121e+00
1.586837633269156500e+00
1.588348321502504712e+00
1.581734005176113067e+00
1.583485248058281947e+00
1.583663592709296353e+00
1.577254901726651948e+00
1.578817774490780312e+00
1.578176710214447054e+00
1.571730644189841763e+00
1.572213908906612279e+00
1.570433325005672787e+00
1.566160352289969637e+00
1.566520315314760436e+00
1.560142483553736303e+00
1.560158192969091528e+00
1.567110712411850182e+00
1.556771089884620096e+00
1.551398310952036841e+00
1.545477972807475453e+00
1.545551163427955954e+00
1.545145813945853375e+00
1.541265500521074916e+00
1.542255205244503991e+00
1.531858908682017351e+00
1.530832394853215428e+00
1.531341242222767463e+00
1.519722982764154073e+00
1.521428712917979098e+00
1.520498680351957566e+00
1.505733566014471059e+00
1.511405070440667853e+00
1.509988013412694619e+00
1.485943987233653063e+00
1.502251652164257045e+00
1.502679419992450249e+00
1.502069307479090954e+00
1.497581010540926627e+00
1.490925608988675322e+00
1.488428159530163386e+00
1.488122624470162858e+00
1.482625988186793586e+00
1.477670304137101986e+00
1.476625668373469979e+00
1.469427326308374360e+00
1.469213195993841259e+00
1.470175740156843824e+00
1.459106085700648592e+00
1.459468802503874674e+00
1.456499586550677350e+00
1.453412353592608230e+00
1.447691562756693751e+00
1.444870386906858206e+00
1.432606911088578183e+00
1.439033934538363368e+00
1.432233178258000894e+00
1.430621890792507678e+00
1.430360063196631781e+00
1.422791006365745181e+00
1.423631765746409483e+00
1.422767154639274390e+00
1.415697090790111190e+00
1.415573244423401045e+00
1.408312644136558323e+00
1.410244346195260734e+00
1.405746689913648595e+00
1.398304015144446577e+00
1.398352197959368715e+00
1.389821402177672249e+00
1.392521614844026923e+00
1.381997152000584705e+00
1.383228276070958440e+00
1.382993243986496479e+00
1.378187543749527455e+00
1.372540275194626513e+00
1.371203971385408948e+00
1.380169580099134263e+00
1.364921792501835540e+00
1.362223992146179175e+00
1.360012982963480166e+00
1.361188309625640525e+00
1.354445449147592795e+00
1.345672840931813052e+00
1.347933033552403570e+00
1.354442954001584765e+00
1.340374745119184752e+00
1.342066998439930492e+00
1.327563028985304205e+00
1.330990355039277206e+00
1.332592345842486647e+00
1.340254485812415020e+00
1.323558900440716446e+00
1.324060796956323838e+00
1.319612986847837455e+00
1.319492711023537934e+00
1.314823254954959220e+00
1.316046397677120394e+00
1.311644103710425391e+00
1.306413376520286329e+00
1.307433498714112963e+00
1.298459160652133626e+00
1.297475555755370991e+00
1.300769429754055961e+00
1.294656900052352011e+00
1.294579331315141690e+00
1.286989822600597133e+00
1.289678424437624926e+00
1.283781259473589564e+00
1.288619582864081847e+00
1.281663649309735753e+00
1.281867363682396066e+00
1.277659934433240441e+00
1.272984026834272253e+00
1.270165032021440599e+00
1.273196701880487058e+00
1.263036758819573668e+00
1.266471673012042887e+00
1.263176572510145368e+00
1.258120396692883336e+00
1.258189907402468721e+00
1.258736541152221333e+00
1.256288143646138389e+00
1.251794864165745924e+00
1.253436350682156197e+00
1.249388487272193426e+00
1.250553279837228304e+00
1.245561619231985162e+00
1.243307247738931975e+00
1.243813254098663057e+00
1.240481961930884003e+00
1.234654876039566584e+00
1.237831047238916904e+00
1.236899988310389720e+00
1.234082062772245747e+00
1.233269856528742769e+00
1.223093540477686370e+00
1.227372085005519864e+00
1.226618793000472829e+00
1.227242151983551466e+00
1.224563268607522293e+00
1.221114319026309847e+00
1.221664254349206669e+00
1.220645542527573291e+00
1.212579192521800575e+00
1.216062878710094886e+00
1.216722476795766505e+00
1.208181672374875060e+00
1.211762018655909046e+00
1.211917195756645693e+00
1.201410006365851935e+00
1.205004730701310534e+00
1.197311710971630250e+00
1.204270879823508222e+00
1.204632013417889169e+00
1.195420071385034699e+00
1.199024312800056391e+00
1.199210380084533067e+00
1.207778427911903485e+00
1.194006319644288938e+00
1.196928939787589075e+00
1.205914197020056422e+00
1.191453104045621991e+00
1.190466964437622233e+00
1.185387569790349982e+00
1.187849759731272492e+00
1.191604914923120928e+00
1.186232236814114493e+00
1.186534642284940544e+00
1.183373954541717676e+00
1.183719791797314347e+00
1.182170317094257461e+00
1.185222220121979531e+00
1.180747856611904956e+00
1.178781106400030643e+00
1.175982333070727526e+00
1.176473201120877388e+00
1.178131955898134686e+00
1.175526350762116534e+00
1.177862051902232254e+00
1.173826610982690255e+00
1.174496192742708667e+00
1.170792288443020857e+00
1.173343750641254735e+00
1.167719984649546516e+00
1.168653402723287327e+00
1.173382504204031118e+00
1.167422635408522424e+00
1.170261761726594685e+00
1.165707692826478237e+00
1.166925815147864975e+00
1.160999128169338590e+00
1.164778944324585952e+00
1.169391797398489308e+00
1.160358561681506195e+00
1.161146119542685318e+00
1.162607926087963817e+00
1.160768590850524307e+00
1.158242650119779338e+00
1.157576999084736880e+00
1.158315767653309125e+00
1.156345669001476173e+00
1.158500316407759412e+00
1.156132386317438421e+00
1.153342552021053402e+00
1.155227364520825972e+00
1.152327791716383887e+00
1.155182534393617955e+00
1.152685854394134957e+00
1.151713304019283735e+00
1.153442212117079757e+00
1.148711937351144519e+00
1.152140141137120377e+00
1.145934019131683579e+00
1.146822821079296340e+00
1.148579170702082930e+00
1.148087497903909515e+00
1.150665138375798202e+00
1.149105540736333086e+00
1.146916319191272793e+00
1.147167765934506312e+00
1.145541654253724673e+00
1.145162128436074456e+00
1.145047649323866601e+00
1.138405043869102906e+00
1.135288525896329670e+00
1.141539571831206690e+00
1.142483377993418481e+00
1.139705754122041226e+00
1.141156445549848630e+00
1.139678895333163577e+00
1.140158604903979800e+00
1.142983849679178876e+00
1.139229614199884777e+00
1.139938619276082088e+00
1.136002178441173571e+00
1.138081638320248334e+00
1.136366150274077391e+00
1.135960059882346718e+00
1.137915140891781807e+00
1.135934762387680541e+00
1.135798616118505189e+00
1.135667667194157460e+00
1.136537383212674612e+00
1.135371263609773917e+00
1.134694893866796228e+00
1.134771660010562622e+00
1.132195324384501989e+00
1.132233309062582682e+00
1.133560191897418523e+00
1.132300223109202308e+00
1.133129536737264020e+00
1.132219568556751321e+00
1.130524713485843602e+00
1.131608801107552464e+00
1.129275914203274223e+00
1.128682126191986823e+00
1.129390651562626413e+00
1.129772791345974081e+00
1.130051123691715675e+00
1.127742201769442287e+00
1.128582466714671328e+00
1.129483616015054315e+00
1.128025817744955139e+00
1.131094277371007761e+00
1.128024827709821487e+00
1.128342952801525634e+00
1.126192883006010614e+00
1.127815223365087327e+00
1.126030875270983556e+00
1.127790623960373440e+00
1.127069028165446074e+00
1.127117618824627909e+00
1.125237344481474056e+00
