9.614818633698463124e-01
8.336074042967193121e-01
7.424331032835667088e-01
8.188883790243073335e-01
8.741189323850768744e-01
9.026070594908531808e-01
8.970602925672952477e-01
8.660905220099582857e-01
8.123014763306906083e-01
7.250866093618256736e-01
5.995185958666582327e-01
4.673239594108601902e-01
3.640034318886331555e-01
2.871224126508548080e-01
2.273796320109421065e-01
1.804833172899259486e-01
1.441419270109346451e-01
1.164612689996595146e-01
9.566967363125847279e-02
8.016066962857862355e-02
6.855970462376927144e-02
5.976539225135255040e-02
5.295192230538857403e-02
4.752846476930280145e-02
4.308715694707467014e-02
3.933455078071008276e-02
3.606021642256167919e-02
3.309643892056193804e-02
3.032289049489191035e-02
2.765048755378092180e-02
2.502783222105180172e-02
2.243012999069431829e-02
1.985976999958294700e-02
1.733054319634642904e-02
1.487309662342394326e-02
1.251697415096076835e-02
1.029361732775399205e-02
8.225329406427429879e-03
6.331873145403793188e-03
4.627223794138290471e-03
3.120073003034194107e-03
1.826843658067681163e-03
8.401668400496305981e-04
7.744919894939172314e-04
1.431582557695738151e-03
2.082802137258732943e-03
2.636563524066294021e-03
3.091386041537168457e-03
3.458457708710391439e-03
3.746626535679521437e-03
3.968295390239672329e-03
4.133405875528318833e-03
4.250964080813371057e-03
4.328438816497399630e-03
4.374042756902028761e-03
4.391776108697785161e-03
4.388839617408308788e-03
4.367690204696975109e-03
4.335248534685726129e-03
4.289776567891837207e-03
4.240333240438225529e-03
4.184007054207384245e-03
4.125360966840013223e-03
4.063352182265733865e-03
3.998934431987037283e-03
3.780329170752579418e-03
3.847081508734147715e-03
3.607226990922280697e-03
3.680716661289619093e-03
3.597739998959272045e-03
3.499691741865506613e-03
3.336919695716510266e-03
3.300724123896558049e-03
3.168615369583196138e-03
3.089277182630347993e-03
2.968706743170768190e-03
2.870136715305169391e-03
3.028355571133453834e-03
2.650153253528201181e-03
2.560527695280624683e-03
2.427783338166407835e-03
2.352265352384122835e-03
2.066471195508930939e-03
2.154071609699945069e-03
1.670220369559899430e-03
2.010557180491659001e-03
1.934348710964901548e-03
1.857902513627238648e-03
1.773557214724657150e-03
1.674879371247303510e-03
1.643115263239307202e-03
1.550311710335480504e-03
1.522053981224621511e-03
1.573806135167903856e-03
1.419562016979578848e-03
1.442234058286966970e-03
1.296817909353637551e-03
1.259182902376307324e-03
1.490054243738799097e-03
1.104412640776997580e-03
1.117689498193439896e-03
8.327123895734113912e-04
1.062074166100550505e-03
9.671948023542911851e-04
8.678176844323302582e-04
9.798842527535629645e-04
1.339278859597577099e-03
9.109786649598122614e-04
8.380719619511317262e-04
4.276096263867238670e-04
7.950563640598028517e-04
8.248336879493132611e-04
1.104772595207525803e-03
8.290228642853429523e-04
6.737746810961994359e-04
6.438471053920492718e-04
2.594227802661030146e-04
6.790628811205217307e-04
2.447127152333026297e-03
6.304990917881984295e-04
3.043795503794967296e-03
5.998026785888560877e-04
8.301232588348925320e-04
6.012240204586660405e-04
5.843359732084699295e-04
4.675952746968069251e-04
5.712586706764079085e-04
9.132771034018797142e-04
5.627546668838704453e-04
1.026568098891000695e-03
7.934531929098221845e-04
5.564111817692827134e-04
5.984249587923849657e-04
6.366189005595683601e-04
9.872953248439065611e-04
1.849706619009524363e-04
8.522368376344866513e-04
8.204195092065480954e-04
6.901373391470054649e-04
4.946350940635715985e-04
1.282887148575404500e-03
7.028673514480458275e-04
8.716549822399450058e-04
5.270626483758996447e-04
5.820943488745075308e-04
4.468066114644300918e-04
7.980374533001844198e-04
5.052100069529706118e-04
5.273363849205566856e-04
7.753874259859712100e-04
1.918014064736316138e-03
5.137606746685892661e-04
5.144282951239953798e-04
2.486310705841045590e-03
5.047039397178275421e-04
7.249765533819209134e-04
4.865765668402652756e-04
5.989306130279417910e-04
5.722799477487830726e-04
4.911466759460072053e-04
5.675317063190350774e-04
5.050480706143961867e-04
9.807519338208771538e-04
5.360283185934779050e-04
4.615700873954443569e-04
4.625798493605771684e-04
3.038085175171685148e-03
5.225171357655249193e-04
1.296099251004548085e-03
3.292395230952685947e-04
3.403658735962277176e-04
5.118644032152338836e-04
6.068217869824601117e-04
4.963680040036841726e-04
4.525646190034251495e-04
4.926902323359005735e-04
3.960516422609231760e-04
4.792803197137191547e-04
2.067192224254138511e-03
5.064926306108599599e-04
3.968548870529172096e-04
4.888349877982040752e-04
6.656823808746480239e-04
4.855934833272412777e-04
1.674955152485014089e-03
7.835700554845222848e-04
4.128364707431639888e-04
5.502733536603223764e-04
8.603966762819729476e-04
4.870967852417334661e-04
4.798988636835891438e-04
1.949357453413910020e-03
4.633039593561343885e-04
4.126505088535137159e-04
4.610670415578207245e-04
2.304332903258397521e-04
4.775098603102367173e-04
1.557195956867954596e-03
4.633898128148315862e-04
4.418682387765292480e-04
4.322555784880715603e-04
7.714120822241742666e-04
5.221392924919215483e-04
4.303196843539014264e-04
5.171222296197517743e-04
9.835258879009123670e-04
1.721311861793372829e-04
5.044704170696356904e-04
4.745357850828931141e-04
4.500735424556430659e-04
9.947250525378999349e-04
4.474481264119872445e-04
7.525055793851907499e-04
4.604667088559763911e-04
1.667506823322639743e-04
4.549245898880784305e-04
1.287686291773028119e-04
1.454799730050475260e-03
8.487002177767479991e-04
4.164520229809292153e-04
5.835826421914051126e-04
4.366399746702228995e-04
4.633300267483110558e-04
5.416444498472304091e-04
1.002171956347005111e-03
4.604878167343602483e-04
3.439285539808255862e-04
4.294370509950916283e-04
5.353867686713430479e-04
3.189262554652619298e-04
4.264543650653296845e-04
1.314327615640324427e-04
4.896900960580681658e-04
4.248381694347738561e-04
5.886655901547490060e-04
2.445150774892905369e-04
3.938860929690920359e-04
8.281856604186060324e-04
4.070713046049982404e-04
5.252572392332089833e-04
4.096506251478249550e-04
4.688206281830058848e-04
1.877671765300239441e-03
1.768875827083839832e-03
5.786582751556401498e-04
4.494625824856879662e-04
2.268376598974349240e-04
2.806348674511722693e-03
4.142879484108448127e-04
4.241275688279723551e-04
4.299407728816224375e-04
7.969027228284327911e-04
2.347045713796281762e-04
2.188866078382755126e-04
8.556527540031593198e-04
4.284875165878627296e-04
4.272845034654730850e-04
3.190210718194557826e-03
3.979003529892410494e-04
2.185190218480546204e-03
4.006080193440167284e-04
7.217033540573735599e-04
3.908896759028754483e-04
1.344946471424812457e-03
8.045599322158140292e-04
3.648634214731927110e-04
4.776702405557504212e-04
1.126517262528436546e-03
4.257855571119850474e-04
4.356924798385398349e-04
2.958200491221112420e-04
3.802490342101948824e-04
3.681775707471472659e-04
4.061093456587182662e-04
3.163224416809762014e-04
3.686295863577061338e-04
3.971488017398248655e-04
7.220792020971511169e-04
4.767867012424444138e-04
1.157324725058933758e-04
3.882344190194895669e-04
5.248355099205725353e-04
3.660920462433503940e-04
4.357206874492928128e-04
3.729483225826607322e-04
3.612149989788643128e-04
3.845924142747884716e-04
3.062555634943460881e-04
3.338773502356844232e-04
3.759202353886704887e-04
5.507864681923223087e-04
3.975338599426819406e-04
7.760182660237428115e-04
3.675988564702101962e-04
3.551483770365604017e-04
2.836882202192368739e-04
1.033686677539332821e-03
7.815128199392333119e-04
6.060325583195769325e-04
4.021460299964818423e-04
