1.015948918982450433e+00
1.193772341163240158e+00
1.809234237551776259e+00
1.293523921086417339e+00
4.598236758648812095e-01
6.009960698235498056e-01
7.034979397222839159e-01
7.794720287351549759e-01
8.077626842487898307e-01
8.038058142260249284e-01
7.769020025859856293e-01
7.434683614014039321e-01
6.996705126021637300e-01
6.468225260026786438e-01
5.889408454001449078e-01
5.228343882008558152e-01
4.575997255227118865e-01
3.978634103118562915e-01
3.380600899187339858e-01
2.950351724904560768e-01
2.619226392827344596e-01
2.482539258699492934e-01
2.543017909427225387e-01
2.762368169849103161e-01
3.138443494000730527e-01
3.569755610365117349e-01
3.956847029986952369e-01
4.508938216543325606e-01
4.783235810952565781e-01
5.137651522056079223e-01
5.431883187299938465e-01
5.734508339198581828e-01
5.835265024100504405e-01
6.148704383036313059e-01
6.283798692266018282e-01
6.445964430672113110e-01
6.571392499384506314e-01
6.650360810287475610e-01
6.812976599639616326e-01
6.855790729336107558e-01
6.897668217783845535e-01
6.982961106568505993e-01
7.078462095152484590e-01
7.009671968635771133e-01
7.159468794121158775e-01
7.117989566079830910e-01
7.077827388689962307e-01
7.046416983809008494e-01
6.997703392841893022e-01
6.938406751892625124e-01
7.030006405719609885e-01
6.981901940434263043e-01
7.031051569747464036e-01
7.030170800127579778e-01
6.965389988724073334e-01
6.861832787288660862e-01
6.942744623805597870e-01
6.968286120190458899e-01
6.955012224979649771e-01
6.845410720450586517e-01
7.175218718908273896e-01
6.866652986561778693e-01
6.895187602034497099e-01
6.788021005212258041e-01
6.722978985820862174e-01
6.683722266632000641e-01
6.705936408036564655e-01
6.604932365814413231e-01
6.489408822057340931e-01
6.566652531529935111e-01
6.543202042852154232e-01
6.368470093278258970e-01
6.260524537609515328e-01
6.244835987060015636e-01
6.186663103314659073e-01
6.018581984798293538e-01
5.847928132303413795e-01
5.856249593534152975e-01
5.733782031294157866e-01
5.802741047412859343e-01
5.814488389475452879e-01
5.839400327190330531e-01
5.910850410530010812e-01
5.929217415289975701e-01
5.766264575457464847e-01
5.876670298001475112e-01
5.976345664068938301e-01
6.002903832985968524e-01
5.957427511305800616e-01
5.913479163521638826e-01
5.807298549728422410e-01
5.809659747859157175e-01
5.874349880544880165e-01
5.882348199610377693e-01
5.564876186066515240e-01
5.540062224662207768e-01
5.580506062955982172e-01
5.423103364191604880e-01
5.325097444625025433e-01
5.229529055337331922e-01
5.169995339568034254e-01
5.133735346040395608e-01
5.101603861852088695e-01
5.057361090184140373e-01
4.994308322373502973e-01
4.974571655085381350e-01
4.957794557810442093e-01
4.947985259475108921e-01
4.903951355450433813e-01
4.886031247069687611e-01
4.848632123882375411e-01
4.808133793678356915e-01
4.802163005508939819e-01
4.782285480014473733e-01
4.708029633211460174e-01
4.730650389508065934e-01
4.740206524415785383e-01
4.685029273740450861e-01
4.674365681620536450e-01
4.618799485243483827e-01
4.610542520866987015e-01
4.705582425254837831e-01
4.482325001267646325e-01
4.460262373680167758e-01
4.416680039558591453e-01
4.335201032171791535e-01
4.269997513309483628e-01
4.209946674346113915e-01
4.112505285998330207e-01
3.959407044452309399e-01
3.874843331744626251e-01
3.797570627944668042e-01
3.490596992697052037e-01
3.583353144201799623e-01
3.416998881804050314e-01
3.345895449926722387e-01
3.223957557145046837e-01
3.131256409588939471e-01
2.992472636746563164e-01
3.019034815780676229e-01
2.842141664349696062e-01
2.815823888242960926e-01
2.776185729349849862e-01
2.737280025183931875e-01
2.732809918723390075e-01
2.705899017278979302e-01
2.706341637807718192e-01
2.698032403859502160e-01
2.715438979875285930e-01
2.728753721604100235e-01
2.723087732959875717e-01
2.698081167910167388e-01
2.749354313490268709e-01
2.780797349080717518e-01
2.785120155365210515e-01
2.813321511994805735e-01
2.828876576019609401e-01
2.835795565306559740e-01
2.858385511245213895e-01
2.859142672113340611e-01
2.838464576063886025e-01
2.878626819374749402e-01
2.971601590741285714e-01
2.919700632860101619e-01
2.928012596742760598e-01
2.972705884058564063e-01
3.050330512190234655e-01
2.660402540336265775e-01
3.131933523135086439e-01
7.758524151972222560e-01
8.011679112277401149e-01
7.345692569073835054e-01
7.421380108207540349e-01
7.644574871428272411e-01
7.617316255722086371e-01
7.306089688365021706e-01
7.094214129947133962e-01
7.050764069106283394e-01
7.057079947803520659e-01
6.798999254193001107e-01
6.487095276171845892e-01
6.579062687663546072e-01
6.459979439671298396e-01
7.970674251167607638e-01
5.915121989200862185e-01
6.268664252317319718e-01
7.042302313242615464e-01
6.323235971162325386e-01
6.881802304234752032e-01
6.969415239641236770e-01
7.663531207734318729e-01
6.950981570142352739e-01
5.614336245543608550e-01
6.178128954949781981e-01
6.482214711734342050e-01
5.496205187216963717e-01
5.926056092478423354e-01
5.888577859604755549e-01
4.018334848045537200e-01
5.843646609586116147e-01
6.263704653200472539e-01
5.420561123228310185e-01
5.209857573924668861e-01
5.027206094891426558e-01
5.988251166415911042e-01
6.849287684593449166e-01
4.709186056498793627e-01
4.405933009516181387e-01
4.570425768643888165e-01
2.663967431618643467e-01
4.846700567260409653e-01
4.652779641085391105e-01
4.508430982163548761e-01
4.625515314963248303e-01
5.249692012076756509e-01
5.273817042706921976e-01
5.229851632744394463e-01
4.595925557299618824e-01
4.312247452746876819e-01
2.888227419887423042e-01
4.355353790785068679e-01
6.486363084895104825e-01
4.929931081158860917e-01
4.750332173576573003e-01
3.921997501526027774e-01
3.782632805023860012e-01
5.757401777159072420e-01
3.823384698527590997e-01
4.348653109883143242e-01
3.803914669111534419e-01
3.942379669982867263e-01
3.982418824647867561e-01
4.324629238203899217e-01
4.956995149436643211e-01
3.637935752957725533e-01
4.431123692380077306e-01
3.223986664044605766e-01
3.975220819608985545e-01
3.656823778606228537e-01
3.694373597122187491e-01
9.429260213172845351e-01
4.138712602953244502e-01
3.967119421696963522e-01
3.586667690330013758e-01
3.584840762637900302e-01
3.271044751093492020e-01
3.668168471127152275e-01
3.558756989724961572e-01
3.784286346628629172e-01
3.283637252322986200e-01
5.989113816203199825e-01
3.717107950389204052e-01
4.216114642980056115e-01
5.504006500352294218e-01
4.088174381738888252e-01
3.070950229020929512e-01
3.633775991370817859e-01
2.295731365055824758e-01
3.838635593894568765e-01
3.138784339427593828e-01
6.417948621610451987e-01
2.465419481194739137e-01
4.375300506705914194e-01
3.604297694780039807e-01
3.150676234886497507e-01
3.860455554919487997e-01
3.332948374906777866e-01
5.359979949991368064e-01
8.053790552216644194e-01
2.832192545882228907e-01
4.632517410555606063e-01
4.302441496616155603e-01
3.135471104432244749e-01
3.343710237342704672e-01
2.348726374358421076e-01
3.998672979647536763e-01
3.522035257290274668e-01
2.853956579238124958e-01
5.149743219510868331e-01
3.925725387106616115e-01
2.838770688028441902e-01
2.411699927422120138e-01
8.657068483945973281e-01
4.545717640479448596e-01
3.869644806307500073e-01
2.616444984231389159e-01
3.969520373895734644e-01
3.004653740438793519e-01
3.651124636280168034e-01
2.746125994511478541e-01
9.853702622068156725e-01
4.828030895005742118e-01
4.816568486213699263e-01
2.962252999709343859e-01
6.377819259223821424e-01
3.833734177491757711e-01
3.814373232235893085e-01
7.173086532286263584e-01
4.691123837610792213e-01
3.299705883377529458e-01
