2.001711833354022030e+00
1.003071305175975869e+00
1.130419097154629071e+00
1.400394863321321015e+00
1.212147853086200211e+00
6.296191942267719277e-01
7.231180893866847592e-01
5.359290360048453161e-01
3.267494342826730014e-01
2.168923032454073974e-01
2.040226643511965643e-01
2.233782235712666597e-01
2.399951081981187839e-01
2.462201832121221068e-01
2.462620380390710961e-01
2.482770380540079147e-01
2.348266273639700585e-01
2.346673161258682472e-01
2.323493853189077807e-01
2.229054201502760346e-01
2.196278397020614281e-01
2.065786807899819555e-01
2.128383169345641202e-01
2.125130220451078578e-01
2.074745021266343747e-01
2.053516772067816021e-01
2.065950637845127280e-01
2.025536052008753418e-01
2.037953697035359557e-01
2.035357619483262048e-01
2.031475634841579392e-01
2.069349373232529932e-01
2.035140797165785886e-01
2.022982348509762829e-01
2.017509398334264015e-01
2.029141347426190733e-01
2.050990612054532369e-01
2.030349348540538279e-01
2.055558487329804951e-01
2.018327923366550480e-01
2.020708389775052738e-01
2.029777871255868393e-01
2.056209375889264390e-01
2.039202748325766867e-01
2.048338271779673869e-01
2.092551197922298267e-01
2.019874895975596885e-01
2.100191735361638112e-01
2.134807855883717465e-01
2.857380469249349297e-01
2.433636501038655420e-01
1.597885069225739585e-01
2.180132128377265388e-01
2.229632423910593575e-01
2.224434811712690530e-01
2.238212975929175508e-01
2.340976804081045248e-01
2.071271671275599913e-01
2.410896125925618971e-01
2.417162192934747822e-01
2.391318784964373834e-01
2.480648490885596635e-01
2.516606993580241536e-01
2.411882494143840205e-01
2.492753830222344258e-01
2.551815517730550154e-01
2.484511572102679478e-01
2.496067198738751436e-01
2.475835444546123920e-01
2.525868475062318375e-01
2.559265744905318551e-01
2.557824832424560602e-01
2.502782750916788812e-01
2.447415607401429438e-01
2.441113268077190201e-01
2.491335314336219076e-01
2.484964939958934360e-01
2.499027535100947495e-01
2.296760380950746971e-01
2.580248408995535203e-01
2.548901979770936688e-01
2.516691887805560524e-01
2.501144193810498351e-01
2.560663685186581606e-01
2.541420590013656611e-01
2.480543816724249118e-01
2.514115776727530172e-01
2.553971629065390214e-01
2.443533515877283901e-01
2.671296677555358712e-01
2.668625245179981897e-01
2.735458503518904960e-01
2.686075865357278603e-01
2.764358842056081622e-01
2.319622594499732016e-01
2.621013283685936224e-01
2.616955033608271974e-01
2.646179918516955443e-01
2.731539590422279451e-01
2.595577076827964014e-01
2.341466885268485010e-01
2.715409228856291990e-01
2.677673050726054327e-01
2.681574598660111386e-01
2.630154925215745787e-01
2.671308412280876676e-01
2.642841146389890428e-01
2.696716472430106259e-01
2.662587382919215373e-01
2.511467153943071628e-01
2.582516461746981462e-01
2.670986732379588835e-01
2.689938603262392314e-01
2.712047555651689867e-01
2.822757244471738036e-01
2.697786694539311414e-01
2.689252899479214753e-01
2.739309758830740238e-01
2.684433061374520424e-01
2.976629764958525493e-01
2.806359484036869967e-01
2.953286755004408404e-01
2.689022375316905689e-01
2.720721716543802460e-01
2.826859129541821614e-01
2.731181499743202679e-01
2.798433000663121395e-01
2.696619531202062992e-01
2.949417685246092935e-01
2.862116021095523211e-01
2.776325152905242399e-01
2.769089855435653558e-01
2.824221604673776143e-01
2.786737727738892167e-01
2.789160287779044456e-01
2.838541977514915660e-01
2.806135113508350098e-01
2.798696162105520635e-01
2.770968891166332715e-01
2.839091905220079148e-01
2.814234766151846312e-01
2.883567138745329883e-01
2.827475026668296865e-01
2.727302660124994449e-01
2.785122960281452009e-01
2.815927500789844329e-01
2.860241832992019284e-01
2.897405282080589006e-01
2.850026417534598511e-01
2.624267337181993009e-01
2.826531017877491614e-01
2.890229117888134525e-01
2.804837722904465203e-01
2.823229086710496438e-01
2.572298425445080916e-01
2.231552141180807025e-01
1.596500608319996184e-01
8.792847444990836703e-02
1.008448481183039092e-01
9.241204594564071673e-02
1.383617993487881725e-01
9.902165983395284921e-02
1.166347958268110357e-01
1.716154854651383010e-01
1.923048454563129339e-01
2.012650774249651886e-01
2.051558197592230348e-01
9.679900427091416015e-02
1.907433122838855244e-01
2.182068330087429675e-01
1.707621041201094481e-01
2.728939291435679149e-01
1.915430265566150092e-01
1.888047260661235849e-01
2.620791429086760105e-01
1.807835377297972723e-01
1.797380494625380465e-01
1.844594539725516180e-01
2.452054382132159982e-01
1.718933556057300471e-01
1.742618955601622777e-01
2.147362155047811694e-01
1.695193953889789495e-01
1.621476720620132206e-01
1.590878882990832688e-01
1.757161097060352672e-01
2.282438962638225211e-01
1.524494715054988403e-01
1.609409449531242209e-01
1.629481775083589379e-01
8.521648798627556864e-02
1.512698354091798481e-01
1.286282417443390669e-01
1.793916205156845523e-01
1.685160871658783199e-01
2.354648232677110653e-01
1.249871375204480300e-01
1.244191966799548105e-01
1.307627257403856380e-01
1.064963986467759166e-01
1.280012408468442497e-01
1.179134882394386463e-01
1.113882162092244416e-01
1.038074307064062174e-01
1.185472292406351408e-01
9.795305387930629271e-02
1.069815452398196337e-01
1.309849768825732397e-01
9.492428602063077148e-02
9.229013555709528194e-02
8.736349491180078752e-02
1.319238755345939762e-01
8.268040932277846700e-02
1.089470849549330073e-01
8.016458708249188381e-02
7.959022934279141870e-02
2.955120031421583637e-01
7.217182995049947758e-02
7.684764731042183217e-02
7.055098648003854667e-02
9.377770245043556829e-02
8.641073281500855074e-02
6.094554527356371015e-02
2.520649121022412453e-01
6.388891671441934705e-02
5.532119688934311608e-02
7.751456653573640665e-02
6.598841668796427695e-02
7.571486935969630461e-02
5.478925140845447572e-02
4.713812196312731212e-02
4.544334732465211274e-02
4.756535705598299857e-02
4.615886557296658421e-02
1.483184357045464197e-01
4.496512805683710451e-02
8.675014100355217528e-02
1.053846860671647373e-01
6.400852755797439841e-02
3.751288437017588628e-02
6.755903061693037392e-02
6.689274189505338419e-02
3.754784909847523611e-02
8.824519539847527905e-02
3.440135423568007472e-02
4.994315706782351261e-02
4.251883003743971157e-02
3.255051432885944923e-02
3.354840144862656498e-02
6.338709505278651568e-02
4.119378086262373562e-02
4.885921386039993042e-02
4.648500900752395443e-02
3.623217214145997567e-02
2.318849823167455984e-02
2.331606580912181509e-02
4.075728524029065963e-02
3.560794275152651123e-02
4.640221463270478852e-02
1.675119026631729027e-02
2.952064588935976799e-02
4.034697461222962883e-02
5.101226420237102432e-02
3.679585137636555425e-02
3.209633803728645374e-02
2.918596716745010949e-02
8.096976084532292450e-02
3.243982335546752305e-02
4.069787408830705805e-02
2.096228014703495346e-02
4.242117344907944676e-02
3.328100202171251076e-02
1.616557480404139102e-02
2.989769103043435350e-02
2.882033995514721517e-02
2.657194539752764928e-02
2.234148560839594941e-02
3.102954372094757218e-02
3.140868424713339629e-02
2.134738345654771732e-02
3.958240299104624771e-02
2.098027696997510974e-02
5.109576394722058906e-02
5.318710462906686004e-02
1.200050209879340440e-01
4.001454077815317506e-02
2.872233255452190381e-02
4.069636944339376228e-02
4.647355185116925497e-02
4.842874220219620801e-02
2.715925034871679439e-02
3.521645767222670448e-02
7.114845729608383629e-02
6.930395789094302705e-02
4.230558515162393535e-02
4.843770119323785595e-02
3.348781446889837615e-02
3.416409487739913153e-02
1.016329227964643811e-01
2.090657828325557036e-02
