9.939018253144881188e-01
1.459819317408777462e+00
1.557498462670402040e+00
1.542150097103081263e+00
1.537369933417148227e+00
1.536649897856252833e+00
1.536595012276768424e+00
1.536592010448194268e+00
1.536591905374002698e+00
1.536591955315073754e+00
1.536591944251658015e+00
1.536591978882126730e+00
1.536591849297963330e+00
1.536591931806855271e+00
1.536592128390166234e+00
1.534456302646128645e+00
1.535548262087335525e+00
1.535548134080527927e+00
1.535547982550847346e+00
1.535547896456149752e+00
1.529026176967332118e+00
1.532976978221740838e+00
1.532984886333440988e+00
1.532984847165424602e+00
1.532984740762135090e+00
1.532984969183446733e+00
1.532954794799151310e+00
1.526453143516831590e+00
1.526433391660455552e+00
1.526433301171898016e+00
1.526433235091010809e+00
1.526433285084494162e+00
1.526433174702793272e+00
1.526433344133726333e+00
1.524614120462629119e+00
1.524850889074299332e+00
1.523701347262822692e+00
1.521701452520411335e+00
1.521680623949577038e+00
1.521721787418230054e+00
1.520496573448138156e+00
1.519066131432333933e+00
1.519689120085255363e+00
1.516961522073121182e+00
1.517429179023586094e+00
1.513262451000270570e+00
1.515732400768305066e+00
1.514742739689676432e+00
1.516230996297233791e+00
1.510261127506003831e+00
1.511296486463845623e+00
1.511405783172265149e+00
1.514186890789950724e+00
1.507097969684114025e+00
1.507878548681472752e+00
1.507815848276356618e+00
1.507812759881395070e+00
1.505667238596306134e+00
1.505607057477578836e+00
1.505582665442039003e+00
1.502470243740108513e+00
1.502629125840337032e+00
1.501971771229859254e+00
1.502480110277518266e+00
1.502417438531338689e+00
1.501768822707123530e+00
1.500876571333719323e+00
1.500605362941487719e+00
1.499672566723538214e+00
1.499577057224559917e+00
1.502981064485470863e+00
1.498239841565531583e+00
1.498257127592239613e+00
1.498934830982189270e+00
1.497085412567694007e+00
1.497928919697564476e+00
1.498284629268822332e+00
1.499261712892987486e+00
1.497252180092720764e+00
1.497769855108244785e+00
1.497310419488645516e+00
1.498851616665883180e+00
1.497975757383453121e+00
1.496986800999204448e+00
1.498114865755853842e+00
1.498008984259961318e+00
1.499842713139151407e+00
1.499092987056029891e+00
1.500227673200501322e+00
1.499213388572833594e+00
1.499299879135600033e+00
1.501593077979450186e+00
1.500383374057955521e+00
1.502006056856541871e+00
1.500917035697902691e+00
1.497880500593653075e+00
1.502946907950048594e+00
1.504234209175647985e+00
1.503521828914422320e+00
1.503842832011269337e+00
1.503602751421601713e+00
1.505546980076738040e+00
1.505573276457209841e+00
1.505805486979770347e+00
1.506905183200775822e+00
1.506993854094461405e+00
1.507402068533049588e+00
1.507314058669778634e+00
1.508458312129163037e+00
1.510567333213532537e+00
1.509755122322011589e+00
1.510674452170597926e+00
1.510522531508603272e+00
1.511820493132107757e+00
1.512550153577698175e+00
1.513747642678826555e+00
1.513242995041513383e+00
1.514011100710087154e+00
1.516060622047542550e+00
1.516119366218105835e+00
1.516538750338187080e+00
1.518102282190945784e+00
1.516154771810535928e+00
1.519141922009923373e+00
1.519692870299732324e+00
1.519294807580174878e+00
1.520314978613054979e+00
1.521447156625645780e+00
1.521637374295963685e+00
1.522793080408144650e+00
1.524125404067594891e+00
1.526800574142531230e+00
1.523583198151815532e+00
1.524209107415518849e+00
1.526278609932619101e+00
1.525291144758474715e+00
1.527292299865290914e+00
1.527076253218693669e+00
1.527823653844035956e+00
1.527643808814102222e+00
1.529783613500519612e+00
1.530996595108341296e+00
1.530336577450085445e+00
1.528198411686758629e+00
1.532587640907946858e+00
1.532419801758102773e+00
1.532576370331220961e+00
1.535258528866807914e+00
1.534001996650010025e+00
1.534324135426740732e+00
1.534606097170504890e+00
1.536233976817121594e+00
1.537056483500202297e+00
1.536843269785576505e+00
1.540876532129811238e+00
1.539574847496562038e+00
1.540106600136583515e+00
1.538873098689897523e+00
1.540183781300045851e+00
1.540268575787606453e+00
1.540848607332000020e+00
1.543383579232905145e+00
1.544837034838471679e+00
1.541155038126776677e+00
1.543725255753425785e+00
1.542853549047604522e+00
1.545703337168500058e+00
1.545455372809038108e+00
1.544831820083540030e+00
1.545289201806325785e+00
1.546533651455624270e+00
1.547064822739089296e+00
1.546829821796296134e+00
1.548641448297534362e+00
1.547141723243671274e+00
1.547350676460168106e+00
1.548984516559460678e+00
1.549868511229731016e+00
1.549475308527140216e+00
1.549914255787354644e+00
1.553464108478757044e+00
1.551651837244670151e+00
1.556335739196910151e+00
1.552064416127985291e+00
1.550847481528615512e+00
1.553239142797421257e+00
1.553320263267157664e+00
1.557322555310707735e+00
1.554273277992421320e+00
1.553893487403989582e+00
1.555897421909625988e+00
1.554819144934636022e+00
1.555518873522978573e+00
1.554766718890395305e+00
1.556487233182109797e+00
1.555733268938548575e+00
1.555710044286977345e+00
1.555702529192727557e+00
1.558145249104336605e+00
1.558692183518616936e+00
1.558309964060849762e+00
1.557768115796462238e+00
1.560282450878174743e+00
1.559484945393125210e+00
1.559622934641136327e+00
1.558124864831742729e+00
1.560327763331635476e+00
1.557955731626723850e+00
1.562117299296245321e+00
1.560279217925018003e+00
1.560989777903650788e+00
1.561203918255317458e+00
1.560132693265448012e+00
1.562353762546970781e+00
1.562536399267232534e+00
1.562878963028581980e+00
1.561961402582529912e+00
1.563760269142791426e+00
1.562673408773831207e+00
1.561996500013065114e+00
1.564681758702702874e+00
1.564263210629995626e+00
1.564139785432324237e+00
1.563929222300016963e+00
1.564630043659517966e+00
1.566190902997563583e+00
1.564201165959546502e+00
1.564480685396050896e+00
1.565729865321451308e+00
1.565847299541425208e+00
1.563219881706311210e+00
1.567366036725344802e+00
1.565471413801201139e+00
1.566082440451675994e+00
1.565081807497222366e+00
1.567005605819476566e+00
1.568416902606048380e+00
1.566703397877006632e+00
1.565606716407454302e+00
1.568804026537728769e+00
1.565951837975996908e+00
1.568622814187021985e+00
1.568684436139112570e+00
1.567134778183558508e+00
1.568537423777238926e+00
1.565246766129947842e+00
1.567243557188187086e+00
1.567506321339836584e+00
1.568088778659888716e+00
1.567861642767812036e+00
1.572573400519886144e+00
1.566793205060956096e+00
1.568758524063919912e+00
1.569331154467346279e+00
1.568435984073004219e+00
1.569568297019736658e+00
1.566987371033715659e+00
1.570127774589985092e+00
1.565975057598001596e+00
1.568485070007243465e+00
1.569828337937241081e+00
1.569129921271826378e+00
1.568694226320031859e+00
1.570053534764917602e+00
1.568889240002640184e+00
1.569276564863255619e+00
1.569265444856737579e+00
1.569614765553487556e+00
1.570134314424918243e+00
1.568732702149089331e+00
1.568740045247954074e+00
1.567436116942197311e+00
1.569298661807320805e+00
1.569323546633305755e+00
1.566920861874840476e+00
1.569434798437719270e+00
1.569471450972621529e+00
1.568184632318115446e+00
1.569952663995750841e+00
1.568717078978789425e+00
1.569741957422674083e+00
1.566971858995360289e+00
1.569136063348496979e+00
1.570314754931167345e+00
1.569624518401736335e+00
1.571138538885920033e+00
1.568308617083596701e+00
1.568491971884922398e+00
1.569994402149214929e+00
1.568191847689158536e+00
1.568042046668822742e+00
1.567930496974499821e+00
1.568633779351923163e+00
1.569601695397153884e+00
1.568519571350471153e+00
1.569393414948251797e+00
1.569412955638273877e+00
1.569291676486952447e+00
1.569165358046070491e+00
1.574445568328322498e+00
