9.522107357535806171e-01
4.162640665293553255e-01
1.736560801171845192e+00
1.567396127674747230e+00
1.180199030405524985e+00
8.527965042127698680e-01
6.048601877631736290e-01
4.249110045522060397e-01
2.975424843733559532e-01
2.090148762347822931e-01
1.483488554625896627e-01
1.071297044453046327e-01
7.917330540763869995e-02
6.014779117637152062e-02
4.713852889531895685e-02
3.820757695514341579e-02
3.204498239771062101e-02
2.773744391838097942e-02
2.464602320441547020e-02
2.231181001119109109e-02
2.057199750503036981e-02
1.888072277954932349e-02
1.773837290789661778e-02
1.640282357223231055e-02
1.555588587871882533e-02
1.466530148988754931e-02
1.397760879467860318e-02
1.309315840700439777e-02
1.135723258200739549e-02
1.174076969843923339e-02
1.138754941312481068e-02
1.052459061201802167e-02
1.028611556878177534e-02
9.214435675008654861e-03
9.395457708814147421e-03
1.223982225822469426e-02
8.602484647250874944e-03
8.116227804448431643e-03
1.758468556405485411e-02
7.598071609734824775e-03
7.254099820407922117e-03
9.498372153661860731e-03
6.998025869882697723e-03
6.409922539492613966e-03
7.614004902103648463e-03
5.827170858972949632e-03
5.722912948541931770e-03
3.911470635611229672e-03
5.727686804225554269e-03
3.774570299619315998e-03
1.958264181592236832e-03
5.536560965874025124e-03
4.824519020008880173e-03
4.110813944800219451e-03
4.299729506084134199e-03
3.888698975309992818e-03
3.922374022944982025e-03
4.532678073417012975e-03
3.441744257044365447e-03
2.409417987983733089e-03
8.836006182008993362e-03
3.276523835803220406e-03
2.859923170564424456e-03
7.198423538251577658e-03
3.195714448352939517e-03
1.807538338859842556e-03
2.293972246579349412e-03
2.536015589782700946e-03
2.284900081659916541e-03
2.476681831723455407e-03
2.193484840460416425e-03
3.293209158456894374e-03
3.544720304155043935e-03
3.130271117639688364e-03
6.825825845947674532e-03
2.068551575991402647e-03
4.538211058446798077e-03
2.770450959234608233e-03
2.735828330025029918e-03
3.024369087451929655e-03
2.172825473940704580e-03
2.677372966927447310e-03
1.002507521794190675e-03
2.010319773217343446e-03
8.476634640806251847e-04
2.062164793099389125e-03
9.007533379319937082e-04
3.169725876717265599e-03
9.330932657673797481e-03
5.774409330944636591e-03
8.559896172055211222e-03
3.756342063478392435e-03
8.200942344886951157e-04
7.468687161729973926e-03
1.214743107736229776e-03
9.530372489892240118e-03
1.309033408607195416e-03
4.126927864115626995e-03
2.140243418872531285e-03
7.122333457607116702e-04
1.082260544425000127e-03
2.075297124678255386e-03
2.261975539062962073e-03
4.340899767863694997e-03
2.178153528044025119e-03
8.292915956011118455e-04
1.954365991217990508e-03
1.473140185018222267e-03
1.708635295293304364e-03
1.877783443738173866e-03
1.920359775163601665e-03
1.066824511299255176e-03
1.915238915508744432e-03
5.860979670663158357e-03
2.396622256698245287e-03
1.920225748003721910e-03
4.644011498175447047e-03
5.138486824442623814e-03
1.921228383847791311e-03
7.246718639940273382e-04
9.623937905711769632e-04
1.187841207155916146e-03
1.162788654233429253e-03
1.496743206126106319e-02
1.206690357704637458e-03
3.106607469099915107e-03
3.313683657164325121e-03
1.075505903743030102e-03
9.696460788981061535e-04
2.524821636242822760e-03
7.892032676077853637e-03
1.371004967830239231e-03
1.499557460022584365e-03
6.587166775691038513e-04
1.952371482191528080e-03
4.552170789429698392e-04
1.289206730049673698e-03
7.691040426691346651e-04
5.190121269656224230e-03
1.123012770322042537e-03
3.317952697195748497e-03
1.994776674618412102e-03
3.986620897230562163e-03
9.419661509615105720e-04
1.015109355385991619e-03
1.308065666438268252e-03
2.585771971086429314e-03
7.329102159185857737e-04
2.987933342576072019e-03
1.788070615955462744e-03
5.529795281285820700e-03
9.186699509931555308e-04
2.814826503600043051e-03
1.145059574267296614e-03
1.797587389692793672e-03
1.067719146063616890e-03
1.247702119903363986e-03
1.103109951307904100e-03
2.506533565004816829e-03
1.086593592436751196e-03
9.946438625182151862e-04
1.138657439811386696e-03
8.293356468381993772e-04
2.716766361419116222e-03
1.029046469289892794e-03
1.078085006803639360e-03
1.246330314792287210e-03
2.912018620764038855e-03
1.608749469130592259e-03
1.621106838066602857e-03
1.258792010629901153e-03
1.076151276281498348e-03
1.765383669523856421e-03
1.623371953698427711e-03
1.003954090143198072e-03
1.277858395899568759e-03
6.490341137169527855e-04
2.731700613994310790e-03
8.984071106351359734e-04
9.579452394199581200e-04
4.304300937682129478e-03
2.919528339389309418e-03
9.640711094956534765e-04
3.095278631108794917e-03
1.810201376199867696e-03
8.987671252651430621e-04
1.152375096545288878e-03
2.868585741951442877e-03
4.965973058889790008e-03
1.571073275089017625e-03
1.478122298662199472e-03
7.710202630614845700e-04
1.412613060631217774e-03
3.199799981594480744e-03
9.119322228042050539e-04
2.190463851300095219e-03
1.002065483777260339e-03
1.022245938269286452e-03
1.516363196641853147e-03
1.659398283137006325e-03
6.889160224365102527e-04
6.921774435728053143e-04
1.023534110286082556e-03
1.662581284624847994e-03
9.035023285644737346e-04
9.821037556265025704e-04
9.758275144885837551e-04
1.053913015944707649e-03
1.531750973852036247e-03
2.880331574166289463e-03
5.773761802313728993e-04
8.439568178038236654e-04
8.989728388233255221e-04
1.079279863305194088e-03
6.847398743130438028e-04
9.822076009004161463e-04
1.049695663243343288e-03
1.154746569179086356e-03
1.331007983551311512e-03
1.163117954723426588e-03
2.142080661487119619e-03
1.658303994824598645e-03
1.585042931484845468e-03
1.432296243496986900e-03
2.117941724936606759e-03
1.053241366057981786e-03
2.520508165304521236e-03
1.161512053352467154e-03
1.379995675973815297e-03
1.038146293089942064e-03
8.728415083996106730e-04
5.534817590260832434e-03
9.454434432840867590e-04
2.004787567172768015e-03
5.920018397379942952e-04
9.028494611504814639e-04
1.311920684648131647e-03
6.842509690813135302e-04
1.689976378739608620e-03
8.324930048202619330e-04
5.249778732942101192e-03
1.251259279860142230e-03
9.169427519271166173e-04
7.569498131911211363e-04
1.197756074209790781e-03
9.816316522359648435e-04
6.014675428907965060e-04
2.961160601388235659e-03
6.210841965671493221e-04
8.407543904350154619e-04
1.144741406195745994e-03
1.113518299048970239e-03
2.408752485348781679e-03
1.220697581806101965e-03
8.526143980195700130e-04
5.122319493279938558e-04
8.788521818016876985e-04
4.184589573923250781e-03
7.912436170823411311e-04
2.636375982128260492e-03
1.026077229218683336e-03
8.763044793625154524e-04
9.365141735332321079e-04
4.857013583002358389e-04
1.149328644995787707e-03
9.964875774039418273e-04
1.941522155827305482e-03
1.696324071875146815e-03
9.682644597986723740e-04
8.996086464069828282e-04
1.296765703793988653e-03
1.855905557430893686e-03
5.518549481991452373e-04
8.528629253604090880e-04
8.386027016330170180e-04
1.141437387801918536e-03
1.020807611204971928e-03
5.702863958240927218e-04
2.553116266106143003e-03
8.802074743895229279e-04
2.214527966814362064e-03
2.558958238447719101e-03
8.985817044029058721e-04
2.361382962880279393e-03
9.000046088009328819e-04
8.242289374606234353e-04
7.295715398958330490e-04
5.449153870086940847e-03
1.224346649892503816e-03
7.197306667905533500e-04
3.463349375259538402e-03
1.754091063188659106e-03
1.284470496771685649e-03
1.015443686436686126e-03
8.859496581183884780e-04
1.594941061863921431e-03
1.186421263675578337e-03
9.815092565922662986e-04
7.805052897555744829e-04
1.493006556503125547e-03
