1.138363618127569143e+00
4.183824131861283990e-01
1.260465059604113369e+00
1.485994412777075224e+00
1.267178268571302446e+00
9.296691085190276205e-01
6.616727455718708351e-01
4.630750546089650310e-01
3.190699138300975291e-01
2.169367596715234547e-01
1.463363906071711296e-01
9.886536192245860832e-02
6.772084020755861355e-02
4.761225705550009568e-02
3.468106424396584508e-02
2.628656869804856314e-02
2.072371721735851921e-02
1.693262974007085642e-02
1.425873180740442649e-02
1.230091896612056299e-02
1.081140563922989087e-02
9.635290169453657183e-03
8.672094196048260942e-03
6.796549177544677564e-03
7.182574451393454462e-03
6.037851187116033067e-03
6.047377631404573205e-03
5.664994342644728148e-03
5.243730793979667869e-03
4.932319573059260748e-03
4.533111324734231083e-03
4.316853321783799095e-03
3.950920051983390809e-03
3.915613896903240992e-03
1.863440009885919619e-03
3.150216972745398074e-03
5.103642218656840278e-03
3.023651390581035426e-03
1.222396560717974381e-03
3.159920744714438210e-03
2.656826672437458299e-03
2.462460863273031701e-03
5.875796297261549547e-03
4.503005495699299345e-03
1.491908839259104176e-03
1.738270486948140757e-03
2.730835438718467838e-03
1.138897727719135862e-03
2.275721263119695383e-03
8.581935560066411605e-04
6.917697113613052121e-04
9.143168374053818864e-04
9.293880063156807932e-04
1.380710061262840774e-03
2.995567335447434348e-03
1.916789039067671096e-03
5.962546303543977489e-04
8.928721847421107818e-03
7.503674097482030802e-04
3.927229925199113357e-04
2.523303129075858253e-03
1.049702383204243307e-03
8.002307998414240342e-03
3.671180295260847472e-03
2.601316310278413858e-03
6.471311998730054811e-03
3.984891305850324513e-04
2.304066510873666301e-03
5.209840712196650049e-03
5.361127337137857815e-03
9.093305942718374378e-04
6.607482481354007460e-04
5.808085770277566715e-04
9.563634610189100096e-04
1.735890457669795857e-03
1.268069133748042296e-03
6.163099036285553563e-03
9.385983937283511524e-04
1.270479479922033026e-03
5.257638795286724738e-03
1.104435594807613285e-03
1.184264396190705870e-03
2.625672753342359750e-03
1.192744107256452990e-03
1.950872729771641317e-03
5.877307116322389238e-03
1.246940548030415954e-03
1.560883173991295001e-03
1.439922486599004960e-03
7.538437467594542125e-04
1.269277019223573767e-03
1.071735314126991221e-03
2.360409491255570456e-03
1.763094797146865216e-03
1.320303260030274975e-03
1.208640698504256364e-03
5.481738305694090589e-03
2.215192132996369502e-03
3.340129773779696408e-03
2.183060103702639480e-03
2.080276343131462740e-03
1.372851138733796822e-03
1.306747546617467899e-03
2.201203739026565305e-03
3.164020168828684566e-03
1.796047273916087346e-03
1.527706817921791914e-03
1.574143062185259833e-03
1.687214816577655568e-03
6.079940080033491160e-04
1.117961969835091574e-03
9.828933729975816973e-04
2.966841814892716249e-03
1.490698843699438374e-03
1.454316795001120042e-03
9.751857319425538163e-04
1.488256681422784819e-03
4.403606692007130106e-04
1.207247090888154042e-03
1.416708751849545325e-03
1.323133116597770709e-03
1.429841831927393782e-03
1.123964844903630215e-03
4.880596960252878147e-03
2.294465785598478504e-03
2.132849291085680329e-03
1.556564906128835458e-03
7.979223324835494138e-03
1.264791721341564307e-03
1.106247129710772811e-03
9.505258022892903655e-03
4.456986683392148881e-03
1.046147671580189339e-03
3.024236157652531679e-03
5.309170344392133943e-03
9.718671183460535082e-04
2.019829082616064492e-03
8.031940002639901318e-04
1.462809541142503665e-03
1.671819219541046536e-03
2.852622292430435740e-03
1.760159000985391962e-03
1.189309485839243341e-03
7.376793166803343902e-04
4.244682620257049337e-03
1.987553072023779278e-03
1.750827538390105440e-03
6.845546690430029434e-04
5.595886756524140861e-04
7.315666044037277046e-04
1.584346514286665919e-03
3.155399968802788131e-03
4.767852710603639674e-03
8.626297713372145428e-04
1.171757861515980350e-03
1.082387904881359705e-03
4.831054111336757729e-04
1.675258777665091610e-03
8.919459101038230975e-03
8.470412942737957441e-04
4.521516198372027518e-04
6.474404935976237063e-04
3.131374009456787378e-04
6.944423092573047450e-04
1.044429913793339104e-03
1.613012026599811152e-03
3.028349626932345939e-03
7.681251391282339263e-04
3.744748994223891800e-04
7.864145829974958021e-04
5.074923536121116099e-04
1.022203504988851907e-03
6.069427030452033975e-04
1.548993265028114933e-03
7.555017583164415438e-04
1.260919817463745886e-03
7.775394228563579447e-04
4.523525758133741144e-03
7.136498533429521925e-04
1.225846279167219126e-03
7.187592074565260459e-04
9.828576402992573666e-03
5.830184743405408387e-04
7.370474895976134337e-04
1.524973036585787782e-03
8.131101991733977446e-04
1.513743272723662783e-03
3.550115382370332834e-03
7.997398311243379123e-04
1.162904533195047120e-03
1.162922835372852751e-03
1.176925498121830565e-03
5.541941686070868834e-04
2.745360177903681878e-03
1.662803832525893734e-03
4.188933847712069639e-04
5.850186381992519488e-03
2.514893138843970859e-03
1.270493365904791635e-03
1.225971815775614990e-03
1.632355531587291160e-03
6.795176963274386682e-04
2.647407558804532220e-03
2.270995282938369393e-03
7.082474027679288827e-04
1.423223371415703251e-03
6.751848578272941215e-04
2.152323402686375821e-03
6.338195635771520526e-04
6.929033217837511508e-04
1.648192811988823765e-03
2.723460424304106637e-03
5.561331728284227933e-04
1.080875648207037980e-03
4.206733878622449688e-04
1.183864995594617565e-03
2.912248020451580627e-03
1.456009285811047651e-03
7.379272392891175411e-03
7.786515275361523443e-04
6.132571399507819911e-03
7.023310060009238737e-04
3.032564920378917356e-03
1.366783495623186476e-03
1.477488609952564477e-03
7.627330839915150542e-04
1.805785985155547490e-03
5.225084288417886644e-04
3.765215333461622606e-04
3.016624170891990748e-04
5.799310940357954277e-04
4.419361151516469307e-04
4.425181691658795812e-04
4.258750062338558635e-04
1.071838714623587607e-03
6.001355791838460787e-04
6.100191988729009506e-04
9.944755135143604641e-04
9.597614909766539202e-04
1.798600737844797222e-03
4.602867843482661499e-04
2.483794491529829965e-03
6.733178917251648153e-03
5.114253881921636659e-04
1.271799733447545860e-03
4.903932930244936589e-04
2.155703151139335555e-03
2.051561851258062227e-03
1.226983309524282790e-03
4.463991756309510189e-04
5.159882993725584208e-04
4.087684634954261761e-04
2.495121127582249337e-03
2.964718441926570292e-03
1.113246537255590737e-03
7.938908862800714717e-04
4.848389369332944260e-04
4.844648067594810401e-04
4.864245573203584863e-04
5.818702900294810739e-04
1.586602894570950193e-03
8.058562529959914294e-04
4.497803207437225904e-04
4.307010328938112864e-04
4.380003386899306147e-04
2.135921559528813733e-03
4.341387058537152059e-03
5.301679956122467337e-04
5.001082750966808713e-04
4.054573913783375799e-04
9.141309534425512331e-04
6.595549119990497602e-03
4.584908245084463635e-04
6.619127684900915102e-04
1.792831969492307337e-03
4.450370095330972542e-04
1.587612304050995717e-03
3.937115728740227271e-04
9.768073348560180232e-04
6.888963612613481328e-04
4.230857498058881658e-03
3.433386226511271080e-04
1.054786574144281428e-03
4.452755720070114944e-04
1.424370333856105194e-03
5.095023155474574144e-04
6.879548929871583465e-04
2.959490332788177391e-04
5.144154203249512230e-04
3.395716881656391027e-04
6.733273338290891950e-04
4.192333790910714978e-04
4.266669749185076016e-04
2.519492773356899265e-03
5.159825719568605700e-04
2.562734191585235954e-04
7.634693851855480808e-04
5.014817578983566141e-04
1.262987316727543202e-03
4.233208930265887457e-04
