1.031830951149717235e+00
3.214695131408078499e-01
1.392224171129829102e+00
1.639755514759881017e+00
1.013389956771248768e+00
5.131713918077231984e-01
2.684617577438750402e-01
1.533003269723468565e-01
9.514106312896516982e-02
6.074728439427388993e-02
3.891388188911664575e-02
2.492586988973756121e-02
1.590641603614128402e-02
1.005432685777848424e-02
6.254674382972301439e-03
4.502083535977336771e-03
2.319512048016934315e-03
1.468039133664946492e-03
1.109386030606835608e-03
1.104648611715876479e-03
9.663592262760129989e-03
1.504572488334405059e-03
4.125263957679694768e-03
1.869373314061056586e-03
1.875867316282485040e-03
2.100872581816617176e-03
2.498402947168539608e-03
2.202447052456825080e-03
2.600872673144526831e-03
3.648048712770908791e-03
2.911701770677068216e-03
3.832288504091651768e-03
3.524720397699380656e-03
2.627257359299920141e-03
6.509103227806080014e-03
2.849024376195156971e-03
1.717646765899419163e-03
5.323185717058419829e-03
3.127531964746505574e-03
2.640564714187013974e-03
3.455682348062790246e-03
2.894106565611046303e-03
3.290946300224070753e-03
3.994559540501112574e-03
2.752817902931998118e-03
3.654623578886633146e-03
9.648468700745378712e-03
3.042500150234047056e-03
2.870609460954580156e-03
4.638998330438517774e-03
2.529374488824848253e-03
3.350746993556111449e-03
3.602772845463220880e-03
2.764264049855050861e-03
1.502861979478052352e-03
1.349870059107765100e-03
1.099275821025646159e-02
6.766491842654825603e-03
2.383536052146391707e-03
1.527495681519566283e-03
9.354995580361961244e-03
7.110323119311858994e-03
5.935986152050701757e-03
3.066766567249028849e-03
2.559760489209021283e-03
2.551949687348510978e-03
2.877988700674310400e-03
3.188939326494952611e-03
2.627985646558857885e-03
2.940586291991113821e-03
2.830015344061792906e-03
4.968270204343143426e-03
7.420294661254258836e-03
2.553673280003688865e-03
2.755060811850925610e-03
2.616762202293420637e-03
2.954795263067278976e-03
2.200894936876647556e-03
3.837631471428656297e-03
4.632774956782679220e-03
2.279195380911961180e-03
2.104807654205503344e-03
1.134573441289151536e-03
2.156267684731851854e-03
2.200992340343818372e-03
1.553369465875055087e-03
1.278685027680621358e-03
2.212681171160143113e-03
1.923393961536663680e-03
2.962022175522781124e-03
4.254809936250026313e-03
1.909718973517501124e-03
1.654063386408023088e-03
2.211967159179747521e-03
1.624350489588630847e-02
3.750411576826182675e-03
1.736994379819627957e-03
2.331942067456488788e-03
1.477098133406619775e-03
3.042490772566794083e-03
2.772215345158817075e-03
1.678141331856163607e-03
1.148256189227859136e-03
1.917952096055939139e-03
8.191096358052134957e-03
3.412255547481872226e-03
1.476945166758512722e-03
2.650636999832771748e-03
3.243159535205595353e-03
1.382532036600521560e-03
1.563979877881421700e-03
5.169745268115936467e-03
2.727912082613727796e-03
4.452960547210637644e-03
9.337743987105157290e-04
3.960598635374429355e-03
1.342299144745724660e-03
1.404723618293634907e-03
1.236009182290714360e-03
4.685908375436694667e-03
3.362445359497610864e-03
1.076788872597730798e-03
3.999161094838509650e-03
5.590053094869430229e-03
9.640839551111989167e-04
8.027431105458927851e-03
1.660978202303285472e-03
8.149344229540273279e-03
8.917794492384693286e-04
1.139037026851151806e-03
1.408988438918577606e-03
9.893785321915310373e-04
1.150140632616722261e-03
9.479102309395239564e-04
4.973081040655281298e-04
1.134481668746908879e-03
9.048848015997306088e-04
2.644517280046752589e-03
1.182849370547471753e-03
7.473880307787802210e-04
7.964938498766229672e-04
2.475024649270624391e-03
6.999821199656540904e-04
3.208970170280218536e-03
1.515920318782608195e-03
2.004039952090169718e-03
9.790016916118846925e-04
1.794422384122744407e-03
3.484566981093236847e-04
3.528522099671157694e-03
1.426609589927322176e-03
9.912852606544302839e-04
3.203049787063306478e-04
1.172101426894303806e-03
4.718348985963163574e-04
3.261844190767315427e-03
3.124763555373577550e-04
7.383625920443085463e-04
5.648549126933298178e-04
7.686666753051604132e-04
5.859039556714640880e-04
2.707410515191013486e-03
4.535164727417538913e-03
1.639341414164495773e-03
4.225597042915504040e-04
4.935631886891185061e-04
4.124042092191152896e-04
5.820150890468692335e-04
4.079144642651313284e-04
8.288780152926512748e-04
5.345927600345727875e-04
8.773457650188573251e-03
4.777793603207345198e-04
1.418571914864604194e-03
1.471739597101511801e-03
3.958305753650985114e-04
6.331264718319349824e-03
8.745570475933772464e-04
2.691082541962736430e-03
7.570612581572819634e-04
6.356625551535844201e-03
8.534576006911819739e-04
9.778224411649428377e-03
7.977105192511011866e-04
7.520119769481616034e-04
4.882949648008866545e-04
3.300629962186873816e-03
3.888623357649913063e-03
6.522215682996723024e-03
2.693849793345337237e-03
1.028488932223028084e-03
6.958987005796724240e-04
6.527551067498014699e-04
3.273195276589296941e-04
1.209630210958915868e-03
7.609678862307837259e-04
3.458476913404341028e-04
2.041471345072489894e-04
2.123970763978704716e-04
1.006116770828555454e-02
1.674806076694614673e-03
6.462602774041719626e-04
4.192539250148527661e-04
3.130591028275564024e-03
1.111182820283071341e-03
7.262047591453893447e-03
3.946508507496009456e-04
3.649948138040722489e-04
1.358510928315148115e-03
9.730927103989181308e-04
3.516592541884728845e-04
1.579340431308200784e-03
9.183023159441350758e-04
3.637980436013014724e-04
3.239454105073639144e-03
5.613931260311310440e-04
2.289971065977405417e-03
4.863138739252063892e-04
2.119599467415478073e-03
7.870846301359813325e-04
2.459319215972250350e-04
1.527228425426706932e-03
3.698022114729150470e-04
1.206121409745801844e-03
2.913539259579005789e-04
1.763394681856867785e-03
4.245457772634232425e-04
9.848540854410709530e-04
1.201985047811080648e-03
3.495889639771982641e-04
1.156286938810782228e-03
3.845964666676922328e-03
1.100349023157444310e-03
2.612952606383780844e-03
3.131200902015267599e-04
1.424787799957477489e-03
4.901279192372737887e-04
3.780471098061881298e-04
2.932450651578475710e-04
3.974839976633680045e-04
3.218774770933843115e-04
1.347819748001029489e-03
1.535138859237877157e-03
4.088988517687355004e-04
3.086399139725941516e-04
4.684320546607980947e-04
6.637505465000262828e-04
3.451960652121149843e-04
4.284702849293224006e-04
3.448591130786622509e-04
3.829565866336315347e-04
4.182526607976178295e-04
2.109310629834411713e-03
3.674369976735423256e-03
5.418116358622314735e-04
6.168797754420607968e-04
3.980137265502680950e-04
7.654739727151866312e-04
6.868479448431853316e-04
2.543047667618108468e-04
3.624743640043577315e-03
1.861483350588237842e-03
7.180019292557704349e-04
4.484452544798973937e-04
3.954604749607733326e-04
7.094315859517274104e-04
1.623267198239177096e-03
1.400635627505463290e-03
2.831884507328004917e-03
2.122209669518396787e-03
5.900578414493625043e-04
4.111973881623370982e-04
4.191890648479526245e-04
3.423078893933347239e-04
5.295957939806148710e-04
7.029874810525001041e-04
2.775527651612836461e-03
3.108973417112939792e-03
4.011198833963385869e-03
1.837438139804058786e-03
7.159656757474028516e-04
2.921864197101870127e-03
1.586347776750637872e-03
5.544149682150208884e-04
5.901359000073939020e-04
5.071000844101773274e-04
4.422559704494603882e-04
6.738328152692275299e-04
5.345232517187872715e-04
5.976957248306012226e-04
1.185613259301748117e-03
1.654923112506741538e-03
4.499191270355458331e-04
5.138117548952422136e-04
2.816338491610870763e-03
8.446012861000246931e-04
1.041979606336804719e-03
4.995478254926953923e-04
2.711035885091862309e-03
1.648441572170794957e-03
