1.008934908750658943e+00
2.811177854406580856e+00
3.836735823205792872e+00
3.815591537971356306e+00
3.886608424065462586e+00
4.035444243618109716e+00
4.187846948109521961e+00
4.240632976731592230e+00
4.253834755047930294e+00
4.233553019097349157e+00
4.215557686400241089e+00
4.198959862740130333e+00
4.184820371069769784e+00
4.177871912455946912e+00
4.163317215480625499e+00
4.153737272080579856e+00
4.150695179313631300e+00
4.138419898360048421e+00
4.139283077302270186e+00
4.123905433466553916e+00
4.136750555149568243e+00
4.131989394153426254e+00
4.139293278729068604e+00
4.163881964235534028e+00
4.161615232527171138e+00
4.180065835300442956e+00
4.197090538996921083e+00
4.214566702429441314e+00
4.229279549304153285e+00
4.249895134403606001e+00
4.258623523978895875e+00
4.283929115879447913e+00
4.305050417073431390e+00
4.316746386136824931e+00
4.337535499196328637e+00
4.357995914425349504e+00
4.377647942426158956e+00
4.394230889433278442e+00
4.412871357613274093e+00
4.430192191298911730e+00
4.444817875437253818e+00
4.466346555564429721e+00
4.487816256943798265e+00
4.507048719652805069e+00
4.526770650915469041e+00
4.547664774795373788e+00
4.567255118900964028e+00
4.588951421523157492e+00
4.611454339975066929e+00
4.627268132688895363e+00
4.653256451024113893e+00
4.676706954461968380e+00
4.700625641233360241e+00
4.722133156174462165e+00
4.746448495539323353e+00
4.766155490523310334e+00
4.797382601583257689e+00
4.813271756103641330e+00
4.849822540724521680e+00
4.870160598168540744e+00
4.899547819191496068e+00
4.917068911495799277e+00
4.951377418324200974e+00
4.983885258661776341e+00
4.999660629892468400e+00
5.027283487002805806e+00
5.050118583808884232e+00
5.078263823882726236e+00
5.097427586010343958e+00
5.113235324656397296e+00
5.148216920237969063e+00
5.179464006607565452e+00
5.195014314745117545e+00
5.220368174913536663e+00
5.240138536811782544e+00
5.267303712716032926e+00
5.284969568389724870e+00
5.317264415418534007e+00
5.328367229020669171e+00
5.363101509068958883e+00
5.383283117417215990e+00
5.397030574317449592e+00
5.418434140288220568e+00
5.430732974371815125e+00
5.453407374644188010e+00
5.471067241931700131e+00
5.488155015916537316e+00
5.502322662708457379e+00
5.517108373128103871e+00
5.541579256659376007e+00
5.552865695808670843e+00
5.564631937039781207e+00
5.585091665150591744e+00
5.599383714230096842e+00
5.621785511836200122e+00
5.629970987617625156e+00
5.645084264996330425e+00
5.662301344145961757e+00
5.666486039941638353e+00
5.681308175438198660e+00
5.696331714756369458e+00
5.704780736444576839e+00
5.712938495751563650e+00
5.727074089688699132e+00
5.740235940025235628e+00
5.746068433432466094e+00
5.756634038381026386e+00
5.759641867228089573e+00
5.775984995282395396e+00
5.785629242197853905e+00
5.787831358604950793e+00
5.798662882840070587e+00
5.795326998121766771e+00
5.816604547747465048e+00
5.822807538577733588e+00
5.824667635776243024e+00
5.834004796833103690e+00
5.844774193570495768e+00
5.844851252688835430e+00
5.848432555553021217e+00
5.848012477914382501e+00
5.857590900215885021e+00
5.860156427742703400e+00
5.855236963648420279e+00
5.868800823033939906e+00
5.875984697570640236e+00
5.876702174152355518e+00
5.875637230869508620e+00
5.888226000558661077e+00
5.870195320959881613e+00
5.882749385821239407e+00
5.889450789887209048e+00
5.890270273922181943e+00
5.895162005117731141e+00
5.896389068735735428e+00
5.897871659668711963e+00
5.907163469964445746e+00
5.899993922685410119e+00
5.904987112232716662e+00
5.896626687518232046e+00
5.903204778344839809e+00
5.902639674416271909e+00
5.902273340286177117e+00
5.906526831180297421e+00
5.905152311017734412e+00
5.902521104697271426e+00
5.902181962680399074e+00
5.904522041360178441e+00
5.900332654104928132e+00
5.906384376554382420e+00
5.907311862146832127e+00
5.905117993303851343e+00
5.908142940932750165e+00
5.900453924287877960e+00
5.907291094954906008e+00
5.914851745524455140e+00
5.908583972621202385e+00
5.908672480906933089e+00
5.907464541797573077e+00
5.910348491511220104e+00
5.908925013027602091e+00
5.911030046429090135e+00
5.908946727607140126e+00
5.909124116145175520e+00
5.911623016801664576e+00
5.908846824066186443e+00
5.909105538072161323e+00
5.908170194432803335e+00
5.906023844713043758e+00
5.908298464054149157e+00
5.906644443517354404e+00
5.904430052765447634e+00
5.906381312694403363e+00
5.912885087336291257e+00
5.907282231585935683e+00
5.899216546177523668e+00
5.907488002926083226e+00
5.907147882725087840e+00
5.911355129686149290e+00
5.907853122215999342e+00
5.908959904441855926e+00
5.901175627535170776e+00
5.910170977570335715e+00
5.907323248149957351e+00
5.900137779426639639e+00
5.906828048467392733e+00
5.908580618012505781e+00
5.911049004280297225e+00
5.906874053883103493e+00
5.907513628775237891e+00
5.909030260906610543e+00
5.908880202313011587e+00
5.912137466559839183e+00
5.912840548707859689e+00
5.908703856144707167e+00
5.914404118489091644e+00
5.906923379980341338e+00
5.910977408674482625e+00
5.905217739543030753e+00
5.912842369069593040e+00
5.906184533880526111e+00
5.920901606157165098e+00
5.913888833462967121e+00
5.909155134094765671e+00
5.915329231362201234e+00
5.919385948559498623e+00
5.914748483936050683e+00
5.914033314575702249e+00
5.907732337149282920e+00
5.919264201063198172e+00
5.909423562590801815e+00
5.920252745848202380e+00
5.918461178972862058e+00
5.922445673247626274e+00
5.924285539568524328e+00
5.920935547589397885e+00
5.924381128581043932e+00
5.919485173681525048e+00
5.919598015384949896e+00
5.924157944627157946e+00
5.931261029979363109e+00
5.921218945168905456e+00
5.921535506159449014e+00
5.925254353851335587e+00
5.925891813764287974e+00
5.924769688990815020e+00
5.924199668113939943e+00
5.918781849763167457e+00
5.929230219703224058e+00
5.931998720334274999e+00
5.928484335917228343e+00
5.925825783208371611e+00
5.938926202544595689e+00
5.940916438901932217e+00
5.934445702682787704e+00
5.936448553655532479e+00
5.925093704024435581e+00
5.934058219997823791e+00
5.937391841483758981e+00
5.936640821437815241e+00
5.937859754651363176e+00
5.936127288567264237e+00
5.938624267828917169e+00
5.937261915344564933e+00
5.937712139249660126e+00
5.938639511449713027e+00
5.933904950905360742e+00
5.941527812419606924e+00
5.937990204493097224e+00
5.940048072383610211e+00
5.942272008354053447e+00
5.941588180460869673e+00
5.945688733927205760e+00
5.941203352113081593e+00
5.941704894162193717e+00
5.941282569009631587e+00
5.948076653336941355e+00
5.952093929314547616e+00
5.948538153387550764e+00
5.945903966228744508e+00
5.947646963126542730e+00
5.948792783166705789e+00
5.947947557749774461e+00
5.955514003771341436e+00
5.949960415006213310e+00
5.951188279743531595e+00
5.948850423130942033e+00
5.945179996302484504e+00
5.950869502626721541e+00
5.954052741372978907e+00
5.944366951975936786e+00
5.950633945568724492e+00
5.954666174977898407e+00
5.955698883717290393e+00
5.953886511490111388e+00
5.954215419694218525e+00
5.953980529177372638e+00
5.953464423761792190e+00
5.967298439786074660e+00
5.952661999651557956e+00
5.953058742747388443e+00
5.955283247045814576e+00
5.954861785440692223e+00
5.952868434657966112e+00
5.957051497019279829e+00
5.958988990861254109e+00
5.955386229795866626e+00
5.951339028337915948e+00
5.956303917499528922e+00
5.952681442381646981e+00
5.958571617897972850e+00
5.956043381148903748e+00
5.961045841140328427e+00
5.957832355380940470e+00
5.957338033707334723e+00
5.954751781348957884e+00
5.957840928400528924e+00
5.956798820858029586e+00
5.956028097834606960e+00
5.955082492120192583e+00
