1.333203401522810916e+00
6.796019255163547879e-01
2.639250664677065261e-01
5.632045852630489513e-01
8.425211637537368681e-01
1.015309875140617102e+00
1.105961472846585858e+00
1.155447096455910261e+00
1.177776809832047133e+00
1.185131194514619013e+00
1.185519189841290233e+00
1.183252358514057745e+00
1.180356225571212336e+00
1.177652921966767963e+00
1.175381128894754879e+00
1.173539766144258367e+00
1.172057345845807230e+00
1.170860547081302716e+00
1.169893273852883775e+00
1.169114862066078731e+00
1.168493052866815596e+00
1.168002741039868120e+00
1.167622295582436243e+00
1.167149938885983618e+00
1.167121167064181675e+00
1.166530736973068638e+00
1.166918249923473150e+00
1.166879940508321445e+00
1.166911596783413829e+00
1.168281374311752829e+00
1.167073207720716210e+00
1.166921723767536223e+00
1.167397557439320055e+00
1.167358749799319861e+00
1.165410836820290230e+00
1.166945179898891016e+00
1.166798804597785288e+00
1.167241251654077994e+00
1.168269392402180529e+00
1.167338157232742368e+00
1.166777766503249048e+00
1.167216540037740335e+00
1.165684192788379869e+00
1.166900246167129174e+00
1.166844669137271806e+00
1.165758711913374768e+00
1.165711145699424245e+00
1.165565500901234008e+00
1.166114893970308541e+00
1.166098703684934623e+00
1.166401196640828530e+00
1.165467842214490624e+00
1.166271053914565980e+00
1.164061606986606323e+00
1.164462723677600176e+00
1.165305326339421965e+00
1.153627944635760683e+00
1.163039756781870881e+00
1.164155563301384477e+00
1.164075231441335179e+00
1.162993520658622160e+00
1.163791049753612583e+00
1.162985319480387636e+00
1.163686893574680692e+00
1.164066121528922970e+00
1.162089420468875645e+00
1.162942814951541948e+00
1.160660443758648519e+00
1.161828326041975057e+00
1.161965365128611705e+00
1.154814665332040580e+00
1.160523027933334506e+00
1.159842682691395233e+00
1.161005255381352574e+00
1.160904808067598104e+00
1.158293515207087676e+00
1.159023311727517269e+00
1.161058958044101086e+00
1.160285407869312779e+00
1.156887246852591922e+00
1.158346442252117692e+00
1.158964138808779687e+00
1.158951363408333490e+00
1.157837624604876714e+00
1.157290864649480167e+00
1.158614046468038783e+00
1.158068624097974064e+00
1.157483192319415988e+00
1.157190634289067432e+00
1.159105954510795788e+00
1.155957750560411057e+00
1.157042604376297135e+00
1.155930713366991380e+00
1.156628621110034061e+00
1.156264748801751230e+00
1.158314665623334516e+00
1.155416386494707348e+00
1.156074797714062408e+00
1.156917250268617581e+00
1.155694124533587219e+00
1.157614543615850033e+00
1.166983168264550175e+00
1.154378775760186882e+00
1.156319790972325734e+00
1.156227438014999720e+00
1.153256793151021364e+00
1.155847354096063651e+00
1.155858985694330654e+00
1.159143161586328130e+00
1.159292711654149377e+00
1.156448865555782080e+00
1.153700347015440997e+00
1.155860170570029988e+00
1.156629250054223457e+00
1.158297939729712400e+00
1.155944938603130634e+00
1.156089277458236753e+00
1.156873813319237332e+00
1.155232977371559500e+00
1.157728120940062944e+00
1.157549990541941076e+00
1.154476015505971453e+00
1.157328896343110536e+00
1.156819026943322060e+00
1.157641028893808155e+00
1.156514561659262919e+00
1.156186187380799257e+00
1.159135878274167863e+00
1.158243622658798655e+00
1.154630072478591174e+00
1.157081233855856262e+00
1.157043117507428942e+00
1.157058560194909047e+00
1.155183603340142362e+00
1.156383226601049863e+00
1.156839376736758851e+00
1.158345141902759945e+00
1.155318513006213355e+00
1.156117265839435193e+00
1.158203190419294426e+00
1.149411262791079302e+00
1.155865986760936881e+00
1.158353634347234484e+00
1.158371658643291724e+00
1.155216284895938861e+00
1.158142378337931211e+00
1.157890160731441132e+00
1.165474537292896962e+00
1.156708821337812720e+00
1.155269081306709689e+00
1.158057824402038527e+00
1.156676263067439869e+00
1.157471076486759509e+00
1.158706193300935716e+00
1.156776259535655882e+00
1.158532497853595578e+00
1.158069528572685414e+00
1.153910990306563633e+00
1.155537748494532391e+00
1.153255454928112211e+00
1.157036144551673917e+00
1.156679851876966314e+00
1.157789305508920119e+00
1.156084164251385271e+00
1.158084731261775469e+00
1.158120352483250626e+00
1.155361717923826914e+00
1.157613346748868510e+00
1.157620460115000194e+00
1.154140793846525570e+00
1.157244302737069575e+00
1.156959290872752621e+00
1.159536719904737501e+00
1.158016324469302916e+00
1.158098939227696356e+00
1.156301464754562636e+00
1.158062555609451039e+00
1.157587381220309686e+00
1.157479326617939064e+00
1.157940376129976467e+00
1.157243471442553462e+00
1.158281961343263999e+00
1.156100014290670774e+00
1.157767037127116039e+00
1.159564051000659290e+00
1.157644980111949495e+00
1.156878592517847748e+00
1.157073768521847068e+00
1.153350659042010395e+00
1.157926901445820445e+00
1.158840066754645237e+00
1.157280914978114250e+00
1.159426647488830397e+00
1.154595861625840048e+00
1.156830460880066136e+00
1.158694013429006020e+00
1.155422661330255618e+00
1.157703200130993704e+00
1.157545215406561301e+00
1.157013530218491404e+00
1.157190204816011869e+00
1.159349209595317287e+00
1.160876835522377526e+00
1.157075909932572033e+00
1.158784167644002050e+00
1.152596768335500066e+00
1.156132848407957381e+00
1.160493133047750813e+00
1.159467957914295022e+00
1.161099209790830811e+00
1.156279620834007593e+00
1.159149451561113597e+00
1.157870598960528685e+00
1.154335832878904844e+00
1.155638808929933425e+00
1.157312025229444874e+00
1.157408435413175951e+00
1.156007822200898705e+00
1.156569023604304691e+00
1.156936792684253534e+00
1.155670170978670752e+00
1.156507481786749558e+00
1.153551456270379916e+00
1.155358321670252542e+00
1.155828029077280883e+00
1.151765171799440601e+00
1.154430804090264662e+00
1.155607000549346619e+00
1.154120820192291452e+00
1.155696663357155041e+00
1.151382960040249204e+00
1.154231809885853055e+00
1.154971044354274445e+00
1.153618736488844831e+00
1.156311558800149797e+00
1.158399010224749892e+00
1.153826911247781695e+00
1.154864151295992514e+00
1.151663814525524243e+00
1.154334893676800755e+00
1.158875937599690653e+00
1.152060359680407764e+00
1.154065254814296448e+00
1.154144407726125365e+00
1.151063865684142984e+00
1.153310606974617514e+00
1.153152170207636162e+00
1.151616933018936306e+00
1.152810690974185981e+00
1.147466911231859843e+00
1.150974470076499889e+00
1.151665353808820180e+00
1.149534327719854643e+00
1.150339737770366577e+00
1.150128715494548537e+00
1.149887853432524976e+00
1.149762898744415063e+00
1.149876200234771551e+00
1.149124107751944512e+00
1.150251289448349201e+00
1.149604412911568119e+00
1.148447175948896337e+00
1.149420884810304688e+00
1.149603634474454017e+00
1.148593405249950239e+00
1.147929156642673254e+00
1.149645984035368107e+00
1.144835195286177942e+00
1.148161903667844541e+00
1.148608913325618097e+00
1.145665508024279911e+00
1.144561243064332823e+00
1.146920704208080899e+00
1.147930343142915310e+00
1.149335218090586475e+00
1.146022507448520411e+00
1.147494862587157050e+00
1.145790341355850561e+00
1.145040984298910658e+00
1.147030720162690365e+00
1.143893533479602320e+00
1.143844576522370149e+00
1.146674735352398278e+00
1.146553773766739948e+00
1.143179964859592612e+00
1.145051947433067374e+00
1.146422086502564719e+00
1.143813298669070999e+00
1.143896790072087555e+00
1.145073520430305747e+00
1.145347955395525474e+00
1.143580285819550957e+00
1.142396528333497585e+00
1.142935171530055527e+00
1.142854649700969949e+00
1.142362287003323651e+00
1.142728817950593001e+00
1.140838762675629559e+00
1.142710356577803399e+00
1.140136204352091953e+00
