1.015753283907611326e+00
1.139252566250072540e+00
3.526400530975459802e+00
6.353657854405519778e+00
6.756812265658545869e+00
6.963852019543863570e+00
6.605524309007788197e+00
6.746715220059635421e+00
6.993683811329105993e+00
7.074378696130501076e+00
7.135000275572554784e+00
7.181925504928874382e+00
7.317914432844617068e+00
8.151562714528518327e+00
4.889934787357296919e+00
4.607946417477725376e+00
4.387924222243460903e+00
4.111074171983971404e+00
3.905974657863024557e+00
3.717224174555765259e+00
3.572643108067436568e+00
3.420641092749117984e+00
3.272948188770289590e+00
3.048004239044419972e+00
2.896821512541155386e+00
2.691094920808662749e+00
2.685521287828649406e+00
2.525360585423604753e+00
2.388691796482716345e+00
2.244141475983346457e+00
2.077859118079838918e+00
2.031579709028911829e+00
1.827899569637945421e+00
1.713444510864492232e+00
1.652851131933937623e+00
1.441912443393869481e+00
1.373875124604225784e+00
1.220628934061550819e+00
1.139689095271973374e+00
1.088607093885232358e+00
9.960094799608973926e-01
9.156495644756231789e-01
8.556329461194410735e-01
7.845132143831481386e-01
7.037537866439596002e-01
5.788004337971132118e-01
5.999277813277468230e-01
5.394998691491303955e-01
4.904370374829981061e-01
5.279601946181962102e-01
3.137036325151527638e-01
3.763135288488346775e-01
3.408665912393039066e-01
3.141219998464818697e-01
2.715472939898365135e-01
2.775445939445133070e-01
2.454899236107430660e-01
2.056310995709986489e-01
2.183436386727156953e-01
2.006169936530537989e-01
1.373315158126516555e-01
1.666839846942458903e-01
2.157552723597497002e-01
1.754770543784424930e-01
2.195307914630545976e-01
1.501336643551919037e-01
1.592835722368523277e-01
1.484213871100811544e-01
1.105114262550496856e-01
1.474579118984196691e-01
1.625832598675874263e-01
1.626865875403143147e-01
1.483079043048740053e-01
1.209603861935419078e-01
1.104639443151621686e-01
1.060149573283324653e-01
1.379850873559449742e-01
1.010680779778884153e-01
1.324628281688992881e-01
1.423307671794867280e-01
1.140420062400435142e-01
1.312401292370692640e-01
1.272851884664183142e-01
1.271786372400307286e-01
1.455149869875061730e-01
1.118783378829308894e-01
1.240352812923082026e-01
1.659115336514823125e-01
9.362317603720031467e-02
1.331219833505601913e-01
1.266554578794491237e-01
1.215740347840385677e-01
1.322889214155725801e-01
1.368138156227235447e-01
1.089636592291826078e-01
1.301376259900524357e-01
1.350243127921097186e-01
9.662352874102868305e-02
1.234032949767475129e-01
1.304834342724464080e-01
5.367941360556984648e-02
1.493801575055504205e-01
1.454488776183878729e-01
1.155268701410615551e-01
1.129636667465740568e-01
1.119687489463911390e-01
9.181490494502406174e-02
7.853951896057033422e-02
1.101745946055820713e-01
6.481298643362293221e-02
1.017286640488414412e-01
1.071144123352818639e-01
8.742228223411017962e-02
1.005729503822640758e-01
1.373800243451884229e-01
1.325444432576723119e-01
8.035042316967049014e-02
1.641560284885525411e-01
8.724653520565428533e-02
5.977075077015679694e-02
1.713195337165713816e-01
1.008349919008586365e-01
9.101512495991749552e-02
6.771872055272659674e-02
9.969628858251901316e-02
5.252900801431516914e-02
9.961355517518966085e-02
8.713866567942575581e-02
6.151204855406326721e-02
5.089736453517146320e-02
9.172368701606520291e-02
1.309002951517755642e-01
7.227476474621113978e-02
9.620038319437743124e-02
7.595134426825773943e-02
7.755873896538460766e-02
1.257505032578917215e-01
9.665273678676153390e-02
5.681124860180581521e-02
1.026049720668246040e-01
1.196314130365701139e-01
5.636691424903134823e-02
9.478793809852623098e-02
9.500872049933253849e-02
8.599962803344114726e-02
3.231784333951969596e-02
1.201086571319761875e-01
7.709512726608305777e-02
6.932084844622445063e-02
6.507624186233934571e-02
1.185541755565048677e-01
9.844958736899307727e-02
1.992489142852876538e-01
1.503471105611874081e-01
5.072206537049013531e-02
6.920454945886106435e-02
1.220446239352962203e-01
4.976670655508375063e-02
9.160382707486765252e-02
6.922272302924309395e-02
6.194155339776469260e-02
9.445311214883660156e-02
2.102730375025295972e-01
7.008364923494066201e-02
5.728379755195520118e-02
1.493468606960099976e-01
7.353223817499476844e-02
5.696944121872699052e-02
3.649775370669035290e-02
5.713832313636161425e-02
9.852848781553101565e-02
6.394758886363219319e-02
3.653401608400447947e-02
6.378992810713439432e-02
5.098818619063825303e-02
3.457108306150998706e-02
5.605116759947660621e-02
6.397681647140480987e-02
4.568352112095742934e-02
7.443783899578571006e-02
9.478776461109554574e-02
7.592730885975360056e-02
1.036331482397197662e-01
6.839582790916608201e-02
6.091581508596834171e-02
3.405590305043475208e-02
8.142573417228692045e-02
5.917644529471155490e-02
4.580756415957601413e-02
5.278292184962411066e-02
4.500175363177828791e-02
7.702504907399078393e-02
4.813162457207781353e-02
7.655032028386737908e-02
5.027963750326069903e-02
8.261649069859428041e-02
4.751871353295259587e-02
4.661943796029543313e-02
1.329158428761182953e-01
4.868886144461339466e-02
9.858053548129500077e-02
5.539229928150504051e-02
7.922986714469160141e-02
4.137061443624996671e-02
4.289630162431819216e-02
5.757249409615539798e-02
6.152563617653227651e-02
5.066683024228261362e-02
3.380315710215397312e-02
7.305319674533181096e-02
5.750925860591999533e-02
2.545707738621202365e-01
6.939973894502410312e-02
4.948041118060420018e-02
9.090898574571272539e-02
6.153911716301893597e-02
6.756995959066959545e-02
5.717520776915945707e-02
5.156547173379100180e-02
3.194724921769171583e-02
4.061985572068289169e-02
1.040076732098286633e-01
7.500931740432240091e-02
4.312405177479303187e-02
6.113504453053004301e-02
6.086103200667006968e-02
1.381068814126958644e-01
6.720910350733429184e-02
3.583788891510572561e-02
5.812808115486917115e-02
2.978969688752342720e-02
5.155607362276919819e-02
3.732258643475589582e-02
5.001639910359232527e-02
5.603282275222005310e-02
3.383198607144285996e-02
6.648301769165962383e-02
3.189033986674379151e-02
4.775185995395294508e-02
6.980825394379855386e-02
7.677624880335263968e-02
5.580808961621341185e-02
9.987341773304186932e-02
5.114693167413560809e-02
7.150330169582939932e-02
5.393315429605098632e-02
2.387457456289034108e-02
3.791272692126641114e-02
7.518235833423742021e-02
3.540429324301772734e-02
7.662526789647169934e-02
6.153131665044192511e-02
7.722983034457527041e-02
7.483631871412711745e-02
3.103945896478027891e-02
8.339439881923262077e-02
1.908360027102899703e-01
4.908706627526571858e-02
3.068778853508032783e-02
6.960678064625798467e-02
5.833552537588097137e-02
5.110286596372752566e-02
1.754957026220376609e-02
3.881642332541676566e-02
1.009953441965662918e-01
5.597983697624794863e-02
1.255218378950332669e-01
4.626913523095466801e-02
8.216728738269572785e-02
1.213957493574284174e-01
6.393184010404684425e-02
2.678597515204672250e-02
8.783922909779126598e-02
3.896390446016463616e-02
2.735361600075000149e-02
9.778260639538002841e-02
1.060721950496581051e-01
6.843191514104987605e-02
6.297957725783299987e-02
1.229259705316020773e-01
3.379323316743945704e-02
3.018591561800154990e-02
2.096738864889247447e-02
2.919862987593398185e-02
4.326814419524722954e-02
4.950909156840105352e-02
1.265142618657833506e-01
7.527592934094423649e-02
1.103518790858896842e-01
5.103401405254694850e-02
3.398734585478060261e-02
5.608103666789892444e-02
5.331469094011175025e-02
2.385733993051182902e-02
6.626075860897555347e-02
6.818607311409025096e-02
6.648936380043606043e-02
3.932238173786518215e-02
2.859215789767095145e-02
3.540764146451257088e-02
