9.150222669939500619e-01
7.994019174489028767e-01
6.889576277870405052e-01
2.274382554137600598e-01
4.466973778421147456e-02
1.370253148964127934e-02
9.457031182797673990e-03
8.459500374370385392e-03
7.248432778025129530e-03
5.281170954657059963e-03
4.948981537186083676e-03
4.895762897643646597e-03
2.167848020789475607e-03
1.570051575929532622e-02
9.373674329381520565e-03
4.752591285601684250e-03
1.047158933926999177e-03
8.034634970483525707e-03
1.775641866455990618e-03
8.085706833077690829e-04
2.149742007181533639e-03
6.942134383677835141e-03
6.220294024533675782e-04
6.425688404807760592e-04
3.839530745142854390e-03
6.007485908121989841e-04
1.086912042835415327e-03
7.333699751557298113e-04
4.535631244530710822e-03
2.908626761123156348e-03
9.647064313984016204e-03
1.529809324665023194e-02
2.721551881008666199e-03
1.510899124441370846e-02
1.949981530627591499e-03
8.927214708395159962e-04
1.451780854977936493e-03
1.575470406876121375e-03
1.127894913556914090e-03
2.801479875271840631e-03
1.333904822692378450e-02
1.059737174062388683e-03
1.302750099801115160e-03
2.319405051397750283e-03
4.274380389047869808e-03
4.568597009442216736e-03
1.644911364493310954e-03
9.516751727044847446e-04
1.688313190572288949e-03
2.278959955966206475e-03
8.530718368154244138e-04
2.732826160838937920e-03
9.020193691887065136e-04
4.692803686503775433e-03
2.119975401102692364e-03
2.652579358823075814e-03
3.945210866471779085e-03
1.142109241766382267e-02
1.243793975952908531e-03
1.100904243832251037e-03
1.040404633020821680e-02
1.223397277980843405e-03
8.168333189104065367e-04
1.245785171364391548e-03
8.605226855698177788e-04
6.296023347911372438e-04
5.216408910268239760e-03
6.052590557800950448e-03
1.740310095227979702e-03
2.832745441018122423e-03
2.968669413109910164e-03
2.172733601296813599e-03
2.538493534626170330e-03
2.139324086977993124e-03
4.014828997908992218e-03
5.700422243861903888e-04
9.501898672794239966e-04
1.703540364418207765e-03
6.068227134719658862e-04
7.296541775492769747e-04
3.507585422156348203e-03
1.057646701543914040e-02
4.269102833972466052e-03
9.055276886493550349e-04
6.673610423710676963e-04
4.338621689690613618e-03
6.233786844679621228e-03
1.028725521443735278e-03
1.059322717144819135e-03
1.408579435616121598e-03
8.696685435382988782e-04
2.988489316961175611e-03
1.215011789411206975e-03
4.797968121491183111e-03
4.450775586117971670e-04
6.145197604713588477e-04
2.107913740907042636e-03
9.200965259649214857e-04
5.498760907714721853e-04
3.202055482342750902e-03
1.778203005037050973e-03
1.640305454047032933e-03
4.758657421987552011e-03
5.703488342114496285e-04
6.860707512619731996e-04
5.175771217199314107e-03
7.592417431818992632e-03
9.959175184916120842e-04
3.045973912100379162e-03
3.646091965142155607e-03
3.953379562593376645e-04
3.095751063722864977e-04
6.773228393917409603e-04
5.596792551822015772e-03
5.233905447754295080e-04
1.156292242910662458e-03
2.982803533539338161e-03
1.152188126191984767e-03
3.436300861296840477e-04
1.188694929816046979e-03
4.909859741357784331e-04
3.801033180837568113e-03
1.651811031084700994e-03
4.042045623136923758e-04
2.334140946953693692e-04
9.167731017651796835e-04
1.757249504720197067e-03
1.312005232239380707e-03
5.122699284332348120e-03
1.232232076956392636e-03
2.951917762049187399e-04
1.893533244072885904e-04
1.049408632131204958e-03
2.796057480920485306e-04
2.192726005268261398e-04
6.665722875740074001e-03
6.933379943369718211e-03
7.164120931330541717e-03
4.882822299513607262e-04
7.070409406118695686e-04
2.353960022819059136e-03
4.293045844237839033e-03
2.922646136720463174e-04
3.223855181075226074e-04
3.110931306852053580e-04
5.977196194221483672e-04
2.881683068743317146e-04
3.734205514388319689e-03
3.327411142756021151e-03
4.240373060636580364e-03
1.947017684073461827e-03
2.158441269093239970e-03
9.579342297478957505e-04
2.541387005455129282e-04
1.040802441649631756e-03
5.509676910845000795e-03
1.080671503190741740e-03
1.328299598966485150e-03
7.679071446211462948e-04
5.751955308666352462e-03
1.670540484121715678e-03
4.864655184403561712e-03
1.687800943416981623e-03
2.642539610614154464e-03
6.596513209830777132e-04
9.485936401606337746e-04
2.080964955161522609e-03
1.623183401471171025e-03
2.133273654229136886e-04
6.023659118552176540e-03
1.492487505775571405e-03
2.320819450421871682e-04
3.829869053534073510e-04
4.024435179470946602e-03
2.890985345859132995e-04
1.744159837823239289e-03
1.004025628632765604e-03
4.712127826043031268e-04
3.082337154124404851e-04
1.623005704842353817e-03
5.780744101613927328e-03
1.420803728421702293e-03
4.141547071836726977e-04
5.886672217066575563e-04
3.568567685556047180e-03
3.704320690720895397e-04
1.082418940751991203e-03
1.693156360157411187e-03
4.293581460331212692e-04
5.697771403257810736e-03
9.319296236961862375e-04
2.787626000838969598e-04
4.612265497290227168e-03
4.211147789717207580e-03
2.630966794947220671e-03
3.148659649022488688e-04
1.486151922491554074e-03
1.033374015623238912e-03
3.434930265469983228e-04
5.795372627443872923e-03
8.611170460325245826e-04
1.554243053295085433e-03
1.308985385440632242e-03
2.081824822903301404e-03
1.344126433591124117e-03
1.573170321574503174e-03
4.065347309920087937e-04
2.107111722672661621e-04
1.244095841765644785e-03
3.508033302038835594e-04
2.967426981766010724e-04
2.047389453933639095e-03
2.596069135495976746e-03
8.299277455056788344e-04
2.511573738076490567e-03
2.838009104758041495e-03
3.516874837030128063e-03
1.599007653611789204e-03
1.557717402140277100e-04
1.122885554431276179e-03
1.381226893603903052e-03
3.203931302296197763e-03
6.699311207747346347e-04
3.194099878233751179e-04
3.672284644122121252e-04
2.583636712788063214e-03
1.635514652737416223e-03
3.094270436500385409e-03
3.015809879776233139e-03
5.178953472663982635e-03
4.213829869179889186e-03
9.072693494619182147e-04
3.498616340209252554e-04
1.796757409362810531e-03
2.856946364781939537e-04
3.393540854156947440e-04
2.126785563289181318e-03
2.663171669332742644e-03
2.727236124557238291e-04
1.599748227284645110e-03
4.871642312497280795e-04
6.141627441032073472e-04
1.832409663922413912e-04
1.019490481480749867e-04
4.349994906470965061e-04
7.355166919485797835e-04
2.332352853667891794e-03
6.306402706870734703e-04
3.241809195941461417e-04
1.733598472279792246e-04
2.062784557179998118e-03
1.713636101434217731e-03
7.114284231606665069e-04
1.443400105820224610e-03
1.681066191217410553e-03
2.463126583727994704e-03
4.632557346334452582e-04
9.987931560327171186e-04
5.551553275436503987e-04
3.695325939597616897e-03
7.708494821158047355e-04
4.951303475513258107e-04
4.628208299072852179e-04
4.851469813827173259e-04
1.238290854214534086e-04
2.066047591404935983e-03
2.823606902822432037e-03
2.450123811796239620e-04
3.245391540135323326e-04
2.969072035794848756e-04
2.641671337835897661e-03
2.280430216128928947e-03
4.809027574867646765e-04
3.932314686382891618e-04
3.485306764898564273e-03
1.425248552264591533e-03
3.809233832927608806e-03
1.489735484078802061e-03
1.861741099182359031e-03
1.097159160218633611e-03
2.145876387330152609e-04
7.939558007008012865e-04
3.087829199846980270e-04
9.368757647055518016e-04
1.122420117241952316e-03
6.060500298788311932e-04
2.367634751986149970e-03
6.107955274242439503e-04
5.732106586072947818e-04
9.983702823913966681e-04
1.303879853858474136e-03
1.419260446786232456e-03
1.493149401219989996e-03
7.071940986289399411e-04
3.114204103995301385e-04
4.931781758663861650e-04
4.684225453552983776e-04
1.049273643659821278e-03
7.321672469793336167e-04
6.302876166075784643e-04
