9.627794777751399469e-01
3.408262648461745092e-01
2.399503956252174053e+00
2.174889707479000123e+00
1.838405069423644456e+00
1.597491300130727820e+00
1.403994453618075289e+00
1.232706361760377511e+00
1.077354976294658595e+00
9.379456523367072363e-01
8.147066828935028981e-01
7.057805861778535528e-01
6.108678534481707390e-01
5.263948551285474453e-01
4.532090632038944800e-01
3.871505285435750676e-01
3.308372573939702965e-01
2.806168954528577841e-01
2.375626639545298235e-01
1.995528782656795785e-01
1.687751825848584353e-01
1.270138284558298136e-01
1.195010631248696747e-01
1.019655923558003274e-01
8.605835749954192371e-02
7.343292529956303716e-02
6.385815191346991271e-02
5.381134961591055310e-02
4.735148900126598392e-02
5.237831360667345726e-02
3.538854870849504619e-02
3.231045474905927528e-02
2.447487951924333383e-02
2.467103692314417604e-02
2.299668446484053400e-02
1.715341492553163275e-02
1.722316828964604724e-02
1.647982290194619295e-02
1.144168346269990207e-02
1.164074293462710394e-02
1.829953260280145835e-02
9.455403077225147529e-03
1.470841954673005048e-02
9.603172518433761295e-03
6.123766062739136040e-03
3.255601481662360932e-03
6.291911374519946164e-03
5.311054231677293617e-03
4.128103631829446556e-03
4.278124593310602373e-03
3.188304555679946379e-03
2.073007152290039495e-03
4.110307510308323919e-03
3.692820691445257257e-03
3.781987964281829408e-03
1.649789056763030504e-03
5.512030170218101995e-03
2.613774949017737791e-03
2.922126971949491527e-03
2.357874887353574988e-03
6.550122914226260036e-03
2.038385696268350030e-03
1.558995598687904893e-03
2.980225461755196554e-03
1.559797947268217562e-03
2.512655780367622008e-03
2.458014796046840977e-03
1.164493560658274966e-03
2.617939980220475218e-03
1.284164702222458316e-03
2.321132215789525628e-03
1.497038875525779061e-03
2.072545020413822832e-03
2.411889147537553315e-03
1.476577316092492643e-03
2.000494243007258210e-03
1.606041484014100393e-03
2.947065350274124390e-03
1.860127358883145688e-03
7.531082841647216905e-03
1.631368225693704405e-03
1.096265084611163908e-03
1.795883593084097530e-03
1.098211608076151910e-03
1.621792900782916295e-03
1.268928402839347063e-03
1.090334818398902127e-03
1.559542796673841830e-03
9.487366998076523020e-04
5.793485288680724418e-03
1.410605322833748338e-03
1.153709217824236671e-03
1.335247617978159223e-03
6.607919149410518972e-03
1.227446417304804737e-03
9.439271456887144600e-04
1.222307759103645128e-03
1.037491449382795276e-03
1.136494555366666546e-03
1.570527326279741020e-03
1.122115795918210380e-03
8.860664798123868945e-04
1.164204374650568662e-03
1.094286195071013249e-03
9.092420775354533111e-04
2.136382691442004385e-03
9.295660291511034573e-04
1.029422646252829568e-03
1.156276486216466313e-03
8.495015248711309435e-04
9.791233156921791414e-04
8.687678322541304106e-04
9.355953625603018794e-04
1.178777704558202138e-03
1.018054486101742416e-03
9.093240542603026142e-04
8.624021725165573150e-04
1.353181447745015501e-03
4.764850628667475878e-03
9.265577570712346406e-04
8.778181792238484802e-04
4.596663162733617344e-03
8.063440713330676706e-04
3.308269119678159276e-03
8.271861893380228446e-04
1.911931225131028363e-03
7.334709853145257802e-04
1.015358569296140670e-03
1.949491548774145294e-03
7.829230289325958330e-04
8.199405555994828841e-04
6.744608849275229596e-04
7.493494878175903156e-04
2.271794281330298624e-03
6.864191029321007383e-04
8.596005872577033727e-04
6.554799762926822671e-04
7.354266817030581140e-04
6.841151166767614651e-04
1.343813103291246341e-03
3.376058895611843726e-03
2.132433905769429063e-03
6.827283877615771468e-04
1.553126329223384608e-03
6.182829188321231802e-03
6.006906565116228126e-04
6.450451852372077492e-04
6.102153470750821054e-03
3.445280691791292003e-03
5.677633025559563002e-04
1.479384600833395444e-03
5.549200201136541026e-04
7.772678812879637179e-04
1.242704357857608508e-02
5.614687895633701685e-04
5.285057143917925443e-03
5.459530157098495002e-04
3.388863722718563586e-03
4.217323798953973545e-03
5.956992714515399467e-04
1.319533230028545161e-03
6.582144191316712748e-04
5.428244137710931672e-03
7.049424275463217655e-04
1.434868087055435728e-03
7.361425333977805480e-04
1.041223525823978258e-02
7.338349349810895615e-04
7.022995268426097731e-04
2.850720731852307219e-03
8.254793078902682418e-04
1.376039653154638573e-03
2.916367472042114602e-03
1.073782559592771765e-03
1.094671238098394051e-03
1.452294820824548546e-03
3.693910504981095036e-03
1.238028387845725329e-03
1.684684677735596254e-03
1.346352823800562367e-03
2.654202085184500116e-03
2.059584403662923554e-03
1.164551135597356691e-03
1.414423519558478861e-03
1.959878311846173851e-03
1.673802579005684386e-03
1.802176287837733417e-03
1.591561990543216912e-03
1.842618078277298132e-03
1.545465607634403937e-03
1.935811207791846402e-03
1.343580337155936668e-03
2.051662994663824065e-03
9.312744988568516513e-03
4.588177501381524546e-03
2.273379479664187127e-03
2.523530394233111825e-03
3.144413247579187169e-03
3.123249273129633310e-03
2.527683371136469400e-03
7.141670525743494882e-03
2.623873340571648231e-03
2.706758215037720783e-03
2.854504428305921875e-03
2.946446907894476747e-03
2.894011110395032244e-03
2.827995890655917756e-03
3.043194731924318830e-03
3.510859994121450812e-03
3.111660144874062433e-03
3.189307862485452581e-03
2.799482102255999080e-03
3.274137961896995096e-03
9.948326157367249831e-03
3.448947047392876466e-03
3.552941824662056523e-03
4.107149135275614538e-03
3.631741651193540459e-03
4.111184149484666331e-03
3.835573769317461405e-03
3.583942683637104942e-03
3.804643536200169682e-03
3.904839605119872839e-03
7.700923586746475334e-03
4.395836622208771673e-03
4.040242896749712993e-03
4.128763545306437729e-03
4.413193409498694653e-03
4.282086219956049086e-03
4.324100154954449438e-03
4.319471612802178000e-03
4.457963638202304055e-03
6.920069318815751623e-03
4.548423345919685480e-03
4.474533685704732734e-03
4.648573319183252339e-03
4.611454320772213553e-03
4.759939193697922642e-03
3.793781426582655894e-03
1.079669523562992901e-02
4.930101194437479240e-03
5.492335933018046602e-03
5.018163383104427486e-03
5.023065847188948503e-03
4.983267678145433463e-03
5.845623090400642145e-03
5.117192062774194271e-03
5.988963561211277029e-03
3.619932411324185400e-03
5.402032339743348226e-03
1.077562281182257650e-02
5.529074467222285308e-03
5.596084942295712246e-03
4.101232671426487120e-03
5.671586180000443532e-03
9.564465974554922298e-03
5.923832862967002948e-03
5.260020534155958848e-03
5.827728574027780072e-03
5.656392497836611882e-03
6.349542594856079011e-03
5.957866804811647043e-03
5.187215623052630550e-03
6.017500025634950171e-03
6.560515486768086178e-03
5.745918263388635587e-03
6.101645828360219119e-03
6.167917028031081120e-03
6.090062922539521591e-03
6.434274748703830080e-03
6.536743340538284444e-03
5.585728770950683375e-03
6.397954696765005035e-03
7.081762827723043878e-03
7.077855152325492581e-03
1.313242253393907648e-02
6.574585503728860685e-03
5.608051959316205648e-03
6.699381496721859737e-03
6.548844318580605318e-03
8.692856043469985097e-03
1.102857897929933675e-02
6.829157935166758030e-03
8.076498464884594025e-03
6.888016361530690211e-03
5.809013161121937864e-03
6.908529853527542973e-03
6.707610159842329611e-03
6.981172814860231272e-03
6.997467366384500266e-03
7.622883965181599143e-03
7.109658953286580353e-03
5.820123659314597672e-03
7.250415754886637212e-03
7.343344013476491537e-03
8.096116919756479735e-03
7.278579059473268623e-03
8.164151589108416263e-03
8.110569873328598439e-03
7.558238454282739140e-03
