1.147181096767926123e+00
1.431865919462546044e+00
1.899401795714137808e+00
2.259127588225679162e+00
2.426467244636508980e+00
2.471392051725818106e+00
2.449451060426704796e+00
2.398513457901088053e+00
2.382206167416999865e+00
2.382375910718645073e+00
2.354127158252318441e+00
2.313069799110051061e+00
2.285522140812346059e+00
2.268394298628202854e+00
2.263274154144890193e+00
2.268412560794393240e+00
2.283117167195527930e+00
2.304337481178673652e+00
2.335625348277722946e+00
2.368303946212659383e+00
2.409130317002382338e+00
2.457362980674505426e+00
2.524390519521515497e+00
2.613303924930210353e+00
2.726210698254517784e+00
2.864114435044905704e+00
3.019210759506561814e+00
3.182350741251520621e+00
3.357795813406627694e+00
3.531517433996676836e+00
3.704716299065923035e+00
3.874610063927462544e+00
4.044264015897235609e+00
4.216033234638668858e+00
4.385917094924122850e+00
4.562430691178739117e+00
4.738874944115054610e+00
4.922214516958243635e+00
5.101781200638700220e+00
5.290052673249942217e+00
5.471979228953611774e+00
5.658227534371021328e+00
5.841489313682552975e+00
6.019558249831186814e+00
6.194664935925347393e+00
6.364963460078239876e+00
6.527643952062526900e+00
6.684868597540948087e+00
6.840331385442968148e+00
6.984976463534552593e+00
7.122717115831339818e+00
7.260632754619227747e+00
7.386559580214059118e+00
7.517015794334165335e+00
7.637802200802974006e+00
7.758947106828221862e+00
7.874672350833210821e+00
7.993716553885896303e+00
8.110135324259243106e+00
8.225140983435878184e+00
8.340959171170414521e+00
8.459251813664449671e+00
8.574492468652250565e+00
8.700394284345495777e+00
8.821989590667133285e+00
8.949204037965877490e+00
9.078017802589828378e+00
9.208047245793279600e+00
9.344007797006780081e+00
9.472557964957887933e+00
9.608122397706639006e+00
9.738104042316445330e+00
9.870264987864185713e+00
1.000284759734812923e+01
1.013031658244029209e+01
1.025677083330152151e+01
1.038205951188296616e+01
1.050826742897460520e+01
1.063349106592207782e+01
1.076231390826869649e+01
1.088768596835793545e+01
1.101876769658672828e+01
1.114705469648031055e+01
1.128141225344453424e+01
1.141559835556302005e+01
1.155846132304794516e+01
1.169283050162462168e+01
1.183425423240968222e+01
1.197832364368646552e+01
1.212457433323154632e+01
1.227220793680628041e+01
1.242638156543048922e+01
1.257726591460285093e+01
1.273138505293318978e+01
1.289202566198633804e+01
1.305060372225818455e+01
1.321675434107079283e+01
1.338304773806917858e+01
1.354956288120009589e+01
1.371950973411015973e+01
1.389212861674693045e+01
1.406993178902840747e+01
1.424296694680233877e+01
1.442028327327856907e+01
1.460199940664997165e+01
1.478481497714976278e+01
1.496873843857037834e+01
1.515089744713834641e+01
1.533514188977009773e+01
1.552104122524470853e+01
1.570893368159224046e+01
1.589369617009852220e+01
1.607755285669216860e+01
1.625934260777024676e+01
1.644642870519586708e+01
1.662759101629620417e+01
1.681135078572979324e+01
1.699540223731151301e+01
1.717515176763475537e+01
1.735683436737075169e+01
1.753537700792732323e+01
1.771543252944413993e+01
1.789030849998844630e+01
1.806289877159226975e+01
1.823730855203323742e+01
1.841109257125896903e+01
1.857831385970399296e+01
1.874554631343598388e+01
1.891152724238731153e+01
1.907949634178907061e+01
1.923958632679660141e+01
1.940218279912965471e+01
1.956422172224755585e+01
1.972480148353610474e+01
1.988106623158530084e+01
2.003930717856018617e+01
2.019646420854178714e+01
2.035404891486313872e+01
2.050782557749349522e+01
2.066530164545831383e+01
2.082014601683256672e+01
2.097389343417444252e+01
2.112490729160681013e+01
2.128142291154181365e+01
2.143778057239410018e+01
2.158961723221733209e+01
2.174241510121876431e+01
2.189500352758525992e+01
2.204509225972565645e+01
2.219602917465608272e+01
2.234550820098652935e+01
2.249386810712585927e+01
2.264551748912274221e+01
2.278918134881068625e+01
2.294011447405427973e+01
2.308667095187072249e+01
2.322866654335521375e+01
2.337779903284475580e+01
2.351992790706821523e+01
2.366255457295060083e+01
2.380916034820245031e+01
2.395166548511792826e+01
2.409065356887780140e+01
2.423613274097509063e+01
2.437910613183867881e+01
2.451997804947034609e+01
2.466112358758416434e+01
2.480308572721898486e+01
2.494456211612442686e+01
2.508441813162441747e+01
2.523172803749199744e+01
2.537458452528522557e+01
2.551626656879670918e+01
2.566157701509092348e+01
2.580399697049307051e+01
2.594272963212403482e+01
2.608478269609954125e+01
2.622726257361594904e+01
2.636509520112975835e+01
2.649790190492301889e+01
2.663464186796621291e+01
2.677026178211027840e+01
2.689979645521409779e+01
2.702951894878522765e+01
2.715702322410308867e+01
2.727952529516844749e+01
2.740476199916652789e+01
2.752451151528356377e+01
2.764496404535718455e+01
2.775958363422482833e+01
2.787251042473267049e+01
2.798588657167717031e+01
2.809112886619942628e+01
2.820129831676259968e+01
2.830224196001892167e+01
2.840335974234465510e+01
2.850371282271075302e+01
2.860112536876814460e+01
2.869601876539694985e+01
2.878955111647606202e+01
2.888243690182737922e+01
2.897297987103063122e+01
2.905747353922040688e+01
2.914272950829563058e+01
2.922994774659027328e+01
2.931223643462812944e+01
2.939058880519264960e+01
2.947210443033613814e+01
2.954498186079548105e+01
2.961899714704400211e+01
2.969226697216384636e+01
2.976486595913443622e+01
2.983153659722788120e+01
2.990483821754772720e+01
2.997170773251994547e+01
3.003638291756293199e+01
3.009985344271192886e+01
3.016152754667967528e+01
3.022118513266663697e+01
3.027823177400920329e+01
3.033255780337922403e+01
3.038774861423608087e+01
3.044230548427407257e+01
3.048701354570422239e+01
3.053742210445877348e+01
3.058562233637272243e+01
3.062847345081546990e+01
3.067072336751765960e+01
3.071390552585394218e+01
3.075399088548568116e+01
3.079322304865026538e+01
3.082595437315881171e+01
3.086353723993000031e+01
3.089522864409443415e+01
3.092800252874045697e+01
3.095715113146163233e+01
3.098498842469817305e+01
3.101069438125979616e+01
3.103797758643224114e+01
3.105997581364161064e+01
3.108469094229961627e+01
3.110544430665565230e+01
3.112201110576464913e+01
3.114043914826519099e+01
3.115791485077980383e+01
3.117160192551550679e+01
3.118900357785034672e+01
3.120200370933371303e+01
3.121416626164916863e+01
3.122591749983654097e+01
3.123680717822155373e+01
3.124665114735804039e+01
3.126101016217866757e+01
3.126573097060517625e+01
3.127727105722928158e+01
3.128679551586239427e+01
3.129439358587834974e+01
3.130202931744104333e+01
3.131501954966641676e+01
3.131938799026752562e+01
3.132802687758694660e+01
3.133812791518246144e+01
3.134645211655384500e+01
3.135568310680512383e+01
3.136593105269732007e+01
3.137748556278282308e+01
3.138639751928004884e+01
3.139735914512566239e+01
3.140747302352320602e+01
3.142396647131538145e+01
3.144002159391029494e+01
3.145274915661272175e+01
3.146771882906332607e+01
3.148840027894239668e+01
3.150477843641509423e+01
3.152030676199706605e+01
3.154149298154500869e+01
3.156403916272529386e+01
3.158796421536603205e+01
3.160878038585894956e+01
3.163352769557438648e+01
3.166100328943196018e+01
3.168253392534231949e+01
3.171110935330487735e+01
3.173957421423678937e+01
3.176847568553037604e+01
3.179769292061733310e+01
3.182775779666241434e+01
3.185726018128445958e+01
3.189443664579689397e+01
3.192401768560412734e+01
3.195982467389738346e+01
3.199299312884750535e+01
3.203081260993612034e+01
3.207091845752442794e+01
3.211014899419664204e+01
3.214891682908713477e+01
3.218705042940357686e+01
3.222369268951560883e+01
3.226851901658965716e+01
