1.027082319523073384e+00
6.443159462310330543e-01
5.067572817368547478e-01
3.627771240626995741e-01
7.062657752272685774e-02
6.539026750355652479e-03
8.383872965363494550e-03
5.187200645265415203e-03
3.057301831743730429e-03
1.472955196692983916e-03
1.672399370825011083e-02
1.035573735889630835e-03
1.161428990276329194e-03
9.652314163987291791e-04
9.155709273450908991e-04
1.242769866998901396e-03
1.698405036036916994e-03
1.046803294908870341e-03
9.951775372940710809e-04
9.956673360585898032e-04
4.550972554537657463e-03
2.679747650010650458e-03
1.415124477484626516e-03
1.388403335215298261e-02
1.923000857852437406e-02
3.076334573384755054e-03
7.856072991475795530e-04
5.212995853611695866e-03
1.014417475289743206e-03
4.958767577480780418e-03
9.789056272366276207e-04
1.582046447155565977e-03
1.727514659677250198e-03
3.669627894436322708e-03
2.436354599710062376e-03
1.219753078118448629e-03
1.819025016740930412e-03
1.099951218815176275e-02
3.607782255201450166e-03
2.508155512958264166e-03
1.139940446314510834e-03
1.857746569043532527e-03
4.094142950157879726e-03
5.285363010402865588e-03
3.355662250506592174e-03
2.925583240488606723e-03
1.328870783444903794e-03
1.788867075692866879e-03
5.627761601206134577e-03
4.222226395720025255e-03
1.152287414512411911e-03
2.618697230308521945e-03
1.363139940210493419e-03
4.321500217741770615e-03
6.978224478360507341e-03
1.708856862726450742e-03
2.737199493839529221e-03
3.525942232087445408e-03
2.752965953977715412e-03
7.246518507079913402e-04
8.886056329315496129e-04
1.570749308549319748e-03
9.082475102707624317e-04
1.921889849279424757e-03
1.898627223836687203e-03
1.520299197340905682e-03
6.960881778043824172e-04
5.165289795786040354e-04
1.639336985413420485e-03
1.603650621941928381e-03
2.189437208235206662e-03
7.522279477536095941e-04
4.307331856451843762e-04
7.819507476871914633e-04
8.965726530040382062e-04
1.487465819632115445e-02
1.345819917231265818e-03
1.426681135476407175e-03
2.884751822538997052e-03
2.983845391402037243e-03
7.507144691430943633e-04
5.613456825668603108e-03
2.487974337891460472e-03
8.796230410495863364e-03
3.364778120993505272e-03
8.028973211312450189e-03
8.211941438093565927e-04
6.820402904743230570e-04
9.562405506940602510e-04
1.634436897188533064e-03
2.957140529962204792e-03
2.803034785083551809e-03
2.332984270795525946e-03
2.493094406066306400e-03
4.323593366734675863e-04
9.289348011295520948e-04
6.446471474261412753e-03
4.338217106180969514e-03
2.632500578442097464e-03
6.626755416424563033e-04
2.866750589080676107e-03
5.616014024665529287e-04
3.271555544254713555e-03
5.396272308788038242e-03
2.509055171788186593e-03
2.411442503979341085e-03
4.940920119931359669e-03
2.053613455826715055e-03
2.239690886987986441e-03
7.133267397269183038e-04
9.380241988710268271e-04
1.564083799511103556e-03
8.852500880687489858e-04
5.199694710381323358e-04
2.434278608188514530e-03
3.915622143628256537e-03
5.539772502779579354e-03
6.853492147967202601e-04
9.311384243602313909e-04
8.403791426160820690e-04
6.079190459040544883e-04
4.708639218296136407e-04
4.878385142342108100e-04
1.111796727039175790e-03
9.730133830393668942e-03
2.971781458839148262e-03
6.258909563565394872e-03
4.851372328565839963e-03
2.612936032190128766e-03
8.937513553402793437e-03
5.286901268435101504e-04
1.466686786592966574e-03
3.787742783071673235e-03
1.743646193982084473e-03
1.357184598502589714e-03
5.300114044970330278e-04
2.846625567682873562e-03
1.318271760223194058e-03
1.161510797619839941e-02
1.743901426693026573e-03
6.662745641869676633e-04
6.491293461405507961e-03
1.387712738875443398e-03
6.325729552625908997e-04
4.206156918553089884e-04
4.546097103882839642e-03
2.302333992582514168e-03
1.171387047840422675e-03
2.080835663658660642e-03
6.463493332072947108e-03
4.606156291937413727e-04
1.321367587065108056e-03
9.844407186358108530e-04
9.041333653162144518e-04
4.427079689312805617e-04
1.728979939992664064e-03
3.790745326323123024e-04
5.206288112817774108e-04
7.474250702831633161e-04
2.430249993764679699e-03
2.276434570527873132e-03
4.694944683539729966e-04
8.406367151739077993e-04
3.277992385634988324e-03
4.031142822427412667e-04
1.360775757901178714e-03
7.493958784593778618e-04
5.900512554311283624e-04
2.408799537258118732e-03
1.443131799404642366e-03
8.290948672057097497e-04
1.463031879636714000e-03
7.267799792912015043e-04
1.701831265181900530e-03
2.234506698921634796e-03
6.826940254309501717e-04
2.101386731766470128e-03
3.771720231537098629e-03
2.760861157512952638e-03
1.248258473789902413e-03
6.924917378393557425e-04
1.307578092919536861e-03
8.634970846957901658e-04
9.512591233472885268e-04
4.689972256177879300e-04
4.945323839381295539e-04
2.776798775362073184e-03
3.322785465575056672e-04
6.300194118300397970e-04
3.443764201923828119e-03
5.449244162192227320e-04
7.508346682991679866e-04
9.765630037573706703e-04
2.410489549386512446e-03
3.485006658978859998e-04
2.169952077411733439e-03
3.015464850623067569e-04
2.632916728188109106e-03
8.863146501997867235e-04
1.776114693850674260e-03
4.032643088138595415e-04
5.387009835091968561e-04
8.693968574584116015e-04
1.131741455739139045e-03
6.621744925430423419e-04
6.552413500409134473e-04
5.515169124347966056e-04
7.962756835104089700e-03
8.328321850048738722e-04
4.882948479928991099e-04
6.479372835403554879e-04
6.169823597279964914e-04
2.349307019241845228e-03
1.671636650934516357e-03
1.500945788771830894e-03
5.990654690497078990e-04
1.999634084411136201e-03
1.341625756934248289e-03
1.828393495930199239e-03
7.360015836683908705e-04
3.470381400281215647e-04
6.689373530675780857e-04
8.473000569436586055e-04
3.326496914018775564e-04
1.040517241658113577e-03
4.752970987471938878e-03
1.587706382330998330e-04
1.798960294595672131e-03
2.715741808893192152e-04
1.674334357090993906e-03
2.646051954723607855e-03
5.315775878678743712e-04
1.141521922173420250e-03
5.798504922639100001e-04
2.550714381750872600e-03
3.877609200705489515e-04
1.504452405370517625e-03
5.934937338657339740e-04
2.850797366392772425e-03
1.043699505225725117e-03
1.353464252776216594e-04
9.304094468336665189e-04
6.019474644524050585e-04
9.563149154736053353e-04
4.785148149364712032e-04
2.187273384097892267e-04
1.383344321739205592e-04
8.263215893707196325e-04
3.784660286661123895e-04
3.607759635114853058e-04
1.881677368738393771e-03
5.234263167641391504e-03
7.725639168345341647e-04
1.262485793986777407e-03
2.142123671434256402e-03
2.413765933805174524e-04
1.813004280600886389e-04
4.640100289201751172e-04
1.462782904960706126e-03
3.643869202112642869e-01
2.913108044375639204e-03
3.157788412423187963e-03
2.859889015116785001e-03
2.486770664428271643e-03
2.068804146471794805e-03
1.661840279618730012e-03
1.355213546337036236e-03
1.193670763768213579e-03
1.139887916984065955e-03
1.122728515209623149e-03
1.111938319320977028e-03
1.100630759978649034e-03
1.083809300069280869e-03
1.065626396047452068e-03
1.042373905100009348e-03
1.032198756536120005e-03
1.008182725973952873e-03
1.282456200658436008e-03
9.772475104848185774e-04
9.377336343713792675e-04
7.704579880006871221e-04
8.741351896927046375e-04
9.033197039665747871e-04
7.535802409879414129e-04
6.760306927947741214e-04
9.092618379107914994e-04
4.501381333562779440e-03
9.642987805764512838e-04
9.195322934223110027e-04
1.076287894746489129e-03
3.408571128225489576e-04
1.182229823791378131e-03
1.861419554342973008e-03
1.000184526784174974e-03
2.304242685273890333e-03
6.785048872861468121e-04
2.955907130869735860e-03
1.180883365130872345e-03
9.454312480026281400e-04
5.721900664460971954e-04
