1.021210899864767541e+00
1.510306670154020425e+00
1.136537295321530472e+00
1.479287982267163848e+00
1.918835844222066767e+00
2.038525916545509187e+00
1.977085831306737429e+00
1.845812843180748120e+00
1.760637612169811739e+00
1.633105707627012571e+00
1.540763196871373975e+00
1.526509670378131567e+00
1.533664004213507459e+00
1.471061672021072964e+00
1.459173356150904155e+00
1.468705866938381233e+00
1.498383485946608307e+00
1.480816835327303460e+00
1.469639604807563282e+00
1.479746399234608489e+00
1.510369444450771814e+00
1.471948314677191449e+00
1.451834074887900394e+00
1.473222152148476516e+00
1.447521611369364081e+00
1.434949865003595892e+00
1.430881088475226548e+00
1.392014473192313417e+00
1.399337219110244446e+00
1.394286505366936879e+00
1.418378736070636581e+00
1.386455326371655472e+00
1.377292246834053602e+00
1.391709085599123430e+00
1.393571331654865686e+00
1.400123867410810297e+00
1.414891621034824354e+00
1.432099118582972341e+00
1.423809768947827958e+00
1.358275776232552134e+00
4.677591918274864868e-01
3.374287966450272847e-01
6.348710936099152269e-01
7.567874035693037404e-01
8.819793961573925145e-01
8.046376665780473614e-01
8.145611899653604215e-01
8.933513928509042579e-01
7.348582544780450920e-01
8.082510597299117361e-01
8.261917140023671280e-01
8.104177339894139687e-01
7.984913549721582848e-01
8.013867565071419730e-01
7.840062164344326900e-01
8.364185394672164486e-01
8.039524871306001907e-01
7.755356179293464436e-01
7.747365734050275510e-01
8.095796475344315679e-01
7.669331983856828572e-01
7.788156289672053534e-01
7.664340114854973907e-01
7.388559328930828229e-01
1.072047485676318912e+00
7.861940584512239205e-01
7.740751771190345076e-01
7.758939849999565430e-01
7.729037596437489110e-01
9.461416732792752304e-01
7.527425453834065694e-01
7.994482453044030601e-01
7.538946955425488428e-01
7.743585192987632038e-01
8.453244374769708358e-01
9.237818150307539611e-01
7.695530253424897049e-01
8.111998701333503758e-01
7.752131253450924575e-01
8.011379117389219040e-01
7.969973204896787511e-01
8.060361744140853713e-01
8.180054162887840929e-01
8.078993565863035187e-01
8.507589464606578611e-01
8.338160337527342758e-01
7.870272111966734041e-01
8.110700106868433679e-01
8.082508562979758837e-01
7.885078013851625212e-01
8.236139124591645988e-01
8.428984927093754465e-01
7.967795756590019263e-01
7.818053749604222391e-01
8.174835801486617370e-01
8.181847791267932157e-01
8.123911169518527320e-01
8.051718366704223584e-01
8.048965416790309080e-01
8.209883855289004106e-01
8.092699961102330919e-01
8.131480979285885535e-01
8.369983437179964181e-01
7.965950570304048961e-01
8.211596682608681697e-01
8.112451688969098962e-01
7.947085649564001875e-01
8.266800170662916836e-01
8.290315807904778955e-01
7.970611717294471266e-01
8.145671861816906612e-01
8.839068826170326520e-01
8.307313439704112623e-01
8.260364227678217430e-01
8.124238295113958008e-01
8.294878326375650923e-01
8.889952085455921083e-01
8.235344142473850493e-01
8.063742028200089340e-01
7.981949349641102032e-01
8.527000730806979512e-01
8.056348762239857741e-01
8.516370812174153260e-01
8.106593012365508333e-01
8.094303900973279786e-01
8.009714398177580907e-01
8.174025232297624788e-01
8.064156612530400947e-01
8.993956489633406770e-01
8.022043868316275361e-01
8.090363652144025863e-01
8.426065518459580073e-01
8.093846296803202112e-01
8.024345568632399450e-01
8.303796343427070070e-01
8.158998925925390333e-01
8.110777107841632416e-01
8.104600196837224990e-01
8.054176707852573891e-01
8.091931692396723275e-01
8.071807094507178482e-01
8.125800015736277526e-01
8.970742981131534233e-01
8.009869153236354178e-01
8.121422134095224177e-01
7.939797915157857933e-01
8.185821362067824403e-01
8.269148132119370498e-01
8.251338461313201256e-01
8.730489604091269396e-01
8.745013274724309227e-01
8.682803184143709219e-01
8.324686052016853077e-01
8.334277657353009738e-01
8.213431697060513681e-01
8.405860376605686080e-01
8.264947284845094444e-01
8.310805114426517148e-01
8.479494535934223309e-01
8.399905777216344349e-01
8.507908939013171246e-01
8.619991580103093520e-01
8.438322046740943660e-01
8.354986881347876704e-01
8.433092896815987949e-01
8.896277907964372789e-01
8.575636462612509225e-01
8.461237571284259129e-01
8.205992762081053549e-01
8.587383440702780479e-01
8.572157523674568402e-01
8.654991628374385515e-01
8.742724603103637637e-01
8.541655362069264790e-01
8.526704004460349262e-01
8.855657217036394524e-01
9.080111910602952641e-01
8.623714743479754530e-01
8.867765632339718040e-01
8.920933114226226035e-01
8.722983623967955902e-01
8.882448919104478646e-01
8.654259757899490646e-01
8.808083123416183824e-01
9.107260600439459619e-01
8.803339475650026058e-01
8.837389469492018534e-01
8.904625736370389566e-01
9.000993483144393847e-01
8.932979358874794107e-01
8.877579492030955866e-01
8.931626346454381027e-01
8.883588562377584541e-01
8.922440841583417770e-01
9.056971279613453829e-01
9.474466057817566567e-01
9.020081220188246318e-01
9.030307451106259764e-01
8.862515639572166037e-01
9.110119867604704602e-01
9.045490770461436236e-01
9.101041456144828290e-01
9.102773381593926016e-01
9.106035983069684647e-01
8.931843488989710256e-01
8.899750501634320354e-01
9.144400794463953819e-01
9.216088510133985112e-01
9.110453338743483842e-01
9.005285417888582167e-01
9.167346276789286597e-01
9.062645923298882078e-01
9.299648338960121441e-01
9.124947668806446810e-01
9.160692055231769437e-01
9.292692514568572371e-01
9.282167812992084821e-01
9.366370872814119286e-01
9.222429524172995885e-01
9.316730904784094047e-01
9.344547842391912607e-01
9.338604481393996126e-01
9.371947335478164609e-01
9.427123938690320504e-01
9.523394085536132092e-01
9.493347090626300666e-01
9.459023407457138877e-01
9.486654000158315503e-01
9.552883823458062640e-01
9.617672816478605169e-01
9.605627970138952421e-01
9.637882445363158412e-01
9.563775759812022104e-01
9.760925226124942400e-01
9.795189777153884281e-01
9.805910154830429493e-01
9.867798713348961970e-01
9.788440114034396844e-01
9.802443664886059116e-01
9.756901308834687869e-01
9.902816717105985544e-01
9.937990556507012574e-01
1.006746391776736749e+00
1.004022119986606842e+00
1.009163034228009348e+00
1.010997294987925121e+00
1.003696842294808711e+00
1.011746481815087861e+00
1.016802344793553692e+00
1.024288083670680027e+00
1.031975191949264348e+00
1.024255780216500433e+00
1.028156095797978953e+00
1.024001935276588560e+00
1.038660634505621294e+00
1.045572694181557738e+00
1.047917938157822304e+00
1.047752916415449764e+00
1.055720575537439032e+00
1.060659812079500552e+00
1.049922685153061863e+00
1.060786048297360784e+00
1.065231410690101743e+00
1.068821969291295471e+00
1.072536281739189024e+00
1.077533743407001587e+00
1.091883384981300997e+00
1.084773376048796978e+00
1.082884526733944641e+00
1.086740732128772535e+00
1.096906777200524097e+00
1.089638097038448494e+00
1.073420368174075934e+00
1.101736243735059295e+00
1.105825232573399042e+00
1.119272984809168703e+00
1.106972163168371104e+00
1.109141697107352664e+00
1.113502816432761389e+00
1.131671256514989565e+00
1.102193988345298914e+00
1.126074027066625183e+00
1.135680975515057645e+00
1.129042032241698301e+00
1.138486991843615570e+00
1.136038123067174332e+00
1.138557859455802790e+00
1.124173093948037883e+00
1.142374076682589834e+00
1.150385955473507416e+00
1.149953691030127345e+00
1.148552426573781204e+00
1.140825831518810896e+00
1.152233434259995581e+00
1.158559125374400534e+00
1.164242620743258350e+00
1.155393412497367711e+00
1.164982356390622087e+00
1.156594081936872298e+00
1.161991946666335984e+00
