9.099167791874297473e-01
6.515553019809340318e-01
8.614797360454362618e-01
1.113396205723954591e+00
9.054565004800714245e-01
7.698117109015653048e-01
6.603313422910188635e-01
5.764822823623739767e-01
4.993815270489848634e-01
4.305862661794644386e-01
3.702633321879971184e-01
3.159744509379626143e-01
2.690171908040399629e-01
2.283272887505006510e-01
1.914695326632603056e-01
1.614275899164049899e-01
1.357981085226748208e-01
1.144747329247562256e-01
9.416295898007218113e-02
8.256034949524346245e-02
7.169587771659290121e-02
6.236648707862732510e-02
5.395541875910566526e-02
4.838373768009923692e-02
4.155138209504781466e-02
3.732793590894987329e-02
3.753522656198243074e-02
2.905745993538956864e-02
2.688967056626637847e-02
2.351571906194589029e-02
2.070830945014254937e-02
1.992476996619451865e-02
1.663584267445511120e-02
1.511200223439551106e-02
1.518898074934691041e-02
1.150940894127607320e-02
1.186965960858447910e-02
1.020771560301496177e-02
1.015882355903667891e-02
9.121776711970985482e-03
1.338834250715650008e-02
8.550848472329663011e-03
6.849004173187498747e-03
7.322160551026372401e-03
1.614374257472445118e-02
6.342263691694886157e-03
7.795587775143942612e-03
5.434426145782551842e-03
6.554932742280555023e-03
7.347389542781314863e-03
6.287001853251137674e-03
5.269235877240071968e-03
6.536324333272580146e-03
4.488531841349439368e-03
5.904565227486450324e-03
1.072443886799966974e-02
5.127314869696556095e-03
1.732755972190296728e-02
4.632194403135077472e-03
3.079034794396123560e-03
5.244310778049218226e-03
4.115370881965221481e-03
5.456457425866645394e-03
3.271701414184979406e-03
5.133497164497119805e-03
5.747631435924623229e-03
3.873383583582286436e-03
5.157214025113465369e-03
3.344874482636526081e-03
4.358072021741048359e-03
4.442384213781390770e-03
2.822597706802531473e-03
4.199913262330449461e-03
4.990174553425353286e-03
3.743435541551019558e-03
6.651799973637969633e-03
3.519554249103639884e-03
4.465902381578457959e-03
2.197267871691326903e-03
3.908606937341617751e-03
1.956019251901228422e-03
1.690455480233704968e-02
3.694728566759836966e-03
4.080151444032962052e-03
1.262734050450291896e-03
3.744657597376023408e-03
4.000114489233835662e-03
4.162947265033509203e-03
3.715503962703418060e-03
2.032311411320127017e-03
1.461378009706294518e-03
2.652764017300527927e-03
3.341798905339892021e-03
3.742425410026002913e-03
4.570418378539084329e-03
3.187393292336449056e-03
3.087198458447315032e-03
3.244153567100437844e-03
3.733701624726508666e-03
3.148104545349292727e-03
3.382761847897201857e-03
3.063541277252467866e-03
2.390350876169983641e-03
2.693726337204249786e-03
2.881620325765572171e-03
2.946666807313802743e-03
1.674474890525124576e-03
6.893878057300695424e-03
2.903986983670627051e-03
1.724699046920129134e-03
2.740519359359620041e-03
4.896123508381631552e-03
2.784329491385334216e-03
4.059606393787538493e-03
2.628648340570807155e-03
4.479914883576934480e-03
2.339613295487083088e-03
3.117405665820902061e-03
2.650600626059083399e-03
2.802151075199503429e-03
2.517131563505918285e-03
3.708326467883611265e-03
2.111289305143195568e-03
2.397502781428769054e-03
2.452231122881685758e-03
2.718454548935916610e-03
2.293472305232721869e-03
2.473438503500147503e-03
2.215251770966489113e-03
2.317578449694144161e-03
1.954439817746193332e-03
1.728861769033638359e-03
2.137524932244044135e-03
7.083793587185716403e-03
2.199634721779042575e-03
2.282981017233578613e-03
3.987374902889710172e-03
2.161761455043737391e-03
2.118748169692122926e-03
2.206645336230735228e-03
3.631210622898446531e-03
3.344905032376633506e-03
2.923237513820643122e-03
1.882004418752303721e-03
1.225540572301714488e-02
2.373762697973117852e-03
4.169268993250565408e-03
2.061265089598744282e-03
2.572352247181056845e-03
3.886703557390448066e-03
2.014644276480435665e-03
1.291909076364885708e-03
3.252568094097764689e-03
1.944122672069922668e-03
2.492083492471046120e-03
2.634337343917006902e-03
2.928992006639705332e-03
1.848361628408096364e-03
1.779288475532142056e-03
1.899508984570166988e-03
2.410200346905282207e-03
1.876857559891850335e-03
1.885630672051886048e-03
1.685003041212997229e-03
1.817934810669361283e-03
2.540715881487137437e-03
8.369928167628521744e-04
1.807615303509216721e-03
1.874781046321760073e-03
1.750085371972682656e-03
1.738290509133571648e-03
1.503479765835064909e-03
1.716007616031839335e-03
2.957185215088659752e-03
3.698130979459014322e-03
1.677301829786274814e-03
2.100772079619697003e-03
1.646169066579198596e-03
1.277569125733741444e-03
1.637396528989500371e-03
1.306638871474562029e-02
1.577741318157969497e-03
2.117837535881693638e-03
1.250179739595082143e-03
1.555628058602796099e-03
1.491318958683045866e-03
1.892894957827603473e-03
1.635673590495111173e-03
4.174173406694213669e-03
1.633340793541031549e-03
1.517730718430641921e-03
8.803384222944115028e-04
2.833494657144367337e-03
1.522645649367816018e-03
1.319041505751508778e-03
3.963442091513540849e-03
2.243468248984153805e-03
1.443768674551631570e-03
1.055597258903672722e-03
1.411579919321348693e-03
7.541898276973883070e-03
1.360315026911899971e-03
1.330313061297915380e-03
9.478562071125259817e-04
1.709977718297987824e-03
1.363629073791550661e-03
1.613609575552426255e-03
1.289136315836363544e-03
1.369285382500628643e-03
1.061522529829119453e-03
1.299923064393708385e-03
7.587161938769953519e-03
2.689915822631104049e-03
1.171824638420897874e-03
1.796753121967623176e-03
6.273537404767777492e-03
1.185238992291053062e-03
1.984512167976707105e-03
1.257174783118556122e-03
1.129542376747657900e-03
1.184961543523827075e-03
1.035458197772957467e-03
1.673736720704543674e-03
1.170486203649856189e-03
1.684110503134378725e-03
1.236129629768884484e-03
1.223914535758664074e-02
1.079755615766583941e-03
1.172290778917287101e-03
5.836940283505948415e-03
1.055096937701748006e-03
1.192164343034428234e-03
1.066426999583688917e-02
1.113513260312402496e-03
1.295062947304696527e-03
1.098629892302233459e-03
1.049119721663951737e-03
8.986943932140362135e-04
1.049092878485454686e-03
2.016786106096526542e-03
1.141758329417673573e-03
8.176065826622269704e-04
1.132153863054945545e-03
1.027281175967435616e-03
9.241961210370671547e-04
8.072366205945082042e-04
1.399589949592661793e-03
2.000590768834668680e-03
9.776588362402330486e-04
9.951833923779042183e-04
7.668570922309758068e-04
8.995075316544684507e-03
4.933745096765349003e-03
6.819609350694598058e-04
8.428963098538754016e-04
8.802652716722099858e-04
1.771579441456902840e-03
9.720424117731162571e-04
1.125686287004849231e-03
9.062869976777457185e-04
2.377902652625465702e-03
5.374481755812906582e-04
8.637853069443031427e-04
5.052183005250766856e-03
1.010798025234998588e-03
7.405605054919452016e-04
8.020348019728038924e-04
4.255257121037658765e-04
8.649851764851580575e-04
5.901883801883060950e-03
8.411134108302238937e-04
4.052834555346744778e-04
6.544189037353576347e-04
1.728839051313329697e-03
8.538920005920155615e-04
2.313625096211249614e-03
9.520476797254238694e-04
7.217521666589290022e-03
1.683953819417356203e-03
8.386910086033212046e-04
5.644371309204783329e-04
7.622482914100383363e-04
7.808369174640914911e-04
7.313426235191523850e-04
7.072222431816750730e-04
1.165760979766204642e-03
1.093325228667203037e-03
1.184037262475617826e-03
3.091290221600496210e-03
8.004614429382065450e-04
1.440785922103670529e-03
9.946597329244443939e-04
7.989980669543709580e-04
5.135409684931771957e-04
7.536861869401351860e-04
9.762303536713498250e-03
2.651699797279239573e-03
8.045404543773971087e-04
1.240775800200364688e-03
1.236951658009232844e-03
