1.017073690968156807e+00
5.478440359236971258e-01
1.752719010248304121e+00
1.614907078827569231e+00
9.799195788478305413e-01
5.636032000931143759e-01
3.223187172118625043e-01
1.857622420537308194e-01
1.123250580226669293e-01
7.461183102516870391e-02
5.517148728450206596e-02
4.449797497550506825e-02
3.801159096482429472e-02
3.362770828199029838e-02
3.039051056904113965e-02
2.784229255222959304e-02
2.973950145736334316e-02
2.399641763673655837e-02
2.430535304897745233e-02
2.112306260899405805e-02
1.856464343473012910e-02
1.886761870220784662e-02
1.997240193642215930e-02
1.681122484687616950e-02
1.381998161290334988e-02
2.254923084353692431e-02
1.430822825864240359e-02
1.393896238610670309e-02
1.802935287731744635e-02
1.056196562619442572e-02
7.914873895885675761e-03
1.151766265052398160e-02
1.263979775144242514e-02
9.884118652034952837e-03
1.188848095555219107e-02
8.961188937581758898e-03
9.038550875872023577e-03
7.248732279253140495e-03
6.890572336302226708e-03
4.468795586388969732e-03
7.226623937259583907e-03
1.220640240748127950e-02
7.665735385569880621e-03
5.459964138238493879e-03
2.158947747897959311e-03
7.695944027504458482e-03
5.477944437272137118e-03
4.635803516611586815e-03
5.484754282886087490e-03
4.365881214298990287e-03
4.596929243185015126e-03
1.187861479189918773e-02
4.507660945348974588e-03
4.812857032093218954e-03
4.075372557250711569e-03
3.934349120779397947e-03
3.094913123354536572e-03
3.802560658009617248e-03
3.588056188258835662e-03
3.110785664103113673e-03
3.286746221262910016e-03
2.669629062443780367e-03
2.728820989782218716e-03
1.880796034234968276e-03
4.439834246004976080e-03
2.745146060377109520e-03
9.942134805287021135e-03
2.522919562583881593e-03
4.749665756105646980e-03
2.641835604192504117e-03
2.576300875883928438e-03
6.689436663229318030e-04
2.228525240485492061e-03
2.424256310161942204e-03
1.472251858606921397e-03
1.054014672430311989e-03
2.323271112615122539e-03
2.982998232739315393e-03
1.974601271022330320e-03
2.402337329943945912e-03
1.631613528100560101e-03
8.660650439681941669e-04
1.669108792586815066e-03
7.615115020319677356e-04
7.859156460223644738e-03
1.417301590080744184e-03
4.290004103175781326e-03
1.619177344558739903e-03
1.274138214325757842e-03
7.333468046302457416e-04
1.512723866948722335e-03
3.324152993626457945e-03
1.322972782178589643e-03
1.410700005275252215e-03
3.536959080661110713e-03
8.559917809140317468e-04
1.360745327929624221e-03
1.517902266468199512e-03
4.766570333013305655e-03
1.120003103964667878e-03
1.231978653193549489e-03
1.242603195487582395e-03
3.178731109519203780e-03
1.107281321198233916e-03
2.015421624279152123e-03
2.953709965405268856e-03
7.206008149538698556e-04
2.068168461259733970e-03
1.130772745369608640e-03
9.261753554453898115e-04
2.986471075417568874e-04
1.834849908541600185e-03
5.361300551074921423e-04
4.020487116510170107e-03
4.146281423087365414e-03
8.782362168992933517e-04
3.276818919124635044e-04
8.100412811798197218e-04
2.045818408362742088e-03
8.105569152577370411e-04
5.621417273807928668e-03
1.183951477171076884e-03
7.982190221852591971e-03
6.758077118171408777e-04
1.422008540997138576e-03
4.186941479827188521e-04
1.771313469037476881e-03
1.406621073539552312e-03
6.177194106676057962e-04
1.990851415780185100e-03
5.244182874633717024e-04
7.169113417347145086e-04
3.527347845025957315e-03
8.889702171956266044e-04
5.765753169470834482e-04
1.381859789441196914e-03
5.672364805084856906e-04
6.630097425348399241e-04
1.189398823750809032e-03
9.675698877293157762e-04
7.799381461749793978e-03
7.687070759818223804e-04
8.207312525541325546e-04
5.561666470480145343e-04
6.403784381024118112e-04
6.193275771908594808e-04
1.441823698298617777e-03
4.507243796424472565e-03
7.459740305627801139e-04
6.987184303000037186e-04
1.038929779384471092e-03
4.404647162303042783e-03
5.144411193099214562e-04
3.604987283311206561e-03
4.597510597323353396e-04
5.598884422117142174e-04
1.439715066672175208e-03
6.735020408555685793e-04
2.421371797157520836e-03
4.513808964290837514e-03
9.891414033388044348e-04
2.594633295522738060e-03
1.860841254249011398e-03
5.265384354153940672e-04
6.453250325628157036e-04
8.508288267008435029e-04
5.204259621003084167e-04
5.879399644916896359e-04
5.579603749630739681e-04
5.213526317058869188e-04
8.886493913460629052e-04
8.280148979043837299e-04
5.116009056119607146e-04
5.866815970329528366e-04
4.219963187882769750e-04
5.097183907043210428e-03
4.530047605469713148e-03
5.265754725142344920e-04
9.527780399131744815e-04
6.119081378469394669e-04
5.571032100514764114e-04
3.647271643423853692e-04
3.032086915480659405e-03
2.065052204029752241e-03
3.836554867016055571e-04
8.760115601197613353e-04
2.379070976502841318e-03
1.147471464559568499e-03
8.986316975021644204e-04
2.857015766459494906e-04
9.581594802503987443e-03
1.436450401227527471e-03
4.586101760212234505e-04
6.376583762858050721e-04
5.441269073844901645e-04
5.629412222176984146e-04
7.756810059989641994e-04
6.082823725932532625e-04
5.975609128159902394e-04
4.875325562784326534e-04
4.588182227973739715e-04
4.533961419179110782e-04
2.387158916211112197e-04
4.577728637458508380e-04
1.601013872184401396e-03
5.027510152254213585e-04
4.206711194549940308e-04
9.527521361837365576e-04
4.002540020569860988e-04
4.003043659681423602e-03
4.500189833995815476e-04
4.050908206643458187e-04
1.096282855815118064e-03
3.264077753247995439e-03
4.333254642447280846e-04
6.801901870248515565e-04
2.990448851795432625e-04
2.381607462919575063e-03
4.365901916531336226e-04
4.132859487088759963e-04
5.943385041620637957e-04
4.288772002746455347e-04
7.153913339840077762e-04
7.011187361783130035e-04
5.558956422432836638e-04
4.998477678552824908e-04
1.679273897885232535e-03
1.608848854312632535e-03
1.213877072293719330e-03
5.313831071869945955e-04
8.938607308220489385e-04
8.247429931654570463e-04
5.869322790443057530e-04
1.620515904079813290e-03
2.474516705487158231e-03
1.936545713555038861e-03
4.913657210731824012e-04
3.966693276410815220e-04
4.583370131724573329e-04
8.253953774517411215e-04
6.514726401437954473e-04
6.525528164263565698e-04
4.361585800987879827e-04
6.832235877805748099e-04
6.636972693796519248e-04
3.201853182394168726e-04
7.961292919527505159e-04
2.168291741209321438e-04
5.037412665718319239e-04
1.826054274611414252e-03
6.933794453807175934e-04
1.759878454961361647e-03
4.764807153028342086e-04
5.919607938185700042e-04
4.395636224212305697e-04
5.275609648442358083e-04
3.960849022760681154e-03
2.893102532686236527e-03
5.047770967848032439e-04
1.080504692810025204e-03
3.272320366358504951e-04
2.811409663568870706e-04
4.588966397846851153e-04
2.569623383560957781e-03
2.992003741439932911e-03
5.393296817408641322e-04
1.871824148696248687e-03
4.623506829389000829e-04
3.138716927788820759e-04
1.610086451949477781e-03
2.427364131836835988e-04
3.716061510433075251e-03
1.380388356656408804e-03
1.725080941973625983e-03
4.761317311935617789e-04
3.060589656881853443e-04
4.532393808431660061e-04
2.448109347771058007e-03
7.157513313425629096e-04
4.493786725480443888e-04
1.724834930627296755e-03
9.554464226529940781e-04
4.535323765519171232e-04
6.393168817857008968e-04
5.442047578876484278e-04
4.431318978016642669e-04
3.677517685686944012e-04
4.296302670740626993e-04
7.060323500110944270e-03
4.074360466713634497e-04
4.530750016722235522e-04
1.172109232013825207e-03
1.682787283576176905e-03
3.002156327765161548e-03
2.327822708918808430e-03
4.356399573191685254e-04
5.888021235739880968e-04
3.765276054118918241e-03
1.398111330984731435e-03
3.960917236068219223e-04
