1.130344269459308659e+00
4.682263951601274843e-01
2.726021570612525036e+00
2.714728872290520734e+00
2.348210334009702471e+00
2.013654641442894633e+00
1.724882719715490120e+00
1.466578148186855834e+00
1.262132377567606545e+00
1.061703358232940042e+00
9.258099738526767153e-01
7.975756336480785968e-01
6.858020750299501644e-01
5.958168028781146708e-01
5.120941915314959347e-01
4.493373618194465569e-01
3.941173870447533534e-01
3.434027652973453137e-01
3.061791922627841167e-01
2.640897933192665192e-01
2.396584749803160885e-01
2.179975633963066872e-01
1.866161313414691492e-01
1.731124813242143068e-01
1.607356856304598125e-01
1.331913852635308870e-01
1.311997121488249762e-01
1.238020098898747617e-01
1.056886546863970849e-01
1.024479861504909439e-01
9.815997124178030275e-02
8.246398524136885899e-02
8.149071102569520331e-02
7.943202207352112465e-02
6.601849501738490944e-02
6.618712377092146604e-02
6.574059981770867533e-02
5.320186173508164446e-02
5.567641424708155706e-02
5.599128952114865859e-02
4.463351799812795284e-02
4.874599239046436411e-02
3.036971015359014175e-02
4.045895356158885070e-02
4.326066164736366848e-02
4.260991086609688255e-02
3.569137972814290932e-02
3.892875486373549576e-02
1.525066834109419650e-02
3.219387318937688008e-02
3.554677441000389515e-02
3.569270086675470355e-02
2.991006093859580398e-02
3.311477852967820157e-02
1.417018491032221578e-02
2.830818079683677241e-02
3.118709027581967330e-02
2.783394408229910438e-02
2.843471028977220469e-02
1.119226287049291876e-02
2.595999265796959665e-02
2.880239160605399876e-02
1.755282104589218559e-02
2.585094802977221801e-02
2.786731978156675379e-02
9.840859095001139312e-03
2.439370903995617679e-02
2.682091534876672456e-02
2.146434299192958445e-02
1.447772665377902029e-02
2.536924117599958367e-02
2.253745284078356378e-02
2.539233445059253455e-02
1.930214693941636334e-02
2.469365916721322218e-02
2.495071654884080045e-02
1.663875658816428571e-02
2.397066886066931413e-02
2.403142779119045794e-02
1.827392795884301771e-02
2.334830766221146145e-02
2.330415651547581776e-02
1.820170022485389019e-02
2.266651185223047746e-02
1.492114519822963087e-02
2.202432377900252064e-02
2.197846178165609871e-02
1.876659648533006777e-02
2.136885834150129351e-02
2.117684312466547314e-02
1.934744533093984628e-02
2.066889764596289286e-02
2.160417862604016928e-02
1.995693814649378284e-02
1.984091547025499877e-02
1.661318661619251569e-02
1.913964935258920946e-02
1.965902463415879556e-02
1.918324998991366437e-02
1.845797849435643415e-02
1.819622485283334604e-02
1.377332164291701112e-02
1.750025728606641878e-02
1.667136091118253879e-02
3.497756228412034901e-02
1.656041135668849182e-02
1.659399865392090917e-02
1.650793344507093738e-02
1.597912762013843288e-02
9.996378383041378338e-03
1.512311503363534919e-02
1.526853727045041770e-02
8.557285486491690227e-03
1.447669919374419863e-02
1.456190911903797180e-02
1.440126071192756457e-02
1.419813425911574389e-02
1.387191800644248067e-02
1.076336018818425770e-02
1.332879250687453963e-02
1.348109833014498118e-02
1.371785737416870293e-02
1.276881094609410433e-02
1.259558593518537647e-02
1.225925900754400860e-02
1.230164209361050628e-02
1.132480207438394185e-02
1.175147572138179365e-02
1.128355313456760704e-02
1.124593047959227161e-02
1.132276222208451581e-02
1.092659601513897537e-02
1.068613314285210211e-02
1.065923253058606752e-02
9.935394836537547736e-03
1.001056707912105666e-02
8.613148667235052958e-03
9.798314008539026065e-03
9.803371187101287548e-03
9.409402478756878629e-03
1.290993478732451426e-02
8.963034552377012118e-03
9.423382645883805753e-03
8.440914917328297407e-03
1.444907086901404090e-02
8.129787437902068203e-03
8.237692554820595300e-03
8.640038930021921512e-03
4.818298127031730126e-03
7.570227313809360994e-03
7.515091956324083944e-03
6.932205433337826871e-03
7.160912751643993754e-03
7.437147198976320518e-03
4.168768797329083613e-03
6.786514519573075971e-03
6.820554176496265893e-03
6.640664349995372209e-03
5.956365183051990156e-03
6.541907185289099619e-03
6.210285314447608861e-03
6.099143447071289290e-03
6.461888338318754789e-03
4.997817647263574220e-03
4.658411383143374988e-03
5.416012469433105665e-03
5.658262927884467886e-03
5.685706965509528671e-03
5.420029332830222403e-03
4.512540530507970667e-03
6.772961093750608924e-03
2.846188680709214620e-03
4.831819413343161999e-03
2.142891723850584226e-02
5.018065418919944246e-03
4.701531238704488580e-03
8.962857321109289621e-03
7.747546647710235393e-03
4.225249758142990593e-03
2.776198059397763304e-03
4.607446975029384773e-03
4.742070940890130704e-03
3.914319903904303274e-03
4.811570411209021084e-03
3.787816585660171240e-03
3.944587030772518481e-03
2.856609349399951651e-03
3.493880789728316151e-03
3.907040705926540826e-03
3.634885869832187640e-03
3.263843883009264445e-03
3.866609078185578689e-03
2.887867599032670381e-03
3.188161485822978754e-03
3.794078972410394601e-03
2.485084055749348965e-03
2.993938665579273795e-03
3.541286636317760462e-03
2.949455833565913909e-03
2.755077858453024685e-03
2.463899262666583660e-03
4.189023793140202005e-03
2.775261105164726540e-03
2.183059950987022418e-03
5.371989132929291463e-03
1.889558494591247247e-03
2.701132179348527534e-03
1.761041179689980208e-03
1.779198905965550257e-03
2.258574960745701049e-03
1.736376253082072421e-03
5.577089167121674490e-03
2.043996971322908137e-03
1.464362815539797672e-03
1.593100324830000860e-03
1.644027823113267594e-03
1.403637043804791288e-03
9.022517577221436744e-04
1.081529433684479081e-03
1.059170750552806874e-03
1.023179578105994428e-03
4.998356645590316255e-03
6.671295099708898085e-03
9.635407233196664582e-04
1.052154227426488255e-03
1.786602252466318666e-03
1.025446377644893825e-02
8.396984312675141553e-04
5.621403858735465192e-03
6.051998485819371117e-03
8.310087222729165479e-04
3.031215626330566269e-03
4.061439362059838729e-03
9.061507676478540180e-04
2.639000280780228781e-03
1.322348640608129794e-03
1.017036009540247090e-03
1.057648692932869295e-03
1.645726222036059810e-03
3.818331278784526609e-03
1.249420094538961946e-03
5.189377338332385771e-03
1.782089569974256316e-03
1.306598429523677871e-03
1.428762138081303206e-03
1.954462953969994705e-03
1.854187903182707856e-03
1.545401245346839265e-03
3.306675217109061003e-03
2.095106522977118867e-03
1.960361283983492412e-03
2.999935913207122350e-03
2.028618923239750970e-03
1.058993895711850090e-02
2.587979325325794749e-03
3.388809190061984385e-03
3.321502737251187665e-03
2.601262813653900784e-03
2.734741341987890432e-03
3.150123574680135409e-03
2.718825016408059174e-03
3.017978684961478749e-03
2.886402805752369492e-03
3.945706915239832052e-03
3.187818246513006437e-03
3.433235007092460059e-03
3.757078381899888950e-03
3.294610765751833804e-03
3.119445294664383809e-03
3.384159150989771332e-03
2.633648214924724004e-03
3.580357414002409769e-03
2.938285304760097482e-03
3.593004863853950515e-03
4.355028888762056509e-03
3.760785044240791582e-03
5.013191995411114821e-03
4.392871673634831525e-03
3.952867703688562814e-03
5.105041575565001308e-03
4.148948539490439694e-03
5.534980331732385593e-03
3.661440589524736500e-03
7.641079431393956421e-03
4.453973390920720234e-03
4.638722891262749004e-03
7.840888407740356086e-03
4.639013502984581927e-03
4.636548380199019721e-03
4.760287250637494465e-03
5.286233223235035049e-03
4.863398926468974134e-03
5.586864048090796515e-03
4.976618456403476137e-03
6.169822192727661241e-03
5.235681451990857778e-03
5.191807704333416783e-03
5.766231216490411669e-03
5.402820424748901000e-03
5.667457501110674534e-03
