1.017051754468772495e+00
1.311234440429396519e+00
2.227263711219735320e+00
2.423924733079071192e+00
2.798197644037147214e+00
3.083244077209408296e+00
3.091845670882458652e+00
2.993830044259156775e+00
2.773352176784107392e+00
2.552837440021781479e+00
2.371721529332523559e+00
2.249694663409921080e+00
2.165079804988364387e+00
2.104743125430176498e+00
2.049621082186894760e+00
2.005369016799016357e+00
1.992877623768864792e+00
2.021822418838670199e+00
2.101583002043049042e+00
2.213361210538943524e+00
2.348142995341848227e+00
2.487696208178550972e+00
2.624091779243975520e+00
2.754970667374568194e+00
2.875354982068803356e+00
2.980462924630237875e+00
3.075234423398196526e+00
3.155513472457310620e+00
3.222515215638497299e+00
3.276856003591591460e+00
3.321145537955936700e+00
3.352460375649178648e+00
3.375691230473044868e+00
3.387636478755752911e+00
3.389616914707367368e+00
3.386942578428639106e+00
3.376524121850748905e+00
3.361242598685640903e+00
3.343996369403647861e+00
3.325992011447612917e+00
3.304744635362265814e+00
3.286704456179376788e+00
3.271008744589300576e+00
3.259302479783989348e+00
3.250654279531060897e+00
3.247566736194865022e+00
3.247046473496616237e+00
3.251793109626571088e+00
3.258576266563152135e+00
3.270580920731912311e+00
3.292792531881663987e+00
3.322191415002829995e+00
3.361441543308377078e+00
3.409018411382640501e+00
3.461412292411668368e+00
3.522182882055517883e+00
3.590366017540663979e+00
3.668234456958630041e+00
3.754766862008518391e+00
3.854976688671931662e+00
3.962965340050142782e+00
4.084631520986844677e+00
4.215918985765102711e+00
4.360347210403146434e+00
4.508944272310151824e+00
4.670384334419419581e+00
4.831635917937476599e+00
4.999789369176296461e+00
5.170424220089363310e+00
5.342351246726502190e+00
5.520791762245264245e+00
5.694232400770321334e+00
5.871222171332979300e+00
6.046133406030230972e+00
6.219942724468507045e+00
6.392731044748263258e+00
6.569508862812678984e+00
6.738930732894614195e+00
6.913584677411568791e+00
7.091824352613159910e+00
7.267470986370862640e+00
7.442082131348317198e+00
7.626179690706536007e+00
7.810386858981290814e+00
8.000439495331898243e+00
8.196859599237555472e+00
8.387262253419649483e+00
8.593749956574042059e+00
8.794589516119591721e+00
9.009811972674848235e+00
9.223190976819870102e+00
9.446418363053883382e+00
9.677728542084064856e+00
9.911873482879947517e+00
1.015124260736054218e+01
1.039132596888816451e+01
1.063934400718380680e+01
1.088136306009286969e+01
1.113003516500846324e+01
1.138187597300668585e+01
1.162253619763122892e+01
1.186810423368379830e+01
1.211366005739869145e+01
1.234743713543526056e+01
1.257878149754054498e+01
1.280910806601163188e+01
1.303399859140402306e+01
1.325748150070825737e+01
1.347172445374664207e+01
1.368328365602394570e+01
1.388969923590279443e+01
1.409341955859794915e+01
1.428989332779654298e+01
1.448445335678860246e+01
1.467372388097247260e+01
1.486108057169043839e+01
1.503659012468568257e+01
1.521829399221575230e+01
1.538413566769025742e+01
1.555306517899024499e+01
1.571973056357018095e+01
1.588240002487870584e+01
1.603814247584798380e+01
1.619657846376790644e+01
1.634687308093819524e+01
1.649437036478491336e+01
1.663899390411594581e+01
1.677787114963141235e+01
1.691809978843766871e+01
1.705385412206268825e+01
1.718145861432186550e+01
1.731090750990527383e+01
1.743706315582344857e+01
1.756114277693328418e+01
1.767858715267392000e+01
1.779285704838333260e+01
1.790793120217134415e+01
1.801954790292808894e+01
1.812774791702055310e+01
1.822596297810230581e+01
1.832137217157223930e+01
1.842044825729649915e+01
1.850786646235129851e+01
1.859900004134272322e+01
1.868460677438822160e+01
1.876993656905503727e+01
1.885042742799045001e+01
1.892202282656708690e+01
1.899597872742440785e+01
1.907064949363205031e+01
1.913741742259211520e+01
1.920542153130991991e+01
1.927127795602253002e+01
1.933314567910658610e+01
1.939591883184984056e+01
1.946010406941768878e+01
1.951694339254322230e+01
1.957221721925743552e+01
1.963083727272749712e+01
1.969503474115209940e+01
1.974963386063252813e+01
1.980871643252619663e+01
1.986350107799412257e+01
1.992789365404431123e+01
1.999085079818755517e+01
2.005327961993566532e+01
2.011307078264540849e+01
2.017886662436617939e+01
2.024906762673495919e+01
2.032083451375928362e+01
2.038892032238401697e+01
2.046007961391179109e+01
2.053613496257947091e+01
2.061687746150298040e+01
2.069394623506982356e+01
2.077576243273362877e+01
2.086515667859473311e+01
2.094927767346500147e+01
2.104414868054501397e+01
2.113281151633200494e+01
2.123199553663895855e+01
2.133388039348061227e+01
2.142686935545990679e+01
2.152924007644461213e+01
2.164063844334692988e+01
2.174813264321495154e+01
2.185945219657985916e+01
2.196757942851929712e+01
2.208383549098413567e+01
2.220368041211117216e+01
2.232064795598486029e+01
2.244449586926225848e+01
2.256690967034987949e+01
2.268856896584354033e+01
2.281284960178105692e+01
2.295016121906806816e+01
2.307353051173716807e+01
2.320831958669354123e+01
2.334043765602853426e+01
2.348073221201928362e+01
2.361093911938886691e+01
2.375416007315663691e+01
2.389310118723192389e+01
2.403063170815829608e+01
2.417213789687124148e+01
2.431289760729932681e+01
2.445776885341360440e+01
2.460126925558723343e+01
2.474681032976733519e+01
2.489360012518127974e+01
2.503011991572254757e+01
2.518394647283676235e+01
2.532370131716490391e+01
2.547179687354953259e+01
2.562538472370968634e+01
2.576504239591935885e+01
2.591881019097823469e+01
2.607010248044651846e+01
2.621700967754843248e+01
2.636950500299637667e+01
2.652213757048299314e+01
2.667156111214648462e+01
2.681947370263614516e+01
2.697017062310082380e+01
2.711929452963254761e+01
2.728009695450049676e+01
2.741790832202956452e+01
2.757335867331104140e+01
2.772557142067072533e+01
2.787409856885246739e+01
2.802506786100996905e+01
2.816969823615579216e+01
2.832441710770563148e+01
2.846105018699631728e+01
2.860697791865933226e+01
2.874658754685367512e+01
2.889257421789639935e+01
2.904226498441984106e+01
2.917498560109007144e+01
2.931550754542366732e+01
2.945112224469341555e+01
2.959485518685884387e+01
2.972489349275143056e+01
2.985843153667727989e+01
2.999444170840715529e+01
3.012748054407003906e+01
3.025969477321806878e+01
3.037924630308276974e+01
3.050973624850093557e+01
3.062848773897903598e+01
3.075401850716398400e+01
3.087478013975481161e+01
3.099304892397981348e+01
3.110356634931055098e+01
3.122033223061913176e+01
3.133401091515148451e+01
3.144337207420038283e+01
3.155092732285262258e+01
3.166042185077648341e+01
3.176952522981023108e+01
3.186773888977781155e+01
3.197007896079019673e+01
3.208060558096153869e+01
3.218288102886061353e+01
3.228624337386366250e+01
3.237980747942960846e+01
3.249380524564455897e+01
3.257807258890549917e+01
3.267881095967414495e+01
3.278186484635263298e+01
3.288280952673404300e+01
3.298218326793447375e+01
3.308116788915307183e+01
3.318166756839998044e+01
3.327855774813938439e+01
3.337749436310266304e+01
3.348268554284396004e+01
3.357025694992063336e+01
3.366996935862985652e+01
3.376661988732336539e+01
3.386457572765697677e+01
3.396559472024387105e+01
3.406303947149714872e+01
3.415516136805523928e+01
3.425401913676312660e+01
3.435863559929733668e+01
3.444404828628753279e+01
3.454523726082344837e+01
3.463869327378931473e+01
3.473636412094163717e+01
3.483044195233839702e+01
3.492523310998284813e+01
3.501860876179171100e+01
3.510530038411696552e+01
3.519411282649954131e+01
3.528178433349331300e+01
3.536775775265101629e+01
3.545558190874501747e+01
3.554110317475513625e+01
3.561969366218827560e+01
