1.058098304275434165e+00
2.121669909656546338e+00
2.230808092643432161e+00
2.879170405554857037e+00
3.290552989097205394e+00
3.664150947077028153e+00
3.896152670757390801e+00
3.987627545948003061e+00
4.082156639140996468e+00
4.178638359796607027e+00
4.286274009307300403e+00
4.418032277742019787e+00
4.580308607247589592e+00
4.763070997896576841e+00
4.916973425326058411e+00
5.018583538589531656e+00
5.068308673136032283e+00
5.070750102175558105e+00
5.031372137768292951e+00
4.961144080419312097e+00
4.872128004330599893e+00
4.755617918354264617e+00
4.633976877929613103e+00
4.487733868134474058e+00
4.321295319414603320e+00
4.136443868925820944e+00
3.936908026596770416e+00
3.728471021687026266e+00
3.508051689859055244e+00
3.293516358367947205e+00
3.077457526340457772e+00
2.875173402652385413e+00
2.674302836643819958e+00
2.486990994686365752e+00
2.312787636917134293e+00
2.148366874382432012e+00
1.998188731134057816e+00
1.862118933162030920e+00
1.753540658432833910e+00
1.666138827060623662e+00
1.611849743945532598e+00
1.587167225878616028e+00
1.593904938784405090e+00
1.634406972667824531e+00
1.701608445447747808e+00
1.792233350626114330e+00
1.901794105169581250e+00
2.024868797282196820e+00
2.159955798763341317e+00
2.298918945966786698e+00
2.440857860372980248e+00
2.584113178786659137e+00
2.723694506440013985e+00
2.859196720352637833e+00
2.985015649547120731e+00
3.104222249153179902e+00
3.214602802004300042e+00
3.309668976533029383e+00
3.393306664882167034e+00
3.462696133475877680e+00
3.517529671230636978e+00
3.560165048800941534e+00
3.586464975305381664e+00
3.600676083050738718e+00
3.600448723384798377e+00
3.591472046010887542e+00
3.572378415533931761e+00
3.547115412068076790e+00
3.514875679412891696e+00
3.482306398165540884e+00
3.452546464673903692e+00
3.415517548599359632e+00
3.384924716412384793e+00
3.358931053686933232e+00
3.339599441675341840e+00
3.327841740258807413e+00
3.320691593643424255e+00
3.323373756751290653e+00
3.334231331219165373e+00
3.354711387954447677e+00
3.381917003932969124e+00
3.411143866590720997e+00
3.453071223096960018e+00
3.496580649719206679e+00
3.544323919363172593e+00
3.595868957071637340e+00
3.651848242409581058e+00
3.705239415857329188e+00
3.762331855675109527e+00
3.815683903724826020e+00
3.871210829801229991e+00
3.922966968422441081e+00
3.971795349728828750e+00
4.014450086250590743e+00
4.051407195800279304e+00
4.083645211388578389e+00
4.114608052152584960e+00
4.134619776573138061e+00
4.147751420832861413e+00
4.154538382373523575e+00
4.148522451916659470e+00
4.140365276252377491e+00
4.121268397391316007e+00
4.096706538575709544e+00
4.054407266378684760e+00
4.006468900436873426e+00
3.952837714150342574e+00
3.888413397419304918e+00
3.815387610031826693e+00
3.731001621634640664e+00
3.641401920978203144e+00
3.544230739736534908e+00
3.440731546509777417e+00
3.329860045394540613e+00
3.211909551698084453e+00
3.092864401298582422e+00
2.964384908229002136e+00
2.835805689104269778e+00
2.704259371285119062e+00
2.568492023186237372e+00
2.432091680058541705e+00
2.300963093435472118e+00
2.170672727037504135e+00
2.047684305138963712e+00
1.932055390610087242e+00
1.831391548343080267e+00
1.743935623521097433e+00
1.674739623519381215e+00
1.625658423544873887e+00
1.604610590023686667e+00
1.607996970741912834e+00
1.637345924159910426e+00
1.692213516224966963e+00
1.770875906472369365e+00
1.865513271688162389e+00
1.976055972706290964e+00
2.099864186483220596e+00
2.228204431808591846e+00
2.368201812114244298e+00
2.509792449107406842e+00
2.654709758435803035e+00
2.794908320422123893e+00
2.939178219050849528e+00
3.079063582652615594e+00
3.216664841081140480e+00
3.349678369405348910e+00
3.476532899929031917e+00
3.597305335975442109e+00
3.707280845930503776e+00
3.811996462029741295e+00
3.907127231389545319e+00
3.997147687290973472e+00
4.067370890124335503e+00
4.141757415542108411e+00
4.197922724410176443e+00
4.255863150037259679e+00
4.299657191025729297e+00
4.335024037471717939e+00
4.368019514503191481e+00
4.395949213843275416e+00
4.417537866270968117e+00
4.434985020398009681e+00
4.446351460612500972e+00
4.452988370924916950e+00
4.458879321851788369e+00
4.459947528236147818e+00
4.461571838293940218e+00
4.450671527987926090e+00
4.450161683509294086e+00
4.439954006490330229e+00
4.427905885221831817e+00
4.415838697680071867e+00
4.399969241717563762e+00
4.385514301668264281e+00
4.369614272374932717e+00
4.346831404609975635e+00
4.324131998923772535e+00
4.307619754935539724e+00
4.273585536991518552e+00
4.251249827402962644e+00
4.223160633772226724e+00
4.197413769271508777e+00
4.163562142762275542e+00
4.123233055160277161e+00
4.089640917083217531e+00
4.045905305101751281e+00
4.000848218802960155e+00
3.947445630324194710e+00
3.898027952945771535e+00
3.839705562823667595e+00
3.784659015471480537e+00
3.722888823916437495e+00
3.667270584675945688e+00
3.607765762271458954e+00
3.546704601059443629e+00
3.488443747734831124e+00
3.425530668873793871e+00
3.362581996210403101e+00
3.310929085139990846e+00
3.261595634070736160e+00
3.208031311788348106e+00
3.159781042593583056e+00
3.110121799596199832e+00
3.064394455155854846e+00
3.021392667365143225e+00
2.978817855940532944e+00
2.937579594293549423e+00
2.905453105333443364e+00
2.870620651513187571e+00
2.837996730272291934e+00
2.799488621884809181e+00
2.777713791602967941e+00
2.753393498530773087e+00
2.723137015882671541e+00
2.705595631895773678e+00
2.685443929653982487e+00
2.667618363870215781e+00
2.652223155429617840e+00
2.638451280814646083e+00
2.624384393616268074e+00
2.615181806724323543e+00
2.607027762270772264e+00
2.603011245510852945e+00
2.597198503048898210e+00
2.591665986467139415e+00
2.591412080657384376e+00
2.589945671607604805e+00
2.591361516914158170e+00
2.589346342218135977e+00
2.594839365599570069e+00
2.600624057445739989e+00
2.601820217759622800e+00
2.613527710878043031e+00
2.622846854114967208e+00
2.633072380061147744e+00
2.645522734467375514e+00
2.660886560512425003e+00
2.672141940041255825e+00
2.680618139626429031e+00
2.699581992419207932e+00
2.712353466966201054e+00
2.729706461083365454e+00
2.748013355799797885e+00
2.765573118374611283e+00
2.773639209404284767e+00
2.794982621971479730e+00
2.812107540634423586e+00
2.826331545716399329e+00
2.847979672365112069e+00
2.865694596010691875e+00
2.880853980165140715e+00
2.893586237784350867e+00
2.911501879559927009e+00
2.935243825291468767e+00
2.951750739876542795e+00
2.964321665420316165e+00
2.983506303353108624e+00
3.004419071161662291e+00
3.015992006674527826e+00
3.029820097290429892e+00
3.043056810906191512e+00
3.058459526342530932e+00
3.071731525484706182e+00
3.079162457011222376e+00
3.089609097041225994e+00
3.110588864003632992e+00
3.117844216052520601e+00
3.121266221334649149e+00
3.131142649104016407e+00
3.139847651092048331e+00
3.149702883160347522e+00
3.153717488592107099e+00
3.159438064223800247e+00
3.161265781276384246e+00
3.153596271938454709e+00
3.160517217853175076e+00
3.156406509401345595e+00
3.152311034010061519e+00
3.149116978322417992e+00
3.135140350818796495e+00
3.130952066478194684e+00
3.121437575725482638e+00
3.111956960519172366e+00
3.098247188691862775e+00
3.081584391136546586e+00
3.071719372817253824e+00
3.051288913948342341e+00
3.030254753434868054e+00
3.005872980318890608e+00
2.982343669010490750e+00
2.958706725818428751e+00
2.932274026397529543e+00
2.908448557915231714e+00
2.874669787823770140e+00
2.841154272580081575e+00
2.811433669058996720e+00
2.784493745701675405e+00
2.747494966857547016e+00
2.710706702105353916e+00
2.670145540798817496e+00
