1.004147696154308989e+00
4.732008463574470802e-01
1.404183086150819104e+00
1.649341218917314666e+00
1.131119789589746683e+00
7.103991021430265951e-01
4.489081506764975305e-01
2.875214253756118721e-01
1.884325188879881485e-01
1.276479176171513574e-01
8.995384274384062018e-02
6.606316396059963569e-02
5.054900730764203681e-02
4.029426873313430441e-02
3.345310540744043243e-02
2.886835045534833985e-02
2.577035711554634748e-02
2.362720129216381096e-02
2.407430743552746444e-02
2.094817114427593302e-02
1.993024464768359399e-02
1.891245207285040600e-02
1.821835001161594206e-02
1.843629109208176978e-02
1.662896705431159486e-02
1.856451152579419173e-02
1.510180119217382003e-02
1.436287993675079006e-02
1.353665310131231363e-02
1.300905544738558198e-02
1.265141643647862101e-02
1.169878989170028936e-02
1.276506031095442015e-02
7.742878099583786443e-03
1.008038934343417382e-02
9.535654915520434816e-03
1.613714076763528293e-02
8.772459357508460148e-03
8.042438478681175271e-03
7.406974592147234221e-03
1.734763251825489905e-02
8.234887781394015227e-03
7.142872575160832786e-03
7.869927091303722047e-03
6.622147109973930239e-03
5.898205679705573190e-03
5.913296740867062321e-03
7.645626557008782832e-03
5.272606982786183158e-03
9.357453165000939946e-03
2.212642051817757458e-03
4.699872415100553660e-03
4.533428354878863212e-03
4.851918061904182504e-03
4.236231690850264173e-03
9.556075078267564984e-03
4.041009021127348923e-03
3.098094477584429924e-03
3.052686245235206475e-03
1.040615172867020467e-02
3.587128243138700337e-03
9.401486325637106387e-03
3.586073052712693103e-03
2.233263896478683477e-03
2.612174940680214805e-03
3.373202052964754602e-03
2.319921041014546756e-03
3.328543236945443948e-03
2.601873125770203053e-03
1.858730556567158524e-03
2.384159830402727762e-03
4.562442465643212243e-03
2.614373402091719860e-03
1.146216638085520868e-03
2.222526467764699646e-03
4.920116216000281449e-03
1.244622217778476158e-03
2.336263900476912535e-03
9.079602466383743242e-03
1.887469414026140754e-03
1.868155107700879280e-03
8.465530043931231239e-04
5.096703565487611769e-03
8.169547006579368871e-04
1.481407040197302858e-03
9.289076615059224966e-04
1.390698362896229234e-03
1.088397500711622183e-03
2.825663841321822498e-03
1.207449630386062556e-03
1.825078729692270092e-03
1.307921865757150082e-03
1.457213536968303110e-03
6.172327230521909742e-03
3.905530587551913312e-03
2.908597818853727625e-03
1.211459712837499765e-03
1.319014856543594162e-03
1.092506854069041867e-03
1.127229131596424938e-03
1.297862164246221328e-03
2.705044198227514896e-03
1.147961609891724657e-03
4.073092767917177275e-03
4.253585263115112862e-03
1.095454021246421118e-03
8.182423130337646575e-04
1.794922105352282247e-03
1.072184795163402685e-03
1.087733319605370397e-02
8.998215143933911394e-04
6.630670350680919166e-03
5.612510571104339192e-04
9.795373869968631002e-04
3.014759632592403909e-03
1.416202718658451194e-03
7.893021548220433958e-04
1.292488914539343618e-03
4.285742753550821071e-03
8.158219989249435164e-04
8.781323307337792318e-04
2.265362338135558547e-03
8.745626026078239445e-04
8.275177882528097573e-04
1.149189746064307018e-03
8.380818112322266453e-04
8.436629105185537974e-04
5.010767147724712843e-04
6.342756075479982466e-04
1.429010857840398415e-03
8.341626975878795513e-04
9.259317079233854485e-04
7.159306067515820672e-04
1.041789153302510656e-03
8.469236846367061283e-04
8.141689036775460846e-04
9.501330646092357455e-04
2.206797223933274626e-03
1.477015955165320677e-03
1.705162408290131389e-03
3.206383441961862656e-03
4.962743575484630581e-04
1.305824671446962184e-03
7.574782899886287404e-03
2.794440783891761430e-03
8.158008218646120536e-04
1.742468418714678002e-03
7.020006564770718549e-04
2.673123149660591117e-04
4.471745969451782366e-04
6.914872913552159561e-04
2.882312858765285167e-04
7.143169332117868140e-04
1.664984037383470013e-03
7.755067629748413176e-04
7.307699547062804311e-04
6.763240084093509723e-04
4.868371358784381680e-04
7.717391543623237232e-04
1.058183854578347623e-03
6.676827141772124401e-04
7.464140077539282905e-04
7.213670069457523435e-04
6.299929568430877357e-04
1.767481037895437222e-03
3.878967895689094275e-04
5.251069905513735744e-04
4.141281191830029204e-04
2.155947113829381322e-03
5.921107199308696606e-04
1.229866001473455721e-03
6.301642538540568137e-04
4.482663443665625518e-03
5.058707663886984410e-04
6.862342385355238829e-04
5.703175039547483558e-04
8.140777612190276636e-04
1.311682088082455171e-03
7.801561778095979401e-04
5.343717081711968787e-04
3.553612080449938208e-03
1.312783048121730217e-03
5.780466693883574460e-03
5.496906786123699961e-04
9.831085940010301193e-04
1.812752833315106745e-03
5.921346983638945110e-04
3.204101042774209086e-03
6.704197533443789422e-03
1.568609803532919995e-03
1.090854975272408881e-03
6.403819478352380107e-04
4.489486876384741142e-04
5.905717239391651465e-04
2.210992549443407604e-03
3.955073692690325811e-04
2.259501363297579651e-03
8.536221322560973027e-04
1.583713133293836303e-03
2.958874888420030044e-03
1.388547132325198934e-03
7.303880815032067451e-04
1.051651640957654375e-03
3.829926117141642080e-04
2.263612839062581050e-03
6.906025657606651089e-04
8.110547415626734270e-04
6.264929775950444984e-04
1.130326853034101546e-03
1.368075968729971521e-03
1.642510732011027335e-03
4.001638916518072769e-04
1.381502129490361956e-03
1.041088818759898765e-03
3.146467515759338897e-04
5.164219494866687400e-04
7.050963134214355060e-04
5.001434840104406528e-04
7.552013171301299316e-03
6.903718392467565702e-04
1.186673030002127153e-03
6.462042066996713172e-04
5.065979824328695549e-04
6.455171013536028851e-04
2.965508724182691082e-04
2.122186888041585878e-03
1.296894546921796305e-03
5.112746883709722197e-03
5.989674684494510504e-04
2.468488768939547905e-03
2.114977034499681847e-03
1.201094878541174695e-03
6.430764281917233103e-04
2.515503217233427524e-04
6.760640783986550644e-04
4.989396224498578256e-04
3.438658114479735840e-03
8.878462456869683521e-04
3.692594377904753495e-04
3.811233537082468151e-03
1.439030670569911010e-03
4.269384947004398710e-04
2.539103519212223474e-04
3.241591986314648708e-04
2.105086257321036377e-03
1.250240309652199400e-03
3.884691098701483630e-04
1.604976488274432480e-04
4.151379508273830756e-04
3.648056532899592399e-04
2.596187308364726457e-04
4.754160320055510853e-04
1.468462291757561058e-03
1.627188934914330747e-03
2.301398785218170071e-04
2.624171323924226321e-04
8.460421430433525281e-04
7.920846737699223155e-04
1.319431033096180343e-03
4.660235200290837394e-04
2.441795117445272334e-03
7.597784773907082304e-03
3.931860155840228004e-04
2.646838049490961341e-04
3.162310399463173468e-04
1.130673051362887475e-03
6.064506776952083506e-04
4.283828667979569169e-04
3.820142358083458505e-04
1.088927762647572866e-03
8.517842339258298399e-04
8.130116590375724385e-04
1.850684581933402138e-04
9.437588997019412569e-04
1.484424799964715594e-03
1.158824379552557057e-03
2.076011113711509286e-04
2.586250659094262573e-04
3.264918573747343481e-04
2.978814755746431999e-04
7.694125967230027417e-04
7.615702250892759278e-04
8.210887105012710813e-04
7.047411030039878741e-04
7.101879003916810630e-04
7.558369244659435401e-04
2.261269596429557865e-03
2.101756869751182297e-03
1.168173883674947884e-03
8.383941799112549576e-04
6.234607169203928946e-04
1.583242152537313622e-03
8.458378929700667050e-04
6.318853959750017017e-04
1.033033995449139392e-03
3.988118195860898378e-03
6.006170895266475015e-04
2.736861043391824143e-03
5.784114986032514892e-04
5.673000576602768011e-04
