9.540485600325878668e-01
5.978167549722906982e-01
2.161961139727850423e+00
2.138549155848195937e+00
1.879131894233092348e+00
1.637396655360242592e+00
1.468723037479513716e+00
1.295576189345534868e+00
1.145536964122581436e+00
1.003997432258276312e+00
8.808426546668050028e-01
7.554720339570902832e-01
6.700076638010077357e-01
5.875125176941119465e-01
5.090309221976192511e-01
4.495537854049985738e-01
3.970377428092287664e-01
3.423738827446005106e-01
3.065319144765612513e-01
2.718692458611845497e-01
2.379504066876018953e-01
2.152614923226744137e-01
1.752998979412119795e-01
1.710586304944612390e-01
1.571337846754356504e-01
1.336180032986163113e-01
1.276133522229916384e-01
1.190399868092457680e-01
1.037791780220728571e-01
9.804767774328784768e-02
6.125024085878733038e-02
7.966471158619914394e-02
7.706407009448892897e-02
4.769195972424404573e-02
6.287153122217341294e-02
6.172908671151139393e-02
3.725334346745728248e-02
5.116018267723415613e-02
5.049671204798428237e-02
4.056544858471552301e-02
4.137168241482341857e-02
4.148968095934112837e-02
2.095541630837179439e-02
3.287400696791122762e-02
3.422294885328656250e-02
3.687690117530376815e-02
2.696227308394759381e-02
2.897619584793853856e-02
2.746703018477837308e-02
2.426383630426076285e-02
2.542999823717520883e-02
1.895319292035232972e-02
2.152699770064829890e-02
2.250095229151806778e-02
1.932373904291699238e-02
1.806892304049148579e-02
1.057050027139439310e-02
1.711529608689806026e-02
3.156126942705730909e-02
1.566931681233514964e-02
1.741037349572203616e-02
1.259630573619145537e-02
1.591803347807974056e-02
1.615654567519862750e-02
1.082441020827950781e-02
1.468363826607081875e-02
1.467565515658561005e-02
1.348334134064269052e-02
2.046903598103263708e-02
1.249307648899494576e-02
1.430511171666511497e-02
1.067805311025186304e-02
1.263747842561742038e-02
5.636795981221296922e-03
1.190713562646162141e-02
1.165350904615447721e-02
9.962624557057880512e-03
1.122032005018713807e-02
1.446652554830564485e-02
1.005908273803971312e-02
6.444920993722348147e-03
1.020652783751805834e-02
5.127155647727170071e-03
9.786722642700373259e-03
6.244881979865860196e-03
9.364767106661278304e-03
9.007302854608063153e-03
6.352400969686408660e-03
8.637663416655968693e-03
6.004088594543006280e-03
1.000566372248455106e-02
7.887620309828065682e-03
7.644441998007449335e-03
6.832357599814065444e-03
7.255534088847935201e-03
7.225074063679916975e-03
6.127789735327223396e-03
6.751291338596814191e-03
6.192388573102301785e-03
6.232114333625954523e-03
6.727000739585104437e-03
5.919573164512108819e-03
5.877453015966439473e-03
2.751567367212257031e-03
5.488755923524337409e-03
6.495629888312075967e-03
5.160386946660274789e-03
4.804204245839559066e-03
4.754650122829493994e-03
2.184307514206353454e-02
4.640076834476460944e-03
4.474986814226380137e-03
5.139171672679678123e-03
4.905584439375134526e-03
3.816233434203597161e-03
4.198480077726074802e-03
2.750052283518569524e-03
3.800229008839845109e-03
4.089911441318926609e-03
5.592448726995784616e-03
3.760816268967807820e-03
4.277321123037604138e-03
1.947215185828084444e-03
3.607078776911400338e-03
2.323054597805770342e-03
3.049676294875864908e-03
3.609767850617383225e-03
3.351805673108591670e-03
3.104548092487229190e-03
1.171833900317661818e-02
3.262784462403591889e-03
2.112822342948709672e-02
3.047971734783024803e-03
3.094363488242622261e-03
3.169402374500869535e-03
3.589024653930787678e-03
2.934954226779969404e-03
3.136701586837147438e-03
2.607595895943023209e-03
2.612010494333442782e-03
2.739553445631638835e-03
3.587714393747191196e-03
2.497463706882089868e-03
2.455871736668550041e-03
2.431276488766089244e-03
2.600071197937630502e-03
2.369021975418243373e-03
9.329439370132766585e-03
2.168073256255798227e-03
2.453228503040689838e-03
2.056724881642953747e-03
6.163080327117372720e-03
2.085776309975193206e-03
2.118351514773274009e-03
1.982198018409053481e-03
2.287172802895795932e-03
2.100809214643535941e-03
5.793808132599045577e-03
1.833045074419351484e-03
3.902074410786317889e-03
1.062633913455800043e-02
1.747813598278636672e-03
4.407120583720166435e-03
1.740678180322109301e-03
2.195388208167106756e-03
1.679724878042009820e-03
2.105693424921444446e-03
6.718987262796513767e-03
2.388901871299371760e-03
1.698122465392824581e-03
2.549544175967925069e-03
1.754260968722761186e-03
1.643202108210273715e-03
1.711348073404878002e-03
4.260551310008362305e-03
3.356114667985073824e-03
1.725268007648225656e-03
4.602809533594113579e-03
2.358702505944659713e-03
7.426096573566290035e-03
1.770490894859213203e-03
1.640651235439097170e-03
1.782110200418663597e-03
8.178478531778001284e-03
5.069288169404297800e-03
1.668420119972204799e-03
1.747209382284762007e-03
4.819372525347058109e-03
1.646826139135546072e-03
1.907420264359763846e-03
1.770161709117872191e-03
4.574447562818933534e-03
3.563469649917397775e-03
1.795546962543138805e-03
2.996808839396253570e-03
2.468375911230711629e-03
1.832381861966201004e-03
2.356707280949775583e-03
2.102934893630378343e-03
1.825861720882918484e-03
1.746770654180515667e-03
1.751002261859388107e-03
4.703626053476047189e-03
1.792471888987253294e-03
3.836464925138921567e-03
6.195797898225609626e-03
1.934314441612352718e-03
4.269666095733017953e-03
1.894968965665676588e-02
2.200304885725010411e-03
1.902710606425355409e-03
2.887223581140700625e-03
2.659975806871840362e-03
1.959161506802279459e-03
1.896874654503573950e-03
1.894427813127116380e-03
5.400157767316029339e-03
2.011108296252780720e-03
2.086706959518117108e-03
1.934758325513472261e-03
1.839819251338319864e-03
2.403846295593310093e-03
3.734027719261860147e-03
2.019877154809096749e-03
2.374081905684712664e-03
1.853213960644923891e-03
2.554577081449863063e-03
2.732951881305659050e-03
4.875303991109587731e-03
6.182849856323588238e-03
3.345044261038649606e-03
3.325138811205664326e-03
6.458678867872515855e-03
2.195791504251292953e-03
2.046206334915782674e-03
4.358370978672278066e-03
2.182303751390838459e-03
2.861670698713859092e-03
1.925665438224907549e-03
2.846072901400143167e-03
2.307196679360477669e-03
4.258913687701821292e-03
2.764067307237843933e-03
1.907725518171340994e-03
5.950286458340092385e-03
3.208628025118990482e-03
6.592639447462698803e-03
4.746355434672288459e-03
2.989039107840671047e-03
2.662703927072448528e-03
2.892942674249990818e-03
4.848943071135002059e-03
5.864027726641573256e-03
2.792700274184544383e-03
7.041510693595712939e-03
2.512365737543105059e-03
3.119924429510491024e-03
5.967980476068902515e-03
2.095263423215166891e-03
3.741995106292417272e-03
5.592513338196989855e-03
2.962295893799031955e-03
3.581270778858968318e-03
5.684805414623249169e-03
3.089900385591225641e-03
3.014823261384537087e-03
3.134936277607895498e-03
3.163830501580894728e-03
3.149733715170052132e-03
2.831543216251955746e-03
3.124321863918253124e-03
3.568773192572001225e-03
3.019171296128636550e-03
8.478960204210983856e-03
3.236808164101586359e-03
3.598656198540460972e-03
2.410819203499837016e-03
3.291785976424116238e-03
3.421748464455377434e-03
3.487610866448679660e-03
4.044807933546713113e-03
2.854179219425382469e-03
3.932817752265779961e-03
4.352806262477084201e-03
5.272645318001706848e-03
2.894535359128920342e-03
6.346566082242715776e-03
6.701657268642663423e-03
3.531969502088791370e-03
2.872255147317371183e-03
3.941323540977165890e-03
4.432233467838934092e-03
4.054302605246720877e-03
5.306542443586219002e-03
4.479950002808343740e-03
2.947873256103916879e-03
4.297450145401163733e-03
3.814976677950559277e-03
4.564069761864369794e-03
3.435144335386009547e-03
