1.043617227574341610e+00
1.093537672426068807e+00
1.738494958760727238e+00
1.992383683861922661e+00
1.040364352619380650e+00
8.839299942787968156e-01
9.708047595308495481e-01
1.104985377728830764e+00
1.240528055413700592e+00
1.371607039668617745e+00
1.510145179731285703e+00
1.642598298607508944e+00
1.788152740509449501e+00
1.957738472092011239e+00
2.146639504917655206e+00
2.355819428668706195e+00
2.474934889576554387e+00
2.553504736135142394e+00
2.527628803562717241e+00
2.537844176829791909e+00
2.572686079057962427e+00
2.639975908830952456e+00
2.717954538211393434e+00
2.802771907221940140e+00
2.886739502818599146e+00
2.971802921287639343e+00
3.058015962434443402e+00
3.150373146856880524e+00
3.241650897278011811e+00
3.361997513567342111e+00
3.490849755279547662e+00
3.626620108755901128e+00
3.774535448795551140e+00
3.928567567415063078e+00
4.083096069489210223e+00
4.237710174909580907e+00
4.388281818240375109e+00
4.539053752012466525e+00
4.680538010640272972e+00
4.817886629743305171e+00
4.946732144163275002e+00
5.073105986507585818e+00
5.188694120082790739e+00
5.306883297667160271e+00
5.416112807088829584e+00
5.519628091121060010e+00
5.614496084220854222e+00
5.692032038744382128e+00
5.713235326254183732e+00
5.650854988289387926e+00
6.564531615876747495e+00
5.851685765065460565e+00
5.481901215487748225e+00
5.179653434752149010e+00
4.979137581172207838e+00
4.721165815331649362e+00
4.526009382253708857e+00
4.281845791821180747e+00
4.041087704711974204e+00
3.773526245476376495e+00
3.583668552193851387e+00
3.371742473379913729e+00
3.177421803099668818e+00
2.967463830994691687e+00
2.757074303407424765e+00
2.568305623092885348e+00
2.346004460964130622e+00
2.238243618031541260e+00
2.061357619565580279e+00
1.862720554173559417e+00
1.739887243615546808e+00
1.572435463251020682e+00
1.441421770002025760e+00
1.279608974213072070e+00
1.154062885524531845e+00
1.051947791079954175e+00
9.522921582418000241e-01
8.610110997775483055e-01
7.412999931683403876e-01
6.292800378155043450e-01
5.725460243814470829e-01
4.867946807747755011e-01
4.830078210026183538e-01
3.622070797932626651e-01
3.348367298116601276e-01
2.627047968545365708e-01
2.478777163025190355e-01
1.817382395240313975e-01
1.305332773389654699e-01
1.373559606417945056e-01
9.336141776585193952e-02
1.302753769023192176e-01
8.190266281465262421e-02
9.858789482336008381e-02
8.216356136159641554e-02
2.001282943813983972e-02
9.603667790688380501e-02
2.853172245679464966e-02
9.368606601115458954e-02
5.000069610746082915e-02
4.398877400224360940e-02
6.216714881412237909e-02
6.479212446875877440e-02
1.150099244101298462e-01
6.927689757599775344e-02
7.286398469371847819e-02
4.533225293926278210e-02
6.607535288874075152e-02
8.577675262649292476e-02
9.748694291436048320e-02
8.883773320002154306e-02
1.764527058642288426e-01
8.531495969514815703e-02
8.569594566347298048e-02
9.267680463355505716e-02
6.901550509109766196e-02
1.171496360160998451e-01
7.430546541959805185e-02
1.222667366966110059e-01
7.398633960118412844e-02
1.215514843474392315e-01
8.296174204151138265e-02
1.530021321704994608e-01
7.993712440102720973e-02
8.852276508297174384e-02
1.358041271739909017e-01
9.275892824573926665e-02
1.542555221647306241e-01
1.194252657945941570e-01
1.173031467974045006e-01
6.870160796523142044e-02
9.249111537940801764e-02
7.985408341187733017e-02
8.742808668125461036e-02
2.624850823281695833e-01
1.262804207866720652e-01
1.141495811533697335e-01
8.911287592309366512e-02
6.538072435873150401e-02
1.214739794343408646e-01
9.112345174057455421e-02
1.046352666614565885e-01
1.369615056841200496e-01
1.299789288116808550e-01
7.735926782658375522e-02
1.129837965556959589e-01
1.161180489587315956e-01
9.270293646497368423e-02
1.077383880703898511e-01
6.853562683239794451e-02
1.408008718791137204e-01
1.280001786793326102e-01
9.595662831271055404e-02
1.140446251379338000e-01
9.406432423344886218e-02
1.157910678731974702e-01
1.213369495519918129e-01
1.015992998497554783e-01
1.335642437535723981e-01
9.104987679884486707e-02
1.105696023934740896e-01
1.062305849694727550e-01
1.067330181434760356e-01
2.780020611549436915e-01
1.142440443589323867e-01
9.963228064507509418e-02
9.261310455962845634e-02
9.314703508006291766e-02
1.783070853817564361e-01
8.034212126244105745e-02
8.709450854745118265e-02
1.026515964712835238e-01
1.852610762836712222e-01
1.301708914519043581e-01
1.453016518160663573e-01
1.307179649520687770e-01
1.372916715902907647e-01
1.887490362046326253e-01
1.007880088505380828e-01
1.566016897385822948e-01
1.374134518050122156e-01
7.703220299444175911e-02
1.440977496030551031e-01
1.329848560234208055e-01
1.290751503126194022e-01
9.022876424006150142e-02
6.596687371042540826e-02
1.160237564266080323e-01
1.269130919405864755e-01
1.562817220261784046e-01
1.247597067816172134e-01
1.387431315628741002e-01
1.415307460459961364e-01
2.236945419218515918e-01
1.142742077167441944e-01
9.240808304381428750e-02
1.596304417260020481e-01
2.072139146277968969e-01
1.789172158971737980e-01
1.238493324402138301e-01
1.259907130752905280e-01
8.734858563952485611e-02
1.955603170527561718e-01
2.542074249634951877e-01
1.412545412808204337e-01
9.123819745213788968e-02
1.178593172027591757e-01
1.872546891158574922e-01
1.365329338048238694e-01
9.761442396236257035e-02
1.188673489488468321e-01
2.706345290751139832e-01
1.721925369623254209e-01
1.080662485892660007e-01
2.315344430354039640e-01
1.198185484746700780e-01
1.169502680841634085e-01
1.481022049567432275e-01
2.378057657418328752e-01
1.073679344618664738e-01
1.257528380935732659e-01
9.986820378724296787e-02
1.739219697148261523e-01
1.650010430596873523e-01
1.549706544268085462e-01
1.122212344385137284e-01
1.434278981956830790e-01
2.113653151213350789e-01
1.296726644908468284e-01
1.741428948344991290e-01
1.395232729891369150e-01
9.242776345941776384e-02
1.555285624163471880e-01
1.233358449369381105e-01
1.053131003294925372e-01
9.414270787968345711e-02
1.065251468645015687e-01
2.357271055783454750e-01
1.800057536382003720e-01
1.447929576570015087e-01
1.270518112062496985e-01
1.488824104369277090e-01
1.214252516511112601e-01
1.185094461164120788e-01
1.764394250661818209e-01
1.065822861751590522e-01
1.279415541054197414e-01
3.146645797301347303e-01
1.372202648739800079e-01
9.640826989607079178e-02
9.050224283746806375e-02
2.025571472545648066e-01
1.108497757739447254e-01
1.079771931304668864e-01
1.270631020976089043e-01
2.893432270642457005e-01
1.040593771757915981e-01
1.564282466072338118e-01
1.684739294621596661e-01
3.246046555192408922e-01
1.160394712322917327e-01
1.430795287358614110e-01
1.291257494921559945e-01
1.145729821813512433e-01
1.227510214301046343e-01
1.784504884607451825e-01
1.231100922267566317e-01
1.294216137821823098e-01
1.974837649433263953e-01
1.298402898455164600e-01
8.038910159445505910e-02
2.051294790673144353e-01
1.453375043428582203e-01
7.478761803945202513e-02
1.461407729720887172e-01
1.791722620132615018e-01
1.715242155934642021e-01
8.941944745454676047e-02
1.961970842382738112e-01
1.276091231599272013e-01
2.042228416582783923e-01
2.510748588424442374e-01
3.166318058778055944e-01
1.032495784273904510e-01
1.382276737121710675e-01
1.265601404825732190e-01
1.076172120761123702e-01
1.272303575056473179e-01
2.540860238081670275e-01
1.567306661378896071e-01
1.151641234390924778e-01
1.427441378913858749e-01
1.579903321257928872e-01
1.238846836926616179e-01
1.648241399882431901e-01
7.024442496621868814e-02
1.270602142755727082e-01
9.395218572381605626e-02
1.097838381877490888e-01
9.661412208035000115e-02
