8.603693444073968744e-01
3.559893435836019582e-01
7.154756345807155027e-01
1.110415992375164196e+00
1.251895922009702566e+00
1.029155613640197142e+00
7.043868036017491008e-01
4.786481373248464011e-01
3.337389624190950088e-01
2.405437493788888936e-01
1.792138968692921774e-01
1.372723318700655171e-01
1.071552541459435820e-01
8.445825751241706203e-02
6.674662055594270116e-02
5.272829782260594900e-02
4.169176136251862008e-02
3.316835686994472343e-02
2.675833059446753454e-02
2.207117916351490627e-02
1.873228054730375139e-02
1.639773426145529206e-02
1.478400885739366254e-02
1.366286235769518034e-02
1.287020306412098650e-02
1.228639503309590306e-02
1.183670422300081571e-02
1.146317198663680988e-02
1.113524694876230799e-02
1.083434189009273817e-02
1.054619284865807374e-02
1.073419019862164800e-02
9.978523967282144566e-03
9.778124600537308267e-03
9.433114860520227379e-03
9.096237554154206970e-03
8.829304025803482239e-03
8.524652333727466419e-03
8.233472294196752389e-03
8.332378542609035488e-03
7.617594752822305464e-03
6.246310355229592846e-03
7.021170025078150682e-03
6.831754497026879501e-03
6.280889404312832783e-03
6.149822552372203634e-03
6.133175432750657616e-03
5.564888402181944471e-03
8.942426607408057726e-03
4.985216524967212709e-03
5.230095981444165230e-03
4.421561546048985610e-03
4.137753768330535570e-03
7.625636685416664270e-03
2.550579331130091963e-03
3.421494427864575118e-03
2.350038708407947360e-03
3.190364488671825881e-03
2.818107274691545802e-03
2.947114730742269022e-03
3.000605776843137066e-03
6.351861834529733825e-03
2.733165298631007583e-03
2.198437043977636337e-03
5.342488577233967494e-03
2.405986105269719739e-03
7.711312003568759552e-03
2.235880695457570858e-03
1.084209213340500255e-03
2.140525662085225947e-03
1.631814878850374514e-03
1.965296034315347495e-03
4.650690107997111113e-03
1.784093000995141953e-03
1.807598932248964110e-03
1.057623825049320903e-03
1.694734163735622324e-03
3.272402016069647559e-03
1.551146615124877025e-03
4.693067968444300866e-03
8.660167038246997448e-03
1.732528447742072257e-03
1.628264288317341499e-03
8.294864240445913930e-03
1.460264568124250949e-03
1.020858668503884549e-03
8.330708367397155921e-04
1.321622360982035223e-03
5.381321423214444066e-03
8.862629949107218505e-03
1.478991833737987966e-03
7.383125795393978043e-03
1.292437024280205897e-03
1.333518396460775133e-03
6.026853871882960128e-04
9.584315090855986949e-04
2.127006152895397160e-03
4.832136978487292932e-04
2.197725814955447075e-03
5.510817664775743453e-03
1.031015921815710713e-03
8.476871603205341551e-04
9.557372096025909406e-04
3.091656702732737370e-03
6.466017769110017979e-04
1.685689732688093771e-03
2.564294925980090296e-03
4.590278353202872051e-04
9.360945295968427790e-04
8.245935262369148136e-04
1.234972330639253369e-03
2.931023403932400597e-03
1.309439789111843059e-03
2.978006698408126093e-03
2.052279924361381878e-03
8.020433743218536833e-04
5.714240051314917581e-04
2.268775589229412009e-03
8.138882750061477616e-04
5.609251335642323607e-04
7.054450001406330217e-04
2.989109364192391299e-04
1.432356023303512846e-03
4.206130056027057649e-04
5.155050684460280117e-04
1.522072164526178020e-03
1.256801679433338032e-03
1.435014841612052700e-03
4.685229845059150759e-04
7.903495721772509780e-03
4.889361031317819052e-04
4.325543929064748581e-04
1.496317464382588202e-03
4.629480194906390018e-04
4.580408006010132176e-04
9.085185944554702861e-04
4.401743742619060166e-04
2.117309431648743603e-03
8.588449207891855593e-04
4.149205437925788833e-04
7.511297138174188133e-04
4.497041973639045054e-04
3.386389115014366044e-04
9.920144941500566409e-04
2.920821765185903124e-04
2.191834818679096446e-03
7.834703261909198475e-04
4.724212854234667580e-04
3.227845457925882129e-04
2.920827781701857188e-04
6.379922315957211026e-04
6.531195958797208351e-03
5.710580089593724623e-04
7.690746125643897237e-03
1.111664525868232044e-03
6.724399782179819006e-03
4.413043877201811038e-04
1.563722129564345826e-03
8.795198756303082175e-04
3.339398282590532070e-03
2.032699721690690940e-03
1.545887827410716568e-04
3.962439019118792812e-04
1.215827973499566792e-04
1.734607375788718492e-03
1.852949940467898656e-03
1.132177453426928652e-03
2.563687767556019868e-04
7.102715872725387080e-04
3.540105930805640777e-04
1.059082332623847663e-04
3.369339254778670658e-04
3.165085100195309071e-04
1.311853018949516087e-04
1.157940268083337962e-03
1.586551155711275968e-03
2.462429133955593066e-04
4.810010264460235917e-04
1.671358722848303524e-03
2.045333591645212296e-03
1.791275729326798766e-03
4.909989451467555201e-03
2.442927116317457304e-04
1.704528211486941263e-04
1.044416829233293627e-03
3.727412581643325343e-03
2.583788211178399802e-04
3.874160781714061619e-04
5.709929988797134105e-04
1.919560861485649966e-04
1.763051279742646436e-03
1.739944177577897207e-04
1.248060663337366644e-04
8.758994010958030254e-04
1.272876025508542261e-04
4.764242616619718523e-04
1.594206228614827945e-03
5.126409704561655937e-04
1.325647688805166552e-04
2.088644073163556771e-04
2.341216990458063515e-04
1.945492542215884930e-04
7.420192704780255140e-04
1.384725263727599499e-03
3.285508746568040596e-04
1.336349284955239440e-04
2.798357037403637602e-04
5.927365172573949683e-04
5.520110213298776809e-04
2.462802272686605222e-04
5.158557322060364301e-04
1.748048237620405650e-03
4.605270955021563417e-03
2.562656431188703194e-04
1.135491218029941081e-03
4.029562114784629922e-04
2.977581308295050165e-04
4.056810671453290858e-04
1.483417066319168477e-04
1.128720259884815214e-03
6.952905023783951697e-04
1.119316422156552528e-03
2.431818705264877293e-04
3.707517255428506055e-03
1.375381082803167057e-03
1.592982955473708781e-03
2.534364213395412773e-04
1.834056092298036325e-04
2.598169689856841789e-04
5.889358765308094811e-04
2.887636170671346804e-04
5.796290986358273870e-04
7.079975506177107461e-04
3.139127908488627012e-04
6.751317754599521492e-04
3.653622821438497767e-04
2.693208934574122513e-04
2.986364059441054433e-04
2.150906368509302021e-04
2.295543360496562438e-03
1.080829472586500696e-03
9.289146765504600542e-04
1.835816506266848148e-04
1.739489246452134187e-04
2.070614633765893633e-03
6.906738803408934372e-04
2.946600156781469600e-04
7.729204617324255885e-04
2.235011866624431794e-03
7.161759929787813329e-04
2.671757798144185807e-04
5.558941574117560753e-04
2.563356322139044964e-04
2.949248694076746398e-03
7.124986251072971911e-04
3.769639993305596605e-03
2.831985174013573487e-04
5.623163134052960605e-04
1.243383926111111713e-04
1.292628921655945449e-03
1.875715093219235954e-04
1.398957853737788299e-04
3.748743078073263693e-04
5.381144896309147160e-04
1.036748928165868045e-03
6.368953536549103222e-04
9.177293866055862438e-04
2.391492479042167912e-04
3.872308147437166837e-04
2.602882163098491140e-04
6.104579029893373102e-03
1.200223768780455573e-03
2.668636103380669748e-04
1.431277270888765471e-04
8.266971701809750417e-04
6.880127852388770665e-04
1.560395873788299431e-04
2.638429739721461246e-04
4.459348927869671744e-04
3.784825542689162180e-04
2.380251578876747484e-04
9.667751793766611341e-05
9.497710446264270899e-04
4.110190028433794059e-03
2.329935357106898352e-04
1.877398875280451808e-03
2.118406348167389645e-03
3.671395180115709714e-04
2.709038944573364496e-04
2.133677874182476897e-03
2.471072358390809481e-04
4.024543166205991570e-04
8.620236737061721857e-04
2.417998406769252429e-04
3.900351318092870655e-04
6.546101444015505269e-04
6.537479295483360773e-04
3.909985932232364590e-03
6.676933699162073852e-04
1.746871379197024901e-04
