9.224039594356029381e-01
9.116860046732951917e-01
1.804699567064743215e+00
1.362055294058646560e+00
9.105517698877041433e-01
5.900215101856542965e-01
3.747021462982354501e-01
2.370411092347620430e-01
1.526519360480100285e-01
1.018086482487227107e-01
7.079729961613707989e-02
5.147155190191281260e-02
3.927216831481607218e-02
3.146968438348336089e-02
2.632331419132155279e-02
2.273771484848309196e-02
2.006288686489380094e-02
1.439274845289075649e-02
1.624024814910177139e-02
1.449514831188568158e-02
1.331818462969455719e-02
1.204091270837495675e-02
1.103335022065855646e-02
9.914552405365817389e-03
8.608671737347514674e-03
8.135056467551294440e-03
2.720235767465067726e-03
6.483518202524827384e-03
5.718261471199666615e-03
2.991391453201438112e-03
4.767869044990839279e-03
7.400090185080857551e-03
3.786189860784492864e-03
2.875809959284597508e-03
3.570058917248515509e-03
2.220296016824872300e-03
1.235933485343889728e-02
1.617353179324036499e-03
1.516650478575669791e-03
1.027965534928372256e-03
7.241011728629939692e-03
8.073217461259706365e-03
6.311393934730304871e-04
1.017509168906633463e-03
2.670568742615242203e-03
6.598165640699946242e-04
1.483175007996121548e-03
1.064324299245268711e-03
5.343840695647913714e-04
5.903013886681681560e-03
6.820874074308150552e-04
6.819444926535824002e-04
4.918919902427347154e-03
5.897794921769140440e-04
6.057700662733397304e-04
8.276294608953672005e-04
1.357209004287491865e-03
6.352095678384782470e-04
3.123172258478950931e-03
1.010773854953888468e-03
5.336709586987580531e-04
6.554161926943032502e-04
1.375820509243628207e-03
5.915323533225147739e-04
4.213409046522485399e-04
1.078825762488967851e-03
7.298325744738719300e-04
4.276216875807900379e-03
4.015182999345481320e-04
9.176128005785039307e-04
1.012464594375357338e-03
3.472418417083228100e-04
9.755125973641476161e-04
1.040037921947647949e-03
1.271512010112157021e-03
2.719966633775364856e-04
4.739103612777883601e-04
1.235214652544141872e-03
9.214702414323504287e-04
1.176733351557550551e-03
2.131937844206804704e-03
2.657980255926876154e-04
9.023109121985708287e-04
3.351630499666962836e-04
2.886954267958444340e-04
1.902579991280697663e-03
3.665815013340188331e-04
6.625502473969724707e-03
3.607683377043838409e-03
1.850937488807369346e-03
5.071320587089286729e-03
3.407815046100231074e-03
5.300381914367340366e-03
2.158864472960360468e-03
1.791900719973802498e-03
3.576508281033435616e-03
1.124076784603448946e-03
3.404088440064930235e-03
6.786663978741364935e-04
6.066877056073521294e-04
2.361268565454245085e-04
7.537799643550474171e-04
2.644384100244564877e-03
7.564422295650113232e-03
9.582680927442011748e-04
1.960979233080953690e-03
8.158679765497238792e-03
7.333721639593427776e-04
3.789839841849651329e-04
6.947541673193956529e-04
8.792288676301244707e-03
1.070277203404640040e-03
3.124229033854210736e-03
7.853218144099998995e-04
6.791076773667276785e-04
4.103725881396679833e-04
5.379363594543061988e-04
5.178914078287441157e-04
8.440746282367476679e-04
6.353812141603028480e-04
9.269760971638727962e-03
6.842135167863700211e-04
7.306466430623212178e-04
5.479328485536752403e-04
7.398695361821896717e-04
1.886600414417813863e-03
2.410961096842801667e-03
7.748336332132471898e-04
7.159166225807084847e-04
9.707823484789917601e-04
6.863846950058205337e-04
7.165422517592071484e-04
7.564716162595549846e-04
9.218954852600721919e-04
7.419211343985714687e-04
2.649020395944011821e-04
7.854729068738040831e-04
1.676057872514055691e-03
4.317271840649965567e-03
8.306394336717243861e-04
7.275913718957039908e-04
1.552989091856969142e-03
1.652373989091923331e-03
4.077918241628045518e-03
7.990305019545289929e-04
1.130687453531890006e-03
8.107175568343704666e-04
2.245503282792088180e-03
1.475767061965507602e-03
7.654598578419511377e-04
2.927103063890645722e-03
7.474924848419591070e-04
8.494584403146602592e-04
3.110073005828575560e-03
7.713009219062063682e-04
6.157749995969891968e-04
7.195515268794178305e-04
3.565199427895416381e-03
2.061417108334273260e-03
5.189023567621681068e-04
2.117580223422974115e-03
6.875158158426297609e-04
1.311515479431895085e-03
7.788937594322447493e-04
1.371441708394334665e-03
1.486815736369654327e-03
5.215817751172644465e-04
1.248953692346711558e-03
1.125774850459989500e-03
6.723395649271617872e-04
1.161709825455200422e-03
1.481476348375720432e-03
8.192201082759366718e-04
3.495254951007083677e-04
3.716573277759028376e-03
1.492397170229781784e-03
2.417605566901210624e-03
2.948563227270306164e-04
1.492047451556773778e-03
5.791729232561276678e-04
6.876654179786766911e-04
6.194481277742213072e-04
8.949095697414335276e-03
1.848446172345231736e-03
3.651146113955213400e-03
7.311546050884561469e-04
9.620162537691011101e-04
6.681774057007414981e-04
2.510018936034229655e-04
6.989992786310744374e-04
2.570794300966949765e-04
6.958507476476067212e-04
8.173353641497715146e-04
6.257891587457048085e-04
2.703184897049970732e-03
7.585994468862086943e-04
2.298649233688926114e-03
5.942743011109861842e-04
1.287041449983812851e-03
7.469177089289333977e-04
1.038148799307295287e-03
5.801792606078912812e-04
6.070925693981090929e-03
5.714249430939406793e-04
5.646012327979278234e-04
1.859387225300425123e-03
6.518015501505219564e-04
2.494124305659804557e-04
4.146759313777478580e-04
5.021179384475311144e-04
8.123427841216045294e-04
7.237432695895858973e-04
6.431817545912817602e-04
4.963812728492372935e-04
5.588858828822172720e-04
9.429333420378038615e-04
9.774265706007265967e-04
4.899878165231395712e-04
3.059996675187741377e-03
3.533724483076554259e-03
2.905515201936961951e-03
3.962969382284347621e-03
4.749463327216110211e-04
2.578751984225519881e-03
4.076748248118735457e-04
1.475153981697669651e-03
6.307580653297520596e-04
7.595217676142438507e-04
3.223893520435278451e-03
7.828741118793324308e-03
4.551774725094290134e-04
3.942801777892762476e-04
3.230160796441073614e-04
2.490898028758942130e-04
4.910609516603779744e-04
1.845087975934022210e-03
3.397403790059876257e-03
4.021562858825854844e-04
4.176620986338483899e-04
1.029066069943359620e-03
4.009322495243046501e-04
3.379772865888255266e-03
4.816128004421800089e-04
4.956654652890573427e-04
7.011701636391975533e-04
3.063433358582343460e-03
5.676509150736814245e-03
7.245706487469908167e-04
5.543006756703219677e-04
4.117018849020657881e-04
2.850152006702428003e-04
1.113308584648751640e-03
1.019976595147327383e-03
7.117618781347230224e-04
9.485531612113966456e-04
1.650040869119749013e-03
7.823255939588921086e-04
4.014304312761148366e-03
2.346287986524883771e-03
1.845896331533476969e-03
5.264695085110021253e-03
3.549229581801456612e-04
5.725432353140776955e-04
8.660972741276517020e-04
7.459146698096381749e-04
2.801726535592179482e-04
5.037654917631819189e-04
3.233842579377232290e-04
1.074650139331029481e-03
2.498471579172079592e-03
5.523790383229460095e-03
4.262965056569548920e-04
5.096040297242883333e-04
1.382658246778529620e-03
1.685748110995261310e-03
3.238633868694428116e-04
4.503137828181792398e-04
5.639635228881738479e-04
1.029790355689456450e-03
8.597872801344938216e-04
1.820483734867493427e-04
9.426328110564191794e-04
5.402820627859331384e-03
4.401580592846648064e-04
1.702658974731426989e-03
4.896417561492307641e-04
2.795922599999337487e-04
2.292417742563026412e-03
3.980191203774595182e-04
4.759286612648867343e-04
5.539579622356234244e-04
5.990877861118569167e-04
5.818777142891346345e-04
4.164355636498197366e-04
4.322008590382163634e-04
2.217294530339121873e-03
1.010274218794656896e-03
1.135596648080568379e-03
3.849032393895242873e-04
1.106875268886989066e-03
