9.612611190926785287e-01
9.722654670765014107e-01
3.572915501062336574e+00
3.491722635304566058e+00
3.399173176908928173e+00
3.297365591636348459e+00
3.153340022265447740e+00
2.998020424973475873e+00
2.853523232720908798e+00
2.730892794188458872e+00
2.596453355631088922e+00
2.519627029778815697e+00
2.433493615248866870e+00
2.354171666667984386e+00
2.285744042608573778e+00
2.250823358168416277e+00
2.165791567622679992e+00
2.116868660969632998e+00
2.065144603587120375e+00
2.026618020944490173e+00
1.984272706963635224e+00
1.949148953653216720e+00
1.917459192978994365e+00
1.877673340072303576e+00
1.853399070199215348e+00
1.826889868607496581e+00
1.798310331400202688e+00
1.790443767870701475e+00
1.748808964036471236e+00
1.733434425848319860e+00
1.704758025202869565e+00
1.679368233161927959e+00
1.660922166089583873e+00
1.640079769163193646e+00
1.649615893829220026e+00
1.601267748726221685e+00
1.600312372332228783e+00
1.565750603175189992e+00
1.537909757523541643e+00
1.533321349008881951e+00
1.510351588537949041e+00
1.501856493882675281e+00
1.486012482366507292e+00
1.469313187537761856e+00
1.462634032003244933e+00
1.443755709646022289e+00
1.428761562050870459e+00
1.440856714305287944e+00
1.402101066415859298e+00
1.400262883986943985e+00
1.377149830255661955e+00
1.367425341170815489e+00
1.351878723914979874e+00
1.343227459670465418e+00
1.329755933191454798e+00
1.321016522888657674e+00
1.306928312341327558e+00
1.299405834510152014e+00
1.287150189128354105e+00
1.297247667708669727e+00
1.266973119459537500e+00
1.254354747161520400e+00
1.244731952905256067e+00
1.238620783698639150e+00
1.223689978754197938e+00
1.217933046835760758e+00
1.210976269757392698e+00
1.185040553908954131e+00
1.193794805104449575e+00
1.191860100814061907e+00
1.177915398930736268e+00
1.166411149302271966e+00
1.161170046052391713e+00
1.149768093490165510e+00
1.144705926934061369e+00
1.129469102944854031e+00
1.126745083506345946e+00
1.122361858999836759e+00
1.101081129031074024e+00
1.107028844094061881e+00
1.102360544013803567e+00
1.092342286124848183e+00
1.088333161152740702e+00
1.079810627029257342e+00
1.075110387456466476e+00
1.064710165857754465e+00
1.061623108866902143e+00
1.052675841191486050e+00
1.049310217391114852e+00
1.040899733087189860e+00
1.037420534733945132e+00
1.026890700720801464e+00
1.019370987742933332e+00
1.019374509789601424e+00
1.013245511586122305e+00
1.003815260419728794e+00
1.000064294378562479e+00
9.961966172653113905e-01
9.783059011663215454e-01
9.861263070968663280e-01
9.892351588056823575e-01
9.747354855817945696e-01
9.833326101754008564e-01
9.659581037795814673e-01
9.623620758788037355e-01
9.564349289125108067e-01
9.535974836471335925e-01
9.467078216404474222e-01
9.425741634641888744e-01
9.283508502377482152e-01
9.353429865731357484e-01
9.298402526170006510e-01
9.217930033567010017e-01
9.199132781834367112e-01
9.182288211354995289e-01
9.144481077826647208e-01
9.089946028088055074e-01
9.108526816756701283e-01
9.020230996520880451e-01
8.903468769858001730e-01
8.945041221804207465e-01
8.792451802301450847e-01
8.862223122025533195e-01
9.045516958695645204e-01
8.796939810014856587e-01
8.773333884134326688e-01
8.702218726696169249e-01
8.692682215710982874e-01
8.666371059836817103e-01
8.641874119364312268e-01
8.607551425610406870e-01
8.537006663016117880e-01
8.554665119918974936e-01
8.500635087752529406e-01
8.434155797275547650e-01
8.445541829957349256e-01
8.402262390903468825e-01
8.385922371893169691e-01
8.351569641843248348e-01
8.343375235927154021e-01
8.291645423699384176e-01
8.318888992343697053e-01
8.272363003938252302e-01
8.237670442348652422e-01
8.191317758602846277e-01
8.155308661423215089e-01
8.125435217337629856e-01
8.101047129635001731e-01
8.068621273731220178e-01
8.058803742345634902e-01
8.048729168079851171e-01
8.011077839968007153e-01
7.944733752637729296e-01
7.952315325316391403e-01
7.929856994797264136e-01
7.844189434717218079e-01
7.857078778756589887e-01
7.796459424250605785e-01
7.837798087542988679e-01
7.809215427584043079e-01
7.800821002930390380e-01
7.825491081930483483e-01
7.755132677095011307e-01
7.691516989587627862e-01
7.714788009155617576e-01
7.699412315195072187e-01
7.660095679537480828e-01
7.630650973193628950e-01
7.615742957147241254e-01
7.607200437024098649e-01
7.579857896203399115e-01
7.553337491471415754e-01
7.558743701873599230e-01
7.514611511398190391e-01
7.501787605666410119e-01
7.460383720533934060e-01
7.456632794445032797e-01
7.528427306787741635e-01
7.450558241207497767e-01
7.402913630159588809e-01
7.372592475695012304e-01
7.351205494535575369e-01
7.343653859653309635e-01
7.326201318152099073e-01
7.338110087838313200e-01
7.279254320967348812e-01
7.267374548920203514e-01
7.266144898528785756e-01
7.233841320478333614e-01
7.224422574251436746e-01
7.199835962880055673e-01
7.315983051130909853e-01
7.139729268603391965e-01
7.178122110319344884e-01
7.131938265253829901e-01
7.140299497550253172e-01
7.102914606988611768e-01
7.084998418785937169e-01
7.066264505796907569e-01
7.059646216920800743e-01
7.028287893708329293e-01
7.026776914302892418e-01
6.997318094767032148e-01
6.965010738485449826e-01
6.974821714884203994e-01
6.884999001303194754e-01
6.911267221817362083e-01
6.912981691004651541e-01
6.885620281376346741e-01
6.894501733768126917e-01
6.878625026573461643e-01
6.873999930287650884e-01
6.737251912497649320e-01
6.841933727776827734e-01
6.836986667697583231e-01
6.808876421790405198e-01
6.793557723864247500e-01
6.796723889372581207e-01
6.768248621192818337e-01
6.746217274992731827e-01
6.735602516393852657e-01
6.740480510234498901e-01
6.697530825998437853e-01
6.668654694668673111e-01
6.694352905741507431e-01
6.654538657881198249e-01
6.661333768684517542e-01
6.613660727195042055e-01
6.635918017409153657e-01
6.630119707942027096e-01
6.627484758092641037e-01
6.582477518991032284e-01
6.585558016781606350e-01
6.570974212084165211e-01
6.564925838781336953e-01
6.584013043544715282e-01
6.490000893113645475e-01
6.507940888009561275e-01
6.561548056737107615e-01
6.514218217679813572e-01
6.506608349023058624e-01
6.488274300812746365e-01
6.466537264602445489e-01
6.422290928906119190e-01
6.537046398689073667e-01
6.446656737287467243e-01
6.425095604798704008e-01
6.415186241242444298e-01
6.380682224802517455e-01
6.415502810211239915e-01
6.378805629833693702e-01
6.373418192260994486e-01
6.343744321529568575e-01
6.462750170883265755e-01
6.330283182942566533e-01
6.270828635992650169e-01
6.321170922229288891e-01
6.181847151250005057e-01
6.289644592834605641e-01
6.287523961322812882e-01
6.263000124088310416e-01
6.309074666304277379e-01
6.262251228078894449e-01
6.228673643670455951e-01
6.238765972970091722e-01
6.221509876885467083e-01
6.206669708028426102e-01
6.195117812780492894e-01
6.192166901892577346e-01
6.190926443055025929e-01
6.163912713778191277e-01
6.134913395975692962e-01
6.142863235491878848e-01
6.147745158902336859e-01
6.124379663970972443e-01
6.099533470194367091e-01
6.121188027135966436e-01
6.100421830149459490e-01
6.088124522312823306e-01
6.093161568251964644e-01
6.069860371777228147e-01
6.051615062262745148e-01
6.011237114281486882e-01
6.050881495569517821e-01
6.027084113765303064e-01
6.020584889271474172e-01
6.019641778588181724e-01
6.018121736938305544e-01
6.014287326206388951e-01
5.995480276678387677e-01
5.997977115888249999e-01
6.000651288477427681e-01
5.965709949369658593e-01
5.939514051819110296e-01
5.967085457499999857e-01
6.028284684437683616e-01
5.940992138080903873e-01
5.921484961397310842e-01
5.891823116558220219e-01
5.928490292418772123e-01
