1.031338452432570829e+00
4.890016090622669731e-01
1.507873809724231906e+00
2.203822878757236037e+00
2.436230752708655523e+00
2.499070959315417007e+00
2.502956707208810361e+00
2.494286411393077163e+00
2.485040192774659928e+00
2.478055722170947384e+00
2.474139261044804083e+00
2.473165688562450892e+00
2.474465825063048907e+00
2.477189975509332953e+00
2.480565805705279736e+00
2.484026882168897998e+00
2.487228459077665210e+00
2.489987222509133069e+00
2.490975936695445814e+00
2.493502645396663553e+00
2.494088415798800806e+00
2.495084192318056893e+00
2.493942015983698468e+00
2.493592239602105298e+00
2.492226625288178177e+00
2.492781285038797368e+00
2.488336736985196751e+00
2.489229486021983462e+00
2.489594764126252358e+00
2.485929673692247821e+00
2.486124269652307817e+00
2.479825398369180700e+00
2.481744597396433161e+00
2.482172398914040734e+00
2.476827422882611263e+00
2.477200527443366607e+00
2.476050160956599022e+00
2.472163753146502607e+00
2.472644233556233306e+00
2.466618660462286172e+00
2.466947441496995186e+00
2.461322827895804810e+00
2.460489559609706056e+00
2.461059770761297116e+00
2.452343921306848529e+00
2.452767600263816128e+00
2.453307227031758408e+00
2.444420563740014707e+00
2.445164607849226623e+00
2.445683965948859839e+00
2.436487613677913000e+00
2.437469535505643936e+00
2.438554202722083453e+00
2.427928156621055322e+00
2.428701362693322707e+00
2.436743096038199052e+00
2.419680844784494855e+00
2.420480146826419432e+00
2.417580956346714327e+00
2.407556382545294582e+00
2.408585967826284868e+00
2.409156935701734170e+00
2.395933180665607232e+00
2.397325527473175288e+00
2.400319054354194570e+00
2.391094329139997754e+00
2.388813947161798179e+00
2.382410541708869900e+00
2.382664463567322866e+00
2.375429758755140508e+00
2.377048093774681625e+00
2.368175236377131121e+00
2.368784168390099865e+00
2.363718484549798049e+00
2.352105478854476406e+00
2.353287354959341826e+00
2.353949721840046916e+00
2.343959243393335168e+00
2.343100719460645909e+00
2.340778843068739956e+00
2.334257317578673607e+00
2.334957456555850186e+00
2.324680857549656476e+00
2.326150103535571834e+00
2.340795660285794444e+00
2.320755110689876943e+00
2.314835047108531718e+00
2.307996166081055289e+00
2.308402188026903890e+00
2.298264053237624172e+00
2.298886314416642040e+00
2.296487497077720707e+00
2.288209899926961999e+00
2.288351153508357605e+00
2.292037957820184602e+00
2.281434068695279205e+00
2.275256884054046580e+00
2.272513301065684388e+00
2.273050246494028759e+00
2.266589501807407814e+00
2.258349007621491378e+00
2.258474650700400765e+00
2.258891679374716244e+00
2.253055154054163900e+00
2.248838681079582180e+00
2.245855481277704513e+00
2.241710110317741922e+00
2.236844949718857833e+00
2.237457510909027558e+00
2.228214413973982122e+00
2.228944589576572710e+00
2.223496619284455189e+00
2.220167362613186590e+00
2.216100465545062015e+00
2.216461322770374220e+00
2.208040092894151041e+00
2.208288401547926494e+00
2.203160115569948729e+00
2.197517817555919795e+00
2.197301624047382607e+00
2.193732788612502649e+00
2.192600726466217953e+00
2.185667946494780800e+00
2.186453018784272118e+00
2.180510899642091882e+00
2.171418400363705814e+00
2.171425640480366237e+00
2.170606796156510754e+00
2.165071260138150322e+00
2.165419358045271636e+00
2.157550155835529893e+00
2.153589953130953472e+00
2.152897871101047578e+00
2.146136207675559682e+00
2.145741281640830334e+00
2.144092932787938555e+00
2.141905831848724517e+00
2.132676161143705063e+00
2.133116050292449550e+00
2.130677473319101178e+00
2.126116322880636567e+00
2.121454241483905712e+00
2.120925733153649961e+00
2.118522096753571393e+00
2.116781739642788818e+00
2.110362982970194423e+00
2.106179438519647285e+00
2.106297638630895364e+00
2.099138673371015340e+00
2.102085491903789904e+00
2.092653634283918596e+00
2.091225026052402569e+00
2.087039901676895237e+00
2.082617459738663968e+00
2.087790823492045700e+00
2.078523902644411780e+00
2.076766759351764691e+00
2.071940237050438505e+00
2.072705184626683739e+00
2.064131918150571288e+00
2.065814751475603117e+00
2.061541713651236840e+00
2.055900486686625950e+00
2.054135179220117458e+00
2.052088670757176381e+00
2.046550660994440829e+00
2.046336689520579455e+00
2.042638766080902446e+00
2.041075540575616021e+00
2.034886464472913215e+00
2.034765728164537713e+00
2.031349640305149418e+00
2.025662091187194758e+00
2.025389665875790168e+00
2.022991083911858556e+00
2.020480735423205498e+00
2.015239743102014813e+00
2.012327721477565223e+00
2.011660704965621882e+00
2.005493433556101657e+00
2.005151520103261920e+00
2.003816682914621339e+00
2.001826449860375945e+00
1.999113196309313389e+00
1.995813090838811199e+00
1.992890206757595761e+00
1.992000770874175153e+00
1.985987254420390924e+00
1.986054605036758236e+00
1.983857534373893561e+00
1.979198463690419851e+00
1.977110672177777584e+00
1.976099360913924130e+00
1.967248080263586107e+00
1.966824947638168064e+00
1.964361693959066679e+00
1.963820565627502956e+00
1.960976159155107368e+00
1.957802124297968627e+00
1.951124134748268846e+00
1.953095386666530819e+00
1.951336107709848555e+00
1.950861387169719130e+00
1.944159138014126098e+00
1.943039458531309105e+00
1.941217418363008429e+00
1.941290713046674332e+00
1.937458715821135824e+00
1.935892332100074498e+00
1.931780579930375774e+00
1.928721292829826295e+00
1.928312429018831153e+00
1.924206111431919330e+00
1.922627001874424701e+00
1.918227431754846446e+00
1.917862788536938590e+00
1.914303310360712995e+00
1.914296329250437356e+00
1.910540688271766596e+00
1.907205117875213185e+00
1.903220106705608705e+00
1.903672079226720104e+00
1.901210476990033316e+00
1.901197864703806584e+00
1.892616351696795984e+00
1.891908584079186273e+00
1.890589690340588325e+00
1.889042181734359227e+00
1.888557146126510045e+00
1.885598671981380647e+00
1.882373163297251351e+00
1.879039081200027939e+00
1.878963794624048722e+00
1.873238625316866246e+00
1.872763813231929753e+00
1.872750324273473321e+00
1.868090374169837364e+00
1.868171059462160111e+00
1.868073775094852618e+00
1.862502170732048601e+00
1.862849566543002267e+00
1.856261596625490951e+00
1.856523284654582495e+00
1.855905430452783111e+00
1.854575013380123760e+00
1.849349063647889757e+00
1.848144316760007122e+00
1.847941845217919266e+00
1.844645671452822988e+00
1.844500475469031064e+00
1.839231293761562691e+00
1.838557999038469282e+00
1.836695632442985060e+00
1.834058227909077354e+00
1.832065503783727900e+00
1.831261951254202325e+00
1.830031936755633470e+00
1.826679750066469099e+00
1.825204447758047355e+00
1.823980618687890187e+00
1.820081644397566256e+00
1.817506994992590830e+00
1.817514060226786077e+00
1.814401944939508571e+00
1.814528936381747837e+00
1.809985366166576126e+00
1.809909702459814085e+00
1.807776166197410328e+00
1.804330907737130119e+00
1.803010165448480251e+00
1.802516195617026584e+00
1.800661259282415383e+00
1.800160705241605763e+00
1.796751701483467745e+00
1.795563027147234925e+00
1.792571867371854033e+00
1.789938750762675612e+00
1.789005227759119743e+00
1.785051945248047112e+00
1.783601187293264001e+00
1.783524971094207379e+00
1.780954383745073422e+00
1.780959914829363999e+00
1.779695375077806396e+00
1.779022321663883854e+00
1.773137132418281858e+00
1.773239129829812244e+00
1.771500970197398717e+00
1.771887645573017256e+00
1.766865213940616020e+00
1.764924471034673426e+00
1.764794100621470907e+00
1.762512776504074896e+00
1.762237962268222047e+00
1.759685629644866856e+00
1.757608322003166412e+00
1.754162714278134416e+00
1.754133194487187408e+00
1.752488435830083846e+00
1.752220335705930276e+00
