9.677509202039339398e-01
6.021146782349217075e-01
5.896448599234881405e-01
7.143342090581328296e-01
7.257656812761529297e-01
7.442130714454506801e-01
7.489032134661506301e-01
7.453985277224263184e-01
7.450214043066855085e-01
7.625226114533575350e-01
7.430326079207881795e-01
7.360802165808870701e-01
7.396028412519606299e-01
7.396612830814421891e-01
7.286037572093864156e-01
7.353268156167255265e-01
7.353991759821701946e-01
7.303620108698969382e-01
7.300352230072172377e-01
7.306003660547453205e-01
7.245786448760639376e-01
7.253342612921076515e-01
7.236417279693212468e-01
7.159513932187101526e-01
7.169161650686524112e-01
7.164820470326463964e-01
7.134804485650820816e-01
7.125399411700725771e-01
7.082066934794720714e-01
7.074034087550753469e-01
6.965656566774084402e-01
7.057874426212628061e-01
7.004625269789139796e-01
6.986448024565971027e-01
6.996170823065228639e-01
6.940454081247623419e-01
6.923984221697527808e-01
6.921312693720854670e-01
6.858588449705955714e-01
6.806703120468254875e-01
6.923564272898934391e-01
6.779367668912857914e-01
6.838889441006696934e-01
6.695934544250017328e-01
6.736878712786165124e-01
6.735098250714987023e-01
6.600634608455072661e-01
6.660858522378171331e-01
6.665826553138449739e-01
6.517878831351450186e-01
6.622931453227719478e-01
6.615618412439392415e-01
6.559227873622900384e-01
6.618863574445671416e-01
6.517669634302978299e-01
6.521483316208241954e-01
6.510294123191623372e-01
6.442715398357056200e-01
6.482145713595398595e-01
6.471204559159254854e-01
6.461756161456417846e-01
6.405493252260824333e-01
6.406236288234689047e-01
6.391256330276789965e-01
6.380198284728648694e-01
6.345795208879755345e-01
6.306311041098158210e-01
6.326074364355865898e-01
6.243581304455952941e-01
6.286437988274669042e-01
6.285616898384415174e-01
6.203668710864311819e-01
6.249530348584003692e-01
6.217483111802667439e-01
6.223849091249433751e-01
6.220225214472586694e-01
6.189406833360273641e-01
6.184682146133512193e-01
6.174449501436345411e-01
6.149433073000237782e-01
6.132367213800444805e-01
6.160452846283377415e-01
6.207810622395761868e-01
6.028789543290052899e-01
6.142175345539164777e-01
6.086168820162881632e-01
6.098191879231104062e-01
6.091915974542847501e-01
6.053487902876081295e-01
6.056803851007482864e-01
6.068071112606187034e-01
6.054535394511232349e-01
5.991789962205226194e-01
6.019780550746388625e-01
6.018841160663502832e-01
5.959201957166683217e-01
6.018348327198356218e-01
6.018656568267082285e-01
5.971216544208417520e-01
5.985825313339382392e-01
5.977250459082877887e-01
5.934229491979851057e-01
5.982126844974238189e-01
5.992896917315588823e-01
5.981106173023799100e-01
5.955653904292443901e-01
6.012612859817292321e-01
5.975613289685807183e-01
5.972785382018620526e-01
5.941269316256984068e-01
5.950856986396660941e-01
5.936915578205185229e-01
5.944123944220207623e-01
5.959470680819434207e-01
5.908745554988990012e-01
5.945464080728947165e-01
5.942247899094424968e-01
5.960999831037987473e-01
5.938696492624411238e-01
5.900168616478175254e-01
5.922324113998279627e-01
5.910706986253242423e-01
5.954066553806653950e-01
5.917631079554586115e-01
5.931697612415064436e-01
5.937614161307689375e-01
5.939553075730668041e-01
5.931267037654984753e-01
5.962747843900837452e-01
5.941247500409304605e-01
5.922575992214562657e-01
5.897867307425805894e-01
5.924355165763061093e-01
5.939952932550449649e-01
5.925511340343712074e-01
5.927025901202990221e-01
5.923986362418259821e-01
5.953756358035159346e-01
5.972301914985540527e-01
6.005700797203337160e-01
5.946870139560147539e-01
5.795163242598375675e-01
5.915982656900941050e-01
5.937513593355305819e-01
5.946384057792051259e-01
5.957113662116304553e-01
5.964532981030677972e-01
5.966297829199908032e-01
5.933829253060057818e-01
5.962801889066479122e-01
5.958648031942052059e-01
5.945130650620292778e-01
5.975421152352956566e-01
5.948572594718628537e-01
5.964050410993888551e-01
5.976009056938016428e-01
5.949789398948476249e-01
5.961686992360478721e-01
5.978118520801002367e-01
6.038876980353892199e-01
5.975526525515817422e-01
5.915594544384350506e-01
5.983415192523953152e-01
5.993928436737623322e-01
5.985242580201367568e-01
5.997039922418077040e-01
5.969356219295646193e-01
6.031815720232966971e-01
6.008254122345030313e-01
5.996412596696124586e-01
6.004539149473122617e-01
6.009924678086859817e-01
6.019941832414333893e-01
6.024006806297360628e-01
5.990086185273364450e-01
6.017632079494658059e-01
6.020866806737144028e-01
6.055512096901325414e-01
6.033154745981144096e-01
5.990853519263928950e-01
6.034770165997972446e-01
6.051224595700388509e-01
6.037417020793768296e-01
6.046363430032216657e-01
6.012724428071013483e-01
6.049163663212869801e-01
6.047980280101294959e-01
6.054757628170237549e-01
6.073910994306876976e-01
6.061755267091760713e-01
6.081094830553593900e-01
6.063466564474968568e-01
6.058939699638105081e-01
6.070863947716903519e-01
6.080607815669097915e-01
6.089384321881710083e-01
6.093628894521517791e-01
6.081324638052717502e-01
6.092992047552175938e-01
6.103811905127353166e-01
6.095488793341934386e-01
6.109948951773532810e-01
6.112350668378527807e-01
6.092141925776913824e-01
6.120549218687153514e-01
6.137169278529257532e-01
6.118671365691521480e-01
6.113898166121719546e-01
6.132002655955147707e-01
6.135368374948985126e-01
6.139154973640982282e-01
6.153105583829859837e-01
6.133065789435567794e-01
6.152633646590205396e-01
6.186787523156114244e-01
6.148140461347207930e-01
6.167041011764047287e-01
6.165696573661649804e-01
6.175361733984959800e-01
6.159732347718739343e-01
6.160326799970657907e-01
6.212919806283493385e-01
6.192941124200138647e-01
6.198425219978028755e-01
6.172646417561736820e-01
6.186049599987382130e-01
6.263906626020280255e-01
6.174432465267506442e-01
6.209427240305519513e-01
6.200645368027057902e-01
6.189258884250636861e-01
6.211116640919083220e-01
6.207002561344482361e-01
6.216801421136710637e-01
6.214261858312276621e-01
6.218704134123382854e-01
6.223662966306366950e-01
6.209483104378172857e-01
6.210916162720243605e-01
6.233685872299147279e-01
6.265597708745700434e-01
6.225613669840651676e-01
6.241562952636269257e-01
6.239781138822321216e-01
6.254505005588913980e-01
6.270040437826766011e-01
6.240773851460145183e-01
6.253282913505509022e-01
6.267076912628242180e-01
6.285725509171308234e-01
6.255890875544887209e-01
6.278965357136701009e-01
6.298958125365005101e-01
6.261719943822106060e-01
6.269844221578849686e-01
6.249777265733494902e-01
6.278448759117872813e-01
6.280027114049765435e-01
6.289985026557098902e-01
6.274618306803163570e-01
6.295105748582183747e-01
6.280876882243610071e-01
6.295565190984558912e-01
6.300531019797281918e-01
6.275850761967902702e-01
6.292616552269016950e-01
6.300855984368334273e-01
6.306408682793234188e-01
6.297792182966144292e-01
6.309569201723136400e-01
6.347839708190453623e-01
6.311392627823396717e-01
6.324914285113321100e-01
6.318232194575806870e-01
6.308780230125315969e-01
6.301697462544848527e-01
6.314915659302909878e-01
6.336600688153800620e-01
6.340474483756657342e-01
6.325077904029443587e-01
6.338818168653596041e-01
6.347969829156290267e-01
6.321900226514171051e-01
6.313589173123353993e-01
6.340400138314964407e-01
6.311784160464353199e-01
6.326773999098561641e-01
6.331781613860237856e-01
6.357024662829865447e-01
6.350084456604497829e-01
6.314181774841419736e-01
6.349357160966726532e-01
6.361161514667956762e-01
6.343330638412145728e-01
6.336702218158279942e-01
6.355285902764133965e-01
6.351941544779922122e-01
6.366744596788984634e-01
6.351964804633782880e-01
6.369476160436010614e-01
