1.189014732819175801e+00
2.014686295329881638e+00
2.352186602320090358e+00
3.213026194640943078e+00
3.046783339342568286e+00
2.998245713654005051e+00
3.193769811137832537e+00
3.270989702708555491e+00
3.184059957552477726e+00
2.922733048332495365e+00
2.591199027638776187e+00
2.278414102309984202e+00
1.999548274693138783e+00
1.796395586877560735e+00
1.700662558036343919e+00
1.693029738073323465e+00
1.749291389281210529e+00
1.835670546886699395e+00
1.931858164424307578e+00
2.035447739028245273e+00
2.135932123488959444e+00
2.233394941392942368e+00
2.329282328944898950e+00
2.420951950515161322e+00
2.513695598523792096e+00
2.613321739972048530e+00
2.726915039397825868e+00
2.864818195321258809e+00
3.020299555423394899e+00
3.205047302755406946e+00
3.404798191968560150e+00
3.621606409876285237e+00
3.840798460422267357e+00
4.068209102049464398e+00
4.286997777281328581e+00
4.504932697144286458e+00
4.713521173594362956e+00
4.921756490228054837e+00
5.116638456171648919e+00
5.310644302545488138e+00
5.493032078806295182e+00
5.676085250286233119e+00
5.856217294939530582e+00
6.029497716035043808e+00
6.201400218356259764e+00
6.373053154245699403e+00
6.543181126197398001e+00
6.712438626559694477e+00
6.882901864564865413e+00
7.046766899137142381e+00
7.210340183388850299e+00
7.373774040158222576e+00
7.542299857277980024e+00
7.703142584926403025e+00
7.861131222202077495e+00
8.028468912666221868e+00
8.196504884700898330e+00
8.362925007370130004e+00
8.540437840993064356e+00
8.720028874547960385e+00
8.908894964853534049e+00
9.107523162389599136e+00
9.310445372375637518e+00
9.524486312631154306e+00
9.740618094263808757e+00
9.966077291726474385e+00
1.019741768630971457e+01
1.043764134197409810e+01
1.068065447121343503e+01
1.092635628087093203e+01
1.117160999174279112e+01
1.142620774940104056e+01
1.167290812322263704e+01
1.193159242877309367e+01
1.218668887287867619e+01
1.243961690402254661e+01
1.268935240247727769e+01
1.293812390360485054e+01
1.318610610447408327e+01
1.342726356505457197e+01
1.366859889837794917e+01
1.390472265702576671e+01
1.413742184849549588e+01
1.436697894590813007e+01
1.459127668475445105e+01
1.481537557885418721e+01
1.502612228461686250e+01
1.523962448523489144e+01
1.544655138187317789e+01
1.565094906050259382e+01
1.584842570628383918e+01
1.604294979806466159e+01
1.623202978200614055e+01
1.642148594802394612e+01
1.661096638676600179e+01
1.679130512520778140e+01
1.697162092549389811e+01
1.714851781101258865e+01
1.732389267287390666e+01
1.749613960711042537e+01
1.767337814123619211e+01
1.784243225993613891e+01
1.800877483599455786e+01
1.817603800733640540e+01
1.834190934413713236e+01
1.850830869548349966e+01
1.866844293936945220e+01
1.882954724993735240e+01
1.898909920701194665e+01
1.914483727475753838e+01
1.930287063331541830e+01
1.945423421603154068e+01
1.960700203219130344e+01
1.975794853257134776e+01
1.990684580514992419e+01
2.005351074509153264e+01
2.019978462976949274e+01
2.034265331115886610e+01
2.047490240798062899e+01
2.061835602407200341e+01
2.075092714626945423e+01
2.088286999838945945e+01
2.101460082980291588e+01
2.114219637405168584e+01
2.126695008355227401e+01
2.138624987802222321e+01
2.150635036820371582e+01
2.162172886609781841e+01
2.173547339744354900e+01
2.184461155218993511e+01
2.194964391393918035e+01
2.205422081129115952e+01
2.214948175745011483e+01
2.224691953335582184e+01
2.233768809583613546e+01
2.242287193681964652e+01
2.251181248525067957e+01
2.258510036259675502e+01
2.266096091900908149e+01
2.273291857899620183e+01
2.279829491280236198e+01
2.286362560491601315e+01
2.291985553114372109e+01
2.297281210921376271e+01
2.302342438103569577e+01
2.306942462317547893e+01
2.311295157876192974e+01
2.315208245467067627e+01
2.318511761161284923e+01
2.320557567203420746e+01
2.322958429076021147e+01
2.325067809443836708e+01
2.327255244279956159e+01
2.328429373362321542e+01
2.329569490607942583e+01
2.329784409069088369e+01
2.330283839312644290e+01
2.330591713368536233e+01
2.330757758633894738e+01
2.329931151964733971e+01
2.330132779908634078e+01
2.329367179565115009e+01
2.328417313997746518e+01
2.328090481427662084e+01
2.326179046264352479e+01
2.326027810916773930e+01
2.324841799266893361e+01
2.324331850481845407e+01
2.322752736931536433e+01
2.321724040338432360e+01
2.320763688581146411e+01
2.319538614425252732e+01
2.317854275364141969e+01
2.317235431126768930e+01
2.316068002897296552e+01
2.314682863623725240e+01
2.314227295114146798e+01
2.313093708877287824e+01
2.311927128360459704e+01
2.311011117598083686e+01
2.310118632522022963e+01
2.309182998368880746e+01
2.308442957806899543e+01
2.307619568426846968e+01
2.306381623841934925e+01
2.305945184529848646e+01
2.304770103014817551e+01
2.303503218872983638e+01
2.303236137738637268e+01
2.302195843262033392e+01
2.301182254445705766e+01
2.300126303242574721e+01
2.299082462892010170e+01
2.298323014329519509e+01
2.297549083587290752e+01
2.296613314491197499e+01
2.295125198126688559e+01
2.294336737022570105e+01
2.293244591913152419e+01
2.292549239859181753e+01
2.291461667432493243e+01
2.290496191179088825e+01
2.290019910505231948e+01
2.289432351673659838e+01
2.289403650088780751e+01
2.289324766358608798e+01
2.289393201506898734e+01
2.289121547295119896e+01
2.289463506490781697e+01
2.289227932024537537e+01
2.289828531594927341e+01
2.290075900646193929e+01
2.290517093125582093e+01
2.291068115859912879e+01
2.291612448752654174e+01
2.292629498654184417e+01
2.293202147035486504e+01
2.294173673332812413e+01
2.295052527677847465e+01
2.296408670915471006e+01
2.297268918864214626e+01
2.299120905766381284e+01
2.301589748282135872e+01
2.302454241247339795e+01
2.304803380384798217e+01
2.307378932994520326e+01
2.309899458698372854e+01
2.311921026079872377e+01
2.314449239387494828e+01
2.317569891286531814e+01
2.320537957670162399e+01
2.323568445505319957e+01
2.326532903727306234e+01
2.329687506329986846e+01
2.332653454747245547e+01
2.336214540448743904e+01
2.339489855583879319e+01
2.342402985644937985e+01
2.345969113511168658e+01
2.349648840954272444e+01
2.352873637746489521e+01
2.356168952569029429e+01
2.359443049701821593e+01
2.363014286541526232e+01
2.366329792037692314e+01
2.369882217759096221e+01
2.373172376317429055e+01
2.376769360364204076e+01
2.380351471473754188e+01
2.383832083653684464e+01
2.387340982921527299e+01
2.390505985784155030e+01
2.393993320498129407e+01
2.398067089953803332e+01
2.401241922365246495e+01
2.404335263735515227e+01
2.408560238351328664e+01
2.411976110497296233e+01
2.415751990731783749e+01
2.419458163820032226e+01
2.422712614734614434e+01
2.426365655187855808e+01
2.430305063803839616e+01
2.433816562350517998e+01
2.437516045492659345e+01
2.441013697786878822e+01
2.444299241239145815e+01
2.448258296130865119e+01
2.452171698050880266e+01
2.455591982812817520e+01
2.458832160113663790e+01
2.462635985260048699e+01
2.466235141400277797e+01
2.469651329616660007e+01
2.472993549987564776e+01
2.476489758898059179e+01
2.480435014403214566e+01
2.483659613812954703e+01
2.487239119776186413e+01
2.490422163446837800e+01
2.493808178778188278e+01
2.497333543885540763e+01
2.500601413060240930e+01
2.503775914159983529e+01
2.507436702112063287e+01
2.510494596669815337e+01
2.513799885065297701e+01
2.516890261927603945e+01
2.519810236024726535e+01
2.522970959007668412e+01
2.526058927772986706e+01
2.529053759659646161e+01
2.532154471825884201e+01
2.534557547222474128e+01
2.538063847960870945e+01
2.540981534245963758e+01
2.543713606352881840e+01
2.546376841708858052e+01
2.549388538991943065e+01
2.551617371476585916e+01
