9.577858126444210862e-01
2.553645017645743032e+00
2.986138788103046782e+00
2.853715327567275306e+00
2.858677453120968881e+00
2.863507114791974395e+00
2.867354348598254887e+00
2.869198116509503738e+00
2.864124498739111679e+00
2.864570344019001791e+00
2.858061355292468519e+00
2.857362441510318707e+00
2.857564472598554506e+00
2.851245878249782706e+00
2.849693978982292375e+00
2.849882627555726078e+00
2.849903108694225029e+00
2.831895354188217695e+00
2.833141400831125534e+00
2.833220841178012872e+00
2.833224402488726312e+00
2.833224929565774097e+00
2.833225038260041906e+00
2.833224961974666112e+00
2.815413257126052393e+00
2.803124485102679309e+00
2.803401115808047184e+00
2.803401197489312935e+00
2.803401116414753869e+00
2.803401236919492057e+00
2.803401223836529343e+00
2.803401190085617056e+00
2.803401155986793736e+00
2.803401296620724903e+00
2.803401307972683387e+00
2.803401243485397654e+00
2.803401031621876704e+00
2.803401103880124090e+00
2.803401216213142533e+00
2.803420018121367097e+00
2.785201417761137055e+00
2.785076384302484609e+00
2.785076139655341176e+00
2.785076021303543925e+00
2.785076108649175097e+00
2.785076061455259655e+00
2.785076115453888335e+00
2.785076179087587089e+00
2.785076347354152659e+00
2.785076212720611899e+00
2.785076205593949084e+00
2.785075864672291956e+00
2.785075956248068252e+00
2.785076299459241511e+00
2.784979761502336171e+00
2.766084470584440069e+00
2.766089369795218911e+00
2.766089430598270393e+00
2.766089613276372816e+00
2.766089567166269969e+00
2.766089611158128125e+00
2.770062059790945330e+00
2.765813737588154186e+00
2.765796939632030327e+00
2.748580948281001746e+00
2.748985749767965725e+00
2.748980307601484707e+00
2.753418917558458467e+00
2.753739523093833519e+00
2.748611949850918279e+00
2.745259127696278778e+00
2.746965508154555646e+00
2.739138095235843728e+00
2.741842333299918000e+00
2.735421940227336979e+00
2.735039127887959332e+00
2.736648394718558919e+00
2.726602220294326084e+00
2.727093437513603558e+00
2.718650966834574412e+00
2.723434929918534753e+00
2.714728327809285080e+00
2.719010635053125124e+00
2.714853810962445380e+00
2.710763212310674852e+00
2.713583009552996472e+00
2.705362338785822995e+00
2.711533586575290755e+00
2.706716011320969617e+00
2.696478076857612649e+00
2.699828117423532792e+00
2.698407390544878659e+00
2.699963735010108223e+00
2.697794628966667219e+00
2.692901318278362321e+00
2.694185783626942943e+00
2.688571575639744804e+00
2.687160842537429595e+00
2.680361503101207354e+00
2.686710927723491515e+00
2.682580140902997012e+00
2.682696785963538666e+00
2.672178080697883207e+00
2.672864603701011532e+00
2.679665510472136525e+00
2.670790446337985458e+00
2.668438538225530010e+00
2.670888442565299670e+00
2.665906563547680630e+00
2.665865332395953580e+00
2.670218446235581577e+00
2.664729473761701772e+00
2.662459125593562348e+00
2.663527959932779687e+00
2.664402496683186516e+00
2.654528417138277696e+00
2.662196251563547555e+00
2.653651385635980020e+00
2.657962028576076996e+00
2.633584770068961856e+00
2.633657630601798694e+00
2.633668035735653223e+00
2.641630489445058849e+00
2.643613160766173920e+00
2.643617150985307696e+00
2.643605525925451172e+00
2.638430791870287617e+00
2.638398424865689762e+00
2.648051649380817718e+00
2.645488078498145157e+00
2.637057487580086068e+00
2.636519247541784683e+00
2.635821046935773460e+00
2.629931836542135581e+00
2.632032541135901571e+00
2.628721366610237808e+00
2.631695384524397330e+00
2.631566144873896729e+00
2.631754001253365338e+00
2.627292181630624501e+00
2.627986460456978701e+00
2.627112700380640042e+00
2.626842397163460241e+00
2.625660942179517399e+00
2.622993486950049746e+00
2.615771701301077723e+00
2.623712661782114264e+00
2.653348839416136418e+00
2.652097005418668996e+00
2.652089810264227854e+00
2.637837479980011057e+00
2.637823880577563340e+00
2.637823927215622977e+00
2.637824038006997718e+00
2.637824188913572065e+00
2.637918840267072795e+00
2.624635725451994528e+00
2.624651039678358000e+00
2.619095852963546633e+00
2.618979419259648278e+00
2.617459483554413158e+00
2.608878029004058519e+00
2.608853772419870154e+00
2.609168914375593840e+00
2.604125808059607916e+00
2.607345785062070487e+00
2.610083536904630019e+00
2.608242961478584032e+00
2.603640066037278267e+00
2.603820753076238059e+00
2.602995593181634870e+00
2.603986117527526734e+00
2.603944598264603005e+00
2.603944749016357640e+00
2.603944753331728812e+00
2.603944487841147293e+00
2.596168888511970252e+00
2.596688948025503763e+00
2.596679502781952920e+00
2.594879674794977387e+00
2.596313806188229378e+00
2.593323359893460189e+00
2.595386378209066702e+00
2.592603936049641344e+00
2.594220980262254006e+00
2.587374430170403805e+00
2.589495988798979020e+00
2.590870886287399255e+00
2.587412594140408917e+00
2.586935568708986111e+00
2.587666351295378142e+00
2.585819177468798191e+00
2.595593312010529896e+00
2.586533508319535990e+00
2.586873802430583069e+00
2.586879893119111262e+00
2.586879754364404871e+00
2.586878763298943618e+00
2.581923188666981339e+00
2.581725296927990687e+00
2.585145966687302899e+00
2.584030068439038708e+00
2.580546751343251621e+00
2.585500158508982516e+00
2.583641678983739531e+00
2.576770879866852937e+00
2.580167249490710191e+00
2.580402269380360991e+00
2.576571453755596153e+00
2.576485826827464187e+00
2.581900650420151599e+00
2.568211281163306658e+00
2.562228469740713610e+00
2.561619551225018387e+00
2.561613053842972665e+00
2.568149502984555799e+00
2.567947483806998665e+00
2.567947012020625142e+00
2.567946827470691140e+00
2.567945923673337294e+00
2.567947088318466520e+00
2.565540977566926895e+00
2.565452622846046804e+00
2.572961430295794383e+00
2.568141468368275060e+00
2.567095620469638462e+00
2.569940299681520379e+00
2.568256795129822301e+00
2.569954354634153226e+00
2.565132789042770867e+00
2.567001005882536990e+00
2.566982979771637918e+00
2.567640224292321971e+00
2.565504311049496167e+00
2.561020667221967528e+00
2.564210323600446984e+00
2.564065822277904250e+00
2.560178967718922394e+00
2.565036024189842223e+00
2.562808752088814312e+00
2.563312569276883668e+00
2.566413670833838534e+00
2.561360475261708292e+00
2.563807109980819732e+00
2.556228468145810062e+00
2.562575440734189858e+00
2.558975989051473832e+00
2.567687286973779237e+00
2.564359721043335760e+00
2.559503598215298492e+00
2.561129927444455223e+00
2.560085135733058070e+00
2.560201729916053992e+00
2.559698464060280898e+00
2.559274055963918659e+00
2.563789833851359390e+00
2.555852242661245555e+00
2.552240003456844875e+00
2.552247009555707269e+00
2.552246904622559320e+00
2.552246871430179365e+00
2.552246762815139292e+00
2.552246728864645764e+00
2.552246854725313430e+00
2.552246615044116762e+00
2.552246897273531268e+00
2.552246525623957929e+00
2.552247191869084109e+00
2.552231687502849233e+00
2.554692485593034856e+00
2.554744670483942048e+00
2.556705908474698141e+00
2.551453333185758066e+00
2.551674460770806618e+00
2.545396401876716563e+00
2.554389519547378473e+00
2.551820457802673747e+00
2.556081346487955042e+00
2.553161321903353098e+00
2.549859670435152381e+00
2.546726604437435260e+00
2.549316717720534253e+00
2.551420002740488524e+00
2.550287005077863878e+00
2.548977506053840436e+00
2.552792495455255661e+00
2.550555930022351259e+00
2.545486395824333670e+00
2.545423553641215975e+00
2.545393740284068063e+00
2.547943395276893064e+00
2.552572528690667752e+00
2.545121990402805956e+00
2.545313243742752807e+00
2.544878812467598728e+00
2.544887625788842200e+00
2.547009654553804125e+00
2.549871951797130887e+00
2.549875050420217892e+00
2.545045901273629507e+00
