1.004390223136627514e+00
3.067780402534182604e-01
2.790016142850564318e+00
2.696367402657732448e+00
2.426005302570241273e+00
2.139853105475235218e+00
1.883387243372338649e+00
1.658073601278274856e+00
1.448240657476180582e+00
1.283612784988327205e+00
1.123943416096652603e+00
9.910848651833501499e-01
8.664356371389935196e-01
7.611456905249682769e-01
6.759339462162833323e-01
5.825288683578797588e-01
5.136539360491040318e-01
4.398378238644771177e-01
3.936236163644600272e-01
3.510352394713016078e-01
2.920079200168596012e-01
2.712093595364701293e-01
2.467279268643145229e-01
2.532310188199910495e-01
1.945411143945807164e-01
1.810968985650948382e-01
1.849131914381938468e-01
1.465183106276062297e-01
1.392227704504866992e-01
1.244062140129432031e-01
1.155660083437014540e-01
1.115057966671205991e-01
9.301870630868458445e-02
9.417718346185045830e-02
9.128233075011485398e-02
7.528914244726460370e-02
7.704590175430815757e-02
7.601813485311804952e-02
6.442150094828649753e-02
6.624784336959595177e-02
5.095245196042544333e-02
5.731165465877684911e-02
4.219175798912758873e-02
4.707201206172410141e-02
4.951747436210993114e-02
6.726281580582076092e-02
4.014821446629858459e-02
4.269285431650975127e-02
2.047764017416466020e-02
3.551152967816703643e-02
3.745678279185384041e-02
2.142842107478249228e-02
3.097552156082763672e-02
3.265059480495293570e-02
1.123884013162173255e-02
2.652771116487794012e-02
2.899213866555659311e-02
2.323941617281295724e-02
2.578321670328227039e-02
2.001094805360460402e-02
2.381484197313994342e-02
8.556111268270003359e-03
2.002833277146330582e-02
2.204596539622687493e-02
1.375577362369503724e-02
1.904317591332503612e-02
2.019310111334862712e-02
1.628675386173500730e-02
1.788742151232177932e-02
1.605557363067226795e-02
1.643563150702765860e-02
1.493650377609184038e-02
1.675099064958270739e-02
3.168950800470806545e-02
1.533804959829298230e-02
1.243354449261743939e-02
1.482469851537651477e-02
4.384641433819599053e-03
1.373470639798479200e-02
1.456233988256362862e-02
1.214112294319834133e-02
1.277469620459498537e-02
8.237477770130138474e-03
1.201154835250195507e-02
1.118069355992061531e-02
1.063431908583464640e-02
1.076480384974554984e-02
6.312764453687407309e-03
1.017815704816302236e-02
9.602497494910400624e-03
5.555614895549164725e-03
8.863656570163885862e-03
8.663654469425904198e-03
8.284967438954632044e-03
7.854529125104918463e-03
3.489313285506770099e-03
7.184759418024971173e-03
5.965335231481933877e-03
1.436868622639063918e-02
6.502025696855689291e-03
7.133530847305124406e-03
5.721676540882941059e-03
2.218156487745284906e-03
7.093394155413956272e-03
5.334078677162693884e-03
2.356451017009180381e-03
5.319171811083644834e-03
4.552371226497711580e-03
1.468951549830718392e-02
2.087583005580327666e-02
3.933264355424953909e-03
1.362498713418693877e-03
3.399662621273209003e-03
2.142001309559607436e-02
3.220428722144455351e-03
9.849144544540125445e-03
3.096262765348224699e-03
3.242941258412233938e-03
2.745085207518615112e-03
4.750623791477638462e-03
2.509254726128114059e-03
2.465798325139734962e-03
2.683830179761342426e-03
9.795205611998446249e-03
2.057804113480919423e-03
2.054139499910931626e-03
2.422922771672979519e-03
1.836021086779182762e-03
2.664093037081575414e-03
5.360284510402809309e-03
1.676521451828130727e-03
3.862540280803499620e-03
1.439225056228212113e-03
6.325987984977240325e-03
1.388128866816478596e-03
8.982892220612444245e-03
1.280504804707986678e-03
1.267637674296433203e-03
2.293681434805780461e-03
1.200621029695938657e-03
8.522598109301110850e-03
1.226628243346301016e-03
2.782966127431320269e-03
2.299892179275993785e-03
4.271461819294795903e-03
1.204711745081622288e-03
2.390079073257705272e-03
1.196985279350447958e-03
1.740904716096903278e-03
1.386778428765006324e-03
4.457572559645179081e-03
4.465581020789971024e-03
1.504960163105947000e-03
1.964954761796338344e-03
1.576842203804121973e-03
2.190733646464228766e-03
3.844226326617670043e-03
2.752112877036734604e-03
1.468479859199927967e-03
1.852573124707968498e-03
3.809134990999466560e-03
1.940531240957171213e-03
2.057765258754514805e-03
2.306226049351215151e-03
1.770942754228488217e-03
2.776574515007684905e-03
2.627275784226056586e-03
3.030611562171976400e-03
2.765096830982737789e-03
2.526228005027921809e-03
2.427755893445144014e-03
3.221370851696568182e-03
3.304964225888685006e-03
5.235217748315821110e-03
3.175957678451747992e-03
3.380948121581327410e-03
3.561358202312668066e-03
3.312522309829754336e-03
3.851906252234835876e-03
3.907297544072513285e-03
7.730369809548790806e-03
4.493023579371454961e-03
4.555330963707418350e-03
8.938425509025644394e-03
4.466852887215828037e-03
6.717719566673248724e-03
3.755332743177835792e-03
6.056121831337036784e-03
4.993902781205991973e-03
4.605284568706462418e-03
4.918557512932642158e-03
4.345484620562734164e-03
6.811187305870916933e-03
4.480806042103804322e-03
5.220602890361971185e-03
5.705527788541969736e-03
5.167828669559517384e-03
4.677462281784896918e-03
5.512241526018053957e-03
7.098087262113949789e-03
5.792621421960510338e-03
5.585064294284965147e-03
6.798352163400502891e-03
6.052992750360011200e-03
5.442890138716064384e-03
5.990706559573347884e-03
7.090096667600962084e-03
6.552884782129246924e-03
5.491321100464950991e-03
6.403703196001159052e-03
6.613288209274552701e-03
6.577860462664395121e-03
6.767716218117832833e-03
6.664464673827296196e-03
6.713652386426178890e-03
1.039904868324429722e-02
6.827823515395863366e-03
6.753812816152226194e-03
7.755162939950334920e-03
2.129904770876697717e-02
7.182488642364328289e-03
1.314022647778634659e-02
7.403322278369649755e-03
4.785456826982940892e-03
7.859912596690384751e-03
6.977847433959172112e-03
7.118015808828037638e-03
7.528044120151272840e-03
7.995294454750384930e-03
7.651596767134991040e-03
6.054728929191958292e-03
8.880360478724903806e-03
8.427567017223313445e-03
7.320170339227344107e-03
1.098339203950562254e-02
8.346373643581119633e-03
9.042141790709905605e-03
9.867711453285670647e-03
8.274113231435262922e-03
1.568052100759616263e-02
8.211839285854396001e-03
8.817883973618481294e-03
1.071332233844161409e-02
2.002970448913030457e-02
8.552978356506804256e-03
9.975951529613747218e-03
8.255318165300720365e-03
1.436563021648241088e-02
7.652950236775222202e-03
8.306250900145022154e-03
9.397876764526184867e-03
8.317178592164312101e-03
7.778316622287005308e-03
8.585880884496499207e-03
9.268631640226817139e-03
7.918475282430564519e-03
8.831245596232712228e-03
6.707719524556217047e-03
9.264871130201553576e-03
8.716969980418057262e-03
9.361578871562267409e-03
8.891233525412212124e-03
1.046327846199632434e-02
8.567151927936278444e-03
9.723607748681643154e-03
9.074971270282852776e-03
9.377276862051697748e-03
8.548265175380724903e-03
8.798769131023452192e-03
9.758307464349491936e-03
9.281097563054386407e-03
9.597478142151970315e-03
8.267242361266771006e-03
1.479676603618608824e-02
9.618117962068186214e-03
1.259506656562287864e-02
8.687691078869710232e-03
9.160102280761757421e-03
9.868423060634940944e-03
8.504301634190197454e-03
1.026989923638108211e-02
6.315495680550268012e-03
1.027050854483846018e-02
9.343326453238568960e-03
1.006613874979302679e-02
1.424666134981283742e-02
1.233842365998112124e-02
9.770197388669993321e-03
1.021203512754586921e-02
9.244615001711460264e-03
1.182527253107399853e-02
1.008520315107798784e-02
8.536314392695261433e-03
9.675657740913598537e-03
1.015190514763781096e-02
9.522024268653476661e-03
9.976882992545389045e-03
9.620663700228314352e-03
1.328727626541686448e-02
9.996283796319203191e-03
