1.036111055642319867e+00
2.530576693149898526e-01
2.721607634796884057e+00
2.877178431858880003e+00
2.663740316171385292e+00
2.420285582788594070e+00
2.206871395058378482e+00
2.025705438281139248e+00
1.864959641733768825e+00
1.738951848247696885e+00
1.610514770970743248e+00
1.520008489134518470e+00
1.428902859663319314e+00
1.345532816511942009e+00
1.272071934511662228e+00
1.200693922422847004e+00
1.140926718830452602e+00
1.080789175724490514e+00
1.029419451516119910e+00
9.828285239396634676e-01
9.365931839983412388e-01
8.948374104405886209e-01
8.577234783025430298e-01
8.168067904028124548e-01
7.865850588764966567e-01
7.548349049229011731e-01
7.239797283190174682e-01
6.992612988993645029e-01
6.643756095666264461e-01
6.479443885369237099e-01
6.277213207853324928e-01
6.000023999483075077e-01
5.852884579871567849e-01
5.689415234971475499e-01
5.462945893061620373e-01
5.338507127840522726e-01
5.191935424078683026e-01
5.019673528974832877e-01
4.911201630870514201e-01
4.510434446431006439e-01
4.636162311577572415e-01
4.552297823842361146e-01
4.487057420650287232e-01
4.325998008710142395e-01
4.257118895092742439e-01
4.091954491179174980e-01
4.060772150376142919e-01
4.002990730867884706e-01
3.878372992679612330e-01
3.837981386345285517e-01
3.791994834096746869e-01
3.676288949185996802e-01
3.648160890584635219e-01
3.536050639567221432e-01
3.523379602536155786e-01
3.288103954623627367e-01
3.408610546398383456e-01
3.385125806149726913e-01
3.273679327866300115e-01
3.280641440179195567e-01
3.167864294622526611e-01
3.197282792597344603e-01
3.144063978773157242e-01
3.090573317273159759e-01
3.147946654032587888e-01
3.051813404642095828e-01
2.963352147423436445e-01
3.058723258850411519e-01
2.959839776344782014e-01
2.919644084865261058e-01
2.937081372859327022e-01
2.873542845991050587e-01
2.779038823777895684e-01
2.819803671544958701e-01
2.809941958647562132e-01
2.717945444417359524e-01
2.753722687674939884e-01
2.745112087451171412e-01
2.779557170960333390e-01
2.690511041792979507e-01
2.676066292468012864e-01
2.623292891919569159e-01
2.649865292053538157e-01
2.629269027264509173e-01
2.611314059172912816e-01
2.586454245133872343e-01
2.500801928475634428e-01
2.585271442377365947e-01
2.524009166831388540e-01
2.634806897617213983e-01
2.536090187370664273e-01
2.575164926204438487e-01
2.511708407117553277e-01
2.499703474027442085e-01
2.485249117886697834e-01
2.485949595683683289e-01
2.476086090189788536e-01
2.458303902499674731e-01
2.359510626897563246e-01
2.447399692032289631e-01
2.413502784071205887e-01
2.430684304953481811e-01
2.425792743501122284e-01
2.396606936573355273e-01
2.408212879512946214e-01
2.396254158790181998e-01
2.392566361434993183e-01
2.367937048576696235e-01
2.377614851744361824e-01
2.358802566736364348e-01
2.364841453283798300e-01
2.325783739009731899e-01
2.351379681963405854e-01
2.344678701838717461e-01
2.321351559535568820e-01
2.334502821169985032e-01
2.198556774278459802e-01
2.320338115676965351e-01
2.432103888452962492e-01
2.312170852312152025e-01
2.304635463465902478e-01
2.270545305077603382e-01
2.295347626612288805e-01
2.291214849127765352e-01
2.236211092448843196e-01
2.278178057541601631e-01
2.181036456589575401e-01
2.269388395986930151e-01
2.268437825850569411e-01
2.261684234631708146e-01
2.253051769744403299e-01
2.131048855083097771e-01
2.245352330544780062e-01
2.240662047753147201e-01
2.207192585679895458e-01
2.229559612761229381e-01
2.237428905730993733e-01
2.142777391218948779e-01
2.215240662757637924e-01
2.203014647422883998e-01
2.205294283984813031e-01
2.158365799522844186e-01
2.195938243439348736e-01
2.169575665946429921e-01
2.187644421327879507e-01
2.127601618272738915e-01
2.176366561495198526e-01
2.174881642874104404e-01
2.168918404984279125e-01
2.137375186531607352e-01
2.162257801884126251e-01
2.152995216600202821e-01
2.158479433080881527e-01
2.148048137573626559e-01
2.143991242209597470e-01
2.138926680724666241e-01
2.120824088756993742e-01
2.117883040553101281e-01
2.125934491412495853e-01
2.120624546825868317e-01
2.121537148607031686e-01
2.111803112688946382e-01
2.100505452286516306e-01
2.101484451609591242e-01
2.103552941134409493e-01
1.993854098990543722e-01
2.096113010651035891e-01
2.038052803730737161e-01
2.084371203955912855e-01
2.065988789979070206e-01
2.069401526657764501e-01
2.071411855423312964e-01
1.980322704610937290e-01
2.061939355569929744e-01
1.992586419669835351e-01
2.056090709642654779e-01
2.059769862512221272e-01
2.039591198421921714e-01
2.020540208009902194e-01
2.039019599756213275e-01
2.038023106519909755e-01
2.029934837555133764e-01
2.024194865103129681e-01
2.018134462487081726e-01
2.018576396919544991e-01
2.111899629199849582e-01
2.013005855961944035e-01
2.015338077849767040e-01
1.992923153300704686e-01
1.996959170525736682e-01
1.997420169344242824e-01
1.986217756281208058e-01
1.938625057900609516e-01
1.981005324491020292e-01
1.979253408843778261e-01
1.964123455551696207e-01
1.961903261819048228e-01
1.912805552832417544e-01
1.961253441562427757e-01
1.964501438974709524e-01
1.958768949508219170e-01
1.903003525652945671e-01
1.990311555488521456e-01
1.947266441588457186e-01
1.945630006299898795e-01
1.945693534893321031e-01
1.932432904743708879e-01
1.890372244200416163e-01
1.940518277486585341e-01
1.908398076567306978e-01
1.930711651588525590e-01
1.923750672515462390e-01
1.912627769936008360e-01
1.915499310952422374e-01
1.808922736173143864e-01
1.913602241011748417e-01
1.908962720826433701e-01
1.900764355522701621e-01
1.899244053508776231e-01
1.902616675221948939e-01
1.897330452126698153e-01
1.852156889897586811e-01
1.900929220511747286e-01
1.888168000958529158e-01
1.884797169211224199e-01
1.882360770579734888e-01
1.873594512051442174e-01
1.809110238505279578e-01
1.873412640275709806e-01
1.881070246817301006e-01
1.877310931145747264e-01
1.873339707414270749e-01
1.864668835935619495e-01
1.865696592646681473e-01
1.864450497983699273e-01
1.817436978264666825e-01
1.859366350550943348e-01
1.863638848499960532e-01
1.854067149556494210e-01
1.851340725483700267e-01
1.812112385039050533e-01
1.770246761774909305e-01
1.845978823075583586e-01
1.841091329153805578e-01
1.841845541966035116e-01
1.809698705826642273e-01
1.845766675921226285e-01
1.837891302115479963e-01
1.835295254406150989e-01
1.835413113166043941e-01
1.806480781989569240e-01
1.830981716577406437e-01
1.828561389607693821e-01
1.830025070084752292e-01
1.824619946526930270e-01
1.823885787657838764e-01
1.823799563446301120e-01
1.749203621934657671e-01
1.821012959271099962e-01
1.817355292664978306e-01
1.801626116051186222e-01
1.818149065334710712e-01
1.814926727144200447e-01
1.777366314369427380e-01
1.813968201066350483e-01
1.821344168212914449e-01
1.777060721921288888e-01
1.808462776313492504e-01
1.761220379603958552e-01
1.813443740579818719e-01
1.803451124737642519e-01
1.805752565087088146e-01
1.813899399673844504e-01
1.801036885955723255e-01
1.800222942311541507e-01
1.800937280254947259e-01
1.797207293547774809e-01
1.803852549958297191e-01
1.799257168352574043e-01
1.744209170458579927e-01
1.797550651488225293e-01
1.764784076978371807e-01
1.785417764361759974e-01
1.791674669799991904e-01
1.794454503415521818e-01
1.794371360947947525e-01
1.708191742527299106e-01
1.793539086286461415e-01
1.790531137615895274e-01
1.786426959635899758e-01
1.788949374621850719e-01
1.848226471036435725e-01
1.791264025494750389e-01
1.786216656458317342e-01
1.777940369150338706e-01
1.775672967510105449e-01
1.781652692694200568e-01
1.788922031328224471e-01
1.786922013076890636e-01
1.785790825545597593e-01
