1.027298137929876232e+00
4.341795460614674695e-01
4.238894059686447724e-01
4.287004744874091111e-01
4.240015396477005427e-01
4.214950887411670344e-01
4.206150486777175956e-01
4.203571969771983663e-01
4.189727897641326582e-01
4.202518457315152500e-01
4.202928886044901557e-01
4.201573495103980704e-01
4.201244456267503313e-01
4.198652203926229731e-01
4.198765292214378664e-01
4.202834963512915856e-01
4.194121983660860642e-01
4.194235659866096810e-01
4.194248802710566215e-01
4.197063067137298820e-01
4.168855207446550692e-01
4.169972976141387289e-01
4.170031858982647388e-01
4.170038157299268966e-01
4.170039167803938351e-01
4.170039324498856503e-01
4.170039459753961952e-01
4.141265808259727010e-01
4.140162271041354369e-01
4.140194088691385166e-01
4.140196908056197889e-01
4.140197441586353500e-01
4.140196830943577710e-01
4.140196965576477539e-01
4.094098643133254889e-01
4.107307661913661700e-01
4.107292185089193581e-01
4.107293987463211393e-01
4.107294338645355869e-01
4.107294196302758160e-01
4.107294590443710258e-01
4.107294945634299421e-01
4.107348063028493090e-01
4.095799201437689274e-01
4.095794332959464823e-01
4.095797541025754662e-01
4.095798821579251792e-01
4.095797928593985504e-01
4.049924048999309356e-01
4.055295149939164845e-01
4.055364987599970883e-01
4.055365608970418756e-01
4.055366070121958488e-01
4.055366181595831399e-01
4.055365948639833018e-01
4.055369834859033906e-01
4.021307839263923434e-01
4.020459134807769508e-01
4.020459808547111047e-01
4.020460008957505438e-01
4.020460165297830568e-01
4.020459769105484416e-01
4.020459832640085329e-01
4.018743737947937933e-01
3.992074458797462144e-01
4.014262388977351548e-01
4.014330058578340910e-01
4.014420539434602198e-01
4.012243024404535952e-01
4.008383729530101136e-01
4.012585649544990196e-01
4.003198274698266390e-01
4.001516595924551889e-01
3.996847570973035557e-01
3.994418188836804107e-01
3.985711098989482282e-01
3.993337787489322221e-01
3.995961492845228613e-01
3.984115783133538313e-01
3.981174240105355699e-01
3.977953930690462103e-01
3.975716224465771775e-01
3.975738046313019303e-01
3.971317967314708652e-01
3.968602353571766272e-01
3.966097509869430104e-01
3.975353008316677150e-01
3.959558412875393563e-01
3.957880305179498071e-01
3.956750716295918679e-01
3.964955438582488667e-01
3.952873070142221557e-01
3.950191358653499241e-01
3.947271327960099607e-01
3.945570197360451226e-01
3.944073962453724658e-01
3.941020574822333700e-01
3.939444883841411449e-01
3.947799367559656214e-01
3.933027978605354025e-01
3.934914570860764127e-01
3.948015780848755929e-01
3.930432408079395090e-01
3.928302448356172927e-01
3.926087933914580996e-01
3.927303364296153010e-01
3.929655608217108576e-01
3.915764129860540566e-01
3.919949999397770446e-01
3.917635224835205876e-01
3.912810013860811287e-01
3.909434236495065162e-01
3.910125168047391964e-01
3.910785610254265410e-01
3.907505040184571232e-01
3.905599890411804997e-01
3.905200778697380803e-01
3.902461994314379012e-01
3.910200167058379139e-01
3.897190923456813061e-01
3.897275016386381186e-01
3.897681552848285547e-01
3.893967269074103399e-01
3.892486067702213282e-01
3.890793231577180933e-01
3.888562156174966145e-01
3.886653122216919276e-01
3.882087611634481017e-01
3.885644755157716679e-01
3.882026435582654478e-01
3.879346906695746444e-01
3.890995319457109525e-01
3.876692402981967156e-01
3.873463402849329773e-01
3.875727640528671691e-01
3.872871495509894735e-01
3.870988807370521201e-01
3.867111674099576457e-01
3.869436881913223547e-01
3.866790250781543814e-01
3.866184261228824415e-01
3.856538300120818663e-01
3.867434855044193376e-01
3.862021574679341818e-01
3.860869545415980819e-01
3.857370769725159132e-01
3.855595935752250125e-01
3.854861099117065648e-01
3.852077645852037269e-01
3.870649470872012388e-01
3.850334500885032041e-01
3.846266877694045627e-01
3.845659282424299108e-01
3.843513303819954263e-01
3.842635611246001948e-01
3.841099386003293814e-01
3.837742750592444407e-01
3.837822873457034656e-01
3.835181543337503052e-01
3.834369651978646321e-01
3.833770702878492864e-01
3.838027768918825799e-01
3.830789153037623684e-01
3.828291248121614143e-01
3.827624055987555729e-01
3.825514145001813193e-01
3.824071574659831940e-01
3.822094984053129862e-01
3.821920351184131537e-01
3.818582877546455312e-01
3.817664716454319818e-01
3.816755522852985916e-01
3.806941748802561976e-01
3.812935519239649684e-01
3.810965463382695040e-01
3.816345587576003284e-01
3.815199942466581673e-01
3.808629534029950858e-01
3.803550794899100973e-01
3.811380862042949014e-01
3.803123531471627738e-01
3.797185722437598776e-01
3.797707234104245599e-01
3.800206684440632365e-01
3.796225038910464034e-01
3.794892754123631029e-01
3.794590183642694292e-01
3.791978682056511007e-01
3.791249761729446610e-01
3.787670232696371819e-01
3.789196245567869048e-01
3.782179975247939030e-01
3.785609868718012305e-01
3.777549465134518725e-01
3.781248986833838366e-01
3.781622227361407518e-01
3.780134441307176352e-01
3.777422779686129828e-01
3.782139959498506121e-01
3.775658991968182110e-01
3.785670334515131574e-01
3.774533522095216420e-01
3.772034716529111820e-01
3.770759278732833675e-01
3.768009562442172777e-01
3.765870867564774516e-01
3.765012327635983702e-01
3.764823385392707111e-01
3.764482365892884985e-01
3.759511657232503246e-01
3.761867293608185392e-01
3.758638583911377284e-01
3.758957199536269167e-01
3.756458346254838432e-01
3.756044354127959783e-01
3.754336247497623846e-01
3.753652376471579566e-01
3.749794798698451448e-01
3.749483654119871168e-01
3.747861301632229303e-01
3.746571355637335898e-01
3.746325004828750527e-01
3.746233332713269637e-01
3.743073495282064345e-01
3.742146018636935412e-01
3.740969762682976874e-01
3.740590493984036202e-01
3.736576272347010841e-01
3.735096250120447658e-01
3.738437947655717242e-01
3.734443620619314341e-01
3.733517885992769791e-01
3.733240793198729923e-01
3.732482858194813291e-01
3.729808928408349100e-01
3.728422742755494457e-01
3.732555161942999189e-01
3.725326740762850974e-01
3.717139515250292292e-01
3.721924299870482677e-01
3.724124139321239313e-01
3.726705585005174459e-01
3.722054113558819211e-01
3.722050090169107817e-01
3.720360761068767230e-01
3.721917965548280360e-01
3.717044022664392489e-01
3.716628066954193454e-01
3.716474686462508670e-01
3.726087117997308185e-01
3.714891437788646611e-01
3.710723029661452954e-01
3.711072194402869062e-01
3.708293814974304436e-01
3.709897018239265432e-01
3.709449593846612658e-01
3.707572747787462597e-01
3.705297082323099622e-01
3.706721109097400046e-01
3.705456669667741565e-01
3.703994898394708524e-01
3.702793236421394463e-01
3.703361800129377213e-01
3.702539712556525697e-01
3.702501988227183127e-01
3.699691017374624469e-01
3.697957396620835113e-01
3.698557866237783265e-01
3.697450939846256834e-01
3.697093310474841021e-01
3.696280314929641930e-01
3.695350650819164140e-01
3.694866801503643994e-01
3.693646303742296744e-01
3.693855611455353904e-01
3.691690636085938615e-01
3.690964007897798993e-01
3.690583553853489795e-01
3.689711370485618813e-01
3.688783000484487928e-01
3.688889599983667944e-01
3.686593768451589814e-01
3.686809714283155737e-01
3.683778448472754263e-01
3.686671509558285265e-01
3.685080694122042089e-01
3.683894528569528481e-01
3.684201992717009988e-01
3.684379767986974419e-01
3.686227297316181928e-01
3.680909808419952634e-01
3.682713471794026860e-01
3.681954228060154155e-01
3.679022978370363184e-01
3.676896648292152792e-01
3.679521778035386159e-01
3.672619793363866569e-01
3.681079252069380248e-01
3.675894824929905047e-01
3.674141254523002331e-01
