1.023631820889956412e+00
1.603695554226098441e+00
1.096431340988046177e+00
1.548725261043579327e+00
1.897963457863224956e+00
1.787416620252310739e+00
1.760295201654336283e+00
1.823087886436348004e+00
1.922704976700192248e+00
2.044517657320301218e+00
2.240050366280378569e+00
2.450370735451623094e+00
2.676398647126347896e+00
2.886449464414681199e+00
3.054150934169869824e+00
3.212901588235860473e+00
3.368555773750957716e+00
3.509513064975505081e+00
3.662737442894244744e+00
3.845167517240360322e+00
4.000331453845278773e+00
4.105251324300876803e+00
4.121470056600778697e+00
4.108605631361577970e+00
4.110131901162438872e+00
4.095830692719141020e+00
4.050461770940663619e+00
3.984412135209363104e+00
3.895539721824577306e+00
3.828518263634628216e+00
3.660701435624135414e+00
3.515543165787357704e+00
3.369399240352950020e+00
3.269934193708714965e+00
3.064897751905773404e+00
2.878030705276844348e+00
2.719186979488334099e+00
2.650025649445182818e+00
2.423936546891907629e+00
2.300885082788315383e+00
2.134347169424620105e+00
1.949687192672926450e+00
1.823762841176982841e+00
1.658776349754110369e+00
1.557807348557695093e+00
1.422811017170851677e+00
1.286980142509993152e+00
1.160903848345976819e+00
1.029699592195713942e+00
9.346939040209587546e-01
8.187845063053348360e-01
7.249657361239352227e-01
6.066060108939809181e-01
5.422465017142830135e-01
4.387864802919503870e-01
3.609649770634305033e-01
2.859804543867497939e-01
2.235303214391123339e-01
1.650631522455120181e-01
1.094424726723578212e-01
7.672305690072039885e-02
3.715951867140090265e-02
2.347244558287148522e-02
6.170508445841216966e-02
6.007020865815407978e-02
8.507196562200383672e-02
8.736356511329987362e-02
1.045670065250734471e-01
1.180994714519863348e-01
1.163786850941509882e-01
1.067543856399748858e-01
1.003538142472402556e-01
1.283177610798968415e-01
1.585410342024712038e-01
9.937698598645879067e-02
8.696760096421257691e-02
7.946569647174475670e-02
9.154570328055931794e-02
7.106604049328980877e-02
6.415779874864079024e-02
6.574042012759072351e-02
5.620410373421416694e-02
5.489026393051445185e-02
4.327964401591279792e-02
7.141312869555216380e-02
4.447823644135059928e-02
3.884798660164090478e-02
5.858336068638654581e-02
2.939059392987276517e-02
2.912684960039266940e-02
2.139077791528743236e-02
3.384210248169516877e-02
2.371448623969078448e-02
3.878126303750950576e-02
7.262185434112364280e-02
4.795856638423660889e-02
2.022579560236770213e-02
3.301316818155350385e-02
2.479634841574453186e-02
2.289681822924621510e-02
2.173092047528926707e-02
1.662531796659034306e-02
6.410820391673822949e-02
5.527537317537978279e-02
3.241725032462489109e-02
1.913322022704171815e-02
2.564047166755863486e-02
7.195918592305361461e-02
2.777998069450896695e-02
1.093673396372627227e-01
9.959715355778374704e-03
6.064084309273091999e-02
1.209852646753739082e-02
3.302636352160684408e-02
1.314887147236546219e-02
4.741060728340305147e-02
2.866347208523533155e-02
1.132004461955017117e-02
1.329498987272899335e-02
1.069700651605392031e-02
3.035752954720685737e-02
9.811742860929172083e-02
2.058730286131850440e-02
3.066650580986370403e-02
4.081561713446043432e-02
7.282504865335349964e-02
6.542263332137329690e-02
2.773332301609688841e-02
1.261971929463107621e-02
3.399257263605034995e-02
1.328254161670469093e-02
2.616409762222217036e-02
1.925339316525322142e-02
1.520625604812359845e-02
9.199270324709556829e-03
1.392101203262837740e-02
1.274765750153340760e-02
1.149255302250068445e-02
2.050032462668270952e-02
1.498560539270556852e-02
4.592691061357861981e-02
7.112616282222898600e-02
5.441742315070368513e-02
1.999812212968329547e-02
1.317607746169724252e-02
3.232393289119880192e-02
5.259671263916404493e-02
7.343862006838008938e-02
1.669487971516896846e-02
1.907261447269047866e-02
4.759215550272812012e-02
1.707672458377890168e-02
2.090828892708116588e-02
4.758986311763457877e-02
5.841184078161472393e-02
1.959599979874509026e-02
2.691712562194580743e-02
2.587746021087324738e-02
2.526804167275772603e-02
2.273483470614902011e-02
7.045162158977601174e-02
2.115164203641016483e-02
4.592318772047843112e-02
2.408725624350165767e-02
1.366137099652331086e-02
2.336635260298823222e-02
3.208545633729022878e-02
2.318397971724246373e-02
2.299194888962037553e-02
2.064556099940723435e-02
2.247896570959725254e-02
2.564608144017205618e-02
4.478316204955517382e-02
4.205952854695883120e-02
2.375769702297099092e-02
3.089742607457254472e-02
1.807170659888446967e-02
2.719810432173592335e-02
3.033302002519010915e-02
2.762246553300467047e-02
5.633022759395733131e-02
8.127996936480240409e-02
2.514223150492335065e-02
2.510664332031847454e-02
2.403748338301204060e-02
4.835697808880602688e-02
4.481409409131907606e-02
2.971965349721494842e-02
1.206900118316057979e-02
2.904117665810120735e-02
1.153521478967819702e-01
3.166294737840762846e-02
7.910118964406150088e-02
6.003822046841484489e-02
3.061840696966985909e-02
2.174275349008678374e-02
3.841393379964970489e-02
6.069319249386409543e-02
2.329930805568996774e-02
2.477026341421952743e-02
2.921698424972002731e-02
2.261918376592570237e-02
4.550402410403861508e-02
2.046105698776165896e-02
2.565813183034984166e-02
5.657349597657748003e-02
5.493277348190378495e-02
2.284058400794506533e-02
3.346273238402441147e-02
2.520308764593090153e-02
3.835337239942049337e-02
2.403149923895328902e-02
4.608851372961084158e-02
3.138323229661992703e-02
7.622966575352255192e-02
2.586747182181862309e-02
5.078245733050885252e-02
4.343333361381655072e-02
2.768390191684189441e-02
2.446665704157556867e-02
2.399664025420917071e-02
2.708954726485286041e-02
5.701756835364139159e-02
4.278210054700503501e-02
3.072145228097624900e-02
4.307512963206841516e-02
5.521560331647390463e-02
2.325610495794504587e-02
3.862328214035787993e-02
2.751989378007203835e-02
3.039608898262351894e-02
4.134003167210421881e-02
2.980188401032953655e-02
2.726742898385203437e-02
3.023024405485064819e-02
3.469508911760486869e-02
2.606398869161951487e-02
8.039080595841170684e-02
5.026677466567651409e-02
2.520859692210758451e-02
3.959496351328153918e-02
1.841351175663635820e-02
2.568636375283164450e-02
3.366204124602950598e-02
3.845897521125345164e-02
2.798626067083581290e-02
2.927053664641997982e-02
1.883024811950541680e-02
2.545664246685675619e-02
2.581153547837938128e-02
2.150543868445202109e-02
1.952684688537679666e-02
2.601331689076191028e-02
2.704349703480934258e-02
8.050063425019765573e-02
3.894628963065393384e-02
3.813859894389275140e-02
5.052077900010844974e-02
2.620356770849460379e-02
3.636086123856274721e-02
2.696470527154226637e-02
4.029855427402354029e-02
2.179991032525483222e-02
2.697463186370722618e-02
2.435257062028824832e-02
1.823285704131243773e-02
4.234271250256272517e-02
2.531393194001002600e-02
3.820152277469138213e-02
2.396709860010099932e-02
2.309383265215371114e-02
2.536877596599680998e-02
6.290882124243339646e-02
5.933290703091480961e-02
3.363442334829417485e-02
1.822469245208264282e-02
3.493135623708495952e-02
4.109401963372234096e-02
3.130437957416678380e-02
2.903835659766840216e-02
2.013158568681661792e-02
3.286305037782295824e-02
2.522705428058723276e-02
1.825480167318792313e-02
3.063275442615387076e-02
4.169471146208115347e-02
2.907970807428017501e-02
1.718503666967695007e-02
1.593860608275583790e-02
1.889280026175382474e-02
1.767254278030153114e-02
1.831270608888540402e-02
2.059170694949265593e-02
3.075706557854476428e-02
5.832757867068873864e-02
2.457220000143480257e-02
1.522245515162834462e-02
3.621406791028286554e-02
1.957586682360658650e-02
2.330370241252498892e-02
