1.127177412200503825e+00
1.647126729035379489e+00
1.693231642598074238e+00
2.808601147123996000e+00
1.173476849707422165e+00
1.285551168990271442e+00
1.194689028106925122e+00
1.102842647535684506e+00
1.046235724904687414e+00
1.031774349072761554e+00
1.050351909205586409e+00
1.075127243971053970e+00
1.102257485823481487e+00
1.099820477367477123e+00
9.810009939727495354e-01
2.421312875574666457e+00
2.167550140755499122e+00
1.593829491520718067e+00
1.141780298324744258e+00
7.990830722190668256e-01
5.744876340230891110e-01
3.840064548367601582e-01
2.691326900848072801e-01
2.029506897205827776e-01
1.567660700814864361e-01
1.336880153959814077e-01
1.369426345281377078e-01
1.161055266153023929e-01
1.016915043224781851e-01
1.348179758717567844e-01
1.226714470517208250e-01
9.145532314584714495e-02
9.381913568530475533e-02
1.081856868187594939e-01
8.508903233745125638e-02
8.415116582335012418e-02
8.096617912964132469e-02
8.400968059280347622e-02
7.359816562025256470e-02
8.434086497650539194e-02
7.857169392794571827e-02
9.118148665574900280e-02
6.867659694177186136e-02
1.470877669900386431e-01
1.070081749979353153e-01
7.750501848858151743e-02
6.995702648847598737e-02
1.329465490986689036e-01
9.505036913813001698e-02
9.763618384563386987e-02
5.401348383264656383e-02
7.232872320743349848e-02
6.513457106685628661e-02
7.249744267525458363e-02
7.291931567987952612e-02
5.992219733480973892e-02
7.394601109681676887e-02
7.109930767818457842e-02
7.908053584149617177e-02
6.142948597537082472e-02
9.044515380895079559e-02
1.274500140837158679e-01
5.567870798167749019e-02
9.977110622346288538e-02
6.857987167049806043e-02
5.344487394588739310e-02
6.042739065154678624e-02
6.246300424515466992e-02
5.701132786346849862e-02
6.227310279237253249e-02
5.544821224989236047e-02
6.752739057229514841e-02
5.538971427167207334e-02
6.202201221704164297e-02
6.528540132686491693e-02
5.134597373750422744e-02
6.631527013867766218e-02
8.457149642330376305e-02
5.551379234463547918e-02
4.832303811662640169e-02
5.446233650287870404e-02
5.202688737617414128e-02
4.523225815733696031e-02
7.024047032784960787e-02
4.921335082431532726e-02
4.659025524609732710e-02
4.847098725103356903e-02
4.838932891533801600e-02
5.266784702886586483e-02
5.031837074329048587e-02
7.483752017079596530e-02
6.476412439234169316e-02
7.778140384320310352e-02
5.148799604078222597e-02
4.667074694706573740e-02
6.221287520396760751e-02
4.384320842869988966e-02
5.276083710536832311e-02
5.252871820984881396e-02
4.612069182116757676e-02
7.974921116967394197e-02
6.261709334776360825e-02
5.079571809245577579e-02
4.428868714799540085e-02
5.616294651018977069e-02
4.688408321363848191e-02
4.538682707407744321e-02
9.008347985818668247e-02
5.378454634712306198e-02
4.642743909699758448e-02
4.741775495170932886e-02
4.425688677380695824e-02
5.600518115553129034e-02
5.746096095010961441e-02
5.959434142541084056e-02
8.300442664721049968e-02
4.384172247413155310e-02
9.359895937421251755e-02
5.470286566837831432e-02
6.714529384617171082e-02
4.937067557622439040e-02
5.247977944385031485e-02
4.916134730192786573e-02
4.192192858365543368e-02
4.192735590335214951e-02
4.359166165399233628e-02
4.201870589843775122e-02
4.721793073091605508e-02
4.489004549747340617e-02
4.465001197532808552e-02
5.211361776751734232e-02
4.043645092821681469e-02
4.221744429871568394e-02
4.239218379694076333e-02
4.169315314396912497e-02
4.128995155507871745e-02
4.204655455847486345e-02
4.174810860164979154e-02
4.006736744481140949e-02
4.240532293794092161e-02
3.983169415894294296e-02
5.963097016049999366e-02
6.802431635694308754e-02
5.193832838049138034e-02
4.273219135380832562e-02
3.937948644595764408e-02
4.154464145902106442e-02
4.074027222107948210e-02
3.953139910358544756e-02
3.986529870901759504e-02
5.355548912289259667e-02
4.220567332261047910e-02
4.159040712292485370e-02
4.005192476789404266e-02
4.036796674376106481e-02
4.080780267051756227e-02
4.014734721091405001e-02
4.061940662891019155e-02
3.965707891910522087e-02
4.777336604102177392e-02
3.976613396053430005e-02
3.935218555586605937e-02
5.928296999961977370e-02
4.058201028215007583e-02
5.067884041998942102e-02
1.141067778372845259e-01
3.966238152784720694e-02
4.240538453127128127e-02
4.667258363507911789e-02
3.947140041193415716e-02
5.540258025488010996e-02
4.012735979913351764e-02
7.792758288822776436e-02
3.979781760164089605e-02
3.927841002299611861e-02
5.232117991646838273e-02
4.812424841332946929e-02
4.073958789954177512e-02
4.607231338856168645e-02
4.789807926973742996e-02
3.926402536183346004e-02
4.406506025934922577e-02
4.020215093638952741e-02
4.091274484913776099e-02
4.085886466959566532e-02
4.249359697278305703e-02
3.931215947945805589e-02
3.983775335376600613e-02
3.988019528703992678e-02
4.655188693833341856e-02
4.424660550837923589e-02
3.950387078042082167e-02
8.060453945618800686e-02
4.090298041015492242e-02
4.255260786640709114e-02
3.967442714448214669e-02
6.104960831523206094e-02
4.962438363204155906e-02
4.245453211198264853e-02
4.511616776665713924e-02
4.030804375980696214e-02
4.270278168465629215e-02
4.239666254898557390e-02
6.234353604591380549e-02
5.013644348974009846e-02
3.920202912207407936e-02
4.011713288476925765e-02
4.590967550277628290e-02
4.634877170427778581e-02
5.326480055106320305e-02
4.501938098349544948e-02
3.900845015905092528e-02
3.985794018699142377e-02
3.995492892188812900e-02
4.003181799693097953e-02
3.931302349252815270e-02
3.915584074466902514e-02
4.098825668228962826e-02
9.889497847458941782e-02
4.203272274204502418e-02
4.204019751526832938e-02
3.953368414041270179e-02
4.507449908909302860e-02
4.381929703453667224e-02
4.157898571000666343e-02
4.170844057031095065e-02
3.959703232079711532e-02
3.982150385888684474e-02
3.927125126407288169e-02
3.955512384232920398e-02
5.984222192236602483e-02
4.490931796065031345e-02
4.120989542952892964e-02
4.038933058471509685e-02
3.960099943174497789e-02
3.914758429486200203e-02
3.958422081143499888e-02
4.264680571297763817e-02
4.014819551100844847e-02
6.524450838223659621e-02
5.517285122941680692e-02
4.934864971026812347e-02
3.918741457770916203e-02
4.315360643579424504e-02
3.910104400720445378e-02
5.729035632335387207e-02
4.320651167987732411e-02
4.705754163636658577e-02
3.942292331990503856e-02
3.913659601527943316e-02
3.929970689229812797e-02
6.272027877188329770e-02
3.945385104124856518e-02
3.903661825303242350e-02
4.306671896489421697e-02
4.087877954349684179e-02
3.910500543345392377e-02
4.223535938293966618e-02
4.130323545943032082e-02
3.962945196902852019e-02
3.902749815339192491e-02
3.877916227659053416e-02
3.996235440806340106e-02
4.138728485917013422e-02
4.362793988810907686e-02
4.285534977796999490e-02
6.691232381927803008e-02
4.948427202655170110e-02
4.275208277276183050e-02
4.821802599406623674e-02
4.201743481625710985e-02
7.177868098227935256e-02
4.328865837377483122e-02
3.959641631407708612e-02
3.871323411879306481e-02
3.941824545787803169e-02
4.116231352971461838e-02
3.934983205400383738e-02
3.892165093708595952e-02
4.339948825140464705e-02
4.182290457195577543e-02
4.103749981287239945e-02
4.433528312121119003e-02
4.056999062616305912e-02
3.990439109679825430e-02
3.891805756240937497e-02
6.433856229654974501e-02
4.748654861048212661e-02
3.926628216799714355e-02
6.707938054540137085e-02
3.946520134190625168e-02
4.342359978862402742e-02
5.878075074460032551e-02
3.859673019629791119e-02
5.033381409084813907e-02
4.150176257447682482e-02
4.024443547271892851e-02
3.913156781136296891e-02
3.902032788879370578e-02
3.958810118379781084e-02
