1.092248632787247598e+00
1.050204062648867565e+00
1.828606774621971853e+00
1.149417647972880818e+00
5.956313585447667869e-01
3.114869157976249969e-01
1.782000094825822445e-01
1.152673309945445590e-01
8.366806883948270379e-02
6.510827002275372533e-02
5.142690590972303494e-02
4.928796812184317588e-02
3.177774357534927929e-02
2.573692354734449447e-02
2.168438760762635489e-02
1.858117438987091224e-02
1.627048829672144217e-02
1.478562625829282946e-02
9.877223587803997396e-03
1.227650675725685571e-02
1.129246682772700253e-02
9.903173389517036171e-03
9.515934634181898166e-03
8.825543626169872827e-03
8.034493325900064070e-03
7.499498481428581304e-03
8.500769367798872989e-03
6.389669168617671639e-03
5.965121825126690376e-03
5.658581463327038395e-03
4.138560538026746748e-03
4.394856507456531593e-03
4.284540326878577034e-03
4.528203785385888011e-03
3.873491885116331964e-03
3.445647255908050426e-03
2.821360306286623855e-03
3.914293710236953563e-03
4.129501147663918251e-03
3.489665198023227891e-03
3.615893321301586697e-03
2.590681101477235963e-03
2.403482665531580555e-03
5.967798895956409611e-03
2.934352056999216425e-03
1.912035366170578314e-03
2.025230915852425408e-03
1.457387462729515387e-03
1.891230961760653143e-03
2.868742479536392012e-03
1.643603900074907392e-03
1.722603736522839964e-03
1.470144861815618703e-03
1.068186921627633634e-03
7.489067805655351970e-04
2.303630897079542682e-03
1.484553249475484976e-02
1.252666438248083592e-03
6.920400552763820989e-03
1.050870946728701787e-02
1.043656595775687736e-02
1.210994522150948740e-03
2.837614995348018438e-03
7.373506844702131533e-04
4.768073306476955744e-04
8.740934999628482971e-04
1.328261736866127212e-03
1.553229566756080850e-02
6.089800992186312090e-04
4.890474309051124225e-04
7.302391441484977139e-03
4.704139899908212378e-04
9.041951175127036682e-04
1.000449500621757850e-03
1.971637953720533579e-03
1.892990418269589964e-03
6.663270251347825149e-03
1.258005065263140352e-03
9.430461914560097150e-03
3.445294547582065090e-04
8.046331763887770846e-04
5.905791115374393711e-03
3.756162426647428497e-04
3.400841261647295343e-04
3.860954132420236985e-04
3.481184991975247618e-03
6.048458956569051012e-03
3.135952922894373997e-04
4.868827852875018056e-04
5.792992142407957018e-04
6.306075253088627708e-03
1.023944732596237216e-02
2.896742826820836517e-04
6.873152751238518435e-04
3.403698952623977238e-04
5.165839566317863025e-04
4.798062850211227449e-04
6.400678549456885946e-04
4.772690195347784720e-04
4.714740702483078685e-04
3.536934324242277383e-03
1.769539420562567288e-03
2.053312377455231846e-03
2.403110463063137608e-04
8.666314568250091128e-04
2.586748289820775060e-04
2.354621423802195153e-04
6.342042910146564660e-04
5.384040710202784479e-04
2.002475783371495798e-03
1.015127104623014635e-02
1.640841185682897314e-03
8.864411277313607182e-04
4.504219494682598765e-04
4.217494112670874058e-04
3.459122840073064302e-03
2.508454107154767937e-03
6.877532378245121425e-03
2.702296041598795020e-03
7.026033992074905837e-03
1.711574745258884330e-03
1.364567214934039440e-03
9.122796061309955450e-04
3.250287190373514620e-04
8.481901649766053703e-04
1.778119122519239209e-03
2.264933167094195041e-03
3.024199206496967296e-04
6.736061130679258865e-04
5.340831071951548546e-04
6.176996993882148592e-04
1.038597005860523049e-03
6.898007704608945896e-04
1.383460931427601265e-03
7.092903004855572336e-04
7.867879480472671563e-04
3.912962219419219420e-04
7.699516486080834219e-04
6.649438359504266987e-04
3.975328875808191789e-03
1.122799447390335995e-03
6.479989800510781595e-04
2.247435412523047886e-04
3.046828314748269997e-04
2.824727740325275551e-04
3.833918919871976078e-04
1.961395178237365297e-03
8.239391956893368785e-03
2.666231505207122799e-04
3.888502181558633748e-04
2.159576950417236088e-03
2.875116106864226062e-04
3.002565861618122778e-04
1.644907589090164159e-03
1.190609484699065197e-03
1.699559953517700353e-03
3.159322569009376399e-04
2.639355067794813079e-04
2.853240055052352051e-04
8.942029460061425364e-04
5.569547185274765361e-03
1.455872241420136685e-03
5.502600990997744005e-04
2.001361974806010330e-03
1.649700027890324853e-03
2.878727645517424973e-04
4.935177064080432593e-03
9.364403482080254281e-04
1.642795170777028432e-03
1.626833483889190924e-03
1.305813168045476258e-03
1.163567441164545767e-03
3.241177779150268643e-03
7.741230508858621892e-04
6.111344108125269479e-04
3.988984702483991006e-04
5.438674878591134203e-04
5.348103550155777590e-03
2.163380772492927602e-03
4.176015780684858708e-03
1.073546345931878504e-03
1.048981629407821914e-03
1.665579284110614957e-03
7.540804299082757168e-04
4.536957194144748229e-04
1.641326608808288097e-03
7.840085479035431657e-04
2.866973916128391989e-04
3.027304060839295817e-04
3.434755077428580531e-04
4.811185395091001522e-04
7.537242285356579499e-04
1.034649707969055024e-03
1.136169811247246270e-03
2.531321642601380858e-04
1.986735928367169596e-04
1.123035372247439779e-03
3.151019589537208242e-04
3.457594314170056430e-04
9.371223778828546500e-04
3.979067813824793448e-04
2.273511122625963398e-03
6.717106248104211252e-04
4.231307580506651228e-04
3.758561891082651133e-04
3.380050729442308534e-03
2.986701709797413362e-04
8.258694514246779292e-04
3.825463948045434884e-04
2.500248296519407931e-04
1.055219633401172693e-03
3.429925617010068047e-04
1.002522641051617003e-03
7.875471749529942443e-04
4.825075398296500232e-04
3.203196705149458524e-03
1.815272331363110281e-03
5.135776242411505032e-04
6.989354833620755464e-04
1.769290852719281222e-04
7.506375632625820462e-04
2.984158473454636058e-04
2.827360953839157839e-04
4.239863097511899779e-04
3.986281826344773580e-04
3.513363356954953801e-04
4.851597227539304158e-04
1.569870937136834616e-03
7.708060092485491573e-04
6.032468703407125763e-04
5.996554015241344938e-03
2.273292992594664989e-03
9.559971712535313094e-04
4.548798044450359139e-04
6.626090359137283559e-04
4.639404022690159831e-04
3.774935159087253124e-04
4.838868961400877495e-04
8.666792009695624714e-04
1.030883425414274787e-03
1.539667338993435308e-03
1.553525732580137873e-03
3.396256773633208443e-04
3.175122545808767164e-04
5.091573079644034269e-04
1.942677155196264552e-03
1.055948195522243708e-03
8.617144423017035872e-04
7.968710300484474485e-04
2.973852723855676707e-03
4.970588108647621458e-04
3.417414449284409393e-04
8.254500430029833693e-04
7.079823232929274889e-04
9.760874941805638147e-04
1.144135350875300286e-03
5.292503915938894660e-04
1.102471623589425806e-03
1.084382517220402629e-03
3.263315394238138802e-03
6.117836339879321062e-04
8.011561124524858250e-04
2.608898250326372164e-03
3.008968789496892769e-04
2.357200355047694258e-04
3.018356267007276891e-04
2.744991919366203403e-04
4.946079017232184356e-04
6.403795412786780772e-04
1.908128337032088256e-03
8.953589561358596838e-04
3.878758594018108085e-03
1.540058389302055618e-03
9.181382330854991275e-04
8.882936830102445679e-04
9.033041045133948562e-04
6.222811276399907270e-04
6.146043716880597108e-04
4.762069129848207341e-04
4.576901238017330969e-04
1.457101846398997907e-03
9.956022400732418304e-04
2.095760788027348567e-03
1.094299721568987470e-03
4.188256459260123864e-04
9.078875459834806656e-04
7.362086677667548920e-04
6.964735950758535812e-04
2.503983157805554963e-04
2.045342299689795022e-03
2.587559493975730238e-03
2.458237059168557801e-04
7.220993185946045006e-04
1.529380188987326111e-03
4.179639426286305701e-04
9.259282019685711150e-04
3.389953267161696648e-04
4.388592985187396260e-03
1.023736582251656094e-03
2.754248882709634926e-03
