9.207777429096374311e-01
5.490593706018859210e-01
4.512340506949975572e-01
4.290067520537793055e-01
4.273717902054207096e-01
4.270743824981476089e-01
4.269903570589539954e-01
4.269639849269512011e-01
4.269567698422977453e-01
4.269552093704317430e-01
4.269549336302493892e-01
4.269548669483505532e-01
4.269548400257537346e-01
4.269548334938492729e-01
4.269548322338568291e-01
4.269548301524480616e-01
4.269548323980728033e-01
4.269548345765454278e-01
4.269548254329725845e-01
4.269548523041515331e-01
4.269548261049321836e-01
4.269548096855603214e-01
4.269548474133580407e-01
4.256258087584047778e-01
4.264010676240118647e-01
4.263970866898998402e-01
4.263971167075198410e-01
4.263971300824228594e-01
4.263970886821547013e-01
4.263971255776397018e-01
4.263971202601249399e-01
4.263970840965544129e-01
4.266898958945497533e-01
4.257522583448639653e-01
4.257442086670095716e-01
4.257442065804804554e-01
4.257441907791960634e-01
4.257442174013604252e-01
4.257538740756571793e-01
4.246895760563233480e-01
4.246832659056375969e-01
4.246833648924988047e-01
4.246833625999281159e-01
4.246833691408581357e-01
4.246834221443489543e-01
4.246833696361453914e-01
4.246836321473503317e-01
4.243751709947515827e-01
4.244001482459097141e-01
4.244000809382499351e-01
4.244000845927395349e-01
4.244001029048006246e-01
4.243330392934486217e-01
4.237062766811700576e-01
4.237044787978461180e-01
4.237044894127741657e-01
4.237045251124498813e-01
4.237044759816079309e-01
4.229190451447901178e-01
4.229267758980482239e-01
4.229257531677931281e-01
4.229257547370964265e-01
4.229257536016050034e-01
4.229257789602930417e-01
4.229257992175978198e-01
4.229257980428959285e-01
4.229257899567267498e-01
4.227191253443237651e-01
4.227658493364940817e-01
4.227666283608105258e-01
4.227665895531286799e-01
4.227665734558125332e-01
4.227665798233821715e-01
4.227665801604229001e-01
4.227666086183904381e-01
4.227666123081751937e-01
4.227665996211903421e-01
4.225087729693513539e-01
4.224453369289360993e-01
4.224452517509842409e-01
4.224452775945023442e-01
4.224452352255803067e-01
4.224452664481251896e-01
4.224452469645070263e-01
4.223136867989175647e-01
4.224821467456191804e-01
4.224826792957716570e-01
4.224673289858685288e-01
4.226036643390675973e-01
4.226223900959958923e-01
4.214969875263088750e-01
4.231917042290104791e-01
4.231958385795935862e-01
4.231247899250565325e-01
4.231372063071575096e-01
4.231130052196420688e-01
4.232304270238804178e-01
4.232227645188885168e-01
4.236050226726750800e-01
4.233148703771471011e-01
4.234925391982407028e-01
4.236953467645615534e-01
4.238768799518943253e-01
4.239221681684543497e-01
4.246498105479943885e-01
4.242775239132238752e-01
4.240821309182623011e-01
4.243339195490480331e-01
4.247735020649970883e-01
4.247574167262117562e-01
4.252035816340803964e-01
4.253654962502191328e-01
4.255323864773399301e-01
4.259796503626484543e-01
4.260821034957957276e-01
4.269783711804814863e-01
4.268365364552629826e-01
4.270919078372168443e-01
4.284949578797752623e-01
4.277558313219615993e-01
4.280897099455501231e-01
4.279730223032719993e-01
4.289601240467973975e-01
4.289562026992760346e-01
4.301110855855289627e-01
4.300116831244144011e-01
4.304401083353349700e-01
4.311846167024158127e-01
4.313759598254721661e-01
4.319634888451618915e-01
4.326817251988845370e-01
4.334226929862872169e-01
4.330717522954682930e-01
4.340675868661085790e-01
4.349910518038851981e-01
4.356914195386289990e-01
4.357281198067516903e-01
4.370218410847327428e-01
4.378496638814194375e-01
4.382076451737364486e-01
4.384852651165455084e-01
4.400578037982971202e-01
4.407852355602548955e-01
4.407579916904917350e-01
4.418582474212487399e-01
4.425775621678068039e-01
4.429545221224367446e-01
4.428401559210566329e-01
4.446490509456197393e-01
4.461846044514853893e-01
4.459802884911240328e-01
4.459006808216879891e-01
4.482392225118315143e-01
4.481153766925300985e-01
4.492358946351044380e-01
4.500820480297220150e-01
4.515966808189064707e-01
4.513656777409573162e-01
4.523139590432126989e-01
4.533249489765293072e-01
4.550773683129430980e-01
4.550381723605581019e-01
4.559820624372356024e-01
4.571754302940886361e-01
4.574508721421309820e-01
4.587961941188366533e-01
4.614723002783326922e-01
4.608231316116939702e-01
4.615836280831289717e-01
4.614108749925523445e-01
4.635224700648271079e-01
4.626707611164441181e-01
4.654925815706507652e-01
4.669748157078819073e-01
4.671608743759359528e-01
4.679323224063240416e-01
4.678767877208770964e-01
4.696213012516024521e-01
4.707798500700459132e-01
4.702936390921214072e-01
4.722619852043872246e-01
4.731283155504721893e-01
4.739349313428238841e-01
4.749344065694441341e-01
4.764572897374333427e-01
4.773562805601951897e-01
4.775839020262774848e-01
4.794433283417521841e-01
4.796335417751932950e-01
4.806486762915498923e-01
4.825530745371119923e-01
4.823849825670575298e-01
4.839697086209371890e-01
4.855899340697389377e-01
4.866992431252660789e-01
4.877349529579692589e-01
4.874626297807114206e-01
4.880895905177751737e-01
4.894278119279443229e-01
4.907227772521498554e-01
4.922963528424227353e-01
4.936657253622125374e-01
4.940276992596914774e-01
4.948344590038901147e-01
4.959177512337181737e-01
4.970446246180834637e-01
4.972316361658948858e-01
4.989478722901979357e-01
4.997903726164288907e-01
5.007481806200445584e-01
5.027095332173178166e-01
5.023062066980248375e-01
5.035661571553015081e-01
5.048632059028953512e-01
5.060802171994018828e-01
5.073936267461656158e-01
5.074083238423382491e-01
5.067654612685020821e-01
5.092729633949758528e-01
5.105602793933653460e-01
5.118988269513429223e-01
5.123351592048084324e-01
5.138291556599535737e-01
5.140246713000226064e-01
5.152967973699943416e-01
5.159072365611789834e-01
5.172353981114415911e-01
5.186606032083265205e-01
5.200022321899427924e-01
5.201913834659227520e-01
5.211377907012763044e-01
5.213467680493513168e-01
5.240080087675075271e-01
5.239179726969833695e-01
5.254313817322724400e-01
5.278581473457144568e-01
5.271321199557758019e-01
5.286731570068256003e-01
5.286202753183313341e-01
5.300454429288027347e-01
5.314421109347956529e-01
5.316971409432688089e-01
5.335020353158324014e-01
5.345930007589756450e-01
5.348982460825904006e-01
5.358569813886180366e-01
5.361820567966020246e-01
5.376409401127267840e-01
5.386395893505767640e-01
5.390484529064395458e-01
5.400416157355047986e-01
5.413919596393789169e-01
5.425685178341478343e-01
5.425969614017169818e-01
5.438678804025726121e-01
5.445110272301669774e-01
5.458475302134105922e-01
5.465681595988753916e-01
5.476282546207991153e-01
5.485211540619266968e-01
5.492739041845727810e-01
5.500911985455720909e-01
5.517602453792668227e-01
5.520781850169307337e-01
5.532696545813420297e-01
5.557410933919684215e-01
5.544661316488720404e-01
5.558256250114059771e-01
5.569766350141668321e-01
5.577547302858724132e-01
5.579175108003332495e-01
5.594067212467579431e-01
5.596790233892250388e-01
5.615252453890348106e-01
5.627459280616294857e-01
5.633672920316531441e-01
5.636063433968906411e-01
5.648837087704902116e-01
5.655015657152211439e-01
5.663797704133939348e-01
5.683402499162305554e-01
5.687008003259987898e-01
5.686081289576900843e-01
5.700414165127296595e-01
5.711164847349121665e-01
5.715812964567485999e-01
5.731495980530548762e-01
5.741715231008127640e-01
5.739089702123114645e-01
5.758756957538856414e-01
5.762703112021406726e-01
5.782187868804489206e-01
5.792489693199851519e-01
5.798191882446758205e-01
5.805181359602655800e-01
5.810070589592651880e-01
5.823963612055168548e-01
5.822930958007442870e-01
5.839217476344147340e-01
5.827373039067464955e-01
