1.035443318361349618e+00
7.694077046913235796e-01
1.771693186030244949e+00
1.253766154051036752e+00
6.618402790852434547e-01
3.540496085354100098e-01
2.004175988805203257e-01
1.244715438877093960e-01
8.529595531546753373e-02
6.286869398573263767e-02
4.860911659388159056e-02
3.893897634744677289e-02
3.211031836497144076e-02
2.709883464226854263e-02
2.407539742782767445e-02
2.029526430376138446e-02
1.936088587757367474e-02
1.585599290538055803e-02
5.159020521272463834e-03
1.265192631695640467e-02
1.144059998270511268e-02
1.057954802470587735e-02
9.294833554402342352e-03
9.807733393119476978e-03
7.837357709852606907e-03
5.509861538562058243e-03
6.321438211663448457e-03
5.470403798013849864e-03
5.299276446841245762e-03
6.308293800286004539e-03
1.726926957285421227e-03
4.237955901709038013e-03
4.528868748394834949e-03
2.752005509352839496e-03
3.397431476444027695e-03
2.160781765130540596e-03
2.498470111493921765e-03
1.132048014491504259e-02
2.843867085010579662e-03
1.215541718772999340e-03
3.677045928201977832e-03
5.778331240856107893e-03
1.957519914039581449e-03
2.479678978533064824e-03
1.544063227102940869e-03
8.707042569320103120e-04
6.775047917904868620e-03
1.634576962568969841e-03
9.357193601024267225e-04
8.433801129431392138e-03
7.002700620299498772e-04
2.270138257524895176e-03
8.236797322363544624e-04
4.294425675425714100e-04
3.796476746439708346e-04
1.311297601116400476e-03
4.626783852140506359e-03
8.283174773378358885e-04
3.673479170362618871e-04
5.153726572049306112e-04
2.527281015685035014e-03
1.228861853493026964e-02
3.435084162298717683e-04
3.188820915589630784e-03
4.666610541573462472e-04
9.372861840257378559e-04
3.672742992509959309e-03
4.522534095265647730e-03
3.605002922229171881e-03
4.038384787290307605e-04
2.880410099870025359e-03
4.971078420931375128e-03
3.871087940559640207e-03
8.312457101864825261e-04
3.682776565987308146e-04
1.229615972740286415e-03
5.023790225709215407e-04
6.648512982217511837e-03
2.827482380027203368e-03
1.185737795479217078e-03
4.569972052724201577e-04
8.693981445188197219e-04
5.329892408552097671e-03
1.871571012220808175e-03
3.144627873085626031e-03
7.114382223780474877e-03
6.502971464627694143e-04
9.075891208550870143e-03
4.382798165001996148e-04
4.899773181094341408e-04
5.784588072160137687e-04
3.078265778218950170e-04
5.642869753799113850e-04
3.749287931221612210e-04
2.239524809812868354e-03
2.033718991153917084e-03
1.395298888146239173e-03
1.441455761954326146e-03
6.665249267461936973e-03
7.330776107311425807e-04
7.667103689928081878e-04
5.579421570039895268e-04
1.374718617117138024e-03
4.158582948055761577e-03
1.815626454565008336e-03
4.229886593595089291e-03
1.445639188876245672e-03
5.503509761045110357e-04
2.467108640769707234e-03
1.763066637016858949e-03
1.390788402122609957e-03
1.506555262825481781e-03
3.021581214319768709e-03
6.383393590156410296e-04
7.518365232013213273e-04
4.404142799880055199e-03
1.469031234346962825e-03
1.221509961370515710e-03
7.406197634493049027e-03
1.497916634321622316e-03
1.212810985027905743e-03
1.405840779765221574e-03
1.288361323876279765e-03
2.871592325707760743e-03
1.054100064803070551e-03
1.136803093846517829e-03
4.196594754491664130e-03
9.049622998711661336e-04
4.002412063932508706e-04
9.174166613805648978e-04
9.600882772672919173e-04
8.187622668596899501e-04
3.759439968246198658e-04
3.136433198229491518e-03
3.579658563484714503e-03
3.488333304361560840e-03
2.608694303076228987e-03
5.719930333379042928e-03
3.663458278500395134e-03
5.207399867621255582e-04
3.499527719379070742e-03
1.219688375948133107e-03
7.439359127142016739e-04
1.192633048487192577e-03
8.222615228385734545e-04
3.987486598205850353e-04
1.616516011748473855e-03
1.678239695394339540e-03
1.215934974955543276e-03
5.071430361932127533e-04
9.812931541036578383e-04
7.294476343126613319e-03
2.730106246017688799e-03
6.660656035502534765e-04
1.140176630207940861e-03
1.217621976974655800e-03
3.866394881280013802e-03
2.989722950282648357e-04
6.874862411750975360e-04
1.996052017774024281e-04
1.823282996393119342e-03
2.377253341195399369e-03
3.276973005805385118e-03
3.005403213055505445e-04
9.672243339710361910e-04
3.680326631178444836e-03
1.029191543702145202e-03
5.379383150297463879e-04
3.417545030654425744e-03
7.270404059795427133e-04
2.236536182139605387e-03
2.870108686522247592e-03
1.019250371730262865e-03
2.877721459263923517e-03
1.145464468414264742e-03
5.213515324122967344e-04
1.591065551121316945e-04
1.107825651067227907e-03
4.602202418121142859e-04
1.176335700755088212e-03
1.507300686256428466e-03
3.439043001074331730e-03
1.247897704237695702e-03
5.948427333253858158e-04
7.682171170908702780e-04
9.243308884650899187e-04
1.039248831312025289e-03
1.283101558453139017e-03
4.332322523942051741e-04
2.200126964071606782e-04
3.657246462701092566e-04
2.235087974856591632e-04
1.464253513765575001e-03
6.363403353367727772e-04
1.526159606577883864e-03
1.409199307485364729e-03
1.179687234462574149e-03
4.560291268738201459e-04
1.797658086765556483e-03
7.479972051821483399e-03
3.929196790197386400e-04
1.639948250789473620e-03
1.342541534357605086e-03
1.354085315962432097e-03
4.919959306344709156e-04
1.445690779333602119e-03
9.560937181070719437e-04
5.413500033439971838e-04
6.759909050795867005e-04
2.102188902539811610e-03
5.085629789427667481e-04
1.527818186162297181e-03
1.267021473019384848e-03
9.748327453386770826e-04
2.312614598326983607e-03
1.171103177916439772e-03
4.145213883788461708e-03
1.375986833368987366e-03
1.433187225991269147e-03
2.250927940649862045e-03
5.372611564302776175e-04
2.334084776163144169e-04
2.729869953367376149e-03
7.860889886683119316e-04
3.452682679904502810e-04
5.393138645811249325e-04
1.593519774182822072e-03
2.274712485335962740e-03
5.212308874764799141e-04
2.069718026835124793e-04
7.137573061649155537e-04
2.495999260996508741e-03
3.738536558304778046e-03
1.237621650002953752e-03
3.082431525281070436e-03
1.061926470663487280e-03
6.069280934312323286e-04
1.584857468631996119e-03
3.365478713144135197e-03
4.700559896885847045e-04
3.904317695167347328e-04
2.716601408325667894e-03
8.834761690239668159e-04
5.474875507035649284e-04
1.638589932405021493e-04
1.378604660385464699e-03
3.594640643401463692e-03
3.053532939035638280e-04
1.210350510573100303e-03
2.456953730453856691e-03
9.441796970082782028e-04
9.332470588231457946e-04
7.036984305609542915e-04
7.113897837880119122e-04
2.676329868461144439e-04
1.425745348705938003e-03
5.135665708977032659e-04
1.975133178105091449e-03
1.478790727860630934e-03
2.909344342759188451e-04
6.297859427182250997e-04
6.770874753168624116e-04
6.182244349780681133e-04
1.274402351510153884e-03
1.251062874643301629e-04
3.777469580554102717e-04
8.865507201819850392e-05
2.150376175670435188e-04
8.807496499681408391e-04
3.678475847297689536e-03
3.192206068623411590e-03
1.742429830022514461e-04
8.422454618198284022e-04
2.325512574711922215e-03
7.244920765182279263e-04
1.844590364655763982e-04
9.380623125384881774e-04
6.890121916406639728e-04
7.923154950167733733e-04
1.663288325872855301e-04
1.465423687068517734e-03
8.522392260597194159e-04
4.548118874742830878e-04
3.576307247992493760e-04
1.775695819252144571e-04
9.877033825475866659e-05
5.267981913827581453e-04
8.364975365505769285e-04
5.614259923268450974e-04
3.311725613700447404e-03
1.206014640046762813e-04
8.663064646219776743e-04
1.813163945156504942e-03
1.474747370103781166e-03
1.360646641832422628e-04
1.393595935628305811e-03
4.030293447954575456e-04
2.340485530070846433e-04
3.998124940475799053e-04
3.041267554171854948e-03
