8.808640864319088326e-01
2.597894467413111030e+00
2.832824002924181794e+00
2.736942107578972827e+00
2.732045720834131775e+00
2.724474908898085523e+00
2.720388729869892330e+00
2.716677256864710621e+00
2.718075263823978460e+00
2.716392641760782212e+00
2.720655153430233675e+00
2.713997420901347990e+00
2.713762164951155409e+00
2.710579098981702906e+00
2.705537286663625807e+00
2.705949085647979313e+00
2.696954720672436245e+00
2.699364076952509794e+00
2.699669028590232944e+00
2.690851352409211472e+00
2.692340457181174429e+00
2.693135237733075726e+00
2.684064146717268340e+00
2.684184620963968815e+00
2.678323634244180074e+00
2.673351630362236886e+00
2.673420791982302536e+00
2.656908283407158233e+00
2.660046690142308545e+00
2.660079579210126166e+00
2.660085879185209112e+00
2.660085545171418708e+00
2.603102297788185471e+00
2.604094734765228125e+00
2.604124353997557595e+00
2.604132581009344527e+00
2.604134152303095195e+00
2.604134041530764332e+00
2.604134275151839262e+00
2.604134245752400378e+00
2.604134227334375495e+00
2.604134477458008412e+00
2.604134658001142633e+00
2.603784461279476936e+00
2.523121749247648982e+00
2.522704879520703880e+00
2.522712606239045474e+00
2.522713344069802410e+00
2.522713394722403191e+00
2.522713261357892645e+00
2.522712788506383585e+00
2.522713246894668693e+00
2.523793029024862022e+00
2.519734024037636910e+00
2.519721033283219391e+00
2.519721294239426701e+00
2.500374128399126317e+00
2.491514658756937894e+00
2.491509677560595382e+00
2.491509620410522707e+00
2.491508578031996102e+00
2.461338629364019148e+00
2.461212377038119570e+00
2.461213164777226847e+00
2.461213113778405237e+00
2.461696498250325327e+00
2.453837625796985833e+00
2.442854630047758047e+00
2.442365885810594328e+00
2.442410987497948494e+00
2.400529087892048441e+00
2.400598034878156373e+00
2.400679185663569637e+00
2.399108184374471708e+00
2.399125622933793611e+00
2.397650749926365066e+00
2.396718214388393164e+00
2.381995496870045859e+00
2.381976387106250037e+00
2.379284781556377570e+00
2.370563478392648804e+00
2.369910105892873098e+00
2.369904856327948561e+00
2.366327356338287391e+00
2.353022233243419414e+00
2.352793438130065251e+00
2.351906969917913148e+00
2.346865657815362827e+00
2.343894997980967787e+00
2.338719460473576373e+00
2.337387729001613845e+00
2.328303621415233948e+00
2.328382866482926694e+00
2.323758459457871517e+00
2.321158304181179410e+00
2.318243335655967741e+00
2.313958133769285830e+00
2.312722209976973531e+00
2.307466964689838917e+00
2.308856408767112178e+00
2.302697515305141884e+00
2.299139477470904414e+00
2.298836385828578965e+00
2.295517300339630307e+00
2.290360914485369825e+00
2.291085406745753339e+00
2.284739031644695828e+00
2.287216027519098915e+00
2.282591664720239777e+00
2.285711289416292757e+00
2.276374196688048190e+00
2.276960072452379080e+00
2.275986575389578714e+00
2.274406341583437019e+00
2.266907383905393480e+00
2.269359160994095070e+00
2.272778821520334613e+00
2.268264594575076121e+00
2.265107543028319625e+00
2.262038081059075001e+00
2.261350485512707564e+00
2.260339455745881576e+00
2.256845351574316094e+00
2.263077689336067788e+00
2.259737163111073865e+00
2.257120897967876516e+00
2.254262954089094162e+00
2.250439946863564078e+00
2.255841619580722046e+00
2.250290702994524494e+00
2.249748801853042046e+00
2.249001115636267922e+00
2.247734359446631913e+00
2.244795000032590249e+00
2.246001594207645446e+00
2.242270667828655029e+00
2.246754563784270076e+00
2.242329514042685989e+00
2.242654462951500172e+00
2.242009139863758271e+00
2.241476735988282787e+00
2.232068780211635683e+00
2.238630331627189385e+00
2.241322267487134479e+00
2.236932337119418079e+00
2.239566244642701154e+00
2.234401247446341277e+00
2.236203685661830587e+00
2.237357654471704205e+00
2.236021748885809846e+00
2.230638521031635957e+00
2.233802849215086983e+00
2.233280062220309503e+00
2.240309218410707626e+00
2.231635498904541048e+00
2.232718174205423178e+00
2.234936032405753892e+00
2.230520881917974929e+00
2.232419102039261194e+00
2.231527307315711361e+00
2.232339716064613899e+00
2.232496142158610919e+00
2.225251457181173453e+00
2.230996599151291893e+00
2.229220300503337082e+00
2.234857159526629111e+00
2.230354177878973054e+00
2.231102564111364206e+00
2.231861317741705708e+00
2.229810823996239311e+00
2.230193669850725424e+00
2.227509328493199714e+00
2.226773476755123049e+00
2.233802016342130603e+00
2.226692189125611954e+00
2.229270102342769899e+00
2.225607587214514904e+00
2.229108239000632707e+00
2.228280398680228203e+00
2.231790362825440965e+00
2.232249760470584654e+00
2.226785730014473330e+00
2.234305408820429939e+00
2.224156988311000838e+00
2.226881640597801137e+00
2.227435674220013873e+00
2.234950573974320065e+00
2.227912515663423410e+00
2.227827358555028781e+00
2.225579559322282464e+00
2.234046875957222955e+00
2.225413491967463298e+00
2.227095029223696177e+00
2.230287279354496555e+00
2.228931229965442018e+00
2.227777367930098507e+00
2.230545744987397772e+00
2.225927442668357958e+00
2.233316267070545091e+00
2.230769790573670974e+00
2.224408375144375505e+00
2.231554188973256192e+00
2.228765480899130402e+00
2.235870090666094878e+00
2.230755335570557829e+00
2.223353853475872999e+00
2.232149168813055251e+00
2.231307801626450704e+00
2.230882764944563501e+00
2.232288587270968350e+00
2.230150355161645948e+00
2.229706119885809468e+00
2.229020884201267094e+00
2.230315985047232274e+00
2.231061635890922989e+00
2.229577768695982343e+00
2.230327451869812627e+00
2.234263778619024698e+00
2.230467544004433034e+00
2.232229825409924207e+00
2.229741058928299768e+00
2.236348783711990862e+00
2.231553036868362039e+00
2.231112588026194388e+00
2.232095941342455703e+00
2.234717529098647848e+00
2.233488817806982496e+00
2.231391810522840302e+00
2.232529014949414137e+00
2.233688203848527287e+00
2.234569824293133777e+00
2.234301314848275322e+00
2.240674751588826119e+00
2.240844749422458815e+00
2.240576195215891353e+00
2.240572349563794141e+00
2.234405354718528969e+00
2.234364419151246839e+00
2.239117579128149238e+00
2.232579808329804294e+00
2.236477084719913577e+00
2.236802174705368795e+00
2.240666779667397357e+00
2.237565250460375577e+00
2.236172922839393618e+00
2.236072843128069199e+00
2.237724413259313039e+00
2.236915958328283605e+00
2.238543923315696738e+00
2.244014684559851869e+00
2.232745217578936625e+00
2.239424811905832424e+00
2.240180079991649809e+00
2.237974184505492126e+00
2.239976438541567028e+00
2.244787687491482941e+00
2.238933816472893135e+00
2.242109046129924455e+00
2.241546090691249216e+00
2.232194743292922556e+00
2.243284675875977907e+00
2.242312539863299925e+00
2.239560126787812244e+00
2.242600541173566331e+00
2.241287990142039721e+00
2.239839494356171912e+00
2.243612861833112149e+00
2.240324588496052538e+00
2.240094160946979329e+00
2.245205008179725237e+00
2.244991226526821926e+00
2.241541303965634224e+00
2.240320241673085633e+00
2.239605610332629393e+00
2.244133547220394931e+00
2.242021220635334711e+00
2.243883956267002766e+00
2.241547519826939894e+00
2.241585351775079005e+00
2.241906740482465299e+00
2.243123480661995295e+00
2.242106235820223947e+00
2.245877438191715481e+00
2.239952707244020402e+00
2.241679660613943970e+00
2.243347642391443575e+00
2.241516536176072716e+00
2.242142501382359931e+00
2.244102965109363357e+00
2.242303919333654694e+00
2.239767472306897211e+00
2.249478085046709541e+00
2.241091088316315982e+00
2.239487543818095894e+00
2.242844136902570895e+00
2.240740348150028094e+00
2.244723799440971668e+00
2.237772780412407680e+00
2.250954550705468904e+00
2.241472345981312397e+00
