1.044356623770299919e+00
1.974455721987773416e+00
3.815994705217162775e+00
1.459274857555910909e+00
2.402175744727475859e+00
3.989554353407176457e+00
4.406870567177755937e+00
4.617016815820738529e+00
4.762810837093024219e+00
4.879484394734096675e+00
4.980672849105010513e+00
5.076856872027632583e+00
5.173633352959899234e+00
5.259470848749258742e+00
5.348365233242382111e+00
5.423584212069917143e+00
5.497177307285249448e+00
5.566830354116057755e+00
5.626097484800004267e+00
5.696828299326686107e+00
5.748113894237986798e+00
5.807660953107917301e+00
5.847052156807539980e+00
5.912517515975302729e+00
5.946658879463358360e+00
5.972364109849850777e+00
5.961830302531301307e+00
5.920675220301396813e+00
5.874702937308058814e+00
5.822345940049912016e+00
5.809197992342286732e+00
5.787487071904961589e+00
5.782782384699604705e+00
5.783534455913361683e+00
5.771799011177031424e+00
5.750798467416765369e+00
5.701406650510522311e+00
5.623034542765978472e+00
5.523008318749250911e+00
5.413607704858733882e+00
5.290656581653948365e+00
5.213522432826175113e+00
5.150859944309975624e+00
5.124425513703122270e+00
5.109269846421664596e+00
5.147979273815657564e+00
5.199192270113071501e+00
5.255955767105526810e+00
5.308311072023380817e+00
5.400221791428524654e+00
5.476186005777556431e+00
5.566936551262644528e+00
5.690650321973993897e+00
5.774294215662004071e+00
5.836582783431667920e+00
5.858793661383191242e+00
5.851917336292503435e+00
5.791686148823893987e+00
5.722670433593836314e+00
5.553218239793403121e+00
5.357872756537489067e+00
5.147385186890526043e+00
4.927225945536542362e+00
4.665668908773956680e+00
4.409005562966587632e+00
4.168441121446984532e+00
3.953234173324578382e+00
3.741132843007106246e+00
3.528336409139826380e+00
3.340849509360864111e+00
3.186395310575327322e+00
3.011848139981066819e+00
2.878822034053871715e+00
2.726445353824774820e+00
2.638226949436841107e+00
2.541131099756895662e+00
2.479055303105293984e+00
2.423756226718602580e+00
2.416390172572655981e+00
2.417160076619070175e+00
2.516944395240378718e+00
2.589086216182844069e+00
2.706449342794805535e+00
2.831585492123486425e+00
2.947960230715707119e+00
3.032656258394070381e+00
3.061607575282203175e+00
3.146205812738307461e+00
3.236910808568452591e+00
3.100736707858636532e+00
3.102496450894336011e+00
3.302750320685261087e+00
3.607312001778909316e+00
3.919690854090688958e+00
4.177566953798873328e+00
4.386782854873400694e+00
4.624790176641853989e+00
4.831321058828623727e+00
5.093185707648617999e+00
5.277919957677422502e+00
5.474733578267723999e+00
5.646967880902914239e+00
5.755079143224482330e+00
5.842765022562510957e+00
5.910613502014110843e+00
5.932510787273559849e+00
5.963672671082365540e+00
5.945085254602201275e+00
5.948423495829752383e+00
5.895646852710539676e+00
5.847150931897436621e+00
5.826093597663586365e+00
5.754347383493099599e+00
5.638883962974995612e+00
5.561349495690592448e+00
5.423399978603995919e+00
5.259775062037088667e+00
5.098750894530024169e+00
4.921403694810094542e+00
4.751588460380920864e+00
4.526306321853087233e+00
4.366919829385768281e+00
4.177738541520348292e+00
4.024429084453141847e+00
3.891567830340824763e+00
3.746602595882374320e+00
3.672523369329012688e+00
3.542113806173786461e+00
3.471604080828444516e+00
3.432099577327866413e+00
3.332012315417211656e+00
3.206955039099905314e+00
3.133120822488229873e+00
3.067454362475519059e+00
2.962218313284078697e+00
2.703319152024862948e+00
2.433498150751543854e+00
2.295888336379140249e+00
2.520073997118886577e+00
2.717283339106670415e+00
2.798738599859634579e+00
2.723137429323745362e+00
2.690649408562253875e+00
2.584098589476529373e+00
2.588762268369321884e+00
2.398634861365808391e+00
2.370747384882499809e+00
2.349195579171902359e+00
2.273829224509907654e+00
2.109920681763358452e+00
2.097437535796085495e+00
2.023101881524470791e+00
1.938733853146007213e+00
1.973042055709716580e+00
1.873089986300519483e+00
1.625352250956142441e+00
1.740814926464581802e+00
1.697406707050316044e+00
1.542541037711837149e+00
1.758786951922140629e+00
1.471240382489025222e+00
1.317295466953447569e+00
1.359496105829339552e+00
1.346658238666392338e+00
1.169005516998796068e+00
1.307767533061383824e+00
1.071139241899457195e+00
1.065447986387902279e+00
1.021504764495006823e+00
8.869960289780056684e-01
9.690560634075542357e-01
9.328951797519745570e-01
9.944350473358163356e-01
9.123344011572264156e-01
5.488066198647005844e-01
6.628949198292949374e-01
7.269313745565858520e-01
7.647740849987481049e-01
6.300593090183863598e-01
7.028694236061102663e-01
6.421834458294867209e-01
5.938178249994942037e-01
6.460584653644130260e-01
6.042641065412260870e-01
6.804532064108677059e-01
5.992991480462812603e-01
4.920942687861823983e-01
6.876171145400822304e-01
5.526697639285897967e-01
5.809509018476982645e-01
4.196492539250387677e-01
5.484144078588729654e-01
7.333956342679542884e-01
5.138074115864230684e-01
4.553971518111616379e-01
4.580295524044096234e-01
7.634475131235146650e-01
4.962180707136776836e-01
5.352643698026742225e-01
5.823794704690224977e-01
3.978487170258945826e-01
6.015587556489916388e-01
6.155633901109640593e-01
5.399252294125058693e-01
3.488537795397464447e-01
4.767126841067693133e-01
4.419653948068070770e-01
4.959865629926239472e-01
5.756427856725191416e-01
4.502599906508782945e-01
4.273751268896909816e-01
2.991771440372252844e-01
5.127479428865513444e-01
3.670087093616912211e-01
4.271434881275792961e-01
3.734757460630085957e-01
3.286956349503281083e-01
4.508075704237288761e-01
5.743012798875576363e-01
4.403095090711475201e-01
4.623630175086684280e-01
4.060795074304149876e-01
2.931188720457723051e-01
3.348482374280429830e-01
3.457543070778822392e-01
4.155518620171986255e-01
2.513319233364659233e-01
5.255815510630551524e-01
2.816808038834575090e-01
2.335282241764498334e-01
5.692927089777226612e-01
4.152891584854372375e-01
5.774513483695954408e-01
3.253843401715071915e-01
3.035592439805440135e-01
2.578458444758560675e-01
2.892628260443937949e-01
4.073054066093333980e-01
2.020490026657910942e-01
4.351815490836490885e-01
6.070734999334702620e-01
3.426800131829538243e-01
5.278260727748037562e-01
5.239116240410001124e-01
4.195077728816651863e-01
9.072783121140847173e-01
5.102087410244704468e-01
5.147348350751012047e-01
4.649239741462842246e-01
1.835318532734572516e-01
3.424201233585805748e-01
3.463880167354003725e-01
4.214097186959901986e-01
3.409702910520318042e-01
2.646839170919660367e-01
3.525501320970282348e-01
1.952507543338622420e-01
1.892454040104543378e-01
2.957325320897222776e-01
2.771347324326009498e-01
2.070066046105827617e-01
2.209357247652817824e-01
2.192346722400512204e-01
5.597025555880511538e-01
8.685174450063575247e-01
2.625186261087458783e-01
3.586418787942351472e-01
2.937098965814332607e-01
3.333448426086125238e-01
2.619201832445018918e-01
2.177102921042443906e-01
3.418550831706217430e-01
1.821076749595098576e-01
4.408543425996989673e-01
3.264989075617021896e-01
2.287614670999512934e-01
3.218147616069092498e-01
1.326459653285421425e-01
3.749523211391410649e-01
5.756094837823991783e-01
3.733126248111013901e-01
3.476844339797689476e-01
2.813794709870797717e-01
2.587949667787705077e-01
4.564650351583701693e-01
1.934001797119549448e-01
1.751283933931324643e-01
2.768736921312718313e-01
1.875216008100291931e-01
4.765624860106290606e-01
4.558200814188894112e-01
3.002778729140440639e-01
2.490184188375016150e-01
4.648581455000832530e-01
3.936811850895693410e-01
2.298052540217951356e-01
3.596222674368311223e-01
3.541260155313091240e-01
2.239486109291221327e-01
2.339283749670020840e-01
