1.041782073241816375e+00
1.480731249927826010e+00
1.961442734546950950e+00
2.399060915859492660e+00
9.561905897503548246e+00
9.192654157377045721e+00
7.962978899025320523e+00
7.125128690903858697e+00
6.309563276250850450e+00
5.734350278376862065e+00
5.189233597766937933e+00
4.667848471116701425e+00
4.202351758538481974e+00
3.799005567180627541e+00
3.443783988798056583e+00
3.131082422858824543e+00
2.847091489838017964e+00
2.591746166952215713e+00
2.359542303951990050e+00
2.140940483184053722e+00
1.940092366996305939e+00
1.752123120756959862e+00
1.582631852643612280e+00
1.437395545311093148e+00
1.324607131363882528e+00
1.241230997087045429e+00
1.187370177627178114e+00
1.174501581573161646e+00
1.190198096427134811e+00
1.210355010469818415e+00
1.942960687255776309e+00
2.702355369179640476e+00
2.746841471841955151e+00
2.545373935561872969e+00
2.387006031526992089e+00
2.213592955323163469e+00
1.972489329050711726e+00
1.785570400322989748e+00
1.631369645256074641e+00
1.494626506455960069e+00
1.389208020490375173e+00
1.229419465563106328e+00
1.095600909927167965e+00
9.907951452976309081e-01
8.889013058616882512e-01
8.004148102048772584e-01
7.087069842871770442e-01
6.372866162847738991e-01
5.782765590103191577e-01
5.258991150259222369e-01
4.625256606689484573e-01
3.993865797709843513e-01
3.990671654050138573e-01
3.244789235752422729e-01
2.951955001356853514e-01
2.603636576593372221e-01
2.320247620238573283e-01
3.060065886677864611e-01
1.866243533147700362e-01
1.830894741653369129e-01
1.739814370068043237e-01
1.572108122736039504e-01
1.964556315857559909e-01
1.072048727084181641e-01
9.409569213970742085e-02
2.092721743251758915e-01
7.737733454284477508e-02
1.548004394754900204e-01
8.726675600260891397e-02
5.643086517510119415e-02
4.771863867168123219e-02
1.335555978737663352e-01
3.883687157651401906e-02
2.847793807658973234e-02
2.374214592910661725e-02
1.142710112507794307e-01
1.411201890381605199e-02
1.705675080395624779e-02
1.983957567637504096e-02
9.520504970988762430e-03
1.553455738694217367e-02
2.435845601799197305e-02
9.291947368229216964e-02
9.510083049685506482e-03
1.902560898935979489e-02
3.388187532010769609e-02
1.218602575082921441e-02
1.535077530807957280e-02
5.666194371501631633e-02
1.386950119332372618e-02
6.301617338608972441e-02
3.824211753407456837e-02
1.485658209960344540e-02
2.754535007118795106e-02
2.566957097456790127e-02
2.660438879149053942e-02
1.924647682461122500e-02
2.376389411451172370e-02
1.587851987764029096e-02
2.549235239990785967e-02
2.005508735075990992e-02
2.488486145747139874e-02
1.833460565279580734e-02
2.338169414367636395e-02
1.526922378913756796e-02
2.360050887451654866e-02
1.887542041715062693e-02
1.846204269377825849e-02
1.808795645491600296e-02
1.394283182413637648e-02
1.938791355026630095e-02
3.666225229668643171e-02
1.698392438301062762e-02
1.750530919571000391e-02
4.482879607510692477e-02
4.258401801861505520e-02
1.462214728346332079e-02
2.265824977786433034e-02
1.067041738227481468e-01
2.960703090525646300e-02
1.403297742020769012e-01
3.032175614141933290e-02
1.368650113330394102e-01
9.782303979659364920e-03
1.336380381356594080e-02
8.002706081537397376e-02
5.090373147618334343e-02
2.692676492102439104e-02
1.445759788454104196e-02
6.112480125462771419e-02
3.263371651350099184e-02
7.844743009467280634e-03
7.854538512806848519e-03
2.876446038547963643e-02
1.828357343988573636e-02
1.069127268553591442e-02
2.471794469007617540e-02
2.451272510637534513e-02
6.413551868655045438e-03
1.606190352788149089e-02
8.361175478866077204e-03
5.314043375973740921e-03
6.885680320226277712e-03
5.162875808731487957e-03
2.453876681950203226e-02
1.461954941288011803e-02
6.371800825748047577e-03
5.184665521887968365e-03
1.933706105082630758e-02
2.673699993635096292e-02
1.154781073406992847e-02
6.217551896756683127e-02
2.143716765457758661e-02
8.253839990626085643e-02
5.252728037822528007e-03
5.037647023551478608e-03
5.312393234289003452e-02
4.664897057000467334e-02
1.766120301312183727e-02
1.455330365570321749e-02
1.734262627026127851e-02
1.320030149926713740e-02
8.353618373237959790e-03
6.379220918602059032e-02
2.577324957245799228e-02
8.138795739028814591e-03
1.433213271787917194e-02
1.674854648808293822e-02
9.644462161840252484e-03
2.225465333444439156e-02
3.864155801275649671e-02
1.302021423327385900e-02
1.004863655590496757e-02
1.498214990766608308e-02
1.362992670241493509e-01
2.717995125074189333e-02
4.900506759236319433e-03
5.304426961984645694e-03
6.974907896030890786e-03
2.199468677820280021e-02
7.721489848093499031e-02
1.288383267758498596e-01
2.758703281768903545e-02
1.776838093311227870e-02
6.117181156214844193e-03
1.882298579012742570e-02
3.674657947384192547e-02
1.275964680535000839e-02
7.668173627853774876e-02
5.152404141753022700e-03
6.750682150377457919e-03
7.113799379069988583e-03
6.198073456045913830e-03
5.326409629061786867e-03
6.261777377673026154e-03
1.131545507423570643e-02
1.008645512414533055e-02
7.178104886420378326e-03
1.018826552815485682e-02
1.806763094949175030e-02
7.908806897751839010e-03
9.987547986645502543e-03
6.543396090560650927e-03
6.988293550731982176e-03
6.265727492454065822e-03
8.291420878914683087e-03
8.525193549795282572e-03
6.038708157384829397e-03
7.424625309931564589e-03
9.817626979330206644e-03
1.244800729478118782e-02
1.045690643322580611e-02
5.917304099520571958e-02
2.852832104709382074e-02
4.061586543529258769e-02
8.889388002339600539e-03
8.641751079351151985e-03
6.734629967713959102e-03
3.827573299350572888e-02
2.501442003673311210e-02
8.243761049640416227e-02
2.661225487225617192e-02
1.049552538111362815e-01
6.475327954971001922e-03
2.562207103810313497e-02
2.302820141223987233e-02
1.155403906062112476e-02
1.578696855566495694e-02
1.440996616935963925e-01
8.730822073396864169e-03
2.330787370802789998e-02
3.195803775930513430e-02
3.241176620808955411e-02
1.459576860906837761e-02
7.456964918551626208e-03
2.760754404139653673e-02
1.168936305375398166e-02
6.085712754468872165e-02
9.706735788650106347e-03
8.775180454318659562e-03
8.224242897960955256e-03
1.267555780558888949e-02
1.889843944884779525e-02
1.361291351475644312e-02
9.712545447879456992e-03
9.666366722552990551e-03
1.348781394970004384e-02
2.614268644448321244e-02
2.195351115121536162e-02
3.762309426724416012e-02
2.813979157178449209e-02
5.440534651175502751e-02
8.741868148721264331e-03
8.862129041993668799e-03
7.407810448862886532e-02
4.646642527347307622e-02
1.784245416938278969e-02
1.610642980875885005e-02
5.616930303223731380e-02
1.017528903955624772e-02
4.064429363433460368e-02
1.492563410477876391e-02
3.652094974462884863e-02
1.659871365412205965e-02
8.742477587611237680e-03
1.544142071708064223e-02
1.330960834268994815e-02
5.251876218529085566e-02
9.869180205494168523e-03
9.291122013064426893e-03
8.908192727088872290e-03
9.644737590533667554e-03
9.363040336368158578e-03
8.843582070601504683e-03
1.239902129506595743e-02
9.017547942310317338e-03
9.959960693842114313e-03
8.422287089841936497e-03
2.114401997546900072e-02
1.447607670258215309e-02
1.636890856809021869e-02
1.016377019331505746e-02
1.137577669017890945e-02
7.858985254035557103e-03
8.514104230876805290e-03
8.296671732970434601e-03
9.195183415253825251e-03
7.562098420444684881e-03
7.085220767493534411e-02
9.668181681903935745e-03
1.731555040648390109e-02
9.736560242984863139e-03
1.443571162087661786e-02
2.255913244473890106e-02
9.891943548670732375e-03
1.834747449674531752e-02
1.864845981520392090e-02
1.072665393612956541e-02
1.101792929065823455e-02
9.929785140721378994e-03
