9.140066183221623453e-01
6.303794926905690321e-01
1.725662212348216595e+00
1.437437710934394319e+00
9.249588439739319101e-01
5.867993460973680575e-01
3.727424868534824354e-01
2.389748938405044376e-01
1.551695703710044838e-01
1.024939500636194573e-01
6.988860313055270113e-02
5.038483277332834326e-02
3.911311370997806042e-02
3.267253993148975383e-02
2.887724809310775187e-02
2.645207418841420341e-02
2.471063094721759335e-02
2.329752515176134603e-02
2.203497120268196191e-02
2.079624128545232500e-02
1.974273267041059057e-02
1.860844461826886495e-02
1.766153545642657613e-02
1.642510700280675612e-02
1.528022723151778797e-02
1.444067738892325717e-02
1.282342570715084423e-02
1.258019778229968813e-02
1.705236051579455542e-02
1.085271903371810842e-02
3.804307572935471029e-03
9.319694767486605413e-03
3.646412190920134654e-03
8.021101029126172927e-03
3.073606218416983279e-03
4.607968127807652095e-03
6.538158436570235335e-03
5.925393198102707135e-03
4.017152694598982027e-03
4.339193964329339341e-03
7.084281177950586990e-03
4.436650855196651658e-03
3.935454637503683212e-03
3.576624062360644462e-03
3.152368600998535671e-03
3.839718093440261382e-03
2.345270154180009031e-03
1.956678198099175408e-03
1.891112970881841633e-03
2.251653328849345919e-03
2.073128716930472057e-03
2.870937925161640928e-03
1.749230577739488684e-03
2.003997638593130182e-03
2.276504531833755795e-03
1.693726904468417045e-03
7.754842491829280066e-03
2.505922560589057650e-03
1.029110772415777137e-03
1.544372951613554902e-03
2.434503285059397715e-03
1.453916218553438127e-03
7.633381256120153578e-03
2.844855188113478654e-03
6.193023318975102165e-03
2.348955318570267181e-03
1.805352895668388934e-03
5.172681450925878388e-03
1.419334961466396476e-03
1.332846948849037913e-03
2.996053361507516020e-03
1.129418376611141667e-03
7.454341050410834757e-04
1.029000567786397292e-03
6.884141809063632801e-04
8.985461186416349947e-04
1.132664197795156579e-03
1.004465293031429592e-03
8.619244907516707696e-04
4.988943881550227805e-03
8.760328863945293296e-03
1.401688512489209599e-03
1.331589114472732198e-02
7.811609938311920740e-04
1.115915374993709354e-03
6.294743036699519071e-04
7.693822886881310046e-04
6.375247677991808864e-04
5.657246932835769022e-04
9.098430897492321579e-04
1.614683266108431301e-03
5.010419153508172650e-03
8.648983665260651533e-04
8.987140711114401971e-04
7.628045429154639741e-03
1.062049122147346297e-03
1.975435976525207263e-03
9.013551069335997302e-04
6.521815826482031718e-04
1.566444869913503164e-03
1.155200509045549526e-03
5.396265951221599667e-04
2.248229131471650866e-03
9.803479661253536662e-04
4.749245905970465344e-03
9.637956347421968838e-04
5.244090103252449855e-04
3.222799137599096329e-03
5.925266504337344453e-04
9.766487715209219017e-04
8.016030961416724387e-04
4.641383121872012817e-04
5.905190052488739965e-04
1.440515141684400174e-03
4.451449232034373278e-04
3.101478480896436782e-03
8.990311586907171262e-03
8.384262737526124555e-04
3.618547275765356900e-04
6.939246960319000361e-04
1.817830838520871108e-03
1.565896542189502494e-03
8.592447395023784969e-04
8.074683946436430563e-04
1.052047895193979456e-03
1.748198390756273111e-03
1.447301651812920491e-03
1.057334294989235998e-03
2.750033672957598319e-03
8.514267033695108178e-03
1.504308185446388488e-03
2.108892173673597003e-03
1.709982354303168917e-03
7.071306803081119693e-04
1.371782134824056209e-03
1.309257872189749762e-03
6.355137591597482226e-03
2.764727682184384746e-03
2.631007933651394355e-03
8.395794920635530094e-04
1.797448733911260208e-03
9.046318201243835856e-04
1.305185633753504562e-02
7.119941053331762908e-04
2.236054800037327091e-03
1.491484653129518953e-03
7.658591204569273380e-04
8.079993487601081414e-04
6.523239399151420370e-04
9.958074699807422867e-04
6.353358141274524119e-04
8.556496465349442814e-04
3.527399248338426176e-04
2.772538993670758045e-04
1.501001470672954459e-03
8.197642571492053110e-04
7.197198100609422840e-03
7.550507250966118251e-04
2.480246717541774448e-03
2.540315575218935872e-03
1.393928664680366093e-03
2.009124680943272841e-03
4.823857383172077372e-03
3.291554151498719740e-03
2.012205156902451084e-03
2.021547314471662093e-03
1.079111745779428450e-03
1.520393187269959397e-03
5.767814516960906822e-03
1.917646794786174004e-03
6.449421958566637844e-03
2.432837409988900662e-03
4.185024976384128792e-03
3.353698020841595386e-03
2.186070167086765891e-03
2.655407659158434686e-03
2.735727735211770668e-03
1.987638568160894972e-03
1.319216582019994057e-03
3.052652558833300806e-04
5.763411929012188326e-04
1.858780527515697121e-03
5.847569174815551085e-04
2.829015797466075208e-03
4.750821728528525716e-04
3.200045622613172385e-04
5.898166714141832084e-04
1.028608178949304676e-03
6.030796016209649234e-04
1.350805460063075805e-03
1.670847163837528441e-03
5.708022837681044417e-03
2.763553478279763640e-03
1.801180065989712708e-03
4.800151618057234195e-04
8.017330540323906523e-04
2.273629461284640361e-03
6.545025500362380757e-04
6.189328388488731653e-03
4.847487890171579936e-04
3.522368343278896308e-03
2.270174602012964889e-04
3.376827642969828093e-04
5.586446893584536347e-03
1.471924432115014883e-03
8.009981967421126500e-04
1.582557990463841430e-03
6.514862730462536331e-04
5.976397139306798348e-04
5.095900489641925959e-04
3.867987797425223324e-04
1.868790416990771721e-04
4.102737013635494932e-04
1.286063310142373855e-03
5.232614219373804727e-03
4.032602871502610460e-04
4.495458531709917876e-04
3.825259305201467088e-03
1.013375944681145979e-03
2.348746988850634702e-03
8.420784941826168222e-04
3.001312022122861172e-03
1.642562830393235265e-03
5.279487062536450653e-04
3.598460094231647056e-04
1.049109084856698817e-03
1.486708010718749561e-04
5.338847322371293152e-04
1.301739262897891282e-03
6.674804767139956704e-04
3.263472968421588915e-03
5.393826897542138487e-04
2.066445853622397952e-04
7.486874446935279283e-04
2.847829832013410497e-03
3.671456949796140633e-03
4.456726490491332709e-04
3.921494538603342676e-03
1.738187399493595301e-03
2.417948713246973694e-03
3.390974520745278871e-04
2.864990143509231826e-04
2.606371473719677973e-04
2.798775429327597219e-04
1.903590140370076600e-03
1.565716915751422375e-03
4.114676038088281823e-04
3.808327058223118840e-03
3.361099657098637100e-04
1.544418252151125051e-04
2.542235031931683754e-04
4.603921071232201312e-04
1.689693961781363026e-03
8.834714549811629189e-04
9.710982171391409692e-04
4.480532831344172934e-04
8.399842539205715263e-04
1.330970355786869914e-03
1.298958215700887504e-04
3.025083261031475757e-04
1.331657727841826719e-03
8.689598497203176401e-04
1.456407403427032073e-03
1.432129254474540266e-03
1.480892045293076076e-03
4.654318995751535542e-04
6.053684123079351980e-04
1.900449690523836046e-03
3.201676803046169472e-04
1.765238059414945973e-03
2.704222627147671843e-04
2.437447806951731268e-03
7.311701345206692969e-04
1.421104053051930327e-03
4.992949668409189974e-03
3.627902886581072244e-04
2.846161706085313312e-04
2.779574215479147480e-04
6.647510791500813379e-04
1.593707883871231773e-04
3.779617490589937687e-04
5.817375324153130399e-04
8.798664769359185829e-04
1.482087670995776399e-04
1.571709966564468347e-03
4.606597682478828803e-04
2.400232501176714252e-03
7.325064985766743678e-04
3.489918895219529965e-04
2.515353246457508710e-04
3.143451935115620260e-04
2.407275720245277001e-03
2.548593915752758818e-03
8.680463624412996593e-04
1.703901745898095150e-04
3.875934279819200187e-04
2.938424727638587215e-03
6.327641186113220056e-04
4.715261867405008168e-03
7.285783274453987201e-04
