1.004205673272988486e+00
1.177797383303918366e+00
1.239920073264333400e+00
1.357748586835936910e+00
1.447418880467346458e+00
1.551462812844032202e+00
1.735529166604527607e+00
1.803453079818649885e+00
1.932218587195523085e+00
2.003105879085325114e+00
1.886318345544942154e+00
1.924989145317355543e+00
1.882871097908935809e+00
1.780656981874971567e+00
1.896627241947617337e+00
2.112832603252825070e+00
1.758983780277719955e+00
1.312347093321190261e+00
1.557882763635606072e+00
1.747650980440637714e+00
1.720333919134751088e+00
1.786858016832227003e+00
1.822268129404120085e+00
1.922340272691153817e+00
1.866936367450027001e+00
1.864400307266670609e+00
1.940263858193879365e+00
1.862531672609041955e+00
1.917170508816898433e+00
1.916843702864040599e+00
1.923672069685768760e+00
1.918867555855313212e+00
1.922508888254549131e+00
1.909681262080650033e+00
1.902828936633429668e+00
1.903678563881993080e+00
1.865511842859140623e+00
2.001813098679104286e+00
1.862300157607835072e+00
1.821475028403699126e+00
1.803105904512792845e+00
1.758095550427498432e+00
1.805690436931351117e+00
1.959008760219882683e+00
1.641714142392567410e+00
1.679835063480842772e+00
1.708372429564499528e+00
1.687616241507879256e+00
1.596282050719164625e+00
1.602382482676438791e+00
1.676321677544356570e+00
1.558742291069148189e+00
1.504544660045995519e+00
1.509397709465580384e+00
1.444914307118638774e+00
1.413363785458352506e+00
1.493614539922228257e+00
1.332863460259785304e+00
1.338624858860699041e+00
1.283763310448768680e+00
1.274293984183541673e+00
1.329103176218504379e+00
1.408549363398517107e+00
1.248468180356667956e+00
1.163344365748752107e+00
1.164602775575789950e+00
1.135613965509279844e+00
1.150475231420553301e+00
1.092454211400093245e+00
1.024619680571388525e+00
1.193861732569152290e+00
1.040988836915418991e+00
1.036362177434150933e+00
9.378999951218839337e-01
1.103622704394811249e+00
1.049843190441416940e+00
1.003234973733844182e+00
1.010246104601847383e+00
1.219018089637851743e+00
9.225475423663770380e-01
9.721502407764837095e-01
9.340848551177118875e-01
1.184219395657970297e+00
8.531992874450300413e-01
8.902503653688375040e-01
8.040581833160976855e-01
8.818237404642135235e-01
7.486044489375778266e-01
7.983917943257416994e-01
8.487510714010690904e-01
8.858325085660541109e-01
8.959900936773849134e-01
8.124620901410728457e-01
9.925484971322113825e-01
7.650251019537037678e-01
7.051525990727065540e-01
7.497460070068734383e-01
7.384832453541859687e-01
7.584834065607060083e-01
7.494239471132896346e-01
8.041687908150075836e-01
8.804211218075346235e-01
7.602028724826915829e-01
7.238058350774018157e-01
7.054390121860967255e-01
7.010574740857438147e-01
6.974127457974662603e-01
7.886794762570369377e-01
6.660894451475143363e-01
6.916516056543263735e-01
7.320029447171449988e-01
6.561376414982988958e-01
6.729311280000607187e-01
6.458548954426096556e-01
6.463733348059010897e-01
5.767571251115084507e-01
5.905352144134888848e-01
6.530264646005008444e-01
6.193960782377736507e-01
6.029336870115367120e-01
6.231654040297672781e-01
7.532822878097090724e-01
6.561351341370185164e-01
6.563201699866949568e-01
6.442096296728357929e-01
5.716996955561627347e-01
5.146924628778096755e-01
6.238478316686131286e-01
4.688385816762235536e-01
6.626221779442142967e-01
5.409391776926580908e-01
8.520230959627373979e-01
7.484247401942828448e-01
5.901296960708413142e-01
5.303546901306587236e-01
5.870463246969535032e-01
5.370764285603955024e-01
5.336742970140726516e-01
5.052099089134837184e-01
6.090929143642431765e-01
5.249021634416392024e-01
6.093640611285681130e-01
5.191517442847046748e-01
6.367022931016589338e-01
5.632954850496869614e-01
5.060407691368868921e-01
5.406111736442235083e-01
4.834511431634493928e-01
4.663567492134778059e-01
5.981224388794489366e-01
4.825572528677857798e-01
5.760160452539542231e-01
4.302424528621791588e-01
4.930710538226045769e-01
4.738487873634120717e-01
5.322347856506342012e-01
6.043802951648746813e-01
5.079449734730099308e-01
5.700955117448879284e-01
4.613376900925541535e-01
4.806867775856505931e-01
5.649466191715715180e-01
6.682649670642670792e-01
6.866698523354068939e-01
5.617279385814375470e-01
4.813268767412524629e-01
4.702921830459916852e-01
5.084761147227335742e-01
6.031680420738055881e-01
5.020366583802640115e-01
5.981599017508555383e-01
4.338365192766130973e-01
5.142710453368322110e-01
6.127937867068333766e-01
5.525849916758719393e-01
4.420038702363131566e-01
4.912914981355555599e-01
4.750837404104363837e-01
5.226113033316158729e-01
4.606244137449523324e-01
4.634242478153459133e-01
4.450764376920758880e-01
4.542796840013653692e-01
3.203619619270801633e-01
4.563701179452011036e-01
4.844707864051666646e-01
4.797439122385611099e-01
4.437816376001387786e-01
4.500226654231864187e-01
5.428678182737983748e-01
4.791198933601092391e-01
3.899134933153542981e-01
4.419523616188356652e-01
5.976409600309668946e-01
4.921089185373958563e-01
5.058796662238193020e-01
4.902511378855861635e-01
3.695991584588098067e-01
4.785064955893961747e-01
5.443833896076036849e-01
4.445424146694380019e-01
4.406468175667442866e-01
4.428446462217244251e-01
4.603431268072817883e-01
4.178490090584978667e-01
5.186777180649276842e-01
4.186496924999405511e-01
4.567833549549800698e-01
4.081603241740554555e-01
4.897539118100312505e-01
4.195091579024634032e-01
4.422596804026802664e-01
4.852225462624044638e-01
4.439109198723105720e-01
4.147629106360671281e-01
6.651040480438954461e-01
5.163065196466294360e-01
4.342809869153069768e-01
3.388505249922691975e-01
5.521898962961089286e-01
4.402556508555828807e-01
4.457944212750233337e-01
4.823172098024141041e-01
4.480556215626228522e-01
4.049022483749491474e-01
4.713452094858728292e-01
4.522208037410893056e-01
2.769033760086959672e-01
4.064193435072755989e-01
4.903679656073701709e-01
3.923651885025507546e-01
4.141671452512700191e-01
4.326871014128859105e-01
6.606061315581883697e-01
4.390788658060058580e-01
4.392785428148350269e-01
6.305980583526314964e-01
6.648751231372269643e-01
5.055866306651187747e-01
4.712505516707495845e-01
6.436573697932074234e-01
4.207953603892875538e-01
4.326117243307009419e-01
4.216426862603063208e-01
4.206750890365710815e-01
4.275826991383385178e-01
4.669587033301468293e-01
4.921219504998579630e-01
3.811239716375944830e-01
4.959527187274990201e-01
3.817181751434591819e-01
4.067697233544250723e-01
3.857885697571473704e-01
5.050162327076384017e-01
3.635150647577989336e-01
3.854583887816829813e-01
4.042504039264276927e-01
4.327359493242478594e-01
4.792482123982864106e-01
4.405776517051614438e-01
4.281433561421578160e-01
4.214735204261813029e-01
4.180889510543298604e-01
4.078832527491946247e-01
4.088886551268039460e-01
4.245309009365987873e-01
4.724990021708176391e-01
3.773809154327991688e-01
4.399063969577975963e-01
4.344735083854038282e-01
3.965500535769706514e-01
3.964540009153235123e-01
3.981064610429370654e-01
4.800560307192970333e-01
4.136387773548280689e-01
4.189639538412151532e-01
4.146430226421088938e-01
4.911586991147667836e-01
4.426007875457576568e-01
4.867103315056086066e-01
5.675397714134980953e-01
4.149444827087947485e-01
3.451459930960542044e-01
4.078254091494311062e-01
4.674746595775265412e-01
5.047492945508030848e-01
4.170118179853248286e-01
4.195998977714326950e-01
4.125879351958258168e-01
5.575141594422330371e-01
5.056704128678463084e-01
5.318782140178205387e-01
4.021482571587685073e-01
4.046464169274635592e-01
3.958146715676617577e-01
5.753049803771321802e-01
4.699237413705749655e-01
3.951913196386928617e-01
3.695003730283736298e-01
3.611839780902720842e-01
