1.017684945725316759e+00
1.159054277694007151e+00
3.390295694193625309e+00
3.452002028084178775e+00
3.428936703902956573e+00
3.424649559831016710e+00
3.420040058694919782e+00
3.415513985185566259e+00
3.382619815858697088e+00
3.408602849318187467e+00
3.408531461498241821e+00
3.402878927936974218e+00
3.432178141407045580e+00
3.395193266464345161e+00
3.397008384081430687e+00
3.385020815232442803e+00
3.387174655844289450e+00
3.388418342916459824e+00
3.376345599567965206e+00
3.377011395291818374e+00
3.342808543088459761e+00
3.362865010008107003e+00
3.363867891553783185e+00
3.344814251878143629e+00
3.346170846609947791e+00
3.346820288837932811e+00
3.321548249718373924e+00
3.325912739067197421e+00
3.326528967366694456e+00
3.307544221151379915e+00
3.306106398449283557e+00
3.306703409837022267e+00
3.279821167898245626e+00
3.283588273270648727e+00
3.284068333890033831e+00
3.254439569121016174e+00
3.258089059931715159e+00
3.253940962319380681e+00
3.247703221354269587e+00
3.242675529089857012e+00
3.235933242865766779e+00
3.214210136811880947e+00
3.216774087081505140e+00
3.214151786181447701e+00
3.202462721504277354e+00
3.189339417234445584e+00
3.167892806504225778e+00
3.167276863996922209e+00
3.166855617370029741e+00
3.143745286179174148e+00
3.144709384986284828e+00
3.128846280997226614e+00
3.152286108547954324e+00
3.114415903512412154e+00
3.105535650653779456e+00
3.101955157743781388e+00
3.079065858218666740e+00
3.088433303970278487e+00
3.067720432757328641e+00
3.060380964663452108e+00
3.053365557046501699e+00
3.042162516532737726e+00
3.021069852335834582e+00
3.020681867163155232e+00
3.013029002874592077e+00
2.999377858694231236e+00
2.991056977485541335e+00
2.981080684335550846e+00
2.966297546293783949e+00
2.964438230791626161e+00
2.944987559783415421e+00
2.944521012712306707e+00
2.920270094334027178e+00
2.920009581222151152e+00
2.908014565664864826e+00
2.882647914906650399e+00
2.888802894457732418e+00
2.840207667744442777e+00
2.857853450894135783e+00
2.858062515049825780e+00
2.827495302204452887e+00
2.829600267956616566e+00
2.829855278629461512e+00
2.829870864616244486e+00
2.777024777520571419e+00
2.777023349264378105e+00
2.777029778421892470e+00
2.777029840855629317e+00
2.754963296423475594e+00
2.750075710009612262e+00
2.750380939205018027e+00
2.750387625259868685e+00
2.750388928556945611e+00
2.635449785588350746e+00
2.629256969631062812e+00
2.629344864861006492e+00
2.629346538786863974e+00
2.629346682330490736e+00
2.629346752091875405e+00
2.626880869816785147e+00
2.627202054398106945e+00
2.626131118159989342e+00
2.624666894746793933e+00
2.620403224390733143e+00
2.605748167480363975e+00
2.603737917446690808e+00
2.592647822502757826e+00
2.586434666437523511e+00
2.579164739896050218e+00
2.559465346536156538e+00
2.561313189822446823e+00
2.552840242162983220e+00
2.540476574011005351e+00
2.533673036018724289e+00
2.521606245296294180e+00
2.522801635438417289e+00
2.517037278754546747e+00
2.495879673343695426e+00
2.502967483381009828e+00
2.485543893357061940e+00
2.483604292243886125e+00
2.466976277506122806e+00
2.469760488279391986e+00
2.456993360099783086e+00
2.447169571269853794e+00
2.444245600960141207e+00
2.425425467615444752e+00
2.421540337328454751e+00
2.418520374576689225e+00
2.410657586553571541e+00
2.393320991969237088e+00
2.393554713437192838e+00
2.380436815869297451e+00
2.378139558657688557e+00
2.376814735064726403e+00
2.367436091677637577e+00
2.376832473684078018e+00
2.358641685709830238e+00
2.332657779183639146e+00
2.344806937675004477e+00
2.338363765795639093e+00
2.326521180384895970e+00
2.322760358454719842e+00
2.298990548047484594e+00
2.304034581961482697e+00
2.299442448123187877e+00
2.282530189849016455e+00
2.289161856818131557e+00
2.277607236432670934e+00
2.277564617159423932e+00
2.268039855327351528e+00
2.264560973144428502e+00
2.254935398677485381e+00
2.252076362221586692e+00
2.246610518132456935e+00
2.239115365506104460e+00
2.242964189955440446e+00
2.236233700173319239e+00
2.214813799446563980e+00
2.216008532501287931e+00
2.226815121036864742e+00
2.205345277033295748e+00
2.206199832313044507e+00
2.195249091606769731e+00
2.190727067739440592e+00
2.189845863469760623e+00
2.182406223812328516e+00
2.175968308742828761e+00
2.175421314877860723e+00
2.158319973516400925e+00
2.160100762166084376e+00
2.167175193377262943e+00
2.154195189733838500e+00
2.152784499620152392e+00
2.152898387912240530e+00
2.141642399899844840e+00
2.143500618991746709e+00
2.134452422231158053e+00
2.122617043451466401e+00
2.125377883056418060e+00
2.125033868069625242e+00
2.123734234334763826e+00
2.098001132986335282e+00
2.100982126798251137e+00
2.098952887592738126e+00
2.104090667887223542e+00
2.093493913682185514e+00
2.088958503762792240e+00
2.088273321017638740e+00
2.082644164674351650e+00
2.080573302643713873e+00
2.062459028261459437e+00
2.078384896667010207e+00
2.061908928006038089e+00
2.062689118170879077e+00
2.059751141281993991e+00
2.065639973171326638e+00
2.052415479416210609e+00
2.056568331834768948e+00
2.048673753311332835e+00
2.047882677624754511e+00
2.041214874775913568e+00
2.041222325180755526e+00
2.035402351954465505e+00
2.028459216717683145e+00
2.028143963247979631e+00
2.024713396680700939e+00
2.015586936351195568e+00
2.016437357363843663e+00
2.016292543402262272e+00
2.006096330738903255e+00
2.006457225145087175e+00
2.005867914165060384e+00
2.000734926356422250e+00
2.001330690640644949e+00
1.993352652921521084e+00
1.994241127654859724e+00
1.991374839489635340e+00
1.987737577134504496e+00
1.981923874784412343e+00
1.983625268252365625e+00
1.976908376210456897e+00
1.975162990966777166e+00
1.967398017238706220e+00
1.967352889916238690e+00
1.968311148394787713e+00
1.966470277928198174e+00
1.958358185926521777e+00
1.957879877162354010e+00
1.952898641946209546e+00
1.957939236172681285e+00
1.949983725952678437e+00
1.949478085247884795e+00
1.940734154592223870e+00
1.942962951103115454e+00
1.941527327081444820e+00
1.936123703523555450e+00
1.934851214055267166e+00
1.934482946384033175e+00
1.932164093224651324e+00
1.928857399452528654e+00
1.925545096946619905e+00
1.927703030903356041e+00
1.917986806778800402e+00
1.911811959623116453e+00
1.908244415430388585e+00
1.905922399805433765e+00
1.908026999418166003e+00
1.907217314648222972e+00
1.905036068881047706e+00
1.912015991083548583e+00
1.903007509491547955e+00
1.894733309498043861e+00
1.898217102313252358e+00
1.891914538532105228e+00
1.893488021323163961e+00
1.882872841472886360e+00
1.883481884909111503e+00
1.886241724271120024e+00
1.881634573874530814e+00
1.879418210991724125e+00
1.873178183527100638e+00
1.877434611164303435e+00
1.874542246462291173e+00
1.869394654030080760e+00
1.871285461909035330e+00
1.866814515651356032e+00
1.866004807585438741e+00
1.856656534652017854e+00
1.851836467287457211e+00
1.855290689355639122e+00
1.854978646023400790e+00
1.854972996457718626e+00
1.846541758115688658e+00
1.850906094778552058e+00
1.844905704998157869e+00
1.847909858697536656e+00
1.832235052306456335e+00
1.841547358898127484e+00
1.836339475366960405e+00
1.837326193206262781e+00
1.841817625721356766e+00
1.833565934323846180e+00
1.830532219358724344e+00
1.831579728045233280e+00
1.830732724145968993e+00
1.826925958223323487e+00
1.825505776675540925e+00
1.823009559205465813e+00
1.821320153868301484e+00
1.818669806774222630e+00
1.810403923317594588e+00
1.819014800198817561e+00
1.814960334250447671e+00
1.811333475681980776e+00
1.808890280377432491e+00
1.807038072314995913e+00
1.805461997733018187e+00
1.801074614038639998e+00
1.801325856806241354e+00
