9.115132153973448670e-01
7.374861051661102396e-01
1.820321076012918704e+00
1.695338105277348406e+00
1.086347506654698369e+00
6.498001237651723772e-01
3.862597730485708425e-01
2.379750886215356576e-01
1.589137771415539413e-01
1.160327965604374401e-01
8.859821904402975790e-02
6.874138578211537454e-02
5.453997378388494854e-02
4.473295172809215597e-02
3.802738945510834162e-02
3.335582104378650298e-02
2.996824562549345317e-02
2.738860679682831797e-02
2.540580475432507868e-02
2.370221688765204379e-02
2.814122450865656766e-02
2.140710974807954678e-02
1.910327099055682265e-02
1.957560785721955410e-02
1.883209192528639137e-02
1.816830885143709204e-02
1.729484011651897385e-02
1.691895652621481366e-02
1.599680411048610279e-02
1.569010874965178631e-02
1.513756731293627172e-02
1.459924939716068619e-02
1.430324451759308613e-02
1.310666341532973171e-02
1.277353159889716740e-02
1.006834680815706269e-02
1.683033825895064936e-02
7.248464484993610846e-03
1.400773446423353788e-02
9.910414425275883288e-03
9.733229659803260131e-03
9.620374188727883261e-03
9.311902164848149394e-03
9.156668618176613816e-03
5.791754187167107853e-03
1.009685458670540534e-02
8.435136996724042907e-03
8.414722258675353186e-03
1.402536924066795192e-02
7.566574480159237413e-03
7.029739344897108395e-03
7.054772684900648301e-03
7.244286529918366954e-03
6.306568151423735773e-03
1.014955806243062961e-02
9.500713894773717832e-03
1.210576281281962839e-02
4.193113561936112274e-03
4.117676112065564095e-03
5.246103277497068951e-03
5.654314449690253479e-03
4.765936176290585559e-03
4.764241405161726006e-03
4.418971800961351767e-03
4.754975601479534408e-03
4.521775353972871427e-03
4.481525355520077879e-03
3.887022659576144529e-03
3.292748720424359347e-03
3.444344414950627469e-03
3.724046823931252172e-03
5.523985253860783443e-03
3.749565446681148943e-03
3.570689462106765334e-03
3.367474326969836698e-03
8.991233258074016535e-03
4.060345451666056912e-03
3.192937287765708256e-03
2.406925517242348642e-03
3.079806671272183275e-03
1.343785849400682894e-02
2.313652489901703649e-03
2.799560417641514237e-03
3.506387693203990869e-03
2.081355885219971120e-03
5.340793758241636074e-03
4.991485690624725309e-03
1.055527080323831121e-02
3.229080224392868494e-03
4.087052025536768753e-03
2.447895530175145818e-03
4.095444476998883268e-03
5.795980608367675519e-04
2.856152345232971373e-03
2.278236792779261832e-03
1.304970425531069280e-03
7.982667117351693181e-03
2.190405395504389958e-03
2.708525822958858000e-03
2.175619347226590092e-03
1.763818487123029960e-03
1.221663132950313521e-03
4.018221572346860650e-03
2.018234468164346092e-03
2.623971928824289732e-03
1.570764248966435243e-03
2.149017032194929476e-03
2.212734834091141696e-03
3.411408417877283446e-03
1.603205450247329345e-03
2.770090666163017770e-03
2.271112575828531169e-03
1.454271455358078537e-02
2.210010198559860493e-03
1.643942368342438598e-03
1.655996778536455213e-03
1.579915514387619834e-03
9.196220963032996840e-04
3.462741881336343832e-03
1.621176349768433398e-03
1.783485801800262054e-03
2.192419234219713641e-03
2.594022474587158716e-03
1.575296997785977223e-03
1.682830359517311497e-03
5.685909858292423520e-03
1.950786710102799405e-03
2.843230019206078110e-03
1.342115060732355838e-03
1.108649321810484256e-03
1.711441273925157691e-03
2.118133736713083675e-03
1.462477667334648700e-03
1.118348276242811957e-03
1.551895458980931137e-03
1.493863913185023264e-03
2.657454303377746168e-03
1.281347391048514922e-03
1.352237633022466967e-03
8.757399099220187534e-04
1.128807521139184875e-03
6.446300232230086800e-04
6.505452291627067223e-03
8.297000270684241636e-04
6.215361674145149836e-04
2.141535173054094025e-03
2.085585005597324296e-03
3.493684121675331641e-03
2.765186001717425453e-03
3.465667712417743254e-03
4.789129240437997679e-04
6.760182471679787022e-04
1.985200555223245750e-03
1.084450296581485973e-03
1.628610199745763936e-03
1.483475226120659031e-03
2.242311144187279608e-03
9.992392850159601252e-04
1.379855742307079663e-03
6.696015546679183949e-04
2.382746750263662651e-03
1.932287232213814347e-03
2.346548421178539477e-03
7.365259702972818930e-04
4.578686002931140462e-04
1.190343905774636458e-03
1.116824636605015216e-03
3.877908683057971627e-04
1.203872351752061651e-03
1.869704914931588852e-03
7.183206680993149598e-04
8.175079610400503606e-04
1.626979086421327311e-03
1.261693525483840832e-03
1.271532706190280212e-03
8.247814614240258496e-04
9.947138059354897199e-04
6.814817259862539179e-04
3.980746473435031046e-03
3.385242526512982522e-04
2.169905554321152803e-04
5.262058037833919170e-04
7.322739218478101914e-04
2.717169571082896215e-04
1.332350768033940423e-03
5.880613770038323066e-04
1.637022363424338062e-03
1.297119868023535435e-03
1.290238898935194270e-03
3.684245059394398200e-04
1.480645126398521041e-03
4.846125428558589938e-04
2.212348328578345137e-04
1.443498421856572551e-03
2.984879884545435774e-03
1.705100450246605599e-03
1.187388874682592573e-03
5.718484644432556170e-03
1.864546456231190108e-03
1.091516147585278257e-03
2.209729272728663558e-03
7.276295871788098424e-04
2.378999110974147971e-03
1.348935472555797335e-03
4.361806235073991821e-04
4.142719677331638262e-03
1.450543629550995854e-03
1.050765019560662497e-03
5.884903600843078555e-04
4.292607067960088119e-04
6.600462721690026832e-04
4.803492015839266123e-04
1.042180787569141386e-03
8.540595127069829920e-04
1.274292521166819718e-04
4.625875034553090528e-04
5.890126636358750719e-04
1.852898370715347701e-03
2.759681613676616407e-03
1.204283355180253701e-03
1.243416446459063088e-03
7.833434936609875608e-04
2.595589995689370939e-03
3.051685497289223416e-03
3.040005726202884423e-04
5.051485020629536797e-04
5.952599720092585645e-04
2.289061710522543583e-04
3.785061622007106783e-04
6.401575260411185731e-04
2.203191032889224616e-04
1.407807600140961084e-03
1.676586914324760744e-03
1.474446936682675133e-03
2.240314983553221700e-03
6.763089172414029791e-04
1.306993598115795390e-03
4.410116675692670601e-04
2.535466766142051385e-03
1.523471721181085103e-03
1.454702016617250753e-03
5.579004614775900364e-04
5.128965810039303949e-03
1.044839794611174483e-03
1.377288202940476439e-03
2.237275984655977355e-03
1.412300931403978480e-03
9.356474791108805892e-04
3.116902885824356637e-04
1.957880653880452338e-03
6.470272633594419988e-04
5.029640381133766627e-04
4.441100725352892459e-04
3.138844170549574689e-04
3.875164631164182828e-04
3.160863148924039092e-04
4.977851743661218476e-04
4.780259701244553988e-03
3.345261039497996977e-04
3.045534453315063678e-04
1.957671071184992491e-04
6.753894609473627252e-04
1.375938908232980521e-03
3.687372479692279780e-03
1.901177503282517429e-03
5.584433064387633004e-04
7.603991030009342065e-04
2.873263291942829644e-04
2.901848501007033986e-04
7.468935493511085410e-04
1.027682863293641032e-03
9.641569520121343571e-04
3.418900486366153730e-04
1.677326483185038238e-03
5.434135520219952713e-03
1.194864556025552332e-03
1.327355854388764063e-03
4.431046452854755439e-04
1.074466791829386180e-03
3.381341896743384357e-04
2.864858326218085822e-04
1.613669778656922553e-04
2.526655635786117376e-03
3.645565308412200643e-03
1.950058112128948661e-04
5.827684083215492082e-04
3.624345080707476029e-04
1.439599070293863569e-03
1.368137568950268798e-03
1.785715725891870377e-04
2.016331379064134741e-04
2.995592750717942501e-04
4.284434646707503680e-04
5.025880328917691625e-04
2.736382415493690871e-04
1.779573085737442379e-04
2.322374402347133788e-03
8.550732678947003777e-04
1.081731420630551496e-03
1.686909483030691074e-03
