1.131410076433829959e+00
2.999780182201505774e+00
2.138710643035181658e+00
6.358880399423656904e+00
6.198303884894630578e+00
5.358957400876520616e+00
5.079646276673079441e+00
5.077027062801004575e+00
5.103402133093685400e+00
4.891024055265808634e+00
4.659812203573017619e+00
4.412068448192970394e+00
4.188525794048180373e+00
4.037196046486924317e+00
3.919232694057831257e+00
5.185002931030323836e+00
5.702267095920483087e+00
5.437727327702130076e+00
5.347451652143078604e+00
5.504854534515155606e+00
5.430570239336335980e+00
5.494978071000361730e+00
5.397517201425613642e+00
5.305417220086350305e+00
5.189518293257206594e+00
5.086543677703695643e+00
4.831203391164121896e+00
4.816862770282646977e+00
4.607414308720054308e+00
4.408141465699188188e+00
4.268398265808255765e+00
4.033479253238247075e+00
3.893694680934792096e+00
3.554806658634281469e+00
3.530257279758918454e+00
3.381266524675995200e+00
3.112599610448806509e+00
3.061446501838795964e+00
2.799481837989127087e+00
2.664861502768987478e+00
2.546894168032552308e+00
2.410856416813288661e+00
2.232653904182071436e+00
2.160513471014245734e+00
1.985379074645958752e+00
1.823895506124564081e+00
1.658566544734987103e+00
1.600067681933801778e+00
1.538609139662902248e+00
1.402412349683103798e+00
1.295149746424651527e+00
1.180635047487031963e+00
1.115640425082312204e+00
9.959899880893605673e-01
9.350840876173152072e-01
8.822744473884031047e-01
7.730568090165194084e-01
6.643282915093223773e-01
6.592760449451839921e-01
5.750485161776665022e-01
5.671896649486188879e-01
4.302026987461962104e-01
4.257815044438353347e-01
3.742276829456460674e-01
3.538521690211557935e-01
1.999767792215709494e-01
2.838676396093622878e-01
2.467526275884197873e-01
2.524330521533793559e-01
1.113375367228816998e-01
1.528397102315519063e-01
1.643458260576862451e-01
1.097626134241485446e-01
1.310663675796087668e-01
9.223158671311733336e-02
9.683244088612465161e-02
5.737342858678576296e-02
6.011453520183741850e-02
7.363385410190105562e-02
3.814000005871225757e-02
3.779035308641864183e-02
7.753348519159418417e-02
3.146194055988911498e-02
2.548865983495559803e-02
3.884048415580050595e-02
3.088575808128065509e-02
1.804973316032462000e-02
1.968852631214162985e-02
1.988228873593478677e-02
3.992613670778954321e-02
7.442825353881254991e-02
3.516648244181792143e-02
2.679648951644673233e-02
2.359389115147416185e-02
2.642761998179991162e-02
2.703292336787851968e-02
2.393282200404700175e-02
2.147000308014812911e-02
1.750792788454415272e-02
7.963660747251026517e-02
9.277427079771013996e-02
8.172647356258389006e-02
2.166120501856511060e-02
2.685112296733555351e-02
1.819664436229621179e-02
4.080342461302044477e-02
1.956062967188658061e-02
1.534772984556623948e-02
5.611014612323079326e-02
2.966518106723734990e-02
7.424929815202252481e-02
2.391381140410630060e-02
2.192068024554414130e-01
2.647179696823617756e-02
7.700578969088130166e-02
2.541481399085462195e-02
1.905179615194628820e-02
5.334935581033547342e-02
1.290656854562029776e-01
3.788770920088466165e-02
1.132197808653229304e-01
1.640638076705205201e-02
1.390819224994233223e-02
7.287466343697968085e-02
7.708948845322065313e-02
3.426120281683173868e-02
1.613985994302998689e-02
2.765479784803350632e-02
2.729648366282321978e-02
4.002651672386853959e-02
2.524981810210765593e-02
3.595779418530016536e-02
6.564544031883365327e-02
3.112584475300275710e-02
1.482551766707722492e-02
2.869809785172140401e-02
6.029593339403018643e-02
4.114468268811044549e-02
4.295810702901885214e-02
1.490888075271672338e-02
3.450936727111818259e-02
1.195140547135436077e-01
5.790655630028958278e-02
6.820605495772349980e-02
1.938854904742900662e-02
2.869242367271634259e-02
3.296847357448031562e-02
8.501652695770037238e-02
3.871840046974091287e-02
2.692183108489209012e-02
3.477429238860599292e-02
1.775339422746638821e-02
1.412226560665982497e-02
1.620526471780894540e-01
2.672631328517076701e-02
3.190100753814712614e-02
7.275201444263364181e-02
6.380899261460608318e-02
4.544185461426071548e-02
2.303364249062032909e-02
1.142515817211972040e-01
5.305416509112128448e-02
3.092311947167077774e-02
3.019792491155947126e-02
1.169927779073682284e-01
5.140662875648047137e-02
2.892481045814145404e-02
3.830267619397945827e-02
2.366182553432097727e-02
3.439959624137704092e-02
3.470989017986116087e-02
4.433751592963215693e-02
6.072327350115570149e-02
4.312009513198662713e-02
9.251517867492332903e-02
4.129177717510638945e-02
4.177997542818955717e-02
5.742379952815436506e-02
3.228611435803796503e-02
5.049882256567337496e-02
1.610747359211199548e-02
1.109479092080053464e-01
4.256477975856270274e-02
2.631025969007931564e-02
2.459273354046298196e-02
5.303969343478575488e-02
2.843126402590410995e-02
8.854290091901478865e-02
2.893632572651273077e-02
3.737215378667415461e-02
8.114259398290751824e-02
3.293184232577683196e-02
5.324104305222648187e-02
5.547253150413043732e-02
3.613141187544873650e-02
4.439487916074380536e-02
2.439991402612553748e-02
8.503223334991644178e-02
1.055793456921824969e-01
4.663669346846339991e-02
3.901590328197163116e-02
7.349971956619923141e-02
2.880878927894776551e-02
4.307413034056704892e-02
3.749852110385787363e-02
3.048994831488419793e-02
1.112492679477111029e-01
3.631199510445824036e-02
4.166487138516565547e-02
1.119090877959234426e-01
3.417176590690156057e-02
8.953364253272158568e-02
6.450066907517056081e-02
5.424975357515103569e-02
4.330740330101542218e-02
1.017287313208299765e-01
3.989754689558901862e-02
3.632717648797555154e-02
3.031193498939468642e-02
3.826039765663916820e-02
4.611602673833672950e-02
2.222905805573823987e-02
5.362843413096590739e-02
4.607807439963984564e-02
7.776254081865376089e-02
4.378929415322229540e-02
4.055557852598753316e-02
5.597182211968600163e-02
5.216176238509853680e-02
5.117298566924893127e-02
6.872227569817267179e-02
5.314008126302458696e-02
4.349688435576960083e-02
8.893481912944528611e-02
4.993560596483515718e-02
9.542317427310423317e-02
4.095117262570972805e-02
4.835956118304707979e-02
1.292918721093285761e-01
5.992248167392150854e-02
6.161392634718796529e-02
1.486158709383643417e-01
6.071518030441671460e-02
1.014545941203089524e-01
6.564947487770435297e-02
4.375375287473284164e-02
5.267581592963207354e-02
4.337700511479290755e-02
8.176299491647179285e-02
8.976671306202001210e-02
5.607565193122824448e-02
1.941276317464056544e-01
6.405031792331240814e-02
7.607875603134595099e-02
4.469828536843103994e-02
6.217998615327833406e-02
7.725924316221063903e-02
1.337801989641285161e-01
5.394515426990927759e-02
4.086759432455946972e-02
5.746833887857457496e-02
2.566188528752818068e-02
7.307267712836915119e-02
5.051620994281533217e-02
7.804740901207370130e-02
6.508797798554261105e-02
1.260047482515906092e-01
2.953775723160005987e-02
5.208281421982927095e-02
5.348638935965037422e-02
4.681797380127966646e-02
4.077575773801521419e-02
5.297152761204793059e-02
7.306217006933471425e-02
6.258557454823680810e-02
5.000847303830761870e-02
5.993898215801791302e-02
6.249403409022941114e-02
4.882256001655358585e-02
5.336787391931315655e-02
6.465285806468919205e-02
4.066440582593512654e-02
1.067106721170748840e-01
6.708153396141558478e-02
1.121240315835369677e-01
6.783810207253494762e-02
4.984079296433541889e-02
6.469977063491311187e-02
6.637830155496131368e-02
8.481262483598060731e-02
6.585864769511191874e-02
6.542150291263104656e-02
9.699654004749497238e-02
7.255063999025193611e-02
8.456564782114345258e-02
6.174017377557427383e-02
7.986002078981212227e-02
3.958659344893813992e-02
7.456545157541169533e-02
7.881433416999923669e-02
