9.362911684677982516e-01
6.514796261515075626e-01
1.942005676412234649e+00
1.766271875753140819e+00
1.527528158825951943e+00
1.318416064473029170e+00
1.133960863409648745e+00
9.653668413928607750e-01
8.334279007276629292e-01
7.138910759586900578e-01
6.094986362172536420e-01
5.209768101610650071e-01
4.439212623481972875e-01
3.753799960374297195e-01
3.176693681114055035e-01
2.648177808965101465e-01
2.236355021314055391e-01
1.762220534005055073e-01
1.568152144890748445e-01
1.338079943723271825e-01
1.124494907715362091e-01
9.741985262062362316e-02
9.815626988370422523e-02
7.290655032172178862e-02
6.726282766588645434e-02
6.456670920020433913e-02
5.400911929979053394e-02
5.220516035006843303e-02
4.265886130670210746e-02
4.433543309809512278e-02
4.418318705246149225e-02
3.610937350787058603e-02
3.909674373874084258e-02
2.438524981484013060e-02
3.370297306736121101e-02
3.568879932726835152e-02
2.333806332121626109e-02
3.200794614533963162e-02
3.345964617166769656e-02
2.714935914696516364e-02
3.059486452736855100e-02
1.931805463198259243e-02
2.862279072676598632e-02
2.398674905815773029e-02
2.657261554289986824e-02
2.794020802304553880e-02
2.331453655951271076e-02
2.648780154425474723e-02
1.812143588962946555e-02
2.475584004251708825e-02
2.565176993093780736e-02
1.968833839914847436e-02
2.368770413414884868e-02
2.299014840644483804e-02
1.953020648563003059e-02
1.900817373959314688e-02
2.156182701258755122e-02
1.086175690676051235e-02
2.101545996907607655e-02
1.637010276205812589e-02
2.068917298389564077e-02
8.517082181509311525e-03
1.927164104915101567e-02
2.014424241142259708e-02
8.556783995061113465e-03
1.910191954167202513e-02
1.557701130503193199e-02
1.865984576525024988e-02
1.917533250712085205e-02
1.707964156179855517e-02
1.811042761474122159e-02
1.776319107145763604e-02
1.259505940846013250e-02
1.743496253932409409e-02
1.991751849866527091e-02
1.679621034545957306e-02
1.621852527961546026e-02
1.604241404067095408e-02
1.648090595358443072e-02
1.632917778709258236e-02
1.111625695429009977e-02
1.594119276916679956e-02
1.175304970732436900e-02
1.546726172445820127e-02
1.488342184915048168e-02
1.521138784382650676e-02
1.504749469485213223e-02
8.108788562887764631e-03
1.427807179444756137e-02
1.455466485744823756e-02
1.677423856803002614e-02
1.442597716518592005e-02
1.376412675307462502e-02
1.532088051824978189e-02
1.377308255954994183e-02
1.145819202967255680e-02
1.339632627553720597e-02
1.350394474052996237e-02
1.282877013004129867e-02
1.311517598979062595e-02
9.843189892823091952e-03
1.281474653764987093e-02
3.991714871889309388e-03
1.244989829478982020e-02
1.247706988375931955e-02
1.092319324736896677e-02
1.211212462016188207e-02
1.219620473406876453e-02
9.531929205409425329e-03
1.178546884713848643e-02
6.443822346397231303e-03
1.292889429768479155e-02
1.117049235983196866e-02
1.465234676331685082e-02
1.110566657084550643e-02
6.929235846544704730e-03
9.496427354383184249e-03
1.097252882174705110e-02
1.024371318330504974e-02
1.065108584702064397e-02
1.019087249131620486e-02
1.094728212781462609e-02
1.278335447890843225e-02
1.007468684454951302e-02
7.979437300831802860e-03
1.027473986075620391e-02
1.010261271349256404e-02
1.974809339256382995e-02
9.606958173360220787e-03
8.383140384543481122e-03
9.404730537441495855e-03
8.797516405886536203e-03
8.846798096457372806e-03
9.005827807661969525e-03
8.918470782647553927e-03
1.018491477767297093e-02
8.893597466723659334e-03
8.801441942317958164e-03
8.741115856355763034e-03
9.744781791381412761e-03
8.436147946864017491e-03
1.382728457002825768e-02
8.313258769797429379e-03
7.117567967241009499e-03
5.288264586012347140e-03
8.253870568413425660e-03
8.904014867649167816e-03
7.890191815005683992e-03
1.283068115831896387e-02
7.798462986096775344e-03
6.690862057975500814e-03
7.576944817755142635e-03
6.845095577857973970e-03
7.449291582952517234e-03
8.951746055420572654e-03
7.273613783002435412e-03
7.130665129162635889e-03
6.674988490419588374e-03
7.112849926088339776e-03
8.210779454197196861e-03
6.914270150352677495e-03
6.937407821324695356e-03
6.189303831922483325e-03
6.766845841808027430e-03
6.539229073634041274e-03
7.711616201637182776e-03
4.372598769385907524e-03
6.231750438084245405e-03
5.920535983739884031e-03
6.088431358918421944e-03
6.050998790567453656e-03
6.053939982619594568e-03
6.163143316124005712e-03
6.249434252253474077e-03
5.904188936059787292e-03
6.068683777560982678e-03
7.185733290814276010e-03
8.561143657194476148e-03
5.729458231010513443e-03
1.554619290305923364e-02
5.729768817056618210e-03
6.596488994461045807e-03
5.511200846739985372e-03
3.834790727249159144e-03
5.375180563165873546e-03
5.456511526594909865e-03
5.314969081022699951e-03
5.424229753710646876e-03
5.382761639047949770e-03
5.265696801823233943e-03
4.906430890069210862e-03
5.311194573165860244e-03
1.689153026462366161e-02
5.106555431356804911e-03
1.630829915894576806e-02
5.033049640747285468e-03
5.534649792429638393e-03
4.917230970763587436e-03
3.989812906953236170e-03
4.839220103553903279e-03
4.654453063232730052e-03
4.786879046607486927e-03
2.889426226131012413e-03
4.523631470797901712e-03
4.620450269356155340e-03
3.824777885023642604e-03
4.630698029942365360e-03
4.947359230528743795e-03
4.419027476975447705e-03
4.005038959313449685e-03
4.086238187348885387e-03
4.415495016832916321e-03
6.200097030732947337e-03
4.197040900321878654e-03
4.084290258189453293e-03
9.096629811040878727e-03
4.162646208132246561e-03
4.000019386731932559e-03
4.080628081585394029e-03
4.389533789182807795e-03
4.079582072291164374e-03
3.085299161609969879e-03
3.965718928814619855e-03
3.886421688096588969e-03
4.275997460025961032e-03
3.727721310034844832e-03
3.703385510580702294e-03
4.043097551097211105e-03
6.341845336406983467e-03
3.557771531909632596e-03
3.714171933701986006e-03
3.704885144845201147e-03
3.452678801764170937e-03
3.673959725290161776e-03
3.943501973972644153e-03
3.416318721829518686e-03
3.193178143913678359e-03
3.402935732348554357e-03
3.499183123515252174e-03
5.818736959066905454e-03
3.395465516765414603e-03
3.371067026165102797e-03
3.450023791317597364e-03
3.383949905561431208e-03
3.468857330644313248e-03
4.072308211850074987e-03
3.296770691315784648e-03
3.181873314547495248e-03
3.287849805537473337e-03
3.443631795552867456e-03
2.629005108361124124e-03
2.873324112926642880e-03
5.147699102815704239e-03
3.327810003452693049e-03
3.526780218138262854e-03
6.099571178812954707e-03
4.121182141866098873e-03
3.004228649263700375e-03
2.498130960514670720e-03
3.120936318475598693e-03
3.505996191090674473e-03
5.282713369213332295e-03
3.001310229840214224e-03
5.598064702528196893e-03
2.373101916894316404e-03
2.654018053056386717e-03
2.836984961320584194e-03
2.727861621490290916e-03
2.722631682010886664e-03
2.357032355078850661e-03
2.815862264583232633e-03
3.310186724686651951e-03
3.002277110269210673e-03
3.105903255843918669e-03
2.472036335932204301e-03
2.744876796093425816e-03
2.748125632552677906e-03
5.977424060953610493e-03
2.609354753224930271e-03
8.186539150619086269e-03
2.390433314669784121e-03
1.669416226369712861e-03
2.592775437529619594e-03
2.494685569466559370e-03
1.794630561972065420e-03
2.426571233220914132e-03
1.507862657825387916e-03
3.461248778199784229e-03
1.598436351376049088e-03
2.209273197126262675e-03
2.496120943162950627e-03
1.942022976998415392e-03
2.004651456820908447e-03
1.937197041359792204e-03
2.244223809557748146e-03
2.198441632470153704e-03
3.227723146020090601e-03
2.517959343428945607e-03
2.217062037656182105e-03
1.779670059473902489e-03
