1.042941155766291539e+00
1.188469744100486114e+00
1.283795018603835825e+00
2.408250129238048931e+00
7.834944322984773724e-01
7.973163806008776167e-01
8.422037703958732413e-01
8.910018478188768132e-01
9.827494611408965630e-01
1.081587432237781643e+00
1.198306537940456495e+00
1.312017728011089845e+00
1.392661960490152895e+00
1.419392148362371708e+00
1.416985411618947754e+00
1.432900922529996679e+00
1.476492323183563160e+00
1.524417138957788742e+00
1.562950313037472672e+00
1.628186265752503692e+00
1.715286574335935565e+00
1.819961502448580015e+00
1.924108324088719124e+00
1.999956465464946209e+00
2.050957232041353162e+00
2.131528710422599726e+00
2.242566040716596820e+00
2.331730931544317542e+00
2.382911014752409962e+00
2.399130794085730489e+00
2.405042294014223980e+00
2.417987542074888196e+00
2.439678697684125819e+00
2.476046104130210423e+00
2.519389710087000633e+00
2.571829068362539772e+00
2.611900494116095039e+00
2.646599888946602253e+00
2.668891199216762544e+00
2.693437108461604890e+00
2.701827762230293750e+00
2.721337213062233751e+00
2.752450424499816695e+00
2.795924877097916816e+00
2.860024509131025905e+00
2.935050792880447901e+00
3.034146870091525283e+00
3.145045590805764402e+00
3.261973748470970325e+00
3.372567382050088103e+00
3.478568553669145746e+00
3.568661132319391971e+00
3.653758781965567248e+00
3.731822106907888514e+00
3.797016416840157671e+00
3.866133387333630544e+00
3.937180174445876091e+00
4.019471964271555287e+00
4.122302467293330608e+00
4.238810031462666217e+00
4.379263171647861164e+00
4.465866800868807829e+00
4.249074138180505500e+00
3.305324874433006599e+00
3.184211789264554060e+00
3.168353840523895570e+00
2.331227612235028168e+00
1.501475257556918574e+00
1.696461415867690503e+00
1.991838323152850476e+00
1.868440185685060539e+00
1.721240520961211384e+00
1.624111584530398389e+00
1.391108192991457937e+00
1.419671702643153122e+00
1.097772476766003313e+00
1.169532983229956580e+00
1.238099396584138256e+00
1.070363051346032934e+00
1.016946828910538780e+00
9.142229173563525269e-01
9.240547855955978385e-01
9.129257220392903438e-01
1.001926039077899677e+00
7.598842027764919349e-01
8.070778323875075211e-01
7.490158831076449975e-01
6.576183895213131292e-01
8.200684329470676603e-01
6.358485887108149548e-01
7.749187255996858870e-01
6.529351150754162392e-01
9.659900820511807540e-01
7.253566190931172164e-01
7.144257501908988228e-01
6.760922784926004514e-01
6.734184842235555468e-01
5.170163122434034975e-01
9.573041169747598111e-01
7.160065404154516422e-01
8.072395163488540470e-01
4.610117535030977542e-01
5.829716441264890525e-01
5.421161455347961455e-01
7.771922680856683252e-01
6.057202556483605171e-01
6.441181360335942463e-01
6.046380857535277320e-01
5.709564084713553145e-01
4.935005404732624168e-01
5.715081962646787472e-01
6.031973908244135929e-01
6.144685005146200973e-01
5.935383906258733244e-01
7.765528331884261615e-01
5.088447891293637060e-01
3.129213275801309146e-01
2.525194106961564655e-01
2.762003120571712711e-01
2.478111953558532199e-01
2.707329411103907568e-01
4.408230576582308768e-01
3.072286600990301597e-01
2.379644701767025805e-01
5.548540007544782160e-01
1.650870495362119772e-01
2.402264962260322323e-01
2.831432752519809637e-01
3.695924545086058943e-01
1.560900616128924889e-01
2.821603504093755932e-01
5.895134185173457331e-01
2.755881884645446367e-01
2.507953920419447313e-01
2.111522075832193424e-01
9.900895378272549230e-02
1.035050742570655102e-01
8.563031991989987490e-02
2.555496834946656137e-01
4.498222182804057501e-01
8.036955758849244624e-01
2.113045127628369879e-01
1.975061489597826347e-01
3.900291823113377077e-01
4.152974556595086519e-01
4.408041296584416791e-01
7.405148217526790200e-01
5.573794503391361621e-01
4.985822747579722880e-01
3.324560641203144207e-01
3.873304173615900736e-01
4.785231995229640156e-01
2.885358721528540893e-01
6.473017148304786028e-01
4.027023960898949984e-01
1.294162990045767625e+00
4.040227177566380057e-01
4.275807661717666575e-01
4.891457932938997888e-01
5.362528037985011542e-01
7.187052170779087978e-01
4.560456438891099529e-01
5.037053805533335815e-01
4.661013985117010150e-01
5.646280020103484620e-01
5.645366023555570267e-01
5.307029110166278096e-01
6.696791116422767809e-01
9.074051469479310628e-01
4.890801036243510591e-01
5.857889742332635930e-01
5.108378129712040083e-01
5.461881835591126944e-01
5.815921423543034541e-01
5.938734239828952211e-01
4.603604205526945492e-01
5.058230961520990832e-01
6.017817742698359229e-01
6.890370432399401945e-01
5.513491625319759670e-01
1.056045268145723748e+00
4.139595395618389517e-01
5.909898031051433742e-01
3.634322601251627205e-01
5.503678942077392389e-01
6.047632139311081012e-01
7.434675665492581631e-01
7.479976641089443046e-01
5.996010906381331607e-01
4.542152915359062848e-01
6.832093076223761940e-01
5.103364883163906685e-01
6.453355345367507434e-01
6.900418353798549731e-01
4.828375897936129646e-01
6.592768923119345370e-01
5.821185846784066031e-01
6.438768772635885540e-01
5.646707092018081742e-01
6.240577918133136670e-01
5.822824026623115712e-01
6.398998044707346899e-01
8.017256245317911922e-01
7.292080458001516385e-01
5.909525124579947386e-01
5.247312755624643499e-01
8.054296284291614372e-01
6.313586426614520297e-01
7.255361752436576550e-01
7.762188088802514097e-01
6.719644805546599597e-01
5.861519980106315586e-01
1.124079165419960225e+00
8.924298856111413381e-01
5.977593436482833145e-01
7.786902388085585880e-01
4.931780981040900791e-01
9.594834389055526547e-01
4.585834306962838780e-01
6.112770323389927762e-01
8.159341839380038763e-01
7.613322508368145503e-01
4.437621000886147193e-01
4.749944600159710650e-01
6.401755774427553281e-01
4.671191667920855384e-01
4.867225292514327784e-01
6.988161966648701595e-01
5.757196003716058552e-01
5.579442384537115496e-01
1.794581925821887358e+00
5.464576404069562132e-01
8.601075713861637828e-01
5.979289641735835437e-01
6.251528913484244443e-01
5.097562633061935022e-01
4.160755912363881537e-01
8.972619110384416619e-01
6.427259808000354013e-01
6.918007828092873623e-01
4.731996090866704141e-01
5.612010952730606128e-01
8.917536624264584821e-01
5.730105380407398696e-01
6.051291571552657178e-01
6.256506067541479643e-01
7.462595118855360754e-01
6.353183467794276673e-01
5.249702293484005411e-01
4.521071716763054305e-01
7.737924438933255766e-01
5.439749226802453874e-01
6.146838921931477850e-01
5.940743134666963687e-01
5.989171081298696464e-01
4.591735847236791956e-01
7.337140827860868519e-01
7.925266179298922076e-01
6.264293335094061055e-01
6.755093027995926480e-01
5.713631562310523826e-01
6.780708162802474570e-01
4.481063318953413255e-01
6.712198775675557449e-01
7.495757789898791490e-01
4.738185824045746397e-01
5.687425534388856896e-01
5.865887454188565275e-01
4.650484452044953976e-01
1.156409181712384271e+00
9.953973968559216567e-01
5.334166744918291680e-01
6.869346398877833604e-01
5.423998119984901889e-01
6.346658045636612844e-01
5.283001583130928491e-01
6.049596724033878825e-01
6.283269046408388459e-01
6.434267524919540238e-01
6.224254427992511607e-01
5.574302437541929223e-01
4.928115832390987383e-01
8.634612934168238718e-01
5.742729024716020092e-01
6.557597624649859069e-01
5.973509522756034196e-01
4.638555320576080998e-01
5.712263247032990376e-01
8.870745782337624563e-01
7.949168790311773591e-01
6.547922433658567298e-01
7.517039823313433899e-01
6.166105940298554078e-01
5.151143844203062150e-01
5.140573153038795473e-01
7.046459874952700764e-01
8.793153071986173908e-01
6.527576634071877715e-01
6.452984674294850453e-01
5.304954527575057588e-01
