9.382887266538012527e-01
9.592982253295710970e-01
8.369054661078477730e-01
8.111470606596788979e-01
8.049285878911518477e-01
8.034535139171623541e-01
8.029242482647045431e-01
8.027243585405634541e-01
8.026545720880615686e-01
8.026318259324700666e-01
8.025629136915102269e-01
8.025239155044114892e-01
8.022650034906400052e-01
8.022542866087706281e-01
8.022529163856754186e-01
8.013001850289183103e-01
8.014155813110045434e-01
8.014179373598780964e-01
8.014178589427338739e-01
8.014176967526340789e-01
8.006512881503501378e-01
7.975944615486745271e-01
7.976329355348320549e-01
7.976323188193997771e-01
7.976321878478982441e-01
7.976322240345760095e-01
7.976321839604737507e-01
7.976322123070479497e-01
7.976324411894454292e-01
7.976323189691489901e-01
7.956627411889786172e-01
7.956986073487377631e-01
7.956997124714632053e-01
7.956994559334678030e-01
7.934812848043609756e-01
7.930093376720849241e-01
7.930106415624577076e-01
7.930108789893237642e-01
7.943155175792181444e-01
7.913221533480289116e-01
7.913155134225877685e-01
7.901096222404271341e-01
7.888990436824984132e-01
7.885459505542211645e-01
7.870900605671512507e-01
7.878808058238617740e-01
7.848426836930424422e-01
7.847563036964242400e-01
7.833925312324889756e-01
7.817639774942088948e-01
7.817377614942411235e-01
7.801831477496268263e-01
7.785329860859615536e-01
7.785251467383748070e-01
7.762262825062730132e-01
7.749694326363953945e-01
7.750273442791596468e-01
7.715929923794294654e-01
7.724378422863561466e-01
7.705810248613700342e-01
7.697185118383359503e-01
7.690194670580849934e-01
7.666085172296306371e-01
7.660538626558217601e-01
7.651887507201008409e-01
7.649922656951139155e-01
7.623127678103235327e-01
7.620876081543619396e-01
7.609160103515011375e-01
7.593840281857939800e-01
7.579214056175762604e-01
7.558689990081890464e-01
7.553866369137878234e-01
7.545563430775446001e-01
7.525850456074427708e-01
7.518371570561720452e-01
7.513090587483293170e-01
7.488243380354107082e-01
7.485242509281558876e-01
7.483227058437363910e-01
7.463909549835315849e-01
7.449106101666211899e-01
7.448556531038401651e-01
7.430633215000880254e-01
7.407112540256106659e-01
7.408342504559222164e-01
7.396841238025161358e-01
7.368069146761111465e-01
7.370654595488923544e-01
7.351066689560061818e-01
7.360946506146417434e-01
7.337654687621488758e-01
7.315139775160190982e-01
7.320571281758383453e-01
7.279986392984902910e-01
7.295733026647122088e-01
7.285679949598953264e-01
7.267646214846261721e-01
7.248706224084828786e-01
7.249082339375939599e-01
7.238828978221832910e-01
7.217275470532444892e-01
7.210642784384758697e-01
7.210626423739187052e-01
7.204133151751054287e-01
7.179485874510681542e-01
7.167454820156133888e-01
7.158637198932789047e-01
7.157091081893710571e-01
7.141336377586459117e-01
7.133851081991707810e-01
7.119497839644345349e-01
7.116255268389277688e-01
7.104908098950104556e-01
7.071222552633773528e-01
7.082451980912851663e-01
7.074833472942761992e-01
7.069264797828440638e-01
7.057398677295122491e-01
7.042821237727132644e-01
7.034766718184125578e-01
7.020452232747754762e-01
7.021001713240108133e-01
7.001388816298945716e-01
6.997374488914733792e-01
6.991292419592808338e-01
6.987496538561284165e-01
6.975328030718334071e-01
6.964897128458993336e-01
6.957503279059776835e-01
6.939198644327458920e-01
6.938177806932389613e-01
6.925781232874248516e-01
6.896868196508830762e-01
6.918756276596818022e-01
6.892602168553384478e-01
6.898460005360539382e-01
6.889411670440828139e-01
6.879690937384763672e-01
6.871520682756384613e-01
6.864109022961256690e-01
6.853446611463821503e-01
6.867106136023307661e-01
6.843925794170465648e-01
6.830074382206420269e-01
6.822700189915277269e-01
6.817432603647241018e-01
6.809104480388631364e-01
6.804474868827872225e-01
6.778228215631104669e-01
6.785976516021058336e-01
6.783766238609220123e-01
6.778306212360115657e-01
6.768259456838952026e-01
6.759391148132981586e-01
6.748563365166485584e-01
6.744032422198723564e-01
6.746218356323600007e-01
6.755229798196735747e-01
6.740256730416143149e-01
6.725883858077653654e-01
6.740873016113104743e-01
6.717811972646565710e-01
6.705372732917344036e-01
6.699254164603413164e-01
6.690278234273946412e-01
6.682019144904464136e-01
6.683426243882942819e-01
6.672843652854393293e-01
6.666541501911364964e-01
6.669522474394372624e-01
6.655157337212925794e-01
6.648457892867841723e-01
6.650065982059782943e-01
6.630120429554794415e-01
6.649349530803408959e-01
6.635566268563551917e-01
6.629992217538566157e-01
6.622749863371364398e-01
6.619687687689772559e-01
6.617587848115085158e-01
6.614649121596302139e-01
6.606169110939562605e-01
6.586972637236130357e-01
6.564733966310486446e-01
6.603161626600057010e-01
6.569028763409839877e-01
6.581307819459062403e-01
6.575902671610245331e-01
6.574570361731800761e-01
6.569984483785763496e-01
6.564847432991171017e-01
6.570664002991627450e-01
6.558805848892335089e-01
6.551947046514561279e-01
6.552877864392100404e-01
6.546407300215077996e-01
6.551689487393055344e-01
6.542063700688209860e-01
6.537418813067282786e-01
6.523579946653188522e-01
6.528060036719524062e-01
6.521299020965338755e-01
6.516879804043024249e-01
6.498797992944393975e-01
6.512064945254998349e-01
6.507532497852093201e-01
6.508234417407197103e-01
6.491441703449305489e-01
6.509673898841736861e-01
6.498428725072734613e-01
6.497256763418941539e-01
6.495985470124969741e-01
6.496598832177256089e-01
6.480439840513445571e-01
6.483016518597281008e-01
6.482566422848908827e-01
6.478347475042892656e-01
6.471586654546693795e-01
6.473877217018294550e-01
6.464075489248203299e-01
6.466651942405179376e-01
6.467504168759743433e-01
6.449403177872281567e-01
6.476267828814517014e-01
6.439794523798556547e-01
6.458457592904149891e-01
6.448593633094886757e-01
6.445747422212713129e-01
6.446748520488536638e-01
6.444083821590322891e-01
6.440466467725888267e-01
6.442761519325600483e-01
6.453894515857402370e-01
6.436260609951550693e-01
6.437115750009797521e-01
6.429002636232226120e-01
6.442632602242824857e-01
6.428756415016958492e-01
6.426672008744048759e-01
6.423242686033687754e-01
6.424690062942576274e-01
6.425392620907321994e-01
6.413832484495857189e-01
6.418701920394173088e-01
6.393155175621679787e-01
6.411995163395262098e-01
6.417939394965842537e-01
6.417688528253288061e-01
6.413517742456216197e-01
6.410010766831297779e-01
6.405704242969053608e-01
6.396456021606176101e-01
6.423368269912005379e-01
6.402262212295301014e-01
6.402500578200263082e-01
6.397405607668629202e-01
6.394804483141121043e-01
6.415024556697130897e-01
6.402413781072479049e-01
6.396960459330047755e-01
6.398450271605352624e-01
6.399684436671823073e-01
6.387588659423382165e-01
6.392071594812314128e-01
6.391534257404509756e-01
6.389758262864461136e-01
6.387123465092799934e-01
6.394981318704207052e-01
6.388194122127435204e-01
6.383053583407272136e-01
6.416466258338965334e-01
6.385694738839530205e-01
6.384409405786999336e-01
6.379220932821274559e-01
6.370741689152515930e-01
6.385555347406051130e-01
6.381234790628065312e-01
6.374625471446645486e-01
6.374066788670561534e-01
6.375873302753015670e-01
6.377483618419236278e-01
6.379585716657814043e-01
6.380901145649585660e-01
6.381419798307803593e-01
6.377471543550256028e-01
6.375956945127337905e-01
6.363656574441302061e-01
6.375834540141145368e-01
6.372207259675285451e-01
6.378029703873200340e-01
6.371023621302676077e-01
6.376184428963733719e-01
6.370202057976878107e-01
6.371383979495827132e-01
6.369791195318299515e-01
6.366303043996184297e-01
6.369121730178434193e-01
6.360765087320295885e-01
6.369143525894589430e-01
