1.060858223419578472e+00
1.725241469887913937e+00
2.232912817510522174e+00
1.934265347967809134e+00
2.162908624388266698e+00
2.501875938691777268e+00
2.733647239675011775e+00
2.857402491396665134e+00
2.949180226246762793e+00
2.999249323685665214e+00
3.006725786581735171e+00
2.987409173394619977e+00
2.943559172519443212e+00
2.865043053572540632e+00
2.766962010479956824e+00
2.661332646980189676e+00
2.562970043910380191e+00
2.471189062737102482e+00
2.394289807873557052e+00
2.319181742079918784e+00
2.241166350682183950e+00
2.165470912926364289e+00
2.086667191755706252e+00
2.013496150784511496e+00
1.943332112152699853e+00
1.878219291361871379e+00
1.819215865394148590e+00
1.769131138403090331e+00
1.725126373185482453e+00
1.689739184828876084e+00
1.658204925281564046e+00
1.634583919090270676e+00
1.619492799561978558e+00
1.608354195392259101e+00
1.602530902159338133e+00
1.600730643491515837e+00
1.601161500504201252e+00
1.607731968405055722e+00
1.615252370289874895e+00
1.626521862170231314e+00
1.641451848568165950e+00
1.661259740653537431e+00
1.684619906602245809e+00
1.711378572210826343e+00
1.743872064451603032e+00
1.774979035140468397e+00
1.813554266919090496e+00
1.857526497091289253e+00
1.907311995895526691e+00
1.959202325185027904e+00
2.009507858399171454e+00
2.060735684074330720e+00
2.114349166294630766e+00
2.170918301555507579e+00
2.220101680035334368e+00
2.271232957962536769e+00
2.323168731677249799e+00
2.369281361137606012e+00
2.418682944885781172e+00
2.459781810685313985e+00
2.503840174022105014e+00
2.544366072348324792e+00
2.586668167510072447e+00
2.623941755345189364e+00
2.664738153009326371e+00
2.702251468968399184e+00
2.735178200631518841e+00
2.772408946267802321e+00
2.804330001584184107e+00
2.838984504477914506e+00
2.869998997534456642e+00
2.900904561774559909e+00
2.930134619752403857e+00
2.955866030003282408e+00
2.980548129285089054e+00
3.007347172914986100e+00
3.028083193017290675e+00
3.050553906132065674e+00
3.069028413723111637e+00
3.090846754598415735e+00
3.107054309599421860e+00
3.122363794106346901e+00
3.137042819358072165e+00
3.154069311423731481e+00
3.163576701902046651e+00
3.174794733568791383e+00
3.180375480543237376e+00
3.195060277838100316e+00
3.201018268895550190e+00
3.208770141292477174e+00
3.217242060441671825e+00
3.221005568396231311e+00
3.226727954582394808e+00
3.228758855742785538e+00
3.232959996421921112e+00
3.234327342402983252e+00
3.239229834258926299e+00
3.239582031233512183e+00
3.236884180124868671e+00
3.242476032543855968e+00
3.240968002598058728e+00
3.239242963903115058e+00
3.238945884604688352e+00
3.231004074067628462e+00
3.237541042102946243e+00
3.232823005403487659e+00
3.235722915728833193e+00
3.232498697943440913e+00
3.230552354466631471e+00
3.227516691009951533e+00
3.230711749563819790e+00
3.227264264493771684e+00
3.227285296976377005e+00
3.223031384298845836e+00
3.226144147327348666e+00
3.224775638170032099e+00
3.219773337484368447e+00
3.222617586656956856e+00
3.223731567179974444e+00
3.224050574781906597e+00
3.221202624099356093e+00
3.226857229614234601e+00
3.221108379123853727e+00
3.223155343888330471e+00
3.225265261170237707e+00
3.225386706919306512e+00
3.225760355966477810e+00
3.229109375824502859e+00
3.225147301567285130e+00
3.231912744338261589e+00
3.232781600781336806e+00
3.234608885759631569e+00
3.233481536464017037e+00
3.236302027100511847e+00
3.237879991393474377e+00
3.237508241253441277e+00
3.238441044542631708e+00
3.242749352671393304e+00
3.244290747251205698e+00
3.244522111946220200e+00
3.244293314301466502e+00
3.245936990483898388e+00
3.244362673304272970e+00
3.246266832656178547e+00
3.243404286801370606e+00
3.249156877013568145e+00
3.246545009547225913e+00
3.247292340528461274e+00
3.246134841852837738e+00
3.244176935082694335e+00
3.246804317445477484e+00
3.243505468451913121e+00
3.241965685278086262e+00
3.238102311126378918e+00
3.242132736156531525e+00
3.236268789126903744e+00
3.232608037036027948e+00
3.230949629885297547e+00
3.228962643181050307e+00
3.227215054656563442e+00
3.224801771993485389e+00
3.220680380637937379e+00
3.213941133495203495e+00
3.208094525819946696e+00
3.209346326074052680e+00
3.203054561721465188e+00
3.199247281144260047e+00
3.193926704317327392e+00
3.190131882496730409e+00
3.179444127976855050e+00
3.171003181447756170e+00
3.174226117045329865e+00
3.167998945472584538e+00
3.161581474979128004e+00
3.154517865755405825e+00
3.149185060934985625e+00
3.142873393844416885e+00
3.136963129015869711e+00
3.129084612403544075e+00
3.124202077908327269e+00
3.114749079915893670e+00
3.107278129344110962e+00
3.100586433305887013e+00
3.094124391290279608e+00
3.086501282072894092e+00
3.082206131767704083e+00
3.073479857568262474e+00
3.064016406968896877e+00
3.057015635047116486e+00
3.049233453847229658e+00
3.040198956333032498e+00
3.034873966954042768e+00
3.028677240608548260e+00
3.020723879688109292e+00
3.011436340578276916e+00
3.007140913437964080e+00
2.997899895393739911e+00
2.987903920038275540e+00
2.984547815241538782e+00
2.976051862165632667e+00
2.966010297226704839e+00
2.961482949375388252e+00
2.951758296779102508e+00
2.945073398243171603e+00
2.935688200329924058e+00
2.932326347871380801e+00
2.925216903880528463e+00
2.917509232995112001e+00
2.911814411825935256e+00
2.903360297535725110e+00
2.895834170541759622e+00
2.888543510347508114e+00
2.884135706700828194e+00
2.874450818341559799e+00
2.869102696026263111e+00
2.861794195650861017e+00
2.855229999613608793e+00
2.849121807929638983e+00
2.844276405816172471e+00
2.837791156723195485e+00
2.828955717640611489e+00
2.826451386407588640e+00
2.821069061040336390e+00
2.812973508945227685e+00
2.807788181256891225e+00
2.801581971404254023e+00
2.796662252203618859e+00
2.784402871529573442e+00
2.785607509080235911e+00
2.780046410918017852e+00
2.769601046809027967e+00
2.771191570643167790e+00
2.763761154875077342e+00
2.755021962380187261e+00
2.754868619332059065e+00
2.749745991809901646e+00
2.747067568144657468e+00
2.742167693432603137e+00
2.734975735599879165e+00
2.731187759592544229e+00
2.727576659504904910e+00
2.722553423377331416e+00
2.718326460578909476e+00
2.713859859710291644e+00
2.711274595001919252e+00
2.707757690085141444e+00
2.701152586415001000e+00
2.696626007723725404e+00
2.693290028490783694e+00
2.690636500188428037e+00
2.683860827588108844e+00
2.683155126649131805e+00
2.678929564238850425e+00
2.674317271189587508e+00
2.671407374436513216e+00
2.667372965330826240e+00
2.663240309843168507e+00
2.658840778798332138e+00
2.657544463320006045e+00
2.653253181644984693e+00
2.651281685875453764e+00
2.644713656998114448e+00
2.645058994421926268e+00
2.639119676686498828e+00
2.637792401348443949e+00
2.634922404566864440e+00
2.631306257214222288e+00
2.626869571075121979e+00
2.623739964535211744e+00
2.620102647543772534e+00
2.620258041250327796e+00
2.613962073297274369e+00
2.611556432217954526e+00
2.607482527076528722e+00
2.606896623173961203e+00
2.599492225118721578e+00
2.602155471930151620e+00
2.598633543423324088e+00
2.594071522164062227e+00
2.594070022579965773e+00
2.591066146457533304e+00
2.587080756864566400e+00
2.586027868539799712e+00
2.582257539108085087e+00
2.578471662348424065e+00
2.578934859686652370e+00
2.572536517161558400e+00
2.569617059623428013e+00
2.569213478951372753e+00
2.567350118481443122e+00
2.562473401553947649e+00
2.558540128361911137e+00
2.552886830758211545e+00
2.555111338946687738e+00
2.552516167526585722e+00
2.550454150334749315e+00
2.549101021068875372e+00
2.545905896776842869e+00
2.540112264577982781e+00
2.537957203899985359e+00
