1.132655646355277934e+00
4.936387487055355017e+00
3.034788501559088747e+00
4.647103708254000765e+00
4.554783942910556327e+00
5.883047485233450224e+00
5.479438218542432182e+00
5.066998324964552936e+00
4.682952674237744972e+00
4.337634128736590711e+00
4.001870357352379948e+00
3.700431629530757327e+00
3.422766864669099185e+00
3.139283927650524664e+00
2.912649037319998691e+00
2.663738676558704555e+00
2.435069955198061020e+00
2.255440609321546663e+00
2.065294951724915062e+00
1.906578018112657480e+00
1.723799874573824109e+00
1.604626285481844272e+00
1.498489798808261497e+00
1.375390267821418711e+00
1.266363747296346487e+00
1.195236477729199498e+00
1.119481768900614904e+00
1.036942481616342837e+00
9.969943737713479193e-01
9.239217526152965210e-01
8.685082894399038800e-01
8.502166845636656145e-01
7.522765014867699440e-01
7.805706216036611966e-01
7.431458285142820142e-01
7.047316001340687697e-01
6.832624284700686834e-01
6.711004050519406849e-01
6.452104616622791333e-01
6.405963806262455762e-01
6.292088886544765503e-01
6.106567633184053490e-01
6.148287404203353068e-01
6.008623011234820455e-01
5.919454380972415386e-01
5.889118682894669554e-01
6.081493034431687539e-01
5.941717665787269453e-01
5.705711702484553838e-01
5.629159973099677750e-01
5.827694431579399925e-01
5.736160136996311110e-01
5.783838049996277153e-01
5.735544412149480298e-01
5.591317540541637099e-01
5.781389694564457171e-01
5.575406502851482093e-01
5.777295208966108930e-01
5.784602467191618524e-01
5.707649008898997289e-01
5.826669760886832306e-01
5.951773304749435889e-01
6.156276183997951845e-01
6.151549421539477258e-01
5.926594009429457799e-01
6.218103647061631323e-01
6.241616465183231766e-01
6.329496564979728568e-01
6.428555521754878432e-01
6.421214235252036273e-01
6.452959779670097706e-01
6.674524014560926366e-01
6.404695478349529125e-01
6.772582855879761832e-01
6.690464138820312323e-01
6.758454718133054540e-01
7.078510830476668625e-01
7.140401664667862525e-01
7.265440756835884750e-01
7.391349395728138427e-01
7.473780724680132437e-01
7.559002443359968959e-01
7.503920062590506701e-01
7.816618714284763181e-01
7.886642202380095279e-01
7.615996435023854039e-01
7.864981310100889189e-01
8.028082717758721065e-01
7.901960631144673286e-01
8.257355174089615613e-01
8.207113091844532304e-01
8.314395410191082192e-01
8.353978611957676437e-01
8.400024625727287031e-01
8.395079986725125787e-01
8.560912833939704480e-01
8.593293192988141760e-01
8.605969150814003488e-01
8.719151891109025998e-01
8.806713545606389415e-01
8.786963744196594206e-01
8.601701311056383359e-01
8.862980913328064592e-01
8.582556680897527324e-01
9.107726670285101189e-01
9.119239308401559940e-01
9.196316166198109654e-01
9.272849927353578048e-01
9.322898570416545683e-01
9.380496470248893548e-01
9.113436202849574119e-01
9.552931240910452759e-01
9.601528121946925065e-01
9.685340529725594561e-01
9.594956637416431899e-01
9.768851330191413718e-01
9.906637162319394951e-01
9.923199328451030032e-01
9.821193139856172483e-01
9.935848818184231934e-01
1.001891453951613054e+00
1.017598458338260459e+00
1.017897216721012965e+00
1.025398818327728501e+00
1.030118653352342095e+00
1.049861117384263354e+00
1.048648946844727980e+00
1.049733189467601857e+00
1.077747165587386480e+00
1.068893820083013368e+00
1.053847585725132374e+00
1.096650301484630718e+00
1.064977485564211568e+00
1.047686531054667913e+00
1.074843752413645603e+00
1.072670568970907956e+00
1.086452338607567292e+00
1.085675607823182842e+00
1.086244695876372068e+00
1.091555465609083564e+00
1.098167562046372447e+00
1.104358318542232986e+00
1.103680154409564462e+00
1.109610904131699494e+00
1.105427506631545986e+00
1.116653278499218915e+00
1.089622892554682920e+00
1.106491851803102833e+00
1.122310896392770152e+00
1.127414893928620820e+00
1.129328283608043826e+00
1.110595617410062630e+00
1.133844338848283284e+00
1.136899746514806520e+00
1.133640726530020126e+00
1.139033082441945233e+00
1.142274652492676346e+00
1.146824168226281415e+00
1.144270318564459599e+00
1.144338953389518521e+00
1.149765402083781085e+00
1.156620125538099231e+00
1.152285506679781912e+00
1.143541880758270013e+00
1.156469268129758809e+00
1.156271941061747466e+00
1.157975413471074688e+00
1.141453298715025211e+00
1.157116810220767178e+00
1.168046417904904821e+00
1.160836624906913972e+00
1.147426609416838827e+00
1.161175835915357224e+00
1.162824333514711705e+00
1.158220040755079783e+00
1.151241124437986985e+00
1.170304300662554420e+00
1.167313682200617819e+00
1.172492832149773401e+00
1.157282084391857646e+00
1.164499513746623860e+00
1.163667582287225333e+00
1.185956380219126194e+00
1.172581471661768626e+00
1.153175273070930373e+00
1.161844327834755219e+00
1.188678265435083592e+00
1.149165259866907318e+00
1.144141360254446571e+00
1.110299805853215416e+00
1.121067541365988962e+00
1.091166564058610344e+00
1.075384078024015810e+00
1.045940904883077893e+00
1.025300943164532574e+00
1.004464023030905651e+00
9.462550305635711867e-01
9.032136557734593563e-01
8.702715989613181158e-01
8.288102231571736755e-01
7.898742733812572636e-01
6.235173911233019561e-01
4.098566491284976188e-01
3.133817707429110144e-01
2.479148524610014226e-01
2.284957486529323734e-01
1.440244589010790388e-01
1.397888889282141722e-01
1.522442146225711501e-01
1.580017617957585330e-01
1.562585388895098570e-01
1.636318948855222666e-01
1.800854240085142666e-01
1.521276449780187001e-01
1.860328659997719791e-01
2.342474310916887736e-01
2.031945114504287442e-01
1.950645716680833308e-01
2.221330955629686466e-01
2.366247540038793340e-01
2.202411479594224564e-01
2.175304375576177507e-01
2.310466188663253262e-01
2.282129527046183881e-01
2.218055142053800832e-01
2.314082506069993495e-01
2.379239304120594756e-01
2.008077936741636538e-01
1.966812796392446994e-01
2.093916346372994286e-01
1.776947010929910142e-01
2.172142248475736892e-01
2.072710217420714041e-01
2.100599562705047496e-01
1.729391303339004315e-01
2.074735003326200200e-01
1.916915477425531755e-01
2.070516232170208359e-01
2.100376407002351731e-01
2.033082783994000775e-01
2.006838696220255847e-01
2.697251704828966812e-01
2.188754485845050834e-01
1.986870687534245394e-01
2.013687237633096649e-01
1.904334380688196271e-01
1.957204915463373052e-01
1.790085806591576734e-01
2.233687284760270120e-01
1.901489695946392278e-01
1.810912100385365098e-01
1.907645827985480491e-01
1.855071481757349927e-01
1.834775815138864064e-01
1.898854464322935753e-01
1.747285598039695909e-01
1.844833153272036896e-01
1.858694956034050438e-01
1.861176506046956780e-01
1.851021807050401702e-01
1.807347085740269033e-01
1.685311247514074129e-01
1.805765183544771335e-01
2.010186959543076857e-01
1.786578244882406630e-01
1.664804051279476504e-01
1.707188160872978311e-01
1.707493160211484562e-01
1.830313716564279103e-01
1.712779087574579362e-01
2.016832440889247680e-01
1.852178218364496920e-01
2.142794400992001635e-01
1.516790890418161786e-01
1.803688077961297653e-01
1.617382377564584583e-01
1.628762557443785286e-01
1.342730275312468136e-01
1.855958641524002029e-01
1.632023728242894545e-01
1.721567441909976626e-01
1.661326022662381330e-01
1.762915802072272387e-01
1.712869504427769196e-01
1.706155122468654417e-01
1.307047231769792039e-01
1.724700984874793785e-01
1.629887745379557384e-01
1.601348549856413672e-01
1.642314376991884928e-01
1.660994215526931939e-01
1.555063941224471558e-01
1.564323620346604604e-01
1.635561823371386170e-01
1.635735910533711590e-01
1.641410864990653640e-01
1.616838844031696920e-01
1.646871583308872899e-01
1.610657205396462399e-01
1.544651860293285994e-01
