1.059502845303539109e+00
7.027130655632913836e-01
1.071449287900349434e+00
8.068014650210637573e-01
5.775538575945503572e-01
3.987427165598677048e-01
2.688088056968920836e-01
1.799645298785531311e-01
1.222421630134636894e-01
8.605361539503605939e-02
6.364730589311505538e-02
4.951802214123549040e-02
4.014562985859319172e-02
3.346700937045935659e-02
2.835348100949768718e-02
2.422032345362243669e-02
2.076751790414837345e-02
1.784051643369186785e-02
1.535365111553089502e-02
1.324854279626611758e-02
2.654657038861737289e-02
9.989624768013865078e-03
1.456071950414013390e-02
7.863732640931490186e-03
7.681346461605406163e-03
6.419431842917821228e-03
5.809463657443224814e-03
1.399111463903350604e-03
5.454976840467629789e-03
4.474265657607712915e-03
6.083530855948267313e-03
7.660292573373043458e-03
6.215797766046819196e-03
1.264159133398932988e-02
3.424808261378641059e-03
5.892245336954287337e-03
3.218938135542440300e-03
2.045473370000975514e-03
2.757425814456092392e-03
3.738691661783099390e-03
9.833000287675186350e-04
2.178569032549045048e-03
6.331769914302570398e-03
2.583278072578642365e-03
2.221131196060105537e-03
1.289841987758266143e-03
4.844663914903549543e-03
1.469202771572406408e-03
1.122221523626234368e-02
1.275800843300431073e-02
1.238865435972434171e-03
1.098157981137656575e-03
1.175867259166504591e-03
3.777707407309102185e-03
7.545714153396201147e-04
8.875293538445470530e-04
6.239562541744822976e-04
6.222083318520471064e-04
4.282619928518084131e-03
3.855732304266959887e-03
6.418335700119183820e-04
7.229777761689798639e-04
1.246262970632477322e-03
1.978151693374902240e-03
1.578668768625526159e-03
4.564940867246716576e-04
2.784075896075695203e-04
3.353385561668664879e-04
5.766562515371182179e-04
7.007095569168812418e-03
2.771047138729788948e-03
7.995966079988982636e-04
5.497647877664653447e-04
3.801848123866803566e-03
1.666001958545334323e-03
4.381078065050795427e-04
1.369576582270231116e-02
6.422570912666848838e-04
2.104546050739816970e-03
3.397306335250141343e-04
8.683181363120586220e-04
9.305201287224561984e-04
2.364870934261856120e-04
6.108061837919578690e-04
7.963811273288481799e-04
3.339063302704349187e-03
6.802781632374224749e-04
2.361561488944582932e-04
3.241651792627799240e-03
3.349430281109011531e-03
2.316095015334109907e-04
1.730204976633861400e-02
2.417868075717654469e-04
3.858274951750212574e-04
7.841307306097217503e-03
3.264351129925028064e-04
4.920940982048712699e-03
2.523661548232315082e-04
3.098058114043460761e-04
9.629110331309502372e-04
2.848012937246565757e-04
1.130708804230985860e-03
3.026979973298416968e-04
2.079823199852735664e-03
2.102152471047154768e-03
6.787452991927643564e-03
2.287447773611559051e-04
2.478775438719674532e-04
4.244496392943431320e-04
2.624118227342498062e-04
4.805435122398222896e-03
3.683088386659556638e-04
2.743746242956527975e-04
2.516585055245860406e-04
7.194730377352301842e-04
1.520809721928280097e-03
6.350033520576109716e-03
3.640907970745212055e-04
1.225717900694558299e-03
1.118035080271221173e-03
2.191393595955684408e-04
2.545310784528023664e-04
2.119932451844453933e-04
1.031851895910705077e-03
3.944970682344693669e-03
1.629030440199567397e-03
5.304078643745663811e-03
3.254559168756880508e-04
3.803668940174974940e-04
3.539563901616665895e-04
1.276322132942441000e-03
3.479412821239647011e-04
5.173815304192630297e-03
2.418822397434075393e-03
4.733820886706754591e-04
3.128258152375068372e-03
7.661938529648195176e-04
1.239637415170670009e-03
1.353079281448640956e-03
1.501203457474863546e-03
2.595085033893498698e-03
8.476107545717436820e-04
3.756036148254471882e-04
5.247396776777097163e-04
7.245237635714558977e-03
9.064561755026916265e-04
3.225754910289381147e-03
3.302037801207123829e-04
1.947483419825379609e-03
3.416188282091852280e-04
3.600969865245642800e-03
3.505545993627337520e-04
1.417612640366394672e-02
2.846363945984238726e-04
3.035018897573325022e-04
2.123525425841873938e-04
3.530776945156378520e-04
1.667528999328293446e-03
1.949353668238194186e-03
1.685395916562216437e-03
2.734801426419614383e-04
1.161142119112452747e-03
2.016438897449196726e-03
1.109654461584694274e-02
1.243253349789753034e-04
4.025096010072105835e-04
1.613210782701581458e-04
1.879452672344601640e-04
1.585418619720448466e-04
7.714742948623272943e-03
1.981710166417581997e-04
2.810665348670745222e-04
1.200902075358782368e-03
6.176016758862165265e-04
1.740926567574705829e-03
3.998170092680911340e-04
2.612468051771274719e-04
9.258621584552333486e-03
1.099654218802360221e-04
5.037922410881743576e-04
9.182823691130106384e-04
1.376262002075368690e-04
6.334078857825448626e-04
3.132136479729554683e-04
2.478817409073498837e-04
3.405319063127299254e-04
4.609516988190666040e-04
5.614887236866076712e-04
6.697794448323658332e-04
4.753252890840808584e-03
3.705813261284360326e-04
4.749486685126233987e-04
1.622887250592558363e-03
1.575744150138635319e-04
2.610575534804467275e-04
1.365906191184195493e-03
1.819582548784794878e-03
1.617908831770765478e-03
4.340131422546016082e-03
3.044346093361969922e-03
1.419333740747008923e-03
2.250803466729661868e-03
8.621929631201508126e-04
7.406702311407652953e-04
1.356994499126823244e-03
1.025084890469474957e-03
1.071345425102677908e-03
1.121423780928803259e-03
1.416802203819463198e-04
1.819666270272108732e-04
7.221586173866206479e-04
7.094622409732322587e-04
2.357329552137926655e-04
7.183723544962349918e-04
7.107877111114058134e-04
1.067775424273003206e-03
2.183264686050470421e-04
1.060034236135745352e-03
7.587697154336914144e-04
5.166928600910551672e-03
1.050314861826555813e-04
1.620799054906841739e-04
7.660185255973618948e-04
4.980602935642854633e-03
8.157457011282216600e-04
1.503526142980899348e-04
1.379589297177183328e-03
1.750438819572542638e-03
6.291207121108022098e-03
1.818354435336300807e-04
4.153317237149085428e-04
3.107488991635889769e-04
1.379164832194354387e-04
1.085898027811858601e-04
1.214852122316210535e-03
1.725707497449458514e-03
1.708372934505208453e-04
4.512611237577668398e-04
3.575671375717732851e-03
3.949070578727572104e-04
2.587080535368955288e-04
9.201026926793658047e-04
4.863754392584708312e-03
6.427714915354399219e-03
8.729917922674143701e-04
3.842030563892234740e-03
1.132105746032879790e-03
4.019778260983748394e-03
3.020451019026055423e-03
1.354093558864484428e-03
1.525725799604544597e-04
3.064352556003165497e-04
1.974644890156865924e-04
3.601863384973573922e-04
4.973971689358115287e-04
4.389085106636353428e-03
2.055166789597204658e-03
1.951236181496064127e-03
7.774404862366155432e-04
3.367690694653264496e-04
2.687608633849167239e-04
1.234439653558819846e-03
1.454421466234433668e-03
1.178829064786965234e-03
3.327228111263515003e-04
3.723877872661631870e-04
3.098173018372770066e-04
6.828469247826910457e-04
5.319912956918948152e-03
5.416491108785813314e-04
9.649556535364221430e-05
3.161377905936642372e-04
3.352993264191016145e-03
1.010023981276414375e-03
6.664137603654226097e-03
2.104830212349120193e-04
4.119950908513609006e-04
1.702011031241810373e-03
2.359128941121294552e-04
4.254201706225093694e-04
3.937646178275107833e-04
3.835399314916731984e-04
1.154430890892587042e-03
1.091515617613332155e-03
4.509122643031659235e-04
2.303463146942736576e-03
4.384642561321169894e-04
4.847740060618416658e-04
4.525165151625237803e-04
2.957149378368302897e-03
2.355099645158172366e-03
4.350050708840249789e-03
4.540409757871917591e-03
3.024868202719433363e-04
2.331179439879010559e-04
1.338268615755470797e-03
9.446511920418685379e-04
1.829186736071767346e-03
3.970596968024292517e-03
4.262129533967307787e-03
