9.516718944555409010e-01
6.964848738393166760e-01
1.718072608742746477e+00
1.432473423469920792e+00
8.844743271622299563e-01
5.186414640928733721e-01
3.045615769358237523e-01
1.853692195631234108e-01
1.175626576868201018e-01
7.659345501242068033e-02
5.053084832753521050e-02
3.362053623773212513e-02
2.268630391792990711e-02
1.567300103701778705e-02
1.117204437812209690e-02
8.231624209881377788e-03
6.246290419496178942e-03
4.846184865576612030e-03
3.833326055323780027e-03
2.989941234877441581e-03
2.487741327307879929e-03
2.869364686633519689e-03
1.670781258180579001e-03
1.758452436449467905e-03
1.139986776495864954e-03
4.384066734667275630e-03
8.077453268596202201e-04
3.172047653093169710e-03
6.884088538326608780e-04
6.880588245053588081e-04
6.935692308796314936e-04
4.930699002366773637e-03
9.660914126351416355e-04
7.034787971936891024e-04
2.369531979309633194e-03
2.391485995005933167e-03
1.391872553183904661e-03
7.212169231729585435e-04
1.427501213687280401e-03
1.381372510592639852e-03
4.593287916952885734e-03
2.400154116771486840e-03
4.287808068651154797e-03
8.995365749321005593e-04
1.528902732903356012e-03
2.599202768870564981e-03
2.022832459313375110e-03
2.973123783510389639e-03
8.903715094122409066e-03
3.025172257261286943e-03
2.274839209979452950e-03
2.414392128457714965e-03
1.221457204631346168e-03
2.463056107969727702e-03
1.781389783118395411e-03
4.766230386105811158e-03
1.494141361827549391e-02
2.080607355367891740e-03
2.856345858927693878e-03
2.707813622168832833e-03
3.545722033513743279e-03
1.582495743086898389e-03
2.508652720401236599e-03
3.974969182484401793e-03
1.730360944008307519e-03
2.087399277554092322e-03
9.136164936754350742e-04
2.283412226058463904e-03
2.785279632580868209e-03
2.131188605097120419e-03
4.582421996107756759e-03
1.219096035312738436e-03
1.479516119068044651e-03
2.096613426615412043e-03
2.039026720841894194e-03
9.668401390351730185e-03
5.361819618754802910e-03
6.954888808001978909e-03
1.677946289248378759e-03
2.865221219151040024e-03
2.210078233627727710e-03
2.415775612232275507e-03
3.759815933710939848e-03
1.941552696717106568e-03
2.199739933071919243e-03
2.223085742910102872e-03
2.014727093935734636e-03
2.333808409260901360e-03
1.984935014872413802e-03
2.502165439377925741e-03
1.998199425217817970e-03
1.654949007637722012e-03
2.896800132989550084e-03
1.369748587067807187e-03
6.064392426695118521e-03
1.248621266777166783e-02
1.590024437946626658e-03
2.376931810847735405e-03
1.758276179110542176e-03
1.894220730068095016e-03
3.351684630359690401e-03
1.905011823178593940e-03
9.284199504477569018e-03
2.682151816203861682e-03
2.494812858743897504e-03
2.278026363386069768e-03
2.061091680034539669e-03
1.053814332664289701e-03
2.195587867820147487e-03
3.017869151942349174e-03
2.008345961949027300e-03
1.590087659918671802e-03
1.966795342200958023e-03
1.241479747134979425e-02
2.183227172330138265e-03
2.866856601092987976e-03
1.722026994677225116e-03
2.227843312711123239e-03
1.798125858105839017e-03
2.216817885608380299e-03
7.391966496125117365e-03
2.010354223368018313e-03
3.707745658231291659e-03
1.244610260382101631e-02
1.968983661544852857e-03
1.028610312665190728e-02
1.989869761656481387e-03
9.910138416016896039e-04
2.067560734407341335e-03
6.956683964620058273e-03
2.285156115916419251e-03
2.041328439922712214e-03
3.121815226624876857e-03
1.919559435008276731e-03
1.899924573653859325e-03
4.951043595167862500e-03
2.031955186453418896e-03
7.972607348090786708e-03
2.076786979905279485e-03
1.805181527507580255e-03
2.022849739250045034e-03
4.435864750136430702e-03
4.941199009835147739e-03
3.447511318968436191e-03
9.415546421149657364e-04
1.018175707665658564e-03
2.721368217366322475e-03
1.585008781087583014e-03
1.983926036098958463e-03
1.944310846746022566e-03
2.618953643344734510e-03
1.952707713220798317e-03
2.506538536089591984e-03
1.299701815280891303e-03
1.303399961198363098e-03
1.782319753674406829e-03
2.015833346306584832e-03
2.908011937434269376e-03
3.298815651936301031e-03
2.047146054462043504e-03
2.089143264026123784e-03
2.460478499343681739e-03
1.999419171410720363e-03
2.357197343226684599e-03
5.590989505706902771e-03
1.928374296584791725e-03
2.316538033915096790e-03
2.025760762668439401e-03
9.917497277134406514e-03
4.933442303715578417e-03
2.928430562230680077e-03
3.579190162430213266e-03
2.144889880500325512e-03
5.434781805640560848e-03
1.608659937066083496e-03
2.052333432192402028e-03
2.334344408633467257e-03
2.750561728144191968e-03
3.707736201618921316e-03
2.317977151498729939e-03
6.127608093828552233e-03
1.840915563057167990e-03
1.021926878817530811e-02
1.809665870024363549e-03
1.095717935396852902e-02
1.787548132413943874e-03
1.778878650658430143e-03
1.726724980232506286e-03
1.739875513665129414e-03
1.928140182940015412e-03
1.742065981691314500e-03
1.735678533625622253e-03
2.694490847386756590e-03
3.451791669802493044e-03
2.074563699488924003e-03
1.836565394446398143e-03
1.257138272163111151e-03
5.091393542183229350e-03
1.916858699774941568e-03
2.486846521515071167e-03
1.655463562598236691e-03
2.055229794775618579e-03
1.626769356330987418e-03
1.945301377633821974e-03
1.753117214952567031e-03
1.989424129602072183e-03
1.204498492746953293e-03
4.040895578612977920e-03
1.585414344035256714e-03
7.718350193992323414e-04
1.654560920107182951e-03
3.109920230717579115e-03
1.690584558779251135e-03
1.609589365468983881e-03
1.671083523088241849e-03
3.233892208491685218e-03
1.526496353924144131e-03
7.152957973944231839e-04
1.542648960602513962e-03
1.447773579006003371e-03
7.008479192811211626e-04
1.528681650177652653e-03
1.142124664725429652e-03
1.232596378516571034e-03
5.371053401480052093e-04
1.998219854003178801e-03
1.233212365179393259e-03
1.702674191053514313e-03
4.491758981317800666e-03
1.363403161473944686e-03
2.791596231626617981e-03
1.733965417312765579e-03
1.635360004298515302e-03
1.523276536692958795e-03
1.577539239166558718e-03
1.706061974875623406e-03
1.940547293488008350e-03
7.908537155551253507e-04
2.950190429277309116e-03
1.433299689345980113e-03
2.220292811089542330e-03
1.363670459917078583e-03
1.461234736175731326e-03
2.746991389064790210e-03
1.780791890576911363e-03
1.836350837619860456e-03
1.569977950346144839e-03
1.369584609946137297e-03
1.518013894479912146e-03
1.502137896074451362e-03
1.976104414753007341e-03
6.734593890666260019e-03
3.006897220848716180e-03
1.449952629919100183e-03
1.438750188455003047e-03
1.173225243100467019e-03
1.619394258039542987e-03
1.108484992977092336e-03
1.703270548684870760e-03
1.848394257780968828e-03
1.008227637482095752e-03
2.397296310233261972e-03
1.231981559387984549e-03
1.994207507478812456e-03
9.462897818438525781e-04
1.436476482481275751e-03
1.231024182413920608e-03
2.043437363615435882e-03
1.962363490717724222e-03
1.945641884769125926e-03
2.510669070020878947e-03
1.330677738222484823e-03
1.123921680738729657e-03
3.782865933660666414e-03
1.431781388843616403e-03
2.072459979922718510e-03
3.394355356881882495e-03
1.581504694294656342e-03
1.875629225972811178e-03
1.405015283968246180e-03
1.063055206131898259e-03
1.520627231300248142e-03
9.892207171749863547e-04
9.298817066211539743e-04
1.421275245956846092e-03
2.002222049038808720e-03
3.416760155184860644e-03
1.755424585235336758e-03
1.541327787492960486e-03
1.191228957579164088e-03
1.863266416591672107e-03
1.613057330154785444e-03
8.325871331467463166e-04
9.869997778873353979e-04
1.332362484041123719e-03
5.002803955945718528e-03
1.595115504736063739e-03
1.348299621200130249e-03
9.918115073761786093e-04
2.110680959834701931e-03
