7.056853754075281815e-01
1.521393783397527955e+00
1.780753767645312013e+00
1.413129434283366237e+00
9.936625528552801567e-01
6.841542165233216455e-01
4.664752288775735889e-01
3.142669841794240027e-01
2.092093530968141268e-01
1.387101917383479766e-01
9.309354904722148827e-02
6.452887026783038493e-02
4.697159174646454993e-02
3.616776963556294494e-02
2.937609553524000647e-02
2.493868183942004463e-02
2.189049287217972525e-02
1.968207916750783215e-02
1.799877838733481353e-02
1.687309085029521649e-02
1.541147863277778605e-02
1.655924471122166911e-02
1.359404091386024784e-02
1.242367725970329462e-02
1.219099087072364820e-02
2.462073311400468992e-02
1.089019966666095011e-02
1.057435898244340339e-02
9.744633488126788062e-03
9.294806218524487643e-03
8.558598460584062803e-03
1.080807370597228895e-02
8.095988817501932611e-03
7.683678507101870253e-03
2.759818498311076684e-03
6.858566760561901621e-03
5.586775679345254084e-03
3.548132576307651189e-03
5.961398519021078417e-03
7.048970883220302339e-03
5.949124636628809644e-03
4.180098199324697519e-03
4.669042179240519112e-03
5.226716068409491787e-03
6.221197335153573656e-03
7.266715573714412763e-03
4.133954715065767463e-03
4.017693943495877044e-03
4.471091932082747744e-03
5.033858355217810457e-03
6.216862432635216797e-03
4.689408419753487121e-03
2.135970911437725696e-03
7.961294767176553891e-03
2.180512419357305727e-03
4.452257317531297526e-03
7.013078031264630488e-03
5.843758382626954538e-03
3.468003364163704718e-03
3.445626264558340757e-03
5.126624683720540018e-03
2.534348217653572318e-03
1.690069708330669716e-03
1.054958778754360848e-03
1.323081438664425527e-02
3.753080641352740231e-03
8.654725331812352165e-03
1.522716685974841513e-03
8.383099207958608643e-04
8.654344673668056681e-03
1.171433893814882070e-03
2.113458325182526222e-03
2.334639826866050788e-03
4.875774327334687929e-04
4.636778349482183897e-03
9.604905413366010211e-04
9.461946487773821059e-04
4.907719164454192075e-04
1.222169142853639021e-03
3.708802652964173809e-03
4.302492631940236026e-03
2.862612056134770065e-03
2.280711734420972324e-03
9.781776506359885284e-03
9.724716964158089741e-03
1.270021032337087736e-03
8.158165216307804776e-04
8.583458093522190399e-03
3.454300201051910897e-04
1.184023366104555285e-03
1.885280422155043807e-03
1.778684895845901361e-03
2.269497554607895293e-03
1.753847816464078205e-03
1.323323490283969837e-03
2.938099011763609840e-04
2.541248687961156108e-04
8.792382970415142836e-04
1.095124348275333670e-02
4.622962736225859673e-04
3.539731998672073377e-03
2.692019562822367193e-04
3.116801919108704716e-03
5.331445674871915057e-03
3.444010886047818077e-04
1.202899388230095753e-03
3.108221338875936414e-03
3.063986830507692879e-03
1.598820379944841576e-03
8.215402188095328280e-04
3.174909177691498299e-03
5.243127891301840263e-04
2.144214156106290844e-03
3.585931449106705810e-04
3.606860590346620691e-04
2.712647646403693155e-04
3.248339485817570461e-03
3.771213377862378795e-03
2.477529089601494643e-03
4.709055589473537008e-03
1.329341191170396079e-03
8.748915104553864385e-04
1.446883179512709321e-03
9.313706014013122631e-04
2.527194235658886904e-03
3.942384824597731301e-04
9.068447281223781121e-04
3.427633735099490635e-03
3.784412905530971298e-04
1.461756572256867363e-03
3.770120180270627053e-03
1.043447494129858205e-03
3.447406019223674275e-04
3.465759792679410506e-04
3.659458714378349318e-04
4.321650228491872030e-04
4.577614491894942453e-04
6.180346191212911797e-04
1.066108272182666452e-03
8.515064534423100531e-03
7.415308154610760621e-03
3.512369258673652805e-03
6.358747314577230247e-03
3.311394265643617836e-04
1.741982125770854661e-04
3.016012316722388757e-04
2.195115055747256995e-04
6.257720930138196535e-04
5.798128913582138808e-04
5.324453875279040694e-04
1.032825973318398554e-03
1.732875953089884182e-03
1.277219021978357079e-03
2.675299289520955510e-04
1.893323734882061812e-03
8.201639542127746058e-04
6.082716455983228770e-03
3.206615531012805241e-03
8.387092367523397204e-04
1.599732967788868119e-03
3.781427163616466369e-04
2.119814563748672123e-03
2.770997536900660519e-03
1.750538007251855417e-03
1.445899789972228313e-03
2.325794810545065913e-03
5.921067702972781024e-03
3.345655235815087839e-03
2.692160429282531480e-04
3.514004117934862764e-04
3.935725676599530253e-04
5.825174889473121696e-04
4.737274917485969879e-04
1.695691795188623971e-03
5.888522006702297338e-04
2.504008664609909049e-03
2.266084394072530057e-03
2.092127729643747814e-03
3.657113790598787639e-04
1.731150000770967801e-03
1.818810383979738762e-03
4.711967332482757537e-03
3.914323663635051144e-04
8.025387705780762104e-03
3.747396068083934384e-03
1.102113123150189966e-03
6.251906255866862203e-03
3.193843929699030030e-03
2.481110396864816638e-04
1.451552802334926629e-03
9.402237724603957486e-03
3.436027331685070061e-04
1.694899397080619182e-03
1.275952656002967561e-03
8.433429224670191838e-04
1.984303565997476947e-03
2.767433502646474922e-03
1.807637368170405363e-03
4.325651940910068736e-04
1.811733928735652453e-04
1.325915411920774176e-03
1.420045085457820495e-03
2.887874702700235583e-03
7.684494821460351177e-03
4.250096612289476364e-04
2.539265416828592227e-03
3.329094784265980607e-03
2.357110197150318141e-03
1.103086167480293390e-03
1.012022047284826236e-03
4.447203323738236247e-04
4.661050984098335289e-04
1.120206342773481583e-03
1.719136546945891804e-03
6.570587096093487463e-03
2.386057914181215558e-03
8.700081644454469090e-03
1.352437860717918983e-03
8.294495125400412313e-04
2.322230433444117347e-04
5.662716597349659034e-04
3.794551771201779044e-04
7.619651832030301932e-04
8.403505254243911864e-04
1.450570342193620646e-03
1.056557845314816911e-03
2.592345367699986801e-04
2.723536677378497945e-04
5.026317362694746613e-04
5.723787800539848532e-04
3.183706891032883233e-04
1.087859804331157065e-03
1.217575514511690018e-03
1.114495417101992987e-03
2.984202869095910616e-04
2.821063210936104477e-03
3.990227189780125587e-04
2.367124922043239033e-03
2.827744499455904026e-04
2.449661868160269481e-04
7.012711031681727368e-04
5.189250807970934585e-04
3.184938438025777547e-03
3.581917286813474013e-03
3.266262414899338438e-04
1.643137553785789821e-03
3.374177254425517452e-04
4.761311176117111947e-04
3.408482867388671201e-04
6.363719250175925218e-04
3.712471214185291530e-04
2.258657928203208212e-04
4.648595816863441412e-04
2.589740078544271011e-04
6.749198968610899043e-04
5.207101439572332530e-04
2.975708129229869946e-04
1.393806455017656837e-03
4.806199249050548887e-04
5.426437146971583225e-04
1.018129809083549286e-03
5.932887026080183989e-04
4.005140953976200685e-04
2.609987331753277438e-03
1.087414345688805144e-03
1.673057547845847176e-03
1.078640277090709386e-03
3.009226432169067288e-03
4.278692379099629899e-04
2.264791948891029059e-03
6.203248224514405079e-04
2.649222952421462782e-04
3.184665220811149357e-04
1.043248807086377423e-03
1.720608306127267622e-03
7.173337774039076440e-04
2.983539889251426731e-03
3.546398231389135476e-04
2.250161549541865552e-04
1.374035825450994897e-03
7.431058959345498375e-04
1.551769476512816119e-03
3.542290545732552161e-04
3.334275652638236140e-04
3.585305764516818778e-04
3.291051934691042904e-04
3.736427281858144202e-04
1.838181697523037740e-04
5.342668049806974804e-04
8.486281440337290968e-04
3.675861673224358416e-04
8.586573316993840804e-04
4.447437669271168048e-04
5.540805128252586928e-04
2.105665361772924172e-03
3.587076865720268174e-04
2.611954928549790867e-04
7.741897720142198016e-04
8.835852560049317628e-04
2.403221115453023967e-03
