9.996084605333986906e-01
4.314718603489324233e-01
2.467172695136350402e+00
2.163425880063459594e+00
1.843070105256961577e+00
1.602048128544999672e+00
1.417751269947681525e+00
1.264407313619757556e+00
1.135999231125106146e+00
1.022555541299306148e+00
9.283790370332998254e-01
8.394728241171606209e-01
7.692673125175740756e-01
6.977784613617082909e-01
6.434242791611418655e-01
5.940798727168618010e-01
5.408409011202417460e-01
5.030955765226348131e-01
4.499061261163608272e-01
4.279233222409919990e-01
3.998510277679452329e-01
3.667879935159092386e-01
3.463997860031335363e-01
3.175881643324295345e-01
3.008753426036447909e-01
2.761003638740097132e-01
2.645891526355099166e-01
2.453232407556078798e-01
2.332481517897689038e-01
2.259140461174654335e-01
1.984219708609678556e-01
2.030144793655632995e-01
1.988130932739314294e-01
1.813183041014397867e-01
1.809811978126205090e-01
1.790491391741213800e-01
1.614582043944560730e-01
1.651455132792225555e-01
1.650032026455346412e-01
1.557847543065566109e-01
1.243952685408359765e-01
1.486862974198150944e-01
1.501224331710809268e-01
1.399280482581828078e-01
1.432036220574814667e-01
1.246670358552025432e-01
1.336878000928428956e-01
1.364678371133672963e-01
1.669839636387616677e-01
1.270574761468213631e-01
1.302849353422349810e-01
1.150824829458055032e-01
1.262458957757877642e-01
1.213956478550616280e-01
1.190396018529333438e-01
1.201823915597014514e-01
1.132559113948704982e-01
1.174565713679368018e-01
9.609842793715846210e-02
1.127042692715635591e-01
1.132328754621951122e-01
1.048139951158488931e-01
1.108666401883147551e-01
1.006659738726101566e-01
1.072739662010286088e-01
9.042694778052490223e-02
1.001868349062816632e-01
1.026625934472242124e-01
9.735011846623149723e-02
1.015228944072326112e-01
9.219742272834288710e-02
9.877307559264325576e-02
8.198746480770363609e-02
9.577574126019888778e-02
9.680408988814832860e-02
8.580790004489302625e-02
9.324755389025166097e-02
9.378442830236241590e-02
8.897172026786019650e-02
9.057880480306247650e-02
8.964730991848601782e-02
7.777941220626490015e-02
8.762740078447535386e-02
8.784953087642709268e-02
8.423600896903923885e-02
8.582430579792872660e-02
7.535424385828710936e-02
8.320433574847763136e-02
8.397916458358105352e-02
7.261384810255186451e-02
8.147403462238017591e-02
7.611031905201019743e-02
7.951402912872714002e-02
7.989039461414124133e-02
7.637753954191717209e-02
7.732133778189041740e-02
7.521621155001909087e-02
7.628099221614333125e-02
6.966234407004685825e-02
7.455570339611372610e-02
6.637949425378562862e-02
7.296357044690851557e-02
7.321117473837238099e-02
7.087403974740509593e-02
7.125134116501836978e-02
6.906864304954479783e-02
6.840020660678547415e-02
6.974481809871287130e-02
6.827801822672593945e-02
5.191536905261839863e-02
6.703283541290033787e-02
6.833858757888056079e-02
6.574158120108285208e-02
6.461557282123780999e-02
6.455501462058078899e-02
6.365189342959311214e-02
6.312657435939232620e-02
5.266155901288174096e-02
6.181788465670021160e-02
6.800979387409823718e-02
6.106781571332369624e-02
6.033966572122077821e-02
5.969995723295241918e-02
5.880213565655886127e-02
5.822337841203791692e-02
5.816008451021923570e-02
5.728136384475145809e-02
5.742148424558097403e-02
5.941682266935085360e-02
5.571903936002235019e-02
5.706824358569985434e-02
5.634402280186373568e-02
5.444302723001694794e-02
5.154613831847873473e-02
5.341969556326277291e-02
5.299255245863680047e-02
6.968837898347343685e-02
5.209949368412077064e-02
5.655432349271295733e-02
5.132585944655319171e-02
5.043737988144535861e-02
5.053391798417305320e-02
5.011147004310888969e-02
4.923859336913202767e-02
5.333642345612796265e-02
4.906123893572221506e-02
4.888778223645291743e-02
4.876734336287699700e-02
4.740664769121041150e-02
4.841487106402499879e-02
4.818853557383196567e-02
4.669714092026465424e-02
5.065856336876557731e-02
4.680191773003070099e-02
4.606500200504042020e-02
4.568625947332684289e-02
4.407306555480251797e-02
4.526800399889521764e-02
4.458553024913266410e-02
4.494126475857260217e-02
4.270041658925998601e-02
4.364625379886287460e-02
4.394832868267186526e-02
4.355142599783315416e-02
4.268104500972730309e-02
4.274729798741223191e-02
4.452392208006678703e-02
4.453969160806453553e-02
4.173111093601854227e-02
4.173638189648126717e-02
4.192521757968942220e-02
4.980371587887652551e-02
4.043997924784913101e-02
4.073942108014524249e-02
5.409583489912808685e-02
3.958935209512724068e-02
4.088466667018603867e-02
3.955982639416245200e-02
3.908779046802941803e-02
3.938460546951671332e-02
3.914877607085067573e-02
3.945819653965369073e-02
3.848211947289662677e-02
3.910676437893309543e-02
3.853822476503732802e-02
2.743286921403882347e-02
3.758060449319822194e-02
3.917426943859271538e-02
3.801566982419315316e-02
3.610807456313821356e-02
3.777987036891290035e-02
3.634252160534531817e-02
2.845027889821600056e-02
3.643458153590523746e-02
3.652276202860314097e-02
3.907022198360826648e-02
3.616769001519994087e-02
3.059835804071239784e-02
3.565046967621535168e-02
3.815687092089807553e-02
3.554235371500867602e-02
3.887568436445123371e-02
3.495375375665381312e-02
3.702985330599666003e-02
3.431042931222567233e-02
3.471123169463188884e-02
3.385944187675144629e-02
3.563372719567704794e-02
3.669745767730370894e-02
3.415892790056716810e-02
3.334025134027725212e-02
3.402635538643584284e-02
3.336504904865698895e-02
3.367384285949990425e-02
3.430264979536783859e-02
3.359461464101490963e-02
3.198965882828227331e-02
3.348001708011117544e-02
3.267580275520692162e-02
3.359600202670335461e-02
3.272340964272782426e-02
3.263425634400272252e-02
3.265870949462965078e-02
3.444490133728300013e-02
2.447206307161111857e-02
3.194604535749667740e-02
3.559874212992369252e-02
3.008515694395967610e-02
3.170303876232977158e-02
3.117683244382950594e-02
3.323857251717634437e-02
3.313023200693245018e-02
3.115768822170271110e-02
3.236362249290745952e-02
2.598179996517043996e-02
3.089836645573491858e-02
3.173539765836815713e-02
3.072012275524233643e-02
3.134971382948242846e-02
2.277010713729223090e-02
3.084417828772594017e-02
3.685157206566389704e-02
3.057425415391016796e-02
2.848116170939066563e-02
3.142464281008910953e-02
2.845600909889162144e-02
2.950727771212350789e-02
3.015567161897261123e-02
2.906679446809120118e-02
3.086516883916047907e-02
3.059173931425173548e-02
3.004467158136396934e-02
3.205316924022508229e-02
2.862624554086137113e-02
3.093457404787284398e-02
2.870907160249016460e-02
2.306342164369147574e-02
2.893217343701543279e-02
2.799259958552031621e-02
2.791297964080148922e-02
2.861452782492392155e-02
2.770728231075386336e-02
2.698308927630028650e-02
2.712649057216952667e-02
2.848590667531384485e-02
2.697045712976370302e-02
2.220962324106925609e-02
2.921428736406358334e-02
2.676132109569085218e-02
2.529681377893314154e-02
2.682347333589101337e-02
2.817022795588230988e-02
2.608583023727257047e-02
2.610119720756653994e-02
2.478346105121239859e-02
2.741669138459227120e-02
2.745868934308236947e-02
2.576403142632904125e-02
2.572345576604254808e-02
2.558407828290590671e-02
2.579932907209814621e-02
2.536622569004733790e-02
2.456766935765534315e-02
2.502795635884225850e-02
2.210112891851323189e-02
2.531529887015079860e-02
2.475614712526580385e-02
2.425295930547119450e-02
2.622331575495106745e-02
2.511214038128629228e-02
2.436480063624977405e-02
2.303885154730994991e-02
2.550986518320711924e-02
2.459471972793778050e-02
2.302892041562622227e-02
2.452477664975660082e-02
2.400132214148686591e-02
2.362908810801664372e-02
2.403509325740915345e-02
2.343002170830970829e-02
