1.025668856101360937e+00
1.248293664822355487e+00
1.289200393809904588e+00
2.636486436824855062e+00
2.932399351033938117e+00
3.077338402929932215e+00
3.132083727428637498e+00
3.066844011321869790e+00
2.935636743322999731e+00
2.860841056896532120e+00
2.869009418579121728e+00
2.944978107439958137e+00
3.085868388611099800e+00
3.281869722761310282e+00
3.480848733707937015e+00
3.674409170679128422e+00
3.868105812771297725e+00
4.061394218669373224e+00
4.253787256937112460e+00
4.433877402605763685e+00
4.609147886604115563e+00
4.767520889224750036e+00
4.920017534456892605e+00
5.067191222494640712e+00
5.209878540378350742e+00
5.340406132058766353e+00
5.455575457369553405e+00
5.572899901763012309e+00
5.679295759099850294e+00
5.786577225829582893e+00
5.890250738339629422e+00
5.995138190578744641e+00
6.099826970037042884e+00
6.196795925335691457e+00
6.292670086009521491e+00
6.384454991879918495e+00
6.468587428902799807e+00
6.547006910693970561e+00
6.613423218247712398e+00
6.678750616672766149e+00
6.732055316635086051e+00
6.782074770716744361e+00
6.822937696282256326e+00
6.855642214132932288e+00
6.886974476101531906e+00
6.906346274162540766e+00
6.926749382787724230e+00
6.938512496440152333e+00
6.950923015694699281e+00
6.966731992293255793e+00
6.976838660877038301e+00
6.975437251653452186e+00
6.989000361693248564e+00
6.990824752852812907e+00
7.000481624498826605e+00
7.015396627108047234e+00
7.016639318197262831e+00
7.026990977674903327e+00
7.032586994226679877e+00
7.045296349619123433e+00
7.055864001455534051e+00
7.066884547571233632e+00
7.072079739236025731e+00
7.086373178364395287e+00
7.097950681627097858e+00
7.106311289791572783e+00
7.118998593428097266e+00
7.132190918267334645e+00
7.137701858438031621e+00
7.156972168693552128e+00
7.164697342609994024e+00
7.168408236216084362e+00
7.186359659595753513e+00
7.192534230075247947e+00
7.192989541860943525e+00
7.200229301581552832e+00
7.210545408025172520e+00
7.215059876489779533e+00
7.219715290855718060e+00
7.226374910029240262e+00
7.235087784588366766e+00
7.232564270638892623e+00
7.240539428698280489e+00
7.237084191685140055e+00
7.241098946071424791e+00
7.242181795707948844e+00
7.240634574190691453e+00
7.241157003181756480e+00
7.246686747808760209e+00
7.237185274244763100e+00
7.239007495196355890e+00
7.238707218711649460e+00
7.230030771578829452e+00
7.222837273921092205e+00
7.225010937921274135e+00
7.223110028354250645e+00
7.214649893879989229e+00
7.218883540989515346e+00
7.216863785806349796e+00
7.206576465358259576e+00
7.194489313212776516e+00
7.191856071927199778e+00
7.190745211040537654e+00
7.180945949919209426e+00
7.180769890191911919e+00
7.174937344155542185e+00
7.167810198274068512e+00
7.164052354595042971e+00
7.151520951837266438e+00
7.149709800272697535e+00
7.144097011090169147e+00
7.134605602933898894e+00
7.137736999628431889e+00
7.123961944617239972e+00
7.119261298496964763e+00
7.107383590911958038e+00
7.102692361256794484e+00
7.098207072656145478e+00
7.092789778187639449e+00
7.084014444257594967e+00
7.081462630130268110e+00
7.073051854206771516e+00
7.065046651500869856e+00
7.066165743258404852e+00
7.055385291658735625e+00
7.044464896112258678e+00
7.043140727767284837e+00
7.035195822280594591e+00
7.032334903712511576e+00
7.020511736158517202e+00
7.020443715325071388e+00
7.011253917266236257e+00
7.008281115245964088e+00
6.999126466248298151e+00
6.990171119838859859e+00
6.980551405761391770e+00
6.976515054644624847e+00
6.973941776476016763e+00
6.967957719644475745e+00
6.962682661969568976e+00
6.955407053132883100e+00
6.949527241601856531e+00
6.940787585061563014e+00
6.938116916249744470e+00
6.928017068683997692e+00
6.918923511172550889e+00
6.916642310607070243e+00
6.917195083593028038e+00
6.904685886699331476e+00
6.898820082140613152e+00
6.894925832307445823e+00
6.891821869302433790e+00
6.882625200620434924e+00
6.882416762924192355e+00
6.875044656666472243e+00
6.866942847242408554e+00
6.870359151751395110e+00
6.859116677396860595e+00
6.855868693885484255e+00
6.851518291207250755e+00
6.847954394334172079e+00
6.841086447742577903e+00
6.839065599024663378e+00
6.834694502850667597e+00
6.828387411045794941e+00
6.830961841115363420e+00
6.821608736443156573e+00
6.819732164066649283e+00
6.818511547316025379e+00
6.817426126242661866e+00
6.811702377202111691e+00
6.812253644995071689e+00
6.810377377304889457e+00
6.804275333271887938e+00
6.809648308586063514e+00
6.802093217316780738e+00
6.798531302975185930e+00
6.798859690930019184e+00
6.793857070485403327e+00
6.791746976627363708e+00
6.793452975229532953e+00
6.797261693745263678e+00
6.786491008669875313e+00
6.781694752100550616e+00
6.784550165802372135e+00
6.782501175548302008e+00
6.785589112935245026e+00
6.783197607139048735e+00
6.783234044875916524e+00
6.782264415990230333e+00
6.779382525377806168e+00
6.783058384127263807e+00
6.781771089203669334e+00
6.783913102750110724e+00
6.788436464993118591e+00
6.784242721190995695e+00
6.780029551558246936e+00
6.781834776062981796e+00
6.782849192812059336e+00
6.785070680121032538e+00
6.785669272645986183e+00
6.789038501305967088e+00
6.788557683829928635e+00
6.789757952797208951e+00
6.787488974201368208e+00
6.791026132212686584e+00
6.792371584624635084e+00
6.799316606866290691e+00
6.798081625258323157e+00
6.801483366096114480e+00
6.798901359508101372e+00
6.804820492495248452e+00
6.803251831732683108e+00
6.809149815969571584e+00
6.817067363114458267e+00
6.814292714054349887e+00
6.814081422893028872e+00
6.818028923708001621e+00
6.824884086906799041e+00
6.829209624326929351e+00
6.826876630673656798e+00
6.831328775395035358e+00
6.835745645843639196e+00
6.836794479227083166e+00
6.839713314574032310e+00
6.847032161041596510e+00
6.849878100142350767e+00
6.848837583855534206e+00
6.852772647110345616e+00
6.854337334285760974e+00
6.862580513098007096e+00
6.861371518931123070e+00
6.867127020856953479e+00
6.871807287031246325e+00
6.873417234925302211e+00
6.879462005775454081e+00
6.886091242831167136e+00
6.889416392209636975e+00
6.892883609004750944e+00
6.894978134519059942e+00
6.902644422833583704e+00
6.909426792923255789e+00
6.908989827019414776e+00
6.913789857966705199e+00
6.917955480658761758e+00
6.924896027727340808e+00
6.930162448556711041e+00
6.933131199033876868e+00
6.935581015634056712e+00
6.942832590982605190e+00
6.946425157552907237e+00
6.952099436980306635e+00
6.958353099595410818e+00
6.958683296703277676e+00
6.966497930390958437e+00
6.972356814803083225e+00
6.971617995302367810e+00
6.981644262458367223e+00
6.988890456078603819e+00
6.987343613129127107e+00
6.996024170524365537e+00
6.999592773476491558e+00
7.008339279538988720e+00
7.012076210221120043e+00
7.020660381257511240e+00
7.020285025374004562e+00
7.032480800422238332e+00
7.033249046528938564e+00
7.037127622152011597e+00
7.043720308809662711e+00
7.050562083616736864e+00
7.053770250787668061e+00
7.061442360913078531e+00
7.065123396600704098e+00
7.073103691214357447e+00
7.074604326119832365e+00
7.085568739673167471e+00
7.086909107955845499e+00
7.092512808243575329e+00
7.099185917187477379e+00
7.102780882786751349e+00
7.107426894151583241e+00
7.114011449608450555e+00
7.123617226965050619e+00
7.129515608004743932e+00
7.130805288035342748e+00
7.136938521404042390e+00
7.146974460396620543e+00
7.153839183908816679e+00
7.154441219139128449e+00
7.164919230229136460e+00
7.167836964766235219e+00
7.170898695189965366e+00
7.179628267883314763e+00
7.182290949719669193e+00
7.190962358799100507e+00
7.194396123772676788e+00
7.203629389731905697e+00
7.206813858770336978e+00
7.210611236443179806e+00
