1.005587522479575169e+00
1.445210694809053287e+00
1.675074811653675999e+00
1.216825672001236702e+00
7.929818611305269327e-01
5.014034734854919684e-01
3.187857591269810942e-01
2.112624554347570793e-01
1.495595313936161352e-01
1.105216722731338641e-01
8.041520864828811954e-02
5.673377902909283732e-02
3.996551221118813807e-02
2.907931321980984987e-02
2.231707932009510675e-02
1.813798609845374693e-02
1.546928993734150194e-02
1.365243112559615807e-02
1.230774856198243485e-02
1.275589946489993735e-02
1.022850886508037960e-02
9.324912705350341807e-03
8.533208936397624830e-03
7.970195474658350182e-03
7.212696856321591972e-03
6.699883095965239455e-03
6.176049990911360206e-03
5.568783300685794732e-03
2.478809036253123987e-03
2.830573331295072395e-03
4.151507033502539745e-03
2.280678528740128462e-03
5.829605709579184329e-03
2.851059816964665160e-03
2.776145687736937540e-03
2.208812350766164046e-03
2.190479739759817156e-03
1.729057977250891961e-03
1.322499541074425265e-03
2.184883548327080666e-03
9.033367664355894996e-04
5.212535296661836935e-04
4.821036131527149638e-04
4.340292653644498163e-04
6.707981496328238287e-04
7.503481559461618738e-04
7.033703867509726471e-04
1.089379262945850768e-03
9.847886067039684273e-04
5.358359872074467366e-03
3.047695134958458910e-03
1.602592823045578645e-03
2.907918406444431284e-03
3.015451103044855356e-03
7.370441611134750590e-03
1.542648126881608281e-03
5.863726194572325794e-03
3.655223096697308559e-03
1.707688055283649795e-03
9.828777605679246687e-04
1.809404242643234198e-03
2.210599716975091434e-03
4.841424208747942097e-03
1.993581411238487186e-03
1.777080856359983902e-03
1.474110425567488197e-03
4.110573961634281172e-04
2.507104263348174447e-03
2.090947950921851796e-03
1.584241161715564238e-03
1.114609854728834280e-03
1.239618308913610894e-03
7.481439235865232178e-03
2.460840093671899827e-03
1.999277845016679284e-03
1.993892471038472697e-03
1.567654252094864871e-03
3.563353886329486374e-03
2.048984833032329970e-03
1.184863471246572989e-03
2.256065811266846476e-03
2.854026016917839050e-03
2.812106437381270072e-03
2.562529835631473327e-03
2.193098141002433783e-03
1.542564077228727060e-03
1.498222888366974176e-03
2.238742027154903488e-03
2.806015082202773913e-03
1.367520973371705393e-03
3.923692889045528494e-03
1.352873020211980623e-03
1.310641903863669867e-03
2.535711608547405564e-03
1.133119123608595938e-03
1.333811882562675353e-03
1.225399977184415696e-03
9.782764357186351026e-03
1.272375446444737367e-03
1.816402647163131842e-03
1.556230502279147337e-03
1.623261650861769620e-03
1.160042121273264018e-03
4.331391267924000234e-03
2.868688937952417004e-03
1.162719799362303338e-03
1.471613609311007336e-03
3.205358066396382915e-03
1.455799232295965692e-03
1.689017430276727781e-03
1.828144147774535960e-03
2.809984707797310091e-03
2.292483298263084911e-03
1.203032185856724905e-03
2.756679716083076243e-03
1.322510924588688862e-03
2.922057035609462901e-03
1.438687032675931314e-03
6.621138940353434596e-04
2.147041829964830510e-03
1.005489026960111696e-03
1.229196364864235070e-03
1.141359466952503133e-03
1.221844580688436497e-03
1.121823161551548055e-03
1.923881701529967479e-03
1.973292686537854099e-03
1.248695647257680799e-03
1.280712972131116097e-03
1.070430659149379212e-03
8.695995100203845205e-04
1.049824959178272815e-03
5.920742265741082457e-03
1.684777430564434733e-03
2.205360406854416436e-03
7.460002151659787025e-04
7.099243156106187095e-04
2.763092355211885492e-03
1.479155663451263989e-03
9.541365654521570625e-04
1.690130315899147310e-03
4.158661823224251049e-03
1.834956145345262085e-03
7.800658536423588736e-04
5.215157347205763268e-04
2.017346689191285795e-03
3.370980469563613670e-03
8.666621407933117194e-04
7.128845935589022244e-04
1.287603169758787768e-03
8.619110626020392565e-04
5.659701637929875212e-03
4.258469014511692165e-03
7.925182329697259527e-04
6.057010243235213262e-04
8.369697840472893483e-04
8.104595313005901391e-04
2.533644835704266032e-03
3.310744107375554642e-03
8.128645717661741764e-04
1.905667764238553729e-03
3.066748165830036118e-03
1.909134148341469798e-03
1.441860755902223947e-03
5.723577777009089974e-04
8.824295170443022338e-04
9.088840654372143434e-04
8.222714135811589730e-04
2.032335959699617649e-03
9.818474492401441014e-04
6.333950941247985453e-03
9.866607020146077843e-04
1.372366957563437044e-03
8.718577657716741237e-04
3.523211778772677039e-03
1.309258174948748190e-03
9.922128197978844367e-04
6.933826618726186527e-04
8.095661290092797746e-04
6.828182432967674648e-04
6.993319489051535390e-04
5.100731476258192230e-04
7.192777281096377319e-04
6.795511208533781128e-04
7.130619893139245871e-04
1.134095345968748553e-03
1.198075370082878240e-03
1.648665296151130858e-03
1.882902933510739295e-03
7.639651432299508164e-04
2.538783965974575688e-03
3.019405101751765179e-03
5.784038762179118240e-04
5.036106815379126243e-04
2.257817190387302348e-03
6.131129586358582701e-04
6.155506554936790572e-04
5.634059128097439195e-04
6.465783187714030204e-04
1.067594021045302705e-03
6.947704076345345703e-04
1.054257302725002034e-03
1.265161936432772144e-03
1.016011150642364292e-03
5.750915913795674001e-04
1.344648711188080369e-03
2.852834459180346796e-03
1.520720713449205458e-03
9.969171003900605729e-04
3.137561110879230359e-04
8.233575510677243687e-04
2.691041183051530884e-03
2.905034557880243219e-03
4.082391108630752498e-04
7.970937625305000258e-04
1.604838970521591185e-03
3.999821829221009324e-03
4.920325672890768194e-04
4.644106659256046514e-04
1.690890830093383802e-03
6.861035699382681029e-04
7.016428302650827478e-04
3.461650437001195899e-04
1.643055453558536034e-03
7.633848228417753831e-04
7.675454947257553820e-04
7.804024571649505627e-04
1.237668276650208529e-03
4.616650846887503080e-04
2.562238423463531270e-03
3.043171856502736253e-03
4.189113824089193104e-04
4.224012449628123333e-04
3.381674383023479781e-04
3.501040154142156472e-04
2.623461787725734577e-04
3.014731977547367584e-04
3.445345112556540417e-04
1.417580508491637350e-03
6.136067543611548611e-04
3.223256133296058409e-04
9.905117557887654651e-04
2.920322594464458063e-03
4.239422741717686904e-04
2.484373971762597155e-04
1.315109570878796345e-03
1.574960557556275703e-03
1.690107439346233377e-03
2.746969685096814929e-03
1.623763211059793630e-03
5.655669581244046704e-04
6.735013742805351714e-03
3.375714836944424609e-04
3.759788210269344923e-04
5.920770382606872512e-04
4.872242302566878172e-04
9.242055678507978423e-04
5.409272310166979248e-04
4.341416501895478479e-04
2.496628472543140119e-04
4.060928678340717905e-03
3.638578205060132129e-04
3.397784221823580818e-04
3.653022128920498102e-03
3.473595638546034627e-04
5.471477900549527726e-04
4.271199029396283414e-04
6.219499155517211383e-04
4.282942351398633801e-04
7.680656709783331834e-04
1.312617121128338343e-03
4.520283698171132826e-04
2.538792977329202812e-04
5.112093037685036144e-04
3.162009235936820992e-04
4.131691391807370997e-04
4.009013544045388674e-04
3.538631600084461053e-04
8.658757013962819831e-04
8.543095562360676588e-04
8.320092480818759876e-04
9.106619401137749144e-04
1.667320330541142981e-03
4.051210973077360735e-04
3.616871029144262976e-04
3.661453409172498461e-04
3.349816517263203008e-04
8.204697815357597139e-04
3.173464856248032085e-03
1.894293494949047965e-04
3.096601016489142341e-04
1.703829335830278971e-03
2.931262004094341636e-04
3.389171928365859406e-04
4.567880421318696259e-04
2.685433282694296014e-03
6.532048220213274199e-04
1.509134322419847685e-04
2.035528883186788342e-04
3.615872322211366539e-04
