9.164814332131878682e-01
1.603346008827683633e+00
1.399754278747161962e+00
1.501802254683321625e+00
1.518190799842965344e+00
1.518944323664193741e+00
1.518727332660897211e+00
1.520615306708803738e+00
1.523489551055522195e+00
1.526311762538242967e+00
1.528025198891030279e+00
1.530021282851088404e+00
1.530242540314627364e+00
1.531476362781920120e+00
1.533076478781054908e+00
1.531678329539720496e+00
1.527112726505798435e+00
1.531127101415388214e+00
1.531203788731456017e+00
1.530583977483576774e+00
1.530332430144806022e+00
1.531111914729236689e+00
1.529117143295678050e+00
1.528574827676227210e+00
1.527607671450893712e+00
1.527714668612472515e+00
1.526653622174113378e+00
1.525809947540562650e+00
1.526402194268888568e+00
1.523320390440936034e+00
1.523583566741389950e+00
1.524562477666231208e+00
1.521128882222082090e+00
1.520678962828650338e+00
1.518252689925166710e+00
1.517785135590438372e+00
1.513590180555052456e+00
1.514946369432190965e+00
1.513419123163530333e+00
1.510819273032006027e+00
1.509494468896984021e+00
1.517118381646096470e+00
1.507265762209230697e+00
1.504710632755129618e+00
1.502608301796179546e+00
1.502435979789962905e+00
1.499722389923239252e+00
1.495643617634287326e+00
1.495734645575226507e+00
1.491348015974649277e+00
1.487464921163921261e+00
1.487975777619268136e+00
1.483237438216175486e+00
1.483498462045288013e+00
1.480912228430694588e+00
1.480829741118202314e+00
1.470647048492099707e+00
1.473596720483683065e+00
1.468954111442121624e+00
1.469276954212808128e+00
1.465701199706680224e+00
1.458960109384190407e+00
1.458794393351698249e+00
1.454748585750846646e+00
1.454824942091137885e+00
1.448133535811574113e+00
1.452175661840131138e+00
1.444032799916801668e+00
1.439515747311298721e+00
1.436517607836876653e+00
1.433255794621013157e+00
1.433140285619505461e+00
1.425534596596558679e+00
1.427762510638106441e+00
1.421341984555334115e+00
1.421357982078454318e+00
1.409570112073735171e+00
1.405040594381819385e+00
1.406074316620714137e+00
1.406101249048756108e+00
1.406740753906831731e+00
1.397867860793084116e+00
1.395100609005598402e+00
1.390294507457581652e+00
1.390260261244680606e+00
1.381966154839292305e+00
1.379483387478662282e+00
1.378978003517453699e+00
1.374521289234038379e+00
1.369859541289077720e+00
1.364715182484882661e+00
1.362074185890746580e+00
1.362012962894008750e+00
1.359190020770734808e+00
1.352622151822689966e+00
1.352498983079336581e+00
1.343647029663240344e+00
1.341869585826979572e+00
1.342658625946282269e+00
1.343141463096396926e+00
1.335608447023862277e+00
1.329836163751400013e+00
1.327355403667359823e+00
1.323567859282277492e+00
1.320849489148575806e+00
1.315849941678454593e+00
1.316357173112263856e+00
1.316710061551916278e+00
1.314453682027475034e+00
1.300841762338909469e+00
1.300929967007631305e+00
1.297046147342440170e+00
1.294070348840383300e+00
1.294386585860899164e+00
1.290535192185668478e+00
1.282192272461392779e+00
1.283404768931519335e+00
1.282063564421787039e+00
1.277913298468704495e+00
1.272098917546041985e+00
1.270896717277900434e+00
1.265485369950108963e+00
1.265224471649925908e+00
1.262966035476290605e+00
1.251579207370128177e+00
1.251872981693315401e+00
1.249496413133660999e+00
1.249740033488896174e+00
1.248345013136452852e+00
1.244162595450965192e+00
1.238603408296303332e+00
1.237946192204655738e+00
1.235814618320888680e+00
1.230011539783536056e+00
1.230222131577093592e+00
1.227465619337796632e+00
1.225507069106035463e+00
1.222979778813386265e+00
1.219453638828872588e+00
1.215949239925418368e+00
1.216703044939404288e+00
1.210777984137084040e+00
1.207453239492372266e+00
1.208005172213145517e+00
1.208811379733800484e+00
1.199478641537588430e+00
1.197445894617057860e+00
1.198406614352619970e+00
1.196032422013285190e+00
1.193237941104381417e+00
1.190341432882984885e+00
1.192783719551121280e+00
1.187908270272970190e+00
1.186892360991765649e+00
1.183360400651867428e+00
1.184541459876819802e+00
1.183186741298524858e+00
1.177583250865011921e+00
1.176054939187620940e+00
1.176104974421900096e+00
1.174276199307755286e+00
1.174753441435944401e+00
1.171152348964072720e+00
1.168596864514692468e+00
1.169170610570514635e+00
1.165216158139133373e+00
1.162911090884765741e+00
1.162328280479024034e+00
1.161024246848371355e+00
1.163194959329940215e+00
1.158957731805425606e+00
1.157228068926104081e+00
1.151064571916913026e+00
1.151567381122723610e+00
1.153004333600067266e+00
1.152719885502942354e+00
1.148934686772389080e+00
1.148117696742049221e+00
1.145476070677935887e+00
1.146714244302295516e+00
1.145163289877239032e+00
1.146528235948184538e+00
1.142207266890950423e+00
1.142611418931694711e+00
1.143365609808369765e+00
1.139681853143082346e+00
1.141820724045680802e+00
1.140031466881955780e+00
1.137599931054311009e+00
1.128571043812205410e+00
1.137863289519690513e+00
1.133036656016570554e+00
1.133772950617919939e+00
1.134420969998783280e+00
1.127983102715331976e+00
1.131577787429514093e+00
1.133047861896854247e+00
1.128261490140826995e+00
1.126651066545109492e+00
1.129633927654073222e+00
1.125437147292541740e+00
1.127992272186179923e+00
1.124597033435070559e+00
1.124267296959380324e+00
1.126853527565266022e+00
1.124485501135012555e+00
1.123844678034112032e+00
1.121444983315672772e+00
1.120235474546473764e+00
1.123095608784741684e+00
1.121860757719800317e+00
1.116037707527091749e+00
1.117471831322750297e+00
1.121257386396356859e+00
1.121781992985746879e+00
1.120410124477519309e+00
1.117491563499760643e+00
1.120006162927440263e+00
1.118056120081326821e+00
1.115478751212779951e+00
1.114493319868410381e+00
1.112945200090019293e+00
1.116863854353382424e+00
1.114827620759769600e+00
1.109559745849413748e+00
1.112311239510639149e+00
1.113449340751447192e+00
1.110048282443379275e+00
1.109721567864872860e+00
1.113948709574161144e+00
1.109726330739021938e+00
1.109569975843563316e+00
1.109711004146774149e+00
1.108282174964136058e+00
1.107508091398882399e+00
1.107403156568144587e+00
1.111698676924078422e+00
1.107477850734940983e+00
1.112679921686962281e+00
1.105224468394771176e+00
1.105696620800364016e+00
1.106783950054939014e+00
1.103827011361481425e+00
1.104848796911167996e+00
1.105476042898205113e+00
1.107473533013679123e+00
1.103658329453865106e+00
1.102550600250552071e+00
1.101702089778523241e+00
1.102025976449581446e+00
1.103256673871454208e+00
1.100428837713409935e+00
1.099920589594459042e+00
1.102406066763900849e+00
1.096698596326869835e+00
1.100564328653201862e+00
1.101486164624901232e+00
1.098428590307955366e+00
1.100000445802039595e+00
1.098940586997870561e+00
1.097800852906214431e+00
1.099441055482520690e+00
1.097240200939946453e+00
1.098571502641279229e+00
1.099321732794177997e+00
1.095835187773613661e+00
1.094036143714387288e+00
1.096737645838814279e+00
1.096526606392735914e+00
1.093651123263192915e+00
1.093916066857958391e+00
1.094950956441476109e+00
1.094457659659706872e+00
1.093691780126758273e+00
1.092210369858507502e+00
1.093761301604128100e+00
1.090602092020806824e+00
1.094106454021978037e+00
1.090815190585548766e+00
1.090404104383614570e+00
1.090579519438182876e+00
1.088451595723589849e+00
1.089239334624146904e+00
1.091492817984405228e+00
1.090177917319198553e+00
1.091163521814756843e+00
1.086841678600537264e+00
1.086334785243830092e+00
1.086405130201175684e+00
1.087968230967667260e+00
1.089898186412775472e+00
1.085113418410612818e+00
1.086844146518839649e+00
1.083430266347591209e+00
1.086294231909985752e+00
1.086033254763052902e+00
1.081604451042468051e+00
1.083929257660598555e+00
1.086588501059170264e+00
1.080192995372677656e+00
