1.001445522594154536e+00
1.214440517885540860e+00
1.865233614673732720e+00
1.326116161121993597e+00
8.460519827660986092e-01
5.241712812807818311e-01
3.225102813848147454e-01
2.010843260962540680e-01
1.306011655812950589e-01
8.993083760457376563e-02
6.579847417053284742e-02
5.090577080239003238e-02
4.138498551502873407e-02
3.509219947442522580e-02
3.078230558107438938e-02
2.802950280100151292e-02
2.545759735038132313e-02
2.371185752535951222e-02
2.295441989932715462e-02
2.111515452507204196e-02
2.028871542698397132e-02
1.536163538496826755e-02
1.832821067833075024e-02
2.004486604283267637e-02
1.680535929315371893e-02
1.567545093391094213e-02
2.225352865590593879e-02
1.477348445554287765e-02
1.775659058723891640e-02
1.362297751220167309e-02
1.307798337975267511e-02
1.303840314758800308e-02
1.326481478058446316e-02
1.185397556711795600e-02
9.698524426059004083e-03
7.923298103636271933e-03
1.012199652885881380e-02
1.092712173392429084e-02
9.891744277870116731e-03
9.280159324015763503e-03
6.141137621534105938e-03
9.947571356840269677e-03
1.095822746623953924e-02
1.101049356255467959e-02
8.064033250151949467e-03
9.141657405891220889e-03
2.710315027716126302e-03
7.404482875440756770e-03
8.343486335589581082e-03
8.223281468816342338e-03
7.832430935520183490e-03
6.627203248104644381e-03
4.494332570110563113e-03
8.970461478585515722e-03
7.812203302969677327e-03
5.504594797098500726e-03
5.136511438220709574e-03
5.345680489516629712e-03
4.631138201714372557e-03
5.250396199670781701e-03
5.806172439580535236e-03
4.390170295773412369e-03
5.061762203222629729e-03
1.542062988791368869e-02
6.190434177176399287e-03
9.470563181196996194e-03
6.830514765114583005e-03
2.468386537535568505e-03
3.738437943640070000e-03
4.545347546475397849e-03
3.175305005355870923e-03
6.928565350978263190e-03
3.693195393503211164e-03
3.238550932684095950e-03
3.532649700445099177e-03
4.420613100915833302e-03
3.027662353317417399e-03
3.233397744993776139e-03
5.607101366809803637e-03
3.210579727623473923e-03
1.241250654991866639e-02
3.109808034894483066e-03
2.245091153978367223e-03
1.401850413898502118e-03
2.833208422417766818e-03
2.323292200653883071e-03
2.832168819461074443e-03
3.257399661734633033e-03
2.764008348258999419e-03
3.242337675112670712e-03
2.752408852393601474e-03
2.392623838059707540e-03
3.791148920259699000e-03
2.566462628383844348e-03
1.168351862934753583e-03
2.229988693779368179e-03
1.728729694486680867e-03
2.230646411324195815e-03
3.364683848317344579e-03
2.200409187867364419e-03
4.243016501716177780e-03
3.834968083253797316e-03
2.745186082862537298e-03
3.318548275158145992e-03
3.385221960818171876e-03
1.395960900575952479e-03
3.185264323818025496e-03
1.448595677249968133e-03
2.639603147831237617e-03
1.830829159086980532e-03
3.326815266633203691e-03
4.245413390216896087e-03
3.405949255462392689e-03
1.212809752757491779e-03
2.338265849024877274e-03
3.858591316937923146e-03
2.689225690308303524e-03
2.943245335490362203e-03
1.559638979537796488e-03
4.151232481331484578e-03
1.701710886410807760e-03
4.074893525180167154e-03
7.403526353121113630e-03
1.046384599544810876e-02
1.412146156614491749e-03
1.947890006456109166e-03
7.530487015220950139e-03
1.500157271546035450e-03
2.360156571142888165e-03
1.752108649723615671e-03
4.236728293826436641e-03
1.691887477509577877e-03
2.740009416847015520e-03
2.130839985821376611e-03
1.337839766835652875e-03
2.170470172772009237e-03
1.204758960757420670e-03
4.641141141801106984e-03
1.158426795478197449e-02
1.713623234449758708e-03
3.357756341930028064e-03
1.368878643163955276e-03
2.778100372614858600e-03
6.922995587398241522e-03
5.604697350806961235e-03
3.376990746083589293e-03
8.930449436736463426e-04
1.486754091279456069e-03
1.168453192866657176e-03
1.030749894378574097e-03
5.769116554057647332e-03
1.827033950998154833e-03
2.163549822144628706e-03
1.122945230447286663e-03
1.566367577885942807e-03
1.596295114546816439e-03
1.190241795510296611e-03
7.541020946138755725e-03
1.923289781737366365e-03
1.973839233757215643e-03
2.384934351704655429e-03
8.878162206585092989e-04
1.777544656012380962e-03
1.952468013440485225e-03
1.147808709752803349e-03
1.778197377624872802e-03
7.631740878930119145e-04
1.933502069472198097e-03
2.150018161185531136e-03
1.418617991570657235e-03
8.791574942130401605e-04
1.390047084473298306e-03
1.607409668008663974e-03
1.232726934280875932e-03
1.179374298004384584e-03
1.498835493148318850e-03
1.125747024139674493e-02
1.128846377848673763e-03
1.216010568478828689e-03
1.527267819749738046e-03
7.238688550068546118e-04
1.653692971682059476e-03
1.590133175896236246e-03
1.403377363429139137e-03
1.810132253210705545e-03
1.128947648450799937e-03
1.185635693620827212e-03
2.588909215736437744e-03
9.527450057024280721e-04
1.004097318951533823e-03
1.563934100103193644e-03
1.274515234239303237e-03
2.440397568307473963e-03
1.739209599780262155e-03
9.659878932484507576e-04
1.464337541422604683e-03
8.137547517520370057e-04
1.467372030214479780e-03
2.068932682466014146e-03
1.923392669195660154e-03
7.947813058870923947e-04
7.038598456740110003e-04
1.476868911103362131e-03
2.662269121813001620e-03
6.394147195854541117e-03
1.920665151201819297e-03
8.234670996370437685e-04
6.227238271594370215e-04
1.903733998026078565e-03
1.691140452530424856e-03
2.230398228569732341e-03
1.050519331341429746e-03
6.873942612474032935e-04
1.193093057713010907e-03
2.659631602219505141e-03
1.240009539422124623e-03
1.087011310002128708e-03
5.531418117710281595e-04
1.290266416662178917e-03
1.763940605560829645e-03
1.006300616020507077e-03
7.257034334579707570e-04
9.683309643035004338e-04
6.049529005668509820e-04
1.105423470807574476e-03
4.517545899575128344e-03
1.809457220771952795e-03
7.006896264229984335e-04
9.628035181543782677e-04
2.120775311981366613e-03
2.322021721281893655e-03
2.161439053970063903e-03
8.438782384245160787e-04
8.585577731118966853e-04
9.925074018588869902e-04
1.897948791850267210e-03
8.503166229555942767e-04
8.840287185195305764e-04
1.456413661712140746e-03
1.475331235309001099e-03
6.846851805956113632e-04
5.413858803614876591e-03
3.020205223172532302e-03
4.563531062663810783e-03
1.212406278475217135e-03
1.218217184880115512e-03
1.806843487201638442e-03
3.090110028815568934e-03
2.007594881313679719e-03
1.229839332571629673e-03
7.488326729762376189e-04
8.727964710834393031e-04
9.855283554205569729e-04
6.178995587323697115e-04
1.333102999886191277e-03
1.148809044321997446e-03
1.339936169093347302e-03
3.471867062880077889e-03
2.302711039572883853e-03
5.461922498187235736e-04
6.405589150406166849e-04
2.526339789575179819e-03
9.057600329051993188e-04
1.001329043303136272e-03
1.213598948360497098e-03
2.593984561848311065e-03
8.380542699718832511e-04
1.823602523231064934e-03
1.736553138656039613e-03
1.640020880492715476e-03
7.502284360023181529e-04
6.663167816888351021e-04
5.783773498641238192e-04
9.480956876563136548e-04
5.626503654066966967e-04
7.143439865217332150e-04
6.236739963841512286e-04
8.486900742627451850e-04
6.426537541229309595e-04
5.420809276837387607e-03
8.025101982685313527e-04
1.675768944575925946e-03
4.782929121039897723e-03
2.959481729580719107e-03
8.709930358515961335e-04
8.469653613879803925e-04
7.330365099204879482e-04
8.439343389986534360e-04
9.389664794281750654e-04
7.690075891526964007e-04
2.691837752973811216e-03
8.029651242541185983e-04
8.838650584263938858e-04
7.985723610084598852e-04
1.069826404643040929e-03
5.799056395119716158e-04
8.689733882407847795e-04
2.119464320362288504e-03
6.904294187375719597e-04
1.975209961968500422e-03
