1.008089618462151726e+00
2.091290527551447287e+00
2.278151755985619253e+00
6.435333421877869498e+00
6.684940617947112251e+00
6.437770132486924979e+00
6.089337450312449995e+00
5.691759163669488863e+00
5.337582560371270546e+00
5.024865674861435316e+00
4.748138841630414220e+00
4.490820042196480344e+00
4.243768215339398964e+00
4.012684983012795747e+00
3.772204152055428583e+00
3.582443342708847123e+00
3.386594022594805686e+00
3.188741424109848399e+00
3.007197497204906700e+00
2.822899764929266642e+00
2.648284442814224260e+00
2.481874035406053114e+00
2.323533796158065101e+00
2.163564803363179578e+00
2.017312921706547080e+00
1.871316382690366265e+00
1.739083331532427446e+00
1.614699288340282202e+00
1.472313669993849716e+00
1.393191808285333400e+00
1.257840490369271702e+00
1.161757167790681278e+00
1.050762321424312917e+00
9.587242726712319474e-01
8.653758723648827811e-01
7.799288669815718222e-01
7.043992646618207898e-01
6.278835510539788611e-01
5.608925684814748402e-01
4.938768179139529924e-01
4.390818070815712959e-01
3.844511581568543224e-01
3.372190394305499272e-01
3.007014297156612170e-01
2.550442849069423645e-01
2.539987340818741224e-01
1.862327007488434605e-01
1.654356929461776038e-01
1.496164537830548535e-01
1.116383389480122834e-01
9.419952820208761513e-02
7.549717363467027542e-02
6.192680666123755867e-02
4.832447700170524468e-02
4.008210763105587299e-02
3.213610026090710919e-02
3.038973815745590543e-02
1.438401437783722904e-02
1.311174128100430457e-02
6.692115737998729184e-03
4.928262041316036624e-03
3.160422403055147822e-02
1.372317630816773104e-02
1.599469200451623593e-02
8.383476006122513036e-03
1.117604021203267954e-02
3.636801812823797081e-02
2.220424681419546839e-02
1.308980189265701935e-02
1.236905433549354179e-02
5.365434007944549361e-02
4.026937727913536963e-02
1.663244390316303417e-02
3.112696171997466482e-02
1.631222879940399939e-02
1.675480462276288107e-02
1.030833795963915708e-02
1.878260657572989809e-02
1.643899752460831545e-02
1.523287675639110883e-02
1.650408957872887689e-02
2.013468934018460693e-02
3.665991513436775429e-02
1.663761397940959064e-02
1.963300700935341828e-02
3.172967361423200544e-02
1.757002023336132202e-02
1.183880937850997905e-02
1.795837882998654531e-02
1.771864470949808743e-02
1.903614794073340069e-02
1.774124444842663587e-02
2.720209597781196587e-02
1.809853919786025972e-02
2.156201863304053196e-02
5.529942341545386608e-02
2.331804472361589595e-02
4.302403735087832054e-02
1.815724242209907496e-02
1.692994833210125991e-02
1.870800131217563791e-02
1.908533072399659983e-02
2.867417494265029135e-02
5.673589680314578693e-02
2.471726469990015440e-02
1.696527107900942799e-02
2.036025194650292747e-02
1.756041812578402680e-02
1.793490254437414555e-02
4.003293841216032378e-02
4.901522471899844025e-02
3.405305213540540943e-02
2.255666120652801560e-02
1.659719495770478268e-02
2.821127447959817514e-02
4.557200206610151350e-02
1.629015392662475428e-02
1.891875653136409346e-02
2.947700070659267993e-02
2.151867054587316627e-02
5.251345718003658930e-02
1.717904777477150674e-02
3.816330283515491362e-02
1.769152151584312341e-02
2.866665293982301535e-02
1.657093417389572665e-02
1.922173228561479402e-02
1.668898947788798395e-02
1.798895690824765456e-02
1.625088517927765833e-02
1.736720839518979959e-02
3.037457459220976180e-02
2.313742066255155758e-02
1.794072320781525329e-02
3.127694895737583025e-02
1.811356329390883743e-02
1.747460873142966595e-02
3.016219657841990101e-02
5.074619550531495049e-02
1.767401264624937976e-02
1.813433954323999744e-02
3.255450778859789174e-02
2.188637562161119612e-02
2.541322686892689975e-02
1.860602136929769349e-02
5.420657429339170025e-02
1.891067951485326734e-02
1.798580066017966758e-02
2.044415078326989113e-02
2.308863596610803703e-02
5.534419344320572198e-02
5.966049203935424455e-02
1.884417168750181573e-02
6.817945880699735617e-02
2.179266006904544140e-02
1.914270048942721611e-02
2.284626210330769833e-02
3.154869474640235177e-02
1.870249315940843843e-02
2.979896078354240738e-02
2.058115665399083694e-02
2.467073548554977319e-02
2.091839582744084089e-02
2.456697183717243896e-02
1.931608051183377958e-02
1.916337092029097786e-02
2.028429415649743786e-02
5.671885067800089275e-02
1.981379886880850483e-02
2.065072418754046804e-02
3.620647001491103523e-02
2.846927473607389208e-02
2.666601383008842738e-02
1.979729548693179991e-02
3.043709460850121257e-02
1.962118104605008184e-02
2.141030119131664966e-02
2.077075911177485995e-02
1.997498529829400474e-02
1.990085785442478883e-02
2.689260550567681984e-02
3.219369097023227350e-02
3.677628341049404836e-02
4.401259992583086977e-02
5.169474040893465294e-02
2.774743409347512832e-02
2.702538530390151406e-02
2.267156140397840955e-02
2.000470723113571825e-02
2.415962185287823596e-02
2.208875874466797659e-02
2.196268586839065715e-02
2.043053995288101471e-02
1.951592509512766610e-02
2.105861350941291496e-02
2.024419389221360915e-02
2.198905145412303683e-02
2.448506843053524160e-02
3.004560840312761258e-02
2.103015547292830939e-02
2.136629940881049419e-02
1.892797368042813816e-02
2.171984564846638627e-02
4.490083073698361571e-02
2.150686586387480503e-02
2.069717982834054504e-02
2.979421465806306180e-02
2.091019407317367199e-02
2.207391068250716057e-02
2.859225606749794812e-02
2.566374164310768896e-02
2.528216096680557107e-02
2.128300810084268746e-02
2.380505649927891834e-02
2.524705041281631590e-02
2.290591752552283492e-02
5.514620313028591875e-02
2.190864268411506569e-02
2.046256689527792272e-02
2.167234533678630629e-02
2.239863711978987842e-02
2.224312796480806820e-02
2.175429927590432147e-02
2.053016455337519988e-02
2.210989460657529146e-02
2.888848054933426668e-02
2.802257229753218198e-02
4.491094455724593815e-02
2.216833818407552489e-02
1.984446229185928695e-02
2.243560232613487498e-02
2.327399450718951185e-02
3.111791220068026512e-02
2.235377058436125580e-02
2.221620804498318502e-02
3.664720520235314333e-02
2.225524287200103188e-02
2.256418901269191535e-02
2.688943974344274596e-02
2.966159826130690402e-02
3.208633912531324434e-02
2.219268042395867654e-02
2.372554459209729946e-02
2.227956354630433733e-02
2.050542145558141571e-02
2.230955113649452093e-02
2.338789993495590108e-02
2.228291238228629484e-02
2.148194731421479778e-02
2.789428512021011053e-02
2.425410930341141344e-02
2.263859827261928762e-02
2.678265641391870677e-02
2.975593719930247003e-02
2.679467672139543288e-02
2.616692730329441344e-02
2.171016272323176080e-02
2.614850544686559905e-02
2.153684109722087819e-02
2.232766950756491162e-02
2.348925297744371837e-02
2.433201245663850834e-02
2.113757423310606842e-02
2.240574100936545618e-02
2.017598009879796594e-02
2.241106800798396345e-02
2.265497882382869546e-02
2.348347584710316904e-02
2.237101020905283080e-02
2.385430528398295100e-02
2.659618335752093540e-02
1.988500061894860754e-02
2.722327848193768079e-02
3.232112826413072876e-02
4.531023351814813388e-02
3.101319208155094848e-02
3.027878089889549790e-02
2.271135526758382567e-02
2.276349230411696400e-02
2.290417558349674629e-02
2.324394040708550532e-02
1.815269534528309373e-02
2.231706289271990010e-02
2.508270551576503166e-02
2.274960838991232220e-02
2.075219366687181335e-02
2.233003363365632793e-02
2.289041907027785164e-02
2.235287690962735677e-02
2.292487499001768028e-02
1.995676583279957714e-02
5.430849432736193499e-02
4.348359414149929186e-02
2.260163913815802297e-02
2.294599069778300443e-02
1.753108276614575439e-02
2.814742565871912808e-02
4.532480480302787662e-02
1.595275259576061852e-02
2.634891036589203164e-02
