1.012039388949029561e+00
4.980150667015867394e-01
2.333035852483891670e+00
2.035733279071008539e+00
1.785751855178523639e+00
1.578355735266690152e+00
1.390730234660183084e+00
1.221857107242480422e+00
1.075414791246702473e+00
9.270238591870745282e-01
8.278686242333297418e-01
7.274343288208371394e-01
6.350769600362252687e-01
5.534098479527064240e-01
4.833033548353692921e-01
4.158443115729761330e-01
3.624773614286978529e-01
3.161479185210407938e-01
2.700804271014162206e-01
2.369045434070653766e-01
1.999940446452898035e-01
1.770844012819442759e-01
1.589377264473392504e-01
1.319935620164508772e-01
1.197718218931315276e-01
6.869459019851485715e-02
9.034936806463482462e-02
8.492606977682287672e-02
5.884517882575582975e-02
6.508179866017388404e-02
6.322214601431448699e-02
5.739702826006628372e-02
4.979473300379656103e-02
4.988164167057033971e-02
3.946350734681781242e-02
4.010497802560151342e-02
4.091388845523258322e-02
2.930307144470944980e-02
3.308585226764360759e-02
3.419567444802060902e-02
2.318761710998549358e-02
2.797884461388277025e-02
2.960548171518062599e-02
1.778776199581096756e-02
2.291599729928368509e-02
2.503129336503390895e-02
6.651150951505142676e-03
1.887346936204271214e-02
2.164325351697293440e-02
3.778210349536168400e-03
1.617105330976591551e-02
1.918977182495008524e-02
3.263180284413109890e-03
1.427343440041997126e-02
1.734191029192615890e-02
2.061906852974889140e-03
1.252004052193722398e-02
1.568328695460104172e-02
5.310148611013228159e-02
8.280465631598782697e-03
1.356432838437186296e-02
1.462234913200943093e-02
2.480992640470777982e-03
1.123386117226937882e-02
1.313568360762425169e-02
8.461614209274749554e-03
1.013746341107158756e-02
1.192936114986361922e-02
1.392263718875854338e-02
8.787670128255174740e-03
1.076294230966865460e-02
2.287304237393765829e-02
7.027831338563487150e-03
9.750665719220643485e-03
1.290952230441301182e-02
6.430950659655054052e-03
8.720008948137260990e-03
5.912433094447777648e-03
5.332473047591730804e-03
2.835370442559304732e-02
6.637478719894688607e-03
7.479885190677913048e-03
1.320969212461811301e-02
6.143287333015898591e-03
6.565855735145348891e-03
2.423978688868819523e-02
5.925854110843186556e-03
2.480878872088447193e-03
5.478862369403200878e-03
5.465370398567681240e-03
3.590310537505880285e-03
4.727159697315788320e-03
2.271948449051698366e-03
1.007692047222255409e-02
4.099181188069115321e-03
4.942580696836030955e-03
3.329145092333569977e-03
1.054161264956865116e-02
2.627032271262867702e-03
2.692568343571929371e-03
4.213786187702188608e-03
2.001916145224956912e-03
2.048097438937615446e-03
2.346647855382994786e-03
1.476291218969446326e-03
4.213452084648753627e-03
1.333516232398390330e-03
1.527266989366652837e-03
2.184507351545799531e-02
1.419682165524304134e-03
1.392923271083507325e-03
1.653042495997501717e-03
9.139110962324699730e-03
1.868691703459934633e-03
9.794884244017537309e-03
2.470789890668574195e-03
2.753244317952407202e-03
3.174889194925939722e-03
1.905552670799615968e-03
3.037579898206765362e-03
2.144847451340561179e-02
3.466563538531570662e-03
3.358723830799152654e-03
2.522791894008045033e-03
3.780652594960662999e-03
2.652643395244672596e-03
4.006489739657321733e-03
7.073222957115643354e-03
4.530073602493757054e-03
4.328822874222081410e-03
3.262563851471232072e-03
4.812052779681686224e-03
4.361719657093421354e-03
6.325677179591335762e-03
4.810202399824608718e-03
5.863457176701085925e-03
5.053370159182976433e-03
4.417771429313064289e-03
5.088787222563947304e-03
5.004485702131539031e-03
5.304530771953721441e-03
5.455051137677538464e-03
5.088028262955239696e-03
5.998728203756450127e-03
5.383018314837899505e-03
5.021325755953564597e-03
1.728548658708241315e-02
5.496438434643202697e-03
5.340014044281364732e-03
7.696364212371691223e-03
7.111766207454738552e-03
5.419403311692431134e-03
3.458502887124546583e-03
5.511759423421440894e-03
6.891238008254097977e-03
3.965098178947142060e-03
5.913285848633096850e-03
5.578672526109385889e-03
6.611759190790776446e-03
6.802221700521919774e-03
5.681007212592734286e-03
9.058825119001879048e-03
5.794710651440201053e-03
5.582421306607359031e-03
9.012143112187892893e-03
5.834534704879447073e-03
5.816595636844255207e-03
7.110946117602757327e-03
5.822647307380660227e-03
9.186653643785217330e-03
5.873306218537364433e-03
6.018381171187669673e-03
2.210498688100646925e-02
5.924520985882889175e-03
5.839651577566120320e-03
5.726228677489404728e-03
5.195174672486106184e-03
5.790308598510722840e-03
5.577827050457602985e-03
5.926707266994115861e-03
4.899028916038190330e-03
7.036894925733833475e-03
6.104004961006185767e-03
6.079403857761738958e-03
6.098881230866622268e-03
5.972635101172747707e-03
8.289564372834262729e-03
6.007416254798733993e-03
5.955844935538970146e-03
6.078512255776183544e-03
6.056959825370061140e-03
9.259366742703948466e-03
9.082560435539442992e-03
6.005777553288568944e-03
8.777936428581968598e-03
7.686682005692294962e-03
6.166455558911599667e-03
6.547808340384471057e-03
6.168228650950415524e-03
5.933303232941443926e-03
7.290298988231607401e-03
6.924575215488841702e-03
7.071782775928928295e-03
6.228143778730785805e-03
7.339995262719446224e-03
6.202488383167991184e-03
1.078103680473579441e-02
6.362142949089560733e-03
6.233900118230856213e-03
8.473668462596443962e-03
6.427894348685595123e-03
1.492672408507063862e-02
6.765144727425107841e-03
6.377872971612723145e-03
7.257389257392973629e-03
6.580163059031755163e-03
6.538835811393298690e-03
6.859598195394787760e-03
6.581856223602378445e-03
5.582917498088682019e-03
6.631701390677876597e-03
9.184511782280068218e-03
6.706010045630253144e-03
1.489485716152066236e-02
6.719376923846467203e-03
7.370299498192387812e-03
6.868151239353742846e-03
6.711015687554513186e-03
7.700277496792042563e-03
6.890316206907018057e-03
6.846144472415124568e-03
7.433440351374169704e-03
6.951959875892677575e-03
6.774702129707950611e-03
7.783294863763097135e-03
7.033877263535684606e-03
6.044164494135088189e-03
7.950169073925535818e-03
7.019850231307428294e-03
6.735152712037486590e-03
7.188740581573148901e-03
7.098255625215751062e-03
8.098681774120890589e-03
7.261941810945187793e-03
9.901258132170192780e-03
7.266409844381791633e-03
6.902707413551737239e-03
7.334369662150311449e-03
7.776578910527413152e-03
7.519027212981378369e-03
6.363743511054584766e-03
8.810229451618627194e-03
7.191387307495159149e-03
7.873264983015663271e-03
7.865262914298702321e-03
7.431795981413025221e-03
8.100826077679347537e-03
7.625897860985632153e-03
7.840562235166595104e-03
7.838589582493232441e-03
9.442139095686788788e-03
7.764912368363589314e-03
7.595981783326604016e-03
8.053861071316503750e-03
7.783202672591940825e-03
7.760893607631953912e-03
8.059281108186992088e-03
7.816030433524492199e-03
9.892798416759192651e-03
8.418579069278333757e-03
7.821494351347796359e-03
6.624400427206263327e-03
9.191786953454707948e-03
7.859053517686552873e-03
9.079258805181029263e-03
7.890954308541160006e-03
7.865475930525486770e-03
8.321831838172607729e-03
8.020930471682938268e-03
7.875959843152530518e-03
8.635530315343432559e-03
8.057409401266611704e-03
8.649828066490599515e-03
7.416322784737560021e-03
8.128691664940269901e-03
8.159771615035255055e-03
8.126064373040052524e-03
7.934452451191162381e-03
8.604718362398386389e-03
8.190124205595008047e-03
8.084556537450585459e-03
7.790177062842199018e-03
9.389276623769494609e-03
8.145937416486129234e-03
8.014589732977082590e-03
8.300481643740691140e-03
8.111188427945833362e-03
1.024945990605095544e-02
8.188160678203257326e-03
1.018064921202317501e-02
