1.074938465141589861e+00
5.505248706257397373e-01
1.604843349268625374e+00
1.571125152024824168e+00
1.137981714018146961e+00
7.738950418412777754e-01
5.236720395189199406e-01
3.555361789956246188e-01
2.428519806847837248e-01
1.671230142785952721e-01
1.156777449204619140e-01
8.030853346010018157e-02
5.599856804282172390e-02
3.959671504820353599e-02
2.885546521489998004e-02
2.201079793274233684e-02
1.769590570808442231e-02
1.494002278358988640e-02
1.311184208641615924e-02
1.182839687093553173e-02
1.087234264136124375e-02
1.011730254265180186e-02
9.492874065876575132e-03
8.957735412411004308e-03
8.351099519282461497e-03
8.054723053938393426e-03
9.954365516667198349e-03
7.289687996151957353e-03
7.059516341795217184e-03
6.561052838003625202e-03
6.410617755297194111e-03
7.603601541656792098e-03
5.872276496628013945e-03
8.238883908050302282e-03
5.712364003577698190e-03
2.783128085381466818e-03
4.945767207426431285e-03
5.035157942198440102e-03
4.563739921810220854e-03
4.493654035474957745e-03
3.816469059839170796e-03
3.992961392976966672e-03
9.083462396024222577e-03
3.809532943601590550e-03
3.172341226212034744e-03
3.562786177686601621e-03
3.234506485273789308e-03
1.367513702453690156e-03
7.639072982079390256e-03
2.297605715695878303e-03
3.078131365552247770e-03
2.300920236182540674e-03
2.491506146475735723e-03
2.852877774120512241e-03
1.135636278735847101e-03
3.668900096605580419e-03
3.448560803273931566e-03
2.571672670019683506e-03
2.413303025190733069e-03
1.066725197532596321e-02
2.424093722316120973e-03
2.476087287966918619e-03
1.591811733571080016e-03
1.061611676765729676e-03
2.643522205885506272e-03
5.703412603629719711e-03
1.923297233917833264e-03
1.122429185434307107e-03
1.919154568691607650e-03
2.224383315786468071e-03
1.862618162644816581e-03
1.599285918557094522e-03
1.866010439337744548e-03
1.100617455607893341e-03
1.808114878032258217e-03
1.940331102291089011e-03
1.371937268410277667e-03
5.500494646840368464e-03
1.547672655612251490e-03
8.803288517040553859e-03
8.581511956334334640e-03
5.549034452623590949e-03
7.344986691229604767e-04
4.874225820585348194e-03
1.920055060336648810e-03
7.060965629874903096e-04
2.292901674462179216e-03
1.881430968291166557e-03
8.966256385469623807e-03
1.464921979137808914e-03
2.175708828016251640e-03
1.612688308521725454e-03
1.831205410385311916e-03
6.357342085145938244e-03
2.468527503965570972e-03
9.069726924674799797e-04
8.298510936935437482e-04
2.354741351411165830e-03
1.160852506765146404e-02
1.787498416529430300e-03
1.240135580318615710e-03
2.322451901085646753e-03
1.106210779583668936e-03
2.500431321983396116e-03
3.393249691111720028e-03
1.115098807926448747e-03
4.864073599417780176e-03
1.694098357780327068e-03
3.372866773381338543e-03
8.731482667321577599e-04
9.267609323021171229e-04
4.970777335062662085e-04
5.612687028140729215e-03
7.740782531896981192e-03
1.063135574576309266e-03
1.219563115249342519e-03
8.463516682621369941e-04
7.161310046836522883e-04
1.241952710190196091e-03
4.257751944821773060e-04
4.590432020284929311e-03
9.016117788123853213e-04
9.108779220937434154e-04
4.278492651391746699e-04
6.186267773935875958e-04
2.003907495260972508e-03
5.733235142354863728e-03
2.260856537749464639e-03
2.141015776090812294e-03
5.657691620324537896e-04
7.601422079589192048e-03
7.580631472516554314e-04
7.912841561430079829e-04
6.516643523712626349e-04
7.317145122983691533e-04
5.490856855469864123e-04
2.113914595340913010e-03
3.521451872200393601e-03
6.447497989061542470e-04
1.057755984807701383e-03
6.121994261310517889e-04
4.137885143360206627e-04
6.897495075591823181e-04
7.957656314288567194e-04
7.509666625053573697e-04
9.783052642572879869e-04
2.846711408031686596e-03
8.075231522381034035e-04
3.527678147902857300e-03
2.642169827993530711e-03
1.775799682786212549e-03
1.003402691059712953e-03
7.992740374680301890e-04
8.392629872638930491e-04
7.574315373558018153e-04
7.088852267207909966e-03
1.527004054471403291e-03
2.694134712951954357e-03
7.902901819423283070e-04
5.029990002171802910e-04
1.316181538473425389e-03
2.259647456317656448e-03
7.021411950674990307e-04
3.771013969754857071e-04
6.214510160722284786e-04
3.347020526594227021e-03
2.873316639584033196e-03
8.444241220669647385e-03
8.569232780518479253e-04
9.040475024104867481e-04
5.846217525142876573e-04
4.013124056993781948e-04
6.791207014238826974e-04
7.262257433287597035e-04
1.271328642402873689e-03
6.605877885305676874e-04
2.570685251356613979e-03
6.564822305575721733e-04
1.882426000917552036e-03
3.912799568070821944e-03
8.385259444675076867e-04
4.363393260078953732e-04
8.480853041604684544e-04
1.697088781952604038e-03
1.931474311350383274e-03
1.182525239064631181e-03
5.442363591094398012e-04
6.610373197448657367e-04
6.584081536734565305e-04
4.036538614041225849e-04
4.094714387430982861e-04
3.201534040638508855e-03
3.659064617022875134e-03
3.261875067329810148e-03
5.916789589317485642e-04
6.316334332749917735e-04
1.119329722655203543e-03
3.787879993971797303e-03
2.152770005316353291e-03
5.932339090880349702e-04
1.327093356231071877e-03
3.114037524409900542e-03
8.225253596612974380e-04
4.481689894807317073e-04
6.313985601785947286e-04
7.660613828186916326e-04
3.026547809177935252e-03
5.109002574426309978e-03
6.302396971137563635e-04
2.492411870296582562e-03
4.319685274213936471e-03
6.030188672307186396e-04
3.450286720236241849e-04
3.986149451165154744e-04
5.762348217760090161e-04
6.463692833615854345e-04
6.284828879714963318e-04
2.996151969678881311e-03
6.585100011557471107e-04
1.888867348099992048e-04
1.725067320763834598e-03
6.494747810457301897e-04
3.561078290109109552e-04
5.206334278570728512e-04
1.043165457541875459e-03
1.917041091061399928e-03
1.270425413446346760e-03
1.479362661483688045e-03
1.240756859658614887e-03
4.432820032816014305e-03
5.096890617456301120e-04
1.848413424262105838e-03
3.591114642366547826e-03
6.877119210308664044e-04
6.208094863868386269e-04
4.949430720501038061e-04
4.594641639023233854e-04
8.732833508399223069e-04
5.207875758988186367e-04
4.449856327733994971e-04
2.617904058844923833e-04
4.718720867485027204e-04
2.649040871491322325e-03
3.263657780824659807e-04
3.521749028307984229e-04
2.878298993211915978e-03
1.559252968524479704e-03
7.952169738844011397e-04
5.049769707190170749e-04
3.976390759658996192e-04
5.788623056742782901e-04
7.019158814289216085e-04
3.745854634587348015e-04
6.851551205754465544e-04
3.054429042503340255e-03
2.458366411628071929e-03
3.649890214830404695e-04
4.484012490744205041e-04
6.570111406703275881e-04
4.012354452495351070e-04
2.080536038097864399e-04
2.757995986153884528e-04
1.409920225588330404e-03
1.952818826604612440e-04
6.780155404986029253e-04
2.383434721021039995e-03
9.262889068340866014e-04
5.113013459088297128e-04
2.188134531871815253e-03
5.708882033756828038e-04
4.431860002660353848e-03
4.944333295896397203e-04
5.375407472194724742e-04
2.545489817734212980e-04
5.009613658536149440e-04
2.234128500048807638e-03
1.205225248917564818e-03
3.623019994775637407e-04
2.307289980408109697e-04
2.968609467636788759e-04
7.527201539636555350e-04
1.084098216165646500e-03
5.512523344532832244e-04
5.373759979480923106e-04
2.070921632795193830e-04
7.121451353630344405e-04
2.827571049289772536e-04
3.784667881456708211e-03
1.431173539478416577e-03
4.010143389233476914e-03
6.359832128164630326e-04
1.884348214259685831e-03
2.805274363412859229e-03
2.982719199011326619e-04
6.442961029378882877e-04
1.795009564127249767e-04
7.059247619181402596e-04
9.971707608360850204e-04
1.254316325163631809e-03
2.204536564137671848e-04
