1.003219876509253261e+00
2.262796208411871901e-01
5.747823861631452536e-01
1.001184912664913496e+00
1.168887674724762959e+00
1.206433946347480468e+00
1.212610584181538442e+00
1.213347569296483686e+00
1.213578329115175602e+00
1.213971715772676152e+00
1.214526750587341164e+00
1.214766609546572784e+00
1.215423951078443032e+00
1.216245674708074764e+00
1.214674141704118915e+00
1.217184836961993755e+00
1.216971447423687680e+00
1.217940979626842335e+00
1.218401956635612349e+00
1.221935671586325656e+00
1.219335079515682985e+00
1.214649604816276707e+00
1.220828010993129320e+00
1.217660665125966712e+00
1.216728618008704688e+00
1.216896416473140619e+00
1.214868197153240015e+00
1.213727079717491941e+00
1.213750682826755023e+00
1.209907184016965065e+00
1.210185895194421768e+00
1.208269711627980580e+00
1.210423360485411104e+00
1.219254235513894669e+00
1.206915450738316631e+00
1.205511703625005815e+00
1.194303948199952448e+00
1.204620376282566463e+00
1.202299326419710601e+00
1.175312490912620689e+00
1.202194964234432506e+00
1.197172612681851156e+00
1.192002800324640788e+00
1.196180384879728775e+00
1.191511300883507207e+00
1.184363057255914287e+00
1.191203213773571967e+00
1.192166777667154065e+00
1.184504467026123553e+00
1.186197789329069607e+00
1.185181696014732333e+00
1.169171477476017129e+00
1.183443023912773340e+00
1.181662997074376831e+00
1.181254984036789635e+00
1.176927314816309522e+00
1.177051963246356969e+00
1.174204483077128103e+00
1.174837039475497225e+00
1.169076786947430557e+00
1.170668452733550913e+00
1.169821215993422703e+00
1.169653054620323429e+00
1.162849015988668411e+00
1.168842277082885239e+00
1.164702015398705104e+00
1.164409388897265307e+00
1.156305543122497559e+00
1.159983368092154965e+00
1.158995902641214659e+00
1.159999397330596871e+00
1.153972829676848777e+00
1.153920211280386576e+00
1.153881425314501330e+00
1.152239719447379906e+00
1.150687860235406035e+00
1.146358777395995343e+00
1.149301219759104375e+00
1.148699949366248196e+00
1.142431116090782961e+00
1.144968089684343715e+00
1.143926070005284679e+00
1.144721585727229041e+00
1.140504548008875352e+00
1.141252868341612103e+00
1.141294497818299281e+00
1.140709006047388785e+00
1.137784480194497627e+00
1.138627321767299749e+00
1.136824590736058793e+00
1.137434219850200767e+00
1.132206162711341779e+00
1.133978266390108791e+00
1.133608531044930423e+00
1.124567090248925760e+00
1.131311104945457613e+00
1.130556246486823069e+00
1.121618423767530182e+00
1.129915622181735024e+00
1.127719328926246600e+00
1.126693396876924158e+00
1.127074390848685770e+00
1.124416374049175271e+00
1.124785272438325823e+00
1.124182490103396326e+00
1.125098731010891306e+00
1.121579558273650523e+00
1.120851345385429854e+00
1.108147874922899678e+00
1.120550045149146801e+00
1.119381845717460688e+00
1.119154580321429560e+00
1.116102502744028779e+00
1.112504739790672659e+00
1.115756918315045088e+00
1.115226183120226811e+00
1.117084416752463616e+00
1.113504874340759399e+00
1.113504252467935940e+00
1.097952483400856272e+00
1.104173895626892943e+00
1.110219739760417434e+00
1.119780878149555292e+00
1.105524916303561644e+00
1.109019793314894642e+00
1.102200601741335273e+00
1.106243161375608075e+00
1.106291103253957964e+00
1.105229279305365742e+00
1.104776105804677000e+00
1.104422998729488459e+00
1.097619049692963422e+00
1.100841385453055654e+00
1.101428181003315521e+00
1.102872699995023575e+00
1.100897928187784869e+00
1.097895770442571806e+00
1.098098244184184225e+00
1.098390710064684583e+00
1.098104764511256493e+00
1.078830242566935160e+00
1.094775405576815297e+00
1.093814618735106103e+00
1.095022648716598379e+00
1.093959484564534401e+00
1.088880766304216818e+00
1.092404997979028236e+00
1.093060971347376009e+00
1.091260945664539683e+00
1.088737526263656719e+00
1.088889349710824739e+00
1.085195956235082804e+00
1.086382235818451392e+00
1.088212447855771092e+00
1.087004494029230717e+00
1.086102809718171303e+00
1.085942489015208956e+00
1.085098427068663440e+00
1.084647637458916236e+00
1.083985305711316904e+00
1.091553367305316824e+00
1.081536867527514545e+00
1.082201932828685154e+00
1.080520981336047681e+00
1.080195194268935399e+00
1.080081364875317140e+00
1.080122423416217226e+00
1.077458827273244157e+00
1.074586626421658142e+00
1.077145655198884500e+00
1.074689415055819275e+00
1.072056408188858834e+00
1.075346346199949288e+00
1.073787216730337057e+00
1.073870925563407130e+00
1.072915965234950697e+00
1.079586223254270116e+00
1.071382042299775739e+00
1.072089974590657580e+00
1.071614792943388350e+00
1.069167289971641788e+00
1.069384216660208109e+00
1.069009166523434917e+00
1.067096737143118146e+00
1.067257086438048397e+00
1.066978469173587962e+00
1.066660088026853748e+00
1.062708033003561425e+00
1.061227735165378494e+00
1.064592874680841295e+00
1.063946351970622262e+00
1.063081030760773427e+00
1.062714391571577544e+00
1.062740838491894824e+00
1.061803611582233797e+00
1.046747661222983572e+00
1.059669085021274215e+00
1.058656302098160529e+00
1.059445769246429636e+00
1.053685908112865555e+00
1.057462277581219023e+00
1.057180532303792608e+00
1.056825753991812000e+00
1.057013254193061469e+00
1.055289343237936883e+00
1.055438367923449361e+00
1.047253987856386903e+00
1.053993143948603217e+00
1.054602797829376826e+00
1.055364801569398603e+00
1.051820448834973387e+00
1.051379584434643188e+00
1.046948671503930672e+00
1.050872760833806874e+00
1.050864399157386497e+00
1.048996745426802546e+00
1.048592810204076686e+00
1.048092696131724733e+00
1.046714034687887596e+00
1.049240203654625780e+00
1.046273494976198037e+00
1.045646528765676209e+00
1.046582215442643626e+00
1.045962901047239324e+00
1.042171911789752992e+00
1.049729537226260501e+00
1.041767167918222547e+00
1.042961816236277262e+00
1.049546409118711665e+00
1.040837431840266225e+00
1.041269839563058852e+00
1.041163975396227404e+00
1.040477159704332077e+00
1.040146447086919723e+00
1.045066580480021878e+00
1.038944604105372704e+00
1.038213372769744458e+00
1.036322064735196280e+00
1.028460746387966918e+00
1.036247725121191010e+00
1.036342543521092452e+00
1.034357518737245352e+00
1.034478229831506058e+00
1.033626261683134429e+00
1.033595717907162204e+00
1.033472575686824380e+00
1.033057883762508400e+00
1.031980740181241529e+00
1.033456559494166482e+00
1.030904928886137162e+00
1.030451999330288526e+00
1.030976420601419141e+00
1.029289751999145963e+00
1.028736886257189065e+00
1.029263313100423627e+00
1.028558046225973577e+00
1.028075329809664540e+00
1.026558647780586808e+00
1.027779063290977346e+00
1.024966532914573181e+00
1.024871962596371588e+00
1.025014002957193471e+00
1.024376684381328451e+00
1.023962391339816813e+00
1.024409245246604927e+00
1.021656947164670592e+00
1.022105094543924952e+00
1.021955776794908122e+00
1.022192353197196146e+00
1.029361878006980646e+00
1.018656408128008284e+00
1.020183441134843161e+00
1.021123017708412295e+00
1.020330309012436043e+00
1.017791641812833214e+00
1.017999458377593758e+00
1.018145711700483513e+00
1.017674496242773508e+00
1.016367312167219650e+00
1.016420061904338867e+00
1.016428969156807582e+00
1.015867915923388987e+00
1.014762224801946555e+00
1.014529314311092500e+00
1.014276693346136682e+00
1.013907805443955201e+00
1.013815918985535358e+00
1.011729452022434250e+00
1.011422832499208280e+00
1.011736405589211962e+00
1.011424851235714906e+00
1.012067307332779276e+00
1.008261531085749452e+00
1.009461907468827135e+00
1.009404057580463476e+00
1.012339014273934135e+00
1.007200299908609598e+00
1.007800074347531716e+00
1.006963932357723746e+00
1.007253279666201928e+00
