9.132313373697154013e-01
6.091086862205291608e-01
2.201835593661912949e+00
2.122572859744055407e+00
1.884664919883317413e+00
1.721837524975490696e+00
1.604452866182809911e+00
1.502037360991431925e+00
1.427122063785246642e+00
1.366126761347638219e+00
1.298434223071409210e+00
1.279470352021850443e+00
1.248637105479275977e+00
1.219202984689221392e+00
1.196136046312491930e+00
1.174747591608432229e+00
1.157163718758217108e+00
1.144138931445631613e+00
1.126463500794879335e+00
1.109573282660778260e+00
1.100296948283694176e+00
1.091327126639194622e+00
1.084797409996252071e+00
1.070249481395890490e+00
1.062990570422619685e+00
1.046369376068574608e+00
1.045123438067105281e+00
1.038906724337245624e+00
1.026780781777411722e+00
1.022835350519293529e+00
1.018106803755758794e+00
1.006632464474658262e+00
1.003001156790488624e+00
9.914969511781985823e-01
9.890890815768754729e-01
9.853869252915503640e-01
9.761044431030367896e-01
9.736421738556679806e-01
9.632683531589069093e-01
9.616018612455153880e-01
9.721680106375218955e-01
9.504749890790860078e-01
9.485116557073015597e-01
9.370255070765279859e-01
9.379637556418357613e-01
9.361134359280975925e-01
9.275713451930120979e-01
9.266722551922147444e-01
9.065635670866599716e-01
9.159952782708675745e-01
9.165032428107378060e-01
9.133760555752137300e-01
9.057568528852301126e-01
9.060341735655400575e-01
9.026008030024801343e-01
9.005329486498473424e-01
8.933651576383566661e-01
8.943655225024479405e-01
8.863850575781769825e-01
8.884513410161593017e-01
9.047594976637735043e-01
8.834769618489071163e-01
8.833999948042147166e-01
8.760483821762350409e-01
8.780537346685850508e-01
8.715082970163045006e-01
8.691935590900226050e-01
8.745115433573069641e-01
8.719781285757137734e-01
8.688831684858179250e-01
8.684405444302235599e-01
8.641956366672840506e-01
8.660209813625964204e-01
8.624373460652692280e-01
8.636139049418922742e-01
8.590074508637134398e-01
8.607002623836665922e-01
8.561084845621700357e-01
8.578096926086883345e-01
8.617198260030420887e-01
8.547067343531860040e-01
8.558271783463838878e-01
8.320035727656133195e-01
8.519284305387179179e-01
8.527907549022573086e-01
8.397036513344239284e-01
8.494993676372755154e-01
8.502901993618859899e-01
8.465866088608691165e-01
8.479390849472387970e-01
8.551161238885390814e-01
8.463262382346889989e-01
8.431491982701015964e-01
8.452573448920429611e-01
8.421564556627834097e-01
8.458166215328174475e-01
8.433712137833259126e-01
8.393991228436075147e-01
8.406070092423760798e-01
8.427600022380157263e-01
8.379926815786880034e-01
8.331647367591945574e-01
8.364179028763485402e-01
8.375935968650110031e-01
8.329014782425253616e-01
8.343614513935120325e-01
8.358369566934296113e-01
8.411080475960946989e-01
8.319946701305382941e-01
8.332120100397384377e-01
8.283161811598147573e-01
8.294607784516128124e-01
8.160629179029608160e-01
8.275925266898022103e-01
8.287163486598762008e-01
8.237079308402843747e-01
8.258288975947557509e-01
8.174479932310554364e-01
8.242651961446187947e-01
8.086339181462703918e-01
8.217686014894184376e-01
8.231021958585067466e-01
8.140584073482132199e-01
8.211368626991962794e-01
8.203759127496083048e-01
8.187670626326639667e-01
8.187972477975645758e-01
8.187534222867537403e-01
8.165615975845790242e-01
8.195780330017664594e-01
8.151178674780497069e-01
8.170875628756213427e-01
8.141804896082616150e-01
8.108079483530569176e-01
8.117206992509753416e-01
8.102919502847871769e-01
8.113741448793256872e-01
8.081951588734324066e-01
8.091333815375982841e-01
8.087006901111863932e-01
8.064948410495521580e-01
8.101478003559237084e-01
8.044909349485197536e-01
8.036532618385273663e-01
8.167018145897672055e-01
8.009147287694665662e-01
8.020558806527503526e-01
8.008343672184741191e-01
7.984433747557505567e-01
7.995914471561250680e-01
7.974381023760638287e-01
7.953544850759083351e-01
7.947586491259042152e-01
7.950218599493283911e-01
7.936650923652300849e-01
7.936412996751142090e-01
7.919488527034174163e-01
7.950510758780876541e-01
7.902393942931826842e-01
7.892702310926014153e-01
7.853418091313459914e-01
7.882362223109389276e-01
7.835057571519508102e-01
7.849298769344740245e-01
7.847758888164187985e-01
7.743875140923338618e-01
7.836878669350153537e-01
7.816698614199676376e-01
7.804819484323188838e-01
7.807078423538660328e-01
7.787477536926465937e-01
7.790902989615942076e-01
7.777779885477821287e-01
7.761473624356676204e-01
7.761546956878471182e-01
7.754663782588309129e-01
7.732426265126353115e-01
7.737407531772920732e-01
7.712491732931071597e-01
7.705731573173038029e-01
7.703368385365234605e-01
7.699027732067320606e-01
7.679701827704205064e-01
7.664956250634422652e-01
7.603550715799908266e-01
7.650016829750453384e-01
7.634374195641951966e-01
7.542967718098129160e-01
7.617057327032867864e-01
7.580652355333383774e-01
7.608797942216815047e-01
7.580230757219392768e-01
7.590767614693872956e-01
7.565652441667333195e-01
7.562656168408733448e-01
7.533544523089790168e-01
7.546379512133597478e-01
7.506035777271046205e-01
7.536694957227810798e-01
7.509346137774479679e-01
7.480334649328410634e-01
7.484221630360683442e-01
7.472018992873304954e-01
7.443093362415931225e-01
7.456132817754497211e-01
7.386425577833751754e-01
7.443548906206954863e-01
7.451751744800364508e-01
7.416279992229756202e-01
7.411609347766461298e-01
7.397731187754876814e-01
7.382742742783215961e-01
7.344959475867743892e-01
7.380810035577646255e-01
7.361760931044788459e-01
7.352502959595546006e-01
7.337190486443153636e-01
7.317823318555212175e-01
7.306364371132451074e-01
7.308533472857142721e-01
7.303589183235622562e-01
7.289787859328556996e-01
7.276686953127783353e-01
7.271874780280989103e-01
7.337714648467851264e-01
7.239546325837771246e-01
7.238141355306949576e-01
7.260681439977613172e-01
7.221762674909316670e-01
7.222378641036254487e-01
7.196307435356794624e-01
7.191509450670786618e-01
7.172844169331165087e-01
7.181469964043097898e-01
7.085964565751189381e-01
7.143603095486029675e-01
7.160932181103124572e-01
7.127024644635516770e-01
7.122125188440980859e-01
7.127105438053551456e-01
7.068536965024105889e-01
7.100991287266689156e-01
7.045634695091692601e-01
7.075676313189104283e-01
7.071488251902631195e-01
7.039632058910100243e-01
7.056324282666142089e-01
7.028067420460407666e-01
7.023652007133602826e-01
7.028877686700875094e-01
6.980008547678784314e-01
6.995530332003372376e-01
6.995488281438404510e-01
6.957821742145631205e-01
7.003099186340061566e-01
6.975272425327120329e-01
6.947864795366527346e-01
6.992991760189882777e-01
6.950217800234529397e-01
6.920006790058906843e-01
6.928233428694239304e-01
6.912891187664338410e-01
6.894820609299060488e-01
6.871591820971437725e-01
6.894450184460427788e-01
6.869357971757723558e-01
6.870694591452187749e-01
6.852629638404557078e-01
6.822947364144256177e-01
6.848488379546733285e-01
6.852092670222006410e-01
6.831518013754763752e-01
6.800210878131087711e-01
6.814374496762251043e-01
6.814338419338709096e-01
6.798096922796914576e-01
6.773517973017644245e-01
6.784070646336308741e-01
6.778408982098397262e-01
6.760776133324374326e-01
6.770793173523221853e-01
6.747815902073244221e-01
6.734882045363543845e-01
6.699600020224016905e-01
6.728077938516678902e-01
6.724356595161248284e-01
6.705013964535242454e-01
6.710848146112537993e-01
6.692345769388143850e-01
6.688467086739052769e-01
6.682150723229741685e-01
6.676867890757118840e-01
6.665733795660946370e-01
6.669329119090950941e-01
6.649681032009844284e-01
6.674503207160670248e-01
6.639087313019285119e-01
6.635598824747772628e-01
6.614254410076970681e-01
6.657159785310782230e-01
