9.634343968971841310e-01
8.947159669578857999e-01
7.705297887832800452e-01
7.533127859828857575e-01
7.452889820656916076e-01
7.417221398690094780e-01
7.410793357878251442e-01
7.405371594570990812e-01
7.407898052520638377e-01
7.395217586102240670e-01
7.395174601241464307e-01
7.377844485078781656e-01
7.378400541140727187e-01
7.378393079523981601e-01
7.378391784668351105e-01
7.219346906274212161e-01
7.229537335968493350e-01
7.229483470413511359e-01
7.229477351485594783e-01
7.229475293182299200e-01
7.229476603874747109e-01
7.229474551799975890e-01
7.229476230536607817e-01
7.229475479907625513e-01
7.229474281521874879e-01
7.229475185931911740e-01
7.229473839468373297e-01
7.097789176745316064e-01
7.119380834902574451e-01
7.118987208170884928e-01
7.118986123751421813e-01
6.971622748800018199e-01
6.979887246811201651e-01
6.979879356048100947e-01
6.979881595271398842e-01
6.979880813323348088e-01
6.979879684700619480e-01
6.979878626543302156e-01
6.979881668931005034e-01
6.979880256228097046e-01
6.717640592618451256e-01
6.668863897532805174e-01
6.669883467172497138e-01
6.669885318130749363e-01
6.669884249759437944e-01
6.669882858659110791e-01
6.602866587573891222e-01
6.602596477949033149e-01
6.602584528097318328e-01
6.602582579634928006e-01
6.602583817071375760e-01
6.607803670297865972e-01
6.454972780597929560e-01
6.454729618465547825e-01
6.454734025523058971e-01
6.454732821672091170e-01
6.454733712718486727e-01
6.454733960026451944e-01
6.454735249500546113e-01
6.311142057637308955e-01
6.302641738759436896e-01
6.302511148431327870e-01
6.302510526603783969e-01
6.165245783636891241e-01
6.162107029700406580e-01
6.162099476905072981e-01
6.162102460734661946e-01
6.162099506254838932e-01
6.162101165970081951e-01
6.162098227022738683e-01
5.989889073661431862e-01
6.045877698353924190e-01
6.046441143966289067e-01
6.046442637372857476e-01
6.046442561008505967e-01
5.898634375757829673e-01
5.901215015930350027e-01
5.901222150832667879e-01
5.901223239514772345e-01
5.901224018667021731e-01
5.854014342382031222e-01
5.842197406290240425e-01
5.842085736113666883e-01
5.842084731556148602e-01
5.842082707604541181e-01
5.728697123910301281e-01
5.742328542966297356e-01
5.722844396208941475e-01
5.720337118560756551e-01
5.720348780564346036e-01
5.698809304296221789e-01
5.694205831061009970e-01
5.693116465454348685e-01
5.641698508227358522e-01
5.645350528733313888e-01
5.630623625058073234e-01
5.620658929600165221e-01
5.592508630089557675e-01
5.579336123760537669e-01
5.583453549142921579e-01
5.543067088496849149e-01
5.520345623230789034e-01
5.521546214790977736e-01
5.507649127925101640e-01
5.506847014600230183e-01
5.476911129297362679e-01
5.539239742351907969e-01
5.442304003970001025e-01
5.440633384760521496e-01
5.421097205107202610e-01
5.415959876206823953e-01
5.400542131629364473e-01
5.376526432950662349e-01
5.365248839387602997e-01
5.362281237851588278e-01
5.363383437689255295e-01
5.338764086277841825e-01
5.331871689420321081e-01
5.317277131465344420e-01
5.281726569645951441e-01
5.283641277338818609e-01
5.281013715749943715e-01
5.280498225251039068e-01
5.264642364071298042e-01
5.264987545383325029e-01
5.250889437355513722e-01
5.234781495836232645e-01
5.210711287985536622e-01
5.220329545537217841e-01
5.216979396958362214e-01
5.186571937468655857e-01
5.206138695668909300e-01
5.155703769137111037e-01
5.167574336398991219e-01
5.160116137452198659e-01
5.171732819589131003e-01
5.152494572284592733e-01
5.151272784962773743e-01
5.133317059647983793e-01
5.157673124913033647e-01
5.115244357874686454e-01
5.109246849153172843e-01
5.102318018148395140e-01
5.107758811427001167e-01
5.093939730183979497e-01
5.081710971748373273e-01
5.078937181193527994e-01
5.069698964534082863e-01
5.060740086371627866e-01
5.053341494793585076e-01
5.068904083443797060e-01
5.065462691603702661e-01
5.041384565967896858e-01
5.030437023511215022e-01
5.036176971632055910e-01
5.019236982633394906e-01
5.011101990405700812e-01
5.062832076083778610e-01
5.028684846283257848e-01
4.999803918355730792e-01
5.003354003838852426e-01
5.021640247977856575e-01
4.990109969355243091e-01
4.980265839074718981e-01
4.977879737347841171e-01
4.997977827673061868e-01
4.996277840327570940e-01
4.976287237398001606e-01
4.965388781010291464e-01
4.962019474542897490e-01
4.952485852116859100e-01
4.950122471365611121e-01
4.947650383497130266e-01
4.947644439020311147e-01
4.937236337684694498e-01
4.927693875551984459e-01
4.935365460884831301e-01
4.932170941371962214e-01
4.924148261978014141e-01
4.926662264887483600e-01
4.910761512476849444e-01
4.919373576513902391e-01
4.897453182233826863e-01
4.914755235758371810e-01
4.898267834453285952e-01
4.912139547025923814e-01
4.899756474208527557e-01
4.920420006448090744e-01
4.886566709232795791e-01
4.902174652176224390e-01
4.900330844850865342e-01
4.887196772411994128e-01
4.879886029394271962e-01
4.841865087334024098e-01
4.877015645647697628e-01
4.875855333744864573e-01
4.883252944642852977e-01
4.872832761989713268e-01
4.870937588497926685e-01
4.910776856509655452e-01
4.857862698550589609e-01
4.839508492974710085e-01
4.863959036642446221e-01
4.853302994204582999e-01
4.815761909068468349e-01
4.852167994418512542e-01
4.874473943000525722e-01
4.843399844700403967e-01
4.859715142562625045e-01
4.853351743064514556e-01
4.838163671185023440e-01
4.780840362416902689e-01
4.847606145132511424e-01
4.857035571860008893e-01
4.847449079571126140e-01
4.842722790209779138e-01
4.827131531490559402e-01
4.834860464912079658e-01
4.824822597770618282e-01
4.807191023513698869e-01
4.837888786350959536e-01
4.823588176314647091e-01
4.810321216356631124e-01
4.827040945438036967e-01
4.847999119253735834e-01
4.827203276403708165e-01
4.872850019537574573e-01
4.832163546280365263e-01
4.826604228827031107e-01
4.832497278133653373e-01
4.838194407079354220e-01
4.818015149020467569e-01
4.830360712611566076e-01
4.814111217571975243e-01
4.836497458862472065e-01
4.815223159294588773e-01
4.818623632782966237e-01
4.829003677378881920e-01
4.814669069623525033e-01
4.833938424685482182e-01
4.826809114420427260e-01
4.834164744726180962e-01
4.821668189700301088e-01
4.816011888722271927e-01
4.835351277260567238e-01
4.831046446817227058e-01
4.818781927490634054e-01
4.779369646096936486e-01
4.819713682678459787e-01
4.834553223536657840e-01
4.850453557152494266e-01
4.808059717122868393e-01
4.814307424736163354e-01
4.822345891749443836e-01
4.817936166210078364e-01
4.818762907675275819e-01
4.814141162244080507e-01
4.823267476187687586e-01
4.814387292961158082e-01
4.827754879845006508e-01
4.813460921151232474e-01
4.827340913706227865e-01
4.818506270732697550e-01
4.810354652570873468e-01
4.814860289558757223e-01
4.835140268591959223e-01
4.835935429142361741e-01
4.835942412176256200e-01
4.802280734944383567e-01
4.834877552281411917e-01
4.795242300328557139e-01
4.819455545911541794e-01
4.874112728331158606e-01
4.820278226036618374e-01
4.837026858463279733e-01
4.821114888574445922e-01
4.764150154948386118e-01
4.823196953176693835e-01
4.812877925887585895e-01
4.837547518210139619e-01
4.824418078033996804e-01
4.825274658030133113e-01
4.826349669424765398e-01
4.831817539252083460e-01
4.824013649786718649e-01
4.843774847643614878e-01
4.826641495691723627e-01
4.835347059531914238e-01
4.852090944748679302e-01
4.862773982689001517e-01
4.800258713330368687e-01
4.807356475203226065e-01
4.858185670257991196e-01
4.766943975508127762e-01
4.839113189690804062e-01
4.837766251145231844e-01
4.831119851111155827e-01
4.854753619819200949e-01
4.829837445969142329e-01
4.877521276179349607e-01
