1.012475769925309743e+00
1.605542745339766597e+00
1.648095317074966593e+00
1.301038892745363773e+00
1.203068488223059562e+00
1.153436259981157175e+00
1.050974640214047184e+00
9.086319595727987419e-01
7.744788730468646909e-01
6.595573027729352278e-01
5.805357410827141074e-01
5.175300868796379739e-01
4.718394831693928371e-01
4.140424628554224551e-01
3.648416327238612755e-01
3.264451168182050389e-01
2.852142931192940822e-01
2.490024489028564714e-01
2.117139638563286519e-01
1.791323007940633094e-01
1.573365499120303046e-01
1.400354252510556397e-01
1.249636394262449990e-01
1.109292146620272645e-01
9.882409022836687040e-02
9.209080319867933573e-02
8.943229412405759304e-02
9.150121772417167676e-02
8.888160470818305681e-02
8.114664809285385139e-02
8.381661062174160237e-02
8.677737958808956487e-02
8.182784747156630900e-02
8.402727599950363113e-02
8.457079675479610426e-02
8.349189333134400537e-02
8.454962665194901139e-02
8.002960168122261186e-02
8.260599594620739172e-02
9.002877876477713426e-02
8.154107934430232518e-02
8.136567286657311882e-02
8.023381070437524132e-02
8.061679353203864140e-02
7.855304967145135264e-02
8.279638176095566182e-02
7.335561250519496979e-02
1.108593885920302058e-01
7.470619806706810251e-02
7.597870600995754176e-02
7.173661222591654063e-02
7.680819518604609097e-02
7.410281058588240322e-02
7.543929791128650697e-02
6.940846771970735074e-02
6.976918563589773470e-02
6.994742637900985827e-02
7.556367182508809399e-02
7.872218653061571758e-02
6.403574997041291961e-02
6.431133038159864146e-02
6.927300545534589848e-02
6.157521536009881447e-02
6.115808341464961523e-02
6.111143093996317111e-02
6.265498362442900593e-02
7.156957062247533419e-02
5.796331759992433275e-02
6.260121616305959480e-02
5.907662405785381321e-02
5.626304757340808843e-02
5.543424406381573105e-02
5.627344710126096217e-02
5.606367064662658162e-02
5.383125978276546292e-02
5.402257389028629342e-02
5.154613365470184227e-02
5.897822627339533580e-02
5.144170996041988464e-02
5.141523634294312139e-02
5.218507315515880096e-02
4.946695718847490819e-02
5.287068813745118834e-02
5.019863736205430055e-02
4.540567951571043703e-02
5.207841549019745497e-02
4.755464302713602320e-02
4.677889575927782206e-02
4.550635004892387980e-02
4.456615758308934971e-02
4.523797208322302699e-02
4.906499920371787393e-02
4.395148445665224279e-02
4.453021002447185572e-02
4.639533509803814293e-02
5.518050893684977448e-02
4.420734069643787734e-02
4.254518963516711744e-02
4.203187431046128547e-02
4.078528534443799647e-02
4.650056650584844659e-02
4.398980393338576544e-02
3.860284026544941183e-02
3.961566001346665533e-02
4.078512394151048021e-02
4.170062843670392649e-02
3.774494175286965264e-02
3.708720524328306539e-02
3.660149977755659118e-02
3.698311092922908910e-02
3.958155106345546959e-02
3.737466967171755583e-02
3.564078993967949999e-02
3.723314856550630214e-02
3.800768656606345192e-02
4.368098892298440811e-02
3.465090047065139123e-02
3.472841908098951713e-02
3.691822097007779746e-02
3.869322464123296085e-02
3.398853141145302681e-02
3.507371792568454716e-02
3.601616866141273826e-02
3.569015200463871579e-02
3.362172987494836673e-02
3.269917610226694832e-02
3.005824186973042600e-02
3.232677875720570138e-02
4.058389022545562386e-02
3.362125777919264952e-02
3.190083469604076266e-02
3.024496969595283011e-02
3.859618243293047590e-02
3.022463216711762310e-02
3.505083427773469928e-02
2.830305626883344514e-02
3.439884654376532125e-02
3.157705380931954964e-02
2.901506445766750125e-02
2.709187647455786260e-02
2.731787655180438132e-02
2.882091710120454273e-02
2.710040274850417097e-02
2.632993965662927191e-02
2.678951953088463608e-02
2.934439497195127575e-02
3.020477031890936997e-02
2.693629897643573523e-02
2.636235628543588325e-02
2.528179764986442785e-02
2.557822745398579886e-02
2.577556287067779214e-02
2.837282790557317871e-02
2.600000456072148330e-02
2.660642271487169072e-02
2.427568115134750779e-02
2.496745386590747823e-02
3.459503512806481190e-02
2.666951327596659219e-02
2.524128256076831750e-02
2.374142678982799071e-02
2.428918863833779904e-02
2.278426604412874673e-02
2.400583056083687924e-02
2.205246050771342281e-02
2.268904642004431968e-02
3.497544570606278547e-02
2.335761934513608598e-02
2.217987982613262021e-02
2.166730942716066713e-02
2.280389707460695956e-02
2.175147354721412157e-02
2.276469148440571355e-02
2.307187080051182476e-02
2.231740881020435538e-02
2.133400976179870845e-02
2.150441582442854521e-02
2.158908165809039076e-02
2.105409508445758859e-02
2.059712012583878038e-02
2.007626533543768743e-02
1.911654224677158953e-02
2.105972297773811910e-02
2.321169317328636642e-02
1.885540056006803841e-02
1.971004627007723678e-02
2.036144024418860832e-02
1.764720170805755481e-02
2.014564057704651759e-02
2.064147150717157708e-02
1.959584400118901185e-02
1.855395095892720461e-02
1.930314988494131676e-02
2.195964167327883743e-02
2.462186519734668039e-02
1.862155031309761094e-02
1.869524514410726354e-02
1.905691848350910683e-02
1.820737343301691291e-02
3.198168185482714448e-02
1.877284413097396812e-02
1.925537125418340031e-02
1.827727770922825401e-02
2.430367046684215465e-02
1.857671125819342767e-02
1.848970717871226827e-02
1.933864139430177542e-02
1.749869740992422013e-02
1.724572234674637966e-02
1.768691460427062115e-02
1.726539585431903154e-02
2.342355679102902169e-02
1.995803833702252186e-02
1.792991059140998031e-02
1.759925749947608906e-02
1.718958831317858593e-02
2.084966006401170469e-02
1.696715160789981358e-02
1.727654328517596455e-02
1.740923271232527186e-02
1.667577336082471870e-02
1.921180971002319632e-02
1.940662899741295994e-02
1.801850366776443918e-02
1.712350233823199327e-02
1.835923937705400549e-02
1.806520461508350633e-02
1.798794188520678669e-02
1.681044310957613072e-02
2.094162963224049934e-02
3.508176214308890428e-02
1.915695981100479575e-02
1.751641831480011888e-02
1.644098071906307384e-02
1.648981100624041449e-02
1.694943915190356976e-02
1.889191333406395334e-02
2.551946559962386257e-02
2.082005140994171860e-02
1.768709019611950511e-02
1.680497879828751762e-02
2.062102395557241855e-02
2.993053347602116568e-02
1.843761055064981405e-02
2.204301579755772039e-02
1.955025521429675991e-02
1.706312089708041102e-02
1.468540421882643873e-02
1.521014070570433224e-02
1.699409531462318587e-02
1.525403863174710009e-02
1.732201319002671033e-02
1.551708534454837932e-02
1.569542263836073634e-02
1.602937326120961251e-02
1.696501446261693483e-02
1.579145535080485677e-02
1.634509960559102359e-02
1.549539593051454424e-02
1.563053954384420810e-02
1.569267920873909303e-02
1.864535457790266609e-02
1.569663867370767532e-02
2.549858364562992627e-02
1.493663995870917784e-02
1.506370537205877110e-02
1.791758464992449992e-02
1.526024195725504511e-02
1.594881544514447497e-02
1.670605193537513106e-02
1.413553578638852490e-02
1.463565954625940801e-02
1.429315692102175843e-02
1.847822698304973227e-02
1.620600740585388666e-02
2.692226466095336279e-02
1.425795350375769037e-02
2.462197121946067130e-02
1.715231253964346475e-02
1.385592009774954704e-02
1.392052638830006822e-02
1.563792321178564954e-02
1.425582376424741615e-02
1.615781580686420291e-02
1.438668565586731160e-02
1.523027682320205432e-02
1.406989059192750337e-02
1.605552872839899337e-02
1.668844952416044178e-02
1.412021660787653697e-02
1.422526849868575860e-02
1.473377868409231177e-02
1.332489987550068179e-02
1.929081311176482696e-02
1.469962187111431041e-02
1.933530834659183753e-02
2.176004927774711356e-02
1.889870407772251473e-02
1.725054921117924120e-02
1.329193273490528529e-02
