1.045447232126123671e+00
5.287229160526533134e-01
7.813248034314370649e-01
1.713635047186149007e+00
1.782558614997895807e+00
1.666501198754741786e+00
1.553775378484649528e+00
1.443730422519919898e+00
1.343784339051188548e+00
1.248475854072386815e+00
1.162947267246334793e+00
1.088026768000200706e+00
1.023993254346684756e+00
9.668464263094448397e-01
9.192233144983738002e-01
8.743783274727381372e-01
8.385842906060204660e-01
8.064121835420654527e-01
7.741487433951700359e-01
7.502526791616271895e-01
7.281641806693615049e-01
7.049262400775082593e-01
6.887696816020565382e-01
6.706339267988780106e-01
6.564736105383244258e-01
6.521805087036179893e-01
6.288102324622270034e-01
6.196953612018194502e-01
5.958776988303045030e-01
5.982071324187691053e-01
5.912337711840330856e-01
5.779447857627382223e-01
5.731800748994896333e-01
5.675636436125629514e-01
5.551997006661185674e-01
5.522972887667340069e-01
5.599974085901441301e-01
5.372692169994977007e-01
5.345243478207691856e-01
5.123436939611365482e-01
5.217293737308024149e-01
5.161872444708697216e-01
5.120257868325305273e-01
5.072272660730462457e-01
5.177026768212238395e-01
4.993420024634711574e-01
4.934347223501965307e-01
4.955698120487014302e-01
4.894311511334843989e-01
4.823834870436746192e-01
4.836064448988998121e-01
4.826973400660072300e-01
4.776961755157803635e-01
4.737801653774942334e-01
4.689275103512899334e-01
4.689996405560996062e-01
4.613931623240106195e-01
4.653562719123107705e-01
4.612860777212785535e-01
4.615093701328306097e-01
4.524133591747667160e-01
4.562178620483151037e-01
4.556353009865237724e-01
4.468972749509644848e-01
4.520763968560613244e-01
4.486721803013779541e-01
4.489130456446792650e-01
4.449394942388480989e-01
4.457841118676901804e-01
4.457123142520641457e-01
4.408909003512934688e-01
4.410596480660936569e-01
4.421426339061121924e-01
4.391235441230516012e-01
4.394498684323460691e-01
4.361807083352374770e-01
4.370586235376447415e-01
4.342916369028357870e-01
4.347818085180241154e-01
4.172187691620107830e-01
4.318904979826213575e-01
4.310566147705310880e-01
4.342282646306072635e-01
4.288302083973467571e-01
4.289204088068387377e-01
4.337546825975310272e-01
4.264514229431568548e-01
4.244495721487944739e-01
4.249340301388480068e-01
4.218250349164605617e-01
4.230209535577031943e-01
4.237942753333949208e-01
4.203774956484814251e-01
4.120615599987569877e-01
4.183024533322202698e-01
3.954977457674915819e-01
4.162011816786796992e-01
4.158888362192693644e-01
4.249466392306084361e-01
4.134778258375172988e-01
4.105283888072381315e-01
4.121891636413307358e-01
4.090594035255546435e-01
4.100626442121393933e-01
4.089365376779968142e-01
4.074137847024146830e-01
4.071948307562325842e-01
4.057080761931124435e-01
4.030549976988128669e-01
4.048167519209640575e-01
4.028345221217041749e-01
4.023684275908623320e-01
4.005298031963983041e-01
3.859467237527767769e-01
3.990324057717375972e-01
3.802063814901174843e-01
3.972445030576814973e-01
3.954455534409563322e-01
3.891101992969197010e-01
3.944181197558840890e-01
3.862935766597433429e-01
3.924809656675670722e-01
3.884298718405995721e-01
3.906032922232626214e-01
3.671802938469871935e-01
3.888333151868323401e-01
3.881852238144796186e-01
3.889596515218790018e-01
3.860300402648220164e-01
3.849662329858227205e-01
3.845895829596094884e-01
3.800509778881923650e-01
3.827652934970349197e-01
3.806792323846954762e-01
3.814826612852479926e-01
3.805451737131947954e-01
3.769819541117226946e-01
3.785904982484828429e-01
3.766309615148015211e-01
3.770828393385952659e-01
3.762574856766334186e-01
3.677522108788356947e-01
3.748275108500925268e-01
3.725060730354979865e-01
3.623402071362146759e-01
3.723886054506003740e-01
3.717602227433770556e-01
3.708069519720373908e-01
3.762359610915443908e-01
3.694641003117402622e-01
3.688705030900601423e-01
3.675479384683532080e-01
3.675602516264716568e-01
3.668764932682228030e-01
3.664563771148127702e-01
3.653597831321099831e-01
3.647856042069611004e-01
3.638790790049632462e-01
3.637293513943252177e-01
3.620438955981468698e-01
3.626184954118094050e-01
3.530373601822369700e-01
3.613174563032278686e-01
3.644841122719705284e-01
3.596642246073337712e-01
3.595381128006828186e-01
3.606201205301888257e-01
3.583760700868321991e-01
3.579984043273899408e-01
3.573681931883598284e-01
3.555448071951384237e-01
3.561868123846792522e-01
3.550635740337398927e-01
3.554119010752491703e-01
3.594986777294434388e-01
3.547791267776060908e-01
3.540210409194537444e-01
3.488103890382045491e-01
3.536382938095887773e-01
3.528591209094110170e-01
3.508850537628342425e-01
3.520850241845761008e-01
3.515268626490781201e-01
3.512032762968122501e-01
3.508773006170446407e-01
3.493319082098574890e-01
3.495590662448370134e-01
3.453662413361245909e-01
3.496091412102523277e-01
3.484638502441025354e-01
3.488270943035688965e-01
3.485680425826655493e-01
3.487145922322932301e-01
3.475756366471726144e-01
3.433818996185608596e-01
3.473402184481045873e-01
3.467379404358280071e-01
3.470882777755493476e-01
3.462706269547177196e-01
3.469381363474930979e-01
3.460724615436625573e-01
3.458026666553819517e-01
3.458540972414242409e-01
3.447082913092252565e-01
3.448458405541708349e-01
3.450130482747335026e-01
3.445678722391643523e-01
3.441625555046162743e-01
3.443406601350004204e-01
3.438876362810037168e-01
3.447451643025875034e-01
3.436468652989609907e-01
3.438713225142623897e-01
3.438161483126224161e-01
3.428258038949981157e-01
3.422742303645330830e-01
3.431682330909771594e-01
3.437763868618410878e-01
3.507745489700886954e-01
3.425142457258664175e-01
3.369655611119760641e-01
3.425581134947789375e-01
3.418256924311736666e-01
3.421198840741849767e-01
3.429561358289586748e-01
3.396208232072071564e-01
3.412652084328896551e-01
3.419447394890322567e-01
3.416686282775986405e-01
3.413424275445156586e-01
3.418689296858025140e-01
3.408316601155712555e-01
3.417675810228531508e-01
3.423039504380491760e-01
3.412245868200569632e-01
3.408398169306545711e-01
3.408331958365142245e-01
3.398944268711704964e-01
3.374644648831686133e-01
3.448978305023199242e-01
3.406730271457203418e-01
3.369904038914173783e-01
3.464034053104930733e-01
3.405580011194078160e-01
3.405089758843196091e-01
3.403633355891765855e-01
3.410414536739707070e-01
3.401609271588929562e-01
3.336945473290733877e-01
3.403865854060552643e-01
3.401173358388841494e-01
3.402607726714610425e-01
3.406050849514415946e-01
3.413261818255720614e-01
3.399600072021126129e-01
3.343190144802691277e-01
3.402905860637492341e-01
3.395803401500901431e-01
3.459691460384783368e-01
3.402036550852876040e-01
3.399063322332117054e-01
3.426446565367500252e-01
3.399619119307918380e-01
3.400929413089930353e-01
3.307064882532278483e-01
3.392009983933111372e-01
3.398699366879293082e-01
3.408876850951322313e-01
3.401798937768218956e-01
3.395902902909082033e-01
3.395400206065929405e-01
3.410155890502074572e-01
3.401069243592353963e-01
3.402632316619843555e-01
3.385613184231260342e-01
3.400430136288489225e-01
3.402928819889096124e-01
3.399536171091072645e-01
3.399922550775779651e-01
3.400128069240961892e-01
3.399665607654823174e-01
3.403451497001468429e-01
3.398758410714556866e-01
3.402067492909357505e-01
3.401012978028277733e-01
3.317203790775504757e-01
3.380630452353182713e-01
3.401444646535868865e-01
3.413525883802954186e-01
3.350927910973801049e-01
3.399861927351104374e-01
3.403189603113888628e-01
3.432137456986739665e-01
3.402460753517463909e-01
3.403787214878976064e-01
3.405325215690441221e-01
3.376793717892763724e-01
3.404352546692394621e-01
3.401185274276724013e-01
3.407469299563374299e-01
