1.085079596367332533e+00
1.909050055947639102e+00
4.377064867140182614e+00
4.298279142098416550e+00
4.199264559607192027e+00
4.088009387628644298e+00
3.972698942961969237e+00
3.870957013464448426e+00
3.783477522464909093e+00
3.706232883566180192e+00
3.659560526538165881e+00
3.582957336989814223e+00
3.537407134401042264e+00
3.488290951958407771e+00
3.459494072921784458e+00
3.431038618137472351e+00
3.399335842360947879e+00
3.376305306238005954e+00
3.336406048030640115e+00
3.327672216883338141e+00
3.310156179241616758e+00
3.280639334413391506e+00
3.266307619070816681e+00
3.251976201965230739e+00
3.235258798014172488e+00
3.202850252870689030e+00
3.201205834582006915e+00
3.181876442257679294e+00
3.169702601358042049e+00
3.150595046332568039e+00
3.141616391933954588e+00
3.120139318369747450e+00
3.110768765904110111e+00
3.089517431903045619e+00
3.079815945114290354e+00
3.071526594629373719e+00
3.046476310004770482e+00
3.039277073079220681e+00
3.040241331327165231e+00
3.022558386011598763e+00
3.017941911304831581e+00
2.991677469169323533e+00
2.975832364691722187e+00
2.977122534221186889e+00
2.965597504918566774e+00
2.945742231236669451e+00
2.933082667081019945e+00
2.913976340887312944e+00
2.911092706117155426e+00
2.898327081749057399e+00
2.882447851751681611e+00
2.877378130654116184e+00
2.878061376749905254e+00
2.854991231029508469e+00
2.850382409657346461e+00
2.832785243195836689e+00
2.828788989288926192e+00
2.810085426246808460e+00
2.807020870667807699e+00
2.803281450318117152e+00
2.783731975335677067e+00
2.781144996700398941e+00
2.757961875141073271e+00
2.760073287127033481e+00
2.757158095582203039e+00
2.740585094859016912e+00
2.735904865451776580e+00
2.731703752258333839e+00
2.717286748960539899e+00
2.714623037558069107e+00
2.704876804524741996e+00
2.690725962125496196e+00
2.691048959906325422e+00
2.680195737290581359e+00
2.674411909647417041e+00
2.673729410776760851e+00
2.661510660962925101e+00
2.648968162188331199e+00
2.647546239254785938e+00
2.638900333052881297e+00
2.653408787984020911e+00
2.626395898933136408e+00
2.612997894090162809e+00
2.614517548370475009e+00
2.601057098202083306e+00
2.602460023580768667e+00
2.595968844803288711e+00
2.590054485890422420e+00
2.581887062232657293e+00
2.571295246925726641e+00
2.564383484417107617e+00
2.565458146118434701e+00
2.553769480615557974e+00
2.551322072401297714e+00
2.536243889887631386e+00
2.537895180049775323e+00
2.535514958672735020e+00
2.528694084499749639e+00
2.519412336061158886e+00
2.519604193325541086e+00
2.513036868599607843e+00
2.505065570526077590e+00
2.497687658465537197e+00
2.497437978046978646e+00
2.480440115815015556e+00
2.486023331454163543e+00
2.474940442861371270e+00
2.478201359982735941e+00
2.460595905559139762e+00
2.463587587214651542e+00
2.450089944825042831e+00
2.454766896339128923e+00
2.455261976912913813e+00
2.441896797409161657e+00
2.444701526410600234e+00
2.427139350091762626e+00
2.431433196797298191e+00
2.412800390860877719e+00
2.419325318198836339e+00
2.421635220680383949e+00
2.402255074182716221e+00
2.408350799618208971e+00
2.394434220700707883e+00
2.397690369773101793e+00
2.399710168793584675e+00
2.383942292442842170e+00
2.388061337905003523e+00
2.390306616702865927e+00
2.379599359433720807e+00
2.373026500463302213e+00
2.369935508344712893e+00
2.365443311980230945e+00
2.362031857788132072e+00
2.354151950236339719e+00
2.349364686935465851e+00
2.352511902945624289e+00
2.341733151335332774e+00
2.345385186213623463e+00
2.330608258361251295e+00
2.334719909517188885e+00
2.329144335836579760e+00
2.333838285667152679e+00
2.324968753283062295e+00
2.314824007094169023e+00
2.301093270172598348e+00
2.313420386943002782e+00
2.301009819976809645e+00
2.304728942253179813e+00
2.297533804413351088e+00
2.300666867658396342e+00
2.279442005915863323e+00
2.285007021682218031e+00
2.273760982979679213e+00
2.277451637416227026e+00
2.279924708256731325e+00
2.263193357428181063e+00
2.268864183840731297e+00
2.264760681585691326e+00
2.266630172703971269e+00
2.256193851366140368e+00
2.259204001278012797e+00
2.251018503428185102e+00
2.245278163824024453e+00
2.249317835171592783e+00
2.231454613681382426e+00
2.237196600473411845e+00
2.229889059687734321e+00
2.233484864515144608e+00
2.231072150821103328e+00
2.221636209147149987e+00
2.218444663843318843e+00
2.220067602549037566e+00
2.213069080847120951e+00
2.215809332111644103e+00
2.207148541345039128e+00
2.198678615109028733e+00
2.206394021614686896e+00
2.197418275052682279e+00
2.193530473377634404e+00
2.196151587824787921e+00
2.184365263400263046e+00
2.188421646223478234e+00
2.184487756946730475e+00
2.181680890737972778e+00
2.178364939666976419e+00
2.178937254105840271e+00
2.173729893319779727e+00
2.167012712943988451e+00
2.166134204868654489e+00
2.160914093684749737e+00
2.159013373102995459e+00
2.156958453354199889e+00
2.146481291093798038e+00
2.151046947709063684e+00
2.139932264677295581e+00
2.143461436197443781e+00
2.130131284348862675e+00
2.138101264511859778e+00
2.139404986668968611e+00
2.130459378899316025e+00
2.129142011361358389e+00
2.128382485452779527e+00
2.126533087300538138e+00
2.127309536880404917e+00
2.121237544353229421e+00
2.117250907560387141e+00
2.114826405538619003e+00
2.109802185463903079e+00
2.115516146991059276e+00
2.105433407001394919e+00
2.096179341085291359e+00
2.099636762588446448e+00
2.096515224076301642e+00
2.094430819703721358e+00
2.091509808880316790e+00
2.088938657939749532e+00
2.081804132573884303e+00
2.084193800316562317e+00
2.090570456928699805e+00
2.079812627420797533e+00
2.071438117574757598e+00
2.074894945847738370e+00
2.072873444694402156e+00
2.067449922415493191e+00
2.075651287597402472e+00
2.061768734939053438e+00
2.063847512049583166e+00
2.061086093322189505e+00
2.065474221047289838e+00
2.055839055501762047e+00
2.053851893063873391e+00
2.050457458526094623e+00
2.047295067535432889e+00
2.046331617806925962e+00
2.044493983162107842e+00
2.041416159878268299e+00
2.039295434216119585e+00
2.032773793071561474e+00
2.033774329240013223e+00
2.032443090980030842e+00
2.027108716449721904e+00
2.022680334011076386e+00
2.026375427890866110e+00
2.024963559055231066e+00
2.019539368020545567e+00
2.023165730385765304e+00
2.011287510923321697e+00
2.013052058482945217e+00
2.013602537314394869e+00
2.007338308937535842e+00
2.009036229309200117e+00
2.005584384403213072e+00
2.006118627914251995e+00
2.001856362934328448e+00
1.998058857951825695e+00
1.999106799542240687e+00
1.995451295101541289e+00
1.991777363854305927e+00
1.992941825789572796e+00
1.983897997590528650e+00
1.988523599380469742e+00
1.984773647866223900e+00
1.980242018833834772e+00
1.968484991894110525e+00
1.978224855208791988e+00
1.972743161793116595e+00
1.974685509181433929e+00
1.968647030536189613e+00
1.970368270494578633e+00
1.967412096680250411e+00
1.967838954502233229e+00
1.963492399146365086e+00
1.958335459849111615e+00
1.962111039879974150e+00
1.957846873151615652e+00
1.958148865274698780e+00
1.956204083062089039e+00
1.953815403491478531e+00
1.950542035716949618e+00
1.950544567260164452e+00
1.952788035433586034e+00
1.944683344169931161e+00
1.944685623708337863e+00
1.939572819334882459e+00
1.946054162318909597e+00
1.941758032509110388e+00
1.935171936030422257e+00
1.935793549046763040e+00
1.935860177536867122e+00
1.927152822730080928e+00
1.932355290831032191e+00
1.925206585931662273e+00
1.919208584356445479e+00
1.922007695740042488e+00
1.919642525935356669e+00
1.920321692733243824e+00
1.922554594393050653e+00
1.915535629455785482e+00
1.914904985366977508e+00
1.912072326606969241e+00
