9.372669528627816105e-01
1.275676955839259996e-01
1.917852470810054832e+00
2.019186767565305018e+00
1.819160489100833722e+00
1.657899717459541789e+00
1.525422386597989455e+00
1.412303213051060657e+00
1.315504076986877546e+00
1.233274829103598424e+00
1.166796848903297823e+00
1.101964377764591996e+00
1.050983240304250943e+00
1.003642467364183943e+00
9.644886128647716106e-01
9.176492014775299300e-01
8.947439252409667976e-01
8.664461667120108013e-01
8.358277764917678709e-01
8.128084987075492318e-01
7.696654392120637622e-01
7.660428161885985965e-01
7.484619208268613599e-01
7.225598817859503198e-01
7.108919150609509519e-01
6.959739049848405745e-01
6.768116637863267337e-01
6.665286771576444114e-01
6.456086215978507070e-01
6.397383883729623744e-01
6.301112055843919313e-01
6.145739350705762272e-01
6.087271835392105146e-01
5.856469180782745143e-01
5.871254749274104068e-01
5.821260091826455652e-01
5.673878237559352167e-01
5.628080531152030996e-01
5.591248411333464841e-01
5.472510703533612908e-01
5.418867351776761598e-01
5.392417505479901729e-01
5.337889494390182232e-01
5.238805179131760248e-01
5.217548925678736627e-01
5.099061452094794111e-01
5.075085550928128963e-01
5.061006229624707142e-01
5.013341174356373831e-01
4.986231347355917776e-01
4.897845570877079058e-01
4.737713826313009191e-01
4.807500183805950011e-01
4.779181935608871057e-01
4.681975254070946946e-01
4.717155307946084286e-01
4.635104139880678042e-01
4.644122375884190967e-01
4.499600247323876645e-01
4.564388752401188909e-01
4.680167364232620808e-01
4.488843513201856705e-01
4.486515383729889894e-01
4.283488087210423623e-01
4.409048961210853546e-01
4.400438117570688035e-01
4.271875924517503087e-01
4.341394115176972490e-01
4.327548803642007336e-01
4.241400513115627380e-01
4.275171475941947907e-01
4.288734003501026848e-01
4.160553169856705535e-01
4.116341311244481882e-01
4.183188141454128317e-01
3.963629649908094743e-01
4.137043917725685138e-01
4.131242756115591774e-01
4.091861275120315944e-01
4.085750596285151470e-01
3.955066533242612703e-01
4.060048057874043881e-01
4.013977632551659624e-01
3.998285731777856400e-01
3.967303464671220192e-01
4.081536679714632410e-01
3.980539405816851395e-01
3.956696364432382151e-01
3.948854314743158178e-01
3.944513899710990201e-01
3.916587758128363128e-01
3.895169303187690502e-01
3.767403047749154910e-01
3.891764349489265085e-01
3.875713092349868383e-01
3.804599610050563574e-01
3.852053412329898285e-01
3.843511799569667153e-01
3.872566784279576901e-01
3.823314319047008691e-01
3.742651415717122010e-01
3.799890792946488127e-01
3.771293893806190733e-01
3.785701088865919273e-01
3.747047424699544993e-01
3.761729039371428662e-01
3.729107260977073124e-01
3.749244720041253198e-01
3.739225745556042368e-01
3.712708462864109382e-01
3.721972447326176159e-01
3.704799977780157128e-01
3.702239046631111141e-01
3.592246432891124108e-01
3.689061377521212215e-01
3.673560557144011640e-01
3.659349941043334442e-01
3.663926380135161254e-01
3.571814691096725780e-01
3.641540873970085523e-01
3.632186149513475515e-01
3.628364669703971757e-01
3.593373932835508544e-01
3.618864192635329879e-01
3.602542216903367733e-01
3.551278184883194244e-01
3.596051850988593035e-01
3.587144130465863001e-01
3.556285876931746803e-01
3.561024935521350243e-01
3.525278305615756058e-01
3.555138646194103136e-01
3.474928890950778060e-01
3.537369376569398094e-01
3.387048556270196853e-01
3.525958499005096836e-01
3.517649111552615393e-01
3.498104999333544463e-01
3.504442861471957493e-01
3.491405348328868730e-01
3.483758665541447086e-01
3.484200318806251473e-01
3.370956157013459964e-01
3.467110896809393328e-01
3.462568265622182895e-01
3.282704280609907710e-01
3.449120466733484602e-01
3.433283409368863559e-01
3.418987466061455538e-01
3.427361271854031943e-01
3.362682869078818526e-01
3.415037157663379785e-01
3.401928070251972747e-01
3.395886652719439791e-01
3.395782162206705812e-01
3.378386412792210303e-01
3.374744776866949181e-01
3.445154315943855794e-01
3.366601500350731579e-01
3.348005811555680444e-01
3.315292205714364115e-01
3.347865192821318225e-01
3.288837412070985122e-01
3.327374789542427158e-01
3.321852621771807512e-01
3.362053397270264310e-01
3.279307565014887849e-01
3.309238672429848371e-01
3.264142717999826138e-01
3.329614192568551290e-01
3.289441244183802793e-01
3.159242076896716656e-01
3.274416791657699943e-01
3.260861865669386628e-01
3.258500203466013212e-01
3.263083450775495775e-01
3.257658569188513487e-01
3.239749313862144153e-01
3.271735926710891418e-01
3.212166409903532971e-01
3.223122359274920301e-01
3.209185047494935161e-01
3.197801939413912886e-01
3.215087174801706249e-01
3.197767565294014624e-01
3.120857452740389837e-01
3.196411884086713395e-01
3.081496291278387756e-01
3.178559151667844640e-01
3.177114920300057044e-01
3.177761506610708997e-01
3.155564505612518666e-01
3.152871433897913023e-01
3.160576056603850992e-01
3.154960828307095122e-01
3.155933870006336073e-01
3.146000928504182337e-01
3.020087385955563253e-01
3.140289974353442926e-01
3.126939557229133637e-01
3.127822138369550364e-01
3.129929635723003867e-01
3.059290656832936439e-01
3.130174319369640190e-01
3.113089033090798985e-01
3.110049637956588398e-01
3.100139066331299986e-01
3.103320273334579937e-01
3.101655303154096099e-01
3.089260632836750564e-01
3.092536592603736256e-01
3.085205791513392914e-01
3.088366459424568000e-01
3.079823310886047327e-01
3.059333001225444937e-01
3.074282163534843848e-01
3.062988717976677933e-01
3.067443379896073741e-01
3.061499710258042684e-01
3.057709613893944134e-01
3.047153253218502500e-01
2.955164496232721705e-01
3.048951060887003517e-01
2.909986899157404050e-01
3.039358801029796719e-01
3.037272622058810323e-01
3.027926568357481862e-01
3.011842229921388725e-01
3.028768155910216420e-01
3.026494911303563851e-01
3.021815804473378941e-01
3.024903447651298705e-01
3.015323597385617393e-01
2.995590243825240195e-01
3.011751785940884329e-01
3.001678774354356039e-01
3.001779202219242437e-01
2.959191467238660445e-01
3.001138142298499512e-01
2.993968582158590963e-01
2.968635033817162427e-01
2.999731791914938550e-01
2.984085129829086025e-01
2.984923484464874210e-01
2.978376455632961717e-01
2.937451593897233981e-01
2.974913432258066703e-01
2.960118532074305087e-01
2.941876605430119307e-01
2.964782895027591736e-01
2.961475049588551123e-01
2.960560511801997863e-01
2.943876066248232726e-01
2.947552901266213832e-01
2.867530377324573609e-01
2.948325890335366517e-01
2.906328784225320483e-01
2.942894918459217912e-01
2.943846959546579933e-01
2.936718624671959543e-01
2.923999907756682504e-01
2.930980772115677757e-01
2.923576799281556449e-01
2.922420342476471089e-01
2.914751845775300776e-01
2.918445422250614540e-01
2.920829246720034744e-01
2.920422826521545945e-01
2.917713590622946218e-01
2.889082480158987609e-01
2.909739117407444953e-01
2.884595506216555139e-01
2.890846577944605755e-01
2.900075892650611498e-01
2.903814848211062061e-01
2.896014184778236134e-01
2.892600111990414891e-01
2.897671542115772270e-01
2.878745916678028260e-01
2.893334637841825652e-01
2.892622552333668495e-01
2.888191779895434852e-01
2.895073207390845282e-01
2.884023240871086413e-01
2.875479583078698331e-01
2.871127685861694645e-01
2.875799299795055997e-01
2.878038748578302664e-01
2.836685768537192676e-01
2.865308417809597219e-01
2.844634135037235056e-01
2.865313658940707442e-01
2.864891644886930488e-01
2.861605449732784190e-01
2.861058182060320920e-01
2.853512854913054508e-01
2.855468809168253408e-01
2.816869150520688314e-01
2.856243379615104327e-01
2.877022565203775084e-01
