1.040130906687997792e+00
5.350471056684850124e-01
1.570891242220200157e+00
1.667327469626584735e+00
1.282612266103205334e+00
9.071492670295269178e-01
6.317425489131166527e-01
4.401649766384952978e-01
3.081654225707161077e-01
2.179069227893693228e-01
1.568560615092145227e-01
1.159609523327963104e-01
8.867374050946676134e-02
7.036259480682119372e-02
5.785690183107210227e-02
4.905831440534295929e-02
4.261704191010743520e-02
3.769601490234129187e-02
3.377837678639191571e-02
3.055638096323311584e-02
2.783996623344991289e-02
2.551064793922525401e-02
2.612545175138500375e-02
2.172249857946726564e-02
1.893440332631001616e-02
1.852119591212582350e-02
1.728277079138024197e-02
1.624386884184936611e-02
1.506327888674586710e-02
1.524313668743702832e-02
1.314188321529923854e-02
1.310917485262464051e-02
1.146659754602048081e-02
1.083523678986905714e-02
1.095560211433599038e-02
9.418643372646740702e-03
8.888753049754710006e-03
6.253178483624947243e-03
7.712511707371358556e-03
7.245844171651440006e-03
6.757441227711933826e-03
6.350265785396684223e-03
7.078698171108171490e-03
5.469806402734278886e-03
7.475160271556599914e-03
4.662809329297967764e-03
4.451276986229732099e-03
3.221062699461622533e-03
4.093589351656992496e-03
3.427546597773186484e-03
2.253008576323138872e-03
3.422374544396107349e-03
2.572332858155170279e-03
1.557647762717388707e-03
2.459355297982525248e-03
2.580213334983233030e-03
4.290539057449844693e-03
6.317752985818325673e-03
1.864391048631347829e-03
2.305797956014960827e-03
9.280671258015409271e-04
1.406135652065041916e-03
3.605899901149601204e-03
1.249964474424066982e-03
5.419677143699970457e-04
1.071087009294247527e-03
1.207937498762792598e-02
9.379652139768139378e-04
9.787844247991733890e-04
8.587429082656069428e-04
9.179106555635789793e-04
1.469235673077587531e-03
1.868932773334166251e-03
7.989146347062410849e-04
1.030053792273969478e-03
5.621610600716240398e-04
5.257129870045483067e-04
9.531496556513088846e-04
5.555722942594538798e-04
8.710340495997953222e-04
2.482488988866298017e-03
5.126369506853311470e-04
8.850904595799742808e-04
5.294396285371234280e-04
4.168358174248909184e-03
4.418156596591799523e-04
4.625712073659549737e-04
4.048149717926517732e-03
2.870256379948099199e-04
7.742254265254412899e-04
3.941729477324113114e-03
1.250206104672912282e-03
9.181587775771541142e-04
2.997159387563924854e-04
5.690571702846064939e-04
8.243056557756184895e-04
2.465335904024711132e-04
2.715888654463490958e-04
2.747785766062281953e-04
2.945515283389640426e-04
9.063782345207779074e-04
9.615758509291230573e-04
2.639634225067598642e-04
2.249144343589791831e-03
2.548177793505526905e-04
1.154714310866095930e-03
2.291937616571359474e-04
1.098983604920431229e-03
3.177783268877807927e-04
7.678074819145946179e-04
5.925597223928088641e-04
2.094278233709954203e-04
2.235856954630503594e-03
6.892217634398184771e-04
1.249309877059714448e-03
1.970118717892726905e-04
2.263842388489227617e-03
2.004340071680671236e-03
1.745275551935064184e-03
2.800481586894985365e-03
1.357796930245785223e-03
2.537057885957412907e-04
7.392091454022521992e-04
1.265645334207328833e-03
1.811554966590146244e-04
2.139114263418386615e-03
3.666153878228057563e-04
1.746113815216769074e-04
4.292626134677248427e-03
1.829023810234962064e-04
2.098746401428283267e-03
5.240432714954394028e-03
4.955764998579865587e-04
1.700117974791593377e-04
2.860563625334965228e-04
3.091367058827526430e-04
1.854562746165954899e-04
1.585058360821919952e-03
2.451029018941563130e-03
1.714694980103180911e-04
2.212210389884349730e-04
3.232054090159114921e-04
1.481466036166579790e-03
1.916859983205912660e-04
4.813252464316878851e-04
5.049150390152676304e-03
2.507568216420797682e-04
1.733202857556722721e-04
5.147818553475987016e-04
2.489609362753463710e-04
1.033746418217485049e-03
8.132256566390140985e-04
4.230262366323970114e-04
3.218804654586395961e-04
3.139036674675716441e-04
2.196242389310263006e-04
5.638929284495227496e-04
2.033982329989932611e-04
1.921319791987229596e-03
2.477599645670934179e-04
3.279845226412025287e-04
2.082555872284378503e-04
9.967909835800871712e-04
6.760681348848940992e-04
2.694767618289767731e-03
2.412767892748766962e-04
2.326010837978685023e-03
7.424176872144498326e-04
3.764414169842758128e-04
2.115684034122702819e-04
1.265461765950693165e-02
2.442617392913611594e-04
1.303579145515110834e-03
8.127052762584916065e-04
1.810632140701588571e-03
2.139793477628218140e-04
3.525875143023775586e-04
3.140727815575373137e-04
6.437317764995849345e-04
5.504998437327792565e-03
6.076939702072907791e-04
1.634085152061902965e-04
7.262026280703292626e-04
2.522705377484723687e-03
6.273848662552522449e-04
2.270004326471200225e-04
2.171011108688696207e-04
1.891398628107867177e-04
2.146610843852166659e-04
1.210006561872182477e-03
2.059489018658430880e-04
2.044903750248970305e-04
7.534316576270165804e-04
1.658586567860415517e-04
4.991831704532726389e-04
1.952345200226064323e-04
6.406184368876162785e-04
2.033543912096370506e-04
5.745339103193794570e-04
1.135053130127894674e-02
2.439032414575063184e-04
3.719432101716621183e-03
1.751004218002038962e-04
9.810702578478913780e-04
2.773603043679467948e-04
1.935699387267741998e-04
3.130483042976741508e-04
1.902921087589373218e-04
2.171057426087731016e-04
2.039929208393520977e-04
1.822153249437526807e-04
5.599252165532444831e-04
2.032248683369297898e-04
2.792552534644278947e-04
2.308346251489303089e-04
3.555254692024223937e-04
1.866290361419308159e-04
2.195397481433061359e-03
5.531997614235174311e-04
7.394764385919500201e-03
2.272566611982661765e-04
6.362701607500102861e-04
6.023203269630827408e-04
4.591367754491984358e-03
1.891033758250476051e-04
4.541848593152591411e-04
1.505494037882278277e-04
3.267658204815386547e-03
5.654759676368142788e-04
7.365599738817079365e-04
1.797080465857909648e-04
2.972472058236757522e-04
9.497188358021166690e-03
2.229975992424968574e-04
4.068760240821320609e-03
1.960620152962461431e-04
1.358096790117471709e-03
2.150192530660814054e-04
9.580649152040933772e-03
1.379533213382322127e-04
5.997670201892095357e-04
1.984193581207781482e-04
4.600440435560947680e-04
1.819293107499474747e-04
4.286530748340650933e-03
1.611413947274108129e-04
1.416574843742918503e-03
1.907171914151465340e-04
2.497710526077078809e-04
3.933083650167363827e-04
1.471324168908366226e-03
9.713320363164437655e-04
4.970646790615990216e-04
3.125025707250761778e-04
4.239632181266530554e-03
7.686181827083852190e-03
1.669661164790224453e-03
2.941921969953356034e-04
1.893410718362573901e-04
1.833859758875039598e-03
1.442610183826498063e-03
1.284800254649615906e-04
1.019519746725249540e-03
3.062225324338579448e-04
5.301763527869004285e-04
3.896538352901341025e-04
1.399188329955558584e-04
3.326916114825891491e-04
1.316261205873903368e-04
3.452064785234197457e-03
2.086708539599877853e-03
2.899746428322814095e-04
4.004166887484573111e-04
2.047940147942691131e-04
5.488783460792863618e-03
1.418975222162296101e-04
3.151863594048530067e-04
3.100511349123394930e-03
4.240350788831653145e-03
2.202076904991070170e-04
5.953427383227368310e-04
2.678224769592542354e-03
1.756456803194440526e-04
3.520147338016140848e-04
7.502890996645627045e-03
2.522128465363702218e-04
6.387273999289002843e-04
3.063154051820012698e-04
3.658975901729677438e-04
2.268925847938480260e-04
3.179725547567130851e-04
2.099300142386075711e-04
3.253842157899484782e-04
1.853797808250183597e-04
4.789685318238385745e-04
3.364172148536943505e-03
2.516556430017115320e-03
5.070056266335714636e-04
5.054013993607627160e-04
3.311498347220834292e-04
