9.262252595515201303e-01
5.217891569819986808e-01
1.697478155031153069e+00
1.378897613599273209e+00
7.025199091713525412e-01
3.522851837112944695e-01
1.938960384956336103e-01
1.188359227942773627e-01
7.954305906930055070e-02
5.651397308342921005e-02
4.139699211586841954e-02
3.046803997580195197e-02
2.205023340293102777e-02
1.539324716150236236e-02
1.014880989176447645e-02
6.136391086258317050e-03
3.280653395747031627e-03
1.634282787416335182e-03
1.424323133414419178e-03
1.576077016403017346e-03
2.385544167524880545e-03
3.117707329110969757e-03
2.777779430222099451e-03
2.570925579072748032e-03
2.802256110542927607e-03
2.824751446316695318e-03
2.675643055191708527e-03
1.915892702676329001e-03
2.512037422273035933e-03
2.824707250789385438e-03
2.341672518222272324e-03
2.317330947234390575e-03
2.218978486349845302e-03
1.103266470320344401e-03
3.597154914814727419e-03
2.200823710708587223e-03
1.809011407252019777e-03
2.069610470548706709e-03
2.131480494322435682e-03
1.857268274693427102e-03
9.196094382779882587e-03
2.099015692504284467e-03
2.751315411055910935e-03
1.896389155784938396e-03
1.994526435262890772e-03
1.441923902746960204e-03
1.722232753550686666e-03
2.272224865409922315e-03
1.718076050215432485e-02
2.329759979933325714e-03
2.401759645768506216e-03
2.171573070084873228e-03
7.395135221689174559e-03
1.956491765906056765e-03
2.588024022058793994e-03
1.768429081723544346e-03
1.880492978313298745e-03
5.522270808579261836e-03
2.985318769539700885e-03
4.326310358071270429e-03
1.960322266083743166e-03
1.164397070665974636e-02
8.848815478441223598e-03
2.373700710423063982e-03
1.946308854101094429e-03
2.841898343721581399e-03
2.738901687794262699e-03
7.270269430000732280e-03
1.156398912351913090e-02
2.941502189006375573e-03
6.086597965863376272e-03
1.957102067501374342e-03
1.369377436814628269e-03
1.681294259205642037e-03
1.107049468320113516e-03
1.806547421693365917e-03
2.286471883457194976e-03
2.785199480060853404e-03
1.070069786363632078e-02
5.039910482211755645e-03
1.593206996147564832e-03
1.394621701527401893e-03
1.162942219256464255e-03
1.406874599792180998e-03
1.214146533704117291e-03
3.039399615462186777e-03
2.972634492231614016e-03
3.345251850978686863e-03
3.114491152348448574e-03
8.824066702600021767e-03
1.368145745258001877e-03
7.336183611832743784e-04
8.619743306501222429e-04
1.975543894551761836e-03
1.128439854180855913e-02
1.205993666543636513e-03
6.682355053761528281e-03
1.264365291240434914e-03
1.313750625074717711e-03
1.236948367844529660e-03
6.834472478484203070e-03
1.499690568296269556e-03
6.494099358453432657e-04
9.404329177504031773e-04
1.379007695621740567e-03
2.228992510985660855e-03
8.678034811193998527e-04
1.126262699098681125e-03
4.149992821882471502e-04
2.202125654755649527e-03
3.756464806086964696e-03
1.319676666066408720e-03
6.278908884771105051e-03
6.890182555652174350e-04
2.371098180241500413e-03
1.101008609183985265e-03
1.259194880557438318e-03
2.396754925645893774e-03
1.196295467873492767e-03
1.643235661479653656e-03
7.747987479436475996e-04
6.772819240801211888e-04
1.063778707753467410e-03
1.599093804682188286e-03
2.662846485732684506e-03
1.118805225314878794e-03
5.306164498155503326e-03
4.900270335056757486e-03
7.939114544694794197e-04
3.763443693681682405e-03
1.222121936758921142e-03
9.331391198429154696e-03
2.822945665734052402e-03
8.389613300014362937e-03
1.386472702296435338e-03
1.160346281165977253e-03
6.525031962448807213e-04
3.789757237788200957e-03
2.407598648000644893e-04
3.346854813777818587e-04
2.148315333095240822e-04
2.597796620768363235e-03
5.748067584518520758e-04
8.014606887041791222e-04
2.838582785798723050e-03
1.428318022912644907e-03
2.709762784624398114e-03
1.535929367430481553e-03
6.557034889261534631e-04
1.987904783471644088e-04
3.500749823838700757e-04
4.254653766887150847e-04
4.882932225930568942e-03
1.142632533752759852e-03
1.154319183111629515e-04
8.574901418389035013e-04
1.153291299023785469e-04
5.928964723230766834e-04
7.127679704336127011e-04
8.224862671643385975e-04
1.663605539655830406e-04
8.703334691463323952e-04
6.925642369217589094e-04
2.631172523696581524e-03
1.081834456832685490e-02
2.889396392683600719e-03
1.118014575967896064e-03
2.786476648801397560e-03
1.674015422114777483e-04
1.477369090985307908e-03
1.259323626824666463e-04
4.496521467620486455e-03
2.340997021568070723e-03
1.540143046790063417e-04
3.558883963121717785e-04
9.046590649773891780e-04
2.717128759919555311e-03
4.246562036707731531e-04
6.072435104135311427e-04
3.270886891962766427e-03
2.035940477695633889e-03
6.284484655120864578e-03
7.459598052304539616e-04
4.474383656517414505e-04
2.230495349202330987e-03
6.156571548160096529e-04
3.315601552964683209e-03
1.796293805931649130e-03
7.838553234761791878e-04
1.800804501864424617e-03
1.021620099077753807e-03
3.450360978167193592e-04
8.915241299478805651e-04
5.608212387424180850e-03
8.251297833638816500e-04
4.336973252587505642e-03
8.238829709448553971e-04
1.351131701302023171e-03
1.602446620364874914e-03
1.086840573118379736e-03
3.815121869933554757e-03
3.848452880056593174e-03
4.485495766301896329e-04
1.396098364299903092e-03
2.404532392225163830e-03
3.397432114343042989e-03
4.881648986384148447e-04
3.855589572293403183e-04
3.494047255811810661e-04
6.474942314485402153e-04
7.887057390343780788e-04
1.488568739526155817e-03
1.595445835737902950e-03
6.704413267870543668e-03
1.175776034450384507e-03
5.255610773962240620e-03
1.139132639982248568e-03
3.868492799118553407e-04
1.050588234342538299e-03
2.595739346502317518e-04
9.735371693032085104e-04
4.812318293115907739e-03
1.263537366095446183e-03
8.027952304427368605e-04
1.399163971101381743e-03
5.387504621565496329e-04
1.483347459761101030e-03
1.510677445966258697e-03
5.085539225305982670e-04
7.125988293715580270e-04
1.229496038419560780e-03
1.554752201428920592e-03
6.351406296410790422e-04
1.725272287424557379e-03
8.219402625245840564e-04
3.409804200345586695e-03
3.837578365019528618e-04
5.128076995978851551e-04
9.365822701775410779e-04
1.418017230888487948e-03
9.641681517095973064e-04
2.562671289657435063e-03
5.556845346338652562e-04
7.549001401326351770e-04
6.312769136116213112e-04
4.987405759364862100e-03
5.806310787219115489e-04
6.961708002941419072e-04
6.535539455871203999e-04
4.798537041959222518e-04
9.825102575757051464e-04
1.650609805448811744e-03
3.939503110238673131e-04
5.724084152978458620e-04
8.205465777894237417e-04
5.940791166135861532e-04
2.975001661518515868e-03
1.428933656930721479e-03
5.170223561498811906e-04
5.316103867884026989e-04
1.330067545599456121e-03
6.642592705142965834e-03
1.536545400193544591e-03
5.591605020928802454e-04
5.946521175997899165e-04
4.319074320491403168e-04
9.778082907519907753e-04
3.579691228972060359e-03
6.306981293642871435e-04
3.654886149208056486e-04
2.441368440081238020e-04
6.171057080745037150e-04
3.000881204158888094e-03
9.403054572032853260e-04
3.192782438571744588e-04
7.122733697239216465e-04
1.129308047906473801e-03
8.275987059425614877e-04
2.888406675049543654e-04
4.565852279024872236e-03
7.133993952122863772e-04
5.988167137285176468e-04
1.180226358007401867e-03
5.710256117359703261e-04
5.883907577004906164e-04
2.818332530949160071e-04
8.717703678065004359e-04
1.217485257842185024e-03
1.434544299450350637e-03
5.436149529561519131e-04
3.438501684682926840e-04
1.031021584119882692e-03
5.369640013103740275e-04
1.009814865849272209e-03
1.138476409314171560e-03
1.966690440373240582e-03
7.812390445995346560e-04
4.854672246623698223e-04
7.249989540511678470e-04
1.644702643388432865e-03
