8.284592296938418921e-01
5.713494203772687685e-01
1.724486766889235634e+00
1.713963315038804724e+00
1.192602253301995985e+00
7.872729319880340526e-01
5.193204964685598224e-01
3.428157849991826378e-01
2.266437528749615515e-01
1.496990090904692094e-01
9.784580249557367493e-02
6.247824474289923741e-02
3.886440352836732087e-02
2.402412741865498497e-02
1.537500526807381723e-02
1.064261806799528774e-02
7.379723192790852218e-03
6.862768390805144315e-03
6.344841083783094547e-03
9.502735959793716727e-03
5.270415532104780892e-03
4.754935862654125281e-03
7.092760914209659401e-03
4.393232819299008364e-03
6.381982641599053853e-03
3.776098721712867288e-03
6.379601072632793378e-03
3.229645104092673021e-03
1.162164860284458506e-02
2.882409173148956817e-03
2.623446632047304883e-03
2.293590829391167589e-03
2.357310962747648144e-03
1.468030152573663281e-03
1.888275260090750392e-03
2.131778718005657505e-03
1.583130163990958267e-03
1.369670772805815784e-03
3.449602489016216807e-03
1.237785056979250238e-03
1.823122793794100700e-03
1.075998836308610356e-03
1.841865528257371262e-03
1.711287500267086358e-03
6.451092465737395115e-03
4.587500414948166537e-03
9.001579528987632131e-04
8.535133677295673625e-04
1.326601643612669622e-03
3.244852007015829650e-03
1.412532082962258571e-03
3.216375685176357541e-03
4.679165463617624213e-03
8.587015352748384681e-04
6.630758072062939434e-03
1.395991241853478983e-02
3.691378725167004937e-03
6.621265073919875522e-04
1.686625452515308835e-02
3.841213002540816521e-04
3.902321715291428780e-03
1.344104366540312644e-02
5.779996702787255827e-04
5.812778649254381810e-04
1.242250081204475387e-02
1.500906208720455791e-02
1.094617909605573791e-03
2.448279513802346409e-03
9.897287487156418342e-04
1.002004767129246673e-02
8.888254686302619716e-04
6.573221246530993721e-04
7.705655031925507433e-04
1.316126205228830169e-03
4.406289020899906888e-04
1.749788620460029660e-03
9.120253245460062906e-04
2.509835981334228045e-03
5.828702664914398989e-04
1.722342347827366879e-02
5.596792026677524729e-04
2.723809204106751678e-03
7.825848198689066117e-04
3.249930189488530168e-03
1.481008281114793140e-03
3.932043622797099999e-03
7.028528165293204070e-04
7.256551277130563480e-04
2.708712044039177525e-03
1.296553738547714290e-03
1.012889157939402332e-02
7.395072362829361754e-04
9.057802525296428315e-04
4.240648933905714554e-03
1.508430370933752087e-03
1.212427355994150427e-02
7.037201505778991261e-04
5.371569218835380456e-04
7.790199741140776393e-04
8.286066457237195940e-03
5.660249691399745625e-03
2.679882666195318713e-03
1.281291636815208796e-03
1.298404883371563146e-03
8.891416638381900153e-04
2.999945439331272272e-03
2.797057796986996293e-03
1.457394662261087210e-03
1.041724058991168669e-03
7.901918390429999925e-04
1.451361422124303148e-03
9.598712559103446179e-04
6.247202629973599422e-04
8.912204856782222169e-04
5.389509111299711211e-04
2.374905208601535422e-03
1.070181680105001306e-03
1.139191597613394653e-03
8.888857727463344346e-04
2.734710712443242427e-03
1.030481071712913794e-03
1.214562384254251962e-02
8.064615975432227633e-04
7.376359247689113444e-04
1.117799841371490540e-03
9.239419808239561884e-04
3.435784097191488251e-03
1.415174807229592794e-03
4.013608735598745759e-04
4.472786392816429312e-04
3.148908353370776392e-03
4.505119894069885321e-04
1.120771040991968767e-02
3.056441643469543835e-04
1.451568850565428288e-03
2.726051913691115124e-03
1.274785440229034283e-03
6.917962687081217164e-03
1.489969821519627775e-03
1.197290874775789942e-03
1.390739007002127822e-03
3.656024816646860284e-03
5.576213257282826991e-03
2.943489622483720040e-03
6.857746331463629181e-04
2.221357572308290795e-03
4.652411082035024133e-03
4.501553044544951863e-04
1.492520016167170251e-03
3.759818367814808616e-04
5.621428448321098273e-04
5.163002678254221319e-04
6.328670282330344649e-04
1.526365913231977249e-03
3.548234034045635930e-04
6.295519882529336357e-03
1.041184364855100462e-03
1.252039279987137571e-03
3.125472051107363257e-04
6.089883525844432162e-03
2.200938044175119665e-03
4.707076871605501999e-04
4.815925014319850516e-04
2.310139839641000507e-03
4.297987846509791592e-03
7.380875405190205022e-04
3.987892921376249970e-04
6.488227123075074277e-04
1.610807267505642328e-03
3.530344625691138587e-03
1.190134898221079790e-03
1.185660562613656890e-03
1.736692622575896348e-04
2.667355911021129788e-03
1.236255335499189967e-03
1.598095961094422044e-03
2.451601059263838062e-03
3.838916926348741147e-03
5.848328760508392232e-03
5.478391545464139124e-04
4.267753890756488750e-04
5.117259348263607276e-04
1.017408425521503477e-03
3.122952024586042423e-03
9.060287614652698732e-03
9.526149889290678238e-04
1.179370483830460186e-03
2.252318303655830684e-04
5.765337545991897246e-04
5.418516794520909308e-04
3.376259102526023639e-03
6.875525640443055746e-03
2.832062884771569151e-04
8.235870535301770094e-04
3.819230379169639110e-03
2.037304557943260801e-03
3.642686675013888007e-04
5.734616592494631154e-04
1.447902255795439994e-03
1.552108217605062184e-03
8.662747095296467270e-04
2.165675067238517423e-03
2.751146031130007746e-03
1.004857490357559521e-03
8.668930728316578960e-04
1.101602727757708617e-03
1.309470712047943689e-03
1.297698511280650374e-04
6.764147375380159984e-03
6.915265077171895043e-04
2.046831995088900426e-03
1.282000121559926991e-03
3.178882736337793210e-04
3.746821310693846090e-04
6.187003097282876363e-04
7.363829705259341933e-04
2.534244335112429726e-03
5.260220754415505890e-04
1.801563775938065052e-03
6.121001085843451317e-03
5.625465568036645998e-03
5.129290689904184887e-04
2.945366051228805095e-03
8.665863358903506952e-03
1.072029905386950475e-03
7.868017566688517662e-04
2.575336200216292015e-04
1.106002541831946524e-03
6.613749530547304587e-04
6.205592992891754934e-04
1.478976881974055973e-03
1.114442632167912195e-03
6.396088451295846473e-04
1.082047264681635377e-03
3.527934416511357561e-04
5.945589090838940141e-04
3.441908787893986415e-04
2.543023082027755840e-03
6.912606312458911351e-04
3.948528342017910281e-03
3.363293489934473255e-04
4.472093346587093887e-04
3.912298983568701996e-03
2.302889355645451478e-04
1.247670366491414676e-03
1.419549973258939788e-03
2.264285415203136191e-03
3.301718560617744537e-04
1.037738233739418084e-03
3.267189949630308621e-03
3.477697300199145787e-04
1.554405268096634325e-03
5.028226170706342731e-04
1.626527573558868593e-03
1.504680607016977908e-03
5.084951744408562667e-04
4.626565701726372340e-03
1.290613036847459462e-03
2.273201439219379918e-03
8.287044013752833645e-04
4.526084072460156245e-04
1.036435106770557286e-03
1.327566348852874181e-03
2.345884655276901220e-03
1.940277697133003035e-03
2.170949428745308496e-03
7.581405410566813665e-04
2.154878430240388717e-03
1.745906944226435298e-03
1.141444719950291580e-03
8.027134558555241561e-04
1.070728405766022519e-03
2.700400812175460935e-03
2.676659647666630899e-03
3.210279617046840291e-04
8.222058116810740305e-04
3.596628825268407582e-03
8.296740120368555332e-04
1.893533032928145215e-03
7.425515165062841804e-04
2.257673635640328538e-03
2.576004301875877821e-03
3.513857612620973053e-03
7.889267369177345316e-04
5.891348824129746678e-04
5.887967333000397683e-04
6.753087390767246317e-04
2.200833971979644470e-04
8.457388358123032242e-04
1.751022413223304180e-03
2.077546007199529594e-03
4.221519214084356111e-03
3.997875561372286348e-04
3.673546737013920569e-04
3.643529614421492802e-04
2.022459421613879548e-03
6.355304028539950773e-03
1.780792126372381969e-03
2.558920493960414357e-03
2.267239731597257054e-03
