1.046780281018084402e+00
2.021607749832073253e+00
3.201340362852942434e+00
3.930415150947254244e+00
1.892368634032438157e+00
2.459615926400364749e+00
2.792384543422496090e+00
3.092699910425540821e+00
3.326953574490179921e+00
3.490100913417390149e+00
3.613044390300407471e+00
3.702591839678445851e+00
3.804328236906033833e+00
3.886693432556508565e+00
3.600094109807441267e+00
4.077874728954818728e+00
3.979582936354872480e+00
3.782092800569754054e+00
3.605323604168130025e+00
3.436880686381777128e+00
3.234150821152043331e+00
3.064007270032637731e+00
2.890060773381688541e+00
2.712222437397207919e+00
2.545853162385864010e+00
2.414644648136513805e+00
2.250356078919755642e+00
2.063602987634716612e+00
1.915484518463061558e+00
1.840812752699868327e+00
1.629498193649365767e+00
1.462719240416984423e+00
1.376516686310127024e+00
1.292902797912960366e+00
1.145524464125703412e+00
1.057455074680151430e+00
9.623067614892926169e-01
8.847671878278506874e-01
7.972958360037653014e-01
7.299658957231817125e-01
6.692508203951730295e-01
6.219340246509897918e-01
5.406206063829037678e-01
5.233749814362288477e-01
4.781115790671346399e-01
4.680026767249496067e-01
3.464649657708367414e-01
4.282273991753173803e-01
3.759736033118953324e-01
3.982879248024043251e-01
3.516145577092846808e-01
3.205169299876410860e-01
3.321059758696284780e-01
3.172991668919620256e-01
3.031246938572166316e-01
2.713947124632168917e-01
3.115685346451778082e-01
3.176736804490644661e-01
2.934685932750144555e-01
3.087487415449292061e-01
2.842079405663558433e-01
2.887751887239364823e-01
2.836346265909278630e-01
2.871233578480559823e-01
2.831983972874445032e-01
2.743411835956182654e-01
3.535284885916332165e-01
2.736088981909459705e-01
3.715992362826181505e-01
2.876457223148164988e-01
2.545513295287535338e-01
2.681633199040185378e-01
2.784689255762903826e-01
2.764141252042852104e-01
2.721271750919614929e-01
2.714133576716249996e-01
2.726783265736672512e-01
2.655885742823032580e-01
2.662653785155622566e-01
2.705331062959734911e-01
2.201709637974147149e-01
2.459095854904856659e-01
2.391513765877029130e-01
2.763785533494980129e-01
2.748816729582150287e-01
2.913656141247045750e-01
3.383554971963635416e-01
2.816747421354451886e-01
2.163350528988913224e-01
2.604186467744267208e-01
2.458991748663392762e-01
2.685960289852878935e-01
2.686601657237940310e-01
2.553999876604930441e-01
2.587165905685543943e-01
2.424571441871770927e-01
2.379385479437807482e-01
2.496318167223414430e-01
2.448714993970179943e-01
2.365052499203056935e-01
2.379575833422632181e-01
2.486930985534826222e-01
2.745341018540271016e-01
2.517617529339734039e-01
2.561524590938470958e-01
2.488432039197141510e-01
2.747844048472759537e-01
2.575061134605896029e-01
2.364728276656885009e-01
2.347833771009131820e-01
2.209855407917863390e-01
2.541321419513090651e-01
2.740428771072442871e-01
2.324604415538114033e-01
2.395941976623309766e-01
2.475326841026950497e-01
2.585783196254304306e-01
2.279976476651267292e-01
2.361586631787364610e-01
2.324892388927685682e-01
2.790564064466204419e-01
2.279867215743961451e-01
2.124858521665945466e-01
2.267007022257848670e-01
2.314259812944877703e-01
2.726674362226814696e-01
2.453279364122734618e-01
2.210869887422355351e-01
2.174478578428828413e-01
2.200713244020007231e-01
2.217528754220546017e-01
2.360341322739939740e-01
2.118816950761335804e-01
2.164339611079376946e-01
2.240907864775080749e-01
2.157381523853766081e-01
2.242375585724108444e-01
2.105599626124119439e-01
2.096202487244959167e-01
2.215793833988264627e-01
2.240482572318566457e-01
2.031829357216961840e-01
2.093936431348584482e-01
2.020004288486361155e-01
2.133754542479622540e-01
1.989031539444293673e-01
2.297895457577281420e-01
2.045720106498396529e-01
2.384851655669348869e-01
2.029764537681870429e-01
2.077192324325115025e-01
2.068312458039952006e-01
2.015845994139053299e-01
1.949178909430072659e-01
2.032317330364296626e-01
1.960723331424620020e-01
1.868059883611995209e-01
1.894844524477258263e-01
2.039305581148795621e-01
1.887299001804574050e-01
1.809597261015795100e-01
1.870404726201691514e-01
1.752565610231219539e-01
1.821328122768393065e-01
1.747033107245687111e-01
1.715493028191494573e-01
1.984824936279093732e-01
1.612479789167662325e-01
1.603138025059317739e-01
1.617785574949640592e-01
1.621016296106893573e-01
1.548173393197968817e-01
1.502358180637053675e-01
1.649246120016262529e-01
1.488219804932762180e-01
1.422669551312742142e-01
1.580783676887841105e-01
1.396420082875670932e-01
1.363108782607150848e-01
1.325001463054012174e-01
1.537655142648539364e-01
1.282808440062369604e-01
1.315800164213322965e-01
1.321612989747912859e-01
1.273032402145332920e-01
1.199860105813729955e-01
1.230210059899749797e-01
1.217872898259197284e-01
1.204561714637513437e-01
1.240254250730390140e-01
1.435748073496443955e-01
1.210957009141865881e-01
1.196668741194771429e-01
1.233361283554073734e-01
1.151205642367297000e-01
1.150973398159463451e-01
1.157939500476098671e-01
1.167314669025118767e-01
1.150862906130749319e-01
1.150388846712339375e-01
1.151906604347353175e-01
1.122736336968809950e-01
1.137214448238258874e-01
1.125252663903576616e-01
1.139408910049142382e-01
1.119642838771461174e-01
1.119112798168084150e-01
1.127762444557004612e-01
1.134578409141313027e-01
1.127072727915340994e-01
1.127230840369890380e-01
1.136268351372602958e-01
1.130371741834534510e-01
1.132084298136595557e-01
1.114480248601649459e-01
1.164175927193010496e-01
1.187938963944920462e-01
1.115504660193343267e-01
1.120650160127268230e-01
1.111878786484598314e-01
1.114855833686390074e-01
1.184977223877006353e-01
1.099916066646943191e-01
1.113150487148472784e-01
1.111174194595178216e-01
1.140112553881844487e-01
1.201390392368432425e-01
1.094339536642878197e-01
1.136954056223697940e-01
1.093345012788586035e-01
1.095203804666939063e-01
1.102644665035777960e-01
1.096099082786574919e-01
1.106209158285886562e-01
1.121645918884987825e-01
1.106782215900469213e-01
1.111425161525029237e-01
1.249488079403727192e-01
1.120378746592384234e-01
1.102848077453944531e-01
1.101423753898317232e-01
1.113361605498338902e-01
2.916110929898727555e-01
1.343269611102975158e-01
1.258952555991831312e-01
1.050566806358109867e-01
1.014500097551972735e-01
1.008286902243971384e-01
1.191127843642913881e-01
1.074480632312026229e-01
1.054780305595118678e-01
9.680438557763752783e-02
1.086572347765358548e-01
1.109716169744086461e-01
2.182642556851897842e-01
4.090631777397371049e-01
4.491207297451141334e-01
3.740560700421994844e-01
2.980054083815671939e-01
2.453775466237258784e-01
2.514205828376414598e-01
2.171194988280374383e-01
1.647678603119235863e-01
1.831536826101195503e-01
1.584972371313128903e-01
1.228788722676239648e-01
9.895978105395757118e-02
9.533263530624488946e-02
1.462059727274883647e-01
4.446198721987362767e-02
6.039938011986555055e-02
2.347145241502360605e-02
1.089362282190131370e-01
6.452554018781898881e-02
5.701010947235227166e-02
7.590436592702178020e-02
7.887757785294148560e-02
8.371448806146952748e-02
1.125819780950432364e-01
8.405449005588279399e-02
1.352336579602057276e-01
5.978726036443534481e-02
7.815331242936932044e-02
7.330026555255382548e-02
6.330053060898342687e-02
1.265742182715350606e-01
6.852488346234983374e-02
4.861243832682839161e-02
1.311030766444801487e-01
5.120887908300237462e-02
5.263699733865972313e-02
8.196766967093872813e-02
6.387217035968588419e-02
5.002003679354933424e-02
7.694389410672146379e-02
8.201486351091856475e-02
4.137134328142967610e-02
7.906945812677551588e-02
6.733426487452107145e-02
1.090071313865223906e-01
