1.044284414221996471e+00
1.066481862179657458e+00
6.236605219062290928e+00
8.122039266866178053e+00
7.815960649840628882e+00
7.242968950696996977e+00
6.665314126881700219e+00
6.265075984058941394e+00
5.751667676323342526e+00
5.238189434040483761e+00
4.835878025677825320e+00
4.444837037366344390e+00
4.039078954753671624e+00
3.801332110069619574e+00
3.512039489673134618e+00
3.177270233934517130e+00
2.950056267481749206e+00
2.829306882978071425e+00
2.588913318310040346e+00
2.422120359928232602e+00
2.242160520181137873e+00
2.046639900300045500e+00
1.857960972458851279e+00
1.765911883471851462e+00
1.627457471829330427e+00
1.506353273556373384e+00
1.290959917794487488e+00
1.294851669525078020e+00
1.243287456716059891e+00
1.127454430416153341e+00
1.163404641746223600e+00
9.720321043232967861e-01
9.781925774996944600e-01
9.643798430644944242e-01
8.894010167859366378e-01
7.089361106107577859e-01
8.135523938288616863e-01
6.945841991736330101e-01
5.233649675264978596e-01
5.253431736874288882e-01
5.192718232626325481e-01
6.670537198072477025e-01
4.430113050918068063e-01
4.455613002253664412e-01
3.608839246908646103e-01
2.904696960075329737e-01
2.528137833073301199e-01
2.952300797482797501e-01
2.513859888467761539e-01
1.898174514956210701e-01
1.685029576232205117e-01
2.035126298684666601e-01
1.390898853907195365e-01
1.386567581813199224e-01
6.236605297116867841e-02
8.997979670505691641e-02
3.523626823417218973e-02
7.976247007566515668e-02
2.949040746086733014e-02
1.056934136451008616e-01
5.709851820663036648e-02
9.781459163311423399e-02
7.318083821543054646e-02
7.591620244777270987e-02
2.271589564478199152e-01
1.036303272116814167e-01
1.108961809345758859e-01
4.956144844904341457e-02
6.611287832592528668e-02
9.916853072312853401e-02
6.745733882051550834e-02
1.216132260376503738e-01
1.394269533762542146e-01
1.051344946341532666e-01
1.319724840615292827e-01
9.599777407269576013e-02
8.677784184888161223e-02
1.431992287321586510e-01
1.101046307548135678e-01
1.262018262241643984e-01
6.209915758063149632e-02
5.986494011748527688e-02
9.725740099311665221e-02
1.249747864969662087e-01
9.968289996704342293e-02
1.332667915272018611e-01
9.073519329928499133e-02
1.067355508925600521e-01
6.146589775810090694e-02
1.054713804227126184e-01
8.636392566832845619e-02
8.486894013000335912e-02
1.194286520957227316e-01
1.138590461972205092e-01
9.528168710361077653e-02
6.650409030108742070e-02
8.104934649565023741e-02
1.203810834245729461e-01
3.641391605186612701e-02
7.843408115556535498e-02
1.174026481155842627e-01
7.134871951538850066e-02
9.602116550190291366e-02
3.935697401427646486e-02
7.453636408119782009e-02
1.603451743440982846e-01
8.128375836450056624e-02
4.548709576076437333e-02
1.257193849431882948e-01
4.252931227069395997e-02
9.145803553010750653e-02
8.124230612084419600e-02
1.012534653619155539e-01
1.946294695961570953e-01
7.450813961500314664e-02
1.394016005166831551e-01
8.556867225191253090e-02
2.597883415892839332e-01
7.722208977694970666e-02
1.014587084679508810e-01
6.420666898737777128e-02
5.616566474266187353e-02
9.285799292961954832e-02
5.710182321447074272e-02
7.956918051908568046e-02
9.438759017092361592e-02
1.680554698050660822e-01
1.419256876870940431e-01
7.794688058413587473e-02
1.409711191711949529e-01
8.117271558827224287e-02
3.021094549157911369e-02
1.012136686795058471e-01
3.817075153288015249e-02
9.156432035376640965e-02
6.725735947864301678e-02
1.096579740679042569e-01
5.229297232379428312e-02
1.242640613522416754e-01
1.067733386580016069e-01
9.779694710603935304e-02
1.274385964782354941e-01
1.915218196989777188e-01
1.597436960381174165e-01
4.436027444475120624e-02
9.330205713608157037e-02
5.121489620946069465e-02
5.581886384643577892e-02
9.009939719479202747e-02
1.015191527146836054e-01
7.593736155994119941e-02
6.290142508094996587e-02
1.377105674811237856e-01
8.581660586069252139e-02
8.714172900048453019e-02
1.473600853079991557e-01
9.841918429840373905e-02
4.559450470922819798e-02
1.207364444129772479e-01
9.472360423814854546e-02
9.036096872492734022e-02
5.984727911383477122e-02
4.608470890167822021e-02
7.674319747222134447e-02
1.399478281571838456e-01
6.802663740919258351e-02
1.358659227473724973e-01
8.508003417162011972e-02
1.141475546638608674e-01
3.785258582403743660e-02
8.625806198353123955e-02
5.719476094583487297e-02
1.195668029796777693e-01
7.009273999524441578e-02
7.269889945018739863e-02
1.779266702412381773e-01
6.989870121870642161e-02
7.436774288873211625e-02
4.238473859709875752e-02
8.420483481964402550e-02
1.385096357298770953e-01
6.463891550887793103e-02
4.636354724798285448e-02
5.103451300774709126e-02
4.603879079981863798e-02
6.033450208224191286e-02
7.088583508116039211e-02
8.952808945134130281e-02
6.158481064470262833e-02
7.045663937041003744e-02
4.045912529971713162e-02
4.297257422933684068e-02
1.848562141247373294e-02
2.067763745869985459e-02
4.955071206346881030e-02
9.019100039827782078e-02
4.816387299399658983e-02
9.421519447870614627e-02
7.177997404989455710e-02
4.356334517775185128e-02
4.463342910095523947e-02
3.520335919369105976e-02
7.573128584224171622e-02
7.634096739500750850e-02
1.005977260030731374e-01
5.824657867126990796e-02
5.943154160082839838e-02
8.648676327592305646e-02
4.984011825085505470e-02
4.309166352952752826e-02
5.456320293754114009e-02
2.965691854674569472e-02
4.175387818847022675e-02
4.126232277220150818e-02
5.031659369092889716e-02
5.615335884915295672e-02
1.807044267265279017e-02
3.477352051099107805e-02
2.677360854504479484e-02
2.475792398713329637e-02
2.412906182632502949e-02
5.145235962218248915e-02
4.339514374411670983e-02
3.183416119464318322e-02
3.963047015083405455e-02
5.309776567652091384e-02
4.118767906840477971e-02
2.105267214573373902e-02
3.592641568987799128e-02
9.390150498715116312e-02
4.151919829038353688e-02
3.534422080883688200e-02
6.426387302226760356e-02
3.453874836875322346e-02
3.688434660785697150e-02
5.767263356967968629e-02
3.858889271186487224e-02
8.067249014185057243e-02
4.190285451978036091e-02
1.256528035410810207e-01
9.939506895457203561e-02
1.941414914897154204e-02
5.519107351350509283e-02
6.802837077112600106e-02
5.317556621682346940e-02
7.778059465269372696e-02
3.967071660218882134e-02
5.277999284283983045e-02
4.590265918788486582e-02
4.132812439297024742e-02
5.682100549355675184e-02
1.186869215279268558e-01
1.259831798794764923e-01
5.392087401171974381e-02
3.736930499767895930e-02
6.491160241430322941e-02
4.466332508515762773e-02
4.117577188256716508e-02
4.446608784015095017e-02
9.501857084053669245e-02
4.695112088938115102e-02
7.116525963715933378e-02
6.347179421966851753e-02
3.225599560585866443e-02
7.183516477476731277e-02
7.805052525170576294e-02
2.874395219328184509e-02
8.188736422479171717e-02
4.221394545163177636e-02
7.893078437397883784e-02
4.316880148693453406e-02
3.589486208062479811e-02
2.987535127570482146e-02
2.401582870126497959e-02
2.656647728236145867e-02
1.843459547786589769e-02
4.467328175531802559e-02
3.668456235502513818e-02
2.452098699789022687e-02
6.477447396574029237e-02
3.595469707558054256e-02
5.767289253509969016e-02
4.019963430174536972e-02
5.155087919664960022e-02
9.881281473092648482e-02
2.504464198714616285e-02
1.763322741765231683e-02
2.539130196376806342e-02
9.016940607646006800e-02
5.269579924928050052e-02
2.452437230900199674e-02
5.173267027642687588e-02
3.129859289784105852e-02
4.094285139422583486e-02
3.267561773391551572e-02
2.016473394157250812e-02
4.546492394551613497e-02
3.953688512558211493e-02
2.252624499242195100e-02
6.113149768009722151e-02
