1.117424354444397139e+00
9.442867157600722816e-01
1.992185754139772058e+00
1.690762795768850246e+00
1.151873283644629264e+00
7.475383494688035979e-01
4.733134531209011731e-01
2.944101338076573482e-01
1.839504345942235553e-01
1.192375946333514153e-01
8.174937905054713294e-02
5.916294030812780519e-02
4.478634541352120857e-02
3.529763845477056072e-02
2.891538920544465749e-02
2.453921784688745458e-02
2.143616084895404866e-02
2.338382503456545511e-02
1.737140325323719911e-02
2.162607528609598179e-02
1.452366111797527386e-02
1.330151244944013759e-02
1.197740036401854190e-02
1.125588896420901160e-02
9.961912268795657457e-03
9.474570988981063577e-03
8.776182334884146882e-03
7.617145641028538056e-03
7.297184060169914152e-03
3.292400932985889948e-03
6.018457498341365196e-03
8.240222658207087963e-03
2.372048386308172382e-03
4.373775109398324486e-03
5.832758575335080312e-03
3.242362186007059516e-03
3.054800716693495660e-03
1.698977686922395654e-03
7.119876025227733773e-03
2.076708973325801493e-03
1.216136442662330702e-02
1.443641696550901875e-03
1.371050403688720172e-02
9.628482598776336079e-04
7.839567454980792167e-04
5.578883320531878793e-04
5.511991808775889949e-03
2.183774851135747690e-03
8.691706638186546142e-04
7.227127591204661689e-04
6.823272142569685459e-04
9.742088263056798009e-03
1.003631398583020810e-03
8.827253534270369881e-04
1.022370034288868496e-03
8.824974493475961235e-04
3.280868976062321397e-03
1.227752184538913370e-03
1.757814830961819223e-03
2.521934236488933886e-03
7.637924798787668751e-03
1.557818332794596227e-03
1.588116297540734115e-03
6.154134012876280027e-04
1.375584081248357876e-03
3.009766888882370577e-03
1.540165746617354987e-03
1.310239627092610196e-03
2.406716794876303817e-03
1.442947076971674890e-03
1.252124985167424277e-03
7.284867380131245483e-04
3.654799266648656522e-03
1.197621805056338275e-03
5.460500717400101206e-03
1.148803024404141141e-03
1.438132100784759613e-03
1.209161683695325444e-03
9.805543954107910631e-03
2.194242820474703697e-03
1.055022803609685384e-03
1.063693534723456373e-03
7.887533657520551635e-04
1.412027711596796405e-03
3.664181855641920893e-03
8.375758502640799717e-04
5.841054376030684926e-04
1.289911327498859551e-03
4.355457282177106521e-04
1.327567329914506721e-03
6.876139760516969358e-04
6.346748787018741773e-04
6.917657845411441823e-04
5.440329800709858051e-04
8.849409841297151873e-04
2.381004728892208676e-03
6.659868884605004043e-04
1.133440172732699640e-02
5.694019594871194004e-04
1.441763039146677205e-03
5.643629883815848031e-04
5.401146047620127792e-04
3.193728244809998073e-04
9.344272874197437351e-03
1.520430239123880551e-03
8.038692843837623317e-04
1.175397007769106005e-03
1.370878491961179113e-03
2.951976447243165498e-04
6.054069021286754291e-04
2.989311120646439158e-03
4.413826350891614735e-04
2.837051128594360251e-04
8.708295738322649557e-04
2.630532438325357443e-03
1.318305488667232198e-03
6.850299640524605592e-04
1.309173228345623507e-03
4.579782280236735850e-03
7.449115437274068593e-04
6.375867093752748743e-04
2.168286143844003720e-03
5.952712214895852175e-04
2.360453777790547884e-03
2.854798586265812343e-04
3.004245330066870542e-04
9.339140139521121334e-03
2.714799960912400159e-04
4.540621206868823939e-04
3.703003219770002394e-04
3.208878355913697572e-04
5.140668702907834299e-04
2.354748948853078127e-04
4.015299577672396848e-03
4.570803868089402464e-03
1.976115092179133760e-04
5.628991209854535514e-03
2.436818287909552582e-04
1.046942884501818934e-03
1.774291496923836495e-04
5.379057903859630393e-04
2.776148556742082541e-03
3.161579063130365384e-03
2.270144492425589977e-04
4.658866716109713092e-04
6.342638837870329593e-04
6.119375350506368536e-03
1.941044947028442921e-04
1.672864318380405029e-04
1.612379098500975002e-04
2.817401182678226147e-04
9.188126656699272454e-04
1.583868482495803288e-04
2.195392660037062986e-04
2.241673024200917762e-03
1.419299883058206208e-04
2.122316020287864501e-04
2.700356298944820723e-04
3.331787125146609880e-04
2.791924433429375171e-03
1.371341025455445031e-04
1.688570456639198428e-04
2.485899879412833101e-03
1.337608735280746558e-04
1.941523548910905348e-04
1.535323131646476765e-04
5.958177112938924970e-04
8.865774340822399260e-04
4.328189082372268376e-03
2.093408911788028921e-03
4.106557226755764602e-03
4.045567497324952509e-04
3.746953349942982819e-04
7.868838828940203116e-04
3.756870513682678578e-04
2.006588935076660755e-03
2.155018439106598602e-03
4.212096171691077830e-04
6.709709993074857272e-04
1.948221763636636761e-03
1.902703139053294162e-04
8.410600502781643423e-03
1.224592179159278600e-03
1.267587025141421366e-04
6.194061640956146720e-04
1.025274640304695830e-03
2.215655288866419034e-03
4.522610176286768644e-04
2.203748222506035463e-03
1.318610049122873366e-04
6.080627446168190842e-04
4.331103558359789604e-04
5.386830020163364038e-04
2.359042536899566903e-03
1.541303126637365252e-04
4.151267138678079479e-04
4.039705956280842045e-03
2.154531989442171102e-04
5.842379674356277391e-04
3.723531052179823481e-04
2.785948339374461156e-03
5.694948249727765401e-03
1.807150849465423339e-04
2.049757792944221710e-03
3.297501865233044708e-04
1.010234991849057185e-02
1.286102570508083768e-04
1.835223000186855769e-04
2.772860779311369815e-04
3.215284469705757906e-03
9.219755475162594435e-04
2.575209911247442482e-04
4.612055713630650554e-04
1.194811301459606216e-04
1.084447582926508597e-03
2.415873256465372182e-03
2.589056785028975155e-03
5.115715090576240147e-04
1.858799307038072439e-03
1.752090740114337422e-03
1.814203643247454343e-03
1.101901505220655831e-04
2.108933887671875522e-04
1.578189390883103416e-04
3.754998651821767194e-04
1.974328798821713658e-03
6.091102126461315526e-04
4.221716931279637965e-03
2.054884266478736524e-03
1.933630163829849627e-03
4.109643923996770328e-04
1.020837167465046277e-04
4.724893582884898309e-03
5.183210745953728202e-03
1.934995253676460598e-04
5.777514386961233109e-03
4.742273950201289913e-04
1.921236646478545658e-04
3.876326413565474652e-04
4.321350693265927473e-04
1.595040590614076569e-04
9.635692358606270935e-04
1.419339789691361007e-04
1.534406707184268704e-03
1.914029013736648138e-03
4.535443644778225500e-04
5.222524219458460609e-04
3.298132365980201283e-04
1.237299209559744638e-03
2.281098239417270364e-03
1.978544874624228506e-04
1.291077966774691348e-04
2.403832594680304681e-04
1.779681244462691001e-04
8.821332413881690076e-04
3.650789166497550326e-04
8.149563793885016613e-04
2.022622910218255764e-03
4.935293730020610253e-04
1.625519321595153902e-03
1.860486344460830039e-03
4.015917832330507392e-03
4.250128984759110780e-04
1.512842356600546049e-04
2.617097134315779722e-04
9.008706505430063042e-04
5.003920999099909818e-04
1.510285330876360915e-04
3.284011087591795670e-03
3.289512728030410775e-04
4.320155153670595240e-04
1.629020276178997327e-03
3.566429064922811460e-04
2.347184195355808342e-03
7.897128847244883629e-04
7.368950936841965746e-04
7.431729511459599048e-04
1.966590900449062800e-03
3.817216459602006530e-04
1.383359797344876994e-03
3.475630225548089381e-04
5.562150902067209204e-03
2.486989411735488148e-04
2.717615205585438044e-03
8.061582711845839732e-04
3.551784470769843351e-03
3.984017706275372024e-04
3.514190844880237322e-04
2.406999433399879297e-03
3.247398023619670103e-04
2.440088506471159912e-04
1.300900403452872256e-03
8.186645625722766939e-05
8.032399935121730013e-04
5.869706792097860969e-03
2.694889576190444974e-03
1.146656264319266365e-04
1.085269613409098696e-04
4.586341721744727857e-04
3.162870231575283064e-04
