1.010425426327189014e+00
2.575650577898584537e+00
3.401775385524686168e+00
3.609681327490425584e+00
4.287049505429924245e+00
4.523279396882593950e+00
4.541022910443277105e+00
4.412265470211669260e+00
4.258976686546078305e+00
4.088346359363929317e+00
3.911660207199498362e+00
3.750061815212547334e+00
3.620302517536759357e+00
3.511462526842357157e+00
3.411256288860476715e+00
3.317673676763930768e+00
3.225447208212606665e+00
3.153241373280523785e+00
3.079042717312116206e+00
3.023253951985882537e+00
2.970811021950591435e+00
2.927049184520329916e+00
2.885521973831733256e+00
2.850876027775025356e+00
2.821193466164107377e+00
2.791779187716348698e+00
2.763177965961134852e+00
2.745461644686516767e+00
2.725315059061875100e+00
2.707302239422728629e+00
2.689768078254670236e+00
2.674424174106865060e+00
2.659162765716366117e+00
2.654749177665823634e+00
2.652193420833992565e+00
2.670815822190289790e+00
2.698949747615655870e+00
2.745673289433219644e+00
2.803260263370679795e+00
2.877550671757118206e+00
2.959648211883352253e+00
3.048800336540208100e+00
3.145703929235672547e+00
3.248003281045691804e+00
3.356769784994552364e+00
3.470319515120193987e+00
3.591413519434397905e+00
3.718624737792062263e+00
3.853641609076595920e+00
3.994490779446438378e+00
4.144447202272677266e+00
4.302422382222842678e+00
4.469828844070312890e+00
4.641324982965005397e+00
4.818497068021162733e+00
5.005268691453851559e+00
5.191167795232145110e+00
5.375513630805085263e+00
5.564161551932152783e+00
5.756582364695656651e+00
5.955512385871111647e+00
6.158730497288798844e+00
6.366824476387026088e+00
6.580249886214708965e+00
6.796253974784604246e+00
7.012370948183817454e+00
7.232113793658265344e+00
7.450476426926007534e+00
7.668430014973534270e+00
7.882718209460160885e+00
8.098543431205502685e+00
8.306972398854009398e+00
8.515560383226517871e+00
8.721772399950864951e+00
8.927336077010801674e+00
9.124578106345502704e+00
9.321590098571293836e+00
9.515035766825198138e+00
9.703450364426796426e+00
9.891400065628893401e+00
1.007376729717869601e+01
1.025564152592952460e+01
1.042838313448624099e+01
1.060363258101232731e+01
1.077392191269410304e+01
1.094159260510340914e+01
1.110824954242430351e+01
1.127073019391037079e+01
1.143368095514312266e+01
1.159283035130686912e+01
1.175040422995579092e+01
1.190471191610160417e+01
1.206141900191460081e+01
1.221140740852838391e+01
1.236341578641764372e+01
1.251451109476285239e+01
1.266771740574323957e+01
1.281885277843183246e+01
1.296785707198392146e+01
1.311961196718632472e+01
1.326714828481408226e+01
1.341307161988552465e+01
1.355391120423007578e+01
1.369274367367911616e+01
1.382793235022301914e+01
1.395102605904648740e+01
1.406809978328600685e+01
1.417543880832437964e+01
1.427589458522719390e+01
1.436960018701614672e+01
1.445695432655010215e+01
1.453422129586134481e+01
1.460181642742763053e+01
1.466448185782932789e+01
1.471883513085062489e+01
1.476750588195010039e+01
1.481027750597234061e+01
1.484800080357850938e+01
1.487665138969519596e+01
1.490054980795842710e+01
1.491607950571502705e+01
1.491897057162598372e+01
1.491780822752526703e+01
1.490461983457644912e+01
1.488380283512708502e+01
1.485310601005755160e+01
1.481464541840488458e+01
1.476443932996337871e+01
1.470815242923528565e+01
1.464463496113923391e+01
1.456400824626862978e+01
1.448496946795623685e+01
1.439549264737213008e+01
1.429806058076142072e+01
1.419810940057249127e+01
1.409200539574579203e+01
1.397705714898514096e+01
1.386707969142774033e+01
1.375076528396177089e+01
1.362838242468983374e+01
1.351226829653995942e+01
1.338713207417827356e+01
1.326534238152893330e+01
1.313721363887496629e+01
1.301440346580671381e+01
1.288819096579536172e+01
1.276372052635250220e+01
1.264018873798686471e+01
1.251920354248751899e+01
1.239635427945885482e+01
1.227566957657502655e+01
1.216164943233992091e+01
1.204241183822823658e+01
1.193095127359490881e+01
1.181771478781119988e+01
1.171003891980306122e+01
1.160539699856947848e+01
1.150098681006176449e+01
1.139779283645535735e+01
1.129715757480166083e+01
1.120336872723992627e+01
1.110717320519046325e+01
1.101757625220753312e+01
1.092989123375747695e+01
1.084364791319280741e+01
1.075882920868978410e+01
1.067907709966844365e+01
1.059672855013659820e+01
1.051829250359047130e+01
1.043822147169002967e+01
1.036575496550187481e+01
1.029375311300370832e+01
1.021975967775952654e+01
1.015034501994879967e+01
1.008559311680748571e+01
1.001509363642674622e+01
9.953307352406934427e+00
9.895211802478124596e+00
9.829790899415833394e+00
9.771115470182543561e+00
9.713927450544522557e+00
9.664565805236714269e+00
9.605766890167831917e+00
9.555980969499950461e+00
9.505940119735969418e+00
9.456371368229248731e+00
9.412160699403827380e+00
9.366048778540545072e+00
9.319360219690061342e+00
9.277185525353850437e+00
9.236311262784418830e+00
9.195558324951713658e+00
9.151329688717840583e+00
9.113225440873058858e+00
9.072227942334574635e+00
9.031823018680450232e+00
8.990086363600465091e+00
8.954547211855460986e+00
8.916413955172817651e+00
8.880578741621111050e+00
8.839597151852608192e+00
8.803956218009385992e+00
8.764843523702083417e+00
8.727703470062476043e+00
8.691681203802712474e+00
8.653401212646510743e+00
8.618473150125389282e+00
8.580264445204456081e+00
8.544119849660637200e+00
8.504285130428618444e+00
8.466175523532129432e+00
8.427137097425145384e+00
8.391050297297718785e+00
8.351880205486459374e+00
8.316018249690074526e+00
8.278393534831543832e+00
8.241275226527109865e+00
8.206506423514053239e+00
8.169039384629686040e+00
8.135067509557439180e+00
8.094210169024336210e+00
8.061141877465589189e+00
8.023658993802595063e+00
7.991044742325983385e+00
7.957688758216447944e+00
7.922659044132887907e+00
7.885861995413794290e+00
7.852372045690388269e+00
7.818663267787085758e+00
7.786059646103170806e+00
7.753508457425904332e+00
7.723573132250216133e+00
7.691436460339070358e+00
7.662467560184963666e+00
7.630120585573203051e+00
7.602244025737274313e+00
7.571264261327129930e+00
7.543693281588485178e+00
7.516529420904595860e+00
7.486541201943123447e+00
7.461158514438984923e+00
7.434014298917119845e+00
7.407865579191165395e+00
7.383367868361276898e+00
7.358390253217653054e+00
7.334269937870956824e+00
7.307882813237823072e+00
7.282482397846124833e+00
7.256904126807096844e+00
7.233718348223682426e+00
7.207110955896020243e+00
7.180550760817844491e+00
7.158357127506297601e+00
7.131830138357535986e+00
7.108082991570193521e+00
7.082536707178886282e+00
7.057542464096791868e+00
7.031197982459839402e+00
7.008690706272044935e+00
6.983768406139132523e+00
6.957164755602633477e+00
6.931787891535638124e+00
6.906060722650622985e+00
6.880153884265165054e+00
6.853680795294537553e+00
6.829356621211501555e+00
6.801958338304458174e+00
6.777482184237960894e+00
6.752754395734368309e+00
6.724968507407679041e+00
6.701294117338393974e+00
6.676542553523644230e+00
6.651594402077558144e+00
6.626864996751841375e+00
6.604391179093487274e+00
6.583899688001316086e+00
6.555852948513467560e+00
6.533467224420212105e+00
6.512461745835754989e+00
6.490650460123858601e+00
6.470114234553552279e+00
6.448471592879580605e+00
6.423962686042632875e+00
6.402277699675947176e+00
6.382009199258050103e+00
6.364242473661072985e+00
6.342298368942457465e+00
6.323234123208639978e+00
6.303184064833157407e+00
6.280668160838847491e+00
6.263764653884629219e+00
6.242728306639309110e+00
6.224208714319331648e+00
6.207436991681376526e+00
6.189141354906452897e+00
6.169082871465128903e+00
6.149667853380321070e+00
6.130769456542116913e+00
6.112677150498389445e+00
6.093318984937857508e+00
