1.010605800389283493e+00
2.316468802541440386e+00
1.826529040583360741e+00
2.309523213342672854e+00
2.395756172296999775e+00
2.482678843288389281e+00
2.461866093213041395e+00
2.292694741993358765e+00
2.099029011892459717e+00
1.937310415101694439e+00
1.811283612689508882e+00
1.706391708977054833e+00
1.625873241623008392e+00
1.569038378064615769e+00
1.535642145755023780e+00
1.517996769905618937e+00
1.509279428291998570e+00
1.502014758139591510e+00
1.494096431870604702e+00
1.485373975193742924e+00
1.473491006332400932e+00
1.464209833253792281e+00
1.456485952161912678e+00
1.446648529963654894e+00
1.439860316051472022e+00
1.433328965308515501e+00
1.428443532835117047e+00
1.425805669948442933e+00
1.423638266066200142e+00
1.422819533262721148e+00
1.420293026411975967e+00
1.421660740523166711e+00
1.423939718014327394e+00
1.425377389284990803e+00
1.427127786731076098e+00
1.428845104802193289e+00
1.429439710515687523e+00
1.429216217306752190e+00
1.427150253150098358e+00
1.423554103029759821e+00
1.419997882364649300e+00
1.417822135244828807e+00
1.415999790194913732e+00
1.417798171922044270e+00
1.423812652067447670e+00
1.434057900281246578e+00
1.449133939358644207e+00
1.470608025928356488e+00
1.496365907194469269e+00
1.529961927196524352e+00
1.566996143133253749e+00
1.608020746395633971e+00
1.654416897621246108e+00
1.702494082307655976e+00
1.750771761855369979e+00
1.801063425464555223e+00
1.850007804028121816e+00
1.899123454310722936e+00
1.949023371933014559e+00
1.993878332094884742e+00
2.037947455483814174e+00
2.081149895515601145e+00
2.122650194898382026e+00
2.161912798705647898e+00
2.195195149735751805e+00
2.231167087161243678e+00
2.261450060609681234e+00
2.289561420210640019e+00
2.317748254418839249e+00
2.342618285793999000e+00
2.364618440303101643e+00
2.385932371208788982e+00
2.404603109361763913e+00
2.420517348454231055e+00
2.435257256904991063e+00
2.447215919567621079e+00
2.458247025173603273e+00
2.468644949673481026e+00
2.472736031194282535e+00
2.480302316475356594e+00
2.484270978063436441e+00
2.485986860992651426e+00
2.488596088264703354e+00
2.488022048802198682e+00
2.489855584500042074e+00
2.489538295557260916e+00
2.485552660047636309e+00
2.485720022118467654e+00
2.481492122847636761e+00
2.478134030566739643e+00
2.471094590878241792e+00
2.464504716939171836e+00
2.459789240685333223e+00
2.449927711655405460e+00
2.442410352547415009e+00
2.434417227008287110e+00
2.424132868151981146e+00
2.414787702559796134e+00
2.403642653200567469e+00
2.390483236369925990e+00
2.378168220037254255e+00
2.364480705610833677e+00
2.351418938943907744e+00
2.335642466538441209e+00
2.320708988957532082e+00
2.305883745806756036e+00
2.288882967942479585e+00
2.273819343852881314e+00
2.258800261076462146e+00
2.236642240199569809e+00
2.221908438240543404e+00
2.204348460903552187e+00
2.185941899943308009e+00
2.170831214202871173e+00
2.151438091333882419e+00
2.135031462496237875e+00
2.118824866515574890e+00
2.102206777935172077e+00
2.084333292928462811e+00
2.067467896779446423e+00
2.049896885104209421e+00
2.034378788482760214e+00
2.022430845465621463e+00
2.005332101188500360e+00
1.989303920017124083e+00
1.974682204932994622e+00
1.961929020327932705e+00
1.948157310251187102e+00
1.936768902407190129e+00
1.924839094102373416e+00
1.913025726036942542e+00
1.899536243660175039e+00
1.889653828201433017e+00
1.878692977363330741e+00
1.870202895539028631e+00
1.858943956708563272e+00
1.853946978130336376e+00
1.843890446573781983e+00
1.838794671919521173e+00
1.828920390909920979e+00
1.820884487638386506e+00
1.814977462541971009e+00
1.807660435107542485e+00
1.801896572735184776e+00
1.795724421877539223e+00
1.791602997979186762e+00
1.786292829312847719e+00
1.780866123017343927e+00
1.775623616250678660e+00
1.768616061550437157e+00
1.766201223820517807e+00
1.762180736518169200e+00
1.756807753939938932e+00
1.752974119713759826e+00
1.747013341762253313e+00
1.744992140661174362e+00
1.738866932412563182e+00
1.734113570828386353e+00
1.730603107039885069e+00
1.726723475825847620e+00
1.721430785216707893e+00
1.717901107933007543e+00
1.713166611192730171e+00
1.709009927659125294e+00
1.703912049312982457e+00
1.699171652800933741e+00
1.695412320801845674e+00
1.689462023950596858e+00
1.685618400539260708e+00
1.680435868352203821e+00
1.676368351136394264e+00
1.671152628742719637e+00
1.667215818561003093e+00
1.663725207850817123e+00
1.658285034191458118e+00
1.653134795224193487e+00
1.651054923755421067e+00
1.644573173189245674e+00
1.641747495440387450e+00
1.635890897117646237e+00
1.633578525160911843e+00
1.629144385874865764e+00
1.623934313106510041e+00
1.619810389435565101e+00
1.616656791763710244e+00
1.610350760891176902e+00
1.608481825098800222e+00
1.603575967832025606e+00
1.599893013906564132e+00
1.597148110708898949e+00
1.590518608751483542e+00
1.589030071917640008e+00
1.587434426461167947e+00
1.584238243255859269e+00
1.581215168929411830e+00
1.576414568477430667e+00
1.571152901959856685e+00
1.570643804558054635e+00
1.566416358069644410e+00
1.564457158976166662e+00
1.559858109022601580e+00
1.557970115239089015e+00
1.555290860266983044e+00
1.552772907592383511e+00
1.551246702925088039e+00
1.547364734784481666e+00
1.545826960217560497e+00
1.544275860431652436e+00
1.541612126589718690e+00
1.538361457891026074e+00
1.536675879922692278e+00
1.533441079331174794e+00
1.531122916662768896e+00
1.528656970043188457e+00
1.528504786382536951e+00
1.525486667653150441e+00
1.523519783671427597e+00
1.521596250254142024e+00
1.519858441571443119e+00
1.518985695844675687e+00
1.514515642020579200e+00
1.514039052617414782e+00
1.512617568277792479e+00
1.510492240352628190e+00
1.508438923853916203e+00
1.506161413924120618e+00
1.506280214044031007e+00
1.503470155665801888e+00
1.503677339022235770e+00
1.501965684442535975e+00
1.499667613372178465e+00
1.499012547660909522e+00
1.496320837069144982e+00
1.494929203279454555e+00
1.494441598964342921e+00
1.493433911498622590e+00
1.492502050313414097e+00
1.490602316150092310e+00
1.488305048434726441e+00
1.487581655038610506e+00
1.485739343517852085e+00
1.484914430337726188e+00
1.483728776221286516e+00
1.481850135650965905e+00
1.482758353962170927e+00
1.479785089608176563e+00
1.477205669314513248e+00
1.477794112535723903e+00
1.476638928919574489e+00
1.475699740061669596e+00
1.474420012278082615e+00
1.473378944367320420e+00
1.471962859362170750e+00
1.471191258503373955e+00
1.469629779987202012e+00
1.469005368209623130e+00
1.469423591355470515e+00
1.467783694723456822e+00
1.464602360381219048e+00
1.465507192344463361e+00
1.463791125633181256e+00
1.463335126045417489e+00
1.461891536336013653e+00
1.462450389609880830e+00
1.459500570198737135e+00
1.459200524348763794e+00
1.458326750836061336e+00
1.457755252143786651e+00
1.456669485369503247e+00
1.456231338487405491e+00
1.455475987703167107e+00
1.452581502224846055e+00
1.453239735088485585e+00
1.451076069973193938e+00
1.452620623652310261e+00
1.451541414754780268e+00
1.448843257423494846e+00
1.449267068646925116e+00
1.448171437308139575e+00
1.448255860433901532e+00
1.446846041360008606e+00
1.446721604038436526e+00
1.445369380784657043e+00
1.445466938312205407e+00
1.444003328515036433e+00
1.443896715131093744e+00
1.442526414460150175e+00
1.441556381502935968e+00
1.439075696314067621e+00
1.440796186251935840e+00
1.439564214333665770e+00
1.439596630665804788e+00
1.439810238831884526e+00
1.438374603597344592e+00
1.437646747957787685e+00
1.436261924396087908e+00
1.436179933503393791e+00
1.435190022928834575e+00
1.434545479255604050e+00
1.435182961591768391e+00
