1.115421833712191946e+00
2.396181473108630389e+00
2.389476510078538674e+00
2.904186083146792718e+00
2.622840180517743924e+00
3.657026731989591273e+00
3.753632646640768566e+00
3.641878495001947158e+00
3.515305692145179073e+00
3.372551453515629571e+00
3.191641192883745592e+00
3.003124627649742084e+00
2.798159464867272739e+00
2.585862680328950614e+00
2.391564095184504968e+00
2.185244932338242574e+00
1.997217602505877210e+00
1.813988856002157091e+00
1.629830026710917146e+00
1.456899066826829570e+00
1.308143730495844759e+00
1.164884180031361183e+00
1.037309830695332113e+00
9.167081718785803357e-01
8.112031626548810159e-01
7.197339708627875643e-01
6.591417026366823695e-01
6.129533522511669830e-01
5.668137528605534659e-01
5.378031726799455958e-01
5.302576950902916364e-01
5.209325998371985289e-01
5.234106537547865701e-01
5.243832861216255470e-01
5.299861102470853069e-01
5.326433361046696291e-01
5.368678671197216756e-01
5.529035577410604807e-01
5.409081946438878408e-01
5.386204973794590511e-01
5.351962043547815462e-01
5.408297983558378874e-01
5.368221128100284512e-01
5.417703773059211469e-01
5.301973285002051783e-01
5.325475465903741767e-01
5.224091108235142666e-01
5.243632263420954231e-01
5.179419535009365250e-01
5.172220862101725158e-01
5.170031163507848859e-01
5.160333735480502337e-01
5.132381741600272607e-01
5.138267832295551063e-01
5.151209574574503458e-01
5.132089394725083409e-01
5.145075366205955625e-01
5.142232114215914418e-01
5.144045195135658055e-01
5.192852710234462377e-01
5.160154404979306886e-01
5.184967277290577492e-01
5.204222279673141882e-01
5.191245058341950047e-01
5.216606205466042256e-01
5.185275486413853940e-01
5.223491238578588103e-01
5.231672316902886699e-01
5.212447976882473855e-01
5.226121307043060105e-01
5.278343895736320457e-01
5.259986949091907116e-01
5.246362022384926105e-01
5.364579853568470780e-01
5.336438162240854099e-01
5.315000269894074592e-01
5.238845697736959073e-01
5.325820869279763725e-01
5.358292598555861597e-01
5.417828797918571304e-01
5.366899657039996274e-01
5.419430497695603144e-01
5.376528452811173420e-01
5.378323649292768849e-01
5.536254448301904940e-01
5.425537080261605416e-01
5.450642585279408259e-01
5.457930679096255622e-01
5.433535111752508806e-01
5.374449536208831812e-01
5.523771941336685920e-01
5.522986282011298487e-01
5.513527265266977562e-01
5.550068890792346776e-01
5.440205079536103439e-01
5.477625533168070104e-01
5.595531231874488753e-01
5.599007731674284782e-01
5.547563921841436319e-01
5.636392527057212387e-01
5.446849755587639397e-01
5.504241722244126445e-01
5.517904017552762719e-01
5.624159582019072623e-01
5.623357951035243829e-01
5.556943758685226609e-01
5.570720886767384084e-01
5.599725532680184248e-01
5.538414753531197832e-01
5.586454074479477727e-01
5.577281690944321246e-01
5.506497815825366349e-01
5.525495804408103728e-01
5.513181249149898822e-01
5.697303506934260353e-01
5.524582047922191874e-01
5.436390617374876610e-01
5.541363939370144154e-01
5.552422234935839862e-01
5.495538221584560512e-01
5.625298891109529187e-01
5.615970363004659793e-01
5.476927752262120697e-01
5.618047002046234750e-01
5.568820987123529465e-01
5.533413827160842402e-01
5.818558476820772096e-01
5.638553472870162508e-01
5.531067183125398801e-01
5.458704324596366231e-01
5.578633330603260942e-01
5.486807075278217205e-01
5.451939443883337955e-01
5.545738422910190257e-01
5.519836549528428504e-01
5.583735651527929056e-01
5.464047736771405761e-01
5.412454727703438495e-01
5.473814859372266861e-01
5.458553852193306355e-01
5.422509707828115921e-01
5.450446695246836670e-01
5.401499848536567283e-01
5.545278465981904326e-01
5.447408740511971992e-01
5.526783120985939712e-01
5.481350090307655076e-01
5.415828448967741071e-01
5.459362889949911368e-01
5.313471476591417053e-01
5.452503483587184396e-01
5.444787150999725878e-01
5.565709151056972281e-01
5.416680844005975493e-01
5.511316706016324840e-01
5.361861769923721432e-01
5.479430197755786880e-01
5.489371021221260971e-01
5.438529005908245839e-01
5.352588377234924755e-01
5.377110380268493861e-01
5.440685380254403070e-01
5.463017403715698661e-01
5.358514672824088443e-01
5.428505415349624830e-01
5.412037675335573672e-01
5.384005974918180115e-01
5.424152518825198221e-01
5.391562663772596631e-01
5.343106988458775630e-01
5.349290896108869209e-01
5.369550560965490327e-01
5.373246609319625167e-01
5.380006600090676550e-01
5.310253955656711877e-01
5.329503421621816228e-01
5.343975545098009761e-01
5.419817547973438954e-01
5.384068159109477447e-01
5.306116892829334519e-01
5.396766448649229497e-01
5.347948800173412121e-01
5.359273422746776427e-01
5.398392851970218453e-01
5.419662778069201936e-01
5.425528235542671496e-01
5.375146411681754888e-01
5.365655429619767824e-01
5.346439287022267672e-01
5.305665206073774121e-01
5.361780881476874150e-01
5.397261720896038284e-01
5.356635975402455063e-01
5.385032700479354117e-01
5.360132946576413593e-01
5.355723309177127245e-01
5.354430338118244537e-01
5.378545237835907766e-01
5.388174244577548233e-01
5.447601859853253847e-01
5.326634916941870301e-01
5.411423067892560113e-01
5.339160681716468293e-01
5.348578357504726322e-01
5.410202427377740486e-01
5.301394847448004377e-01
5.391303168101686527e-01
5.386325614610909529e-01
5.308995498832669302e-01
5.520404092589551448e-01
5.348363831506668387e-01
5.406925444974620687e-01
5.408042223736078125e-01
5.438800477146763512e-01
5.452649812034391363e-01
5.487851718979113169e-01
5.318782647222195514e-01
5.352494260125276737e-01
5.410945015276500403e-01
5.352348337239173359e-01
5.408892262755975455e-01
5.388969744191786093e-01
5.328578097037506289e-01
5.285724613756274115e-01
5.366953253037036742e-01
5.327013736779038222e-01
5.298134865066931320e-01
5.353275726083457364e-01
5.403391051432169245e-01
5.370576492836397486e-01
5.421212867401403734e-01
5.434723056966102028e-01
5.444660290469302000e-01
5.400935657101725296e-01
5.304220861064924408e-01
5.361759566087569429e-01
5.343573691092556865e-01
5.460016181550343406e-01
5.382270732091547494e-01
5.411656808918868800e-01
5.423478318723388147e-01
5.355706090229750416e-01
5.350589068377865631e-01
5.359077952318891391e-01
5.517142185074934702e-01
5.321719985037849376e-01
5.374169427006714184e-01
5.326694552639700264e-01
5.342474205337787163e-01
5.335591424264740645e-01
5.469986947247312825e-01
5.325770141867909313e-01
5.318928849855246721e-01
5.304051622090175666e-01
5.391793822959625171e-01
5.232048417246674132e-01
5.269899005379664603e-01
5.423688506809851706e-01
5.197367489639242999e-01
5.148609374825777740e-01
5.357622533570339796e-01
5.060625843570212279e-01
5.105301387660822199e-01
4.909153921176990787e-01
4.864313641689619883e-01
4.946424663706008862e-01
4.739587424741947275e-01
4.596669120563920963e-01
4.694240497358761477e-01
4.543975674079598348e-01
4.399595419723174028e-01
4.254032294938018266e-01
4.125890073846867900e-01
4.047600581362705285e-01
3.873675615665008176e-01
3.773278694305163272e-01
3.709920109804728527e-01
3.671904458559260287e-01
3.603129058925974570e-01
3.626685850957271362e-01
3.633166102138606357e-01
3.782825163121968370e-01
3.928330472742942447e-01
3.947158637104196122e-01
4.178078697783040862e-01
4.187319802724535078e-01
4.319090312534503151e-01
4.567890400655755800e-01
4.673132774793986588e-01
4.698007740244025121e-01
4.818341952382328430e-01
4.676286024173664790e-01
4.955571367878791600e-01
4.916795494116849574e-01
5.135107498495207201e-01
5.143683447786941976e-01
5.225880600277764687e-01
5.217547464387441991e-01
5.192402465685916901e-01
5.651928209195993258e-01
