1.023700290885928288e+00
5.512906569677894497e-01
1.601376565339176938e+00
1.917376863337440618e+00
1.621775906297443504e+00
1.414303169199512933e+00
1.243771266529932307e+00
1.115293064430826764e+00
9.934085210993309767e-01
9.084557602650020769e-01
8.206324635249980792e-01
7.398181373981452813e-01
6.940094157868976765e-01
6.447215530452070631e-01
6.007500738724812495e-01
5.604421264066757891e-01
5.276341252884211297e-01
4.871725834463416782e-01
4.674285794947081185e-01
4.444134433960961195e-01
4.142655366904178238e-01
3.984512648418707115e-01
3.815882562859967964e-01
3.532308856716693812e-01
3.445505697148372737e-01
3.317860434284653492e-01
3.092908846177686022e-01
2.994160864281254497e-01
2.900846638373733577e-01
2.816136712336709258e-01
2.629419128362462388e-01
2.556928918982798171e-01
2.341268736120373506e-01
2.325672105632630993e-01
2.271669406493764809e-01
2.190974229206597013e-01
2.081806034745275480e-01
2.037007279604200471e-01
1.900335925800082371e-01
1.878236333778032785e-01
1.838560588064007961e-01
1.681695902852050339e-01
1.693956656770621294e-01
1.665159749673050527e-01
1.607142249000371725e-01
1.533002136732229959e-01
1.519544574375648327e-01
1.262350145518709998e-01
1.406326952041601630e-01
1.397894796430476927e-01
1.356207396258438391e-01
1.316396650816923919e-01
1.109011888222634079e-01
1.251105543968105693e-01
1.237701524810185388e-01
1.143959918959238237e-01
1.176196404024937858e-01
1.162734027951765337e-01
1.097968416926048824e-01
1.209575354189525720e-01
1.073918753993561293e-01
1.065915832011878478e-01
1.026494886971679038e-01
1.021912563925504169e-01
9.691735651515238914e-02
9.851523287321158062e-02
9.729845846727233627e-02
9.339192999482190394e-02
9.372223565049037086e-02
9.186519870442910740e-02
9.089376004649661611e-02
8.805862772403864891e-02
8.787097932822993118e-02
8.603313262714064324e-02
8.766994395292591891e-02
8.007145125626667637e-02
8.278152026375462658e-02
8.057041029400972831e-02
8.010068187387119065e-02
7.889291805940948366e-02
7.794767340433698954e-02
7.685435221470013345e-02
7.599263876503968562e-02
7.465689634390952623e-02
7.222294793216978148e-02
7.270853962640308477e-02
7.170859765646420136e-02
7.112026828626272223e-02
7.004655985321413258e-02
6.881261066036749308e-02
6.834613763445913925e-02
6.722902427654221802e-02
7.066595278892184862e-02
6.539308694996635862e-02
6.473981881641524549e-02
6.356714033590249446e-02
6.285511151273592834e-02
6.238540940173973454e-02
5.692547173531819354e-02
6.076383006754370458e-02
6.072252642996164851e-02
5.927149300309308977e-02
5.691031087846971925e-02
5.863892084842114993e-02
5.754657066122895875e-02
5.065156782099188015e-02
6.105960541590265550e-02
5.568569498922694427e-02
5.337189011545619144e-02
5.448236568510550493e-02
5.550168192211664409e-02
5.645131653519772086e-02
5.300341599919495411e-02
5.199791153062509330e-02
5.158364836306883472e-02
3.585407610082234214e-02
5.068468982473428586e-02
5.023885791070083900e-02
4.982825074069274773e-02
4.771494091881095523e-02
4.877162949749680454e-02
4.784355424713348376e-02
4.610182004838223047e-02
5.822345286394425140e-02
4.685112281074736706e-02
3.816346508541423183e-02
4.601636867587501067e-02
4.567194035608373309e-02
4.443873145636165894e-02
4.277369330270721498e-02
4.282701459476897371e-02
4.238973643749894410e-02
4.342035793577507519e-02
4.307375335000396960e-02
4.295385625955492476e-02
4.231631157232342705e-02
4.086147307227121217e-02
4.073673422311674397e-02
3.446740717700360473e-02
4.075091229450547581e-02
4.045844710881519452e-02
3.913027580334901834e-02
3.970583660526515180e-02
3.323126612977590072e-02
3.900348645884058052e-02
4.861054190619904652e-02
3.830183078225658094e-02
3.382559683917105847e-02
3.795890625303004889e-02
3.596006179873770248e-02
3.718761862046809225e-02
3.232043909346350719e-02
3.644165311566267829e-02
3.573647650975871753e-02
3.620849385130284204e-02
3.445137517485138967e-02
3.537944984585370684e-02
3.545583199549449255e-02
4.149269749714221828e-02
2.094318053373512428e-02
3.474071963185790951e-02
3.397046774884363018e-02
3.392789830622709724e-02
3.418603830493578688e-02
3.951482294920018179e-02
3.350152589158950783e-02
3.403719406646317502e-02
3.342062733352104548e-02
3.283721492261045677e-02
2.153215659947043531e-02
3.286832444263546732e-02
3.246091310764925852e-02
3.389505459058564374e-02
3.199438214883976173e-02
3.182739978125963959e-02
3.151768933605302025e-02
3.898996808319165480e-02
3.131129413785851273e-02
3.118830270341552482e-02
2.381281369833866679e-02
3.085262342801474780e-02
3.379959233616688236e-02
3.040240440765099722e-02
3.095700170449604965e-02
3.027228464820057655e-02
3.033222805814506789e-02
2.996333579585487572e-02
3.010582772893612147e-02
3.224069716110316425e-02
2.954675098346332823e-02
2.974206291567458096e-02
2.749962652731683527e-02
2.950345250307515391e-02
2.935882048860881041e-02
2.983177236510807864e-02
3.275897926293324519e-02
2.505512540011920961e-02
2.890037178452693756e-02
2.820389760829880230e-02
2.893605674645598549e-02
2.977648754138003187e-02
2.843832338464915080e-02
2.981029732391513379e-02
2.763495811689488726e-02
2.696056362026358344e-02
2.826203258799265053e-02
2.765374681153983522e-02
2.797401869163648747e-02
2.432974114115449282e-02
2.888336962837604119e-02
2.790685668532675440e-02
2.893151158936130632e-02
2.724250857694389405e-02
2.619214594208559357e-02
2.829071063814257714e-02
2.568268795321687614e-02
2.845751241619635247e-02
3.019794293275793184e-02
2.764276008999510398e-02
2.322321861595609549e-02
2.688836582756195734e-02
2.875840440094202741e-02
2.388424706624599561e-02
2.826990715428483875e-02
2.663252101026645363e-02
2.744612182204760054e-02
2.722122559460313576e-02
2.700146959275047387e-02
2.689081556914260304e-02
2.883802289666908755e-02
2.716267949523868200e-02
2.700945497361315409e-02
2.271099004643854780e-02
2.624514385296903424e-02
2.725476380976114138e-02
2.717099870093924591e-02
2.713890291766736518e-02
2.733026379900039063e-02
2.711800605475158180e-02
2.631690646592218727e-02
2.938036591813738760e-02
2.600489372127211957e-02
2.739259676050028597e-02
2.368648193942104671e-02
2.605096754660863115e-02
2.633068737898820733e-02
2.242458973250796572e-02
2.589047599367998165e-02
2.707097420819278705e-02
2.652002916082333087e-02
2.806751350285301150e-02
2.717149430831162366e-02
2.501314282688758481e-02
2.410079907600662028e-02
2.727021334005719569e-02
2.569220676449921262e-02
2.675050391107054726e-02
2.650523714937240427e-02
2.692483575292102527e-02
2.686852888476239792e-02
2.753211199126159858e-02
2.718644171775266502e-02
2.653462954770640508e-02
2.742358055554782251e-02
3.554213989663477374e-02
2.956105111192681295e-02
2.669564477851450041e-02
2.704684244746973290e-02
2.677571167342195427e-02
2.503876596997429635e-02
2.362887394937975005e-02
2.832345523161453049e-02
2.578050732482265600e-02
2.565224297228463346e-02
2.689498308573498239e-02
2.608634439195035501e-02
2.773408207616710752e-02
2.708449956659783261e-02
2.778600661460050442e-02
2.710474991438459672e-02
2.475190699786672735e-02
2.686906899843461913e-02
2.796387552874931084e-02
2.849371717312843000e-02
2.724984740291224589e-02
2.593263462635448866e-02
2.692522077761139859e-02
2.037745164965493183e-02
2.601223439807994267e-02
2.620269495155464617e-02
2.986034828322655862e-02
2.711015169613179357e-02
2.838262912037545910e-02
2.720876266146881814e-02
1.915504826831042687e-02
3.108667044883388006e-02
2.709605102230617721e-02
2.692842260492652254e-02
2.718851133300550366e-02
2.911077908100717301e-02
