1.107192451204787265e+00
3.686952004621572576e-01
4.131741974513307158e-01
3.265046248333421941e-01
1.160632769125298502e-01
5.177142002867694826e-03
6.754832671977619059e-03
3.804900268151912082e-03
2.389920122582381550e-03
4.048800366537758447e-03
1.358079267848988098e-03
1.197541335840287104e-03
3.493535934822062945e-03
8.774068822303464354e-03
1.622551552339791380e-03
1.562088089076175577e-03
2.867618812083070658e-03
1.308791580089110982e-03
1.632579097159818490e-03
8.658665045826902671e-04
1.807323794511809644e-03
2.235289897609581394e-03
4.344629105663847489e-03
3.042520965881937572e-02
9.805825805775404951e-04
2.909333774422823669e-03
8.274179838074894634e-04
5.419126922653482066e-03
6.816032538108436796e-04
6.490221735405908273e-04
6.473400338721480799e-04
1.086444750823940342e-03
1.364167382996176120e-03
1.945718777477916826e-03
1.907248474161514582e-03
4.003382842250751555e-03
1.051055524472120292e-02
6.702301439158205379e-03
9.754975116048308480e-04
1.315005994433884363e-02
1.807837930990119704e-03
1.044621222525295417e-03
6.077507690628456338e-04
5.380627430133650942e-04
1.606026839383504741e-03
1.175522740500595329e-03
3.132202948239403827e-03
1.183885446420479548e-03
1.102382011684076291e-03
1.820433873421343010e-02
1.243424103294061764e-02
3.190112575559438373e-03
1.064987560207582458e-03
5.468876895584080106e-04
1.446555159893675533e-03
9.548548349544626552e-04
3.070481121548271786e-03
1.496342890139258294e-02
1.350197149995306352e-03
8.745483163591924805e-03
7.296804829609318359e-03
1.379457799293009636e-02
2.523624676580941799e-03
1.911332385511403577e-03
9.930588970857834839e-04
4.572013963483692882e-04
2.750473433869996161e-03
1.249775889761355584e-03
3.698652521773083696e-03
4.648788979564145996e-03
1.337714586452067511e-03
6.197176988564015573e-04
1.678721097595371227e-03
3.448454353428789809e-03
5.495669155765485264e-04
8.285222957259945212e-04
8.847551259704944339e-04
7.571375590178477033e-04
4.821231009736689360e-03
1.357512083241600416e-03
3.467901930922688124e-03
1.225141340059261470e-03
9.611132152088436775e-04
6.547780306563698695e-04
6.908090782728030805e-04
1.139261858832734450e-03
1.797397387337279495e-03
6.465046535513369660e-04
1.727206918512679120e-03
6.076051836450200834e-04
1.340832547775349520e-03
1.503433002888253638e-03
4.209468074078375442e-03
1.556257121460716828e-03
8.522044768116718121e-04
1.541644170386082197e-03
1.008317925135408279e-03
5.524569309664803356e-04
2.588598368737747915e-03
6.513323703344686211e-04
1.126441536463379522e-03
1.702555123681221902e-02
2.277517603903397511e-03
9.574259918564063899e-04
1.280271331029525115e-03
7.945013129235379678e-04
6.081039229210585297e-03
1.597366546013690878e-03
2.325589628622315962e-03
2.499084023040581970e-03
8.598773582076188124e-03
3.753322729438929306e-03
6.272558393199782756e-03
1.833140746866331180e-03
4.899914933310248535e-04
1.147203313715168711e-03
7.266068491850421161e-03
6.967090972151663642e-04
2.410002598221693167e-03
4.000462043363552100e-03
1.783332940355188785e-03
1.708641837344877790e-03
3.663885003024182872e-03
2.739097798176663452e-03
8.371640141587399862e-04
9.074581445497050891e-04
9.828094861766875200e-04
8.757515295643333170e-03
1.907397263559350038e-03
4.591409209195372251e-03
1.109428356618907775e-03
5.593891446989840031e-04
6.513595342996530329e-04
8.817556381349986360e-04
3.107456633919337789e-03
2.557796127670642489e-03
8.504599194584034488e-03
6.075777399263986760e-04
6.621115558278195708e-03
3.129269371521363756e-04
1.822352619198439223e-03
3.413024384474617253e-03
1.288513069363937148e-03
2.813295172797099816e-04
2.911855191442215031e-03
1.521266249513918709e-03
5.659251764748724758e-04
2.518392466275996052e-03
1.824341067923105015e-03
4.281284448679695612e-04
3.363613714934220438e-03
3.040853763745157007e-04
3.118145604492490687e-04
3.965046590329737199e-03
6.529480387136354057e-03
7.820732104806381183e-04
4.544001373082981812e-03
1.305112579442912254e-03
5.206682499779154930e-04
2.487034174291405907e-04
5.030362092492821806e-04
6.260016811923080175e-04
1.363345901609793083e-03
8.464977792323752229e-04
1.151085402743435649e-03
9.351803147423778592e-04
1.328147465059987924e-03
5.510113285787982982e-04
3.700351951423716014e-03
1.092997653127894498e-03
1.301649900266216601e-03
4.621838355643833251e-04
1.971847346575849712e-03
3.501247752644983204e-04
3.235101197830229838e-03
8.471588663413196288e-04
6.742941667229839214e-04
1.230388079154269955e-03
1.025974085443857181e-02
2.787705498745322516e-03
1.795404758606852910e-03
8.379825260735228798e-04
1.546543253759786671e-03
2.692243673939981926e-03
2.639551169643112455e-04
1.092713218990826272e-03
1.787200834684535267e-04
2.282350274988187433e-03
2.924877023372928365e-03
1.893312699474221676e-03
5.720176654073354282e-04
3.944792160703555414e-03
2.540620932554407338e-03
2.658443569439695835e-03
4.999214192549449563e-03
1.385313277854890134e-03
5.268700907513880960e-04
3.648957001694669560e-04
1.723357546764187325e-03
1.390635100798652719e-03
9.623755452104104701e-04
1.108204643772472617e-03
2.018589904827206103e-03
2.308867530509302757e-03
1.380642860603649175e-03
1.080461494773822615e-03
8.366866877554694423e-04
1.638045595626127279e-03
9.857275927478907455e-04
2.135075092252349156e-03
7.381956433611988177e-04
5.316802280098586499e-03
8.087104631374598344e-04
2.473028418310589346e-04
6.563380734869624089e-04
1.422717221336719127e-03
1.244566593425945221e-03
1.155915057879187535e-03
2.607837992146001533e-04
8.938215322714753580e-03
2.286196499516924565e-04
1.562970135535215164e-04
6.601543754413241160e-04
8.010523949062201519e-05
9.331040945447778524e-04
3.607944039979027549e-03
9.051121621861201285e-04
1.233586732238383700e-03
6.631935996810511130e-03
2.329469472106467012e-03
5.369729550965503858e-04
2.250758554037157137e-03
1.917387559240938007e-04
1.799168473202575672e-04
1.022307153617783718e-03
1.191918265861302952e-03
3.675399978677844261e-03
3.824754219054524174e-02
9.321044357028316209e-05
1.324356016761159683e-04
2.881227847142175187e-04
9.549475015157040910e-05
2.879695535581997738e-04
8.088564447160790077e-04
3.725800064365882014e-04
1.395597096726914179e-04
1.709612471713499752e-04
1.425385230332972680e-03
1.743370475815972506e-03
2.332128133108228585e-03
2.116354156752410509e-03
8.870973278646320306e-03
6.843572151706449943e-04
2.653715099956178709e-04
2.195764633816602452e-04
3.759410305258801340e-04
2.776260033667113706e-04
1.317774302193866357e-03
7.932285751954121222e-04
2.086332062810659221e-03
8.729620864664392821e-04
3.748675824833130107e-03
3.492368539141393782e-04
1.542118935376293873e-03
1.660294775694309659e-03
6.377093731149717287e-04
1.077746365826910083e-03
1.595465489642178053e-03
3.583073514661062192e-02
8.238893761218625631e-04
1.290389748384642040e-04
3.105453669048811351e-03
6.936374109976585814e-05
4.139038889584643194e-03
3.515471098200015224e-04
2.729826469381042148e-03
3.572195764896781344e-04
2.855211220459885559e-04
8.372492585792481621e-04
8.265140940856433374e-03
6.095183173406371405e-03
3.064040540085380144e-04
6.776856338826694722e-04
5.259847272467779462e-04
1.217512033718256507e-03
1.737281958078589958e-04
6.189556007473081536e-04
2.194296039033812300e-03
5.513772115631208936e-04
6.744416064934249423e-04
5.236527631945413035e-04
1.922654007100687429e-03
9.096247543866214664e-04
1.085193919368968246e-03
1.326528563363239951e-03
1.443043472891778227e-03
1.554108488760664491e-04
6.069853809502166742e-04
1.211476043155137626e-03
3.371190693322494939e-03
