1.054030652841508431e+00
2.007321095413951539e+00
1.622129895609185857e+00
1.924219468745733685e+00
2.194613255326883561e+00
2.381228991835625752e+00
2.443844222241871478e+00
2.458985802921970887e+00
2.522197828545021725e+00
2.618421744538691698e+00
2.732236139134397668e+00
2.846019877600753034e+00
2.954107949688841828e+00
3.054933246870685792e+00
3.151196741650674316e+00
3.235346993457630216e+00
3.301793975225419508e+00
3.356732817252240153e+00
3.403701120176168438e+00
3.448281342334395205e+00
3.495497309506994110e+00
3.548009728005527830e+00
3.605471295574363300e+00
3.670751355765840440e+00
3.738822037053396219e+00
3.813842892694551345e+00
3.889296361462898588e+00
3.962978247258397424e+00
4.041710521467635431e+00
4.116986834889175384e+00
4.193064948631530342e+00
4.271187498893874945e+00
4.350093690759444520e+00
4.429333877300070554e+00
4.504444984423347620e+00
4.570656642222262533e+00
4.635335819363616494e+00
4.684609614497492025e+00
4.722541835498688556e+00
4.742271405698849307e+00
4.747102164241590927e+00
4.735763109972464413e+00
4.709115740545440687e+00
4.665174429106839327e+00
4.606789589468792023e+00
4.529036066562350804e+00
4.443747248705561148e+00
4.343588362160540228e+00
4.230313537069778640e+00
4.110693179788918350e+00
3.979023568942695377e+00
3.841009328097594544e+00
3.694418214772526632e+00
3.542675389302855748e+00
3.384051115393487130e+00
3.219609967171680687e+00
3.051680352650449901e+00
2.882723065853091349e+00
2.711332415323384648e+00
2.541865872252201619e+00
2.372965744948494660e+00
2.215777471003989252e+00
2.064533568020373799e+00
1.933636714676495671e+00
1.818082168475560367e+00
1.720304962232231727e+00
1.644076693900821562e+00
1.602140742353464598e+00
1.586423221368338909e+00
1.600241176199486581e+00
1.642389035913489614e+00
1.708425577254400363e+00
1.798100956951377949e+00
1.900183162051327868e+00
2.021989476469280955e+00
2.158097547977230413e+00
2.300041600543965448e+00
2.449464166190054915e+00
2.602213825090849308e+00
2.758173057850115573e+00
2.915377835900954562e+00
3.073614241016868309e+00
3.224542590572548217e+00
3.376461121290784018e+00
3.525453097569422489e+00
3.664762768289825168e+00
3.793936449625296525e+00
3.916353775450635677e+00
4.025859265764753836e+00
4.125763209145931754e+00
4.206806189068442947e+00
4.275668951844662224e+00
4.326921515598463053e+00
4.367172962569772388e+00
4.387375181549506564e+00
4.384539449198354255e+00
4.371978799378029912e+00
4.340867129333390473e+00
4.291115091443868046e+00
4.224669580794400581e+00
4.144799820751130959e+00
4.047524878055445363e+00
3.938475899600005992e+00
3.819329463872002783e+00
3.688079264029687998e+00
3.552949180229913129e+00
3.412297049179136899e+00
3.268694052261897465e+00
3.125308307622299608e+00
2.978416336817501620e+00
2.844481646202619451e+00
2.711218538248167942e+00
2.586399227378514354e+00
2.468311937658074662e+00
2.359400668602229523e+00
2.259813740124424708e+00
2.168729128846648813e+00
2.089396812462678277e+00
2.019940788852115254e+00
1.964960622080267783e+00
1.914164824020841316e+00
1.880406999539247836e+00
1.853247844430818692e+00
1.834289737197678738e+00
1.827240628489708696e+00
1.824841127297626153e+00
1.835259648440623392e+00
1.853225762242847185e+00
1.884056272292254253e+00
1.920194827131366022e+00
1.972915125863557329e+00
2.037641123621630967e+00
2.104068257695903554e+00
2.194730331731796102e+00
2.286732422410485910e+00
2.398517084295263224e+00
2.520715482423031784e+00
2.648433904289063445e+00
2.784355389088158272e+00
2.931870007108976051e+00
3.084341585410218745e+00
3.244131451893578877e+00
3.409425456755926120e+00
3.578963959478768775e+00
3.751404122824058440e+00
3.930079398521864498e+00
4.110505887494437793e+00
4.287599383703563305e+00
4.469978959396279983e+00
4.651197335178753889e+00
4.837683611913522697e+00
5.022574939223254376e+00
5.204612869491072047e+00
5.391881774939479399e+00
5.575400184375952861e+00
5.760932347817907306e+00
5.943002996450696962e+00
6.124587578720857906e+00
6.310931965087263507e+00
6.496459850990422780e+00
6.674488232367318474e+00
6.855138885300180895e+00
7.038325699932063806e+00
7.218355578107746418e+00
7.394576260618747732e+00
7.572326003498321079e+00
7.747797266492318258e+00
7.923800282603963296e+00
8.096413680773324018e+00
8.266937628626514822e+00
8.435926925147839484e+00
8.605770032216835119e+00
8.775003439103253200e+00
8.942139651380317744e+00
9.104680602597300165e+00
9.269611184439993323e+00
9.427889288636359666e+00
9.591710489463180167e+00
9.746281394585777136e+00
9.899691602749145503e+00
1.005464461715941837e+01
1.020054574081355092e+01
1.035015908477376456e+01
1.049568766388625818e+01
1.064078427775238112e+01
1.078240481282521124e+01
1.091735369103671438e+01
1.105493331172314164e+01
1.118489158119242255e+01
1.132033709539255817e+01
1.144941313628516610e+01
1.157032756720410660e+01
1.169390401363238041e+01
1.180904670546978252e+01
1.192779723263850222e+01
1.203818641677730028e+01
1.214612988174026498e+01
1.225219247348268148e+01
1.235046349097433449e+01
1.245120633576961566e+01
1.254127483125652631e+01
1.263106898788440269e+01
1.271892065002021610e+01
1.280149036067840562e+01
1.288091489260973610e+01
1.295588445398376010e+01
1.303593464481770070e+01
1.310243637207562450e+01
1.316451835834803319e+01
1.322149374515105613e+01
1.327292450495789566e+01
1.332162793565507997e+01
1.336993518813362769e+01
1.340464416815409443e+01
1.343546558756673726e+01
1.347321239036344842e+01
1.350045756684177434e+01
1.350710660560493004e+01
1.353359570273922152e+01
1.354920888447025717e+01
1.354870406895118506e+01
1.354792235857430249e+01
1.355438751892973492e+01
1.355383008746253104e+01
1.353448513240338613e+01
1.352415697471260358e+01
1.350771100550896442e+01
1.348370685843346273e+01
1.345497259441282623e+01
1.343540850541341136e+01
1.339836818704742960e+01
1.336943813250546143e+01
1.332626096133123461e+01
1.328845479703455368e+01
1.324663756724144470e+01
1.319753449186958250e+01
1.315543507946109614e+01
1.309697181111508080e+01
1.305802925491647137e+01
1.299362033249269466e+01
1.294126322314490984e+01
1.289214414807218745e+01
1.281990944937041377e+01
1.277514401243262121e+01
1.271442235517164576e+01
1.265113453546359423e+01
1.259039880672869138e+01
1.252676319538896443e+01
1.246243384487586425e+01
1.239758109348637838e+01
1.233047210954414830e+01
1.226640184168489256e+01
1.219759126666463445e+01
1.212967479146618466e+01
1.207113596364163222e+01
1.199975574684636648e+01
1.193359741793957873e+01
1.186601383391542441e+01
1.179537462300810979e+01
1.172840469889300330e+01
1.165594303113403640e+01
1.158924770727661269e+01
1.153572403526758272e+01
1.147024339619325595e+01
1.140133797419863981e+01
1.132676247638916855e+01
1.127204447400895049e+01
1.119220339435799261e+01
1.113573457918742626e+01
1.106624961619533920e+01
1.100807199699700334e+01
1.094773522955579992e+01
1.088097097425938564e+01
1.081849224077334348e+01
1.075459590521217024e+01
1.069246747785584084e+01
1.063952371636480443e+01
1.057142552063696073e+01
1.052059558206046397e+01
1.046433980981222689e+01
1.040431038271651687e+01
1.034695767846152314e+01
1.028006186745182582e+01
1.023248538531725060e+01
1.018338417778455351e+01
1.012062030725096839e+01
1.006909537977489322e+01
1.002335301545734758e+01
9.973498059544981587e+00
9.919842601764974788e+00
9.868032877151049931e+00
9.825175176743021765e+00
9.770064298539072212e+00
9.731271625356894717e+00
9.687159431813833876e+00
9.642067070631229697e+00
9.600363929756602133e+00
9.547734371007166487e+00
9.510837639528118004e+00
9.472676628999673554e+00
