9.595483433689707686e-01
4.858068771257070817e-01
1.901699714294243337e+00
1.831547490376458365e+00
1.566929501850912843e+00
1.365773651308654024e+00
1.214247154251158145e+00
1.086558906269980751e+00
9.734625344193355012e-01
8.645108483550004719e-01
7.727983489000420647e-01
7.003551456152891097e-01
6.054087617403157706e-01
5.379267174332663659e-01
4.545566049686531884e-01
4.161385077600635030e-01
3.702903420073161977e-01
3.282922094398366686e-01
2.838988530446170944e-01
2.544981796021884568e-01
2.290268040167513786e-01
1.979356183111425638e-01
1.793587061028562024e-01
1.875572162716240554e-01
1.426027856308585973e-01
1.328291290432800364e-01
1.088025971625374844e-01
1.050332272923198002e-01
1.009204273311112288e-01
7.889268655365332117e-02
8.186196800075758173e-02
8.073943719988742329e-02
6.482253593255199453e-02
6.770951605408133400e-02
6.838404713312590255e-02
5.392463340971775931e-02
5.762392453951701438e-02
5.406466101273398744e-02
4.612678961680261730e-02
5.034898700800101434e-02
8.598042263930062712e-02
3.902744198408480275e-02
4.402885999104730330e-02
4.484732725052632818e-02
3.303344471635800972e-02
3.896219430297390846e-02
4.062131123290375206e-02
2.490124507066173928e-02
3.353771730385370770e-02
3.597176455428917341e-02
1.382418582040722405e-02
2.705436988193566511e-02
3.184194930654297984e-02
1.350863273356004562e-02
2.676037067620427173e-02
3.084204776334511025e-02
2.168401210289997230e-02
2.738903337117651673e-02
1.099066323923622232e-02
2.275536694090003406e-02
2.581900027307827347e-02
1.541619123940258379e-02
2.338547082412738287e-02
8.544380940973020713e-03
2.029143537884074353e-02
2.270836436964031660e-02
5.571706294181658255e-03
1.979359476131180295e-02
2.119496844800367041e-02
5.762467415252629441e-03
1.933999012443042564e-02
1.608400316919813763e-02
1.593700504363127976e-02
1.868866555945513860e-02
1.972822443883418334e-02
1.554538782129889080e-02
1.747870511673113234e-02
1.832940222001537209e-02
1.588776334208846092e-02
1.257150797961644959e-02
1.582247424653398377e-02
8.064383235231167499e-03
1.445107244369206977e-02
1.501746280708157570e-02
3.999457112261974555e-03
1.439479478330132900e-02
1.441160561544666506e-02
1.311247922166259780e-02
1.355610354559461106e-02
5.156742247740959441e-03
1.285498308648187933e-02
1.280599965306304655e-02
1.013114747840075831e-02
1.210633386035050996e-02
3.103111069543484576e-02
1.145817082345658433e-02
1.145153436760733799e-02
9.883071224773755381e-03
1.097295724023567183e-02
1.074192462523949898e-02
4.481191106078481756e-03
1.040718875495597745e-02
1.009396669827302556e-02
9.962102557229478295e-03
9.665000182646970445e-03
9.449301233547958978e-03
1.055020163263024370e-02
1.988764862104838368e-02
9.343305768820191204e-03
8.408573652161662262e-03
1.544361538948929233e-02
8.356779965427232892e-03
8.555606893286816367e-03
7.985999810214130731e-03
8.050848164527541970e-03
6.345928905109991976e-03
7.731398188610103667e-03
4.914558068975475799e-03
7.471379752061851377e-03
6.249358225554837824e-03
7.251061133137405232e-03
9.776815374507733317e-03
6.802599094214903559e-03
1.004020253238938065e-02
1.338617791370600059e-02
6.605781162177059782e-03
7.861843354785106111e-03
6.406046621979508138e-03
9.716782967270139182e-03
6.215938111399726962e-03
6.622544468846143506e-03
6.447792549894918596e-03
4.685695446810899181e-03
2.112958273631298893e-03
5.809530717904318707e-03
8.815691217709253902e-03
4.645162142134969148e-03
4.280169351235943442e-03
7.644503144698485374e-03
5.223265177247829634e-03
5.390731032571574946e-03
6.234858342525550698e-03
5.322678237564765560e-03
3.940896441411434470e-03
5.120328949182643453e-03
3.579107303360706989e-03
5.574862222067028701e-03
4.919247643528198467e-03
1.392641206471549077e-02
4.604580616424075457e-03
4.843901479237963832e-03
3.214253508282648424e-03
4.615163040255488430e-03
2.766278249281194264e-03
4.325650474404925394e-03
5.568204844666809795e-03
4.577694457934072814e-03
3.505847586825205919e-03
3.482334605202263862e-03
4.314889707595909521e-03
2.800611027041663773e-03
5.510858785028685709e-03
4.189362928843061787e-03
5.602588379944454730e-03
2.874914694403616321e-03
4.099708879526506831e-03
5.540427585166273622e-03
6.459996475988988643e-03
6.721392164636467298e-03
3.974534571254281778e-03
4.412761553716547727e-03
3.979637972591763481e-03
3.986739014351190803e-03
3.945570018361745958e-03
3.942324119515692137e-03
6.435459478583176705e-03
2.981177134059238322e-03
3.739636070969730702e-03
3.199593856129315586e-03
6.616433849879241325e-03
3.622748408719963110e-03
4.037598686917486315e-03
3.843487111177295700e-03
3.931961413646442062e-03
5.040380071616739135e-03
4.469542697753809551e-03
5.914350552616290044e-03
3.533218927577496012e-03
4.133698427846163766e-03
9.547446844864772991e-03
3.604262577347458040e-03
3.636490721052055338e-03
3.003448050747612851e-03
5.928406826311423579e-03
6.085467584232537135e-03
3.897133640235427281e-03
2.266987605681431480e-03
3.329460311720373270e-03
4.413618833627079054e-03
3.367505957623825961e-03
1.319508380636040534e-02
3.195080130458509762e-03
3.472618040133456253e-03
3.518301858747751448e-03
3.179159693268322068e-03
4.031545060955708457e-03
3.125120590359206293e-03
3.288123345031447424e-03
5.878499814123007428e-03
3.023296481270991778e-03
3.052142672206431453e-03
3.254624765054603668e-03
3.004843281076636455e-03
3.285891714178154968e-03
1.277965312287626318e-02
4.349125087817482145e-03
3.120211430542712498e-03
3.545662677693899902e-03
4.489819250381265996e-03
2.816268723145631727e-03
2.862253910271987493e-03
2.810552199493731879e-03
1.727164655936937144e-03
2.673404523612655289e-03
2.909847045864509801e-03
2.712279999623085861e-03
2.016274871494811837e-03
2.897227458549784997e-03
4.499793233812822597e-03
2.537613210097942711e-03
2.704329924844619398e-03
2.365406981081653436e-03
2.070013069785933430e-03
1.975745642236514943e-03
5.526278474064342389e-03
5.384864172795226535e-03
2.416007197304413222e-03
2.421776015536049060e-03
2.436631958836079845e-03
2.121429549364809049e-03
2.455058603600762668e-03
2.320786384564409860e-03
1.951617539030963203e-03
2.245777388726145907e-03
1.480156304443115732e-03
2.140786653705804756e-03
2.796073506937603054e-03
2.660411424541392605e-03
4.518102791168050747e-03
3.109542454164507513e-03
2.084494891244111602e-03
1.732764954233573587e-03
1.990611634420521529e-03
2.727004651572397052e-03
1.138124297309743745e-02
3.964035087453640985e-03
2.123848295637187269e-03
2.538480002895059703e-03
1.644359469450461979e-03
5.332530171041538827e-03
5.067158083343973642e-03
6.020956424412648306e-03
3.715069566817289816e-03
3.144205353104108196e-03
2.877991386308832895e-03
7.257387668374931482e-03
4.296910246360940468e-03
1.646840760494172303e-03
2.180731433664602047e-03
1.442497172121542546e-03
1.538983256055533608e-03
1.557211647908018871e-03
1.615499763957598629e-03
5.818896014796373813e-03
1.733808230572740682e-03
2.295718321767864500e-03
1.825475696728829809e-03
2.069334456639541214e-03
2.148581518637610824e-03
1.740366654631213955e-03
1.634156201462159562e-03
1.827375512239340794e-03
1.216302846444145078e-03
1.789521108561143879e-03
1.988783524862280418e-03
2.505321116229947999e-03
1.902528466645480622e-03
2.173726174517044869e-03
1.478926461887096261e-03
2.610353475735141537e-03
1.745317117255436833e-03
3.109364758178053204e-03
1.330265010499597465e-03
1.292471050478687534e-03
1.574083219137107541e-03
1.150592602205866748e-03
5.249746578875945889e-03
2.925050347268324993e-03
1.434299044418731704e-03
1.114988889503011962e-03
