1.016947530693332880e+00
2.259099468082023776e+00
2.476274457518258032e+00
6.232773421914218348e-01
7.174798323343174467e-01
4.265808055396487219e-01
1.987296607608895760e-01
1.405705049933234363e-01
1.865717804178211314e-01
2.323535081319882678e-01
2.624440460116267970e-01
2.595529569544209325e-01
2.300519489689817620e-01
1.864078511809009464e-01
1.591966633969999489e-01
1.321195528072217074e-01
9.510418773217257926e-02
6.758595107551861048e-02
5.344393990970409958e-02
3.217974610288881765e-02
1.712556932017861300e-02
1.115603883811166694e-02
6.680881220422290288e-03
3.653033814130310364e-02
1.117373064174067426e-02
2.131825823689293201e-02
1.656172838379019185e-02
2.638234969259354787e-02
1.390690291663054280e-02
2.547024609379416188e-02
1.290534357984499808e-02
6.002641919742948695e-02
1.179990361680719954e-02
1.588509298423518984e-02
4.031068858602623178e-02
4.378214099050052599e-02
8.396007624088881738e-03
1.199084516487608672e-02
3.445688684631696697e-02
8.822146701016955750e-03
9.280424861411862639e-03
3.198653066752601276e-02
1.675466435822793934e-02
1.290373348457472466e-02
2.185085518536001095e-02
1.402227020510861052e-02
8.315409647677223653e-03
9.539880969079990447e-02
7.615585144344388241e-03
2.144727739780966091e-02
6.974128447224065518e-03
8.089317197865904599e-03
9.636122918020415332e-03
7.138088549371624479e-03
1.794827419491644774e-02
6.367768574626995505e-03
1.027023453001495168e-02
5.454486575989536158e-03
1.018980937607603596e-02
2.852501662089434314e-02
9.287859444223115629e-03
2.936803404759366284e-02
1.212717253503613722e-02
9.319605824910631026e-03
6.441815718625334627e-03
1.157593139508884816e-02
6.294040783855906276e-03
2.822050661043612463e-02
9.158298356168222132e-03
6.675166805180558251e-03
1.918555979930243460e-02
7.054516395463115638e-03
1.248302571476631213e-02
1.295811735517395091e-02
8.236233604722410090e-03
6.472584528907042445e-02
5.658729689978822704e-03
6.726050094042962564e-03
1.007318930505560380e-02
7.642431839779127191e-03
8.298217770797870069e-03
1.566222530785370270e-02
1.022962019980107155e-02
1.124723815090041858e-02
2.101606982202697607e-02
1.217790984412519921e-02
1.655463919896819208e-02
1.781782977056168421e-02
7.901695477008566573e-03
7.510954369619178388e-03
1.364237826006042299e-02
2.273728668314832502e-02
6.323211876917949302e-03
9.176878943732360780e-03
3.075061668280771807e-02
5.505179697982372222e-03
6.404276342080090362e-03
4.288874939240277379e-02
1.459230350825187379e-02
4.840576033318937099e-02
1.055798810017442510e-02
1.858770102629686560e-02
6.372745368035931564e-03
6.200074791433269478e-03
3.342072202557595101e-02
6.222182560934754088e-03
7.073171724183599865e-03
5.884991298289963917e-03
3.502556538944547049e-02
1.877040305540184778e-02
6.297016537629145962e-03
6.482112233822286997e-03
5.792812289647748109e-03
1.031788653298246726e-02
8.701834955702552124e-03
1.042706055274899950e-02
5.008825748511237103e-03
5.471829434795393368e-03
7.893896378397234626e-03
2.345512915937762038e-02
1.026044894261622827e-02
1.897138223100871754e-02
4.739807457508757836e-03
4.883540344572848135e-03
6.606129336027869239e-03
3.361512738185202728e-03
5.118986136183095031e-03
1.363882862902733584e-02
2.038074607031457181e-02
5.831858535698362066e-03
1.045347973850795781e-02
1.266630582637146007e-02
1.212545380826789317e-02
2.173119501405795448e-02
3.723283437689383843e-03
8.981398720774965566e-03
1.094585928993782771e-02
7.945368386415156345e-03
7.035701294222428646e-03
6.227198976703350770e-03
9.215787863115203898e-03
3.260908678532131039e-02
2.354648984591775976e-02
1.131488683092506803e-02
5.755391149983441791e-03
8.390053335563234932e-03
1.668704189570292123e-02
1.227444688888179591e-02
9.268633043278708822e-03
8.013514885812303076e-03
1.189558780710403031e-02
7.668189864471342335e-03
6.979041197057464160e-03
7.712863320532332805e-03
2.189616707181982203e-02
4.676191605606648712e-03
6.134168381830874817e-03
7.225984672802420947e-03
4.277183752496030271e-03
1.667860111203195439e-02
6.819163557403640219e-03
9.196497793883829860e-03
1.082426035859268033e-02
1.587091710840267400e-02
1.646426683538304916e-02
5.246852314965092835e-03
5.232076001034241704e-03
4.406807815118470549e-03
1.142226315035623808e-02
1.260446476577984157e-02
7.290322494702725087e-03
7.254809845398925428e-03
3.932117141377531808e-03
4.955178506007944066e-03
4.882930650447250484e-03
3.819574565427223765e-03
4.606073911031497228e-03
2.759370705545332106e-02
2.559330938122321084e-02
5.248623237215086119e-03
4.462816087743395194e-02
3.935689194853583817e-03
3.775454009447205741e-03
3.575805993943172601e-03
3.087572311503642992e-03
3.508711796866348376e-02
6.772477145290513832e-03
6.360025965389782925e-03
2.761857387994388294e-03
2.931377869902891242e-03
2.500882944853261881e-03
4.420502047029130355e-03
1.254286175520876422e-02
3.642861625207986787e-02
1.077973296234705641e-02
2.867897096477558735e-02
5.653303041595257768e-03
1.561873519823962081e-02
1.553695619515693335e-02
8.857166105112045454e-03
3.017797735844865784e-02
7.525494113490644593e-03
6.691763863511382936e-03
1.060777929139610810e-02
6.643442009915860938e-03
4.543583266807600662e-03
4.174018978204228382e-03
1.429497173781853724e-02
8.636125335500118710e-03
7.155554842661013618e-03
1.333738782170894137e-02
1.021116146150856559e-02
1.102945064417905179e-02
1.486457774511502385e-02
3.003388475560250792e-02
1.430650125862653957e-02
1.573385579564007958e-02
1.240469740093773018e-02
6.372322679058356996e-03
1.215148418123448808e-02
6.165618058475891110e-03
1.191391564808887311e-02
2.171008475218741407e-02
1.789996832526975779e-02
2.125663038574201330e-02
2.972819607600312580e-02
8.600836252749499006e-03
7.028577958365937219e-03
8.306071138390732841e-03
2.684554999993375712e-02
4.336335338931410037e-03
5.071617155952176138e-03
6.664665112671501641e-03
4.227867934600783653e-03
8.240721727637883437e-03
7.665706527063785407e-03
5.977786474136240376e-03
2.125924395453693272e-02
7.125795685156964890e-03
1.022821235696075130e-02
8.193786378304342491e-03
8.281965050062822450e-03
1.279166695764770781e-02
7.601475396205066917e-03
1.025248079208543328e-02
3.521328703612857519e-02
6.963980464525692908e-03
4.713186152388709575e-03
1.363482812424335160e-02
9.742173317356826387e-03
1.243675846872486189e-02
1.407531227331066878e-02
1.007221887778637220e-02
3.201186402333892900e-02
1.928162669471969459e-02
5.142896655213373240e-03
4.402007574715362942e-02
6.045406584096055941e-03
1.220926768751357666e-02
1.784475076635440305e-02
1.481115108784080044e-02
2.025910938017618998e-02
8.914081428193025222e-03
5.477433402091043055e-03
1.956242947521207032e-02
9.605284477952875585e-03
6.847704552482014595e-03
1.674200954920294221e-02
1.721405528076968769e-02
9.981084093245011848e-03
5.066622684696321134e-03
8.676710106709386791e-03
6.387824861216546274e-03
6.834725099719395763e-03
6.913622398983027516e-03
2.361340156052085110e-02
2.600048860681420521e-02
7.644954468503477145e-03
6.800340189780610702e-03
1.183489151403742216e-02
8.164811753231965633e-03
1.707428859023006618e-02
2.660093847481458801e-02
9.453278566063070404e-03
7.421993912868297440e-03
9.050541668224661856e-03
1.074652985978594155e-02
1.996012235516556738e-02
8.392988055935548392e-03
2.391228308657156187e-02
7.482922910851363442e-03
2.422014813924005389e-02
1.523891522649639153e-02
7.318712037731265815e-03
7.535433351907422708e-03
7.113718866827235636e-03
6.588313094663595694e-03
6.864594287404627779e-03
8.069131111399441975e-03
8.797333430706155699e-03
