7.838248061317945048e-01
2.567965437198396761e-01
8.418635562186693733e-01
1.280773188135697183e+00
1.270945647292324177e+00
8.643926728181327013e-01
4.724209064869691610e-01
2.573373612212115913e-01
1.443649184230709759e-01
8.364299620360431120e-02
5.012862248682248278e-02
3.156661453797428296e-02
2.137274169442395996e-02
1.583615599117883452e-02
1.290056295837713890e-02
1.143835172607437015e-02
1.082379954307088887e-02
1.068844430496366724e-02
1.080361588541470241e-02
1.101948127334041391e-02
1.124198335183512060e-02
1.141693106431990179e-02
1.151861476998018198e-02
1.153965080052125891e-02
1.148352114792791819e-02
1.136585826255328766e-02
1.225959548717894636e-02
1.097492971179864045e-02
1.194537087617490723e-02
1.044739945383553296e-02
1.032750659250353947e-02
9.912597177970884979e-03
9.201633360340768369e-03
9.372710267831698902e-03
1.003489363646379272e-02
8.831940485195257165e-03
8.315630312700734300e-03
8.116799398554428238e-03
8.132889451212358192e-03
7.838658637456029019e-03
7.494286735502429103e-03
7.492148278393871014e-03
4.984874042194721924e-03
7.027533428881550803e-03
5.713572133781210163e-03
6.589852906037802285e-03
6.048765095192086202e-03
6.259126854524885153e-03
1.075880269962157208e-02
6.156481093045687580e-03
4.735412360520241740e-03
5.602131204580427029e-03
5.634633763245644640e-03
5.215901875411905510e-03
5.105431501818680912e-03
5.730356870689456115e-03
4.738786995468262549e-03
6.338207002182069845e-03
3.583955862725789893e-03
4.935051661275888409e-03
4.707946490832105174e-03
1.777180572928256869e-03
5.352144424889198129e-03
3.885568182662044612e-03
3.553045034413428171e-03
3.708328588227310495e-03
6.532042566834911530e-03
5.226896954579781512e-03
3.851908437835047539e-03
3.042543851121425058e-03
3.096471450046725526e-03
3.004847770821402527e-03
2.787373202149157764e-03
1.616697856394864151e-03
1.869394224773412907e-03
9.388324819517004580e-03
2.803154974444764438e-03
2.489911127340293292e-03
6.642357631262032873e-03
2.541693663791360670e-03
2.064648774379459518e-03
2.747602051655995484e-03
3.513249728943577347e-03
4.264471075978563432e-03
1.945637668524061474e-03
1.646417872471742701e-03
2.147550407804438895e-03
1.051288089438428414e-02
2.012752086803268163e-03
1.785320199978122999e-03
3.092920325982383644e-04
2.005795586187806082e-03
1.578366995596585092e-03
1.123092693384051795e-03
4.321832398297658154e-03
1.377370922850081883e-03
1.047487700709703526e-03
1.978605334452586753e-03
5.566404415170719475e-03
5.080918824621804891e-04
1.367018353691668410e-03
8.610521506378154138e-03
1.104666685097665906e-03
7.116668206861864916e-03
8.381647865767686374e-04
1.456903638758899350e-03
1.001218585650450778e-03
2.066772921163011461e-03
2.148991616194723554e-03
3.913473714272674639e-03
6.439927254694137329e-04
1.000057504149487290e-03
4.559994520136740476e-03
4.478500849814019778e-04
8.544645656684849095e-04
3.396568169927166071e-03
1.157894509291755710e-03
1.812712568181242684e-03
6.912870271475697386e-04
3.010646664720597536e-04
4.789102202783732131e-04
2.747691395789262823e-04
8.440332938579339726e-04
1.715032714216480297e-04
1.052688322203671704e-03
9.175114790053169427e-04
2.419715945362357207e-03
1.671154065831717409e-04
6.046507435485386911e-04
2.576332200500842788e-04
1.262229830076282578e-03
7.967452287703408490e-04
2.239295853610568710e-04
2.308325754472312277e-03
7.972582677863821691e-04
1.707972347954661487e-04
1.257809145403770762e-03
1.751423639659496810e-03
1.616765303095803489e-04
2.888855437666308537e-04
1.025285624420784088e-03
7.494556909213891116e-04
5.858393017689313489e-03
6.855510655406245324e-04
1.223754143153521837e-02
2.750399594513256059e-04
5.084444542870446542e-04
2.721784706549310257e-04
8.374371035278519934e-04
2.020078864583099471e-04
5.232011217131636843e-04
5.224742133341431964e-04
2.441103731185567140e-04
3.036060418900514250e-03
1.134951701168227575e-03
5.563616026965130176e-03
3.261676400899678283e-03
3.477926182480062852e-03
1.897697564992774789e-04
9.888514412703132677e-04
2.985454455634760297e-04
2.452068385569182224e-04
3.372585330083822681e-03
1.448564375815731187e-04
9.274999868525255105e-04
2.126715011875058604e-03
2.147987495234014190e-04
7.957731776557440103e-04
8.818331821338244595e-04
1.654636298277147033e-03
4.019331869978445305e-03
2.907609803442379594e-04
1.425514512615789781e-04
3.083814371297768074e-04
1.938685912533793859e-03
1.589913145365063176e-03
1.183941741151984823e-03
8.570831933811353439e-04
3.480810495886348783e-04
8.517814415381455865e-04
1.525227944853786233e-03
1.434859384135043570e-03
2.366163478273812764e-04
3.244782321306450938e-03
4.821952550008139736e-03
6.603050709208430112e-04
2.920809374193342883e-03
1.581888142263492101e-04
1.645310615130298458e-04
2.919259665823642860e-04
3.103228359847186530e-04
1.108413674505921535e-03
9.670136749216271237e-04
9.089454543476705763e-04
3.413526487444530112e-03
2.920359101801886558e-04
2.651168914310804339e-03
1.884202174275701478e-03
1.922619510294590415e-03
7.230121578064248105e-04
3.897337178226680768e-04
2.066145028469794365e-03
2.707746707608078493e-03
7.482462789433964217e-04
1.022312413102108557e-03
2.568449271911246007e-04
1.960793268529070245e-03
3.442600464083987472e-03
2.875182394412595247e-04
2.945945859243580419e-04
3.649779733823248283e-04
2.959221433160258256e-04
4.877375247391384054e-03
5.479183765536218935e-03
8.356681124499062887e-04
1.754037619062413322e-04
2.591869077295703917e-04
3.908258937526086778e-04
3.579962676051400526e-04
3.260558166632338342e-03
4.683748005202711256e-03
3.208373042307117811e-04
4.474855027927897863e-04
3.600420431292620117e-03
4.867093415186201787e-04
7.011438954022015946e-03
2.451956423147349010e-04
2.102873466911571801e-03
1.065704839365349795e-03
3.048722874432778160e-03
3.100121378494544253e-04
4.342402322495641717e-03
1.539327406339839653e-03
4.473479156464610189e-03
2.672011120328016609e-04
6.089650646162036041e-04
4.327183832474805307e-04
3.609053628467186691e-04
1.996746407476884680e-04
3.164670908679946245e-04
7.717185505161577386e-04
2.970531218668056857e-04
9.262531482137058856e-04
1.079981022243107569e-03
3.592515244426309172e-04
2.473197560417632877e-04
1.013012600798987584e-03
2.715946360083652247e-04
4.077958135579962205e-04
1.842915687609956857e-04
3.641749409393818873e-03
4.930962896312431933e-03
1.420040256295839170e-03
1.470203804930397514e-03
9.714274985807189958e-04
3.914700100290282171e-04
5.519633221168808446e-04
9.421711142695923802e-04
5.209365754678946378e-04
3.497147427130958787e-04
2.698641177013067936e-04
5.653811572497879521e-04
1.162336822120886917e-03
4.727057516381144011e-04
2.657761137289350265e-04
2.179979526002356113e-04
1.164991971604586703e-03
1.658523147908132428e-03
6.976198944675907239e-03
3.219367928701120018e-04
1.938836236947996097e-04
3.446987918626797558e-04
4.201284223563430146e-04
1.521396500643776382e-03
1.703079344746369610e-03
9.427476263200666295e-04
2.040861621824147120e-04
1.835502798666480747e-04
5.421623639708360049e-04
3.449148276158085519e-04
3.767376750511640371e-04
2.437098444239794374e-04
1.125482462269447245e-03
2.755393179794405137e-04
2.497828235345102028e-03
2.406353226791021257e-03
2.621688790418242633e-04
7.513496325878877852e-04
7.204973467064631912e-04
7.172013558804757978e-04
3.150601750197136453e-03
4.259942544320274903e-04
2.689434625971525903e-04
8.600511661961142938e-04
1.724019207064435722e-04
3.252612806863063662e-04
2.126881913061361823e-04
2.386822518313758644e-04
2.380396064154876245e-04
7.403424398298656239e-04
