1.101527695950029528e+00
1.122992431133256419e+00
1.349368932538361765e+00
4.399763701702670282e+00
5.191948043770000965e+00
5.679626688833425696e+00
5.925549345675571900e+00
5.843513141681691003e+00
5.656978166405035147e+00
5.575242231347965038e+00
5.122535865135424693e+00
3.549161245417298716e+00
3.238196151304605586e+00
3.030806689993480241e+00
2.897729005434184213e+00
2.767772276087316463e+00
2.628023413260189844e+00
2.477405840568615680e+00
2.296539742373489901e+00
2.234896218472345097e+00
2.082385289713853282e+00
1.988551159768844334e+00
1.977350807172479685e+00
1.839311337231185117e+00
1.750412235864754473e+00
1.655202438872336757e+00
1.584055875069882990e+00
1.496889473435645490e+00
1.426199449716123002e+00
1.341089495565246148e+00
1.321027801650513700e+00
1.219395367473239622e+00
1.133338395454670078e+00
1.081189956748985770e+00
9.934778141617730540e-01
9.629941780249924310e-01
7.972423056022626131e-01
8.556665750266251314e-01
8.072254084175838340e-01
7.638360451762347125e-01
7.347864697815985613e-01
6.830154221348572197e-01
6.675995467019032459e-01
5.297525760024167640e-01
6.028142970858220151e-01
5.940976785651763681e-01
5.497005311958029772e-01
5.511243905644143126e-01
5.038316428546747439e-01
5.038243130854324070e-01
4.944306993597680777e-01
4.689583009272547121e-01
4.786901425451214331e-01
4.979782377653944048e-01
4.607307092014757965e-01
4.583593564418174116e-01
4.317497702685416661e-01
4.637456921685366718e-01
3.990016518998594774e-01
4.533429483163463058e-01
4.004490995763346772e-01
4.316282360382543981e-01
4.118448024776293348e-01
3.150840641365164618e-01
4.366022324510420716e-01
4.243771235000303732e-01
3.487702714423786543e-01
4.144936605282313336e-01
5.054194210808651277e-01
4.134685617496229870e-01
4.244901209985588175e-01
3.784347727179305232e-01
4.151616096786099885e-01
3.975196060353016758e-01
4.098343458223498992e-01
4.008463547946521932e-01
3.415215069581136742e-01
3.796721177864753050e-01
3.985924550108706499e-01
4.887764126075717086e-01
3.777694632916387407e-01
3.731233307687605860e-01
4.043333926315526017e-01
3.851568138110000872e-01
4.099627581527718334e-01
3.727214614248971492e-01
3.407847021335748128e-01
3.028807841931330236e-01
3.787921607059717699e-01
3.884176849689566224e-01
3.714618722911551818e-01
3.702323332753311158e-01
3.705122983794603142e-01
3.859617785691650815e-01
3.532624241318488845e-01
3.188300624569793684e-01
3.229137040538081482e-01
3.693771500254764972e-01
3.626817425584256682e-01
3.477848694895921411e-01
3.616031762038665609e-01
2.824315063332773490e-01
3.611652015832086948e-01
3.575389160638151043e-01
3.633676596513587542e-01
3.686489095966670182e-01
3.574009775213316531e-01
3.487537314045715542e-01
3.446581692374904304e-01
3.387777903547792846e-01
3.563978122459555697e-01
3.688294936740574848e-01
3.454348748831221894e-01
3.169747236997947915e-01
3.517814530093302250e-01
3.611679640417799764e-01
3.450667305737567525e-01
3.683827008466918906e-01
3.455761205579053752e-01
3.655958118143773361e-01
3.077201978305549868e-01
3.442555337569795371e-01
3.373537137285207987e-01
3.503374490695383980e-01
3.423972190563773776e-01
3.381898736403353145e-01
3.579936601313269962e-01
3.366307222617710981e-01
2.692622855693430073e-01
3.176729371345788921e-01
3.131809782696731714e-01
3.458970437155405864e-01
3.319486518333422120e-01
3.184059824628351909e-01
2.946922144984956415e-01
3.258082005836831496e-01
3.357946254123773122e-01
2.838365141487566023e-01
3.460732989310068008e-01
3.365970176862170815e-01
3.420328065601413448e-01
3.299424512706452539e-01
3.359240986884950431e-01
3.291865568571988310e-01
3.317793121249953958e-01
3.216199435779184546e-01
3.340625965098701355e-01
3.588649375584750945e-01
3.244202521585440313e-01
2.716099237801094524e-01
3.354695274086504919e-01
3.232005575386927565e-01
3.095516074472955403e-01
3.016991334304728878e-01
3.388513280887165413e-01
3.226171514903112825e-01
2.867273565951637404e-01
3.227257963436906962e-01
2.584152761792566366e-01
2.908243356264352819e-01
4.009311632078987886e-01
2.616687295178286576e-01
3.283498085951275791e-01
3.163169802120719964e-01
3.268980235724683325e-01
3.137915128157305333e-01
3.221245526845331053e-01
3.154395759298476709e-01
3.221214202398035020e-01
3.176511255047944626e-01
3.431767686313053067e-01
3.101631558911431830e-01
2.893988222039342584e-01
3.378490313144099644e-01
3.131456600163433635e-01
3.234463434542149685e-01
3.056147632703778427e-01
3.134680405071912923e-01
3.215811891120013422e-01
3.046182273385725225e-01
3.238859623572518109e-01
3.106190165125976566e-01
2.609637834782425059e-01
3.107978961158958109e-01
3.104676719366174509e-01
3.128590972557265815e-01
3.039858004485593845e-01
3.249438480084810288e-01
3.010171457203915102e-01
3.127600333412184908e-01
3.198692298113064436e-01
2.495946651152383955e-01
2.723405759751826305e-01
3.079936480645906749e-01
2.994304604857725982e-01
2.976972664713655181e-01
3.016648364592507403e-01
2.660809030232964556e-01
2.780708418116300540e-01
2.989915258842734125e-01
3.246016533998937748e-01
2.987535665498276538e-01
3.081409369929672959e-01
3.229172662117982817e-01
2.966730063089774716e-01
3.128156127711211321e-01
3.286129184763550981e-01
3.261712174333982750e-01
4.448139713971691056e-01
3.573467559242899383e-01
4.281409400978535840e-01
1.917724497363593461e-01
9.200701467810167011e-02
8.247086872196673912e-02
8.652060362248331638e-02
2.302617499734489759e-01
3.863824139318132456e-02
6.037313796986015085e-02
5.467487549364131311e-02
7.860308131972593149e-02
5.977955696164903576e-02
7.890178460596798671e-02
4.088592462222857132e-02
9.752062923336315969e-02
6.396647045180903213e-02
7.757430587907633568e-02
1.790093840384800461e-01
6.797649002668341989e-02
5.459615624758213520e-02
8.241059099629138851e-02
1.653791671941532704e-01
9.015391721215419707e-02
1.029106579840289026e-01
8.391475435138140426e-02
8.879901911372752032e-02
7.688123788856493501e-02
9.074037838937656919e-02
9.349036348649050754e-02
1.006550999476232139e-01
9.048608094525967260e-02
9.037459802622239968e-02
5.639220321061056557e-02
4.979766456860215684e-02
8.886979178850605565e-02
7.657923307441392990e-02
1.512374074988912243e-01
9.824239297853007424e-02
4.307972019088896626e-02
7.566141234911173685e-02
8.144291553040851339e-02
8.779708886226708642e-02
9.317145858230260758e-02
9.039609134149638459e-02
5.241474800929183525e-02
6.566106400276328081e-02
7.925585980161767297e-02
9.343688957911822079e-02
1.388394101137550574e-01
8.892115701699594699e-02
9.426410234226040297e-02
1.336248873603119447e-01
8.188002564696042485e-02
1.175306378210770608e-01
1.224310124565122504e-01
1.017870431292011990e-01
1.079871349501152350e-01
9.736447272114162610e-02
7.946316676827733239e-02
6.604362589608094025e-02
1.012929080133643522e-01
1.336395396464844509e-01
8.246296768229019469e-02
1.075595714728163343e-01
9.358178757708390805e-02
1.046966298989978061e-01
1.015591524554679409e-01
8.689746832665511123e-02
1.170640170746687081e-01
1.018562827458198289e-01
1.071644157665208597e-01
7.519372084504198639e-02
1.292216176363157332e-01
4.248317658429001664e-02
9.460735781585694060e-02
9.678054076952867513e-02
2.500933934945068216e-01
8.145296652381353586e-02
1.928853791123315009e-01
1.129579598384529843e-01
8.081803437983339777e-02
1.146740467424933879e-01
6.106886106181596413e-02
1.141434365373681648e-01
2.262756136362336634e-01
2.181615004476829267e-01
1.359815091286117883e-01
9.618418748458408551e-02
5.317645467639601359e-02
1.048640955596792101e-01
8.500764175949004908e-02
