1.079045588397512523e+00
1.394439702685903670e+00
6.327579139606348768e+00
6.414560515153509002e+00
6.371054501474177734e+00
6.243013644570958753e+00
6.059883833598466829e+00
5.842404129857779793e+00
5.600129606574166807e+00
5.348678766549424424e+00
5.115165819556610316e+00
4.898020693518364332e+00
3.412308154188518294e+00
3.091350161558564125e+00
2.731893430603078432e+00
2.578850897626196570e+00
2.441588545431222723e+00
2.301548345438101162e+00
2.163868979582261431e+00
2.034856131126381751e+00
1.914517887824892961e+00
1.797524519504737350e+00
1.683734379847421581e+00
1.583206910885317509e+00
1.471440295338770632e+00
1.389171306002158657e+00
1.292255645118988383e+00
1.206183681122688034e+00
1.102807914407182066e+00
1.012919536747303617e+00
9.440472290472564643e-01
8.603118195898458165e-01
8.180019109969131064e-01
7.435976451564780820e-01
6.789037709946326160e-01
6.147386503575986705e-01
5.577422069207044197e-01
5.044532263888382717e-01
4.338188891520510793e-01
4.065668744355306341e-01
3.664420919594999493e-01
3.247366103105806534e-01
2.775244978507324101e-01
2.543290668006201183e-01
2.265593792795347061e-01
1.995858162758412935e-01
1.893789250518491118e-01
1.518426504741727801e-01
1.389325474653332615e-01
1.008983119511624588e-01
1.052757485472971405e-01
9.330651033535450334e-02
8.395182705319982619e-02
7.967390963522728853e-02
5.676760628433929340e-02
6.239923265209001979e-02
5.246533476917102784e-02
4.690499521264292204e-02
4.506690106895223924e-02
4.383608931446717621e-02
3.712068699594487514e-02
5.024023664545326784e-02
4.132691514917281872e-02
3.160651693597400086e-02
2.968795125822178485e-02
3.013398109513016829e-02
2.765436458898696409e-02
2.840165505581149566e-02
4.185113587530499973e-02
2.847254439908259577e-02
3.631066019777584586e-02
5.566939824569330092e-02
4.357651330590654737e-02
4.762170767824211448e-02
2.741438648269168069e-02
2.086086266581705512e-02
3.327825374386251395e-02
3.318433123058313339e-02
3.353944783733198848e-02
2.502254951040327330e-02
1.779603236881262263e-02
3.240769521201081887e-02
2.716969150312849995e-02
2.230034199166862352e-02
2.189739144056068385e-02
4.794925073767931228e-02
2.841278426571517898e-02
3.462988880980547024e-02
2.907984387402186288e-02
2.518906249190698554e-02
2.785783571825050861e-02
1.691852531079538965e-02
4.563341073602376202e-02
3.213183486638967329e-02
3.652079890264146866e-02
1.987989510179683297e-02
2.630432929783162177e-02
4.574993580637643636e-02
2.966162338942420970e-02
5.515349600930243706e-02
2.619693310851175377e-02
2.328641949678227421e-02
2.914688984218146567e-02
2.144096477874178966e-02
2.428557638472821426e-02
2.101209683362819866e-02
3.650030189598182928e-02
1.645950149124146208e-02
2.373500522419783737e-02
4.321233393696656544e-02
3.401863618047664545e-02
2.469688944799730904e-02
2.742665533303531925e-02
2.427134297207120608e-02
5.819501558068575914e-02
1.134727965304157052e-02
1.683735463772162780e-02
3.979713728375959547e-02
2.079389390121067285e-02
3.114319630176886830e-02
2.790925866357072543e-02
1.978097596276680303e-02
3.492521015924891087e-02
2.221726135508729147e-02
1.385321916568580704e-02
2.148854017287974219e-02
2.396379620819416231e-02
1.881550967380417327e-02
5.508336487034900392e-02
2.801179299718825622e-02
4.752951686386463342e-02
1.776911196160721809e-02
3.936268915689081216e-02
3.991264467823252976e-02
2.736996348395278819e-02
1.835353881601759982e-02
3.967865173761245257e-02
2.782173147810160577e-02
2.209905840649557460e-02
2.224860179574145863e-02
1.343348826451407768e-02
4.988459095988195119e-02
1.900325469934949218e-02
2.188879663529899253e-02
2.260610586314743681e-02
2.632200557497874419e-02
1.659459875269499521e-02
2.632920493202754036e-02
3.409731018324201057e-02
1.820883772005180146e-02
2.879568597474424507e-02
2.079986336790424703e-02
2.082775838961752057e-02
1.966124677423460032e-02
1.478321408372414679e-02
4.694717950099607656e-02
2.124986148670455002e-02
4.041290747715645115e-02
4.546340366001442451e-02
2.165207375030938144e-02
4.496442836352808337e-02
2.981294963213998450e-02
1.554873454017473636e-02
1.988364765334331083e-02
2.140548126394326012e-02
2.873511444694134068e-02
6.638297996384019684e-02
1.583142898815958002e-02
2.972747208744833461e-02
2.049982898835247050e-02
1.868816637732854599e-02
2.921748811607775484e-02
2.504108451871964527e-02
3.281430460757187029e-02
2.397625029085167711e-02
3.479541009608076024e-02
3.827988281977108553e-02
4.080090135736411106e-02
3.068362467877280148e-02
1.993809637786144590e-02
1.601706369715726747e-02
1.243065280753065209e-02
8.104063929731823712e-02
1.607280127483907278e-02
2.377499458292346018e-02
3.203854298650637977e-02
1.501010068128432601e-02
2.221160828949814495e-02
3.021116982813684682e-02
1.827232318327555796e-02
2.222171017733439238e-02
5.586755480553184938e-02
2.965877964263077468e-02
1.607336731412229922e-02
3.287736208106574465e-02
1.732677751694448529e-02
6.147024331536436736e-02
1.640220936701624818e-02
2.284065241719180489e-02
1.950907215158992694e-02
3.250506728136556139e-02
2.505879509787316620e-02
2.352218824217204574e-02
2.813953448248775191e-02
4.394701743867177740e-02
1.896409087619044254e-02
1.788943055745033026e-02
1.522267527921052771e-02
4.072465549833838988e-02
5.748595010368778846e-02
2.309964792822022037e-02
1.919751579027217589e-02
2.311101086625273748e-02
1.844046540276084861e-02
1.625561803838152311e-02
1.761421611884250032e-02
1.165540581558566213e-02
1.835878330165176611e-02
1.855319132344745298e-02
3.238935329103674599e-02
2.287955230828791695e-02
1.647276533646626143e-02
1.935046357701640518e-02
2.752182083129704054e-02
1.854189584561393919e-02
1.861886109428516692e-02
2.104122499521218076e-02
1.800365186319033764e-02
1.865694507390209048e-02
1.874974893767969442e-02
2.150193136919239037e-02
1.504935472680237959e-02
2.298160013235124935e-02
2.053562947209475187e-02
1.904262678086230537e-02
3.946939785117183769e-02
2.563850455091405342e-02
2.006998558843377245e-02
2.268263959863123930e-02
1.802234203943916049e-02
1.727716975073793210e-02
1.397486416309758929e-02
4.636019635906691444e-02
4.121331072992725358e-02
1.771898876167962364e-02
1.699280339487287475e-02
1.028965433841707265e-02
1.904169011703362238e-02
2.718658652952923513e-02
2.072855954246799123e-02
3.336258904742454845e-02
3.826636641731797489e-02
1.620730426840707311e-02
1.952993037016237735e-02
3.447298587292217664e-02
2.765145073939122983e-02
6.033432479611402360e-02
1.694722736390230633e-02
2.356183947298239392e-02
1.544784059107704235e-02
2.040984639308430007e-02
2.526286070365785924e-02
8.841555976149243976e-03
3.609672239462400484e-02
2.165364439123923859e-02
2.991102854410794196e-02
1.305479701156497981e-02
2.158869572076077895e-02
6.136572587005663382e-02
2.051451306605399719e-02
1.860738319258017567e-02
1.601850299482241932e-02
3.891367317457451042e-02
1.721827407886794212e-02
1.635652063252950386e-02
1.995992722200365388e-02
4.273171360632421062e-02
1.581328483993431691e-02
2.106459263279455985e-02
2.859554657803006425e-02
3.828882287244433219e-02
3.977407955448213767e-02
1.197291087319957495e-02
2.340173159997546021e-02
2.093046699944070901e-02
2.333479462537548649e-02
2.007268770765452404e-02
2.152310086940293146e-02
1.474921869287561249e-02
3.320595164359472357e-02
2.460228765013967520e-02
1.765656901142416066e-02
2.671626852960334170e-02
2.099558697940679536e-02
1.483757083266660191e-02
3.137329529150936769e-02
1.479653563653140352e-02
2.823232998807564606e-02
2.468104552345909419e-02
4.417326984475534318e-02
