1.030152197564217165e+00
4.274081730887863695e-01
1.023202369310820981e+00
1.323725861737850229e+00
1.020820363431953037e+00
6.959635808473509933e-01
4.764140444370496552e-01
3.247959227399382920e-01
2.211910340905433314e-01
1.514734319079073799e-01
1.049506763099904844e-01
7.391432377599267689e-02
5.319788381390171128e-02
3.943079433969497866e-02
3.034322670997293206e-02
2.434562336244854713e-02
2.032923748074464548e-02
1.755007623873976880e-02
1.553084548577498246e-02
1.397852707630789851e-02
1.271996868104714740e-02
1.165129612123551490e-02
1.071146645769526992e-02
9.963751962599066286e-03
9.153139857232742496e-03
8.412376326739473206e-03
8.224244107628219183e-03
7.150043909838104186e-03
7.348061793741726341e-03
6.095699824264176440e-03
7.104155086848548337e-03
5.198200379832123262e-03
3.389174748349383769e-03
4.421784141556171950e-03
4.194578327232204897e-03
4.009073155627071276e-03
3.568159809063849337e-03
4.476055133835422396e-03
3.064816261733792780e-03
2.856632544022120329e-03
2.699295956459141482e-03
2.502472027158495448e-03
6.589312868280756269e-03
2.131158766222858349e-03
2.135408245273503428e-03
1.471852411480625237e-03
1.730062415193367410e-03
2.851861580322845573e-03
1.661575229108666922e-03
1.881563581469041695e-03
1.426010846988278900e-03
7.146213154203912010e-03
1.174763725325137084e-03
7.568716225261366490e-04
6.021786333009567296e-03
1.062042213770655278e-03
1.793447668530378939e-03
8.820621325359685001e-04
6.424655689953906110e-03
7.824910696852017955e-04
1.479999808639058997e-03
7.792787802763822451e-04
1.016760126240383614e-03
6.783169636738361390e-04
1.089304677043432742e-02
6.420987772913726689e-04
2.507659879048613604e-03
5.667881412438053159e-04
3.664513982264689176e-03
1.143214565610198991e-02
4.240443538159444190e-04
2.944561834252214239e-03
4.725222513612156554e-04
3.786113970750967696e-03
3.527171353129508443e-04
2.571380596480835274e-04
3.470156450284623238e-03
3.481980505635436161e-04
4.100696038381024516e-04
6.278684432449322533e-04
3.944245943101775580e-04
2.745922224930239398e-04
3.485726780202834277e-04
3.924832550997669968e-04
2.363254346646198741e-04
3.458374689845983242e-04
1.272240480812232479e-03
3.048570338347506058e-04
1.995046810963119026e-03
2.894194426498744523e-04
7.826425283346358230e-03
2.214895205297124660e-04
6.074818711610212437e-04
5.597647684412171551e-04
3.969197304011869328e-03
2.709995556811863526e-04
6.488195314781027186e-03
1.815362916601005489e-04
2.269958175677085598e-03
2.497637969928513408e-04
5.619098270643305181e-04
2.379575838107405401e-04
4.815078468794484548e-04
2.983990860848660318e-03
1.915539628294477491e-04
1.625104159648145877e-03
2.017192814943502067e-04
3.368010950593863448e-03
2.359042892099369741e-04
5.359519467590864988e-04
4.451491066387444824e-04
5.709600840934506497e-03
2.532934390724743499e-03
1.649156906233376465e-03
2.048410527534888460e-04
1.151566769456242997e-03
1.001871887193589526e-03
1.471581193401617655e-04
1.042276574717443524e-03
2.204337019771403108e-04
9.273876107720659557e-04
2.294351688546261106e-04
1.310811325710511347e-03
6.135766183952891945e-04
1.039658676138524888e-03
2.646913890377009296e-04
1.304956407710789953e-04
1.786748741672200764e-03
6.063285057789304013e-04
1.347850823182276513e-04
6.642607300443009906e-03
2.119253372699473096e-04
6.663707628726272918e-03
3.022900591529507474e-04
4.343532806848962309e-04
2.439374586035072262e-04
2.648829141248232300e-04
1.118721941410210459e-03
2.694939769375503231e-04
4.502438597202805537e-04
2.522999722374840879e-04
2.306710301818743348e-04
2.704656887874857672e-04
2.290136800032271241e-03
2.300872993709360487e-04
2.298177824755542713e-03
2.729464790029037871e-04
4.334786869137628490e-04
2.128150251590820536e-04
1.951942805219688800e-03
4.250669500410049441e-04
4.953928606137271906e-04
6.391717246504832924e-04
7.003848406251692678e-04
3.419057691035551350e-04
3.707358741822064287e-03
2.295812536368474965e-04
2.022647112696571072e-03
2.851139495546172061e-04
3.302938711303863087e-04
3.209049402516715548e-04
3.567065011033059138e-04
1.668675209119294253e-03
3.102030695296182261e-04
3.437648984484631257e-04
9.652127639223003234e-04
6.964098340596107037e-04
3.539587227146867359e-04
1.998749925869566422e-04
2.557753426036161928e-03
8.906400949439481542e-04
1.776119603522332744e-04
2.107291448410322831e-04
3.240307933445065705e-04
3.197137865337798448e-04
3.355324033760083619e-04
2.716632822868793144e-04
3.424108583729448493e-04
9.561655427887111661e-03
3.256300022353990245e-04
1.437678246101295552e-03
9.901107353821639659e-03
3.167256639141662251e-04
3.156426784699537056e-04
2.666460377093914850e-04
3.441616653869570240e-03
3.493962212886666716e-04
1.138030017897783026e-03
5.967213963719753163e-04
5.301550324710249283e-04
2.645535361300686925e-03
3.891918224881705016e-04
2.699784123869678181e-04
1.346163845847656720e-04
7.474852985183415462e-04
4.162821465710917672e-04
6.439302936080171756e-03
3.368495804252000497e-04
1.318279340353846994e-03
3.416617853212785411e-04
2.218083801761092501e-04
2.137715694942871200e-04
7.497312716074333409e-03
3.718317917439834018e-04
8.026090871882277794e-03
3.136561395255603696e-04
1.048423558880465277e-03
3.445814119396558889e-04
5.982726603309759415e-04
1.678545893436551558e-03
2.129669817689923634e-04
1.681287236956165632e-04
1.852382213588377744e-03
6.334226050842471818e-03
3.004456929279007552e-04
4.426887292668235793e-04
9.085957995555641806e-03
3.127968551421728984e-04
2.809120500149274446e-03
3.219878803199379639e-04
3.137875472650870304e-03
2.972337086472524696e-04
2.441138674488377617e-04
9.763386905425059780e-04
2.906821788161342152e-04
2.429603399214982755e-04
1.551432738608923096e-03
2.588807887189985800e-03
3.839027016695993610e-04
3.593077246357348660e-03
1.349106679306066566e-03
8.332039340214619783e-04
5.759232439784400283e-03
4.082565591215339728e-04
2.691745698602157730e-04
1.617892993728790342e-03
2.222497786759830064e-04
2.924710139435207482e-04
3.502173572351970857e-03
2.161589929128357587e-04
1.390050425502273540e-04
4.259353600265727976e-04
2.316418297729988009e-03
4.074828780352156982e-03
2.176658896381233118e-04
2.375010593177498104e-04
3.541103260197868332e-03
2.023979992656709892e-04
5.970153558365380803e-04
8.933157813482745955e-04
7.220498806152054290e-04
8.273802529402308906e-04
3.556753002926524103e-04
1.882237221929524166e-04
2.507445971461233145e-03
2.437971287674379529e-04
1.267118710519226591e-03
8.046151181812046839e-04
2.521251569377990463e-03
1.403527376293217839e-03
1.512980334009712824e-03
2.646415971929001417e-04
1.913644742774292258e-04
1.221659449044095683e-03
2.213519692740467150e-04
6.761287610108559099e-04
2.455303936263135423e-03
1.178405409591514776e-03
1.496991003253288948e-03
3.975012586636344309e-04
2.702303063557088061e-03
2.358462800690584716e-04
4.127126869889122924e-04
2.772306135193752883e-03
1.003398417379770466e-03
9.418713840803733493e-04
1.671809062819844824e-03
1.137489024446970698e-03
2.960696185673507568e-04
7.225318618738977693e-04
1.851333569817082770e-04
5.055976804736982133e-04
3.007249619392124104e-04
1.753815935026066053e-04
5.114693866261925057e-03
1.935535838571516263e-04
3.622137374912870814e-03
2.566557993946672923e-03
1.388419850576756817e-04
3.425003008924705841e-03
2.756124266878210490e-03
9.424083247839360128e-04
9.432219750956143340e-04
3.087237430607668934e-04
5.526571617322049036e-04
6.101931402362881620e-04
2.750025778346549556e-04
7.393072981968537398e-04
2.844638245269045336e-04
2.623477511815101295e-04
