1.019302354207995753e+00
1.069592089650485134e+00
2.033015074627477325e+00
3.880829099290574291e+00
3.831441479552712970e+00
3.895428617170107355e+00
3.794083360053416953e+00
3.681768020548669806e+00
3.592649007497288771e+00
3.509085829221350483e+00
3.423198285954626385e+00
3.323593646404003454e+00
3.220630477666449831e+00
3.223145835872098797e+00
2.790688686652164296e+00
2.143082885977745988e+00
1.991319841982742478e+00
1.843842790777837859e+00
1.668585044607129753e+00
1.498828788926446443e+00
1.337608965628248159e+00
1.185609662939782316e+00
1.053109945179107942e+00
9.281044099878095199e-01
8.190860054985656946e-01
7.156831304110745640e-01
6.338482921637546008e-01
5.573065751541571577e-01
4.789415630113302846e-01
4.038336605739434315e-01
3.463908588074263717e-01
3.067607401847537996e-01
2.334503703923835050e-01
2.229079225019217070e-01
1.923580343151014838e-01
1.774213628549430599e-01
1.388757079633460845e-01
1.303861358294000350e-01
1.316651804768881329e-01
1.092533868550300685e-01
1.015297324820710750e-01
8.753299548283437204e-02
8.180317029344362501e-02
7.372516610497395484e-02
8.615189216839326536e-02
6.723112368659964200e-02
9.240204747019491183e-02
8.329908379300760002e-02
5.624521617285934555e-02
6.025639819332109098e-02
6.011480298011415146e-02
6.142761032827588619e-02
5.544759010174998837e-02
6.493398321535015505e-02
5.669399436890216332e-02
7.371887530819466738e-02
4.942656430139560214e-02
4.664567605149449320e-02
5.626020755630294773e-02
4.335043602373989113e-02
4.683530860077127905e-02
3.845732123150111259e-02
4.142045705946546807e-02
4.163642369645312313e-02
4.349825435319805422e-02
4.177754481517491347e-02
3.728283056328352690e-02
3.921323947598327059e-02
3.820076650682538433e-02
3.549297491207824284e-02
4.413252064063243052e-02
3.603241890701267686e-02
3.573226332347298473e-02
3.702288973398657618e-02
3.860706722713842798e-02
3.153066708085658365e-02
4.380634841017573555e-02
3.388605180656553695e-02
4.434848936545567055e-02
3.616207766862462869e-02
7.894237996664532631e-02
3.712882206547749725e-02
3.294691466519455297e-02
3.705259015741999007e-02
4.156210575028099208e-02
3.015589346984233476e-02
3.188474906623757488e-02
2.913640063636371152e-02
3.437605067770676398e-02
3.815633422462168245e-02
2.906101314398838384e-02
3.217106763722363955e-02
3.268767775561468025e-02
2.722765203179588339e-02
2.832127813589456131e-02
2.940319194432569269e-02
2.372713554534928992e-02
7.901034775363890983e-02
2.965348211473139636e-02
4.414754402301693248e-02
1.018332504943046807e-01
2.642214310327879734e-02
2.582173129609384790e-02
2.447921586856927761e-02
3.276712048593204141e-02
4.201455770538521650e-02
3.156167083551113944e-02
3.339612439141655120e-02
4.461282526082859662e-02
5.430193014639134175e-02
2.444144800246803029e-02
2.717617024396268982e-02
2.147020313064680955e-02
2.431534476194789282e-02
1.093606340428975865e-01
5.749865208121152788e-02
2.554450274397801132e-02
1.995064304783842474e-02
4.657972394227956336e-02
2.432115348715313194e-02
3.726489993281824342e-02
4.882364750166520717e-02
1.933757388623511334e-02
5.300009590661503706e-02
8.031435106460431406e-02
2.189320283600669145e-02
2.746478391047592685e-02
4.154194085823736948e-02
2.151073262359582891e-02
7.367048405175913306e-02
2.104403807682170627e-02
4.705159178733280684e-02
1.959923353145452685e-02
2.465318576372355075e-02
1.818604325380362291e-02
1.936313150773097055e-02
2.194056858890249331e-02
2.038130519553412595e-02
3.685102522308620482e-02
2.721511163746827625e-02
1.938126921269444497e-02
4.512498474419737032e-02
1.636931895616814542e-02
2.268509709863246460e-02
1.746636476756752501e-02
4.525289268928570779e-02
1.904256589391383273e-02
5.031105262011512785e-02
1.984914758709314941e-02
1.387690956733407879e-02
2.379109409989048005e-02
2.845323621770946484e-02
2.106202168674161518e-02
1.387164891900333555e-02
3.679653003855531956e-02
3.627241557281060680e-02
2.425612791124465151e-02
2.995874793009137629e-02
2.113884033844451796e-02
7.019494085898964064e-02
2.335135033551953218e-02
1.450321528618294005e-02
1.832344939279323751e-02
2.329269231972747045e-02
2.050023555042561688e-02
2.142282472557632822e-02
1.543259217519459339e-02
4.812864469419067537e-02
3.040417254437094430e-02
1.716181340687755394e-02
3.250535704884554428e-02
2.788481996950606043e-02
1.749782244124390568e-02
1.545530538678990123e-02
3.649302256051255300e-02
1.890407175005868676e-02
1.512355823432948859e-02
6.004664864176612743e-02
2.812242501649389603e-02
1.942542692498343618e-02
1.476098870690829498e-02
3.222033874278135146e-02
1.490878774157272310e-02
1.389591265760541788e-02
6.573763116592615252e-02
1.254729700322958774e-01
6.274593132330519296e-02
3.752438366838780487e-02
1.576376091072535443e-02
9.286059947213257115e-02
1.784270744831381941e-02
1.298791127212114982e-02
2.036912302962788635e-02
2.736257320979994939e-02
2.107093509050161559e-02
2.215799751851370292e-02
1.323205877830219146e-02
1.453178892042008598e-02
1.848472915290217192e-02
1.340229866029213346e-02
1.928322360061334589e-02
2.076517276552923910e-02
1.586270345456239003e-02
3.007768736619824412e-02
4.271622055141897217e-02
1.666258152562265574e-02
2.134429939585382949e-02
4.537404174190725475e-02
2.223925531501934338e-02
4.860576830103548879e-02
2.807050116019967068e-02
1.658529409451667269e-02
4.109373669546927815e-02
2.076342665921217592e-02
1.082988577480942759e-02
9.857042885365449245e-03
4.185265219581422308e-02
7.078108271987383626e-02
2.367406990810051390e-02
6.955675918101884847e-02
1.616637772548942115e-02
1.449719378177542067e-02
2.181122053258877438e-02
2.369208773155987574e-02
4.126549043401075978e-02
2.738575618181865803e-02
4.576869819617564172e-02
3.593887501252062550e-02
3.169189688894864798e-02
2.359949092304104365e-02
3.103707705621070595e-02
2.125117285424053121e-02
1.875214209603785764e-02
1.083633759538698942e-02
9.811865891259484093e-03
1.862671031333116428e-02
9.247656926321112802e-02
1.331859133789583052e-02
2.114308193758229412e-02
2.024090778395100723e-02
3.510967727732035998e-02
1.703946099483399229e-02
1.215165741877708740e-02
1.242788255495466503e-02
1.732612264209770075e-02
1.816247046365672066e-02
1.223913067826518965e-02
4.204300590512072971e-02
2.903499232056649254e-02
8.619060286906281287e-03
1.294233077229314452e-02
1.207904585474921764e-02
3.555518267741599597e-02
2.136898787879360287e-02
1.686034286496995369e-02
1.783587236179557875e-02
4.494588436789979241e-02
2.267422190832207515e-02
1.351177447929142496e-02
2.850134518190461722e-02
1.311765839290275279e-02
9.100986581448529400e-02
2.304288002308636438e-02
3.652919444853489767e-02
2.325770802958869107e-02
1.899378851775048241e-02
1.262806376519618433e-02
6.943474031770303229e-03
6.869645172053382570e-03
6.315732303175434527e-03
2.060510077265315446e-02
5.645249962214646255e-02
5.059887873733381891e-02
4.973904473098498397e-02
7.417833227602169122e-02
4.022504697436110610e-02
2.390306650290435764e-02
2.804445011030112095e-02
2.170345437315457024e-02
9.153156389561606029e-03
1.264096876417427316e-02
1.397702614845372851e-02
3.328363317054228859e-02
2.249745416362618211e-02
1.106843967793674777e-02
4.799364279931522120e-02
1.943991227799427707e-02
3.228153204052351677e-02
2.784132416726525089e-02
1.677157741252154402e-02
7.366593714278600082e-03
4.917958118712060372e-02
1.340099116993585630e-02
6.991392027746923254e-02
1.821139827726289684e-02
6.657769156382531417e-02
2.091051508486319391e-02
4.832276311322829254e-02
7.588314775676424651e-02
3.496008364410273239e-02
