9.519407129333481432e-01
4.035767302225862219e-01
1.794426957921300803e+00
1.819759366556338298e+00
1.545446093520330910e+00
1.329485696775873027e+00
1.149915502364579734e+00
1.009454522997300208e+00
8.915214069814189068e-01
8.040947860873808306e-01
7.366931127851420458e-01
6.681527967820412028e-01
6.174541224821556984e-01
5.717580199783672823e-01
5.334878811781771368e-01
5.003732821516032603e-01
4.672856373021109233e-01
4.416479516442856634e-01
4.125514089616009739e-01
3.936295340099580931e-01
3.901344384989999803e-01
3.546045123359127804e-01
3.408704269546103394e-01
3.185771938041578877e-01
3.112259647646661853e-01
3.015223058410200219e-01
2.830745365089119003e-01
2.772461901683215824e-01
2.704344167208183602e-01
2.393575767112826880e-01
2.507351576420834838e-01
2.459543429425380956e-01
2.331292430028090445e-01
2.299010331381551309e-01
2.260796093965095344e-01
2.128456515033871899e-01
2.125598203321118762e-01
2.094722235236384233e-01
1.983265939587572912e-01
1.979463619715678135e-01
1.966700937481133671e-01
1.877121906435491872e-01
1.863705239366303668e-01
1.631010885976988956e-01
1.750913519322174206e-01
1.746363605521970008e-01
1.726769936922192272e-01
1.600019565921820541e-01
1.635254216693646234e-01
1.629833664830537543e-01
1.210999121500653808e-01
1.551236623506953849e-01
1.549788014518603818e-01
1.365957650571865412e-01
1.484654999840900602e-01
1.483606089406883377e-01
1.224111947480765322e-01
1.426179903615867051e-01
1.424258763870349664e-01
1.337714046063793738e-01
1.354936793893751767e-01
1.371700739144555425e-01
1.331318287451260796e-01
1.352640845121718671e-01
1.306671299185371837e-01
1.304684514752136038e-01
1.265613180035544683e-01
1.277750327764428651e-01
8.954201286551413674e-02
1.242336329364939623e-01
1.242116433949372739e-01
1.259011417973892322e-01
1.208930170313695929e-01
1.196717078207049922e-01
1.193417837832926043e-01
1.122201687186783481e-01
1.173372688441208928e-01
1.161308558104528765e-01
1.145351658379033383e-01
1.084455127189884877e-01
1.131320680442325088e-01
1.028467271257581250e-01
1.110829356256367306e-01
1.105103324500570222e-01
1.095750940088843911e-01
9.935250403917157691e-02
1.083358284688184930e-01
1.087156996507990941e-01
9.279919213735091099e-02
1.053631401544582874e-01
7.267329422925836169e-02
1.039573646510956600e-01
1.033177641779516737e-01
1.023939287972990553e-01
1.019506593329172900e-01
8.651965258585535279e-02
1.013580405589580430e-01
1.006405515603381873e-01
9.998829541665796294e-02
9.758796738158700967e-02
9.851325865391342973e-02
9.716580801781446453e-02
9.785731864416000181e-02
9.649020235397025302e-02
9.602492204775980866e-02
9.660751308155776651e-02
1.018360310760093035e-01
9.048785798418544635e-02
1.054644750487397920e-01
9.516850451429659241e-02
8.745411486891688235e-02
1.023279801947086926e-01
9.423782290899154757e-02
7.352835594111455098e-02
9.415921470117553926e-02
9.290859286834650399e-02
9.267980150949436946e-02
9.375897319848058853e-02
9.308493789405410113e-02
8.974697936160398737e-02
9.374531374787831162e-02
9.101997952997317731e-02
9.216464799854370837e-02
9.342257416558273631e-02
9.244798533615418423e-02
9.100448695161353352e-02
9.214636620895189090e-02
9.398565815084000685e-02
9.244770685334913196e-02
9.228943870811266714e-02
9.268929014457669147e-02
1.079514854924771144e-01
9.316457176474969570e-02
9.233449849379854468e-02
9.470794435811848155e-02
9.293805640454930184e-02
9.001998119537700516e-02
9.285200658506326254e-02
6.743135117267116951e-02
9.372713364300280792e-02
9.290794538815813630e-02
9.430867006490890880e-02
9.333670997282338122e-02
9.547242959073670709e-02
9.424696390715422978e-02
9.352779613615094800e-02
9.352769215204211062e-02
9.485307508204118832e-02
8.139051079796137678e-02
9.451247953438654537e-02
8.641317394713295130e-02
9.525583115272803769e-02
9.460730046367775425e-02
9.175009293699995516e-02
9.701247143826112473e-02
9.501089623578692911e-02
9.579783974792108192e-02
9.594202966838795421e-02
9.432108922633214432e-02
9.607860567077031178e-02
9.616446273340685524e-02
9.636299376017622154e-02
9.758891711136304103e-02
9.718007077287559026e-02
9.682986302274194934e-02
9.242502594177857966e-02
9.724464685810889353e-02
9.649210567393658178e-02
9.759038247133430821e-02
9.789897189542243194e-02
9.722299781436351263e-02
9.764285505663611309e-02
9.850275518821939580e-02
9.676143247227231292e-02
9.708826762315334036e-02
9.862506613851787507e-02
9.845975358263048260e-02
9.979307318384693370e-02
9.909964802964844888e-02
9.306779356402665460e-02
9.990806579191981174e-02
9.925921831425169040e-02
1.005664832803179892e-01
1.004561963420033538e-01
9.943095338088721313e-02
1.007986730301715095e-01
1.025868251184562374e-01
1.013636592159846139e-01
1.007023209187060397e-01
1.005290335744589147e-01
1.007117765147038796e-01
1.040366284260076379e-01
1.002300909797179257e-01
1.004407873495619385e-01
1.022439023939867159e-01
9.971422520102059261e-02
1.002604501521141001e-01
1.011648061082128375e-01
1.006958047879198820e-01
9.995121134964103649e-02
1.019437345578846354e-01
1.104858505677350361e-01
1.010298177615139015e-01
1.002521357109112665e-01
1.008893295757031794e-01
1.010693840346832684e-01
1.002666986553652356e-01
1.008140037039237519e-01
9.770932929339748441e-02
1.006115566828984648e-01
1.010075538317813104e-01
1.013398667490269522e-01
1.007537121199700014e-01
1.017324323194801622e-01
1.008376722887130428e-01
9.811239982512390267e-02
1.022041291853755668e-01
8.717961034911009266e-02
1.007838455422675333e-01
1.014921773226069301e-01
1.033824450550381302e-01
9.954844623503476819e-02
9.699387352622347580e-02
1.016341872485540115e-01
1.001577221271516271e-01
1.012123487201666561e-01
1.004271111191151755e-01
1.003853731866873183e-01
1.004571488709195964e-01
9.976066753669179943e-02
9.173797175502070023e-02
1.002592518323786597e-01
1.023145594433758077e-01
1.001109805953092485e-01
9.979100842635606206e-02
1.006707646186446176e-01
1.004352252849828320e-01
9.984460085984050992e-02
1.028411380139816339e-01
9.861295367790959276e-02
9.665233720958942010e-02
9.905810627906984356e-02
9.853836842696978016e-02
9.955921944764969944e-02
9.040957029276493195e-02
9.906236769048810953e-02
9.923119529062748856e-02
9.868786662028504464e-02
9.991714605012752548e-02
9.906564393918368405e-02
9.861161878825693006e-02
9.817591986292222017e-02
9.829941866010473428e-02
9.837458262931270125e-02
9.949175756456977993e-02
9.776842646190672670e-02
9.894639946588221213e-02
9.804418663241386278e-02
9.816080023763788798e-02
9.647695368081951606e-02
9.784055072474848180e-02
9.642031401129756707e-02
9.760587630105432844e-02
1.024623204021665734e-01
9.312193857485255577e-02
9.731222520062206283e-02
9.696962267783977574e-02
9.749585059724466540e-02
9.699841424548286128e-02
9.753802838200086034e-02
9.659296334025233022e-02
9.557752344923788057e-02
9.668483122180827893e-02
9.669464680043053650e-02
9.681586086343973996e-02
9.646528982745974923e-02
9.034911758015011507e-02
9.661527528202307202e-02
9.137048390467755743e-02
9.590183836862241351e-02
9.695926893622074105e-02
9.569024577636095485e-02
9.510192404844185210e-02
9.563562556386549784e-02
9.604345870037474253e-02
9.533905807115812536e-02
9.619711840225393662e-02
9.493122676500756474e-02
9.542745557684495505e-02
9.464198133416200365e-02
9.423934607782760708e-02
9.610771506259117858e-02
9.439445606999279093e-02
9.544925278171942362e-02
9.418468108058512811e-02
9.041113872053396783e-02
9.412774332491360973e-02
9.051372628459897207e-02
9.540221207920798752e-02
9.419820887721296054e-02
