1.125621220205721196e+00
1.885618912644668299e+00
2.252429219696440388e+00
2.917284702584972411e+00
3.261474902963101385e+00
3.281816593883112088e+00
3.173169893679996800e+00
3.083165345252678158e+00
3.074293229781115411e+00
3.074216860056290024e+00
3.071995453910252749e+00
3.062817141411710686e+00
3.042107696730580901e+00
3.024519141201206018e+00
3.006122478476442872e+00
2.985059017466364484e+00
2.956187229438861142e+00
2.941244776432044628e+00
2.917095162569585121e+00
2.895660921118214048e+00
2.873685523880375570e+00
2.856555803883674471e+00
2.841285285242508341e+00
2.834730118897011764e+00
2.821843867366951919e+00
2.813222142825837935e+00
2.805943378805661581e+00
2.799111072962863211e+00
2.788009179509322699e+00
2.775171517092052564e+00
2.766506420455891124e+00
2.756224958328230112e+00
2.744559865299952328e+00
2.740523861282278428e+00
2.735000516877843069e+00
2.731962699587650700e+00
2.732482162433010231e+00
2.734948491603613085e+00
2.737482154238201293e+00
2.747453355495908855e+00
2.761501511405864751e+00
2.773178213137153403e+00
2.794513831933712389e+00
2.814199714607124037e+00
2.835100013854784606e+00
2.858122342613140354e+00
2.884024413036367029e+00
2.908066016147377031e+00
2.942447707657520617e+00
2.974861862442836458e+00
3.017651444650932824e+00
3.063204884408720297e+00
3.112725517144982135e+00
3.171618512807116375e+00
3.231884381065848633e+00
3.297022600106296775e+00
3.371667303937825100e+00
3.454841557560832666e+00
3.541443337694212268e+00
3.634851777967309516e+00
3.732927854710895943e+00
3.835042505098505305e+00
3.944446194292787311e+00
4.053886915871535379e+00
4.172217429904914177e+00
4.292996236020083067e+00
4.408433553803631000e+00
4.537420480810978596e+00
4.662564000840308864e+00
4.790631617419043309e+00
4.917494055242631390e+00
5.048626701164338648e+00
5.178642601361928222e+00
5.314018890207618639e+00
5.441708454921155180e+00
5.574331262568181344e+00
5.705638552681768338e+00
5.834802578248639016e+00
5.965091202078913746e+00
6.093504905842591413e+00
6.226026782978653529e+00
6.356516276125020681e+00
6.485818994383091507e+00
6.612811357487844433e+00
6.739156377048861835e+00
6.866977182309046412e+00
6.992750802478371774e+00
7.124058707599396634e+00
7.251338153879682835e+00
7.372293693445629792e+00
7.498392983351259033e+00
7.624771814601603914e+00
7.753175753909028245e+00
7.880206809284563185e+00
8.007980250337400463e+00
8.136632523229016201e+00
8.265728776462639260e+00
8.394250724717176482e+00
8.530364387488837963e+00
8.665006546045173508e+00
8.788961308996825039e+00
8.920496825400300978e+00
9.055582992137971132e+00
9.190085051614040879e+00
9.323813412766984499e+00
9.455381042071794084e+00
9.591866770030481604e+00
9.726407560792202034e+00
9.859676866939206974e+00
9.997638193942504969e+00
1.013389575628148798e+01
1.026893395450693447e+01
1.040749147381053064e+01
1.054031264142825464e+01
1.067584883559446673e+01
1.081091275555710673e+01
1.094827856912199238e+01
1.108051508670492780e+01
1.121659204437690427e+01
1.135051764157075382e+01
1.149299392305763412e+01
1.161787759404496612e+01
1.175303538866348241e+01
1.188905957567404670e+01
1.202061972133241241e+01
1.215272648899588148e+01
1.229644276022515292e+01
1.242141243691512287e+01
1.255024768786663003e+01
1.269154857523842672e+01
1.281366278024125904e+01
1.294715152771058619e+01
1.308127092100897038e+01
1.321156196232965740e+01
1.334779829506038062e+01
1.347292197146534853e+01
1.360271916809037407e+01
1.373554385395374489e+01
1.386303450435321949e+01
1.399480645310806715e+01
1.412306074478739149e+01
1.426183554039562473e+01
1.438525426387354500e+01
1.451711841306848072e+01
1.464533940455675776e+01
1.477843116010001268e+01
1.490292787988215828e+01
1.504086906914580268e+01
1.516133669697310715e+01
1.529606773476586490e+01
1.542580798479834847e+01
1.556229971497857179e+01
1.569247684774218499e+01
1.582177809514704947e+01
1.595161471891553262e+01
1.608226331206218518e+01
1.621287430541623209e+01
1.634891698931145143e+01
1.647743221258696167e+01
1.660457713105300570e+01
1.673635137312900767e+01
1.687353484035442719e+01
1.699426697744412706e+01
1.712534670225020861e+01
1.725405669543533804e+01
1.738962540858337391e+01
1.751431967015404823e+01
1.763806098490077545e+01
1.776112019314947688e+01
1.789730005832891280e+01
1.801861899730277017e+01
1.814405692817016202e+01
1.827068727667874626e+01
1.839513136239620295e+01
1.852492390759507757e+01
1.864566065297157493e+01
1.877403060551054992e+01
1.889078771681313640e+01
1.901343796664582442e+01
1.914000702466248427e+01
1.926300480379073221e+01
1.938305759438615183e+01
1.950851188820938020e+01
1.961750805551074350e+01
1.974112479940197673e+01
1.985682429631556900e+01
1.997405119040427479e+01
2.009447775223070565e+01
2.021046131111395283e+01
2.032665008882474567e+01
2.044588226227724448e+01
2.055840729824479141e+01
2.067950408477806690e+01
2.079714809989864222e+01
2.091044974853341643e+01
2.102868086454235552e+01
2.113990554542035127e+01
2.125662051279050146e+01
2.138278873022561299e+01
2.148761992422238265e+01
2.160878101344777136e+01
2.172347784985824504e+01
2.184372428916115538e+01
2.195687285518299703e+01
2.207422333338173814e+01
2.218692252218929539e+01
2.231023614820298562e+01
2.241978382692111538e+01
2.253561530652952172e+01
2.264524668887912995e+01
2.276752937609673211e+01
2.287532999268487899e+01
2.298932866659360741e+01
2.310119230101233612e+01
2.320948497850029213e+01
2.331897540809637093e+01
2.342965372011040159e+01
2.353748538869891149e+01
2.364531871266859042e+01
2.375410785778501932e+01
2.386014830381312990e+01
2.396339176975824969e+01
2.406647198261822140e+01
2.416530925295691645e+01
2.426907633247262197e+01
2.436750172560593342e+01
2.446513434299658130e+01
2.456367362029432755e+01
2.465628873969702539e+01
2.475069003573630511e+01
2.484054849206593474e+01
2.492946204566422352e+01
2.502064287031307188e+01
2.510963425335117094e+01
2.519585508769460347e+01
2.528556542303808996e+01
2.535980049527428903e+01
2.543986652552939987e+01
2.551763872644015407e+01
2.559456736457178394e+01
2.567185311456234231e+01
2.574292773205595708e+01
2.581501120745344835e+01
2.589465702716266904e+01
2.595583988092612771e+01
2.601873500668321171e+01
2.608660595506100321e+01
2.614622140079909585e+01
2.620493768988706762e+01
2.627240407250211263e+01
2.632784942907851899e+01
2.637992961210271403e+01
2.643123297799281701e+01
2.648384367036795339e+01
2.653930467421288242e+01
2.657931269754686809e+01
2.662335031776004612e+01
2.666645722198927615e+01
2.671388575887433348e+01
2.674853598707500879e+01
2.679101793161991196e+01
2.682972295222100811e+01
2.685938449752845258e+01
2.689658292736064737e+01
2.692737985789688437e+01
2.696065839364149141e+01
2.698440541708714591e+01
2.701273365995771059e+01
2.704224728920445031e+01
2.706895801001934387e+01
2.709307331202619551e+01
2.711995235577129293e+01
2.713901658443616327e+01
2.716230616662320330e+01
2.717658804554907448e+01
2.719643620272945128e+01
2.721554156751552611e+01
2.723425106750505265e+01
2.724741667157407932e+01
2.726337441913000958e+01
2.727950483141211535e+01
2.728798392194100231e+01
2.730126699834529802e+01
2.731591431762953093e+01
2.732843974098417661e+01
2.733889661923960901e+01
2.735437347990457724e+01
2.736648529700151045e+01
2.738092604045912637e+01
2.738638398380448180e+01
2.739881509889040601e+01
2.741786036219899714e+01
2.742109688969510728e+01
2.743308972098804333e+01
2.744297201480979354e+01
2.745929901972078824e+01
2.746964071951070707e+01
2.748041520748878952e+01
2.749934809822401505e+01
2.751218761250916600e+01
