1.056266949684256273e+00
1.422348499421882240e+00
1.291618533683757120e+00
1.955205719621665006e+00
1.780128560112529401e+00
6.505031129232706766e-01
5.013310833131003896e-01
3.677085750773116946e-01
2.575371814964635409e-01
3.147231648090057510e-01
2.830587495010261634e-01
3.803695864490562184e-01
3.114838900284009893e-01
3.085541855018789081e-01
3.270291558965503498e-01
1.687861970078928242e-01
1.429515978717862401e-01
2.889450416137872568e-01
2.191946311387570068e-01
1.690634009308590036e-01
1.794105196104981148e-01
1.914670069253699147e-01
1.510655937414395467e-01
1.112921889407091219e-01
1.094560875096815405e-01
1.288835675850783236e-01
1.940954678141008916e-01
1.021152562906685879e-01
1.836234892076553382e-01
1.330613529072453560e-01
1.420104407377826006e-01
1.459380339319388820e-01
1.645452806303306093e-01
1.390273235247312666e-01
2.856019186563578116e-01
3.651484517004768837e-01
1.990924544438490429e-01
3.293393165794408217e-01
2.652978849525686189e-01
1.966294091463866855e-01
2.640504035115864290e-01
3.516082592338293789e-01
4.103923344824196850e-01
4.742055038138047740e-01
3.194815883012643298e-01
3.009166553006104028e-01
2.758423087187435452e-01
2.978281085835294273e-01
2.891936328224001818e-01
7.004442856995779509e-01
3.606053824239452421e-01
5.366372130086936032e-01
2.775910703716639172e-01
4.086491110614675071e-01
3.749846766716688484e-01
3.249432203080578896e-01
4.975544069912231082e-01
4.036688075304338819e-01
4.674152571080277818e-01
3.221158256968823519e-01
3.638635703442780200e-01
3.268574153115973435e-01
5.405823377815385244e-01
6.854856638642339295e-01
4.873186366578592388e-01
5.815005933836849827e-01
4.408056109697212621e-01
3.610502255452825437e-01
4.758254541439803087e-01
3.988491646667176593e-01
3.340156034803646867e-01
3.427225547871953770e-01
3.384172220519494623e-01
3.154470290778156882e-01
3.346445956830984558e-01
1.065103432135825701e+00
4.873951994050219616e-01
4.548850158758769302e-01
3.901928241933991237e-01
3.437725939073861259e-01
3.395260818547816695e-01
4.972921184910755743e-01
4.469116041771732384e-01
5.002455864534844920e-01
3.456029654030732812e-01
3.433460173910081736e-01
5.358635659992976308e-01
5.482256682376082102e-01
5.382789980913309513e-01
5.694807009883462445e-01
3.366200292664498495e-01
3.446508469374873207e-01
3.704025233748070578e-01
3.462950019409239411e-01
3.448596648624906447e-01
3.521226978558238963e-01
3.597329960789276693e-01
3.578827220680173005e-01
3.456665623875907478e-01
3.248983957314929283e-01
3.270150920112680493e-01
3.253184978414077055e-01
3.514688206615909638e-01
3.416097319420716150e-01
3.392289421372887137e-01
3.360639311751542624e-01
3.376724136051152958e-01
3.739981457327520298e-01
6.044132794536672959e-01
2.685722553634730114e-01
3.447139405746137975e-01
7.549202159379981847e-01
3.112176990573020663e-01
3.334988818420692169e-01
3.501746433944425974e-01
3.530037326524337327e-01
3.207455684856615474e-01
5.941460874913995216e-01
3.528696663151356661e-01
3.454021799216770439e-01
3.370643273646710125e-01
3.926683698278196633e-01
7.782950101643327789e-01
4.181283444427928431e-01
4.471753708992495246e-01
4.943266286759357420e-01
3.014751554395941335e-01
3.350360108663569814e-01
3.511527757435380925e-01
3.892219007939490827e-01
3.548708049347966131e-01
3.444023633820995633e-01
4.251803783993574060e-01
3.836979443735981654e-01
6.062733216808658954e-01
3.744274254133757029e-01
7.439615722614445481e-01
3.479143615983825710e-01
3.451299001691415236e-01
4.650726910417019022e-01
3.456084618594708613e-01
4.838405084554551761e-01
4.137270137202239684e-01
3.584389708763121574e-01
5.174733795474563136e-01
4.014943939230606884e-01
3.577695301404079653e-01
4.517375671843179563e-01
1.113336710829863740e+00
1.186597730164882014e+00
6.839093659354127386e-01
4.696049746925403112e-01
3.452735979588555382e-01
3.770146210669149123e-01
5.017294767840611014e-01
3.656195050046611161e-01
3.513976861607079893e-01
4.415022926466848907e-01
2.775613439040375274e-01
3.730945871738785558e-01
3.591738626042034754e-01
9.212785956724577341e-01
6.825936951217135285e-01
3.589205279975119511e-01
3.864991613108646473e-01
3.670734953482734930e-01
3.670643936637578708e-01
3.421866702449480879e-01
3.730950872411951114e-01
3.631430753099579301e-01
3.651456943573849201e-01
4.476314687830907912e-01
3.658512972670697194e-01
3.624707458687068118e-01
3.672340276958446781e-01
6.393393517429176720e-01
3.546605325217526694e-01
4.573623012351115680e-01
4.226101092596912800e-01
3.777824229302693682e-01
3.496722778163872669e-01
3.685802384765289874e-01
3.487874088772269787e-01
3.922485426465547320e-01
3.603150601098461525e-01
3.896123565773262909e-01
3.602487533797019137e-01
3.347290685052016213e-01
4.040534593360355364e-01
4.390342353736862990e-01
4.389815739736800393e-01
3.884130439187282180e-01
5.157461435279312445e-01
4.096807897107167529e-01
4.430386333154559542e-01
4.163269907336402120e-01
3.818791458744077438e-01
4.316527039662414467e-01
3.951120538410126115e-01
4.439206530728380118e-01
4.063559227074751701e-01
4.162792952652643597e-01
3.832648001001611182e-01
3.874168434603447175e-01
3.805498444463166208e-01
4.052676261757364728e-01
6.968905996853057561e-01
4.601637015489232763e-01
4.402210721212999611e-01
4.183565552183010627e-01
4.991284040636113639e-01
3.959247050912241828e-01
9.561172353257438861e-01
4.714131621801187499e-01
4.923836147891522685e-01
5.324760504374692616e-01
4.111805301532081014e-01
4.604840511083643784e-01
4.012189790992916061e-01
8.631739965819070770e-01
4.066428066157106724e-01
5.697375955814341086e-01
5.848101267673726511e-01
4.274561831455239713e-01
4.801483677977171349e-01
4.269268571336953810e-01
6.014349924955364468e-01
4.810194669501661191e-01
4.811882096850522150e-01
5.187136653893172911e-01
5.475774209664022729e-01
6.552263008171883563e-01
6.030624187755303511e-01
3.936389333518596212e-01
4.187141118798318740e-01
4.171868584327818041e-01
5.569136297003470792e-01
8.415971346090355132e-01
4.295134883363700418e-01
4.485299538394245666e-01
4.410877259637984160e-01
4.064631876664883126e-01
4.211769752930247801e-01
4.203754219317691887e-01
4.232286786998843975e-01
5.003695916345156647e-01
4.181430119461089778e-01
4.341409299422236967e-01
4.125119767429004103e-01
4.625889157932790430e-01
4.327755916585753204e-01
5.210832156583954378e-01
4.071499904954721250e-01
4.284672025589178479e-01
5.272719686030269415e-01
6.161376399940500237e-01
5.540259279603217957e-01
4.269967513041615370e-01
9.379155683350358652e-01
4.258878159152574283e-01
5.029045391225797079e-01
6.581832037162860249e-01
7.591283663653757285e-01
5.562958783347131675e-01
4.777520317619415313e-01
4.323688613320078589e-01
4.315665831412534570e-01
4.466431458924945419e-01
4.339967128770307325e-01
4.390871298092438035e-01
4.267539338141840832e-01
4.104646777041264794e-01
4.312227210141424960e-01
4.108082295271408557e-01
4.327448809686827436e-01
4.268730043422566678e-01
3.955988917670151817e-01
4.707494365712427964e-01
4.331161994159238304e-01
4.157459067457168200e-01
7.271695627263510264e-01
4.545896195731390921e-01
4.413223756124041719e-01
4.547544625694636133e-01
4.487104734765771097e-01
4.196908170014225781e-01
4.464544822095359855e-01
4.453834331144207459e-01
5.449775955567764951e-01
4.548576002313711175e-01
4.306478816683730892e-01
4.348734343315756590e-01
7.797731736657413926e-01
5.436356359598160104e-01
4.251810891865951958e-01
4.122593876604628282e-01
3.344717684536452906e-01
4.591813815700569457e-01
4.804636041278710357e-01
6.220617955995895176e-01
