7.601846315433898882e-01
5.578255714659602349e-01
1.664740633765251943e+00
1.729125829678251458e+00
1.373302726963629539e+00
1.035799076928978879e+00
7.698049145248148095e-01
5.659958535375817501e-01
4.107639496732663487e-01
2.945790916192112530e-01
2.094812629632563095e-01
1.484403267568124019e-01
1.055192619811408244e-01
7.589683444951549063e-02
5.577393912017455241e-02
4.224484689088305739e-02
3.316300139415256920e-02
2.700370665293559680e-02
2.271834768747823738e-02
1.961944361755331087e-02
1.726915768042138616e-02
1.539479588830813296e-02
1.383502390510843276e-02
1.249668093095041357e-02
1.132708199669156361e-02
1.029402922475980593e-02
9.378397926237541649e-03
8.566636639950166512e-03
1.173881835641673969e-02
7.085015152917961342e-03
6.536284807411489074e-03
6.129993365137849891e-03
5.522054610650013393e-03
6.782485535841249399e-03
4.729046442648695246e-03
4.432748567012712200e-03
4.275751488353472622e-03
3.911825173767422177e-03
3.497348600655534809e-03
3.456157722201673096e-03
4.511429730122764291e-03
1.206762051706338759e-03
2.939786625438253059e-03
2.525921163437474908e-03
2.947353235037543460e-03
2.392354513008411974e-03
3.934021528022601556e-03
6.143812829264162778e-03
5.089802146004298103e-03
2.286692539509693322e-03
1.897357897407956013e-03
2.102612249024990963e-03
6.475203448624851366e-03
2.691310338366263103e-03
3.927382804681244476e-03
1.707430084376319315e-03
1.461125255823304131e-03
1.333355723438727370e-03
1.629534687186851233e-03
1.462678737128996756e-03
1.536090067712950853e-03
9.461976578520572140e-03
1.986824848664132340e-03
1.862729597134895384e-03
3.249910608283486466e-03
2.119386670727210764e-03
2.970431334613872140e-03
1.132399097172449420e-03
1.231341171779787606e-03
1.057125937089209737e-03
3.068681922959328942e-03
1.699271538401564679e-03
1.391457626276796289e-03
2.735463159525767639e-03
4.981164241128022228e-04
1.223712414232091834e-03
1.231090711676805166e-03
9.124145577156244843e-03
6.943417963588041078e-04
2.583271366127908204e-03
2.421352176759151032e-03
4.640840667277452069e-04
1.791081098386071132e-03
1.464506946417258116e-03
7.473628635703219187e-04
1.304815905000616949e-03
8.418051467687494380e-04
4.969892831881754730e-04
4.465795163719850878e-03
1.958557128033851843e-03
6.739149872574621549e-04
2.970823974192027001e-03
1.680997591935398964e-03
7.011707183991553599e-04
4.636985118378359784e-03
1.057902625768611512e-03
3.263807454219463337e-03
2.491834198411820456e-03
8.926911431071880279e-04
5.549753581059231264e-03
5.108450401375051958e-04
4.538024135654464102e-03
3.406194687659334832e-03
4.664919797528473502e-04
7.242262578016929854e-04
6.365202838325016753e-04
4.173138697376207844e-04
8.355770366562757789e-04
1.342356363300714877e-03
9.612540074350072253e-03
6.675173115640538118e-04
1.871510213851978284e-03
1.612763665657264900e-03
2.975273632106560629e-04
7.340093913876975188e-04
1.762148657243474978e-03
3.398677119652130665e-04
3.986503612688948586e-04
3.371347736566916633e-04
3.092153326413579805e-04
1.038638605722605902e-03
2.279386593118774146e-03
2.480627002580826509e-04
3.293176330854517917e-03
1.833249701332096413e-04
8.943067936871176415e-04
2.323931546767107664e-04
4.267818224475693504e-04
4.401349236768810325e-04
1.936358580141111477e-04
2.931909492375879989e-03
2.130186827717014779e-03
8.080845948278410351e-03
4.890314005521330344e-04
2.077690904409652296e-03
3.049243290672147902e-03
1.285497078658261953e-04
1.990410254492855629e-04
6.782115242405713793e-04
1.193978239929769465e-03
2.516712312242776282e-03
3.777337676030524064e-04
7.048727579502543682e-04
5.690544245854359728e-04
6.140580396717976478e-04
6.274591132533218927e-04
8.694031997219933217e-04
8.065314261971040640e-04
3.621099493248886090e-04
5.799909267054975583e-04
2.783810006214265382e-04
1.963422536364664150e-04
2.714112351029988575e-04
1.455876436450852717e-03
2.581061968822514780e-03
3.474768910852948662e-03
2.982880317163298916e-03
1.508210470740695835e-03
2.036340298264839241e-03
2.819017767867597248e-03
6.284338724829005617e-04
2.969871783586205917e-04
2.752364247841911581e-04
3.697113234994016352e-04
3.959972441849480694e-04
1.886157579145251138e-03
1.748877871273769955e-03
2.883185384534538349e-04
8.305986917715082324e-04
3.083839787870999022e-03
6.933105160728823867e-04
2.993024819974807616e-03
1.425530899740757099e-03
3.052105177732773646e-04
2.883823802712784466e-04
3.578531288244349426e-04
1.501340112581194463e-03
6.413238607163903714e-04
2.354462381563165486e-03
3.414282802137601387e-04
7.777632030353327959e-04
1.751597641719953788e-03
3.635638567517142285e-03
1.366664624264293977e-03
2.508496427613482634e-03
3.709141774541589178e-04
7.110743787489755795e-03
2.445506227044096700e-03
4.183858795004899195e-04
5.578161495154059565e-04
4.156722758033128736e-04
3.801553369072215548e-03
3.126703450673261938e-03
4.859433243052243504e-04
8.665330981781264961e-04
6.990268750211418598e-04
5.106915368609459644e-04
7.928608311100223240e-04
3.185943670491240111e-04
5.329050680001955025e-04
5.987217149015880988e-04
5.056275488301797917e-04
7.019845654986843443e-04
3.721225741361660309e-04
4.087524609822796033e-04
3.873326424221911249e-04
2.014258402452199278e-03
5.884163244648055267e-04
3.959317979651476001e-04
5.892187628691629908e-04
5.986728989089485416e-04
5.166569072331425551e-04
5.294039269533163099e-04
6.521234931734584553e-04
3.535787123275194611e-04
7.343195496784596377e-04
6.979793526830689945e-03
1.362666408117164637e-03
1.606501399291264745e-03
2.103268625853827681e-03
1.870299669911726316e-03
5.932745813190685915e-04
9.095094838505342599e-04
9.106406880702227558e-04
1.243294283287951947e-03
6.367481925043243533e-04
1.141137587057336521e-03
1.387792849312818747e-03
8.084872223424826275e-04
5.895616830828891370e-04
5.709094463400335960e-03
6.426979548247142111e-04
4.906386024078412218e-04
7.359204079771674992e-04
5.021147101723723088e-04
5.421952483296778747e-04
9.311789213531291610e-04
1.411453527328873940e-03
3.062589376486527393e-03
9.305340774843116154e-04
5.948142820089188628e-04
5.924914351458569588e-04
6.475535960076764111e-04
1.141049527493949228e-03
7.890358006652862383e-04
4.706050293835459144e-04
1.611212005955476667e-03
3.795861700143183322e-04
3.722447389707087169e-04
2.946853063200271985e-03
6.388535084663638387e-04
4.936818190845410157e-04
2.218771137362279128e-03
1.581867654527163410e-03
1.002278333054728654e-03
4.148505497162802277e-04
7.825207859819887854e-04
7.438683860020412712e-04
3.043943496115985442e-03
5.862841631918481230e-04
3.929771639902681171e-04
6.318465359240304493e-04
4.757695061499792608e-04
5.070985941252868258e-04
6.645701328990412339e-04
7.599484270353185468e-04
5.444554158539083874e-04
1.231735542385121269e-03
8.480886973721503581e-04
5.094419585649728570e-04
8.222132934843903512e-04
3.698081589182683091e-04
1.148747323625187505e-03
5.460478655414173184e-04
5.488650630040189373e-04
2.172455668965691221e-03
5.411198529797849564e-04
6.020646606750817281e-04
5.417260805330299757e-04
6.410537605413171424e-04
9.797415931156127321e-04
9.292632846826887148e-04
3.858813363744050939e-03
8.343884611211503047e-04
4.040553188401949753e-04
1.778100865760989064e-03
1.789416488538581387e-03
3.321814567108499240e-03
2.112663394415108514e-03
6.769907936407264151e-04
1.143586585843065721e-03
4.347214759711346310e-04
6.186922748705175196e-04
8.022371809594376710e-04
5.334730334617400179e-04
4.127190256459064904e-04
4.051657329042962540e-04
4.018566404004495982e-04
3.851250210289164518e-04
8.501017320698622207e-04
