8.958719743969730809e-01
6.635587815251287047e-01
1.420237017127392587e+00
1.220664546335354039e+00
8.367501877790993747e-01
5.738037196556107222e-01
4.077880046256417979e-01
2.993529306059812267e-01
2.259084649104452780e-01
1.742616114858804854e-01
1.364125954898178783e-01
1.076089503666819713e-01
8.513420230106680253e-02
6.742991234499633169e-02
5.351671532700765649e-02
4.267271988174221181e-02
3.430515193128887835e-02
2.790256422158446728e-02
2.419512818401853282e-02
1.935414234527487246e-02
1.127077416625455950e-02
1.433308112011668321e-02
9.829045073803594976e-03
1.127505174891497465e-02
3.463379679055073827e-03
9.349287128675873304e-03
8.682935726660605952e-03
9.161267006585149808e-03
7.505553621259459553e-03
5.180548260976263267e-03
6.582113392427512040e-03
1.005004716202849598e-02
5.130413612914981256e-03
5.472257219916116036e-03
5.155938912679225265e-03
4.047595605832588275e-03
5.561650670925979284e-03
4.157877968987519490e-03
4.729576690115918497e-03
3.166985838250160456e-03
3.365671869810972147e-03
2.273473222720324202e-03
3.077273698268820096e-03
2.811133281612640707e-03
2.355983809890462282e-03
2.458768937835121692e-03
6.379354632465912382e-03
2.134596709040291647e-03
1.206637365256554807e-03
1.812888139061253094e-03
1.632063847692906975e-03
2.319812538528317515e-03
1.477868697794335572e-03
1.532310042109789666e-03
1.167112912587533850e-03
8.169676326382761811e-03
1.113089329990103000e-03
1.002331392172732625e-03
8.969527995121339206e-04
5.450233568418288641e-03
5.326958975255646333e-04
9.657628284692144557e-04
5.185406746542144986e-03
6.712833029200504292e-04
5.843305079618445544e-04
6.797169672172309173e-04
1.053570977504878024e-03
1.587892327225895071e-03
1.104342210341166921e-03
4.707012679419614321e-03
5.789606328474349375e-04
4.460935340713090952e-04
4.171690752844508772e-04
4.071213233251105889e-04
9.067689709940818677e-04
6.401324819116029248e-04
3.789786851290012507e-04
1.603190338425835530e-03
3.126932666208103676e-03
8.782500707678245590e-04
4.029508350524883212e-04
6.663017152255584687e-04
7.520723523859174347e-04
2.901533940488843898e-03
3.355281806213798626e-04
2.943074995172503816e-03
1.546301644639900847e-03
2.895679095936264102e-03
8.790459341184704654e-04
4.177318456814850338e-04
3.480990305457968919e-04
4.366225626371567081e-04
3.052155027918488023e-04
3.360898956203067865e-03
3.062770695260239712e-04
3.696560479876300365e-04
2.870335623490779631e-04
2.002055958128955496e-03
1.588384496260693106e-03
2.832932064529414934e-04
5.223873626748443480e-03
5.669011524830107817e-04
1.387653635737577142e-02
2.550517051343564033e-04
3.760159184665632726e-04
4.465837317893715753e-04
1.044959559804234470e-03
3.195332246244768880e-04
2.554058987231130722e-04
5.068990790955626730e-04
2.384909265196252922e-04
2.897851903422025022e-03
6.871271504353102010e-04
3.079998601797707719e-04
1.565095622793299642e-03
2.517743726618318595e-04
3.637342621176364692e-03
2.530895367569820846e-04
9.928570800124493414e-04
2.324068694204577980e-04
2.325719370582155204e-03
8.322588950295609902e-04
8.166802627753029162e-03
2.075874568492352436e-04
3.414905909433909670e-04
1.903671134710319948e-03
1.997072611407571616e-04
8.898109157257749757e-03
2.215164386616289265e-03
1.911742036130655725e-04
4.139977212901094412e-04
2.730117912302559239e-03
1.848809842405550025e-04
4.092210389451225489e-04
2.021609933926203086e-04
1.839555999366263071e-04
1.428072241971490436e-03
1.753088586049312083e-04
9.337901245810191009e-04
1.899445787131955575e-03
2.151656347760500139e-03
1.751804477839611284e-04
2.006099854154419027e-04
1.797181460937142638e-04
1.673935873889521766e-04
8.959281097056836021e-03
1.759542059232749084e-04
9.710809676008987437e-04
2.747103654092430697e-03
1.678351590823574111e-03
2.423735604254075374e-03
1.992613541932076755e-03
4.165015072862386473e-03
2.364890502686138943e-03
9.215494792658362414e-04
2.636212982149903697e-04
1.132142014185878428e-03
3.554331874426467958e-04
5.872500760719275015e-04
1.957594279675974709e-04
3.391459551532914813e-04
2.183379307766746599e-03
5.732187443592729088e-03
1.452044596910591042e-04
9.032014444377896994e-04
1.045629024748179030e-02
1.951460804225771991e-04
1.911049006282182841e-03
2.388151524810236805e-04
2.271839814988439743e-04
9.746862451878999731e-03
1.859483943916084717e-04
1.460418577061719484e-04
1.912445113251030817e-04
1.957432740982248485e-03
1.456229808890307890e-04
3.630858929975715296e-04
3.154137281738397802e-03
1.898572544932755559e-04
4.281854997837678456e-04
6.460093530892606437e-04
7.615788599865804887e-04
1.363234519196612413e-04
2.922223648414473858e-04
5.643349926502693771e-04
1.413814017225045120e-04
4.843107852209907710e-04
2.223488360097430200e-03
4.336513656412614541e-03
2.318655700102956001e-04
3.976251046721745487e-04
2.531888284359946114e-04
1.831790941270222597e-03
2.735054820499522059e-04
3.156576846634944681e-04
1.278221431105034007e-03
2.187927712832428819e-04
7.311563446942332843e-04
1.807756327914415771e-04
1.503276449345020561e-04
2.555712736629222812e-03
3.770241754461973929e-04
9.632219566303593453e-04
2.343160309441379152e-04
2.412674659441728451e-04
7.041815797738015716e-04
2.284111199899008877e-04
1.067659272379403636e-03
1.851725949473974407e-04
4.912261357362875417e-04
2.204709281205080823e-04
1.908787936252202616e-03
2.138129457478104341e-04
4.733738665200907842e-04
1.489116110190124567e-03
2.603090386316336087e-04
5.439238219393802490e-04
4.426096755383893372e-04
1.929858223123318169e-04
8.975181254028625003e-03
1.653839632131205066e-03
9.622269027753447678e-04
5.910028468952062408e-03
2.348423467879966198e-03
3.604911813281311684e-04
3.429639714253214793e-04
1.246225981257341226e-04
1.586907836968003669e-04
7.217643911279573435e-04
1.214360409926780633e-02
1.638310885953725448e-04
9.293172868570403252e-04
5.982267211822044376e-04
2.789812113900070386e-03
1.570037510777222856e-03
6.649897264348925445e-04
2.387961828604202690e-04
9.897008526951415607e-05
4.155471600654144252e-04
2.021957553771486140e-03
1.969560092532875108e-04
2.738974321300964056e-03
1.213820029336854303e-02
1.897977445783515427e-04
1.855707315247462417e-04
4.261927953464259358e-03
2.167013965767468353e-04
1.644558754521433354e-03
1.228636186062236546e-03
4.416732420896985595e-04
3.274603232218705590e-04
1.783265094668958352e-04
4.147154974822424289e-04
1.788792984513401453e-04
6.697502817835606671e-03
1.324806078362680318e-04
5.320016618009913321e-04
1.534754878132205558e-03
1.701190344520485973e-04
9.994047805571202453e-03
1.200936291242806560e-04
1.841772730125658918e-04
4.239077324121928031e-04
4.348050013679973175e-04
1.121276313152529830e-04
3.398756373076293989e-03
1.276936248355638897e-04
4.027438016131428163e-03
8.280669101989696036e-04
1.067248686826861859e-02
1.842898884087162189e-04
2.588640521000119474e-04
3.660167492473756089e-04
1.271026329966089090e-04
1.656065310065063436e-03
1.744863851059306071e-04
3.756669886086720081e-04
2.077833923359369717e-03
1.770139768532938461e-04
2.872665772592280457e-03
3.692546909476618691e-03
2.828008192209075389e-03
1.400259390713700812e-03
1.163590336668091129e-03
1.201886228364277892e-03
4.194635725016704927e-04
2.438257842339818491e-04
2.607210826746177482e-04
3.079009996598612402e-03
1.123773375659176295e-03
5.164286012549008844e-04
2.698157380890599515e-03
1.943903018157729090e-04
2.432955250684224781e-03
1.661516622229802656e-03
1.250976998115463975e-04
1.676606122310105756e-04
2.109341904793523399e-04
1.400125401949011295e-03
1.609848286324416528e-03
