9.698299291157820301e-01
5.698158044417399593e-01
1.871981438144619370e+00
2.360281321107694286e+00
2.148660797757980134e+00
1.900512379904474081e+00
1.721471577017816612e+00
1.566126642337438923e+00
1.367388250125189275e+00
1.223053055842612480e+00
1.092812936924105749e+00
9.889207475553581927e-01
8.919321292247960331e-01
8.173921518531424013e-01
7.532223595833098528e-01
6.859231815170961921e-01
6.383454317746961593e-01
5.973853415572174530e-01
5.419032092681342894e-01
5.110455582506254757e-01
4.815461330744973956e-01
4.260649706342993226e-01
4.181968327769523541e-01
3.980325066464831529e-01
3.706852105001080533e-01
3.496569412732222770e-01
3.355411040379707166e-01
3.308136461458361377e-01
2.948356422610079464e-01
2.858210796096602446e-01
2.759706079662820333e-01
2.539670473593808042e-01
2.475188363463506624e-01
2.407075676946786591e-01
2.202447394318064189e-01
2.172811656819194914e-01
2.126628410834803529e-01
1.938730173256867639e-01
1.928696937654360011e-01
1.899992552898117359e-01
1.674351832525232397e-01
1.732075779881777355e-01
1.715801579134564880e-01
1.475283119004507648e-01
1.567800753829123317e-01
1.561243621046396746e-01
1.504761523675565149e-01
1.426080932729095752e-01
1.428463655454221826e-01
1.139949800789273049e-01
1.309927980575439355e-01
1.315004561839143160e-01
1.084415393420732343e-01
1.211570945853701620e-01
1.213023507477974522e-01
1.083434312546476125e-01
1.113663247360985736e-01
1.115995947232022029e-01
9.287086101115724079e-02
1.014839296832689280e-01
1.023640646408143229e-01
8.605648559111693519e-02
9.254731122751741479e-02
9.358060969990332489e-02
9.201523264918966272e-02
8.070115319510653973e-02
8.495878567406865700e-02
8.373487638458067261e-02
7.885340274214434897e-02
7.176216639786840712e-02
7.526417153851285013e-02
6.189134529918404598e-02
7.028294738870920211e-02
6.893655301523421430e-02
6.349787480975357945e-02
6.417115132253400911e-02
6.277740573605340713e-02
5.972081584565883117e-02
3.999164519364445392e-02
5.525276968314264681e-02
5.448227954418130570e-02
4.769810458451784196e-02
5.032403340146405363e-02
4.935374313255543044e-02
4.410729819187133444e-02
4.556299527537457927e-02
4.448001941587445551e-02
4.033422186214537936e-02
4.093191282049356977e-02
3.983349124296484828e-02
3.810011972747083531e-02
5.996902087387331187e-02
3.545786947195606748e-02
3.459895230486999956e-02
3.122391688606858395e-02
3.178082596989128400e-02
3.128561554313508131e-02
2.894197168648318316e-02
2.870595461598089357e-02
1.285831247071474170e-02
2.610729879127628855e-02
2.557519259112640830e-02
2.494627801244104007e-02
2.380886558040247458e-02
2.289229591561636398e-02
2.130406380787406087e-02
2.112235824335352563e-02
1.866632439808441415e-02
1.935240961862240081e-02
1.900808141898597745e-02
1.765929733893752129e-02
1.711870366983143238e-02
1.673178652056317439e-02
1.549276306822908525e-02
1.524424199434429479e-02
1.320562692331977810e-02
1.372752819761309875e-02
1.292884914536465528e-02
1.264819080481667177e-02
1.642947286021527453e-02
1.174284721311838996e-02
1.225784339567516541e-02
1.553142054107738319e-02
9.813886378367267169e-03
9.228448416051315134e-03
8.716226185973499282e-03
8.737240618411225290e-03
7.664346809440366129e-03
7.724665474446766079e-03
9.365535182856286889e-03
7.026394000116190953e-03
1.327621764331610339e-02
6.244187656860501756e-03
5.765806349100844642e-03
5.286295311210868590e-03
8.057815413720526010e-03
5.133442285272682426e-03
5.904580832317425469e-03
4.284671238883883473e-03
3.709107215127053440e-03
4.325715325349300394e-03
4.731884922630734402e-03
3.271894479582682178e-03
3.260094099767303199e-03
2.840070202822544011e-03
2.940390004567227430e-03
2.842380858365915058e-03
2.859462152421840889e-03
2.794472744308427927e-03
2.766625888698133733e-03
1.335421070050046323e-02
2.937248802943962130e-03
2.939266350496225200e-03
3.178841064313199256e-03
3.306389491256263823e-03
3.231638017033959098e-03
3.727157198992271051e-03
4.275392899394130607e-03
3.497509425607865131e-03
3.711805233701741865e-03
4.912476584064204808e-03
4.662991653231669288e-03
3.567532443106541471e-03
4.544832802635507922e-03
1.640819882859075041e-02
4.813110241648163069e-03
6.056902323135810069e-03
5.216788568973500240e-03
4.313934141243438124e-03
5.440470169757899779e-03
4.832828283082927709e-03
6.773911639352406602e-03
4.938494036589221106e-03
6.192225906100903496e-03
5.999641854921915381e-03
6.977634333197707192e-03
4.793346880604760531e-03
6.906266045565871703e-03
6.796497414525336234e-03
6.948368989042218689e-03
6.781939425604551451e-03
7.289823901078135680e-03
7.459120209962567805e-03
7.185619485745407299e-03
8.051649933817430632e-03
8.992051496142648703e-03
8.933039380602797799e-03
7.668353725542421430e-03
8.455482158335142148e-03
7.272290927227109160e-03
8.822656356236016281e-03
1.030089821294612878e-02
8.602122926002288977e-03
9.073370582017058553e-03
8.999769167957895333e-03
9.086620169009417686e-03
7.114000500675046225e-03
9.676878787685076755e-03
9.465522596456738685e-03
7.315627276011827003e-03
9.896024155578405854e-03
9.648455271048812093e-03
1.066470350966162127e-02
1.019627016656588121e-02
1.038546434336592300e-02
1.055989140070563714e-02
1.158132686247024742e-02
1.286988585789188878e-02
1.051843356147066921e-02
1.112919643103052296e-02
1.084133486879262399e-02
1.177750598738845980e-02
9.844805718997326829e-03
9.838656695265081062e-03
1.135114924281725203e-02
1.148520252482790154e-02
1.170365099481105418e-02
1.210385917818826429e-02
1.076529013762726056e-02
1.024800449505075192e-02
8.486619129122165150e-03
1.222116843566513691e-02
1.052294165706221807e-02
1.275168699213643196e-02
1.214466857329828293e-02
1.297212285755467050e-02
1.288718653904957073e-02
1.549689232827941229e-02
1.394812420683514721e-02
1.275869862335272942e-02
1.435676379195923412e-02
1.318897960617113237e-02
1.332856685097754193e-02
1.350846681973530243e-02
1.094224218535608251e-02
1.365647416446023020e-02
1.352440152830168725e-02
1.423269117256046809e-02
1.114748075831706320e-02
1.434784305276850039e-02
1.198781305148040148e-02
1.423287049290062473e-02
1.433347905614419833e-02
1.449140042865035283e-02
1.476840676511043289e-02
1.442486455148312557e-02
1.463088134588131674e-02
1.462470480816357304e-02
1.493264824906996233e-02
1.510162469665702126e-02
1.544148493769504846e-02
1.509843398619653207e-02
1.514050071387285437e-02
1.433639688856482367e-02
1.349932544673588738e-02
1.549285310621584255e-02
1.718542286855349530e-02
1.585154483956721649e-02
1.322208756162624767e-02
1.926598484393740596e-02
1.580787224557581375e-02
1.592276669815360576e-02
1.605240687240688108e-02
1.607637412360213985e-02
1.622889058944828114e-02
1.692908390619204950e-02
1.625916641779887387e-02
1.728102551417007651e-02
1.968314506138831022e-02
2.004603561340261367e-02
1.675248112217121027e-02
2.231330797723678899e-02
1.608554119381818900e-02
1.713688082007032779e-02
1.725988674784670676e-02
1.640213145045547882e-02
1.255837278707861576e-02
1.957146452563264874e-02
1.480396145671740091e-02
1.732917875403414826e-02
1.755310430895423712e-02
1.775516154215258172e-02
2.077109159941073133e-02
1.769380041171701029e-02
2.074867627272323350e-02
1.805095194537124220e-02
1.762971209034788420e-02
1.812433524773027563e-02
1.897686689726845594e-02
1.782316620888063294e-02
1.804194870924744412e-02
1.626329685685700896e-02
1.846081659501170452e-02
1.883823472350442188e-02
1.619990378674667289e-02
1.973247918575654972e-02
1.984777424890157155e-02
1.959182882452140465e-02
1.893407337605745172e-02
1.890847281744594335e-02
