1.001966620809820352e+00
2.248742721874796402e+00
1.583581837349834709e+00
1.044495533648978514e+00
3.693652529386560524e+00
1.603603165064382052e+00
1.460259160650838828e+00
1.567856509932830988e+00
1.709450352338400370e+00
1.845189880777485580e+00
1.967868188239835225e+00
2.078677878079684849e+00
2.184907407041257077e+00
2.287039429042708960e+00
2.396746866532001530e+00
2.511031531349734003e+00
2.638950862405573528e+00
2.767549104871909194e+00
2.899640832896749565e+00
3.010264262102080757e+00
3.113884749625469350e+00
3.221981710551216072e+00
3.331720394289764631e+00
3.454917865988778480e+00
3.562021052947222266e+00
3.666477112338167643e+00
3.767380580479832375e+00
3.867591452440272803e+00
3.964529789431827655e+00
4.058192087962738448e+00
4.148952708617326124e+00
4.246650665175166317e+00
4.346640617820435537e+00
4.444272787724929508e+00
4.538125762400947671e+00
4.620751724182131426e+00
4.706080483745059162e+00
4.796934461015860407e+00
4.878137365616114884e+00
4.972615441365111799e+00
5.073582647188487726e+00
5.173196455076654487e+00
5.274541499026456748e+00
5.376693172896652939e+00
5.480859872762392726e+00
5.587729537896221288e+00
5.699145798673454166e+00
5.823443419705386148e+00
6.041257450415761454e+00
6.035136366777749117e+00
5.684594762342951135e+00
5.372444800032901924e+00
4.930208713568403844e+00
5.749775152349006824e+00
5.705809810130118009e+00
6.140999593751622854e+00
5.667325544536414128e+00
5.268486584288111452e+00
4.891114366510681322e+00
4.631406625654885367e+00
4.397576645659537320e+00
4.207858654495413298e+00
4.006747953064359713e+00
3.815646357216174955e+00
3.626639911619012224e+00
3.484418959019877970e+00
3.302527855154247405e+00
3.149569151771438591e+00
2.998639942416704063e+00
2.851869591195067777e+00
2.723115564619203788e+00
2.579448321492451068e+00
2.449576313663242022e+00
2.316963789261953899e+00
2.213041856418044517e+00
2.086853592701340521e+00
1.979879153121438584e+00
1.870922979516644435e+00
1.770892428736698720e+00
1.675429004323449433e+00
1.578655479148822316e+00
1.474982472942333978e+00
1.435406444342221199e+00
1.330637735245186137e+00
1.292778683945798646e+00
1.225937153892791676e+00
1.189101508159791987e+00
1.127806139191990908e+00
1.079760585033281650e+00
1.038124023129409323e+00
1.011225316650467665e+00
9.737659313616923162e-01
1.001418535375886210e+00
9.016360045409295143e-01
9.142542741389905192e-01
8.963358708502198180e-01
8.943760611757511914e-01
8.861604229884858519e-01
8.924877675336305716e-01
8.850768013865130124e-01
8.613756133842268570e-01
8.981514049635073160e-01
8.802298665997327909e-01
8.928620485105998039e-01
8.962602895813830406e-01
9.218941254414363407e-01
9.081763090367054314e-01
9.005613822001771185e-01
9.092271305616979049e-01
9.202012214308901150e-01
9.436627990641784924e-01
9.475323940198082662e-01
9.527277190799288142e-01
9.608539792486550102e-01
9.512040784938993188e-01
9.650835765208641837e-01
9.800839684488727999e-01
9.725838191896285512e-01
1.006947171661030982e+00
9.822600910438172850e-01
9.946879292872998768e-01
1.022271782847513188e+00
1.006264087734415336e+00
1.026490250174677099e+00
1.042663199161616872e+00
1.036570409048161556e+00
1.016662648042460315e+00
1.013414861062250649e+00
1.042047091377902301e+00
1.026785980150323407e+00
1.051304119899353129e+00
1.037954267472491088e+00
1.057880562715977524e+00
1.048504465486874482e+00
1.039423395113639126e+00
1.070939637630094143e+00
1.033560984554735107e+00
1.049046375712882950e+00
1.081092809744206074e+00
1.078254958131279473e+00
1.071314893282174552e+00
1.088422968008555980e+00
1.079113433876608186e+00
1.098436646883732770e+00
1.097175962080094047e+00
1.102518949359071243e+00
1.066162650322929561e+00
1.127194536955696824e+00
1.111265784973740622e+00
1.114240833706349854e+00
1.118613411035141780e+00
1.115011650332301096e+00
1.126094026269515602e+00
1.125683181084061513e+00
1.124567017987964768e+00
1.113417488911234488e+00
1.129437476832526821e+00
1.139717984919717431e+00
1.138637843675478711e+00
1.128394584239760023e+00
1.148233519344998177e+00
1.156881817981292526e+00
1.151664658063352942e+00
1.155315881527764432e+00
1.147542955565458156e+00
1.164487535887521741e+00
1.163337734065298168e+00
1.167415974551446523e+00
1.172756029072078432e+00
1.162123201893861868e+00
1.156547238654795917e+00
1.168541854478264641e+00
1.170919276259179131e+00
1.176752004141190300e+00
1.184418454628443529e+00
1.178070861959375826e+00
1.183698351896999457e+00
1.185668467686214589e+00
1.185446012746652844e+00
1.184896895788859927e+00
1.183005151602944283e+00
1.190024676957073924e+00
1.192955134635378611e+00
1.175561722372202134e+00
1.119105806217250532e+00
1.197618920535815423e+00
1.217669798151058247e+00
1.218047894720211799e+00
1.193793767772569403e+00
1.208648267762002737e+00
1.210107922780469636e+00
1.216665464681378372e+00
1.196928319798316709e+00
1.203112712376673166e+00
1.204985713178829521e+00
1.182337910728310515e+00
1.205609626234811271e+00
1.222521105935831853e+00
1.223072444006871651e+00
1.228353617206830561e+00
1.197160336708081196e+00
1.228869373916906316e+00
1.226392595727036072e+00
1.228174675116668668e+00
1.239274092219234236e+00
1.230097557191733637e+00
1.180203068656596965e+00
1.239723820034895896e+00
1.231362652248205736e+00
1.244750202223920299e+00
1.252990427790825034e+00
1.228649504468325437e+00
1.269534542955726097e+00
1.281685702752995537e+00
1.248308006521284597e+00
1.241103760364259179e+00
1.250609354560178410e+00
1.246336552631902128e+00
1.252964509505931856e+00
1.245270958009373707e+00
1.240995804032400951e+00
1.243573758598553125e+00
1.251106678795496308e+00
1.258774718812425197e+00
1.275695057864274951e+00
1.259629664352133194e+00
1.215618866313271651e+00
1.239390106582793472e+00
1.247072365908409974e+00
1.267000996852939876e+00
1.268407422958172104e+00
1.271292502115370482e+00
1.275463832411750431e+00
1.274733709064717280e+00
1.261414391321183048e+00
1.274766464078596950e+00
1.276700384400381916e+00
1.282341788493304824e+00
1.321524212391031350e+00
1.288121789389367278e+00
1.256716972744202687e+00
1.273164528735110324e+00
1.294313753193288896e+00
1.298933389351870415e+00
1.279483131587267009e+00
1.299446218902217121e+00
1.314866686050778943e+00
1.296567568705201845e+00
1.293334416756854344e+00
1.287075925098938756e+00
1.281466376105901528e+00
1.293485562221620810e+00
1.304622592022247174e+00
1.303582700679782214e+00
1.307704668074659793e+00
1.308248283193631956e+00
1.315489507024690141e+00
1.307715504126558237e+00
1.304036639011836085e+00
1.317892827417506796e+00
1.312690555022751893e+00
1.301163010221268568e+00
1.293023647406569054e+00
1.321748778577199079e+00
1.292668067952021715e+00
1.321423833089774735e+00
1.354626890472533152e+00
1.275488885537811701e+00
1.305097197585003199e+00
1.320859907575055781e+00
1.316868398433286735e+00
1.309212569264630810e+00
1.310249361068450247e+00
1.318682981184717606e+00
1.331430222144459163e+00
1.313993999358715081e+00
1.319526698495471662e+00
1.335508511987345548e+00
1.318907510794974591e+00
1.324547393832097297e+00
1.333526937582099725e+00
1.330056836733811920e+00
1.345696001463060787e+00
1.341690766358808684e+00
1.341378940812006704e+00
1.335046100103628897e+00
1.301221315757929764e+00
1.341069165368245386e+00
1.331231407622004204e+00
1.344463164444452463e+00
1.331326123765333991e+00
1.322424819119211614e+00
1.338898789242741305e+00
1.339581265431023294e+00
1.338009375653218536e+00
1.298490197112994293e+00
1.351629173532126194e+00
1.337182978047901427e+00
1.333683966263838228e+00
1.340890297353655614e+00
