1.064659706514247350e+00
1.680585481736320608e+00
3.438442916112888881e+00
2.361264763080796136e+00
4.261480001681925422e+00
5.207809574390679153e+00
5.174700011748384121e+00
5.050718667500079029e+00
4.900833809016363674e+00
4.736402385021078132e+00
4.573471697105436107e+00
4.403971013635042731e+00
4.235199829431825158e+00
4.067495009897790226e+00
3.899354920187452223e+00
3.731940075450780991e+00
3.565169219384100696e+00
3.402913904069332585e+00
3.240169000635177543e+00
3.082993892429418903e+00
2.928674207070188551e+00
2.779957535024351500e+00
2.637956111110592694e+00
2.499476154229250291e+00
2.363219684121879993e+00
2.233956750830006222e+00
2.105100975638525718e+00
1.981673961671977402e+00
1.859065297139408823e+00
1.736756828126539975e+00
1.613563570494174426e+00
1.497919825537476601e+00
1.368905098240638551e+00
1.251162901341947187e+00
1.140943817325562160e+00
1.045970028721371126e+00
9.722809842081332476e-01
9.308958545291317055e-01
1.071802581379851738e+00
1.509533227415039480e+00
8.633119577971644087e-01
7.801978873669828118e-01
6.987644405504520595e-01
6.117997383623949847e-01
3.806659553973828491e-01
2.962576722005763052e-01
3.530085443543365953e-01
3.856763259027698454e-01
3.756571040489442015e-01
3.486258205784967812e-01
3.194729604193026207e-01
2.885528239667727313e-01
2.577513667449973789e-01
2.281540279603031796e-01
1.961815395098596981e-01
1.635354397103660484e-01
1.434871484481452242e-01
1.280370933676641676e-01
1.090838910532719308e-01
9.882956324609656895e-02
8.123990272091016762e-02
5.775885048649373466e-02
6.040444253468819913e-02
6.121380438837046439e-02
4.539166200276233826e-02
4.056304466693001071e-02
3.826902492640556208e-02
4.066167877806160791e-02
4.042172904419612245e-02
3.471054678053592940e-02
3.530248923889114931e-02
4.786277896791836517e-02
5.439624947999698035e-02
4.353773639458975719e-02
4.183656335084941225e-02
5.106406122230221917e-02
4.064148011004103944e-02
5.145064081314360688e-02
8.528012520224124982e-02
4.814077204944081090e-02
5.315409748922240996e-02
5.720577956467575581e-02
5.600302125975334389e-02
7.055795769235399806e-02
5.941815929656864975e-02
5.516043538228488502e-02
5.779220819954609262e-02
6.419663523062599242e-02
5.640313867617235272e-02
5.010593138949774594e-02
7.021191717201825944e-02
2.975324019715595153e-02
5.989126829028431492e-02
4.872438220395217817e-02
5.547697359619438440e-02
6.341212553527199314e-02
4.893671698980813639e-02
5.579941435625383750e-02
4.284280522581750822e-02
4.349155737999810950e-02
5.330002990867613311e-02
4.553921519925337169e-02
4.825526546404780570e-02
1.715103518982557390e-02
6.159727336597509845e-02
3.975753359063941006e-02
4.187968655487987746e-02
4.024969125794391339e-02
4.036053105350133341e-02
5.038822086919389487e-02
1.575004975409502808e-02
3.380014633693186055e-02
5.152028405723525079e-02
3.934014545614617636e-02
1.064875336296336981e-02
5.136685942845153202e-02
1.538705362298097012e-02
5.604344493669930621e-02
6.060590507579308867e-02
3.235078963537223878e-02
2.699080583021643692e-02
4.599873489110171271e-02
2.533705599606440179e-02
3.960331849824490213e-02
2.510069347541625875e-02
3.173259158335114960e-02
2.352516624791203825e-02
4.438602430800508286e-02
2.315397714929237280e-02
2.860391937568813187e-02
2.850930962435008903e-02
3.178609598338586611e-02
3.065484066792982520e-02
1.808862048125562533e-02
2.583605689087502266e-02
2.280015690422321911e-02
2.954404609415884481e-02
2.533451408544004635e-02
2.415893958610097758e-02
4.274992838599973172e-02
4.778504872544094700e-02
1.699305724629374473e-02
2.214174094549452992e-02
2.579252270170366915e-02
3.554592104653730988e-02
2.392719242134072957e-02
2.579787436855225657e-02
3.028417378404409804e-02
2.047181101832161801e-02
2.304378954285445785e-02
3.109435056764605840e-02
1.525422076354689647e-02
1.122773597617019760e-02
4.730537152526520517e-02
1.787005531275533132e-02
2.891456624512971085e-02
1.932308118808735362e-02
2.042893910670355931e-02
4.828886953864037351e-02
2.540412690586192276e-02
3.946071168811278451e-02
4.850654642530809885e-02
1.423188964572340981e-02
1.686354437997138189e-02
1.535442791954388757e-02
2.077657126539546317e-02
1.849397809891674752e-02
2.921409495487225713e-02
9.986428282212819404e-03
3.624836967456191578e-02
1.882487429770158746e-02
1.611087604993620068e-02
2.802947672356905645e-02
1.020520864265332152e-02
6.655709082504034091e-02
1.396459620303164804e-02
2.031656578021089066e-02
1.069410747202255603e-02
6.012087742868314766e-02
1.633847379184020024e-02
2.235702794066130733e-02
2.699221468235595695e-02
2.874917417289883301e-02
3.189246667088986575e-02
1.490310183781808767e-02
2.977088256360107404e-02
1.129633922557203053e-02
3.047740530848998264e-02
2.644524062318037369e-02
2.483544602763105083e-02
5.917243708878894282e-02
1.277613644633421482e-02
2.267018982187050599e-02
1.540074875132413194e-02
6.079079397156007120e-02
1.960056596103300353e-02
4.338131877541628878e-02
1.482965078288744042e-02
3.042283957546410358e-02
1.324033624848462015e-02
1.818728955148930099e-02
3.196304169636100811e-02
8.393791809413750707e-03
2.501161222760763317e-02
1.785327284187880267e-02
1.770002867252217296e-02
5.351850216411554312e-02
1.349249151780479265e-02
3.355816835225522432e-02
8.301650314414325826e-02
1.057234370053342261e-02
1.541360349416873686e-02
2.428778243412057017e-02
1.500908799300283356e-02
4.531224181722041250e-02
1.206433616939204222e-02
2.804047606254590416e-02
1.613482944250593451e-02
1.814410910286137768e-02
2.512700801828281552e-02
1.441166739386001878e-02
6.594953947884086079e-03
3.274867983460107851e-02
4.214505365438557527e-02
1.557884116479025388e-02
1.147393143806235347e-02
1.379569970097696378e-02
6.985805063148493692e-03
1.732488644037139328e-02
1.004227635648765986e-02
4.315095604536548640e-02
1.826027597884130951e-02
7.159674879180974970e-03
1.870278025792913856e-02
6.873921641943625538e-02
1.750361426536277062e-02
1.797375613011056167e-02
1.035016820947046862e-02
2.265264377218428188e-02
1.300000105137459269e-02
4.050268428167415335e-02
2.567552646959516890e-02
1.144039950906782649e-02
1.658957163889754338e-02
2.050584050082911516e-02
5.942650810556212269e-03
3.496329936030526109e-02
8.658963904421676863e-03
5.589156000862173512e-02
3.623078931108742601e-02
8.986676624292139551e-03
1.687041451609544440e-01
8.297099286221500114e-03
2.266571907935243865e-02
5.320539412022125964e-02
1.315657276204291667e-02
9.185744009060119869e-03
9.747467964060620507e-03
3.194781891119803652e-02
5.354793749185691315e-02
1.621583696395317506e-02
1.750316778192055264e-02
1.892125110653491982e-02
1.192555232217756139e-02
1.895567931687466498e-02
1.776478509615513762e-02
1.546917705529442591e-02
3.018408206983448291e-02
2.010438811885173829e-02
4.293605461981861438e-02
2.409941962793910736e-02
4.540633981890016685e-02
9.277109898418593389e-03
3.152330590127015719e-02
2.323890371737160482e-02
2.682007050138611806e-02
4.382664900360997567e-02
1.400928159475934610e-02
2.256079411964448736e-02
1.288866175847604850e-02
4.022347895336608747e-02
6.107227000962865866e-03
1.345555749634472567e-02
3.460064321451396252e-02
8.243126166798595694e-03
1.555216431526433227e-02
2.157507898131782662e-02
2.739669798652384983e-02
5.994550685351432429e-02
5.389102404573534871e-02
5.205024472365719912e-02
1.626909980004091760e-02
3.777554179929939332e-02
1.718128415286445873e-02
5.479894287944007090e-03
1.162185364660229051e-02
1.609447006765122104e-02
2.659612703709703790e-02
4.956950789085855930e-02
1.299026546616523919e-02
