1.006159801604906034e+00
1.654636009998924573e+00
1.847950628318331123e+00
2.090900748036431001e+00
2.169744554737616404e+00
2.205787247844941845e+00
2.222936479136121246e+00
2.230051680465020780e+00
2.228882202583249317e+00
2.226696011403419995e+00
2.228144736900931289e+00
2.225566823601774047e+00
2.219229576724565334e+00
2.222653483079711556e+00
2.221412915806053157e+00
2.219234112279124815e+00
2.219612268867019900e+00
2.216754030217976457e+00
2.217620654186658324e+00
2.215417458877543488e+00
2.213238473862514155e+00
2.210124036684844473e+00
2.208585579104018315e+00
2.210381474641353705e+00
2.208727332517921305e+00
2.207233096527752458e+00
2.206273439974341333e+00
2.204818423897955793e+00
2.203310016458524867e+00
2.202588400627412124e+00
2.200897391269482917e+00
2.199575274302062677e+00
2.197868064803077726e+00
2.197160143461931003e+00
2.195776371206643152e+00
2.194301006415281918e+00
2.193398009324598164e+00
2.192164954841770097e+00
2.190945823929070446e+00
2.188575491193517575e+00
2.188525792643475132e+00
2.185609518791751693e+00
2.186231183126721156e+00
2.184669589515642940e+00
2.183573257348563335e+00
2.181685263590071422e+00
2.180783592613999566e+00
2.178627158934309804e+00
2.179038936991221753e+00
2.177460752805321587e+00
2.176187591294437507e+00
2.175494683665549989e+00
2.173741511181124242e+00
2.172282825341240287e+00
2.171317171148716696e+00
2.170198676938550175e+00
2.168549911726692425e+00
2.168009246792814704e+00
2.166529412942288513e+00
2.164859196628602600e+00
2.163263752851779742e+00
2.162957455440289056e+00
2.162429393617225415e+00
2.161587201588135443e+00
2.159495374111724875e+00
2.158959257523204833e+00
2.158068798653673070e+00
2.157095234362653713e+00
2.155930854369855876e+00
2.154776236747063312e+00
2.154254337671618114e+00
2.153264832000649331e+00
2.152104487768490504e+00
2.150980732049625477e+00
2.149962969699052540e+00
2.149047096271619051e+00
2.148202360915123066e+00
2.147424510999804692e+00
2.146041614990876312e+00
2.144657914169395774e+00
2.144191556147479361e+00
2.142663155617030135e+00
2.141552139469697913e+00
2.140511104309734680e+00
2.140188761246075710e+00
2.139495046701031633e+00
2.139010618911571182e+00
2.137473275746597068e+00
2.137207445584700771e+00
2.136740933298736156e+00
2.135794870583459293e+00
2.134494619368048962e+00
2.133911680706189529e+00
2.133602332633009357e+00
2.132597612586721869e+00
2.133384756709379992e+00
2.129778555589855848e+00
2.130270193518087662e+00
2.129446814000172772e+00
2.127853255212531103e+00
2.127531184996454883e+00
2.127355366533492997e+00
2.126988061102601968e+00
2.126807428944764933e+00
2.125504688024158817e+00
2.123580880726610776e+00
2.123645379529864652e+00
2.122941460727732377e+00
2.122238702153029344e+00
2.122568117775045060e+00
2.121496642787408682e+00
2.121748586059968300e+00
2.121653135722040062e+00
2.120447381464482639e+00
2.119458214232747384e+00
2.119359768452253157e+00
2.118976096502221296e+00
2.118567292789879986e+00
2.117648298434557486e+00
2.117296328031671671e+00
2.116259692267138171e+00
2.116491014670606408e+00
2.115979238566804810e+00
2.115509877018558083e+00
2.115253479977684314e+00
2.113763930408333103e+00
2.114090409659638681e+00
2.114206907588977558e+00
2.113011739130542299e+00
2.113173644559130704e+00
2.112888935684878344e+00
2.112856118986964127e+00
2.111807592324488780e+00
2.111951213776292580e+00
2.110816514710385672e+00
2.111538960276150068e+00
2.110547595787091169e+00
2.109165169942961882e+00
2.109773231077902267e+00
2.109650884302948448e+00
2.109816276436204951e+00
2.109185613878691967e+00
2.109329325306234182e+00
2.107403101425272762e+00
2.108780649868513102e+00
2.108412383667781498e+00
2.108662403148788833e+00
2.108383538184753991e+00
2.108536353614979486e+00
2.108296886944504234e+00
2.107754932661547898e+00
2.108525083064995975e+00
2.107870009327700966e+00
2.107916066999058646e+00
2.107660267787833330e+00
2.108492504367106335e+00
2.107215177673905426e+00
2.107632847464167458e+00
2.107538688207361677e+00
2.107763945676914386e+00
2.107043135027861336e+00
2.107955015727516201e+00
2.108025144511430859e+00
2.108616907038717514e+00
2.108484800309396334e+00
2.107968243717844636e+00
2.107256620174380313e+00
2.108809333436899802e+00
2.107801304863514691e+00
2.108454320081618594e+00
2.109954482412375043e+00
2.107934546303753098e+00
2.109384920951602016e+00
2.109884201484986121e+00
2.110056506455490588e+00
2.109574325246566850e+00
2.110049178053365004e+00
2.111003929874799567e+00
2.112489266414834699e+00
2.111164862206607040e+00
2.111297398457651298e+00
2.111851174970182932e+00
2.113177113897481085e+00
2.112566574477807713e+00
2.113674641823051648e+00
2.111891676921613392e+00
2.113676984133493697e+00
2.113251619293230466e+00
2.114816364237197988e+00
2.114885289091161802e+00
2.115902242343937978e+00
2.116495347865488430e+00
2.117082073661583852e+00
2.117388374164539844e+00
2.116799804997958834e+00
2.118241380373505844e+00
2.118701710784101078e+00
2.119022726950910762e+00
2.119588774528289754e+00
2.118687615216105158e+00
2.121049120681464561e+00
2.120981780810569539e+00
2.119560573020046412e+00
2.123764304091546595e+00
2.123838617149109265e+00
2.124464353080938839e+00
2.125772032676511714e+00
2.126272364613801091e+00
2.126016826883609934e+00
2.127578450533032850e+00
2.128367984410323377e+00
2.129122407669764794e+00
2.131151772089789453e+00
2.131768034312421900e+00
2.132629890368353376e+00
2.132521501180606460e+00
2.134046485614649491e+00
2.134550303569233254e+00
2.135726221921156576e+00
2.136974500402154753e+00
2.137576027193505368e+00
2.138317741335983957e+00
2.139383592252128263e+00
2.140848381173881432e+00
2.139141273647014785e+00
2.143188882130548478e+00
2.143831854444727902e+00
2.144910074474950523e+00
2.143339785801797959e+00
2.144856846425866159e+00
2.150167751242373360e+00
2.150513908082448022e+00
2.153628231071941013e+00
2.151049707207673745e+00
2.153732791053420303e+00
2.155680244817295144e+00
2.155233557908127207e+00
2.157717353894016199e+00
2.160381973165192981e+00
2.161406589882185258e+00
2.164457870255472649e+00
2.162888753334051284e+00
2.165045820594811765e+00
2.164274656662735996e+00
2.166015460722623853e+00
2.170155972383132958e+00
2.170485240855533959e+00
2.172544403789501199e+00
2.171848038990405350e+00
2.175620639104712151e+00
2.175501816706676639e+00
2.178844004853852656e+00
2.178529949299503610e+00
2.178385595840453437e+00
2.182808540790374341e+00
2.183509754694411775e+00
2.186102165380117590e+00
2.188170402923766744e+00
2.189977614663223715e+00
2.191219891412364618e+00
2.192330855861656769e+00
2.194935211255226726e+00
2.196502437976506794e+00
2.194254522009144281e+00
2.199371910990920664e+00
2.201272136796925682e+00
2.204888764320039662e+00
2.206461311371889167e+00
2.207976536240270349e+00
2.208199678348699457e+00
2.211705708268872694e+00
2.209554033938126327e+00
2.219426855087764050e+00
2.218512435187488308e+00
2.218789710447439223e+00
2.217635356853855377e+00
2.225149699031905293e+00
2.224989532744505283e+00
2.225397620072075977e+00
2.227925661609730934e+00
2.232505940806747358e+00
2.231752023594292922e+00
2.238149230824228564e+00
2.237926915576556208e+00
2.239805663657704837e+00
2.237672183591013386e+00
2.242827969382116482e+00
2.245408142945397589e+00
2.251792479590410956e+00
2.251689597030144707e+00
2.253585063992304960e+00
2.255634886346693069e+00
2.258558234168434264e+00
2.260038656344160124e+00
2.262457261611294346e+00
2.268730249743490468e+00
2.265038732436135849e+00
2.271798965569595818e+00
2.271954771209040214e+00
2.273406782685628791e+00
