1.074140685468859102e+00
1.274651997693541317e+00
1.810973766645482153e+00
1.348921959492933142e+00
8.731886464916284174e-01
5.552931777518050893e-01
3.613345822159377829e-01
2.444256950701879649e-01
1.736381046255062732e-01
1.301560242504430087e-01
1.027711618715795722e-01
8.475819542951652796e-02
7.190672501918986270e-02
6.157518151166421760e-02
5.249744025411545723e-02
4.454448785396617622e-02
3.795223019004601711e-02
3.272247844765917985e-02
2.971186519371260201e-02
2.529447136444520558e-02
2.392650894763772781e-02
2.038861797566063339e-02
1.733943233644038781e-02
1.717691538335124404e-02
1.663880820980185443e-02
1.451004196254471711e-02
1.364572962462868612e-02
1.249566538625631121e-02
1.174947444004652286e-02
9.806301495292976678e-03
1.017240534470944743e-02
1.149103815066129103e-02
8.812798375239086490e-03
8.261851627810122209e-03
7.170608229628432778e-03
7.120404142432333605e-03
3.468292392507679994e-03
6.147074786296771384e-03
3.604665546796132197e-03
5.291654196409932391e-03
4.859338469792792714e-03
4.701731901866037372e-03
4.304803256345390503e-03
6.276546985071561682e-03
3.330370354713209358e-03
2.737414353741990207e-03
2.628914849247134845e-03
1.542469862280330777e-03
2.463030498491519064e-03
2.382437872081777288e-03
3.744775089852770723e-03
1.554199170703125495e-03
1.113475973859002609e-03
2.196323231111873154e-03
9.539603719158574937e-04
5.782436285850958528e-03
1.304060422905045299e-03
5.543145131592863099e-04
9.976792352279751329e-04
4.910448097390575405e-04
3.836867659218393296e-03
3.828682786541173257e-03
7.620712771634046562e-04
5.431411502956589709e-04
8.120316638664653317e-04
1.582994442513627198e-03
6.380951112578413546e-04
2.427294165175248025e-03
4.853314909214196510e-04
1.369634345148117117e-03
1.152775405486968418e-03
4.833837378306268806e-04
7.104913448797488349e-04
6.765824643844584128e-04
5.976512224657396649e-03
5.311461169333361529e-03
5.278310855822818028e-04
6.658101010851740550e-04
3.376079966834628129e-03
3.997043278376564567e-04
4.448666036231220056e-04
5.652860286577906807e-04
3.562334461957635131e-04
5.868953634743304245e-04
3.749929029458045964e-04
1.442943700029911992e-03
3.471515418710628014e-04
3.224462331678113348e-03
2.375614513786331906e-03
3.260322093582171052e-03
5.635793514498658790e-04
3.783552251127598998e-04
1.216658344871291266e-03
6.632451142325118199e-04
1.324939383271830527e-03
6.200643892182459895e-04
8.586889749664415941e-04
2.070938258827485518e-03
6.833669258352468440e-03
6.251169313000696105e-04
4.271726217264744385e-03
2.373402762230472033e-03
4.152735066172487692e-04
3.537327782123402767e-03
1.597326309176637024e-03
1.203797320265993570e-03
1.495838187012946780e-03
6.708832358637054592e-03
7.300236826437104393e-04
3.678170257961300461e-03
1.699157353534069175e-03
6.625979566321468610e-03
4.992554557195279241e-03
1.015542595546324632e-03
6.490673424598601910e-04
1.989911485819503573e-03
1.496269387812562820e-03
2.816500242982348644e-03
5.937331161222966086e-04
1.305582197838187249e-03
2.200575911313814095e-03
1.655769728364978651e-03
2.298277335104036579e-03
6.103487214982697981e-04
4.042970961878159268e-04
2.124757704872232318e-03
3.495329796226194605e-04
5.624390376776065587e-04
1.012324018899541213e-03
5.092327171860467488e-04
5.064535669570921928e-04
1.231733545877535061e-03
9.905737960484068978e-04
9.136154960688310867e-04
6.220874619614256106e-04
1.149464815391462247e-03
1.244889615730403838e-03
1.967100916232778288e-03
1.728753452720944691e-03
2.893637653117217545e-03
1.006935234257443990e-03
4.950502720573997026e-03
5.041644866487405988e-04
3.826398263518682738e-04
4.638560399102774063e-04
3.854827890977422606e-04
1.173326728389100264e-03
1.066640317468054875e-03
6.405104145910723613e-04
2.981029371519209117e-04
1.189200231214724082e-03
3.615294353596806257e-04
1.089659137435589368e-03
4.728765077584164145e-03
6.754935689818811336e-04
4.925828473561553837e-04
6.742982349326289478e-04
6.304123317551988412e-04
4.730266814955085518e-03
3.700657659744536121e-04
3.973261934825885605e-03
3.415801477277068230e-04
1.391899261642752647e-03
2.940389560608358522e-04
3.301853948289727226e-04
9.045056978315377813e-04
3.046284170647222712e-03
3.969510514899580100e-04
3.084397861703811177e-03
4.791108598016735284e-04
2.328501512741364306e-03
8.086462104800414864e-04
1.594945694504135798e-03
3.891383228952501700e-04
3.588878106341309012e-04
3.778340469726493094e-04
2.607714333454362772e-04
3.918889942051809769e-04
2.458349295586666986e-04
3.683342660510701186e-04
3.219798925881041927e-04
1.335163961162173177e-03
8.566120856378066101e-04
9.063806949462945538e-04
2.502314545848436603e-03
5.152876481595786498e-04
6.609951127021742277e-03
5.360427177991740778e-04
2.953631976854530065e-04
1.155449907285840223e-03
3.988113352954473861e-04
1.947241064137270744e-04
3.905271807365185213e-04
3.427785563672543678e-04
1.996805733423967651e-04
9.871830152061481737e-04
2.142577680369620562e-03
2.982171355951365537e-04
3.654459400316694816e-03
8.878307764632694830e-04
2.217563739511661195e-03
4.365413745426292044e-04
7.517125632240368284e-04
6.147005009192517497e-04
1.994628770510332484e-04
2.669830486306611723e-04
2.349417761681001548e-04
7.378999944976071803e-04
1.651032954759124602e-03
5.129183252736274450e-03
1.876401638274540840e-04
3.563190395744068634e-04
1.151974143691847103e-03
6.280602190020683796e-04
2.160269560128733578e-03
4.331634613016419749e-03
9.188135723929783793e-04
4.359922065579828043e-04
3.227511411823220672e-03
7.627436087532551328e-04
3.662830114520472264e-04
8.006116849384619684e-04
1.221746737321125062e-03
8.338350995615561581e-04
3.968093323328668320e-03
7.716138794873108296e-03
2.394144479863600529e-04
2.759399514341655041e-04
5.877288694481778769e-04
6.481405962002616435e-04
6.328818844331623008e-04
5.070360897420910255e-04
4.748407786310413436e-04
8.580587235730006458e-04
2.727074661561005534e-04
3.220611476538739418e-03
3.097188790321633075e-04
7.511697669279742426e-04
9.055425551610010032e-04
8.267581834619762166e-04
5.729881809470422586e-04
4.175718074906308833e-04
5.279239970840745059e-04
3.023877621581141711e-04
5.226948641913752329e-04
5.220578279316039506e-04
9.348759963649926237e-04
5.825637911128081015e-04
4.656636578068985822e-04
4.517310274956937936e-04
2.306215189893839120e-04
9.407364407566027242e-04
4.702447605217683160e-04
7.516849979312793979e-03
2.210993335199513184e-03
5.791630293581630879e-04
2.434650159947166197e-03
2.257933064052067469e-04
4.062545106194108391e-04
2.464245012038125812e-04
2.440166771690985216e-04
3.067104670490357538e-04
2.851181812097324658e-03
3.279026889769217712e-04
5.472608839465004571e-04
3.093265681312551614e-04
6.323100165497037416e-04
4.547840760462594197e-04
1.454785074504969791e-03
1.987250191122451445e-04
2.217101863025959800e-04
3.817240716158507344e-04
5.292219013151919357e-04
2.279433978191927612e-03
2.416964221532156513e-03
3.537640686413428583e-03
6.614971978262314560e-04
2.109337766320789405e-04
3.659260539149460545e-04
8.551773792143573319e-04
4.394654190258216850e-04
1.531398537754748504e-04
2.035174378538147117e-04
8.718376423798885212e-04
2.480795670159534035e-04
5.831342353384916591e-04
6.004716097270426092e-04
2.600780835977583401e-04
5.234661379948794043e-04
2.792736093402077829e-03
2.180860262836805937e-04
2.533595585635880533e-04
4.960635012759686885e-04
2.924560745058886208e-03
2.548368868019331942e-04
1.245208336619767686e-03
2.994643222099261574e-04
3.680333136333436661e-04
3.956871695708318580e-04
3.507835332266127752e-03
