1.059113084474870625e+00
1.576432389244946997e+00
3.051748960239236919e+00
3.021569948866253519e+00
2.950519095357865496e+00
2.904069940631865077e+00
2.842218986160079286e+00
2.785133737739124538e+00
2.736460402118201962e+00
2.689940845433086203e+00
2.646728419015047962e+00
2.613903224380905499e+00
2.576803209097351832e+00
2.551930214518868034e+00
2.518079898834522101e+00
2.496757646446291279e+00
2.478226168641216365e+00
2.446055927054830992e+00
2.433686433027017593e+00
2.419559148831571527e+00
2.392681299381816729e+00
2.381210560822741851e+00
2.347736768038219957e+00
2.345488929808272616e+00
2.335938917042312379e+00
2.311101598054187356e+00
2.301372743704538149e+00
2.293454480658815076e+00
2.257849930247993075e+00
2.259341777121883332e+00
2.253110746075334792e+00
2.242043910737134826e+00
2.223030474934755585e+00
2.218070993088336884e+00
2.200468981568417526e+00
2.190584576662711669e+00
2.186468134089258886e+00
2.164158481108812815e+00
2.159517080030105340e+00
2.156155318824430456e+00
2.131229274755752190e+00
2.128851450352839070e+00
2.126377373868235665e+00
2.098442191360107234e+00
2.099622785016451054e+00
2.098128747765569013e+00
2.076276246293339067e+00
2.065640633703456519e+00
2.065964771388661525e+00
2.065118087188528406e+00
2.043246015789268455e+00
2.037412438902989287e+00
2.038065152973279393e+00
2.039454384583692104e+00
2.014353987321638062e+00
2.016267849173839277e+00
2.001228278640016622e+00
1.992945333929317053e+00
1.994964552143315473e+00
1.996005734425010170e+00
1.965929624746511672e+00
1.969807843892278809e+00
1.971678910862509682e+00
1.960413873836686305e+00
1.972277380091777665e+00
1.947593815513013249e+00
1.950213832812529802e+00
1.928736459225838473e+00
1.932952917878530741e+00
1.922202491920135481e+00
1.914561421013208919e+00
1.917705940325831637e+00
1.891580401489303842e+00
1.896643855867115258e+00
1.899734758179547400e+00
1.894296413735865547e+00
1.882897443023575423e+00
1.880495552315242680e+00
1.871467379716772017e+00
1.867834711600578013e+00
1.860455579313870400e+00
1.855284998762755322e+00
1.853479854090387846e+00
1.842182498468710961e+00
1.826674441787763392e+00
1.831396654300717408e+00
1.807932907470264805e+00
1.815181895352730113e+00
1.812975418648036019e+00
1.806728625702846980e+00
1.797210861501788104e+00
1.794207485300767013e+00
1.774891142615520723e+00
1.778705333939894606e+00
1.772493741451506066e+00
1.759441042251632670e+00
1.758753506501522290e+00
1.747130661101828908e+00
1.748184115226660618e+00
1.741112543650605637e+00
1.729169231859378764e+00
1.723387550388868705e+00
1.720778978846508211e+00
1.706429639932322218e+00
1.709764636734981469e+00
1.692079556896328052e+00
1.695036160825322824e+00
1.681894206156730132e+00
1.693074445374272763e+00
1.671513445664247532e+00
1.652160298632520563e+00
1.654311273641759561e+00
1.651853947796959599e+00
1.643853523677539563e+00
1.637508559553697784e+00
1.621085487073016695e+00
1.620249588468545943e+00
1.616007389205522449e+00
1.604872574790503270e+00
1.601148834862897941e+00
1.586005093759248030e+00
1.590810189814438669e+00
1.581735908510491173e+00
1.565742665127873856e+00
1.570656917041355349e+00
1.562304668044570466e+00
1.554019493355110138e+00
1.546408568278702989e+00
1.535102103017666586e+00
1.532043679993720708e+00
1.522839601468641169e+00
1.508702100683933844e+00
1.506991136839080037e+00
1.502626138189638194e+00
1.494241148045627687e+00
1.493101660024551025e+00
1.483878337014869819e+00
1.473218173662240282e+00
1.468640572566278779e+00
1.459371843510068656e+00
1.446161850497689194e+00
1.447874119320881725e+00
1.439622396463293930e+00
1.429973438046101553e+00
1.427463069228176895e+00
1.408530880854465206e+00
1.410083047284842017e+00
1.400592213632244620e+00
1.403218816279233172e+00
1.384997670393333991e+00
1.387553848164964965e+00
1.373820684688297211e+00
1.374722797974935018e+00
1.358617765595113491e+00
1.361924625976345782e+00
1.354751615787740171e+00
1.341671332193049349e+00
1.333806602612723546e+00
1.331541336745011517e+00
1.326630061468087485e+00
1.318671671150040359e+00
1.310637417760265544e+00
1.301997839404108959e+00
1.297425591986866245e+00
1.286668015119297293e+00
1.285940921225510625e+00
1.278292614841528563e+00
1.275169212621451775e+00
1.266982131179564375e+00
1.255386695595982482e+00
1.257655859860734582e+00
1.245886815596408903e+00
1.242253512655536074e+00
1.238666384513408047e+00
1.231526338593076364e+00
1.222784631034940395e+00
1.215371936905241146e+00
1.214319590327597398e+00
1.207014795280747510e+00
1.203977335778637858e+00
1.197044544347008355e+00
1.185819749780575361e+00
1.183973167973595864e+00
1.176017741215721335e+00
1.174028335758191099e+00
1.170487849226934829e+00
1.163437948085962903e+00
1.159739221064901793e+00
1.149703080389705923e+00
1.144907119055615041e+00
1.145004036498748379e+00
1.138159102169342907e+00
1.134583606486821772e+00
1.126021259339990532e+00
1.118302424038944753e+00
1.122893530606860368e+00
1.110905628767531850e+00
1.116545368226294022e+00
1.105068545688843829e+00
1.093300336933093364e+00
1.095694551150380835e+00
1.090657394240678313e+00
1.081917866303674591e+00
1.086216653055088521e+00
1.079166999028384089e+00
1.076789648737547678e+00
1.068879088982808812e+00
1.068897762762795578e+00
1.061942744406871864e+00
1.049309897567524796e+00
1.058407570410389242e+00
1.053441178706730819e+00
1.053250874080942978e+00
1.045527556912391409e+00
1.038999404077332045e+00
1.039146867988273826e+00
1.032850384659500520e+00
1.027354988520717383e+00
1.026915939274445799e+00
1.019059608396305716e+00
1.022170360597400185e+00
1.019696361301384302e+00
1.009764588825915688e+00
1.013894827461505610e+00
1.008103470192428741e+00
1.006099914733190159e+00
1.002625991120555726e+00
9.959914216798654296e-01
9.997362081625477126e-01
9.986162995908091089e-01
9.901745988679723220e-01
9.858800557414769683e-01
9.844897423573994999e-01
9.865604150852649301e-01
9.833726215464145826e-01
9.790554090831128375e-01
9.779432066566408066e-01
9.765685686639598018e-01
9.736192754562457141e-01
9.718026114807688520e-01
9.670001649837361990e-01
9.733584868226174969e-01
9.657569882306166198e-01
9.636327043120517244e-01
9.621370612838830993e-01
9.534442856761599083e-01
9.582486586327735312e-01
9.487307129855101495e-01
9.550965437019022231e-01
9.511178127972121921e-01
9.482581776266663098e-01
9.425301668325101190e-01
9.466293686936695373e-01
9.421134259796539734e-01
9.395780861450711008e-01
9.394713949957814725e-01
9.416025525535789420e-01
9.344467144059986907e-01
9.372990278534901742e-01
9.291101257630185462e-01
9.233988868337145162e-01
9.298359871173623725e-01
9.259122477175858457e-01
9.267655962263418035e-01
9.281884748592041934e-01
9.263883218405272180e-01
9.210487803752288594e-01
9.205390829156521182e-01
9.214550648418725620e-01
9.229979480236224498e-01
9.108315649009692816e-01
9.094075501995784183e-01
9.109474122998081347e-01
9.147922780422468314e-01
9.152259223945116151e-01
9.091801560834241736e-01
9.133830917399176075e-01
9.081000174134064018e-01
9.100337364079068569e-01
9.057236376107153930e-01
9.077811482704950530e-01
9.088862744132671923e-01
9.034885451496147413e-01
8.997689070129808453e-01
9.035259705550366949e-01
8.970225037692767245e-01
9.022415097221493374e-01
8.999389404777340395e-01
8.960005245879427704e-01
8.970614171044415386e-01
8.947070796264952053e-01
8.934594667930295664e-01
8.960315568629939609e-01
8.920995163627848390e-01
8.939417593766351144e-01
8.877117484826226868e-01
8.933606851162959606e-01
8.903473993082458016e-01
8.873699267284581582e-01
8.890123699962424464e-01
