1.094791287935736657e+00
9.173924922618078570e-01
8.250364862290365808e-01
1.284621832545092435e+00
1.566557960514950887e+00
1.691119821971212689e+00
1.867851470806517478e+00
1.269334645029872366e+00
1.265604577800908404e+00
8.740776575641714397e-01
7.144591690811458173e-01
6.557533062663245538e-01
5.850410681164088800e-01
5.140821735096532397e-01
4.830231793484103253e-01
4.143049201082441013e-01
3.788132547204978717e-01
3.238931759827812784e-01
2.860480527615525959e-01
2.483617051893099170e-01
2.227462595255507438e-01
2.052761096488485704e-01
1.886404470532958566e-01
1.641339631846513991e-01
1.532598674812354622e-01
1.216082235409356727e-01
1.342929039439994254e-01
1.010789312858141192e-01
1.057488333280572207e-01
8.417654965141894985e-02
8.146687182289771845e-02
7.694259971062474002e-02
7.625568056349750490e-02
6.782122040930760321e-02
9.914330495736954629e-02
6.392899978045171738e-02
6.447319014801905501e-02
5.361008981637830489e-02
1.142599031451663472e-01
6.335412356765790509e-02
4.611311561772499928e-02
4.570402482271192918e-02
4.433950187092185885e-02
6.156608502649971171e-02
5.467196274417020913e-02
3.948994345570532027e-02
4.114986688988581803e-02
3.976850956216627930e-02
3.860642665948971208e-02
6.889071734440374573e-02
9.617264167682020026e-02
4.788549168604919887e-02
3.946763386280634223e-02
3.653010740005006168e-02
2.787511836010864510e-02
1.302845926677640431e-01
3.164029277882774577e-02
3.290906838521939076e-02
3.300799108806149601e-02
2.973640683772301244e-02
9.226940128172134159e-02
1.264801566272370503e-01
2.849313725220756557e-02
2.644538053857621238e-02
2.761691329963147576e-02
7.119263525181759866e-02
2.883499420602832208e-02
2.490486160404587965e-02
2.496764982643382563e-02
2.451507947761534523e-02
2.866706927623143691e-02
2.169217442589008865e-02
2.083010856003776265e-02
2.616105956159760562e-02
2.583593410785674921e-02
2.116253611006131685e-02
2.234313621886581044e-02
6.226309241522463150e-02
2.159078160025146645e-02
2.262673225366132121e-02
1.719827860756385079e-02
3.609854117732006623e-02
3.784891803387089443e-02
2.108865549309304338e-02
3.057165171058015204e-02
2.776501337756052956e-02
1.497271655883427623e-02
3.539633016318373404e-02
9.762019810067423808e-02
1.171959417341384424e-01
7.051628185753057443e-02
4.701811497023520442e-02
1.392538726728782990e-02
4.611846514960425691e-02
1.722981355876901377e-02
1.274254429854071967e-02
1.586446571670308697e-02
3.615762247186839889e-02
2.727656347601847484e-02
3.706653874550889377e-02
1.573015088129271419e-02
3.879807428056328278e-02
1.894118764676435210e-02
1.671997960909197764e-02
1.326610932637696007e-02
3.573090267781668661e-02
1.119850724229276215e-02
1.036270023790120468e-02
7.713772656371431849e-03
6.864577204580508962e-02
1.894266659611565373e-02
1.556567955215895811e-02
1.210867877855392911e-02
1.411536721859996645e-02
1.394237288459541403e-02
4.144424459169653019e-02
5.606315741136542324e-02
1.720378861143641649e-02
2.083940338392278879e-02
1.162228381067559151e-02
1.052518142686016157e-02
5.067949471251698146e-02
5.965105798777300440e-03
6.587767502076202764e-02
4.635700510231884064e-02
3.080159203951163965e-02
9.542536523889916592e-03
9.342506142372780653e-03
5.745466824762938789e-03
7.311568725377045816e-03
7.706339584895289738e-03
6.775220840122654804e-03
5.109117761882805801e-03
1.218119074316729826e-02
5.309683141781747912e-02
1.443481875338460674e-02
1.633263100831064407e-02
1.856036294643197485e-02
4.727633225960725660e-02
4.747188542650607190e-02
5.321481723196615221e-02
4.711919514319744262e-02
1.207801606889383900e-02
5.667402255967094946e-03
4.631192369782948307e-03
6.779049043503854698e-03
4.129915382999149731e-02
4.952807157526929044e-02
3.228480156518464400e-02
1.390508424074193838e-02
1.561714600356576936e-02
4.643345568786463873e-02
1.309763450449627324e-02
1.284421673035783702e-02
4.939286331377633864e-03
7.468166835425912864e-02
2.916585261924272213e-02
6.183373626934531887e-03
4.798851538022739019e-03
4.358132620542973582e-03
8.165427191126735373e-03
4.644915896485825139e-03
1.574299866648544086e-02
6.637857591755486238e-03
4.647207042637424394e-03
6.131261867887935826e-03
8.116187232306011634e-03
5.970597992892152407e-03
1.366024751947236653e-02
9.340554553923777550e-03
6.079670860066744946e-03
6.126159163389473770e-03
7.394895109829895466e-03
2.117308036620397030e-02
3.532435999056146581e-02
6.489758233398619514e-02
1.614427489418020917e-02
1.022946801814947522e-02
1.709607624160652123e-02
1.483969889233278591e-02
9.794973826133443126e-03
8.537522556661217635e-03
3.474865005337255536e-02
5.411357485640994058e-02
5.605975050377730307e-02
9.738195143193612013e-02
9.096390238195310035e-03
1.019987003523686007e-02
7.092942687314200689e-02
3.394162719528244498e-02
1.406338614712862763e-02
2.890893561049861019e-02
1.111042712256699386e-02
1.083035803397155161e-01
4.307724817114821220e-02
1.415284553113930685e-02
1.327693917572264279e-02
3.387750754128329711e-02
1.200640289924161455e-02
4.009352908610367555e-02
3.175650347706959059e-02
1.889614156928182132e-02
9.166845472761846886e-03
1.134793760966715075e-02
3.223194494108265473e-02
1.126169128521838786e-02
2.924568102772891892e-02
1.822316310984200757e-02
9.604654651289320014e-03
4.227823089421198915e-02
1.311715838414193556e-02
2.768645909544461062e-02
2.056150869713129284e-02
1.991883757314243455e-02
1.325070621795432745e-02
1.086238761884787858e-02
1.219397739204731122e-02
2.983192179670761043e-02
2.292740972619583886e-02
1.322499242918519398e-02
4.342557465500290759e-02
3.964552657603633012e-02
6.946772094939335229e-02
1.427188692748733619e-02
1.415076237201353185e-02
1.164351958372035478e-02
1.009096128065087652e-02
1.845344503773442210e-02
2.818549592787797722e-02
5.762889236519914971e-02
1.284007447867653931e-02
1.239561423022858197e-02
2.830358136280201539e-02
1.470638041801843911e-02
2.412860666649698296e-02
1.152190669558427090e-02
3.429611532895562170e-02
1.506351848704850019e-02
1.310730493989199948e-02
7.210589740206363452e-02
3.903868272951273311e-02
2.004866766582860324e-02
3.064670275351490808e-02
7.352908246276582127e-02
2.409307972122824715e-02
1.551190341765159436e-02
1.703924872631364107e-02
2.007055567124618745e-02
1.637461595645133342e-02
1.398510427144753626e-02
2.053511587749169698e-02
1.818231365143429396e-02
7.538126593070149095e-02
1.765914180807114792e-02
1.781433653632908884e-02
1.761050846664033442e-02
3.711120228244642327e-02
1.674571522736248777e-02
4.449251897525786925e-02
1.893081078837830986e-02
4.824609799760623541e-02
3.361630408719581270e-02
2.092193540014165160e-02
3.837490187912707268e-02
2.230250064158035769e-02
3.167834079998797098e-02
3.813600614978544801e-02
1.969405499979227578e-02
5.903731535675872666e-02
2.274155318539616832e-02
1.007390399728906039e-01
2.862103031307440537e-02
2.028679299474422590e-02
2.259778363781350663e-02
1.945134799582038873e-02
2.063418177981368729e-02
5.325436367803994958e-02
2.598497904158518154e-02
2.475448306934369819e-02
2.388833666059097388e-02
3.659008621432304625e-02
4.816528963094489357e-02
2.030704484069298377e-02
2.034148398491455664e-02
2.886159281136247562e-02
4.172028274077066445e-02
5.518608574375746118e-02
1.630818651068664804e-02
2.651114970493999995e-02
2.585490421267419917e-02
2.414980754176471525e-02
4.208827266328445116e-02
2.440817323562371674e-02
2.107077616957461069e-02
3.617658819786651048e-02
2.694584264039683041e-02
2.504876926239475027e-02
7.369286597235655267e-02
3.968386980291297578e-02
2.348622676990167260e-02
