9.357293866911458036e-01
8.679526503211859589e-01
6.776577445617335549e-01
1.237305465874062316e-01
7.948042821283472434e-03
1.318430446700014601e-02
1.125027601328582039e-02
9.705239719827672348e-03
8.538696002134200935e-03
7.966587200556509568e-03
7.331391904146892374e-03
5.659492056198057834e-03
1.060405750194541238e-02
7.269149237621258530e-03
6.484462913752393927e-03
9.040890145853960197e-03
2.592034947663728744e-02
9.268656961424698651e-03
7.698043081979480395e-03
3.315969731552441662e-03
1.004916957448927055e-02
5.312835754609913745e-03
1.824638918694999586e-03
2.977561455725884643e-03
6.830307940423768244e-03
9.014899012864487082e-03
7.562967102651957547e-03
5.339045152926358805e-03
1.065468759452915283e-02
6.367274600110080576e-03
2.102500619224781028e-03
5.668572086141312159e-03
1.690288843006109570e-02
4.639377869088512178e-03
6.430609647942875894e-03
1.239497630206380131e-02
6.182136443113082219e-03
4.447041476575324011e-03
1.062319430200397638e-02
6.440210994841073268e-03
2.348835115321119913e-03
1.087407736091180327e-02
5.441049311998239629e-03
1.752091986649687363e-02
1.025113954456115251e-02
6.645074279469316558e-03
5.337811838752792512e-03
2.105237149199395714e-03
1.902541919834949526e-03
2.266923682426708140e-03
7.997146314732920397e-03
1.396930959932306954e-02
1.919806724741387593e-03
6.692500432151188630e-03
5.816376556336593819e-03
9.267780634168752002e-03
5.335419100211980306e-03
6.363969364579527728e-03
8.310718390430770972e-03
6.942006797092049181e-03
6.966935989687709010e-03
8.477320990588727359e-03
7.129972216178471871e-03
8.737805951987767661e-03
3.382139610107140742e-03
3.804440749386932361e-03
6.245824404086466192e-03
3.121166515168854929e-03
3.727490967704819025e-03
7.856872295752333202e-03
4.545063692306704380e-03
4.025486775676198614e-03
4.417686244241037646e-03
3.870225473139753646e-03
4.193026288774960413e-03
4.469640235278488950e-03
7.364397144430157027e-03
4.796244361665397138e-03
5.878195993623748939e-04
6.796478881399601636e-03
3.312169422017283756e-03
4.210848086744497544e-03
4.221083661947512902e-03
3.974412000563832051e-03
7.142240743018533639e-04
9.685260295810110137e-03
3.544170826523510356e-03
4.000374405907364261e-03
3.680044329047916021e-03
3.897183784586770797e-03
1.650762814691631277e-03
3.296260068692294116e-03
1.361883653052510003e-03
4.695334780447779112e-03
5.000461278292453633e-03
4.358837627318559033e-03
2.867434430658514794e-03
4.074705568539894497e-03
9.557076060550006484e-04
2.916561648400863190e-03
4.175908362474992606e-03
4.751838698536544996e-03
1.398860100807388512e-02
4.073670232035181589e-03
2.956811659134964219e-03
2.759978119764918206e-03
4.099740546151791482e-03
4.669974011948022780e-03
4.323322783523603739e-03
5.962287371151545404e-03
3.491752667184234819e-03
5.370649483289094417e-03
3.598253513889461408e-03
5.034407657852141109e-03
6.599358790824546954e-03
2.380680882568404245e-03
1.860332313919032827e-03
3.219904658074259143e-03
6.334639307121198680e-03
2.695276050462006457e-03
2.364088331913691710e-03
2.862902490252691376e-03
3.532053792525641309e-03
2.874152158741371654e-03
1.675702902386753479e-03
1.169506322815536473e-02
2.127697870186224735e-03
2.502982863348943501e-03
2.526357299541684334e-03
2.807368061267363334e-03
7.142808248061637694e-03
2.656527201375296753e-03
3.933441703067737903e-03
2.447508259848403360e-03
1.009158613923188345e-03
2.064726987399416805e-03
3.202729136373861935e-03
8.168033778987039695e-03
1.877148760873643529e-03
2.860406704531429523e-03
3.181081651645280371e-03
2.706532179931872128e-03
8.109609279133116189e-03
4.189934974956290373e-03
2.046562886918903371e-03
5.759177635892311770e-03
3.012207367285088446e-03
2.070616401975687929e-03
2.543672820878028172e-03
2.018043396301975358e-03
1.943688167746798930e-03
2.901939594525781985e-03
3.285401391837238297e-03
2.331849574288609710e-03
1.221350025598876921e-03
2.415240443820875372e-03
2.202481569560762759e-03
3.008017244490801285e-03
2.810411531070896966e-03
4.406738512065608987e-03
3.746200048166581278e-03
1.818896665324915571e-03
3.888270033270665831e-03
1.808494018602542800e-03
3.156659735672079706e-03
1.789629403750251377e-03
1.370487003149856338e-03
4.329516059299983594e-03
1.185401733296998633e-03
1.326868423238100614e-02
2.287831696219665839e-03
1.865532737524066599e-03
1.212728854645183122e-03
5.695076922230560452e-03
1.504685727089525487e-03
1.819240273451148623e-03
2.054687157902237646e-03
1.487891793847403044e-03
8.712644492219801017e-04
1.554287559378995280e-03
3.676299100851759295e-03
1.523780280137319561e-03
1.221308307491272404e-03
4.129987667712932582e-03
5.064253623982608319e-04
7.195382045801395395e-04
8.658682402686610846e-04
6.134340741238048650e-03
2.309392632228786206e-03
2.975009364917127579e-03
2.825630440641024085e-03
2.594816708361541522e-03
3.780548382689293235e-04
2.045735791685509598e-03
1.810326525348349581e-03
2.333259026666802734e-03
6.740789833755656164e-03
1.389572003876515588e-03
5.162796303545279936e-03
3.215834096010111633e-03
5.320897304787067759e-03
4.324653487461980854e-03
8.158269584402641841e-03
1.269662472743343781e-03
7.983787342738429870e-04
1.173697409318790038e-03
2.058544943288367814e-03
2.635057709839442978e-03
1.625121463322305206e-03
1.429133097781766807e-03
4.072430495841519900e-03
1.085693331101811321e-03
9.120204775729053069e-04
2.653517705218231236e-03
8.293063448545853495e-04
2.515642973655903090e-03
5.338911849513092688e-03
6.727150782349636997e-04
8.036686277055088857e-04
1.637968757978453286e-03
3.614771866578424708e-04
4.048357648616970721e-03
1.134032953764691452e-03
3.429323827094247438e-03
1.986197642933531377e-03
3.877487361659644714e-03
1.376107090844008859e-03
7.636606240909473136e-04
4.414789849909685725e-03
1.127108138363407466e-03
7.929864195138140032e-03
7.384519031573639949e-04
2.588950441724829042e-03
1.149580101669490755e-02
4.192292473509655337e-03
1.854949498716285117e-02
2.111807028546738157e-03
2.718472261115772223e-03
3.026573282439964929e-03
9.716628108935745564e-03
6.033290949614895145e-04
4.485461908504973123e-03
1.029234427740461939e-03
1.940159970165978263e-03
8.855211499712424637e-04
1.515150927219130299e-02
1.036976094551243788e-03
9.030230756161484107e-04
3.507019532557677753e-03
1.550748571212409417e-03
1.875087064649049676e-03
1.078799923906403023e-02
3.849913275485168478e-03
4.112069136709168606e-03
7.446970979541387261e-04
2.802367028921310278e-03
2.887870593446650175e-03
1.076958035228501361e-03
6.660397957125979143e-04
2.071783913221014219e-03
1.027834326829512712e-03
8.175924499730556844e-04
3.579948705808393399e-03
4.899518896110028904e-04
1.781479670964569370e-03
6.810749786426404523e-03
1.414133253816913160e-03
6.625258092173183337e-04
9.922579072889497771e-04
4.247638225730560740e-03
1.734515805059140287e-03
4.641880616159311211e-03
4.558798005577344875e-04
3.965463050634897226e-04
1.653711794380918233e-03
8.274352168939151306e-03
2.181263947714614810e-03
6.958380976476850888e-03
1.196761654605678869e-02
5.454202370712966409e-04
1.091213633771742283e-03
4.042151564903943514e-04
1.103382723867184266e-03
2.543119011067036458e-02
5.581128049040534091e-03
4.535990478891621831e-03
3.829711166687810222e-03
3.416647652979593660e-03
3.169109747394279961e-03
3.013473197822755592e-03
2.908299757868894417e-03
2.822566328043869290e-03
2.743475846498033988e-03
2.664125062149737440e-03
2.582785071424677573e-03
2.502524634517097179e-03
2.423619884054787395e-03
2.343803995861182786e-03
2.264044787065495022e-03
2.176279245606629800e-03
