9.271965813498513898e-01
1.138751183551313995e+00
9.735855729560467520e-01
5.305412167678308366e-01
2.442044843817511857e-01
1.124686450930184600e-01
6.299266342882559044e-02
4.534478087997321355e-02
3.763521587895761467e-02
3.274181836701488962e-02
2.880926100161025974e-02
2.064197502565373252e-02
2.237986277371594585e-02
1.990716169368604918e-02
1.731447584999235012e-02
1.849334880142062057e-02
1.358637348027470423e-02
2.982345131846245861e-02
1.070780178742842224e-02
2.187977821080136498e-02
8.244028389721679007e-03
1.288755016434851679e-02
6.471566897532229738e-03
6.446976244605003015e-03
4.989085496373574062e-03
6.064647018719720485e-03
1.105525684721019551e-02
5.355107845335892874e-03
2.261670004300629644e-03
3.567979145427020021e-03
2.771384447648434380e-03
2.951706936499887309e-03
9.627202339561026501e-03
7.556350021034491946e-04
4.025877965981379709e-03
2.768657358113497946e-03
2.077663285978300061e-03
1.509063655481910878e-03
8.037734832924515538e-04
1.235798620793203493e-03
3.653829184754623424e-03
2.385924297083164263e-03
1.528136937644714944e-03
2.968738150885667088e-03
1.263606621201785775e-03
8.256431554056342529e-04
7.845267320810764625e-03
5.040638551809028221e-03
1.192546636248784184e-03
5.627640772746842586e-04
8.092523938513406651e-03
1.918065017260945325e-03
5.932706440381581292e-03
2.699309473817872521e-03
1.126414413855326372e-03
1.495078952016968459e-03
8.860181888823618181e-04
1.111139662833991607e-03
4.704168485369241326e-04
4.217718339495129458e-04
2.569967302473697389e-03
1.144284644265288657e-03
2.002332529716825422e-03
3.151635860468620254e-03
2.364719614965148618e-03
3.485170374345986175e-03
4.066861974172890533e-03
1.136579534607099450e-03
9.162486690958936402e-04
9.336147379894570164e-03
7.909708728569733293e-04
3.616471145380923237e-04
8.719700082581255353e-04
4.897596311143755880e-04
6.149468758774972706e-04
9.457903712786900393e-04
5.752516936284987961e-03
8.900205165011937499e-04
7.979337211103224069e-04
3.678111549477289699e-04
8.432929095452339858e-04
3.926857316497913016e-04
1.037237858578474907e-03
5.879079244299868041e-04
2.089558380448419770e-03
5.889420799569892312e-03
5.003077693478650244e-03
8.617845206323889243e-03
1.842167883951975225e-03
1.510130891347333552e-03
2.872468252867129129e-03
6.905369945059155676e-03
1.287887517975387121e-03
4.292983080779016504e-03
4.282959458109799147e-04
4.608726573012980436e-03
1.236004612447785594e-03
1.694056101365543337e-03
1.135617538192129974e-03
1.063358244340949742e-02
1.279189946012713715e-03
4.679266965653338067e-04
1.996566237907864381e-03
5.419554063152842585e-04
4.025990191545843438e-04
1.916274077674715113e-03
5.591495943233304108e-03
5.484458078266009123e-04
2.281003649854419768e-04
3.517721828638398262e-04
9.276022151341691002e-03
1.491226923049951587e-03
1.264162724398165509e-02
4.907930043337579637e-04
4.250327933498064688e-04
1.318799559050291793e-03
9.662030577988398299e-04
5.097333516949764144e-03
1.006186537198084470e-03
1.336177435544761306e-03
4.778715075093553991e-03
3.745253431649445499e-04
8.762351985903225199e-03
4.835214715602221798e-04
1.384050684582248478e-03
2.386986501836949124e-04
2.486470357049213394e-04
2.764324324126566377e-04
3.811547347678343888e-04
4.584772687983213781e-04
2.348012325358309808e-04
5.671732167038805606e-04
2.033771805525241860e-04
5.007882792381086051e-04
2.959372821680151589e-04
3.900896741779656630e-04
5.308732785702623656e-03
3.939915352507490534e-04
5.637223751340303575e-03
1.234595581187825086e-03
1.002908084864013658e-02
2.275284794097308990e-03
1.548452483243508435e-03
7.621579866003542168e-03
8.032462092505426475e-04
6.422099289313400834e-04
1.475944137350114439e-03
3.039760363834107665e-03
1.171755273942719439e-03
6.113417910706630230e-04
1.033145258872269871e-02
3.028836747185830272e-04
1.703358571572120719e-04
6.324289688099331936e-04
1.864231616197705051e-04
2.332348803343064797e-04
7.456694799203013270e-04
7.792571613166416819e-03
1.930355702844755784e-04
2.341563642093943726e-04
1.661320531514756671e-04
4.194863136925789347e-03
1.299964823198256330e-03
3.683532633748992299e-04
2.476690211607579365e-04
1.022689643816939234e-03
1.135506818219119947e-03
3.463752521033431958e-04
1.663555015252049670e-04
1.004227913444726873e-03
5.559503119102536355e-03
1.397712208227255056e-03
9.283518846800911661e-03
2.528625913493951437e-04
1.511800658278780220e-03
2.083471154256901457e-03
8.098490353218101108e-04
2.259699197742451749e-03
3.808384493514940447e-04
6.294049297031382257e-04
4.277360245186871690e-04
7.237167959414731117e-04
2.325830349135245376e-04
4.669892956262244660e-04
2.615065673047744458e-04
6.740604973694287391e-03
6.636704265345244255e-03
5.569672582505578833e-04
1.498198032727384018e-03
9.856940026110141626e-03
9.161346738027079453e-04
3.570081920112229694e-04
8.662343666705762946e-04
7.990910429199750116e-04
9.306391327312178675e-04
1.760970711821589676e-04
4.702949526317646038e-04
1.857655952845052800e-03
6.732525766088037246e-04
5.239758979889473992e-03
3.873400993610998750e-04
3.488994271921721613e-04
4.591634791550861677e-04
5.821208414718079130e-04
3.931269239427117278e-03
3.102561655075712090e-04
2.751130258169231504e-04
1.693512631658357663e-03
4.840909511889440568e-03
1.208532167292014669e-03
3.343299001464748992e-04
2.150100196688314402e-04
1.790498514181091544e-03
3.554822471495015031e-04
2.862407895235871843e-04
5.923423309820804354e-04
2.109081487349576556e-03
9.870449735041569167e-04
1.280028547062153936e-03
6.264672834218083927e-04
2.920249917655012937e-03
1.759371201042019429e-03
1.106020098822763217e-03
8.119366995269985824e-04
6.058868896971323845e-03
3.083280410358745882e-04
2.780919747915128887e-03
1.608052648006709712e-03
1.181214362942179007e-03
1.078434400769528317e-03
1.415713958253986661e-03
5.216477736037090614e-04
9.463609083291713584e-04
1.863004517609156789e-04
5.576264245299928420e-04
3.272161725474228753e-04
1.943253964145416103e-03
6.043682366556256359e-04
3.259084805178595764e-04
1.556086216271777161e-04
4.258274821963325464e-04
3.324758443268961607e-03
1.105071421216434783e-03
6.438240823600250304e-04
1.615312786920323649e-03
2.649994604179309690e-04
1.213274965552056032e-04
3.334779928125354087e-04
5.121472516306597913e-04
4.029628529547849632e-04
2.469747446758570135e-04
7.296769071585874639e-04
2.851397670084297601e-04
7.204460045611203820e-04
2.128494235152266672e-04
5.002107923109079188e-04
7.615285912357126546e-04
6.499414354255392831e-04
1.720088734063070733e-04
2.077575116554983617e-04
2.291790808819372735e-03
2.610829377221048726e-04
1.744435445047697389e-03
2.723910054266876976e-03
3.097789860520153496e-04
4.895679633492616006e-03
3.132071959548116472e-03
5.350562217889091865e-03
2.086763895739623693e-03
5.565445300037556893e-04
2.933319094611109082e-03
4.750938435721717944e-03
2.473299252022004378e-03
4.022245758190488504e-03
2.838650098903488551e-04
7.488779795762846771e-04
4.321982954106553675e-04
3.588462400205207677e-03
1.116606845858873851e-03
1.970536497566695907e-03
1.993078062141238026e-03
5.039961471323231882e-04
1.863094100437132929e-04
7.261947810805328193e-04
6.848369361261787179e-04
2.198962728032477075e-04
1.959827617652890670e-04
4.538894907159247267e-04
1.249435747011259077e-04
9.897265713994108770e-04
8.984332252869594660e-04
1.031620554054275786e-03
1.413673005464162599e-03
3.672841128430097868e-04
3.965480929362648864e-03
2.064473232144755071e-03
1.891081818190795249e-03
3.202956145239270881e-04
2.492554373697562276e-04
4.037952764965646417e-03
