1.089432536971399967e+00
1.721248009166879145e+00
5.959497405761593036e+00
1.135563742097333417e+01
1.139365851148587794e+01
1.115746678440440931e+01
1.087398812938384474e+01
1.057770129643674295e+01
1.027206247001366535e+01
9.971338303047774687e+00
9.669260686572611618e+00
9.383534469622755836e+00
9.083583958560664584e+00
8.800534342611900485e+00
8.524465105158391509e+00
8.232260313643980254e+00
7.959398729462083821e+00
7.672942898864648420e+00
7.408066927371778299e+00
7.126535360806568242e+00
6.872224671794341155e+00
6.607223540832942277e+00
6.348470722113442655e+00
6.094765923621853432e+00
5.852466310121360316e+00
5.603870185080435107e+00
5.369209199799702681e+00
5.145626759493355351e+00
4.911272802284789130e+00
4.686102489009027927e+00
4.474100094137922312e+00
4.257885801526435365e+00
4.058415557176270561e+00
3.865139622548207754e+00
3.664854479592939640e+00
3.466819247176428309e+00
3.296825069920084061e+00
3.118438484073083661e+00
2.943373048838934025e+00
2.778852474085198310e+00
2.617443687001876018e+00
2.474929656247875975e+00
2.321465272756935594e+00
2.183301935567178109e+00
2.037432117215025595e+00
1.920706927489882920e+00
1.792165113202996540e+00
1.678175189596394334e+00
1.568172508631393125e+00
1.456888380847337183e+00
1.354235351442322877e+00
1.281946817448199161e+00
1.205873555709240375e+00
1.126439667550467538e+00
1.063903541763601135e+00
1.003360374321522919e+00
9.573890957545986291e-01
9.024912846425607871e-01
8.740333823358498178e-01
8.360994909310048850e-01
8.150949062441271709e-01
7.946258886539691035e-01
7.741809335853977458e-01
7.621096679155270337e-01
7.466876210637641842e-01
7.355157064113421184e-01
7.329602505381866973e-01
7.229812068877159437e-01
7.186742228868386873e-01
7.160620063652667344e-01
7.120390648471804917e-01
7.103573443049754355e-01
7.080568700446253638e-01
7.077284556286708161e-01
7.052884853181723424e-01
7.054309608897896267e-01
7.044939930885824042e-01
7.047239091075540030e-01
7.042553222767143906e-01
7.047245205693983827e-01
7.039991150096950312e-01
7.030751139211387502e-01
7.056630410780607709e-01
7.035580238782925822e-01
7.038367689988874742e-01
7.054165038394116793e-01
7.038191791712579137e-01
7.047578393698629151e-01
7.037031018317186915e-01
7.047945937781390224e-01
7.029944100873327661e-01
7.032685082079200845e-01
7.049712651829656007e-01
7.035429302356160930e-01
7.035700375000284446e-01
7.039120318774245710e-01
7.050552091344165495e-01
7.038869332687216485e-01
7.049771054428186634e-01
7.034674647318537311e-01
7.041236506291966846e-01
7.052379074008178206e-01
7.033963046582549783e-01
7.052213427060379791e-01
7.042389578688668106e-01
7.036277184649534222e-01
7.055953299206635387e-01
7.038343235809192411e-01
7.044234130272475358e-01
7.043112475209746259e-01
7.049138274943747007e-01
7.056508037020033930e-01
7.044117519921260229e-01
7.043737591291056033e-01
7.033464788121133182e-01
7.061896905005354830e-01
7.020434769208192538e-01
7.029048469572283242e-01
6.956788659632269223e-01
6.887702803466411172e-01
6.644604667946484300e-01
6.099322041665302674e-01
6.082017157688488496e-01
6.259077716458422147e-01
5.992912286221159235e-01
4.292692282235355261e-01
2.741426459387497627e-01
1.864883731031391767e-01
1.153186197911779259e-01
1.002046713106338333e-01
6.917142459854468128e-02
6.176403582868556646e-02
5.141465776182692349e-02
4.930740284123595607e-02
3.438986211375895385e-02
4.192705488000869618e-02
3.292952808460088837e-02
3.835714058476034222e-02
3.772695653141784622e-02
2.950964621695045115e-02
1.948232264627043631e-02
2.494258553505373371e-02
2.883883688555714114e-02
1.863398647502219341e-02
1.548091487186916554e-02
1.797399294858423313e-02
2.068147637982386752e-02
1.570298753513246076e-02
1.513030409401197596e-02
3.573429291987333806e-02
1.685012419715277085e-02
2.056675171533196150e-02
1.835348433151440597e-02
2.934275683594845738e-02
1.367381418171285425e-02
3.241965128167535043e-02
2.571969673511282847e-02
2.278706825941145472e-02
1.327204392921184362e-02
3.023617608104774146e-02
1.526515944334844860e-02
1.651887680152275273e-02
5.007510917171861115e-02
3.727515778491697490e-02
1.963998499726181748e-02
1.406194462325730844e-02
1.950881595953295883e-02
1.373771749491884547e-02
1.434932584408417020e-02
1.508002809382663102e-02
3.878977903499172125e-02
2.919650089507666232e-02
1.540196430670495373e-02
1.752359093888824007e-02
1.294933709477154651e-02
1.322775398171071454e-02
2.489931231323233227e-02
1.660784439204245760e-02
1.808943477170478834e-02
1.833823768956934636e-02
2.064223897876439964e-02
1.944823888451268148e-02
2.479653557229032426e-02
2.190484712333621783e-02
1.628871818110731728e-02
3.040995553654404771e-02
2.191600105410246302e-02
2.098224636884892316e-02
2.771604087117027215e-02
2.230882249015911367e-02
1.805080827423575021e-02
1.403627630021161109e-02
3.658857225931799739e-02
3.408180774386332379e-02
2.581919177815787669e-02
2.886138233057666119e-02
3.025316148733638369e-02
1.744858929257042668e-02
2.653604102291186664e-02
2.229496932187258196e-02
1.693655562244491403e-02
5.817440797772402417e-02
1.257222879560438399e-02
2.116440207896980868e-02
2.753039676149979242e-02
3.241016766725064030e-02
1.412589555000350050e-02
1.714874083588273368e-02
3.660147899752425743e-02
2.865350399189246430e-02
3.745708873638308595e-02
1.563050551140405739e-02
2.567722216485621503e-02
3.477159283879210916e-02
2.767522324593363336e-02
3.550553574273557222e-02
2.835433405508728036e-02
3.958168785610880619e-02
2.455435905072967523e-02
2.926270284767248930e-02
1.721881139105803024e-02
4.931249955360877957e-02
1.580235660051449581e-02
3.231502045614820934e-02
3.583167424853563737e-02
3.228606593945025638e-02
3.221788547186902468e-02
2.546256861470617971e-02
4.270058160250361085e-02
3.331202953816547740e-02
2.992478017934373929e-02
3.501118296369752636e-02
4.190155585603157901e-02
1.264289326471392839e-02
3.072567920765236632e-02
3.677007222212549942e-02
1.287085143706828867e-02
3.091965124710863849e-02
4.313823472791952773e-02
4.798482374035804854e-02
4.345060226013047755e-02
3.034884347330681076e-02
4.707423195340380145e-02
1.625219503089512033e-02
1.779701903797680645e-02
1.842521264366873274e-02
2.405103635968416226e-02
3.327949587691809291e-02
1.636181923593169052e-02
3.093143683848212366e-02
2.147782672130335926e-02
1.928655980862234096e-02
3.840365422416491120e-02
3.487851611269339458e-02
1.618803339838406630e-02
2.765382922394537049e-02
4.185188580608161651e-02
1.728920906708706143e-02
1.786441045246695350e-02
2.267576385646595180e-02
4.319622316165789427e-02
3.829511985303574867e-02
1.604521425246710487e-02
3.671457047937055906e-02
2.228478837246946828e-02
3.033266521389674925e-02
6.773876017049655814e-03
3.015918096959030806e-02
4.267588888225404969e-02
3.028644179382928084e-02
3.280364901539598727e-02
1.808081555549159725e-02
2.727580383415980844e-02
1.324047872764517499e-02
2.848297010457630576e-02
2.849880692671579244e-02
1.433697466613545642e-02
3.064735064077262275e-02
2.032751899898405448e-02
2.832432112583396430e-02
1.318673457881018932e-02
1.633674381753962707e-02
1.929291361651930617e-02
1.706395285737603504e-02
2.510492283535526933e-02
2.721755325715484453e-02
1.857728870559692547e-02
2.169214283959402384e-02
2.877141885506520266e-02
2.043063947645379352e-02
2.747178135999629039e-02
1.044666188027609452e-02
1.390410494738990831e-02
1.683134844947892228e-02
2.062456513404042902e-02
1.168575954416052609e-02
1.273656382735839296e-02
1.551952247669599431e-02
1.872118963659703816e-02
1.943934354150980356e-02
