9.323837427241088438e-01
1.294201390463363410e-01
2.007811606033198526e+00
1.936887700284643188e+00
1.625323071761420213e+00
1.399936557054760389e+00
1.207420742421905668e+00
1.039206617293575885e+00
8.919608745753903056e-01
7.637084267811963256e-01
6.529793048903049790e-01
5.563213694516275787e-01
4.778849645353800413e-01
4.089601705075551208e-01
3.521646890637877281e-01
3.018162517947159396e-01
2.606279318390530841e-01
2.222935105983047388e-01
1.919420847621629844e-01
1.602793543763788020e-01
1.398370216343265415e-01
1.221077207158115935e-01
9.959223090201325956e-02
8.615267678413211783e-02
6.897748578626154703e-02
6.018525547009552501e-02
5.208751640819488105e-02
4.062989430583519024e-02
3.610144604624308806e-02
2.158798695211112256e-02
2.302804725914017747e-02
2.115292415088405181e-02
1.317880167969246244e-02
1.279828557853996719e-02
1.150593416822878225e-02
7.992003296713495047e-03
6.469466751045777758e-03
5.244189249780483418e-03
3.088545566309287924e-03
2.933211575200750550e-03
5.339113959286614051e-03
1.804334326532428803e-03
1.729321387488574023e-03
3.749422419904268992e-03
1.629329231626744801e-03
5.578539586367828838e-03
2.243849364326156500e-03
2.012115439725371650e-03
6.013978996202607070e-03
1.860535829659940542e-03
5.177189422750924988e-03
2.519775868857447067e-03
1.978363563426171947e-03
4.799398997404310911e-03
1.363449448852068445e-03
4.967129888127063027e-03
1.231664766289070762e-03
3.362761306329281087e-03
1.120990622721480812e-03
5.949321493728060642e-03
1.099266279555681557e-03
1.276621368312253011e-03
2.183581606355729059e-03
3.125857982369531756e-03
1.023358193632755483e-03
8.855114820048474306e-03
1.029899055523776251e-03
1.473772110451511365e-03
1.609574995856945636e-03
1.608613860623192993e-03
1.774653239807224810e-03
1.694029457303315332e-03
1.308729254881499599e-03
1.197197677541128125e-03
1.467255514369126277e-03
1.042858924605972537e-03
2.039073653297305763e-03
1.161990139545525727e-02
2.049473995936055854e-03
6.005439614996176817e-03
2.271336110041834687e-03
1.032614980872496348e-02
2.291992716974414375e-03
2.385739397158339638e-03
3.040623537199303381e-03
2.513251421137663571e-03
2.449156823635573015e-03
2.087014094329757864e-03
1.678014884911625121e-03
2.452720771713230892e-03
2.485679201509268226e-03
2.544394496114842086e-03
2.773233888557010036e-03
2.774185931979315095e-03
1.097352727947533638e-03
2.754257036485393672e-03
3.634387126698840429e-03
1.762156470908434608e-03
5.110939536815855763e-03
2.917250596290546592e-03
3.175811617244084575e-03
1.739736614229939454e-03
2.483953971872733448e-03
3.014557111670613902e-03
2.028230293845005236e-02
3.042909278861150642e-03
3.444736569875959248e-03
6.046681297325634530e-03
3.045660053254424255e-03
2.967601212320990917e-03
3.765404138675318597e-03
3.255290241845591823e-03
8.634600958275112995e-03
3.365916077757390417e-03
3.090371242668811004e-03
5.168510622779776825e-03
3.296700823135903687e-03
3.532583852395492462e-03
9.391736133108447362e-03
3.410475815740469149e-03
3.144347281343906533e-03
3.278644936105685418e-03
2.281809151679995047e-03
3.216303491758265402e-03
3.406791753834008830e-03
3.436839391076528059e-03
3.455245018052601098e-03
2.404223134208764365e-03
3.407857193741829684e-03
2.657568461375425621e-03
3.371342188548349939e-03
3.372636938806544693e-03
3.870909851807149190e-03
3.441873147970826372e-03
3.566447191748171094e-03
3.034519960018582704e-03
3.579840049497339752e-03
7.515306386499458549e-03
3.726361209377370559e-03
3.597688024002294004e-03
2.657039681311384408e-03
3.758880378933833130e-03
3.860831626141092866e-03
1.394741332361221567e-02
3.929422763819549400e-03
3.682546224651826738e-03
4.125263274231076756e-03
3.627466340064742622e-03
3.548211379050695245e-03
4.456173563724561727e-03
3.678397265662259902e-03
3.822420092735799493e-03
3.586017577652411518e-03
3.712315837013344805e-03
3.153704942596769964e-03
3.786793194849303028e-03
3.783927343344073522e-03
3.301635813209061968e-03
4.235190672087657884e-03
3.667178247190499077e-03
3.854639655223700799e-03
3.789802968126949802e-03
3.769421972003428063e-03
8.602060851106462999e-03
4.077839395859312981e-03
7.460290904876261224e-03
3.865320849327795374e-03
3.635015086943583530e-03
4.549095348937016829e-03
3.840360714595955453e-03
3.763061876855447897e-03
6.416339904207244739e-03
3.756442757488035866e-03
2.498336525379689279e-03
4.933399457679263182e-03
4.463549540505748481e-03
4.024965477001840077e-03
3.704148309346293796e-03
3.761345662420633677e-03
4.258680457027082776e-03
3.512867840774415180e-03
3.898968075043123677e-03
3.587805637535762364e-03
3.728329227811882918e-03
3.465135601375086711e-03
3.921333318321621603e-03
3.363806882400579255e-03
3.612602227259553538e-03
4.384004062634380694e-03
3.263598665871848912e-03
3.791218045835887882e-03
3.440755072001345193e-03
6.738274930283366659e-03
3.383414890215278616e-03
3.370892918071642479e-03
3.293234209726250174e-03
3.746999789797987417e-03
3.125519228479531082e-03
3.829068545107116705e-03
4.018004949009994220e-03
3.093827898250238895e-03
3.882590557765125319e-03
2.922369143554225546e-03
3.103201420755168864e-03
3.535526374482587941e-03
2.914654876174433383e-03
2.908424965035099306e-03
3.470461460345198364e-03
2.381987239154744959e-03
2.782667237306358978e-03
3.155544471256568201e-03
3.166612601434871596e-03
2.674775116870967660e-03
2.887882193037964555e-03
4.216205664432294553e-03
2.674447278780866383e-03
2.837065792816441129e-03
2.410636644909450784e-03
3.509970671462726410e-03
2.752393097197329292e-03
2.649439730953426220e-03
1.194591817007932197e-02
4.874139918980768642e-03
2.280349989261170034e-03
2.349587441036382965e-03
2.350267833645046291e-03
2.192540500340427276e-03
2.087269197990274452e-03
3.669463922968884458e-03
2.871722188517527707e-03
4.014519061325066800e-03
2.085408250250153032e-03
1.963703722321473704e-03
2.281515887758740237e-03
1.790014901643118602e-03
4.175551588076304235e-03
7.796966405131455953e-03
1.746993694848034216e-03
2.461067028260156744e-03
2.454037892188551829e-03
4.238940916531202564e-03
1.651750253148297253e-03
1.430036396065610844e-03
1.727463047555215670e-03
1.860191606922461044e-03
1.247916782680407203e-03
1.403223733730827065e-03
1.757903205256394459e-03
2.140367961323933876e-03
7.404713971362298155e-03
5.460554472620750971e-03
1.014084522412462197e-03
1.408933157895867405e-03
5.535096662115684962e-03
1.971514651144137039e-03
1.124751622718767833e-03
1.733591380806272187e-03
8.997876314380529776e-04
1.147359253598755416e-03
2.853866485944657385e-03
8.687889552717818200e-04
1.022670785735883305e-02
1.329633325593021715e-03
7.821699534750887984e-04
4.160212945687835704e-04
1.914865872764255367e-03
7.332739004614499765e-04
8.316063080411007988e-04
3.507325403926697584e-03
6.677968198528851399e-04
6.934462770378852685e-04
4.688840489786205083e-04
7.517366382185394595e-04
5.745966448732897766e-04
4.249549179925376716e-03
3.932152435959140923e-04
5.420773774102696698e-04
9.396486043894902371e-04
3.630698522643159673e-04
1.478310451372405855e-03
1.124595737872037711e-03
3.440861422419912554e-04
1.788318620697956036e-03
2.538840513268320748e-03
3.294214269536876712e-04
1.058733793563319944e-03
6.135205813598857902e-03
3.301728618406189406e-04
8.219812176231784326e-04
4.307715753963493139e-04
1.630746749358518788e-03
3.996641328246169065e-04
2.314139794619893102e-03
1.502429176354344543e-03
4.333574712222595005e-04
8.995317464499402336e-04
6.486818057222174796e-04
4.770193574530235824e-04
1.567053018486594743e-03
6.059489005092885900e-04
