1.011855182691465016e+00
7.702977379698695559e-01
2.030295334427036025e+00
1.626205461420380249e+00
1.028745211363196743e+00
6.692746691993447516e-01
4.380376513896006574e-01
2.809297524029117921e-01
1.756270190362708983e-01
1.085254486389243406e-01
6.798343542466595002e-02
4.455305449708279325e-02
3.157203677335357339e-02
2.468746842058160834e-02
1.738144198037287411e-02
1.920168010798375263e-02
1.791457735062276443e-02
1.772132848600373178e-02
1.584449374377615988e-02
2.018661853209269968e-02
1.383298085240840421e-02
1.289781649300387155e-02
1.337475945026022142e-02
1.104967240817990824e-02
1.035752024176553321e-02
9.833705124170533107e-03
8.843409418150110016e-03
8.352015374455491747e-03
4.858343708024553259e-03
7.461235681804269382e-03
8.911733402002115431e-03
5.864261386073895896e-03
5.739194609377524549e-03
4.926514940614736167e-03
4.671534202427868494e-03
4.895830594365479030e-03
4.216816010842444097e-03
1.719290769577452600e-03
4.760261218795266633e-03
2.566225801635191924e-03
3.092267497831668356e-03
3.107018638852120963e-03
2.042894700109675922e-03
6.342833441373827222e-03
4.068386267186175319e-03
2.304888709283826279e-03
3.719906844125007994e-03
6.030697102580723223e-03
3.387811718937270081e-03
6.609045559404116803e-03
3.508544870789623293e-03
3.189110380372106850e-03
1.588220253246654763e-03
1.617892280721900918e-03
1.704655612335839602e-03
1.244654858118490097e-03
4.462546121405265142e-04
4.851188768599528842e-03
3.584797905565968376e-03
9.407087511187399442e-03
3.242837479218662299e-03
1.360883219494676138e-03
8.701254414762916349e-04
3.660525595595927372e-04
6.110530338260322181e-04
6.293447308173059744e-04
3.467605683061240505e-04
1.358676604771958275e-03
1.046734191935623330e-02
1.428997313700081529e-03
6.199247788146157673e-04
3.714033789908771687e-04
2.246923428109360524e-03
3.735521378830741301e-04
2.463170194586674668e-03
2.934490103325175774e-03
2.546458522215314969e-03
9.416866374808805385e-04
3.678232415347968071e-04
8.780593205548446484e-04
1.554457698883790441e-03
2.050600019261815312e-03
8.318070059942930068e-04
1.057444252552715335e-03
5.232035007002312473e-04
1.900010262809791227e-03
1.363068063996907432e-03
6.020927794440292117e-04
4.114996848182430863e-04
7.857061421004864904e-04
4.408287142627654795e-03
3.771347166374898539e-04
2.735310167951655966e-03
2.292640545624885853e-03
9.942111757435538773e-04
9.113646012668868762e-04
1.951868113114316574e-03
3.640792038525717672e-04
4.961455695431518176e-04
3.345846815500814423e-03
2.173831910273385081e-03
2.961239395226013867e-03
2.667272129703252091e-03
4.161107936976417288e-03
7.780839748681626575e-03
1.744127897032276197e-03
3.744508107999219610e-04
1.340607694852776182e-03
3.340875896948206449e-04
2.710650242146838817e-03
5.578010203764449107e-04
5.018509299970527575e-04
5.857969873397527241e-03
9.295181715754427098e-04
3.231561986597521760e-04
8.032583534431701842e-04
6.509438590548711698e-03
4.623598019977738244e-04
1.046052404769751577e-03
1.153070616623791053e-03
3.015513131755786775e-04
6.346360944446191718e-04
1.466242492372186621e-03
2.576482281042137101e-04
6.354504352796573391e-04
5.738729083987793855e-04
9.818770026462691949e-04
1.030175143736592434e-03
2.588569393640657705e-04
2.493196447132546957e-04
2.465831802626104827e-03
2.182122748901744753e-03
3.917645310166002239e-04
3.233951372726286784e-04
7.496480880447875007e-03
1.271941355097089927e-03
3.753908895915434966e-03
1.789849943979469503e-03
7.551400197920897983e-04
1.485341375940863341e-03
4.546914274488904253e-04
3.514419617469704236e-03
7.290399386112146954e-03
1.329318392516379548e-03
6.306384165181363761e-04
1.140406390661436635e-03
3.550626798290842045e-04
4.630849047333136575e-04
1.279323141522508301e-03
6.594558397997307133e-04
1.945064285003270154e-03
1.341350848752398926e-03
5.062190473579991678e-04
4.130626731187947084e-03
1.868448460710482985e-03
1.294714887217665415e-03
3.953911354310151588e-03
5.760711925473279565e-04
5.726007427561527387e-04
8.838192166048930822e-04
4.164143407723590491e-04
1.897925190219529540e-03
3.801941003559591511e-04
7.576757361870176772e-04
5.166359995835015720e-03
2.049761996704111376e-03
4.008294940566134446e-04
6.430277900955187493e-04
1.352711512987534977e-03
1.264633025032957077e-03
1.118212248648198757e-02
7.395702359007568774e-04
3.223548934987750109e-03
2.214940323933867888e-03
6.719474062308186191e-04
2.020201319549747021e-03
8.688871412810085298e-04
2.619705332395192050e-03
1.949236698284674465e-03
6.104040235281100622e-04
1.428649425038584124e-03
1.430669922385799982e-03
7.977034665452746110e-04
1.010702203937198333e-03
5.776756038679836322e-03
1.413584330690363612e-03
5.870677840490413305e-04
8.289193075033273904e-04
8.618420701236010131e-03
2.894016846485846818e-03
1.689877062193420121e-03
1.801805978650421192e-03
1.115009446951226819e-03
6.457421132128909240e-04
1.210284605323831480e-03
3.685472080906586085e-03
1.175686396379910671e-03
1.312111155038716377e-03
9.169348975902074554e-04
1.814677596146886413e-03
9.530533150065365186e-04
1.310478639412998364e-03
1.018746324620956262e-03
1.842396139614790483e-03
1.610306337066800186e-03
2.522534523043801300e-03
4.091796338211910276e-04
1.641526231255830597e-03
1.647725459573905248e-03
1.780390978891535723e-03
1.221090553523107754e-03
7.900233355614665748e-04
7.347621992957607991e-04
6.030427623073570265e-04
5.826702046036721970e-04
6.471484620869886323e-04
9.134085235498225208e-04
6.920008513161674240e-04
3.683705356689510185e-03
2.003950518894021503e-03
8.206807284069361774e-04
2.038801874644431775e-03
6.375920959664072149e-04
8.541404033889668469e-04
6.331262534740342111e-04
9.323989201204281726e-04
6.029771707616574019e-04
2.314994638532533178e-03
1.399859471960376639e-03
5.760440804549084824e-03
1.197923933367248768e-03
7.503862955318856606e-04
8.121646872431020382e-04
1.298044486655726285e-03
5.797937994368264130e-04
1.033245514122576236e-03
8.130774062356891253e-04
6.344296455950301740e-04
5.015465645342292176e-04
1.445543895104283967e-03
4.165500721597743729e-04
1.214209247636510638e-03
2.405350854534046064e-03
9.008269304313890231e-04
6.896524321223315322e-04
1.250858269543693880e-03
7.276122737499334057e-04
1.851791092659369094e-03
1.823114168591758420e-03
1.272122259189295774e-03
5.982583064420274105e-04
1.602431718818761106e-03
1.747102832030673902e-03
5.632297013905547371e-04
1.970011425416624481e-03
1.112153098599857502e-03
8.733940497139230756e-04
1.485662814436059832e-03
2.033196287468671398e-03
5.315657132056229341e-04
1.002853461641940117e-03
6.768964451239823429e-04
1.668815341513471074e-03
6.109791791978527297e-04
7.287054148738493151e-04
4.246074610469312326e-04
9.569464250503666169e-04
5.829893735275676120e-04
1.349469054601305524e-03
1.769964000828379638e-03
7.914385429508277378e-04
1.203219505416375582e-03
7.924635270899026271e-04
7.070143492334341135e-04
1.988509468318664947e-03
1.299004374492924605e-03
1.071228615737482293e-03
4.425626133298067783e-04
7.980606911420753870e-04
1.123381839448584982e-03
2.340779776588769717e-03
4.796376968962829659e-04
1.551417360778839559e-03
1.373117312609166288e-03
1.040140997531343930e-03
7.334493701153853382e-04
4.700684187194417957e-04
5.271956848229909006e-04
1.130466657080320602e-03
2.940169978078621422e-03
1.149760207302734328e-03
3.190486655371665980e-03
1.251352124495093985e-03
4.381324207393581284e-03
5.519616138612782252e-04
4.232759568188420684e-04
6.731557203726839644e-04
4.760909239484636675e-04
4.848170766082030882e-04
4.290033303406568595e-04
