9.724165690750957713e-01
9.479446496478445283e-01
5.631541433022535514e-01
5.744990407885172123e-01
5.783305841309248629e-01
5.785903368280033154e-01
5.786034681317474559e-01
5.776807054132171437e-01
5.776974893130853994e-01
5.763327745563973092e-01
5.763268746800686015e-01
5.763267465189579886e-01
5.652059080190584561e-01
5.649211255660016029e-01
5.649192787432051333e-01
5.649192554770677832e-01
5.649191938859030593e-01
5.649192714568599394e-01
5.649191947764189425e-01
5.649192628486462420e-01
5.649192787372511182e-01
5.649191666771464782e-01
5.649192963051067329e-01
5.617075085892737629e-01
5.597441318639658769e-01
5.597441846386531639e-01
5.597441076846575436e-01
5.597442330167103908e-01
5.597441217331913244e-01
5.478558878527072240e-01
5.480140997062830088e-01
5.480161362844988560e-01
5.480159922696705710e-01
5.480160483231391044e-01
5.480159235664066042e-01
5.480160806867059309e-01
5.480160225801915530e-01
5.480160537419599409e-01
5.480159452140620502e-01
5.393328036006694859e-01
5.391978091652619431e-01
5.391975730549106727e-01
5.391975969118868450e-01
5.391975891485997208e-01
5.391976630649711888e-01
5.391974784306037272e-01
5.391975538243616306e-01
5.326536392589821256e-01
5.328162729380507834e-01
5.328152938714346698e-01
5.328152894405696616e-01
5.328152993466783727e-01
5.328153609439456595e-01
5.325429969641436445e-01
5.268858812237028344e-01
5.268589365164169092e-01
5.268586519354777620e-01
5.268585344549835403e-01
5.268585078857039861e-01
5.267053012985531968e-01
5.264598165049433343e-01
5.253069047269406378e-01
5.255590241979660737e-01
5.251945795536322459e-01
5.247432601356469828e-01
5.237527966194878148e-01
5.235804056555318775e-01
5.228041679532562380e-01
5.233510098046588732e-01
5.222912738371762176e-01
5.217517281316881306e-01
5.214897170887434763e-01
5.208265604462639642e-01
5.201127317339296896e-01
5.206287162402626345e-01
5.202215993087887513e-01
5.196244098092939190e-01
5.195213110917468180e-01
5.189549210975504812e-01
5.190420836286349093e-01
5.185170510675195521e-01
5.182632062048380117e-01
5.183717492302609697e-01
5.176627828937045983e-01
5.186325632150252662e-01
5.178203840145978454e-01
5.172187808640289486e-01
5.175259254655867336e-01
5.173840869347315907e-01
5.178361240529422149e-01
5.168154998973304437e-01
5.171225860754833370e-01
5.165508290487226262e-01
5.166765697068902430e-01
5.161742104620350435e-01
5.166483868639387689e-01
5.162110681221774300e-01
5.148236392951007767e-01
5.159348678213737660e-01
5.162342990816832788e-01
5.162079688690706103e-01
5.158866746792464264e-01
5.160983321738770169e-01
5.161531172658554434e-01
5.158053825997487296e-01
5.157095777903947242e-01
5.157730921053741424e-01
5.155958899122914385e-01
5.164039934183638492e-01
5.157441103344875266e-01
5.154147224328076149e-01
5.156869869440806609e-01
5.155256844763977941e-01
5.158295256890736979e-01
5.146702240104656934e-01
5.155315982686740073e-01
5.150571216106877293e-01
5.153833204896589582e-01
5.151506632564754051e-01
5.153458366110581501e-01
5.152027526724217710e-01
5.152293778596995777e-01
5.151778852888253546e-01
5.151062183417411955e-01
5.150388929683914485e-01
5.150392641168407559e-01
5.147531751109658549e-01
5.149648634621838417e-01
5.146207204268143931e-01
5.148779323805832142e-01
5.147156504174993374e-01
5.149561580793092785e-01
5.146686949426113600e-01
5.147141114467774781e-01
5.143836225148482599e-01
5.141061209919236541e-01
5.132596856530678986e-01
5.146358667138132281e-01
5.142956498344515293e-01
5.144154534479070673e-01
5.145518235451481681e-01
5.143937583394133650e-01
5.140410217615459798e-01
5.143435114881749204e-01
5.141809557276545428e-01
5.137891894096723311e-01
5.139558796677077268e-01
5.139523530999703382e-01
5.138099358193736199e-01
5.138760739216817752e-01
5.138062696472540658e-01
5.138060841996755501e-01
5.129852895365980547e-01
5.132358442916143959e-01
5.136016812074717386e-01
5.137541448845404091e-01
5.132499082688295466e-01
5.135905533481320839e-01
5.132638885059960243e-01
5.130625527029692989e-01
5.128521864674286945e-01
5.132098184076709924e-01
5.129893173771729042e-01
5.128888603612941077e-01
5.129094945483948509e-01
5.127424055041603923e-01
5.126474831600476012e-01
5.126588644585418075e-01
5.123444991968528761e-01
5.125669083647049762e-01
5.125783698700636659e-01
5.122116284269006004e-01
5.121516232267099289e-01
5.128008828593938473e-01
5.121418083930486809e-01
5.119504197493982556e-01
5.120593980975600701e-01
5.119373808964192696e-01
5.119361045839946334e-01
5.117504319092840426e-01
5.126886534089437619e-01
5.116082360194122991e-01
5.116868311208686571e-01
5.113681976746549118e-01
5.114133723112258556e-01
5.114058996830300741e-01
5.111701527856715721e-01
5.111129744015882048e-01
5.110731777173623813e-01
5.110527261785254849e-01
5.109483012699131965e-01
5.109237533756639804e-01
5.108933974340768014e-01
5.105757057196359527e-01
5.105542581390304369e-01
5.102294456461172745e-01
5.097446691098506122e-01
5.101829856982899036e-01
5.101765958660523514e-01
5.100054506620583794e-01
5.101529983031787285e-01
5.098405346401279070e-01
5.103488373087542440e-01
5.096917889413370428e-01
5.100521810594683680e-01
5.094588468148325555e-01
5.101403209418126083e-01
5.091687673755916910e-01
5.092646623718006804e-01
5.098951924344816700e-01
5.092196461074699476e-01
5.087699567729172534e-01
5.090186542581334184e-01
5.088468364751246309e-01
5.083358056889933918e-01
5.086400493149946245e-01
5.091268593061630821e-01
5.079809320704029574e-01
5.084806779452260006e-01
5.081505759468366579e-01
5.080878608614870506e-01
5.080616213567417105e-01
5.080727449664977913e-01
5.078984218801160244e-01
5.078707745112226446e-01
5.075424914913689856e-01
5.076672249571608786e-01
5.076662416457168314e-01
5.063602980569550382e-01
5.073205768117212688e-01
5.071604528449296101e-01
5.072496214367478995e-01
5.069826781019015627e-01
5.069386703025291485e-01
5.070505681377105445e-01
5.067280794656240372e-01
5.064256205294989099e-01
5.063779310529769040e-01
5.064545357268910308e-01
5.061904881184882132e-01
5.058869075593577236e-01
5.060153121377047869e-01
5.056997275332568709e-01
5.059245146141593263e-01
5.057921247794938679e-01
5.055117924848200328e-01
5.055144997510367944e-01
5.053256609526706189e-01
5.053169166017910108e-01
5.047488316994909185e-01
5.052791662973378228e-01
5.044425037848438986e-01
5.049588321861352425e-01
5.046362866725457863e-01
5.047949803550654257e-01
5.041131670013708765e-01
5.044581429612966517e-01
5.044135183496862851e-01
5.042153121872785526e-01
5.042291723034268980e-01
5.039761554963156920e-01
5.039128569914325118e-01
5.036848896634713579e-01
5.037427658169387756e-01
5.040844641192776532e-01
5.034412161662316088e-01
5.032871274621996127e-01
5.036973653288885355e-01
5.030281723176315278e-01
5.030606639446464357e-01
5.027767606985870108e-01
5.029578453143173089e-01
5.029281458350173262e-01
5.026625309536556507e-01
5.023741118326650046e-01
5.022531663138017910e-01
5.020033935968970518e-01
5.017867265978984692e-01
5.021568884393766696e-01
5.022926735803998621e-01
5.017771620341414662e-01
5.017796197621827714e-01
5.017955168563775770e-01
5.014462531314634042e-01
5.013516886046477383e-01
5.012930489463829353e-01
5.013444067449934760e-01
5.010833477133571634e-01
5.006244946055161682e-01
5.013955330843620217e-01
5.004234438775422289e-01
5.004287716897113381e-01
5.004637946710540630e-01
5.001193912099773931e-01
5.004688087102460159e-01
5.003078285584829921e-01
5.005259434144891939e-01
5.000058952896164755e-01
4.997785965832879373e-01
4.999288931601995611e-01
