1.049143004636050591e+00
3.842739448556072190e+00
3.910728588676635198e+00
4.909793011949783903e+00
9.240123308597013363e+00
1.176695372946523754e+01
1.137871330303249096e+01
9.527378552492073993e+00
7.310223317860446990e+00
5.840811410642698043e+00
5.816897032887236918e+00
5.915280286889471384e+00
5.618473767627229165e+00
5.134671110760313795e+00
4.640847400795874655e+00
4.287739405909339219e+00
3.858489599007732807e+00
3.561723408422104775e+00
3.753029265924676672e+00
2.702612471290039231e+00
2.491793926898500100e+00
2.262714874289571299e+00
1.935791653576385496e+00
1.595561996143826100e+00
1.267146109348826766e+00
1.170917555188180748e+00
8.496769595205735381e-01
8.766669308613759259e-01
1.813242901716908273e-01
6.015408947551010854e-01
3.778871644437069577e-01
4.765354974506202379e-01
3.896897334841714633e-01
2.090542323044941864e-01
2.961338049543534856e-01
2.119878818017131017e-01
8.314235049901225194e-01
1.156942303412051842e-01
2.413000338445863702e-01
5.816727582459830376e-02
5.050346993307373022e-01
1.021795473729992382e-01
6.612304461074337836e-02
1.305083386075285012e-01
1.013289557005637165e-01
3.599278622403861982e-02
3.349431429418557871e-01
6.894430477651383726e-02
5.457865587508296118e-02
5.415235304040958569e-02
8.846473353926810612e-02
3.116080340561114825e-01
2.868030378635889610e-01
1.606195788982201222e-01
9.500351180808536133e-02
5.222847045027680796e-02
1.122171769716670264e-01
4.360463464342730355e-01
3.617168346254736599e-01
5.649500925774033483e-02
5.402541617412134900e-02
3.089366523084809413e-01
4.930417011732538546e-01
1.725786215279133395e-01
5.533073322264277921e-02
3.132487354001861624e-01
4.606293294244424852e-02
4.416270722019412925e-02
4.520723636919032895e-02
1.075660936351056085e-01
1.735735386379616829e-01
2.683693544950120982e-02
3.093907233332295892e-01
1.875314928357924293e-01
1.207073111637442658e-01
7.697441699794811687e-02
8.313739408018464006e-02
2.292809461252255654e-01
1.322793343679705413e-01
1.040829030180429465e-01
5.190230897829595236e-02
6.754203838082364908e-02
5.239833953265672362e-01
3.046925730535128551e-02
2.653259027723839925e-01
1.532788905522841083e-01
1.748148883341156257e-01
1.453830615240913060e-01
6.540206622815007698e-02
5.852134649882662076e-02
1.667874194551508538e-01
1.413494705761756121e-01
2.083635674736148136e-01
2.867336189927734424e-01
6.310678549326470543e-01
4.126962050743990945e-02
1.543609261679401434e-01
1.270717405346075413e-01
2.114204752569913970e-01
5.963384531481236844e-02
1.449860285355417666e-01
5.840324499850626516e-01
1.266243732440207326e-01
2.062269027664593440e-02
1.255453565235656876e-01
2.517932207404009470e-01
8.317312844149743478e-02
1.281377232928047616e-01
3.302037920620961020e-01
9.183403615913240947e-02
5.054467462116555426e-02
1.934986673555115153e-02
2.630612820135144400e-02
7.219166574061940123e-02
1.413760563863534214e-01
2.855849283121396631e-01
7.726764454269209603e-02
1.582031705937455568e-01
3.538737109469802800e-02
6.626439385672650006e-02
1.439696663959205147e-01
2.149532874469984589e-01
2.883710348362917078e-02
3.433803157988959409e-01
3.957640649407007105e-01
5.227447054900596218e-02
4.612191153681122896e-02
1.056833459561628136e-01
3.161599519640961170e-02
4.413963689390353051e-02
4.442893355063666505e-02
8.240571428840981483e-02
1.163373379621768927e-01
3.885910635210971381e-02
2.205266377095781161e-01
2.702022179128992230e-01
2.012569264582029227e-01
1.468596237009909822e-01
3.537540106699086362e-01
2.578307370396795695e-02
2.723024820427726866e-01
5.572097017699077087e-02
4.825107955824382011e-01
1.039282881047975671e-01
1.202814335997069856e-01
1.526810464072653473e-01
2.764492482822231145e-02
6.314146119943823965e-02
3.040261221885954268e-01
1.434151343603630724e-01
3.268921206108360011e-01
1.172872525617030121e-01
4.292067341937414460e-01
2.751036573373047966e-01
6.898977377041806691e-02
4.148593990822435629e-02
1.211667260473897473e-01
8.117112813563162610e-02
9.371113594391444757e-02
2.694057824572981263e-01
1.448615071643218344e-01
1.885761623796163022e-01
2.809361225403760737e-02
2.532141559249128093e-01
5.966531722935587007e-02
8.353659076024072538e-02
1.032043298012230020e-01
4.035968414714242725e-01
5.403678659040347942e-02
1.883466548400316576e-01
4.175531791328218612e-01
9.647343513554741679e-02
4.673042079875492916e-01
1.759400750974397520e-01
1.761706434806949162e-01
2.020887479281811838e-02
7.684993975596232652e-02
1.486462629283299142e-01
7.076022175753736432e-02
1.247672418986838921e-01
3.876033797862145636e-01
2.126908504935003108e-02
4.104796289602807846e-02
1.622577587747762728e-01
2.891601849804586455e-01
1.641635582929157344e-01
2.682228926388605106e-01
2.641771612548828724e-02
1.099074332529680481e-01
1.171165676512042064e-01
4.315051082058148080e-02
1.017817439429196669e-01
2.147864727706861043e-01
2.805964787359986334e-01
2.245843709857853754e-01
1.198994534404486390e-01
5.040597634789257403e-02
2.988570687803940862e-01
3.015649858894483559e-01
1.264597524488779989e-01
6.765679496861191911e-02
1.159300959865694203e-01
8.405368206479232884e-02
3.747222097385302653e-02
5.779526847950493262e-02
2.660860525582254832e-01
1.900815695587378465e-02
5.453175442641162302e-02
2.224776753890125858e-01
8.331606647676241539e-02
6.924004619163268148e-02
1.400416102857603706e-01
1.309869044859464093e-01
1.207097598259234961e-01
3.824227256861480184e-02
2.986380693618217452e-01
1.402208782081189320e-01
1.329379487883466382e-01
1.225402929663188534e-01
1.332151200601656982e-01
2.009421550410996904e-01
1.219831359467106469e-01
4.933035387637142027e-02
2.558238522597217415e-02
2.905805090308523075e-01
6.300738794168327106e-02
2.156252706701666522e-01
1.110296704290728437e-01
7.858022827529721754e-02
5.723246721920052099e-02
2.441042210565211312e-02
1.501832696213581397e-01
2.002354901142668619e-01
9.796013556335556038e-02
7.100418696292941367e-02
3.912997146657842124e-02
6.388726921898230104e-02
3.061662401828824792e-02
2.114176061515718186e-01
1.199988560552479600e-01
1.846646964579772010e-01
2.693410214046413897e-01
6.953695467528657470e-02
4.875269840759589163e-02
1.139080673901311375e-01
1.169021534833862147e-01
2.960304930523149913e-01
8.155223967953023623e-02
7.877233396719121594e-02
7.654891401992383604e-02
9.461935816045238812e-02
9.427585362659206270e-02
1.721222435519268457e-01
9.105279434908050695e-02
3.063241241937840753e-01
1.018186928562132415e-01
1.388316324020693049e-01
1.297671950659179119e-01
1.968257995188715248e-01
4.382236725440393638e-02
7.452127228505170398e-02
2.820377157028640114e-01
1.125932782350601707e-01
8.980816530977227263e-02
7.995159237897202231e-02
1.133233831569109701e-01
5.700636305603987153e-02
4.823002596197203951e-02
1.999292116319132950e-01
2.137923845557493721e-02
1.795050721798774895e-01
2.353646312734876400e-01
1.377843246642833919e-01
3.042260723206580489e-02
3.002621085425694406e-02
1.052751704432205726e-01
7.064707888202732822e-02
1.109225905275923185e-01
4.682200684925099526e-02
8.724877770782610287e-02
2.041520520002866046e-01
7.793754584295807530e-02
1.471011699062794720e-01
1.383261917533125107e-01
5.925009657121500795e-02
1.196738993119041694e-01
6.625411530299235574e-02
8.502392746465557705e-02
3.812039116805360922e-02
4.870675614875245169e-02
1.351429176543088029e-01
3.994575137265259784e-02
9.651920329839623613e-02
1.030844796232250060e-01
6.887465647955419434e-02
1.107704434372697583e-01
1.834953253406566287e-01
5.673299759444374452e-02
8.842388290425245989e-03
2.325937886239543007e-02
