1.556217953246622709e+00
1.396047847870619751e+00
1.600250602579259107e+00
1.722093533448754377e+00
1.903041526424039231e+00
1.973328739810545907e+00
2.081693301000783425e+00
2.135055757541572063e+00
2.202234381372135452e+00
2.315881661601101094e+00
2.507301925131223186e+00
2.719377656826963641e+00
2.955365531784043487e+00
3.225444695643298054e+00
3.528583523482531348e+00
3.869363597549733136e+00
4.235701955693514265e+00
4.592429339166351099e+00
4.944369001888126114e+00
5.261085273791425543e+00
5.527822763212311585e+00
5.724435597560506572e+00
5.856897304129991433e+00
5.904315994094084807e+00
5.877013250332838723e+00
5.787549087629197508e+00
5.621941486953402567e+00
5.394723659176804631e+00
5.108244322171493046e+00
4.782992003235069234e+00
4.428683693398754784e+00
4.048761286511275870e+00
3.667753851169375690e+00
3.286201436673282572e+00
2.916070299887427719e+00
2.581595252421588604e+00
2.301164424600813163e+00
2.103270853130750240e+00
2.008399667672478905e+00
2.029821085331198205e+00
2.153433116973960448e+00
2.357719775529794504e+00
2.608853939953201362e+00
2.893175792481856412e+00
3.186689107475460858e+00
3.486552185038721774e+00
3.782287171492213496e+00
4.076375101401096934e+00
4.356511462962895820e+00
4.626702430608375494e+00
4.881148705526022979e+00
5.124179946557791077e+00
5.346590499178955014e+00
5.550025995534054069e+00
5.730417309631731904e+00
5.883737978070984198e+00
6.008378529470235208e+00
6.100019787813686811e+00
6.164413122788633181e+00
6.193105465349049155e+00
6.187635164989938374e+00
6.158662778750076505e+00
6.096162896773907214e+00
6.019161027784789120e+00
5.920529099007787899e+00
5.808682244867039657e+00
5.691369270033780126e+00
5.577021482204263414e+00
5.456893955224514592e+00
5.354437474011768394e+00
5.254143629421514028e+00
5.160723174326401264e+00
5.085747215031450885e+00
5.023418422403728378e+00
4.972467743210005509e+00
4.942581661745414578e+00
4.926924090723798777e+00
4.919346780420414511e+00
4.928309875870678702e+00
4.954791236302106050e+00
4.981675230806017929e+00
5.027826145845337713e+00
5.078279056918894696e+00
5.135884781109976593e+00
5.195122247486677836e+00
5.267203807063379095e+00
5.330370585193366928e+00
5.401308296337894888e+00
5.471098389570866694e+00
5.537373201583008608e+00
5.607492355106133530e+00
5.672800883593477117e+00
5.726669844061702541e+00
5.789849276234217079e+00
5.836872736494392200e+00
5.891128923654044058e+00
5.933814583009107579e+00
5.975473892978912183e+00
6.009356934243702320e+00
6.050357560044009375e+00
6.081994465761257906e+00
6.103674835039149649e+00
6.128530463831785902e+00
6.138197625216687214e+00
6.161824911644443681e+00
6.172579634222350897e+00
6.181622943988001495e+00
6.188936741502460315e+00
6.198591991449581506e+00
6.207116830229402638e+00
6.215430340238166984e+00
6.224339819402428198e+00
6.235987034805792639e+00
6.247639368244235492e+00
6.269641390974921791e+00
6.290940256920337426e+00
6.319647509373081284e+00
6.363071996993167723e+00
6.403607730531674314e+00
6.451995290491512769e+00
6.509265384991625325e+00
6.566076096530530926e+00
6.620389428389219511e+00
6.687098693430587382e+00
6.748209302088697292e+00
6.815332480962197792e+00
6.882025111232467296e+00
6.956014511202416095e+00
7.038495021805619700e+00
7.127137094647170379e+00
7.219378957329847246e+00
7.321371582354554874e+00
7.423047306884570595e+00
7.529146154196736163e+00
7.643842069560472297e+00
7.758816323788314762e+00
7.882230386861720284e+00
8.009175179154448543e+00
8.136282891942963502e+00
8.270696685869594944e+00
8.401141806965657821e+00
8.538273242891222026e+00
8.675118851359535199e+00
8.811300296928045839e+00
8.953038999201977433e+00
9.097181583542351291e+00
9.243757824516672272e+00
9.388280873153926009e+00
9.529242106380651833e+00
9.679042248357413669e+00
9.821551811262057896e+00
9.967386922174446440e+00
1.010800579213629469e+01
1.025243767181965104e+01
1.039664482016556413e+01
1.054314868875678712e+01
1.068582876607170284e+01
1.082718517901896682e+01
1.097368877647772401e+01
1.111813935989715318e+01
1.126080001371074069e+01
1.141158285692827512e+01
1.155322406109709199e+01
1.169713453429992178e+01
1.184148244002601480e+01
1.199021050361229257e+01
1.213673124430039785e+01
1.228912675713056402e+01
1.243701907874195811e+01
1.258133348842210886e+01
1.273978895134891687e+01
1.288459276496891093e+01
1.303318287779892870e+01
1.317685330004303168e+01
1.332302905851210362e+01
1.346695746038924035e+01
1.360020975951922217e+01
1.373237104427419730e+01
1.386256612712522873e+01
1.398207759490929547e+01
1.409856892377849391e+01
1.420657347311082930e+01
1.431385207626283851e+01
1.440761061063244419e+01
1.450035184730749371e+01
1.458365115429602632e+01
1.467018425866066167e+01
1.474260869050288569e+01
1.481060661847351412e+01
1.487090080318864338e+01
1.492354190323422181e+01
1.497437266555356494e+01
1.501597763570101129e+01
1.505662580312832333e+01
1.508926889991971976e+01
1.511184373754370114e+01
1.513240620914625900e+01
1.515044748235365013e+01
1.515828969784695168e+01
1.515891870151814658e+01
1.515759849112094315e+01
1.515883908593046314e+01
1.514651177914469038e+01
1.513453688188408641e+01
1.512000737397748118e+01
1.510193818169736701e+01
1.507964373760098375e+01
1.505647011512615130e+01
1.503179834621201394e+01
1.499577451546965356e+01
1.497002305077956841e+01
1.493850301921556145e+01
1.491132619376301527e+01
1.487946702336326155e+01
1.484207941181501589e+01
1.481447953205279155e+01
1.478001169652773328e+01
1.475738283447200949e+01
1.471665966847193907e+01
1.469263691774251868e+01
1.466145947325229493e+01
1.463912941272436186e+01
1.461391816945585731e+01
1.458657306064405290e+01
1.456567649187733515e+01
1.453709111683906130e+01
1.452266817758317075e+01
1.449933333052800322e+01
1.447852439194070939e+01
1.446880053704822799e+01
1.445052628923051685e+01
1.444417265980118614e+01
1.442605713781922283e+01
1.442344120290283627e+01
1.441276531925800874e+01
1.440498067305397711e+01
1.440049317903451787e+01
1.439913371530623110e+01
1.439163178681613076e+01
1.439582529091136820e+01
1.439198011442875469e+01
1.440145400152206356e+01
1.440909970636140969e+01
1.441569581072632822e+01
1.442763174208200994e+01
1.444018546212996945e+01
1.444748259967393977e+01
1.446667047041553111e+01
1.448417822033356650e+01
1.450936140024638910e+01
1.452980208593904266e+01
1.455058383768904484e+01
1.458530750370217710e+01
1.461385348295372921e+01
1.463908054411510307e+01
1.467634214783593372e+01
1.470675426873110325e+01
1.474209055150467584e+01
1.479009917646120442e+01
1.482805157312152566e+01
1.487283048879681679e+01
1.491123415174917355e+01
1.495834189290668625e+01
1.500705755144909403e+01
1.505308252443011519e+01
1.510129553414559034e+01
1.515937242418561048e+01
1.520910154035437856e+01
1.526846832297844792e+01
1.532096428316181935e+01
1.537814378385749059e+01
1.542613287998458560e+01
1.548484937470831824e+01
1.554953535160375289e+01
1.560577344608022443e+01
1.566716024581316447e+01
1.572833311132057510e+01
1.579314483508760425e+01
1.586021154486127394e+01
1.591992940399530099e+01
1.598705754075527530e+01
1.604774230338529861e+01
1.611474771547988638e+01
1.617794193664463975e+01
1.625620313340775880e+01
1.631511877060724913e+01
1.638575638865114925e+01
1.645408928108313518e+01
1.652664801077020229e+01
1.660025354551856225e+01
1.666755309853371614e+01
1.673986725709536216e+01
1.681171488357361454e+01
1.688155039980448180e+01
1.695462031049711271e+01
1.703020356936772117e+01
1.709920457021010520e+01
1.716950842641060859e+01
1.724293786723765720e+01
1.731178979763920012e+01
