1.118318971715772658e+00
1.001927289216620443e+00
1.884167819212815731e+00
2.387231694075502730e+00
2.509690612312450053e+00
2.510560491960585061e+00
2.471086446100629885e+00
2.433609958426385944e+00
2.403085000716036035e+00
2.377896524694095515e+00
2.354067264419894112e+00
2.332239807251121455e+00
2.317295321349682080e+00
2.304120031227258725e+00
2.289554768257514805e+00
2.279470007750201255e+00
2.266000718079027809e+00
2.255969289378821241e+00
2.243911514921457684e+00
2.234661145389005732e+00
2.237960798721384759e+00
2.214149616639673912e+00
2.206447247313334525e+00
2.191567570040127588e+00
2.187986062852920188e+00
2.181709179473851012e+00
2.169502415008367713e+00
2.166788484503836099e+00
2.168585391048860611e+00
2.154004392759643061e+00
2.150462566042522283e+00
2.142301669182868018e+00
2.139886525955060126e+00
2.135661229557857865e+00
2.124158159091275255e+00
2.127706987773587688e+00
2.123055086584807238e+00
2.120746709810240826e+00
2.108523331164645853e+00
2.113820115177693193e+00
2.110892966820881789e+00
2.108620740498264645e+00
2.107525102870203337e+00
2.104146320728768060e+00
2.085301314319139454e+00
2.098488805502813470e+00
2.099358762026333203e+00
2.092249417036184056e+00
2.094523347234915178e+00
2.087973052811181507e+00
2.089746441826048962e+00
2.077118200684844762e+00
2.088538737587908756e+00
2.083487649009584608e+00
2.085102313787368100e+00
2.080058096514501909e+00
2.084599953734409095e+00
2.074793630745378703e+00
2.077008617512002164e+00
2.069166956799088020e+00
2.072346281228436560e+00
2.073194784054444018e+00
2.064721710548984568e+00
2.067727581220810684e+00
2.068828478068398091e+00
2.059278962501811083e+00
2.064398697561361296e+00
2.056044372079893545e+00
2.060812120648401358e+00
2.061771962927491320e+00
2.055977398887229857e+00
2.057638520146641614e+00
2.056845232988273597e+00
2.053478961259584956e+00
2.059373303425763968e+00
2.050229081835355682e+00
2.049603561643835281e+00
2.032697503053043420e+00
2.047548208756275301e+00
2.048559426006120177e+00
2.045202454070110587e+00
2.035167023755444227e+00
2.044451018939520193e+00
2.047480044591377002e+00
2.036007362357418415e+00
2.040886513717214523e+00
2.032240378573279216e+00
2.035487840901179624e+00
2.037992457158644743e+00
2.040701353008393948e+00
2.035237635879491247e+00
2.035715503212830679e+00
2.033437386891379539e+00
2.029776678057851669e+00
2.032975597943027957e+00
2.029866816683860264e+00
2.034171660867728271e+00
2.033591486196086429e+00
2.030229787115791940e+00
2.026624809888703194e+00
2.028679143411972863e+00
2.029237405492072543e+00
2.026789904705813772e+00
2.026375049839164166e+00
2.025503627688363117e+00
2.023062365412128472e+00
2.025898474271830896e+00
2.023522085854744024e+00
2.020026645614894978e+00
2.023410199221332917e+00
2.022961369178434055e+00
2.020328245598467465e+00
2.018746143041424190e+00
2.021558898264722792e+00
2.019379587199183756e+00
2.018988047374365102e+00
2.015255589546204984e+00
2.018683888087711598e+00
2.017941614722837507e+00
2.016530285878314288e+00
2.016182838286947110e+00
2.019297377036080920e+00
2.016701862774211929e+00
2.016199499491757585e+00
2.014076995405304604e+00
2.012671235648531454e+00
2.012488498659643632e+00
2.013400989851508172e+00
1.998208520884656503e+00
2.013049401972034413e+00
2.011826726087224237e+00
2.012648852078670281e+00
2.011433090791780121e+00
2.008389131890190971e+00
2.010507641407390356e+00
2.009538742032467518e+00
2.009047435904673495e+00
2.009060613603479428e+00
2.007567933572963703e+00
2.005633996357352622e+00
2.005933758738651207e+00
2.001505646257638826e+00
2.005788161912334111e+00
2.004836625616861046e+00
2.003113539452301417e+00
2.003614223913095849e+00
2.001984220381863633e+00
1.998886524677367493e+00
2.002283205270205091e+00
2.001438572865954946e+00
2.002974008945390239e+00
1.999866848012169518e+00
1.998598914482263122e+00
1.996321553521164249e+00
1.997960403740243196e+00
1.998386922179068659e+00
1.996735057577742278e+00
1.995250565415338961e+00
1.995663001466319919e+00
1.992798397179788461e+00
1.993363049929069319e+00
1.994101364407417254e+00
1.992809354006015443e+00
1.991648237502235963e+00
1.992078018617256641e+00
1.986699657784082751e+00
1.985986616676747918e+00
1.989272668473885064e+00
1.989431014190610414e+00
1.988013763058319006e+00
1.986076678450038768e+00
1.988024569998662727e+00
1.987787326167760993e+00
1.986589924557248921e+00
1.984645175251875893e+00
1.983898873364116078e+00
1.984510939341347147e+00
1.981904885140443939e+00
1.981060542138215252e+00
1.982072599973515814e+00
1.981689452303329047e+00
1.980629666383246335e+00
1.977699103090846844e+00
1.979190982731688919e+00
1.977942908686703749e+00
1.978823292610562667e+00
1.977318857197437829e+00
1.976323739042852301e+00
1.975770548045167496e+00
1.975260320844579809e+00
1.973405191466300890e+00
1.974812878402032457e+00
1.973054338141699171e+00
1.972515807959425604e+00
1.972331944320558472e+00
1.970038328178339126e+00
1.971120248365066496e+00
1.968880731522068883e+00
1.969820008805439837e+00
1.967890823612305828e+00
1.968205985556328530e+00
1.963439342041100044e+00
1.967226140780734545e+00
1.966878262357066864e+00
1.964993949179306254e+00
1.967939415400708603e+00
1.968409945793817561e+00
1.964803076557555928e+00
1.963174662822150029e+00
1.962709853495138379e+00
1.960867395936504609e+00
1.959144293691281513e+00
1.959675137504490738e+00
1.960275085275459794e+00
1.958793382684000717e+00
1.958244879091596502e+00
1.957641520946883151e+00
1.956040732308618413e+00
1.954631100808487121e+00
1.954612764020720483e+00
1.952853718314611964e+00
1.954293933528487015e+00
1.952668150314318618e+00
1.952838307009924890e+00
1.949699255347296933e+00
1.951447360096787653e+00
1.950523226532089760e+00
1.940214523809820069e+00
1.949911931662874132e+00
1.949227365751112551e+00
1.948378062895912421e+00
1.947894577506758429e+00
1.947646012831404150e+00
1.945447141596312379e+00
1.945724988162844449e+00
1.944763263161297884e+00
1.944304288055221264e+00
1.944504862857066918e+00
1.940781907590854560e+00
1.942032443022795762e+00
1.937822279808768755e+00
1.941561537699759699e+00
1.941809626551459944e+00
1.932073561404403561e+00
1.939579526013498478e+00
1.938506790907497113e+00
1.938404245643975621e+00
1.935953994828354174e+00
1.936616486179364216e+00
1.935652500862873771e+00
1.933684425813031016e+00
1.935195905165072006e+00
1.935145508027555028e+00
1.931992994580581158e+00
1.933839212162841603e+00
1.935218366595464090e+00
1.933594130992503990e+00
1.930944813565774520e+00
1.932192877544541831e+00
1.930079597774241540e+00
1.929421768684908223e+00
1.929580976269912984e+00
1.932230003318051947e+00
1.929053817575636209e+00
1.928500635617482528e+00
1.928203885402027584e+00
1.926559279551564918e+00
1.928471465332892265e+00
1.926164278623811121e+00
1.924512019926984729e+00
1.925293906658560816e+00
1.921321892358129224e+00
1.924294918248005137e+00
1.924728201240723413e+00
1.922397526943410373e+00
1.923129405502296274e+00
1.923108890382899006e+00
1.922505595246174259e+00
1.920237167580302495e+00
1.921057359915096185e+00
1.919732355722332917e+00
1.920409687518763731e+00
1.918497206288316104e+00
1.918817415774985768e+00
1.917481598599295456e+00
1.915454780056765394e+00
1.917073794455373736e+00
1.916874230136316637e+00
1.916524559899955404e+00
1.915950503813552475e+00
1.914407141826402148e+00
1.919280128953859466e+00
1.915591176955819597e+00
1.914190314059598386e+00
1.914308952061023472e+00
1.913722454250787131e+00
1.912234925168959210e+00
1.911917941917723462e+00
1.912216983429725792e+00
1.910232336776968243e+00
