9.861097822879146824e-01
6.046924729128623222e-01
1.752621450689249238e+00
1.806778895495144033e+00
1.494796835763553933e+00
1.257579592799997759e+00
1.058785253112140001e+00
8.923533371892220512e-01
7.503263945595718409e-01
6.417474726268894702e-01
5.411450660466713414e-01
4.660054729183682465e-01
4.034669710626535566e-01
3.380257996395021336e-01
2.987729925055037650e-01
2.633388780428070342e-01
2.236430731540199335e-01
2.005141575929017261e-01
1.668082899483154524e-01
1.535784744118508238e-01
1.407629995374393983e-01
1.180708724818387706e-01
1.100742046849878530e-01
1.034245629347334966e-01
8.429429227483173359e-02
8.368077857454059298e-02
7.810148626721949427e-02
6.613713042632665684e-02
6.708576469295977895e-02
6.637367568219489089e-02
4.906165773376746503e-02
5.437092411416888371e-02
5.583173078181809940e-02
2.536982035704416633e-02
4.568687360241630024e-02
4.902331620038626048e-02
5.732431068372133981e-02
4.079129774245984774e-02
4.488701600223269500e-02
2.807401446892834190e-02
3.855723234989649056e-02
4.220073530574398879e-02
1.382688689948771178e-02
3.724552559147811803e-02
4.033835495587944492e-02
2.834739679324244782e-02
3.620217746786974500e-02
3.864047721137900404e-02
1.875718079375062949e-02
3.429261318841526907e-02
3.693491805493099439e-02
7.094818327615455555e-02
3.278367218955681450e-02
3.559931307472374157e-02
7.801970144092870534e-03
3.268996699507301790e-02
3.443141920276395623e-02
5.602504744235352503e-03
3.181923368046113421e-02
3.313863310642785331e-02
3.175134198265662511e-02
3.016032287577706181e-02
3.183539972487601372e-02
2.959683902716808701e-02
3.029312389566944305e-02
3.072652255695512008e-02
5.200669741894582004e-03
2.952253284245985598e-02
2.952252571162860065e-02
2.794400849990218844e-02
4.010046822846135423e-02
2.787322954060848096e-02
3.074799777240145790e-02
2.736880250540616594e-02
2.699985638943243338e-02
1.908597409208019971e-02
2.610224337180596862e-02
2.185801992496470836e-02
1.633085724761455457e-02
2.508402500810444358e-02
2.048192105866881649e-02
2.443980784344569612e-02
2.219071866878134791e-02
4.375417737317059685e-02
2.317814358193356211e-02
1.126605973271552381e-02
2.256991855698020980e-02
2.090786481761701052e-02
2.186331389402195249e-02
2.144724992718317555e-02
2.019379718809184016e-02
2.071034046846393500e-02
2.020373746613083818e-02
2.153086433137301262e-02
1.992283281379985185e-02
1.898888680409959590e-02
1.925604415274571185e-02
1.909686938138481851e-02
2.045206833013276521e-02
1.858459179460844948e-02
1.864495690165710040e-02
1.810393100778252828e-02
1.318879017463815521e-02
1.765097557685447668e-02
1.447548425314888233e-02
1.713957394498418288e-02
1.689575052171579661e-02
1.417795232145907872e-02
1.644109284750230535e-02
2.107807116546280349e-02
1.753614961896499819e-02
1.576340483083422603e-02
1.603333218291723081e-02
2.352625069645738337e-02
1.533922190795207474e-02
3.509136343938550756e-02
1.466386123441266141e-02
1.427066812549226266e-02
1.640949015891838766e-02
1.454914419186925656e-02
1.576325264796535341e-02
1.670377052569645485e-02
1.993699173339071040e-02
1.407617137072662492e-02
5.414808243726076768e-03
1.358913041908464160e-02
1.388470535999225715e-02
1.215986576049471815e-02
1.347031945955443760e-02
1.646993402543099616e-02
1.373110070488532675e-02
4.862252597447494322e-03
1.331686270945271929e-02
1.220480260191214583e-02
1.337884328639359598e-02
1.303221097800553833e-02
1.287702129588511914e-02
1.306322804396702585e-02
1.586694724410336876e-02
1.395367224639449018e-02
7.994191652464665079e-03
1.297667033306019839e-02
9.943080195680811806e-03
1.271248671523839309e-02
1.416613497629628897e-02
1.264473030587121363e-02
1.377096408541411340e-02
1.322697194522925307e-02
2.592204009819645827e-02
1.248970930364043906e-02
8.828221576368016493e-03
1.267896511722269547e-02
1.172150929184958418e-02
1.232379288743183469e-02
1.288725890503579150e-02
1.349466510452629331e-02
1.209616990480930424e-02
1.235935575036279863e-02
1.208299305034756140e-02
1.469531536598789670e-02
1.174272675649627035e-02
1.067542624257148201e-02
1.336979903419881731e-02
1.185969639733118301e-02
1.269369031995205149e-02
1.196871515018353531e-02
1.193570189367824767e-02
5.958653823502034312e-03
1.113390189800027297e-02
1.129488462532933848e-02
9.192738932932285889e-03
1.114839631037151287e-02
1.139542128116284581e-02
1.084900354769455753e-02
1.112668121870209227e-02
1.193245499628178483e-02
1.096434756771719546e-02
5.520792446640348031e-03
1.077755389063177888e-02
1.078637539444817980e-02
1.052757684476491630e-02
1.077284353130631388e-02
9.944897372155505483e-03
1.356496478654146617e-02
1.068425498801304704e-02
1.065090429125414850e-02
1.045635332389536695e-02
9.684369546811739948e-03
1.040870793110682327e-02
6.461625957944357873e-03
1.190236708626508585e-02
1.242519433131449372e-02
1.013229582162284738e-02
1.007844954121328747e-02
1.051988464376594698e-02
1.100809137443938858e-02
9.984275831539666038e-03
1.078459683708313070e-02
9.946424881620495942e-03
8.964110260804377187e-03
9.817451881927266935e-03
9.835309181666654355e-03
1.254808857627793921e-02
9.671101235311941463e-03
1.023193337558938286e-02
9.931095198737097118e-03
1.002817335472230668e-02
9.299299535191037774e-03
9.782923243496104149e-03
9.531408502381875578e-03
1.136955743316013859e-02
1.165068244843146632e-02
7.559104741415502426e-03
1.068316205097060746e-02
7.692817461143448311e-03
9.517149028846157155e-03
9.183107777993387844e-03
1.149397356374591214e-02
9.066190397769546480e-03
1.077996379462598311e-02
4.494158645459818240e-03
9.452013085364547457e-03
9.007090886449256595e-03
1.140235960454305877e-02
8.642663750289283908e-03
9.673450018969168354e-03
7.864334797163927485e-03
8.360928096269072685e-03
8.630713938946966979e-03
7.336855910774275208e-03
5.818023026247560840e-03
9.311151033385329373e-03
9.470936004210665782e-03
8.824375835566760501e-03
7.787573452042015690e-03
6.139645987950765466e-03
8.408307272435019269e-03
8.012470222244364240e-03
8.338197506986239765e-03
7.875695594513608747e-03
1.201780760859817027e-02
1.121699970463033158e-02
6.229637842629033931e-03
9.849933097207295984e-03
8.541708406752371655e-03
7.310827859315818800e-03
5.672641629029815183e-03
7.856659752864010929e-03
1.065092681728776677e-02
8.015452445174309909e-03
5.551569178362932185e-03
7.796436628047068683e-03
7.871972443350657919e-03
7.670701881901638777e-03
9.714350004877201142e-03
7.778314275813377927e-03
8.159615903241922499e-03
8.067951915027482893e-03
6.907252165264504348e-03
7.549651525245744572e-03
7.636782382198198382e-03
8.760121345914514968e-03
7.245420646174862561e-03
9.353943698641013077e-03
8.105375052951641068e-03
6.593019933319134093e-03
7.512727854008152684e-03
8.423777730416890513e-03
1.505035518811350011e-02
6.754064109079106586e-03
9.486511343161845716e-03
7.027601527373526433e-03
6.910939486862168260e-03
7.285965703639932928e-03
7.053361546530783482e-03
6.415695829724426223e-03
9.946996385819325756e-03
4.775784431171710247e-03
6.878517117976760097e-03
6.742834846626613934e-03
6.706790559558781055e-03
5.769718267894996186e-03
7.244894237944035122e-03
7.053530565029365006e-03
8.051828181134300724e-03
6.629627034425436376e-03
7.267061298617277613e-03
6.903580415630377644e-03
6.632898740528777974e-03
4.157040524000250176e-03
7.583461644495594588e-03
6.651876361281101532e-03
6.184995264616113299e-03
7.819069369904101813e-03
7.111505445534318376e-03
6.471831326832061353e-03
7.166414412030055331e-03
6.344825098217859310e-03
5.879321236934363475e-03
6.229496310511371121e-03
