9.009315441257231827e-01
3.636531509608538215e-01
1.603844341630400461e+00
1.912987780003526872e+00
1.392833266506241729e+00
8.631123163732173920e-01
5.286646479547629784e-01
3.327812116724215286e-01
2.197209762230789010e-01
1.535442494493553245e-01
1.129136169474716095e-01
8.598264448349463018e-02
6.665726619537593045e-02
5.198777902117134725e-02
4.055419240272224030e-02
3.160855380734000492e-02
2.467135218065326027e-02
1.937248121681522245e-02
1.539270381486112886e-02
1.245262858303801921e-02
1.031030516415541547e-02
8.765813582351894909e-03
7.660674515235942582e-03
6.870728532929732887e-03
6.559357218732923302e-03
5.961941718117638386e-03
5.986518220306370937e-03
5.472805170757779301e-03
5.016451465190573458e-03
4.201339654599411250e-03
4.339485345793471678e-03
3.121144407530977456e-03
4.710673454939133531e-03
4.563676646256112877e-03
1.456295549197569395e-03
4.360503208254818720e-03
3.388921240843026546e-03
4.330896577298999281e-03
3.988291906673214517e-03
1.791691380123820211e-03
3.164262308054098874e-03
3.944411989864895010e-03
2.829405883728365774e-03
3.408555832727611003e-03
3.264811221121091765e-03
6.168939274388903111e-03
1.172228062271461844e-03
3.119365664664240125e-03
3.145788501825042514e-03
2.513710047514392323e-03
1.339639074743659069e-03
4.050420838583139449e-03
2.454460185265191531e-03
2.760577011890591546e-03
1.331135036867620502e-03
4.968591643845769734e-03
1.400579524382280887e-02
2.471158945528492516e-03
3.089282623530884963e-03
3.084483514161448937e-03
1.047004150887255632e-03
2.672368058704704778e-03
2.283810216600210257e-03
2.314497139863591624e-03
2.500185887399516971e-03
3.720788558915461702e-03
1.504911346753708698e-03
1.922335341964952725e-03
1.024524910140160380e-02
1.604691378343287792e-03
2.623568097267028366e-03
1.049008294778875283e-03
1.042445554381941746e-03
1.338023023037857246e-03
3.060176383541393479e-03
8.828101388682976086e-03
4.953707502907430012e-03
1.136562599862375213e-02
2.986216689748702902e-03
8.918913557199722661e-04
9.359753869180745343e-04
1.026871328366717661e-03
5.788241385554480662e-04
6.174068843053788459e-04
1.063269935896593230e-03
7.505580164251108568e-04
8.204448602907602134e-04
9.079544240120786258e-03
4.157047661894733986e-03
1.227748308612154789e-03
7.277612296453625680e-04
1.488851699098261072e-03
1.463310079491536618e-03
2.017654095628871810e-03
3.923871973111085960e-04
4.710151663833083650e-04
3.571587855612162266e-04
4.510902389112987285e-03
4.263961591836772438e-03
6.325582048194571547e-04
4.040454179546156444e-04
3.425787869347130324e-03
9.691850711466426255e-04
8.500620100518875523e-04
3.880137607424191323e-03
2.475365198042903461e-04
1.500785823672342277e-03
4.403872976921630045e-04
3.633934665226448268e-03
7.397905685093401906e-03
3.396622674645527560e-03
1.497507633256793709e-03
2.686856548843779072e-04
2.107909153170496944e-03
3.290877035167722245e-04
5.033652731295439140e-04
4.103787206645323157e-04
3.980302448199302340e-04
5.707367528707793557e-04
6.135845166297358710e-04
2.827302670044198364e-03
1.180402729911420034e-03
3.123769179400502898e-03
5.777788421489330264e-03
1.973798972092025931e-03
6.901373879815288041e-03
2.514089036771796387e-04
3.499766515517722227e-04
6.590890071497712988e-04
4.985326959826066060e-04
3.335568361453498335e-04
1.559964822601478526e-03
1.739079031745651175e-03
1.447573359163225378e-03
6.716542744356391887e-04
1.070854786923344619e-03
9.152340272337792636e-04
1.463242708097262047e-03
8.506910398422910238e-04
1.721649853636713951e-04
2.607521126278708207e-03
2.431288730420181569e-03
1.128268885673253900e-03
3.874562689619518840e-04
5.857075680255170117e-04
6.225467502817492440e-04
2.241943607523636797e-04
3.629957624933077137e-04
3.752845911396811306e-04
1.331004499905667640e-03
2.741190728805095820e-03
1.677717914677201829e-03
3.246200288740610715e-03
1.937881873677349239e-03
3.250269707634728233e-03
1.238058105820136721e-03
2.528752689788348724e-04
4.543881423314768595e-04
1.939475113418994378e-04
4.691103308748427827e-04
1.038181267088621618e-03
4.842929937539508642e-04
6.069725308164029658e-03
2.355573739725050440e-03
5.196451682005119414e-03
2.512042619294386310e-04
1.509172711684972758e-04
5.148688607312931287e-04
1.509854003494003245e-04
3.153029436881488786e-03
2.439190035817047179e-03
3.011248005212190711e-03
9.611521184906046461e-04
5.144026693154195610e-04
8.419492108970154940e-04
2.060314409596823628e-03
7.708068460599005979e-04
2.580813455237273603e-03
2.331254404774412824e-03
1.112689446814775973e-03
2.757528862928422704e-03
1.322997118952590418e-03
1.859398846297502408e-04
1.898772757272847254e-04
1.876225810501106416e-04
3.675228105462909566e-04
1.286671635973331426e-04
4.965410944810514293e-04
4.294635125717126043e-04
4.233601616700344685e-04
2.497332733054508373e-04
9.451087954331730554e-04
1.259417380722422427e-03
1.799967524119264022e-03
1.025796648005629667e-03
2.392091060418381071e-03
1.003019923444548218e-03
9.529933674186871241e-04
2.172104261024062233e-04
2.326041693730517414e-04
8.164257054208525540e-04
3.726878079793934789e-04
1.696212278582635152e-04
1.592303070981810698e-03
5.815126410034088386e-04
2.480700949460641364e-03
3.828881244285895673e-04
1.786279031252634153e-03
3.087947964260550813e-04
1.951345478101352508e-03
1.839235808783610225e-03
1.889213354544263786e-03
2.107004349075515884e-03
5.491060144181073846e-04
3.376415336859591018e-04
4.189178490024930246e-04
6.077796692401635269e-04
1.066967514891667542e-03
1.181382663153118925e-03
1.782459776969914748e-03
2.945649211696074244e-04
1.487386056144720864e-03
2.027646936023697489e-03
3.622386926339251191e-04
2.387821094176812060e-04
1.629416890601275304e-04
4.409780320416343928e-04
4.887254613832876619e-04
3.795646117605392398e-04
7.990043384276906795e-04
9.048938172349725497e-04
1.787877472886059953e-03
2.631819843532582411e-03
1.513382833915146320e-03
3.682910819692915717e-04
1.297270200460658596e-03
5.944526303173611106e-04
2.617375231718634208e-03
8.096603730964711679e-04
1.600411228794731792e-03
1.245998442760486375e-03
2.310031046977607284e-03
1.077859309958517425e-03
8.422723294332230262e-04
2.917505361006933039e-03
1.419331482276745254e-03
8.386966225220346752e-04
1.169299845338981486e-03
4.345463425837693596e-04
1.362442821838400668e-03
6.555455636087479960e-04
5.000698931809362344e-04
4.781310255154548952e-04
5.564035128665515469e-04
8.083557456223431324e-04
1.293850009038590874e-03
5.057377158626546630e-04
4.885961884627972301e-04
3.455166573417212334e-04
2.176695578633783441e-03
6.912492823461058138e-04
2.309149561837431103e-03
4.419317732998564487e-03
1.220381401019352474e-03
1.403951343198606540e-03
5.554350204888592636e-04
7.463546852395596103e-04
7.776367728525449344e-04
3.075139007435101317e-03
3.744615392631415410e-03
4.001755405956005751e-04
1.025386357137944527e-03
4.435427297483704586e-04
2.032945951549932576e-03
6.839915856550744626e-04
9.616943681838064934e-04
1.115135046722311521e-03
5.156105248765200733e-04
6.645075437131769654e-04
5.359689705547323419e-04
1.126751596805641853e-03
1.214172077959257664e-03
1.316097008220069821e-03
9.563923394376889217e-04
8.612297202544990857e-04
7.777610378742397376e-04
5.981881397572988727e-04
2.081298590658524784e-03
9.038170106927097486e-04
1.004430546165889591e-03
8.045401665207976578e-04
2.610380619124532276e-03
9.631458976453589720e-04
3.702797770697847631e-04
8.206320503771930442e-04
3.249179202689809857e-03
1.707255091185312526e-03
5.145299201561665458e-04
5.447192818588284186e-04
4.342455791736999802e-04
