1.124440647711004271e+00
6.309488343044348246e-01
1.550542024142025355e+00
1.271987811361570575e+00
7.490524733983153771e-01
4.324803899400999074e-01
2.671207252177962288e-01
1.815942711057965120e-01
1.327276676514226317e-01
1.008072138814511132e-01
7.780958124795459008e-02
6.040247075119079684e-02
4.712592402316692630e-02
3.722776451044273321e-02
3.009292998276251463e-02
2.507511828464172379e-02
2.155010936084254466e-02
1.900422111429926966e-02
1.706708565308710790e-02
1.550606609171072993e-02
1.418129231776421237e-02
1.342121289440876240e-02
1.188628293216597263e-02
4.889396877816384532e-03
1.002761938276267549e-02
1.108908387460003434e-02
8.553000916410759616e-03
8.663394783313091083e-03
7.459398930215667411e-03
6.843811043666228611e-03
6.522049491529516123e-03
6.034889585853885248e-03
5.295682806687674465e-03
5.265593807537933928e-03
6.583038088823980546e-03
4.630709496006995239e-03
4.394046706771075235e-03
3.877279438598073627e-03
3.894773504417720078e-03
2.385201073992805360e-03
3.406979279332784851e-03
8.570570273276642212e-03
2.946579396424261425e-03
2.890615574056204940e-03
2.489509695899946168e-03
2.084850440891762406e-03
2.931413079079683674e-03
2.067982285270837228e-03
4.753384924112488176e-03
1.147943354166195079e-03
7.054510711643961589e-03
3.682311890716038431e-03
7.919581829173600197e-04
3.384434095974960151e-03
7.766250653922810799e-04
1.179958509628294258e-03
9.292796137933456626e-04
1.809905162790860110e-03
1.191038239229922496e-03
7.744341661664624205e-03
8.532839607366339476e-04
1.165000807579897506e-03
1.578163088923011147e-03
4.395745548737348802e-04
2.124613708831417196e-03
1.094397039205009673e-03
5.930165887890951996e-04
7.050736879454271716e-03
3.379625714836552615e-03
7.634940885659679058e-03
2.339768272062790581e-03
1.604103090281188511e-03
1.116168745250767629e-03
3.265646886007180579e-04
8.782224888221632029e-04
2.917342057061700269e-03
1.179812678961757611e-03
3.783715027683855312e-04
1.957935014326181358e-03
6.279169217191917472e-03
4.401470527920202554e-03
7.811284140329312776e-04
1.605877109274659329e-03
3.895380269248270967e-04
3.394455743586917949e-03
3.118396501421177749e-04
2.232472303678006021e-03
3.886159620407189305e-04
2.885658843057819882e-03
5.625428736095896935e-03
3.937432259699670881e-03
3.164006031392044803e-03
5.852395091975038516e-03
1.062826420725989859e-03
1.193646143711747393e-03
2.224525762169329585e-03
3.252887653592918382e-03
7.560020613162178778e-03
6.618924848246208505e-04
6.189125798712106184e-04
3.678081601954573897e-04
2.071005866038570179e-03
1.517351288898613699e-03
1.372899356285575386e-03
3.359504080893215439e-03
9.686195276407504181e-04
4.183115488583243904e-04
4.863326005486976497e-04
3.800606648980062608e-03
6.931225459920092088e-04
3.579391876743088087e-04
1.282424419807842242e-03
3.799058036911660916e-03
7.839995304065032911e-04
2.318632915381922763e-03
4.696096542835176413e-03
1.132999573054746653e-03
3.631161324254975672e-03
5.951583316338545293e-04
6.218823844740601530e-04
4.895201978334797572e-04
4.939992914101512186e-03
7.490928314058615048e-04
9.771477234498970356e-04
8.436843425993454130e-04
1.139243862416300119e-03
2.631711706071673471e-03
7.065091400612538491e-04
3.537453739396110826e-04
8.913893361436626278e-04
6.962386244051635984e-04
8.161389530131876778e-04
3.587527931734228802e-04
5.375499984202462313e-04
5.072967176224569934e-03
1.332248712932450341e-03
1.920375403644889855e-03
6.051848885101418019e-04
5.883768807220160664e-03
8.950716568287318082e-04
2.162865478259904696e-03
9.368272491560716364e-04
1.032192262876047454e-03
3.143627516633082527e-04
6.278703755589517665e-04
2.591960423951675339e-03
3.620760778842207952e-04
7.954687115305918458e-04
2.085545529937221122e-03
2.838015607384841363e-03
9.300919347449883041e-04
1.349311511265444217e-03
1.584383179497168620e-03
8.918587425054908327e-04
3.919630428998140191e-04
4.262748503121470607e-04
8.896909394517753256e-03
2.617321034026438495e-03
9.818547591205898858e-03
5.030056077181119982e-04
3.900723869999834256e-04
3.358695070108170980e-04
2.034469826496544502e-03
2.005069624687116220e-03
5.844563507667412117e-03
6.886198586208440355e-04
3.336070656734648008e-03
3.311551915971425262e-03
4.519697069216604057e-04
8.520702078153547876e-04
8.423375418292105904e-04
5.099247060029422299e-04
1.988058736358823322e-03
4.898158534035599492e-04
9.784410463993472879e-04
5.557081867135767010e-04
9.951722535044631949e-04
2.633574046376840699e-04
3.095721472334659078e-04
2.035488926438093840e-04
9.496869807519832049e-03
4.391005165776890929e-04
5.307010941302778588e-04
9.067757063005727879e-04
9.589015909008578257e-04
2.268848247663621340e-03
1.803615177712435645e-03
4.301779764702721651e-04
5.140513002728543937e-04
3.522998155383591577e-04
2.435265432688573219e-04
5.229074127076858156e-04
4.818982941906015940e-04
8.073136889164640641e-04
4.322613196775607091e-04
5.991018114259713317e-04
6.295293001555250919e-04
2.706672015617152239e-04
1.099459920200706762e-03
5.963165939363555563e-04
1.209788193994410432e-03
1.551599114818496584e-03
1.134689860580353213e-03
1.250479603252181368e-03
6.306096181842010817e-03
6.264184822412083428e-04
4.093503806933392140e-04
2.386705407923534882e-04
5.399917337789015464e-04
6.234566209939395275e-04
6.556309204291373496e-04
6.454877446923002653e-04
7.930215867404784508e-04
1.711560283343349208e-03
2.950299626065080506e-04
1.998072016731989101e-03
1.374971003172222907e-03
5.762875297033923485e-04
6.565908558465196037e-04
6.555752842598445420e-04
1.044745658316583239e-03
4.522193474345540150e-03
7.724021800709871422e-04
4.654805434569937576e-04
4.091732658316920884e-04
6.339114509385022737e-04
6.404482617758303466e-04
1.134604523127516777e-03
2.963439816501826549e-04
3.107028120267089650e-03
6.904628073713683055e-04
1.589636522629484568e-03
6.553975995664888506e-04
1.126148920582573489e-03
5.642140767881912052e-04
2.767420501909979651e-04
1.277764922018403927e-03
5.847427472290788169e-04
6.233979627434163822e-04
1.300998378318946307e-03
6.949228249193579185e-04
1.456649896301406106e-03
5.970992022312958608e-04
1.288853811674205889e-03
8.342076845739525423e-04
7.608430364748124076e-04
3.105093304875135404e-04
4.541648417926273142e-04
3.493050970421711018e-03
3.058749958067696721e-03
1.373691376692086179e-03
5.313140192828624863e-04
6.502874356838413703e-04
4.884753158482765031e-04
6.294207038775582368e-04
6.485029099651573896e-04
9.195478263601256693e-04
1.614392062469729343e-03
3.224624931242219342e-03
6.520012915619440019e-04
5.488868929928003137e-04
4.674364735862783331e-03
3.197330831547636702e-04
1.652705520005192091e-03
2.744433483036187119e-03
2.281474989257556429e-03
7.315241975375219282e-04
1.277270122106793264e-03
6.138666725652053725e-04
5.231210619857742418e-04
7.190386499747792627e-04
8.488826067873826231e-04
4.397644971766641905e-04
5.429873720279850078e-04
4.471932476113956605e-04
5.328497267182435862e-04
1.105750047565890641e-03
2.628694821605267757e-04
1.746446744261396025e-03
4.306933860464849315e-04
4.723111092237357940e-04
4.922098649523980792e-04
9.327500425524612145e-04
6.377414556354268948e-04
5.342858401867902696e-04
4.308189935235282259e-04
1.182466988767232876e-03
6.208663670612065994e-04
4.472822748894921007e-04
1.344861611363813237e-03
5.917232683206887466e-04
5.507332088832372864e-04
1.674557284401701537e-03
6.133038014902318690e-04
1.213422376506297518e-03
1.340946752186008770e-03
5.623719164786262657e-04
3.740670349189434505e-04
3.608651327146243735e-04
4.442330330141175767e-04
