1.032641633584210572e+00
1.046540481484142360e+00
1.286452987257760583e+00
1.742559578455685987e+00
1.791525349513069632e+00
1.732503104775320102e+00
1.676570397734574058e+00
1.595254323920253459e+00
1.559721819847896818e+00
1.527368421602938842e+00
1.487000203731114745e+00
1.455217023360073414e+00
1.421606371532092128e+00
1.385011247801954726e+00
1.343434041542056034e+00
1.307441484468360615e+00
1.277785839110119337e+00
1.255370396687516044e+00
1.239749459013108623e+00
1.226877198572144501e+00
1.219529941351000124e+00
1.213667078978791336e+00
1.211239109063951602e+00
1.211873445274743721e+00
1.217224222930811450e+00
1.228274776159990145e+00
1.245258005011388613e+00
1.265916231138793036e+00
1.292710716335304655e+00
1.316761367052034615e+00
1.344077627388107876e+00
1.371705881414203132e+00
1.398844695067247512e+00
1.425811042168898535e+00
1.450755735722550899e+00
1.475719529740697977e+00
1.500604731358481159e+00
1.522997370646068216e+00
1.541602241077576707e+00
1.558785227730979273e+00
1.572709036504926772e+00
1.577689611314889051e+00
1.578839936434964342e+00
1.571675439015711495e+00
1.556202368502789923e+00
1.532484513015313077e+00
1.500458091667143945e+00
1.461212176219979231e+00
1.416157542589979723e+00
1.369416729787306553e+00
1.322276204301909841e+00
1.278792419830517835e+00
1.242331939752262748e+00
1.218186078857752097e+00
1.208833355958101041e+00
1.217816383779011691e+00
1.249285420806826696e+00
1.302253669584117812e+00
1.376806499756043412e+00
1.473221689052634842e+00
1.587966449396443602e+00
1.714121146627673786e+00
1.854074152479845194e+00
1.999284306480503925e+00
2.151126679660951613e+00
2.304303268497492674e+00
2.457037919943724003e+00
2.607482806412931620e+00
2.759698561815139062e+00
2.909528984902269855e+00
3.056074372169923947e+00
3.197181345860231172e+00
3.337543824434684669e+00
3.474980435427697856e+00
3.606680470868430799e+00
3.731087347900138074e+00
3.863671799659740724e+00
3.983414338393421072e+00
4.103375771789835369e+00
4.212841807596454657e+00
4.328643987418356431e+00
4.439368598077277461e+00
4.538006781811727564e+00
4.639131422047105602e+00
4.734007840756095931e+00
4.823580736012003101e+00
4.913979226304117098e+00
4.995797646758099120e+00
5.075365174838908366e+00
5.152673415910663302e+00
5.222555619905834945e+00
5.290293530922071774e+00
5.354188478707303744e+00
5.415073775690308011e+00
5.475075442634564027e+00
5.531337563076637487e+00
5.578225988098277632e+00
5.629577422680929644e+00
5.673432195464859440e+00
5.713984176902455303e+00
5.760329802304879010e+00
5.800565535264922801e+00
5.839299057308829255e+00
5.878369274693407753e+00
5.917804186681563827e+00
5.958152650367796177e+00
5.996103061650883248e+00
6.037005853336841810e+00
6.078703545400274244e+00
6.117373375466396368e+00
6.159590097611931547e+00
6.207245985206276018e+00
6.248175099594340587e+00
6.298865832185555291e+00
6.340702090055194695e+00
6.387459205024288877e+00
6.432525659034504351e+00
6.481446350376621091e+00
6.538966098228629953e+00
6.588912474104450467e+00
6.639712758890094157e+00
6.689459670537338809e+00
6.740708675363956459e+00
6.792639677871835424e+00
6.847528785579059196e+00
6.900048186287188301e+00
6.952254143490126381e+00
7.008595002903407867e+00
7.056397080636415353e+00
7.109493702859433384e+00
7.160315128012428865e+00
7.212205068547771880e+00
7.262936258600279693e+00
7.307384564822468676e+00
7.362977404134482207e+00
7.411626431845394158e+00
7.454785876956529833e+00
7.499233736812322526e+00
7.545871897001187989e+00
7.586937717011917215e+00
7.628787489073989292e+00
7.670329189482060883e+00
7.709729784980588363e+00
7.746847537748359436e+00
7.784672913184555121e+00
7.819683059885248255e+00
7.854408351909039965e+00
7.888651461931003084e+00
7.925557871704696389e+00
7.959100566264282861e+00
7.993442729963104121e+00
8.029441965122307678e+00
8.057196773873332774e+00
8.091445619623453211e+00
8.120097507620606336e+00
8.154154261535126125e+00
8.184871589603389452e+00
8.211648897678438530e+00
8.242100145942869105e+00
8.271443197104758838e+00
8.300174283637009154e+00
8.330512769258390904e+00
8.363297308273297759e+00
8.391714230914784522e+00
8.423381981602503288e+00
8.453135410989089493e+00
8.485479491912956362e+00
8.515825318389026677e+00
8.544575222361139311e+00
8.582062321730498766e+00
8.610480234897314844e+00
8.642346611731841932e+00
8.674026785570232434e+00
8.707144998784658085e+00
8.737894243185619914e+00
8.769753331344729119e+00
8.802812601807037396e+00
8.835072094824086619e+00
8.867622946425635533e+00
8.901611083224176824e+00
8.931424412361485210e+00
8.964215259323275120e+00
8.994319107615899256e+00
9.022915572685629826e+00
9.056756181177094689e+00
9.091061374769477510e+00
9.122531921086737938e+00
9.150171468324680646e+00
9.180723392919512449e+00
9.207735359507850603e+00
9.237111456722981728e+00
9.268629233147715141e+00
9.293445485065797484e+00
9.322654597589277614e+00
9.351910883685000897e+00
9.375033803146610722e+00
9.398584645508242019e+00
9.425422689069336002e+00
9.451672179613231251e+00
9.473482513050786480e+00
9.497250353341401663e+00
9.521998774182634406e+00
9.544173275179108629e+00
9.564983237339184541e+00
9.584808733084381416e+00
9.610159356907210793e+00
9.625516470494668297e+00
9.647125364237464140e+00
9.663582007712511412e+00
9.681519468784134830e+00
9.697668099922569951e+00
9.718518678764706209e+00
9.734075746612965929e+00
9.752735465549912774e+00
9.769678956449492802e+00
9.781427956428341730e+00
9.796789297449311817e+00
9.811561635981410845e+00
9.827259363815421978e+00
9.841630650387150681e+00
9.855237915059911202e+00
9.872671550280921693e+00
9.880987552778639937e+00
9.895355933068175958e+00
9.906754207739590257e+00
9.921150576855382042e+00
9.930800441199043149e+00
9.943700750841236058e+00
9.954512835576817764e+00
9.968458096981731131e+00
9.978829553573035582e+00
9.993700227471299158e+00
1.000394382711018615e+01
1.001311383367465169e+01
1.002785286735721293e+01
1.003914080888170623e+01
1.005086945871311066e+01
1.005978304144462676e+01
1.007186809155122909e+01
1.008586769973211439e+01
1.009567660229068053e+01
1.010719372047419817e+01
1.012089133640322558e+01
1.013309738050956277e+01
1.014139308954709762e+01
1.015655792945768532e+01
1.017101338502939178e+01
1.018317423986152015e+01
1.019885879867572420e+01
1.021256528112648532e+01
1.022311632872374432e+01
1.023858132082771810e+01
1.025525827323275330e+01
1.026921171422769241e+01
1.028388990652799073e+01
1.029967815590942060e+01
1.031358445250676148e+01
1.032565053383688891e+01
1.033730884116446092e+01
1.035682413892678078e+01
1.036895160933741167e+01
1.038163400198812347e+01
1.039891480798807599e+01
1.041159412320066302e+01
1.042673996037966511e+01
1.043924321598207960e+01
1.045448232610240780e+01
1.046992296881001216e+01
1.048556414253418367e+01
1.050085152327122628e+01
1.051671055699599044e+01
1.052660560845387216e+01
1.054128814038421602e+01
1.056070127867377195e+01
1.056956281324431046e+01
1.058456442371192452e+01
1.059838334656089032e+01
1.061022562373135614e+01
1.062774616059181554e+01
1.063945331792213622e+01
1.065627413834321224e+01
1.066536684844530569e+01
1.068196103292567400e+01
1.069385798739775595e+01
1.070860325094060528e+01
1.071804438148206806e+01
1.073520768630004518e+01
1.074821190477461386e+01
1.075765896453266990e+01
1.077134661564512008e+01
1.078230816058171904e+01
1.079589575428941295e+01
1.080477961095779804e+01
1.081912141209097555e+01
1.083230712182963096e+01
1.084202932821242982e+01
1.085293554309086694e+01
1.086209024579852134e+01
1.087088425193006103e+01
1.088103236860851197e+01
