1.022925127038725179e+00
1.129183560902395023e+00
1.424669125237050693e+00
2.144457556055068270e+00
1.728129406485269248e+00
1.297324407744563590e+00
1.062371247943764363e+00
8.411750413837619789e-01
7.479668111546660114e-01
7.209959472716048756e-01
7.286708059934081660e-01
7.563711474161927129e-01
7.999350160027723922e-01
8.533860205082022254e-01
9.104547223541311629e-01
9.659965636208220907e-01
1.015980604887322780e+00
1.058420218577557748e+00
1.091885565768357269e+00
1.113888656397594268e+00
1.125188736907763554e+00
1.121080811457308979e+00
1.093605510418638405e+00
1.027624759192129034e+00
9.160778252330518123e-01
7.531390534190814945e-01
5.966050150062398583e-01
6.368152971646642291e-01
6.431519826666536321e-01
4.985407524268657964e-01
3.948070523829135259e-01
3.216327791016928561e-01
2.229159958226011873e-01
1.955568190215434821e-01
1.497910767550580668e-01
1.170601558618040300e-01
8.997384074778785878e-02
7.139984404744496860e-02
6.439706849143340961e-02
4.889360776725422408e-02
3.948889233143789562e-02
3.701903631358304664e-02
3.570354661434174681e-02
3.045360721745913463e-02
2.948339779435148536e-02
2.684205254552046380e-02
3.161590823679937684e-02
2.465744312798054394e-02
2.374324056803924637e-02
2.323462888552472322e-02
3.220357578687695760e-02
3.872863866437099151e-02
2.301847624425997288e-02
2.273882554729117836e-02
3.489505189207105923e-02
3.115947146067259838e-02
4.714872574219947099e-02
3.060654216123083124e-02
2.840990837230477836e-02
2.948516161770643046e-02
3.697552280864219165e-02
3.727836389709349857e-02
2.534989095649931370e-02
2.709781610257797069e-02
4.966728092450716642e-02
2.948180183456138720e-02
2.312870666176382317e-02
3.574162695015702107e-02
2.735889838693470258e-02
5.017736815643307480e-02
4.116487242853651002e-02
2.042929179970248352e-02
2.890014048899780530e-02
3.673556244812717364e-02
4.727562559189136399e-02
4.168874534665317072e-02
3.613435973152680919e-02
5.129832451904056678e-02
3.698905677975511397e-02
3.121496036966099619e-02
4.052552777140104590e-02
3.446874594845656531e-02
1.670947732508218375e-02
3.796625546618263847e-02
3.289898708195002769e-02
5.836802394308737707e-02
4.846502083877180650e-02
3.146915653802404012e-02
3.665618091458615335e-02
2.258717940548149103e-02
3.783715813357717977e-02
4.773650718259919712e-02
5.670433030973288935e-02
3.917484565003674646e-02
3.372673289198369062e-02
4.121325543146081571e-02
5.266154333423973127e-02
4.599449468596097240e-02
3.380161791111108149e-02
3.945930037647171068e-02
4.133674147987333181e-02
3.965320138355879487e-02
3.548521759807586606e-02
3.746279429724450050e-02
3.860533186672392147e-02
3.596336982215858624e-02
5.095246223245315093e-02
6.794993033588958564e-02
3.695500629324548897e-02
4.964398942801705183e-02
4.843137666605643044e-02
3.810243100000088728e-02
4.586464710349157786e-02
5.463499280012121262e-02
4.468732532637584298e-02
3.583309197372965688e-02
4.125159130655935147e-02
3.875926701366502053e-02
3.252362380163597438e-02
3.762859057129167711e-02
5.767511652446962594e-02
4.121630923533621538e-02
3.597388260835453211e-02
4.964924362537757180e-02
4.591106154978749632e-02
2.785030057369418735e-02
4.261373878863611991e-02
3.239574886871952192e-02
4.542190589480075286e-02
3.791532349347023767e-02
4.234266382106178367e-02
5.039575298826681760e-02
4.367977290681066688e-02
7.333099214591984327e-02
4.236683893338005769e-02
3.529959951848445077e-02
5.771999514178929175e-02
5.588629006583930442e-02
4.219880190328778591e-02
4.231076071828451801e-02
4.520001761357966830e-02
4.846802957553745378e-02
3.749913889136050754e-02
5.247200380968697342e-02
3.884668450091596781e-02
4.022607785380600404e-02
4.532615554638386168e-02
4.036509989010556715e-02
3.271177143752747318e-02
3.898534930342647392e-02
5.136997803386235406e-02
8.479922315298121793e-02
3.914550697105560750e-02
4.655894725471523832e-02
4.271943410060815433e-02
4.451812126984661805e-02
4.141646941086378486e-02
4.600178021552753238e-02
7.560836349897005759e-02
4.660415333353911532e-02
4.225355936653110017e-02
5.051203763392763529e-02
3.579432750007290054e-02
3.995392212875104737e-02
4.090284773282443914e-02
8.276633702682387184e-02
4.075281518246139795e-02
4.540104344571968542e-02
6.139676925613311159e-02
1.050120477854619427e-01
2.514732963235713145e-02
5.423604532999504180e-02
6.930501525944751662e-02
2.910124880176519560e-02
3.100575285892732957e-02
4.904628240957788904e-02
5.256236425299930931e-02
4.468102165204617532e-02
4.500695439723390728e-02
4.842037268429542907e-02
4.844986625443693101e-02
3.790205523224907114e-02
5.159685909048714741e-02
5.213116225703291057e-02
4.731041063849720368e-02
4.969591505583342145e-02
8.531314921434436649e-02
4.418987822943908073e-02
4.798681935274330679e-02
4.543361762023523376e-02
5.179763244221421981e-02
4.652129830293171009e-02
3.756821984569460454e-02
4.564940751332866725e-02
6.781246076185730443e-02
7.777510583767902053e-02
3.889101731575229925e-02
4.491763299296136491e-02
9.185706125882550643e-02
4.236789085328949295e-02
4.130368781875639467e-02
4.651303711540683700e-02
5.186235841873492597e-02
4.195611724757800781e-02
4.762361435682285066e-02
4.105862717567290709e-02
4.197451712079264957e-02
4.721891628663875407e-02
4.879567322444630650e-02
4.559233077578728893e-02
4.812269013772842857e-02
5.109381929611053752e-02
6.456202339723259020e-02
4.268270577558317541e-02
5.195704095894475294e-02
4.687700825305132768e-02
4.767699122870668743e-02
4.999278821795196531e-02
4.790664900618627625e-02
4.941079254841718865e-02
4.813804640732244344e-02
4.703579303266404443e-02
4.985755753855783401e-02
4.799382374160560127e-02
4.517961600181541471e-02
5.167147305429729137e-02
4.154398362043388443e-02
5.089253248804934127e-02
5.491967522863845652e-02
5.151337028638643123e-02
4.419256260488272497e-02
4.973363463451847821e-02
4.874050989360129843e-02
4.927352117868673970e-02
8.071300550465768109e-02
5.520754764018498406e-02
3.914490883429826151e-02
5.058021227494292893e-02
3.601664643828648982e-02
3.830599013582654949e-02
4.137193893626556207e-02
5.244191809754200628e-02
5.430090298346544608e-02
4.092134861776167837e-02
5.122377369713986689e-02
5.443759390292984834e-02
4.429466432681460064e-02
4.873951360156310308e-02
4.622281629605251574e-02
6.454884193690366145e-02
4.072552017195224527e-02
4.706560645886165989e-02
3.881730330790968131e-02
4.145597173445110528e-02
5.386980013869703543e-02
5.154640159921698023e-02
6.255683992021517092e-02
5.367648916482497395e-02
6.568630203599482020e-02
7.498435257830914080e-02
4.747913904763532977e-02
3.785311099391788781e-02
6.402937793887075735e-02
5.153724500251581631e-02
5.001560388531230833e-02
8.136613923973043394e-02
4.822639333225203079e-02
4.016964112821645727e-02
4.761002152323316750e-02
5.670678405108835196e-02
5.257173622199958624e-02
5.989491061905190955e-02
5.172880142752098176e-02
3.080398144482570516e-02
4.402742474954354085e-02
4.075418684237953892e-02
4.025692470183350052e-02
5.305825289986462745e-02
3.436086788067881093e-02
4.622266272695314815e-02
4.860427051651097785e-02
5.273910634145916737e-02
4.120955769605531144e-02
4.780117201526341841e-02
5.149730824488222419e-02
5.027177598513463824e-02
9.149473405048348662e-02
7.657439748540827151e-02
3.367077879659170075e-02
4.178870157332232466e-02
6.224681227127397409e-02
4.296010905077667086e-02
1.134544541211944951e-01
6.976455769425125852e-02
4.571380263852827669e-02
5.748736100059203408e-02
4.835098193297077129e-02
4.866640118852643554e-02
5.074986868372725196e-02
5.208906992719105483e-02
