9.209751138345231292e-01
4.158651174685227270e-01
1.061259057761525959e+00
1.655736818235916674e+00
1.425842711343231706e+00
1.263647327985816471e+00
1.139615829921784229e+00
1.036003582729713601e+00
9.430825430262846920e-01
8.570240651991923864e-01
7.768308922843256692e-01
7.023631934738515659e-01
6.335259595383171405e-01
5.701313450671673388e-01
5.119666243530685001e-01
4.588408182226494381e-01
4.105794375887893977e-01
3.669947372455245604e-01
3.278577659536964783e-01
2.928860477719459343e-01
2.617470561402386875e-01
2.340820552327506632e-01
2.095418977210442846e-01
1.878313246349853360e-01
1.687154965640816073e-01
1.520022740830649088e-01
1.375019908783458311e-01
1.221837868386432824e-01
1.137642262431962231e-01
1.046350870608378780e-01
9.615860636508156978e-02
9.181182011865995918e-02
8.266830103773480098e-02
7.783455058126684256e-02
7.174576892322777344e-02
6.823626301239937852e-02
6.285018409273862572e-02
6.038482545780771149e-02
5.338741436919251099e-02
5.352598511221712263e-02
5.122007475820835459e-02
4.707049444686398770e-02
4.604614136891289899e-02
4.413916146676202107e-02
4.122047741244395241e-02
4.011741172418731294e-02
3.554766101638977965e-02
3.612565667313442919e-02
3.435741694764218868e-02
3.276081021816786010e-02
3.214189571719467536e-02
2.860897776222934633e-02
2.965362259138407119e-02
2.686283540225412048e-02
2.748305154852680524e-02
1.907891297429470737e-02
2.550770092966403793e-02
2.274951760619049745e-02
2.361250929797181763e-02
2.515029307189542082e-02
2.189645054979495742e-02
1.977052959930521506e-02
1.510657107443669732e-02
2.045110492543137162e-02
1.900962479372829417e-02
2.377131594291060496e-02
1.954356056611256456e-02
1.829250299411697145e-02
2.159119247099195935e-02
1.745778603088940506e-02
1.663663997507432157e-02
1.760821352369448811e-02
1.678415039074833415e-02
1.412725290081979189e-02
1.546450510348797332e-02
1.596180219883742285e-02
1.398053524786287138e-02
1.542104780742020384e-02
1.494524881991366773e-02
1.375486089278338611e-02
1.461782551560600503e-02
1.214122996358806168e-02
1.285953410175728201e-02
1.387256224087389175e-02
2.141388556687435704e-02
1.350609185510547906e-02
1.327766202117410671e-02
1.507019083090571816e-02
1.322343649123787317e-02
1.303710302604568598e-02
1.288899210792825677e-02
2.040738869093249377e-02
1.265911272037735513e-02
1.251214885019454742e-02
1.218255511990807075e-02
1.236118475237719776e-02
1.227611689552531027e-02
1.141867255573561848e-02
1.198558789935498699e-02
9.546881451636433230e-03
1.335242674498082587e-02
1.105750991141232938e-02
1.174954451914653891e-02
1.277175065193942444e-02
6.869491923415078916e-03
1.153133257457179990e-02
1.175641779742602790e-02
1.144828312552480416e-02
1.216615708610171639e-02
1.140559467076060658e-02
1.121572199036415321e-02
1.165376403958767390e-02
1.115756885235117367e-02
1.130392337879187331e-02
1.074980953598202345e-02
6.386948265456065914e-03
1.116251169471543965e-02
8.442473042969005775e-03
1.830026170452475620e-02
1.097040059034098958e-02
5.533776662880044057e-03
1.290928130153827687e-02
1.076926015446661063e-02
1.082379818521310953e-02
1.089466094887451761e-02
1.064022575640842690e-02
1.191097622506244805e-02
1.078375966718739080e-02
1.084593526311630231e-02
1.020907004469778952e-02
1.063200865823736747e-02
1.087915224751121075e-02
1.071505559592849342e-02
1.047810577229056454e-02
1.123531368683486700e-02
1.066415406789193374e-02
1.060996825877539781e-02
1.141554411809755573e-02
1.067647227730971447e-02
1.049834774564919505e-02
9.957831208823266292e-03
1.033784186124298357e-02
6.437927789142875584e-03
1.042373832406717597e-02
1.048844094461265017e-02
1.135429659856734136e-02
1.034388313625410338e-02
7.977114419124490749e-03
1.105933468047628869e-02
1.019170271097868258e-02
1.068743434770516934e-02
1.020686864559039279e-02
9.684625285260508448e-03
1.020467468777492420e-02
9.313079078801309377e-03
1.012421641766589157e-02
9.860083992727877722e-03
1.008117649559177494e-02
6.392093069821701973e-03
1.008711388323570504e-02
9.899019763850110121e-03
1.810679900909734422e-02
9.957923066417522992e-03
1.303671058793170155e-02
9.787158243844819999e-03
9.304620262590747315e-03
9.895038078882754592e-03
9.723985278558061260e-03
6.465167828820986631e-03
9.786542465350834760e-03
9.760766232766813350e-03
1.391831280695792449e-02
9.708259443051011142e-03
9.986619112922073133e-03
1.728194316358100738e-02
1.143656725597616379e-02
9.582723437142951634e-03
9.021877885487614851e-03
9.893305169499586049e-03
9.097595283207613598e-03
9.345586492142791274e-03
9.406223430235552060e-03
7.120312635170570822e-03
7.943556174233841818e-03
9.330880623619417988e-03
9.518038623535167442e-03
9.262754000092470949e-03
9.176124764369856385e-03
9.935179534776194393e-03
9.324136558680360884e-03
8.866925642226318460e-03
6.835670282768666409e-03
9.213247102539196681e-03
8.601782375178277859e-03
8.075634283104031474e-03
9.409663916216674112e-03
9.047089184068841244e-03
8.164683154284852959e-03
9.273958277681643853e-03
9.038116286611887554e-03
4.479455896101373902e-03
1.087325859449301928e-02
8.927934953842914592e-03
8.394867844620589048e-03
8.036521568109415009e-03
8.817558255042627288e-03
8.959736659616022655e-03
8.780505787793531011e-03
8.472395549503700107e-03
7.727604395874163208e-03
9.887462446593688753e-03
8.766097442445608401e-03
8.726824962322675752e-03
8.349759130258619863e-03
8.651667866145686461e-03
9.315682296271911994e-03
7.284060946987052330e-03
8.539614164935571336e-03
9.134290778487650850e-03
5.615448695645570976e-03
8.416877237379811680e-03
8.091970682324341538e-03
8.085930450686718701e-03
6.717402004140313014e-03
8.342899941794712504e-03
8.212647848446797197e-03
8.766410377403041632e-03
7.412292637645167583e-03
8.131415979785863030e-03
8.245095131166956665e-03
7.445727397163644928e-03
6.738017781091400552e-03
8.178435690722400675e-03
8.889489541744998238e-03
1.215150333513492081e-02
7.973348652618332533e-03
6.399908929177185006e-03
7.669664935743066882e-03
7.854280392080813938e-03
7.596887827899992569e-03
9.528467272425525381e-03
7.755496185293035000e-03
8.011807026970019230e-03
7.781090644348697717e-03
7.618688782310172568e-03
5.204242804087133231e-03
7.674837105856436789e-03
7.391814541182894528e-03
5.661717447112718515e-03
7.586146829819737439e-03
7.478450502304207978e-03
7.435554915425027916e-03
7.454812816752654989e-03
8.069447669648059651e-03
7.381164697990300928e-03
7.317358074080606602e-03
6.086514240618436968e-03
6.897820563530964767e-03
7.196292370709790956e-03
7.294758029849584755e-03
7.011433712718284639e-03
8.134313772471956847e-03
4.832423401239419047e-03
6.959728755845106217e-03
7.378390257203891293e-03
6.196214202605982574e-03
6.881145768834959209e-03
6.915124747191695592e-03
6.703767015591379982e-03
6.353994520266201609e-03
6.720384740794030538e-03
7.009166513508639090e-03
6.106931890651531164e-03
6.634478380712243058e-03
6.576359736684681510e-03
6.605777698077632334e-03
6.503023345177888145e-03
6.112810777322738066e-03
6.120853412593441935e-03
6.423295855858836799e-03
6.230082203266248952e-03
6.113822645077452919e-03
6.950476560751261100e-03
9.252409299892912220e-03
6.124300430645077814e-03
5.034536802149901236e-03
6.033580167858758336e-03
6.008999862168756638e-03
5.405508405671281130e-03
5.980405281096266325e-03
5.745844648325300515e-03
8.437720858533248949e-03
5.782099899904105840e-03
6.183630219286777828e-03
6.928233607909939189e-03
5.633870409859162258e-03
5.665133460179713060e-03
4.267703025990386353e-03
5.554760031013455425e-03
6.666708867141943676e-03
