9.775464637191382256e-01
1.184196911866860047e+00
3.762805346484516367e+00
3.580659246930902206e+00
3.391305452253463137e+00
3.190462450153384477e+00
2.984206220935139431e+00
2.798754959170795864e+00
2.625769208209257854e+00
2.465083293419144894e+00
2.312667291862311902e+00
2.174342875027957867e+00
2.036382600824951705e+00
1.912972632962169017e+00
1.799828902598251013e+00
1.697595435534166475e+00
1.602101973722108497e+00
1.521331134132161589e+00
1.446352573363022254e+00
1.378854622866556801e+00
1.318417357194378692e+00
1.263169113252727849e+00
1.213786952079782600e+00
1.168719121858283527e+00
1.126273320010103607e+00
1.088909125590401983e+00
1.063890947225613726e+00
1.020148553912809897e+00
9.898738292791794402e-01
9.586367704091643960e-01
9.334215396830405354e-01
9.069983298661272730e-01
8.829798470595023874e-01
8.604209653778954747e-01
8.393149961299051220e-01
8.173016607907394038e-01
7.975240194173255359e-01
7.778262309589653034e-01
7.607184618725804093e-01
7.445250080614648214e-01
7.266078322881731610e-01
7.117938087482845733e-01
7.020531553941944392e-01
6.819854091452894895e-01
6.694496410939463349e-01
6.480292952462730627e-01
6.433628307192844620e-01
6.325634330141786110e-01
6.229017324348447016e-01
6.104607433124856763e-01
5.988195109406464489e-01
5.903483267223782471e-01
5.794315599119561622e-01
5.717063610125968642e-01
5.638170758714816655e-01
5.700957593897542086e-01
5.477787880576411306e-01
5.413462288451765803e-01
5.328751502750710412e-01
5.275541369723265595e-01
5.200255632193111488e-01
5.151172270452545332e-01
5.081331485719279284e-01
5.032780948125951115e-01
5.018391404318583993e-01
4.901625715080326628e-01
4.958791901536390712e-01
4.828071755507226115e-01
4.813477691976584816e-01
4.735848113515738755e-01
4.702049388558421916e-01
4.653127127657303852e-01
4.617880000203060109e-01
4.578068568802832194e-01
4.549977353202394603e-01
4.511008707543274210e-01
4.478130196446098443e-01
4.398162513913138616e-01
4.412836087845947719e-01
4.350065346987898596e-01
4.350651542615230905e-01
4.329807233672685052e-01
4.299810459367870430e-01
4.272915893691084932e-01
4.246378792883363507e-01
4.223547858814444278e-01
4.199576363841101001e-01
4.172829688336411325e-01
4.155256490212743681e-01
4.122812906305325931e-01
4.122479597901970716e-01
4.084200838430018243e-01
4.075971563896194083e-01
4.036275420437791528e-01
4.051805845596897493e-01
4.001816412206588014e-01
3.989343394365751916e-01
3.966411853961986922e-01
3.953285857432187744e-01
3.896264202764070927e-01
3.914475883460499239e-01
3.901806118539694057e-01
3.825848127614141503e-01
3.895634238213520617e-01
3.838192497910110079e-01
3.825993041657348437e-01
3.818668032307514504e-01
3.889379700654535532e-01
3.784476611411488611e-01
3.773835227084684218e-01
3.772200857192195556e-01
3.744266098013687705e-01
3.730179019203587187e-01
3.721771481132032378e-01
3.705390091054566182e-01
3.695315997902179905e-01
3.684805719738598051e-01
3.671927834116716638e-01
3.614702047363860804e-01
3.645385211979510487e-01
3.628354808003529386e-01
3.627627106557289038e-01
3.606882689019134114e-01
3.596685765413385472e-01
3.482312636077056767e-01
3.569978951164290426e-01
3.614913858655650070e-01
3.549756928270215717e-01
3.546186328503799778e-01
3.526821184547070942e-01
3.521595194102448145e-01
3.516129972640784085e-01
3.502911091352683970e-01
3.560883483574322494e-01
3.485294137158259087e-01
3.499377944684708974e-01
3.474534978507353711e-01
3.456321947766737290e-01
3.479761832989602954e-01
3.436834942695750073e-01
3.429536487244180254e-01
3.424052369919419192e-01
3.412669515179201363e-01
3.415326858088723605e-01
3.410467355854015503e-01
3.380484465772037872e-01
3.432182026824679988e-01
3.400976216972220745e-01
3.373440928018770490e-01
3.361682384871141904e-01
3.342100880862491907e-01
3.248237575974600166e-01
3.331760572129733866e-01
3.337059379486625454e-01
3.318518616477981742e-01
3.305319223096065961e-01
3.304999703798091604e-01
3.288627500346036348e-01
3.291933529906203582e-01
3.270269518078587900e-01
3.273435572671299920e-01
3.256583474856264981e-01
3.197113373615572129e-01
3.253427438699654228e-01
3.269915269892317844e-01
3.239270852196215467e-01
3.221850000621628296e-01
3.275343999112939053e-01
3.240166996009027356e-01
3.210484473433555253e-01
3.204758799864584340e-01
3.200404195735488400e-01
3.192405838368166382e-01
3.181948204341116249e-01
3.203445616911188565e-01
3.172905868627036163e-01
3.261399547381281239e-01
3.159043471456269292e-01
3.160095736645847087e-01
3.140489728245459689e-01
3.143166496951919631e-01
3.153091635131158310e-01
3.126808225802840679e-01
3.127470022694455176e-01
3.104605938534635845e-01
3.112438278201872799e-01
3.101144430097027005e-01
3.099145326537025569e-01
3.088763105336838066e-01
3.158049213083623519e-01
3.093036709250953642e-01
3.077372394654201426e-01
3.061795077054809133e-01
3.002339060532618342e-01
3.059187382790397591e-01
3.017740445236978264e-01
3.042543100566762471e-01
3.031658984285975911e-01
3.138774696983004930e-01
3.028628285093821759e-01
3.029660646487589148e-01
3.013582192228868584e-01
3.071697917200141292e-01
3.007503127007429278e-01
2.937327733825486065e-01
2.996244799018472627e-01
2.996730702477931607e-01
2.994391765728342536e-01
2.982279098776087767e-01
2.952538477513007020e-01
2.970362452405926890e-01
2.969483237607298820e-01
2.963530120086993458e-01
2.944357598918646568e-01
3.001124390359825589e-01
2.944262955812373406e-01
2.938521151976040136e-01
2.932125257549687558e-01
2.897665720005073164e-01
2.924329306945769313e-01
2.913372210268043161e-01
2.883564720398476000e-01
2.908330022690370775e-01
2.917969162410303241e-01
2.898528032376716523e-01
2.928352302239187188e-01
2.885562181239659241e-01
2.890811759467468711e-01
2.893666388937026768e-01
2.873758813484640351e-01
2.862812767414268378e-01
2.866671947773730134e-01
2.852637935538060443e-01
2.846716969512546047e-01
2.871822017339296096e-01
2.844413069412645156e-01
2.835248518472793799e-01
2.830743724207648304e-01
2.823051219478899254e-01
2.829346586571881983e-01
2.824668431678600267e-01
2.809659029360659366e-01
2.812213457415340123e-01
2.791798572956470936e-01
2.800336710311431276e-01
2.789998116366604330e-01
2.788976835561666201e-01
2.891137077266441313e-01
2.782118745879001431e-01
2.767226172872520040e-01
2.771304983425995072e-01
2.850891039282661965e-01
2.761500884113846088e-01
2.736832735410904549e-01
2.755397083083785392e-01
2.747424774904665412e-01
2.752529718985858298e-01
2.732471039835732141e-01
2.735796298544510008e-01
2.688816623935471606e-01
2.720804194996570557e-01
2.722458849363438294e-01
2.708033066562383628e-01
2.712845860238156659e-01
2.726772919764322012e-01
2.703972987337318612e-01
2.699304110825278546e-01
2.693638937619710627e-01
2.703573767610076839e-01
2.682877348702699671e-01
2.635809991786450257e-01
2.671279083465361581e-01
2.672696756945477370e-01
2.661664552789193561e-01
2.665051316562497274e-01
2.655641255514268884e-01
2.656005629292351733e-01
2.648265172170337078e-01
2.648976261865216286e-01
2.648510641334251847e-01
2.638067598997757557e-01
2.613131419970862179e-01
2.635258848678824761e-01
2.620908751429107952e-01
2.663518264361891541e-01
2.579762199083929786e-01
2.612019183684520240e-01
2.596164770469645555e-01
2.595395947903454958e-01
2.595265048299737476e-01
2.534629154207552193e-01
2.587317994877781913e-01
2.588475858722563139e-01
2.574680754909979274e-01
2.570159467093383610e-01
2.571727479461408672e-01
2.567175722118348324e-01
2.546499636275002532e-01
2.563773693455365654e-01
2.544588964555893895e-01
