1.528211520100314802e+00
1.340800334980432718e+00
2.123529217290614390e+00
1.930619137814558517e+00
2.873153462849629580e+00
3.042157629990406065e+00
1.830164747457001084e+00
1.106874387596684883e+00
8.808266393248805892e-01
1.721447127673431776e+00
2.029626319286280456e+00
2.040854197663510838e+00
2.296539379918891122e+00
2.514311930493258185e+00
2.688813658884313451e+00
2.784693265056608524e+00
2.886817931915626634e+00
2.955301091012946468e+00
3.040138985882520295e+00
3.079804499444727117e+00
3.124077545967609559e+00
3.150725117451668389e+00
3.172772145347335204e+00
3.202831820179766975e+00
3.206087082187084381e+00
3.222476217158968481e+00
3.187455083069763440e+00
3.170057047639415426e+00
3.164904084497651482e+00
3.144372347412514479e+00
3.096240676662805225e+00
3.082348246695884253e+00
3.066662653820940498e+00
3.037527786846804023e+00
3.003420369334842466e+00
2.987478736916864275e+00
2.953704266595539973e+00
2.916041503269833246e+00
2.886151230000360002e+00
2.866059070351705707e+00
2.835650416177768474e+00
2.828874775501784455e+00
2.791702155080922676e+00
2.787093920188318918e+00
2.762106382875875621e+00
2.747137145238491840e+00
2.740866357391448016e+00
2.739430589939628735e+00
2.746301587073815664e+00
2.714186315916572223e+00
2.710343862361285439e+00
2.710663614277468270e+00
2.707352660477073680e+00
2.715296170174677393e+00
2.701967094122370572e+00
2.720152706894161110e+00
2.715108978134291196e+00
2.692574239130084202e+00
2.690541549638182151e+00
2.714740823728942321e+00
2.709228171186279788e+00
2.745016549870620270e+00
2.716196661034005366e+00
2.711038549485185190e+00
2.723760845636455485e+00
2.706536423254648049e+00
2.727207901713282645e+00
2.789863171338450964e+00
2.718707782687456831e+00
2.728223345120327270e+00
2.735576890115032356e+00
2.723532395343513102e+00
2.720920372449027624e+00
2.745999579882080877e+00
2.730156722073844744e+00
2.738094648982790869e+00
2.733000395683012229e+00
2.733574808917601295e+00
2.734647846266514470e+00
2.747258429173074834e+00
2.786257881672806747e+00
2.733703577383799210e+00
2.742296481389077556e+00
2.776424644533516339e+00
2.738045440383413798e+00
2.762109344466691319e+00
2.750411167114649835e+00
2.763484847853576287e+00
2.729417300675284874e+00
2.747484299631975713e+00
2.753499260353502898e+00
2.757682924716987394e+00
2.746603669307347229e+00
2.747822625034590072e+00
2.765592633061586980e+00
2.766052188497088338e+00
2.754509141502180736e+00
2.755050649825430131e+00
2.747190485275266436e+00
2.724120834468895858e+00
2.759872288991596978e+00
2.723672387991597610e+00
2.787287068646976618e+00
2.785407181310485925e+00
2.751812920439531851e+00
2.745771108825315387e+00
2.727691156203007061e+00
2.762442944504500009e+00
2.766620049577074969e+00
2.760934863601241407e+00
2.702003784205980974e+00
2.749453055130613333e+00
2.755012243493160096e+00
2.741551615886555826e+00
2.730420956850597936e+00
2.758999423875515777e+00
2.745189300086817052e+00
2.761015178722876495e+00
2.741923161945568843e+00
2.783931665978925718e+00
2.777759373098554807e+00
2.743642121866882277e+00
2.743329567099048738e+00
2.752171407671627712e+00
2.746443715990584344e+00
2.760583806302487453e+00
2.759440136708476654e+00
2.774277595529504037e+00
2.774020283684843324e+00
2.786179771009373862e+00
2.748642930718929733e+00
2.741701292123383649e+00
2.750444115967003444e+00
2.753328136932941206e+00
2.716331829779131457e+00
2.761968433350804109e+00
2.743525654074109088e+00
2.744755214697203183e+00
2.752056731182019433e+00
2.746473514106257952e+00
2.737977166343465552e+00
2.750805862713240124e+00
2.781877486047723558e+00
2.756406034818057016e+00
2.748555573142670738e+00
2.778971426861152505e+00
2.752533785781906772e+00
2.731825710660055861e+00
2.753896096626633927e+00
2.766515672868977482e+00
2.768654271488476315e+00
2.752333772526473599e+00
2.753739939337628506e+00
2.752450483577363993e+00
2.743114835403465790e+00
2.775632009968852287e+00
2.759505519333123935e+00
2.797488788322230580e+00
2.747521478136278450e+00
2.761217004434862510e+00
2.765289330335465312e+00
2.782547095355840661e+00
2.763457778570582946e+00
2.763200613581406007e+00
2.753098345885442999e+00
2.766947109777515124e+00
2.781401146772862987e+00
2.754108657388572468e+00
2.745620612030173824e+00
2.747079433786528302e+00
2.800292233855743884e+00
2.787332657665291258e+00
2.771165274189292038e+00
2.765956198523298770e+00
2.778551927200615168e+00
2.770822184168422186e+00
2.731119930580907074e+00
2.774604012937913922e+00
2.764996832211802591e+00
2.777758633272053412e+00
2.788802219186217624e+00
2.768578261561250642e+00
2.772973246400304959e+00
2.761576717854762109e+00
2.754421285194881275e+00
2.761447385632041396e+00
2.814411040204603420e+00
2.782735091169182606e+00
2.776373265347424013e+00
2.780378626841295553e+00
2.769595873000993969e+00
2.764576431181214211e+00
2.769766939183756271e+00
2.761461032893114620e+00
2.786404610977523788e+00
2.789255920807217848e+00
2.778773744417617930e+00
2.784034756619011119e+00
2.760453937627879828e+00
2.758899907803540774e+00
2.772924563756060223e+00
2.768107761229138930e+00
2.772221951093396530e+00
2.786414917230013888e+00
2.765438165027435335e+00
2.864801872680260875e+00
2.771030284740692906e+00
2.767981843886476945e+00
2.785872986054215517e+00
2.759627221164314470e+00
2.762330905007193138e+00
2.747904424436766302e+00
2.825981199205362504e+00
2.786446420319677486e+00
2.771936868343202409e+00
2.770297300386465267e+00
2.799846355695630784e+00
2.762315994662759344e+00
2.795599325406387337e+00
2.752485449466534728e+00
2.773457981756798141e+00
2.763662699596356020e+00
2.766681086119024968e+00
2.788507269365354535e+00
2.779163930537821070e+00
2.773547411244888572e+00
2.772885864362758301e+00
2.790714088108160684e+00
2.755768455747482637e+00
2.787161045071084420e+00
2.794657005823781404e+00
2.771632656367310155e+00
2.755051716534143935e+00
2.774139477861564895e+00
2.774059272078416960e+00
2.756975924636526187e+00
2.767331650919435226e+00
2.768458579747253623e+00
2.716471092017000100e+00
2.785334466936843167e+00
2.735069455166195596e+00
2.756030509488000213e+00
2.762306848071259591e+00
2.766760543546965767e+00
2.758547808144212965e+00
2.761334091608746988e+00
2.777021524356462212e+00
2.764764503217032043e+00
2.807978643404660080e+00
2.763848450124064549e+00
2.756759734515432658e+00
2.756173637387423270e+00
2.764549898130125971e+00
2.756866398082371994e+00
2.774869123726972475e+00
2.778439957388755488e+00
2.748958907254070105e+00
2.838492575717070476e+00
2.775899283845680632e+00
2.753931928931651729e+00
2.762430223549502628e+00
2.718020539326271745e+00
2.765132889031652219e+00
2.760244123046430520e+00
2.745103996923893508e+00
2.757903298438685091e+00
2.760987133441632935e+00
2.761143349668643943e+00
2.741745383766977184e+00
2.761588199872549332e+00
2.757547756138471584e+00
2.758040572252558942e+00
2.764519944491018677e+00
2.751045216178484853e+00
2.803151472359217244e+00
2.768672363440075834e+00
2.780020190064149688e+00
2.746599667113581500e+00
2.750147478948299806e+00
2.764719945811802138e+00
2.757236823691549432e+00
2.755675134733455600e+00
2.744455910524563169e+00
2.720864494918973087e+00
2.748740214160949158e+00
2.727262694122711384e+00
2.767555960719200847e+00
2.734496864572497632e+00
2.775383175106862943e+00
2.763239039620797310e+00
2.771988311110515468e+00
2.761045287545279781e+00
2.791308436949547112e+00
2.795620220934202482e+00
2.770182764453909208e+00
2.758012174805814176e+00
2.759131721319462383e+00
2.761596123999878305e+00
2.748189532816094793e+00
2.766479568525794352e+00
