1.009475898711752251e+00
2.024461671495273229e+00
1.402527734933537218e+00
1.455457736810813474e+00
1.351328650745904358e+00
1.453592342831613760e+00
1.587368141940082911e+00
1.768856805801420018e+00
1.946601882601049605e+00
2.142715409932496762e+00
2.363591677702998162e+00
2.580490049708566325e+00
2.782066405750686311e+00
2.952460782996657152e+00
3.073799235780523720e+00
3.129522666018493382e+00
3.120123818157845452e+00
3.038021131285951526e+00
2.893368269963769723e+00
2.701517824252902766e+00
2.490595851475578382e+00
2.274651823517993332e+00
2.070242261061783218e+00
1.888536304789637077e+00
1.732392403139452197e+00
1.606616621325261285e+00
1.512490165024313438e+00
1.450082654588257025e+00
1.415703496738746514e+00
1.404445664856565745e+00
1.411547118127966627e+00
1.432128343080195432e+00
1.463210885416783791e+00
1.502417760020060555e+00
1.548113366347841691e+00
1.597256469936510825e+00
1.647774472576601923e+00
1.698816467933480290e+00
1.744996119632289178e+00
1.783575019192578548e+00
1.812324927237522809e+00
1.826595656894673292e+00
1.827556724246224062e+00
1.812936310399936746e+00
1.783270834486355705e+00
1.742282457193945255e+00
1.689539180412189090e+00
1.631900534240700917e+00
1.571494491761328938e+00
1.512218339047313398e+00
1.460145830841024006e+00
1.418413719057533218e+00
1.390520875433989501e+00
1.379611289152447018e+00
1.385413389148219432e+00
1.409271210324767543e+00
1.447171038024634315e+00
1.498079277357802885e+00
1.559506509115963002e+00
1.627360481905986811e+00
1.698817199904014918e+00
1.775030677868157047e+00
1.850638826314888963e+00
1.927577930924031513e+00
2.005444313287205738e+00
2.082428290622686085e+00
2.162903569619436084e+00
2.244028145939641838e+00
2.328154894288939403e+00
2.413420619173181958e+00
2.505152469198150378e+00
2.596202246349146314e+00
2.688761080608816911e+00
2.776920546955975233e+00
2.863435619089281126e+00
2.944309499476406522e+00
3.016595306581111746e+00
3.078649398270462356e+00
3.126739466687218361e+00
3.163739254063088424e+00
3.187635414192166117e+00
3.197819429039373329e+00
3.195330902344160062e+00
3.186133314987557252e+00
3.164352119975155198e+00
3.134891426091130917e+00
3.098775981580595307e+00
3.056682027397639168e+00
3.012229300444177582e+00
2.962516445727878978e+00
2.910646810332140788e+00
2.856855891249723278e+00
2.802368690172335253e+00
2.749298358834149969e+00
2.695579520526440565e+00
2.640688968626752509e+00
2.582707514855436592e+00
2.531054264250860886e+00
2.474584044345989664e+00
2.422809996843693803e+00
2.367203919359136322e+00
2.318733851361800102e+00
2.267757887967013719e+00
2.219802755766056013e+00
2.174480999309128304e+00
2.133100159352326219e+00
2.090696410202130817e+00
2.058210262874434093e+00
2.025397252959548755e+00
2.001251264466392232e+00
1.979203164904506984e+00
1.956193887053953695e+00
1.936489382467837972e+00
1.918493353911698396e+00
1.901451215617348200e+00
1.884613557325674371e+00
1.864871651350093806e+00
1.850167481795602642e+00
1.830852899664862754e+00
1.816018060946536616e+00
1.798283162533351964e+00
1.780487423425893168e+00
1.765521607683635752e+00
1.747463422399484712e+00
1.728882317589206297e+00
1.709472650116328429e+00
1.688371473013609236e+00
1.671692903455667345e+00
1.651819247442724237e+00
1.629602857751883960e+00
1.611094962402721542e+00
1.595958668309748418e+00
1.574032216101787007e+00
1.557578392902404740e+00
1.542754925663053500e+00
1.527540644899532785e+00
1.508082203154387235e+00
1.492496822845582161e+00
1.476415133906697319e+00
1.458765674125503953e+00
1.445126787691544124e+00
1.430865417286268260e+00
1.416629011887032830e+00
1.404174070196618107e+00
1.392632168193959963e+00
1.383042822456481691e+00
1.375034008248990691e+00
1.368533934672684138e+00
1.365613913945877611e+00
1.363254566241865806e+00
1.363369038929103105e+00
1.365788553859499599e+00
1.370668085367326761e+00
1.378014618411158132e+00
1.387445558930817446e+00
1.399910781274409155e+00
1.415391853387416576e+00
1.433226499395548581e+00
1.451995436474718293e+00
1.475706680112776725e+00
1.501730995652496681e+00
1.529754986582535725e+00
1.559131661055960238e+00
1.590776773805493649e+00
1.625161201224229135e+00
1.661888039955058183e+00
1.698467237200920632e+00
1.740396709886066429e+00
1.779776306650985074e+00
1.823699528512193080e+00
1.866623016663034651e+00
1.912730953825093838e+00
1.959263060084710073e+00
2.006538962909223400e+00
2.055455931036038741e+00
2.104994527754458389e+00
2.151616975948501320e+00
2.203695476890633831e+00
2.253050664777652479e+00
2.303994162131499213e+00
2.354201543597086221e+00
2.405508713666322240e+00
2.456334729920087501e+00
2.506980553250481858e+00
2.556236857713302779e+00
2.609944533632261532e+00
2.656547049909051772e+00
2.707182302443806865e+00
2.756523737575081512e+00
2.804788328010849874e+00
2.854445206371191812e+00
2.904455411756967198e+00
2.951458399158036094e+00
2.995135332850848986e+00
3.041810154636645169e+00
3.082250628072221055e+00
3.126916294530852181e+00
3.172256701706287263e+00
3.211834796211582521e+00
3.253752346055390987e+00
3.297236162139847160e+00
3.336016894582782388e+00
3.372479537118808324e+00
3.414576439617840631e+00
3.448484507438231095e+00
3.490478732377535476e+00
3.526719916400380850e+00
3.567378795063619545e+00
3.606411330389283521e+00
3.640167530374626370e+00
3.680049528726931918e+00
3.713717686385770822e+00
3.752577184388885101e+00
3.790098237328360486e+00
3.822341779320793886e+00
3.859875291755585636e+00
3.896007383285097880e+00
3.930766022355726808e+00
3.962886188454443737e+00
3.993681216736249429e+00
4.030246378797349927e+00
4.065081984074387478e+00
4.098030337914214449e+00
4.123062023840313728e+00
4.158065255253548642e+00
4.183378434881233510e+00
4.212351192300077152e+00
4.242380090158153649e+00
4.269274131627819102e+00
4.295189140514177772e+00
4.324925935069293459e+00
4.349710619251452748e+00
4.376754791584089865e+00
4.399324992606792328e+00
4.422149714745524207e+00
4.445030850635331099e+00
4.471120710138515086e+00
4.490508447380443080e+00
4.510916161912089883e+00
4.532338018050988460e+00
4.553125964203966092e+00
4.565942802271799827e+00
4.587706183057305154e+00
4.598915148018122956e+00
4.615322815807573420e+00
4.632105372395372456e+00
4.643072447165737415e+00
4.657359429827221398e+00
4.669181215537874685e+00
4.677343099419736028e+00
4.687457494241701994e+00
4.700946206962886009e+00
4.699561912184278434e+00
4.705044410743040473e+00
4.713879842824995947e+00
4.713126815348285703e+00
4.715542630963968307e+00
4.712938268578138690e+00
4.715821204047204951e+00
4.716062156055640386e+00
4.712712225093991236e+00
4.706955042343004436e+00
4.699571321652256550e+00
4.694134658330604282e+00
4.686748208153864503e+00
4.678092673039641269e+00
4.668221947889628076e+00
4.656158944228470986e+00
4.643867338897215369e+00
4.633335565790722477e+00
4.618840090848716606e+00
4.601303322884668034e+00
4.586157359878789919e+00
4.570824393218796189e+00
4.553159932335619331e+00
4.536694257473772751e+00
4.518407669660045478e+00
4.496653565993170787e+00
4.477805727733519703e+00
4.455782182343973830e+00
4.435455180692725818e+00
4.416163551857314573e+00
4.390960985655929960e+00
4.367258029811893927e+00
4.343712574603326715e+00
4.322169832935375489e+00
4.293381090903630515e+00
4.271536620994782041e+00
4.243309771274183184e+00
4.218685796852291503e+00
4.192878979075228330e+00
4.166092525833581028e+00
4.137187136250422448e+00
4.104642442246538181e+00
4.080713632557560366e+00
4.053291877976983315e+00
4.020904679912696622e+00
3.991300376187842502e+00
3.960558791024916037e+00
3.928924151461729242e+00
