9.390345468889098601e-01
4.521299377186369095e-01
1.206797779292531736e+00
1.233657619880232037e+00
9.153251874862771142e-01
6.503231769151432973e-01
4.571822763905132869e-01
3.220757085344849724e-01
2.303484473339781347e-01
1.687553852378396446e-01
1.268249243607318111e-01
9.727573777030897040e-02
7.572018041320210946e-02
5.983109097706038743e-02
4.831404611023459861e-02
4.018519537045500689e-02
3.455072112357689823e-02
3.063678440203487438e-02
2.785400562813002134e-02
2.579516680128287817e-02
2.419788314539872073e-02
2.289941644429961329e-02
2.180014596664612767e-02
2.083639267456129790e-02
1.996755993485435296e-02
1.917305775890722208e-02
1.842978067938907949e-02
1.802246704087424184e-02
1.713563730748204894e-02
1.624624512180132888e-02
1.597101072967867241e-02
1.604388753623528160e-02
1.491907369240739849e-02
1.392389747069247043e-02
1.397448131095893609e-02
1.352264016299071191e-02
1.251468812766020310e-02
1.264759557615823156e-02
1.983743151494447160e-02
1.178423834805005128e-02
1.148605690818673211e-02
1.093699676509453204e-02
1.073187053008377301e-02
8.050376661815565604e-03
9.985904302902545368e-03
1.519489460672987687e-02
9.409943057639987007e-03
9.141452766682971881e-03
7.919842244462040742e-03
8.366017708884020826e-03
8.863206927517748579e-03
7.861505977105238269e-03
7.573519931715075662e-03
5.342179865688940522e-03
3.033998436897627441e-03
8.021617338178254480e-03
6.500642983870260488e-03
1.588800411547232685e-02
5.864895811444357197e-03
6.154789866738321659e-03
5.614674553783358633e-03
4.254385480453932999e-03
4.744880687724776364e-03
6.226781101398962820e-03
4.686005154882848765e-03
5.246870358398692501e-03
5.564781067950460777e-03
3.928485856713090016e-03
3.524962643134492684e-03
1.936084079502232514e-03
6.577318960375844355e-03
5.015235354190526566e-03
3.595821813357944277e-03
3.291527021920745855e-03
2.832463225918530753e-03
3.369219621723924200e-03
3.106915750907829430e-03
4.518547676129721150e-03
3.211522452323297815e-03
2.959735207444165808e-03
2.455963582971400563e-03
2.668093956426004221e-03
2.724813908036483219e-03
3.451068062672545383e-03
3.367687945729683219e-03
2.643332446307121442e-03
3.448961101054376626e-03
2.122381054736129698e-03
2.323751724489241804e-03
2.934527006797665438e-03
3.233484914662683278e-03
2.231925689046752002e-03
2.102534457004769184e-03
1.435328184509298719e-03
6.917228631387670537e-03
3.642315445645533632e-03
1.924381541284087395e-03
1.257506418287108107e-03
2.018147954444616740e-03
1.720012421182060729e-03
1.716124350039731654e-03
1.811448842121665594e-03
2.937432150820977472e-03
8.673559277945318410e-04
9.812907307948572511e-04
1.956696696184209629e-03
1.767829674532010384e-03
1.466272590119652598e-03
1.492498440269610137e-03
3.105727700792787049e-03
1.732245679235123971e-03
1.515686639802806034e-03
1.167991846246315161e-03
1.879626376137297650e-03
3.042318908746889823e-03
1.539682508676236015e-03
1.846634449395436655e-03
2.665449076247490817e-03
1.337192728701866711e-03
1.653353515898711322e-03
1.433843473995285913e-03
1.802506173919100636e-03
3.600646235462450200e-03
1.337702319410462347e-03
1.429918069188757879e-03
7.585688177603295505e-04
9.722052720453404307e-04
2.761060918638823507e-03
2.373315319988337883e-03
2.916477714927422603e-03
1.335030592023292439e-03
1.220952419370807370e-03
1.242871715641002614e-03
1.607611702194954202e-03
1.205975456990165517e-03
8.059111059519172456e-04
3.256313047306952022e-03
1.514594965186057780e-03
3.813695990879648924e-03
2.089429856570402134e-03
1.343079935399554316e-03
1.310246575046911501e-03
1.153114450715515696e-03
1.526624039825116375e-03
6.117343804075316008e-04
1.562632467516829934e-03
1.364329341788610497e-03
1.168532813518331380e-03
2.065862165733671919e-03
4.190519362546597966e-03
1.556303617093170817e-03
1.128673614119287934e-03
1.314097684199793574e-03
1.275060604901339474e-03
1.577755248392866301e-03
1.042244505111385340e-03
1.179599234184781735e-03
1.159493769062957787e-03
1.832919208041031362e-03
1.092679096569863046e-03
1.187726540717462184e-03
5.400292836071330337e-03
2.685113100613566346e-03
4.638724311503391977e-03
1.376382756082810939e-03
5.612380521941771200e-03
1.182722696499697961e-03
4.750961218680651438e-03
9.064810438670382539e-04
1.589791929647437277e-03
9.578548513639919540e-04
2.161449153483457029e-03
6.178901180522661588e-03
1.005956018178173934e-03
1.106456597569423434e-03
1.638235600088494559e-03
1.249102408375076575e-03
7.168457254992933710e-04
1.033105792520875189e-03
3.504732912630623837e-03
4.787394078397266481e-03
2.726789312188848419e-03
5.791519097083350004e-04
1.131311539172330776e-03
1.364621514667129117e-03
7.244942463860943671e-04
2.859861107543741274e-03
7.919972598995881925e-04
1.047728099075919284e-03
1.346925633865975885e-03
8.506283966441586814e-04
9.707758751003715087e-04
8.504397240335366103e-04
1.353041766595316662e-03
7.163362110299641540e-04
7.797712280587525049e-04
4.334780517927742244e-03
1.131667681867022093e-03
8.680419817723095599e-04
1.023681767370019117e-03
9.882861695110524425e-04
8.060275684225085653e-04
1.912152437559208997e-03
9.755278669534875281e-04
1.825131518053428950e-03
6.903098754114356771e-04
9.526089146740887191e-04
8.107173164556327185e-04
8.442551419229947594e-04
2.128977406987229721e-03
1.273457087287470195e-03
5.949997152338977425e-04
5.970043827260000267e-04
2.036646329967244096e-03
2.183091560949153732e-03
9.211626988515889038e-04
4.847420799359312971e-03
1.595476701124224185e-03
5.275981986657959444e-04
8.977603579741861520e-04
1.549837020388863213e-03
1.306380425814320000e-03
1.315143467705566288e-03
8.809219893255820734e-04
1.192011013310770003e-03
8.586898664033073246e-04
9.109463848258884293e-04
6.514906694496343026e-04
1.315507909636134259e-03
6.004106277168829277e-04
1.873822567393304247e-03
5.806749752098421240e-04
6.515163451856139125e-04
7.115872451923060905e-04
6.374483022613267394e-04
1.231909510080515802e-03
1.050467403506033515e-03
8.950854923374617061e-04
1.052091789112659121e-03
7.216614783044389848e-04
9.911146084975370509e-04
3.704292799524821003e-03
2.627696944539575571e-03
1.760969701210229020e-03
7.315100831584995036e-04
9.631135170770060289e-04
6.138628622015056789e-04
2.217043245086056623e-03
1.665451365033530397e-03
4.672523437771844857e-04
1.898944220713536055e-03
8.638792188718719210e-04
5.099728765101177713e-04
1.033919596048532693e-03
7.192659264766855911e-04
4.207355159005298807e-03
1.930816057064676681e-03
2.040838733552691360e-03
6.850399693282364097e-04
3.317327236435692762e-04
1.181707586871811287e-03
2.357912309756151920e-03
6.231454527173919738e-04
8.105967939186296389e-04
3.744053094327535591e-03
8.777987807222384321e-04
7.038726814819210508e-04
2.909048954559851751e-03
1.342098016219598266e-03
7.102879040898185106e-04
9.356020299432042794e-04
2.428140393742065500e-03
5.381636726243556150e-03
2.798831565030241234e-03
5.389279412793477860e-04
7.001678269665343336e-04
1.352314506979315377e-03
1.420394527015712057e-03
1.051435946280631847e-03
2.430858887288651557e-03
1.973430073601809519e-03
1.509380982348782884e-03
4.977391486074711361e-04
6.439155718500375958e-04
6.810088764355559481e-04
4.186871571570917544e-04
8.504009752947098641e-04
5.662061491201893747e-04
4.082503167401881983e-04
3.880896968026358723e-04
4.917161805422395849e-04
6.202805828812758696e-04
6.635718382214742797e-04
5.372729030090497935e-04
6.096803216415071875e-04
1.509135499121560912e-03
1.361517088024132060e-03
1.682516708587432222e-03
5.262824722765302617e-04
1.910416578968007935e-03
