1.136450325585251608e+00
8.347451845953830496e-01
1.844045339388952209e+00
1.520213612169555084e+00
9.930782656373704498e-01
6.322648397042844870e-01
4.028533482959318346e-01
2.613720368876545908e-01
1.747153053642516440e-01
1.209379251195012578e-01
8.691014765651815244e-02
6.500831466174811224e-02
5.071447163373734440e-02
4.125874435559832853e-02
3.490208390996871884e-02
3.052819195950419451e-02
2.741878748110405939e-02
2.537906806093477921e-02
2.326004231666461627e-02
2.691612023443091389e-02
2.035044041083265004e-02
1.915084098910711796e-02
1.806709123417220286e-02
1.689709231793174241e-02
1.563635606323395336e-02
1.490816114579793066e-02
1.408456562484220777e-02
1.261707786226411165e-02
1.242071960723413991e-02
1.279006702561451096e-02
1.385991047914351786e-02
1.052404456322531510e-02
1.204042178729458450e-02
8.772095136878346050e-03
8.926690512648174924e-03
8.186980683012542309e-03
8.534375921700965845e-03
7.447328125832238313e-03
8.719938236125818545e-03
6.409812099787772638e-03
5.723874835131098279e-03
3.525023333330429189e-03
5.398607669979138719e-03
5.445338129380306036e-03
4.826080011607397288e-03
4.441489225748852625e-03
5.455044691051780942e-03
3.796781312518824562e-03
7.377758092215008952e-03
5.548969725675822334e-03
5.381025525171028411e-03
5.234936834642044644e-03
2.801185575698776718e-03
2.619793179214461015e-03
2.604424845833803754e-03
1.639303015179455073e-03
2.736090340511957222e-03
1.630430118061399402e-03
1.474027336719359142e-03
1.199283612944348478e-03
9.717136269136764874e-04
1.458573065897326992e-03
7.977360918202750775e-04
1.129333224411593417e-03
6.842772887481425375e-04
5.681057586307044355e-04
4.775258994461095176e-03
5.959301926357943010e-04
4.360540724692543377e-03
3.292535641120767124e-04
2.250132736577309302e-03
2.647227991971757275e-04
1.139010175473175032e-03
2.821041700367986414e-04
6.166850220113256377e-03
3.964134583143642983e-04
9.680491192546630168e-04
7.217961929879716581e-04
3.097590902192245608e-04
2.198581471994072098e-03
4.571318797538097842e-04
3.099908527653583330e-03
1.316833359934181311e-03
5.779712016072642350e-04
8.059569046016290973e-04
9.594806066888519024e-04
2.588018082824297423e-03
9.490139279189841251e-04
2.189427992688085245e-03
2.505477325225265433e-03
2.960014345833269535e-03
1.612786399592668800e-03
3.544817921686782254e-04
3.179277419685120308e-03
9.182894774649418002e-04
4.973339203041982765e-04
9.152855041994872312e-04
1.656452264543506123e-03
1.639777481096329906e-03
7.730599536955145819e-04
2.990035189370245875e-03
2.516302789061938827e-03
2.276806111571208577e-03
1.919667133088720067e-03
2.835538218356190195e-03
3.358459357862821027e-04
1.070424973312404313e-02
2.494582695859242152e-03
2.289849549556854935e-03
9.771026420763375027e-04
4.203799727771377268e-03
1.542625901396514664e-03
5.617235581369592595e-04
3.652463002265080483e-04
9.843962960262707829e-04
5.367389946451117536e-04
9.070357044728433876e-04
2.530721117892193936e-03
6.518487218893160217e-04
4.765916010257310875e-04
8.019501076545282542e-04
9.610987090101617445e-04
4.471171698280849288e-03
7.574477822694414579e-04
7.688318431614320431e-04
3.760806261328354032e-04
4.626578023412740394e-04
1.274206945199527537e-03
4.130238662303696746e-03
4.957262272490963210e-04
3.589358925930601248e-04
5.901038214824105496e-04
3.138914710708242718e-03
4.363814320044351628e-04
2.864359006242121752e-04
5.561247109876033901e-04
3.007720526697149187e-03
8.160578650343900623e-04
1.123465050109230708e-03
6.389048110774988177e-04
1.734995927463855959e-03
1.257823317465021646e-03
4.902262310725147114e-04
2.995754400112246064e-03
4.295540613926146500e-03
3.591641512672031689e-04
5.985899657087339655e-03
2.526981690093140377e-03
6.146186285451949935e-04
8.576513224467009235e-04
2.136301155524261610e-03
2.926340361129248398e-03
3.295233753725062241e-03
4.257460864820025725e-03
2.098757346269154549e-03
2.103681526165116292e-03
3.087910468317577560e-04
2.675811833448412877e-04
4.016461322071409831e-04
5.757611067981315825e-04
4.351044852387525239e-03
3.504677558127068313e-04
5.592408284479700748e-04
2.935535865480413107e-04
1.622805760496197325e-04
2.038755384139039756e-03
7.520657621315717228e-04
4.919155275474449600e-04
3.552117077534406773e-04
2.144759353574852544e-03
4.474013211149703399e-03
3.351525020076234242e-04
2.028832880051422251e-04
1.302612888610562387e-03
6.739805188478290889e-04
2.801722171268101677e-03
1.650892524191496357e-03
1.298606493412248668e-03
1.626694491177798664e-03
6.135049904185922590e-04
2.586017390837330298e-04
1.867911217650164912e-03
6.877148283548231798e-04
5.392698806718296137e-04
4.592353634426342272e-04
2.778152532102408563e-04
3.328756786583902819e-04
4.941637814088267961e-04
3.748067977488027153e-04
2.915058192206548631e-04
3.891842178070607262e-03
1.135653302243165531e-03
2.035636045685588731e-04
4.080004321098744629e-04
3.064388763320456894e-04
1.377867749459307832e-03
1.300485864289662287e-03
2.042882023095810137e-04
9.825796664560931381e-04
8.201373966221868874e-04
2.873961036450763920e-04
1.299694277667737870e-04
1.977549851846970507e-04
2.627081476897930729e-03
1.631051563194766546e-03
7.168400677499583680e-04
2.075279788775669966e-03
3.827171961024641682e-03
1.707816505471312614e-03
3.620726742614612925e-04
7.747592308251097584e-04
4.905572277117447233e-04
2.067987558366769351e-03
2.019245878057613405e-04
2.694763457120940902e-04
5.384394871790409640e-04
1.270571424895323206e-03
4.596564652403200288e-04
7.343741852116161036e-04
1.010815230314151625e-03
8.683071298552127570e-04
1.618958472907809252e-03
6.132558451886391780e-04
1.968087655709296630e-03
4.586237467415801546e-04
3.602784067309748638e-04
2.566736129063419691e-03
4.728943444540299854e-04
1.285015294509713954e-03
1.667413776669004035e-03
7.402565019208264159e-04
7.712360387794297677e-04
1.521332778000838905e-03
3.577957898292209596e-04
4.740186220569502624e-04
2.676999624925907682e-04
9.955388504497781135e-04
1.967154939627727226e-03
2.413738240368659455e-04
1.840952333140583345e-03
1.124161780571207320e-03
9.177221505748459334e-04
3.782153148299260688e-04
8.025069010690685659e-04
7.934416793897605766e-04
3.923169955828798385e-04
1.898309597424762644e-04
1.048294531791928977e-04
3.986964258331783767e-04
8.811049813931913889e-04
3.003398301350471058e-03
6.312056453255153812e-04
1.619946518347737925e-03
7.267195870219567795e-04
5.323564496694393761e-04
6.494082609476409642e-04
1.619928812689292027e-03
6.516553415607682833e-04
1.032913299537726324e-03
2.307202974276727550e-04
4.831784250097298982e-04
5.271406217987542478e-04
2.027343895216822574e-04
1.638713956054422454e-03
8.031429365977677285e-04
3.308138218959172372e-03
1.992683358718816237e-03
2.188972234737496768e-03
4.540299278792022915e-04
5.940310183734171185e-04
6.800132214089027504e-04
6.736645504006897938e-04
9.425518999699297653e-04
3.907357459039468954e-03
4.076661471652372410e-04
4.239763159734364966e-04
6.060707100979339070e-04
5.048660345362717111e-04
1.340777223971966869e-03
1.784004177194162396e-03
6.033154122333988850e-04
2.260931700252418863e-03
1.406396183423337144e-03
3.135012713399689321e-04
3.477859081936069286e-03
2.073289310978016636e-03
2.142549137922709380e-03
7.659864111647625776e-04
2.454915789786536739e-04
2.719552765005486339e-04
9.182706975485333684e-04
5.192102833864471051e-04
2.838814867555202858e-03
6.239639680013577298e-04
2.666193321858395266e-03
6.247741691166756655e-04
9.802671857051343737e-04
1.292191304733526433e-03
6.354169370341880650e-04
2.563203761293133143e-03
