1.052867039764916468e+00
2.465321766803429959e+00
1.719433966487082355e+00
1.184843812199276369e+00
8.119681439462352879e-01
1.435364040251579709e+00
1.869745161288421720e+00
1.647826987191354897e+00
1.721288765259600062e+00
1.927351454628313254e+00
2.059912668597773333e+00
1.982470145309540577e+00
1.948327062045104308e+00
1.776685238606562578e+00
1.681680204797435740e+00
1.534040012450786028e+00
1.409390678019968979e+00
1.335606813072666377e+00
1.234595360432873656e+00
1.070760359133969386e+00
1.061078765753158848e+00
1.104462029438219917e+00
9.197606775095371612e-01
8.843060323055399463e-01
8.092904917800401998e-01
8.067447982760949099e-01
7.964720631461742473e-01
6.967677692847117354e-01
6.567919760888873970e-01
6.963593647961181521e-01
6.245045257088928103e-01
5.604816774427345827e-01
5.812140941251237036e-01
5.598564415343136869e-01
6.453944339588090218e-01
5.312674747090755378e-01
5.096720635113688447e-01
5.710170029889906074e-01
5.652096701760068731e-01
5.528688241404160486e-01
4.981627115388465032e-01
4.976936252781424264e-01
4.829153942134327138e-01
4.967087644385822509e-01
4.613739380190788886e-01
4.732545388176223056e-01
4.645668362578214694e-01
4.561230422940694695e-01
4.976399329411267392e-01
4.565600149620125947e-01
4.936412599553537950e-01
4.916538441617668287e-01
4.860223404025759697e-01
4.446346343921456223e-01
5.779113772490528378e-01
5.005939234163375717e-01
4.571137667348800226e-01
4.685184159697045603e-01
5.687756904015114356e-01
4.641128649602986322e-01
4.829316526771076923e-01
4.820692146987157756e-01
4.660891618373758094e-01
4.429581512730885740e-01
4.869733887585609433e-01
4.459753618364923344e-01
4.793359445979019084e-01
4.314947101722485523e-01
3.859095977769101404e-01
6.534007140257761526e-01
4.360244512141693840e-01
4.386239781278029048e-01
4.243081904574085295e-01
4.243810098789092544e-01
4.783391686542646792e-01
4.114014209900841990e-01
4.069007079101080726e-01
5.580820110895364783e-01
4.086994621089660717e-01
4.096317217074646466e-01
4.726931225895897315e-01
3.900690289570737934e-01
4.183184037009136658e-01
3.642339568387688575e-01
3.727771149555019203e-01
3.819660381098445301e-01
5.088369794715184025e-01
3.962285971588413447e-01
4.015827974497760411e-01
3.645900222840400273e-01
3.542722039150325020e-01
3.757649497201557276e-01
3.512839056559257656e-01
2.817583253341301996e-01
3.388566906507965992e-01
3.559536173226628408e-01
3.434522904796004639e-01
3.348205314577484271e-01
5.256008806190251015e-01
3.397766116969852535e-01
3.287237372065711649e-01
3.474634530100131902e-01
4.080150699065783759e-01
3.315851248801411910e-01
3.334727748733934960e-01
3.148568176678079866e-01
3.272453237183668429e-01
3.284317117782250550e-01
3.701310118286066375e-01
3.815617791507979195e-01
5.759631869329148168e-01
3.318491531897557190e-01
3.890154946328664431e-01
3.378875559085157687e-01
3.212124175980610730e-01
3.453650784090641079e-01
3.194027211076763129e-01
3.878341232608062961e-01
2.945866304066330765e-01
3.847230646932731646e-01
4.633325644226419793e-01
4.889889402748709979e-01
3.702711221150475907e-01
2.865171164508218404e-01
3.480648874072313492e-01
3.540516778590154234e-01
4.706102275528403212e-01
2.882488900539113552e-01
3.020063420479549565e-01
4.124403036393624600e-01
2.777409383988355129e-01
3.615868271089632824e-01
3.477491120590617824e-01
2.732940018749162592e-01
2.922115639858836045e-01
2.467885422005468010e-01
2.783249172843053065e-01
2.794124023517182698e-01
2.713993204397243120e-01
3.620303074048154546e-01
3.146022605996832144e-01
3.569767992717882699e-01
2.497744777333393562e-01
4.815815872705685452e-01
3.121076734599671498e-01
2.947333060557066342e-01
3.030414485990648998e-01
2.724233130481336085e-01
2.555779888667852329e-01
2.955699288158392113e-01
2.823555049733482702e-01
2.548120218516597424e-01
2.532618960668179264e-01
4.182156903171003193e-01
2.493850342798067110e-01
4.380987929844588069e-01
2.575674301776241792e-01
2.596336323016776859e-01
2.495978350666915868e-01
2.412024144890029531e-01
2.401939855160328263e-01
2.484264066678114058e-01
2.174599639636086157e-01
2.446057275595106828e-01
2.416964003408895167e-01
2.456922421655100275e-01
3.349343185141481216e-01
3.737076996912522819e-01
2.336882792853998692e-01
2.397420596157615047e-01
2.218529705263483087e-01
4.912198723952955759e-01
2.314832061364937299e-01
2.578811216411874829e-01
2.951597326468411442e-01
2.904981078126090965e-01
2.283727003145251122e-01
2.237944158913982573e-01
2.214791122189736505e-01
2.240937054547164631e-01
2.202180380965610418e-01
2.823272254886362576e-01
3.124651036502481549e-01
2.428529167915917386e-01
3.718075397775014168e-01
2.263752689926023520e-01
2.474635872297942796e-01
2.084121429678569559e-01
2.672241448533711483e-01
2.551809295125170851e-01
2.286981452455502939e-01
1.976530757518422943e-01
2.454922744405437507e-01
2.229563191298832292e-01
2.169049403122420283e-01
2.193970195176492000e-01
2.927453127718369075e-01
2.024054944493453856e-01
3.123752855022489117e-01
2.199704167770442365e-01
2.449119046057611215e-01
2.030038915148059953e-01
2.080007330103527952e-01
3.434889224319774836e-01
4.243533512146457354e-01
2.499740972031666841e-01
1.946994394027545539e-01
1.911706434838481294e-01
4.923838198584955528e-01
1.802463793835218375e-01
1.898278019498288727e-01
1.888653503962000879e-01
2.000394879436224738e-01
1.895821636907112917e-01
2.190263970705875196e-01
3.341192411700492082e-01
1.933861570291425802e-01
1.926016731084344846e-01
3.257791493285173701e-01
2.021831012408600303e-01
2.912571074584532349e-01
4.883412208980477676e-01
4.931967790752378455e-01
1.960381854600967422e-01
2.549560363307999955e-01
3.523191779177469729e-01
2.158774966458609224e-01
2.004435728136492179e-01
2.013812037530529619e-01
1.987716026717941398e-01
1.980902355624040712e-01
1.988570967198728945e-01
2.766492920324855609e-01
2.028395635749105641e-01
1.893049767435323882e-01
1.882298508251813163e-01
3.191937408803083298e-01
2.184813278874929987e-01
1.955076990869935583e-01
1.771144736686371957e-01
2.376595043321474421e-01
1.798084335110122500e-01
1.683744092065281028e-01
3.368628522614167675e-01
2.028361954760148078e-01
1.691879694516511545e-01
2.552121999246443340e-01
1.660375333958790944e-01
1.952518017290917618e-01
2.510664128145856933e-01
2.124712536473591651e-01
1.585620362879784917e-01
1.894952864923825919e-01
1.891415397002705889e-01
1.623972051223781521e-01
2.879147374087200340e-01
1.864678430752382543e-01
1.680024957090858195e-01
2.616749039951412059e-01
1.946083642594503005e-01
2.066323832144227324e-01
1.701320878322501451e-01
1.902543898081819340e-01
2.360059698065316292e-01
1.835410769523382613e-01
1.556648536469843191e-01
1.557554631010426294e-01
1.926467124995119573e-01
1.656623675167154253e-01
2.704575974345520550e-01
1.617578556419037583e-01
1.609003459411297021e-01
1.583060976962385458e-01
1.497181205680012395e-01
1.694482784746935422e-01
2.039952715495694513e-01
2.352779185420153241e-01
2.061641698409583945e-01
1.493263118914783250e-01
1.422855465507069095e-01
2.383420175670096786e-01
1.462845031905169735e-01
1.406955245772886220e-01
1.328805005690026353e-01
2.494901679882255974e-01
1.354554567685041788e-01
1.491887283526991959e-01
1.352429985075194463e-01
1.482314624564901040e-01
1.487862471486053606e-01
1.340197810364360254e-01
1.717685920320465576e-01
1.505856549816632917e-01
1.266866420117598591e-01
1.380199942119902379e-01
1.408475219226486552e-01
2.994070248925936872e-01
1.450775811165906093e-01
3.113727083578153310e-01
1.342248148722040846e-01
