1.032513605376855770e+00
4.457991970299423623e-01
1.451112916808425357e+00
1.335117498586812168e+00
8.900403533361646025e-01
5.803616338295275456e-01
3.884920235636937225e-01
2.710547630613999170e-01
1.980290660049928986e-01
1.496197686342761735e-01
1.131220680862893013e-01
8.220007678148284758e-02
5.688603352270786562e-02
3.822128205533860401e-02
2.515996758654620927e-02
1.625205594101057985e-02
1.036791133607065270e-02
6.620856600661344932e-03
4.323351562739485669e-03
2.971024073932720250e-03
2.213237664774185195e-03
1.934804004972294966e-03
1.535218581421521908e-03
1.101872069674216751e-03
1.348503567898788570e-03
4.587422865542061488e-03
1.272672301844712068e-03
1.368746886260338016e-03
1.314884888847420467e-03
1.312878093139357299e-03
1.030798944588321494e-03
1.206289806463105860e-03
1.070182756584145628e-03
1.043050594008020299e-03
5.357958134433233113e-03
8.450270056863448806e-04
1.088204493771158070e-02
7.001418330659307365e-04
1.142544438457314404e-02
5.530674451457226600e-04
7.191818488349466113e-04
7.017025541430671649e-04
8.867813846550367781e-04
6.152400042006557447e-04
8.571890331834532270e-04
1.751850831616749964e-03
2.355354506328392016e-03
6.758230770573367754e-03
6.173389017066048274e-04
6.117521292244537494e-04
1.365175031925277031e-03
1.131932101983457693e-03
8.394824803585318245e-04
8.608203428819056905e-04
9.398715332280537264e-04
7.520951899282819764e-03
5.266156547511502417e-03
4.458221312602683381e-03
1.176777638209569555e-03
1.052472625592067992e-03
2.325082943481817863e-03
9.389737323959192585e-04
1.701194896953763924e-03
8.167192892383212666e-03
3.117827966905557888e-03
8.021732408322168996e-04
8.451527455943663595e-04
1.692299440821694876e-03
1.201180797234810763e-03
9.053466292838042257e-04
4.615100208103895679e-03
9.601588089392129426e-04
1.296848235041128672e-03
1.866230356747985942e-03
9.218429767034131079e-04
5.585357300122162361e-03
2.942085411656854971e-03
2.533229003254499224e-03
5.599374701510005312e-03
3.827694001589685389e-03
6.505920409619597028e-04
8.734852104369212689e-04
1.396620843081431817e-03
1.541238570548308148e-03
1.599067640796472765e-03
1.138928641597946635e-03
1.140431561705488889e-03
1.043638313625533040e-03
1.221553975454593407e-03
1.452067684031583790e-03
9.589229959929016162e-04
1.362396002355701664e-03
1.740134624448259979e-03
2.745241078824188323e-03
1.048528561291110339e-03
1.149886301204915313e-03
1.147463435086051864e-03
1.080756593671673444e-03
3.459197176472412431e-03
1.053001637097782106e-03
1.587286329021471562e-03
1.231981480566089792e-03
9.327120895192712651e-04
2.902684328502583202e-03
4.637986446491257353e-03
3.577502638804974829e-03
8.894917776130615737e-04
5.758360757700961780e-04
1.814254106515680995e-03
1.172079273328426865e-03
2.011934031613550264e-03
1.007559777063040535e-03
8.552911949379432771e-04
8.777459806654785979e-04
4.109481082272306920e-03
2.888336086585324442e-03
2.692038627927414388e-03
2.156551371354213913e-03
4.942410051702450643e-04
1.044173241468068867e-03
2.272273061834392642e-03
1.904421608844962619e-03
1.498915569802642539e-03
1.985707798271076595e-03
3.762893598344613667e-03
3.682352684020007150e-03
1.776391121475230693e-03
1.048059973514518838e-03
2.109873278938085694e-03
1.167634115992667587e-03
5.621319026612395936e-04
1.704249501668284083e-03
5.413841249217449378e-04
2.584963951077822418e-03
7.292295871669130392e-04
8.993563606900855734e-04
1.230589545523449579e-03
6.569345095358055525e-04
9.458335562848958419e-04
6.276277646725989630e-04
1.797095617474622287e-03
6.023086123482544263e-04
6.054487249452619908e-04
9.379892299066910910e-04
1.129377454463053980e-03
4.363859693557182160e-04
5.467309632126029313e-04
4.920739692864034088e-04
4.289785829304953763e-04
2.224807883056409332e-03
1.043267484529989114e-03
5.902984993447862828e-04
6.114898572751854096e-04
8.002586871472006655e-04
2.170892141793463043e-03
6.897027458387995115e-04
1.157629967049776058e-03
5.980252850076540547e-04
8.985362290789870258e-04
3.952303792026213387e-04
7.963786800264766822e-04
2.891193469872614143e-03
2.020129125581884583e-03
2.276982562589594146e-03
4.602059533321923657e-04
5.917808834376531938e-04
6.035033119028396275e-04
1.351669036965785905e-03
3.610033040905936204e-04
4.543016626363879798e-04
9.978884588610216055e-04
6.067658091624753003e-04
4.076933745198940348e-03
7.885879345981719555e-04
9.669771732840898174e-04
1.275456022391547716e-03
9.417112225345315160e-04
1.217083053829523835e-03
6.758197643106979855e-04
4.283220216571619922e-03
1.604323621725433019e-03
7.992466348171902270e-04
1.920049578078784555e-03
9.271783137571910915e-04
6.845409427038203626e-04
5.264270777911531779e-04
6.951935337649060636e-04
4.182098364723089057e-04
1.641552669446563186e-03
5.272660152627505446e-03
2.720164770735323395e-03
6.598043162045359169e-04
7.897879678791091271e-04
1.061554296398876289e-03
2.716088932907297603e-03
5.724952101258137891e-04
1.614024972317278919e-03
3.434284006804689746e-03
1.261911623065517258e-03
2.252447687675177522e-03
1.043980562794876148e-03
7.222942100797085730e-04
9.440764767666739565e-04
1.074836842723205475e-03
1.446090816705095615e-03
1.282513034239247387e-03
6.792268593817535902e-04
2.266644362160695914e-03
1.191772342779159888e-03
6.246187521619043365e-03
1.420004397448575671e-03
1.368892688945923339e-03
2.166012312973079022e-03
1.561071527135505848e-03
1.372689065646096268e-03
8.868496711840809623e-04
8.903726921509387288e-04
5.275644687486178352e-04
7.690833197036252766e-04
6.154171122473641202e-04
1.519128463190557755e-03
2.222776267128370731e-03
4.159423649809561828e-03
9.258078303629079442e-04
4.242002434251766741e-04
7.075005355354001095e-04
4.594114499099810796e-03
1.047485325695540325e-03
6.902783458154632948e-04
4.475238049029884625e-03
3.746015385378431966e-03
3.231868508467581561e-03
6.016351906000355328e-04
6.157218903817556930e-04
5.937810862222775128e-04
4.689289290680705440e-04
8.603613133922742877e-04
7.128589966356287588e-04
5.060975646441348043e-03
1.037463543250543479e-03
1.970204548146598129e-03
3.615091108319020384e-03
1.466847840264963367e-03
1.448002260512103742e-03
1.563004819172536010e-03
1.247065593876169488e-03
7.761120631386025535e-04
4.937362943592808100e-04
1.378179336698523438e-03
6.280702754589485067e-04
6.471058193120215801e-04
7.484544782540033083e-04
1.088191774871957685e-03
1.727638798258148691e-03
6.938290225887493124e-04
1.351443559351147780e-03
6.469008540819535472e-04
7.084110649054829430e-04
5.409534445938142880e-04
8.733473904311252678e-04
1.096534756145340489e-03
1.508001747355134725e-03
3.099753173610299652e-04
4.774496040699954293e-04
4.584062170695565180e-04
1.396370974961842239e-03
1.322612181897756759e-03
1.849728958442355565e-03
5.366598467787816280e-04
6.974681326059504419e-04
8.760555682103627001e-04
5.842117226260126923e-04
4.803749830079551923e-04
5.482133927104189570e-04
5.719658303296516234e-04
5.426423979440875940e-04
5.607375967290911161e-04
1.318844860226505485e-03
1.046706680822318122e-03
5.902535434685077199e-04
7.468836852963828439e-04
3.456246003289124673e-03
1.014920196512638512e-03
5.034365896263737769e-04
5.646152454629171100e-04
8.041846736440665241e-04
7.909208393783844762e-04
9.530303726118853581e-04
2.014435977309053313e-03
8.816040468892112885e-04
1.567530105117147764e-03
1.548480574136720670e-03
3.714055030806088001e-04
1.808974102255306088e-03
5.844376416520836136e-04
9.407347561258194366e-04
2.441690889071506027e-04
6.447836839521182582e-04
6.448113824122105302e-04
1.093697540021807031e-03
