1.018713588096751499e+00
1.506970857476509495e-01
1.862987884662937521e+00
2.020329521688496666e+00
1.724956508877171446e+00
1.484819150612999739e+00
1.300329867354374835e+00
1.167575770858052087e+00
1.034005194589029175e+00
9.220269887246813623e-01
8.500520164738419870e-01
7.696077634154818714e-01
7.182670891458666773e-01
6.727373697278880016e-01
6.214886683997757899e-01
5.830898407080267187e-01
5.470741459861819811e-01
5.179530084372810927e-01
4.866750876917749769e-01
4.662034916622744274e-01
4.392811439750942126e-01
4.236132113425286616e-01
4.081171643777521951e-01
3.991830052541638918e-01
3.766781907052209610e-01
3.655092351302757225e-01
3.516473805488254945e-01
3.410238696972187622e-01
3.328080391512242553e-01
3.189496236030335830e-01
3.134783982940039238e-01
3.070288024545168026e-01
2.933955556119300923e-01
2.910988277729990026e-01
2.857971240378017197e-01
2.724878097261353993e-01
2.716412034359738659e-01
2.676837828605432290e-01
2.627103982573716356e-01
2.564422402363153441e-01
2.496024582363118305e-01
2.474769165701914964e-01
2.382714467843179973e-01
2.377471987544510779e-01
2.318417816005007570e-01
2.292810600433461965e-01
2.275860481458046314e-01
2.227544581976522164e-01
2.162589239814275976e-01
2.170968262565417806e-01
2.121447437163755112e-01
2.102474516520667080e-01
2.049022833793203990e-01
1.991878575992523936e-01
2.023619274869314089e-01
1.943156320083042621e-01
1.968625112790812481e-01
1.949772362066133080e-01
1.905234773652532132e-01
1.902694122257912457e-01
1.883927816464690819e-01
1.855158409441663159e-01
1.792448289753488244e-01
1.816374845580638331e-01
1.769607894328401598e-01
1.769418963726072380e-01
1.699962888250656778e-01
1.737356898131797167e-01
1.715246181100912037e-01
1.689636353775910427e-01
1.687286664178608009e-01
1.686340554322019458e-01
1.672907187032686982e-01
1.625289505558051295e-01
1.617388714524708171e-01
1.675693438364112553e-01
1.593123971773871550e-01
1.569008224747111269e-01
1.589376777779783201e-01
1.535886183599192156e-01
1.535447232821780805e-01
1.509137188520648376e-01
1.487178835298191559e-01
1.485284300074685149e-01
1.486215806825504915e-01
1.449505496827593609e-01
1.446681163006826587e-01
1.444418693943895493e-01
1.439418797673220340e-01
1.425697750595049662e-01
1.382191664974052048e-01
1.403181466852690407e-01
1.391760438882918283e-01
1.381067838069858222e-01
1.372775083035531751e-01
1.331533985448556112e-01
1.355052778930410651e-01
1.335579274963804020e-01
1.333446456872804664e-01
1.326216602701144609e-01
1.317742463217373983e-01
1.283300791972107613e-01
1.289779304232226975e-01
1.279840374124139035e-01
1.282143766052378508e-01
1.207994584682768879e-01
1.270665941402182864e-01
1.272515812747441466e-01
1.251546852222368000e-01
1.244848746774473297e-01
1.239334604009071639e-01
1.227942293727818518e-01
1.228870104016153986e-01
1.218183873934754052e-01
1.206022084568967589e-01
1.204762395457909807e-01
1.200396894849730806e-01
1.187025071557034905e-01
1.221224955034096310e-01
1.256098221844625662e-01
1.172915757297769423e-01
1.162559527107743795e-01
1.147276944979316177e-01
1.041524824505998259e-01
1.148177769969158935e-01
1.088905192825729007e-01
1.135624584130907472e-01
1.127069706711983088e-01
1.128527238587092585e-01
1.119740410927139995e-01
1.117485937081283687e-01
1.027518453589185976e-01
1.111936064226889953e-01
1.110521587216789369e-01
1.100097088051469468e-01
1.088853088143757752e-01
1.091707592585110936e-01
1.084158626165935696e-01
1.081175678822602626e-01
1.043225416301725716e-01
1.055617764147253196e-01
1.068188078174752143e-01
1.063784302856334019e-01
1.059675312991570223e-01
1.058944034817135560e-01
1.039512444926073698e-01
1.048382848283725688e-01
1.049955214545907345e-01
9.384086772071245641e-02
1.037687207305331011e-01
1.037106718701387986e-01
1.035326273415695664e-01
1.028944324925337855e-01
1.025528360999823085e-01
1.028004705021785675e-01
1.052551583265587953e-01
9.866366466766210430e-02
1.018572845362191170e-01
1.020782696928916738e-01
1.008162457907440940e-01
9.869303480646654525e-02
1.005846230068513925e-01
1.005023743783365203e-01
9.892135255775354186e-02
9.705613391994832861e-02
9.921196724740999340e-02
9.790710520493051128e-02
9.845292713134566609e-02
9.867766610050895948e-02
9.656919263195087866e-02
9.708696198870725436e-02
9.785128886525720771e-02
9.793925213475292157e-02
9.735829594489270322e-02
9.727164719742850685e-02
9.700105473360541575e-02
9.746230739390213116e-02
9.678965519307307364e-02
9.682877845888912538e-02
9.604291145979465538e-02
9.754593198949342014e-02
9.615192332236172090e-02
9.619081201897408673e-02
9.615517479886792618e-02
9.580419081096240574e-02
9.505292924344775629e-02
9.100915318665249443e-02
9.540510403612545431e-02
9.569550734891395238e-02
9.409650076224702897e-02
9.425208768075359067e-02
9.349282347323278897e-02
9.376901241447424540e-02
9.663697115577131458e-02
9.344223001921321548e-02
9.236528496501654473e-02
9.364414776479403069e-02
9.347305539983474798e-02
9.295667119810648027e-02
9.180319345715939883e-02
9.243485002805450212e-02
9.078275554717542273e-02
9.063606630082499116e-02
9.130772688434907192e-02
9.151075861300329850e-02
9.198596555942667452e-02
9.147420543711903829e-02
9.125569395858572352e-02
8.998601071766011705e-02
9.111496085574954940e-02
8.851267499036978570e-02
9.109569389750055146e-02
9.062102639680987004e-02
9.049039998732376355e-02
9.780255822178503256e-02
8.923376384290221397e-02
8.980544995350311921e-02
9.365438930454850208e-02
9.022958088368616958e-02
8.995764408432520287e-02
8.996118565508162690e-02
8.795245892781856922e-02
8.687411684179414950e-02
8.952816298708246578e-02
8.448741119688103762e-02
8.893114683469320603e-02
8.992157250178380024e-02
8.926810962369442770e-02
8.848606009746370904e-02
8.869518746402649256e-02
8.888432227399181706e-02
8.858291378609876865e-02
8.905979662961072130e-02
8.370905870598872867e-02
8.847890700521653107e-02
8.788898830112108762e-02
8.846903975158688926e-02
8.644702192678223318e-02
8.867764090019766843e-02
9.053130083740168477e-02
8.601070734333302048e-02
8.840189039654353098e-02
8.784297683873402984e-02
9.011445762189104758e-02
8.903436399191018424e-02
8.991707308686244793e-02
9.099223103661070733e-02
8.966413937064689199e-02
8.577610501654134301e-02
8.831282113744995388e-02
8.624917208807632296e-02
8.784691122514955153e-02
8.707573477884936186e-02
8.827599131248946296e-02
8.752034413727161066e-02
8.454654206062647837e-02
8.721450518725124001e-02
8.306695216921013147e-02
8.689107855650592127e-02
7.830939684646262555e-02
8.678061985058969918e-02
8.501849863132827922e-02
8.627375015656331414e-02
8.680092743955790391e-02
8.921267638367567920e-02
8.629767264008464389e-02
8.665753461950025105e-02
8.597272561767227428e-02
8.499080178413626063e-02
8.571821804693140201e-02
8.932932521502925938e-02
8.619317005044478675e-02
8.633151424729516854e-02
8.581492170148342924e-02
8.606783565197202723e-02
8.449602753970313074e-02
8.590287479313750418e-02
8.661705541346755022e-02
8.568292879205800794e-02
8.075177702373592670e-02
8.543744841075151530e-02
8.977626590852691435e-02
8.519759899758783117e-02
8.585818969187358762e-02
8.592512201495522417e-02
8.585426556733379011e-02
8.982542819551531110e-02
8.640631821290696568e-02
8.569473293309308459e-02
8.546826268181556552e-02
8.463058579864066178e-02
8.701719937471631694e-02
8.281212263267680174e-02
8.541214312046224721e-02
8.557906965110592679e-02
8.548972903279622448e-02
8.498622846071739179e-02
8.564690256966964177e-02
8.196286340018694994e-02
8.593358184980455505e-02
