1.166651981570415053e+00
1.580015839160652691e+00
1.675079791362581227e+00
1.816726532555799967e+00
2.122259122327338154e+00
2.316551422751257139e+00
2.576959294975720738e+00
2.124570587878374273e+00
2.306134389897395831e+00
2.522123404850964423e+00
2.598008763973336244e+00
2.932845970926941881e+00
3.034129629901674008e+00
3.023906674717921295e+00
2.996359413021438378e+00
2.950552633153725068e+00
2.923168124836864390e+00
2.887253129922459749e+00
2.844323555473335041e+00
2.804573042462128463e+00
2.769539612902615744e+00
2.733850293668882880e+00
2.695392461266662654e+00
2.653695250165707620e+00
2.609366273481652510e+00
2.563188793802026577e+00
2.516711397866564948e+00
2.470833545017046440e+00
2.424422596946512076e+00
2.377754899464740390e+00
2.327553204884221127e+00
2.274627303632708486e+00
2.219767375018593114e+00
2.164218155575706515e+00
2.108721037161296774e+00
2.053695296501709677e+00
2.000071551198904007e+00
1.946421626839638597e+00
1.892437146086558553e+00
1.839626523271359115e+00
1.785969070688631977e+00
1.727544384400985900e+00
1.649999425205249226e+00
1.553766226464675437e+00
1.579001653688912654e+00
1.580345098908576329e+00
1.586962745707804601e+00
1.607992329365173445e+00
1.621055760850444116e+00
1.624514894134891474e+00
1.617546655404918265e+00
1.606790512593269771e+00
1.585883063766328149e+00
1.563864141558413134e+00
1.542525274097649834e+00
1.515026019768839216e+00
1.489883407962592221e+00
1.463466158288816210e+00
1.437783597208844633e+00
1.412928972135248706e+00
1.387256550080063544e+00
1.361569749306677402e+00
1.334678041314517616e+00
1.307858863326883059e+00
1.280894450935845530e+00
1.254101566775196464e+00
1.228403296532350142e+00
1.196542712253615637e+00
1.174774286749236119e+00
1.145185672237771346e+00
1.116864788372416095e+00
1.091555695884198762e+00
1.066026861373790435e+00
1.039334329753636821e+00
1.018437555633488589e+00
9.830408940113248839e-01
9.629173745544533647e-01
9.349188742893516091e-01
9.163190883084910698e-01
8.929391024085975292e-01
8.697056126938486065e-01
8.475210658013551113e-01
8.214948285140061257e-01
8.034130812216253581e-01
7.819702694402430598e-01
7.618726683959533563e-01
7.417256876117678255e-01
7.219307256753668689e-01
7.039441981964683626e-01
6.844622747996028655e-01
6.658063904011062295e-01
6.476283420083270848e-01
6.302846767217216151e-01
6.126197133044770649e-01
5.909699752240586967e-01
5.791254368099258976e-01
5.656770218059029576e-01
5.479473049493898129e-01
5.331374081442300517e-01
5.180426150259920259e-01
5.015531660725214280e-01
4.862457680823543682e-01
4.776293343679463566e-01
4.612186340695542119e-01
4.479331652435375455e-01
4.347389723694917718e-01
4.238873727772723421e-01
4.084295383557648984e-01
3.976286523794683170e-01
3.836213080279091137e-01
3.769967266461894395e-01
3.583121069651146740e-01
3.502410525475325720e-01
3.343348944317409699e-01
3.298749877106187389e-01
3.172074040644722315e-01
3.087412737816258024e-01
2.981061342095777111e-01
2.858793787143770748e-01
2.753409193492721285e-01
2.675949511793878632e-01
2.591284159807683563e-01
2.459569858182411861e-01
2.418404635955122839e-01
2.285748090484670259e-01
2.233330000691990114e-01
2.155164922724288612e-01
2.130916732340900066e-01
1.988771364602821001e-01
1.919914957993811011e-01
1.857250619645196554e-01
1.777485278959218817e-01
1.666882932608834689e-01
1.617703230066410147e-01
1.547371441419741755e-01
1.481545877290885715e-01
1.421752074583876313e-01
1.350926606852191902e-01
1.306427133932174522e-01
1.248809807073776174e-01
1.197355963448293176e-01
1.110950584251723661e-01
1.048788665409000342e-01
1.010545371514517121e-01
9.511766242925373538e-02
8.898741929702203013e-02
8.395679937927248704e-02
7.992498532792691179e-02
7.599452928832800547e-02
6.972530052922457089e-02
7.306064752896197778e-02
6.025508673945794563e-02
5.681261235510584595e-02
5.190653669523206254e-02
4.743945479526051612e-02
4.410944954703504423e-02
4.086721374026232312e-02
3.777629274079814109e-02
3.355967913899143146e-02
3.081111495045263729e-02
2.865903559180517715e-02
2.518199679009998707e-02
2.537496914622225722e-02
2.710860966174778036e-02
2.085648044805981857e-02
2.034414225903856746e-02
2.313791723548034099e-02
2.080464619426179718e-02
2.091985350356896645e-02
2.147248700812723343e-02
2.334579285025861414e-02
2.211505962419827928e-02
2.488559745858401687e-02
2.754496588634264276e-02
2.979113021261198951e-02
3.213298420872690020e-02
3.349811102623125730e-02
3.537363459226213619e-02
3.183037072453569899e-02
3.942189769888889556e-02
3.958210720811918687e-02
4.428028376401712402e-02
4.357404303992751249e-02
4.541123474215282008e-02
4.654993635939640856e-02
4.996880183903482098e-02
5.590931198320708145e-02
5.092889978737987627e-02
5.081850692309693163e-02
5.554950288819661408e-02
5.999110834552798949e-02
5.816370752032141295e-02
5.781052164988227660e-02
6.025094668880107140e-02
6.195373679824793534e-02
6.020773680760480029e-02
6.244936800585935976e-02
6.568329406218999245e-02
6.354452056970623375e-02
6.442931623314006317e-02
6.223354918155687282e-02
7.160754042131070585e-02
6.729898608561997453e-02
6.793051010633148479e-02
6.888964140327380470e-02
7.571673103297779650e-02
7.277362416874162687e-02
7.127700700156601454e-02
7.129799455297312905e-02
6.992816450746919266e-02
7.256572854694269548e-02
7.299792432564561340e-02
7.582248510735407898e-02
7.212027655425694295e-02
7.641317673452233117e-02
7.544238766119559791e-02
7.517433710969086136e-02
7.249432697441664242e-02
7.614902448859192652e-02
7.714802332750228531e-02
7.819284178396110341e-02
7.874396169057663875e-02
7.717744519198899145e-02
7.900099331897521282e-02
7.934187315555485398e-02
7.983386758049806908e-02
8.000318832506675415e-02
8.035949387315230452e-02
8.051543377162241610e-02
7.995897644285826500e-02
8.210597501647563801e-02
8.183869360498501055e-02
8.301959744576514755e-02
8.171494862938498416e-02
8.077927236948900802e-02
8.629313931612488109e-02
8.327748467200675464e-02
7.865286471514945643e-02
8.244639214726295906e-02
8.355779727352058428e-02
8.568431780954163801e-02
8.261117623015476474e-02
8.185829512170193778e-02
8.217225565739613713e-02
8.346395152672185513e-02
8.307059091896774883e-02
8.178862933718145101e-02
8.317997358541269481e-02
8.053059514337516933e-02
8.184494357300235723e-02
8.131097235281825597e-02
7.925409760397372771e-02
8.297963362514997054e-02
8.395818873574303898e-02
8.249932753472691283e-02
8.384650595909570736e-02
8.401537974218654947e-02
8.188099357314779225e-02
8.301698776307045446e-02
8.583873184789699018e-02
8.290062719534634084e-02
8.234430700318771945e-02
8.325187324604196859e-02
8.223791197690340227e-02
8.213719148286167948e-02
8.443256824544602412e-02
8.405218589897056614e-02
8.015303410781758620e-02
8.274809140208938540e-02
8.498926589311210644e-02
7.981105452530537492e-02
8.286403872714617758e-02
8.180838145082076907e-02
8.334858895704957971e-02
8.109218980017529610e-02
8.131193495943059291e-02
8.200425476273706660e-02
8.217205954874795548e-02
8.144408461358994267e-02
8.288789992406896123e-02
8.185754043368331789e-02
8.088294964248583796e-02
8.132576428821271242e-02
8.088040563239606850e-02
7.992617186333350610e-02
8.049249929906496237e-02
7.998876684811644100e-02
8.071891310502836425e-02
8.110572639982678578e-02
7.917910659743032653e-02
8.027267633764793853e-02
7.748212027981185579e-02
8.620663907888327648e-02
7.895314669536813990e-02
7.812995383728053855e-02
7.857454941319748365e-02
8.059307181587858915e-02
7.687985219305906726e-02
7.829698635068096935e-02
7.747678891127214584e-02
