1.023859825600031970e+00
2.598818117707286657e+00
1.010279463514427212e+00
1.495462731675406998e+00
9.386873816007109683e-01
9.487884142317628555e-01
1.105247191732729783e+00
1.279295684617349993e+00
1.026873884670604253e+00
1.139072396702425438e+00
1.621392365555045068e+00
1.627666633705376453e+00
1.366456040792939364e+00
1.329890013222968737e+00
1.387460095522586201e+00
1.334427938664057400e+00
1.013407644046313560e+00
9.531354453195551857e-01
8.443012741599470461e-01
8.357994921722027293e-01
6.790346875742555577e-01
6.654413885483295710e-01
6.756220393597942575e-01
6.457175358551331401e-01
7.165556924362397329e-01
7.303111367556908151e-01
8.373190454472716482e-01
6.531887446475838077e-01
6.073104993841272892e-01
5.732430301060387201e-01
5.030484798637644417e-01
4.708286926290164431e-01
4.835562157999956368e-01
4.825415988798237854e-01
5.456160908404719123e-01
5.542459059375254293e-01
6.659382238570523693e-01
6.479057918214120582e-01
6.648837460523407961e-01
2.162307217334814791e+00
1.850566995281577309e+00
1.511430164669902654e+00
1.289919970023858387e+00
9.589170940631879247e-01
7.515023151565797255e-01
5.031722611828776115e-01
7.638453145091841368e-01
3.084197216188761526e-01
2.737732464145702926e-01
2.650001384948829641e-01
2.355097401828976089e-01
1.703361835538990954e-01
1.751217063394737983e-01
2.597261282293595319e-01
2.406581041163816381e-01
1.609270391864312533e-01
2.962393166511473885e-01
1.760861766541361173e-01
7.107288004871753495e-01
2.919309019111155368e-01
3.978653277934929289e-01
3.743439429209151070e-01
9.054829003798451348e-01
4.962931510649440936e-01
2.450627058228394828e-01
3.500550750500278641e-01
2.403333137291600030e-01
2.655332927924270447e-01
3.327314189516618614e-01
2.339997972419484151e-01
2.504961135783172477e-01
3.247537839671301163e-01
3.846262680826746938e-01
2.665181671628184534e-01
3.381801037614700078e-01
4.475422741208314736e-01
1.525372072347725150e-01
1.273648254918561817e-01
3.975800152377031993e-01
2.493535666846337095e-01
2.714392652089192559e-01
3.540490399696804569e-01
1.894157663813999248e-01
3.384985410871545475e-01
2.403303012446727782e-01
2.043724057334491695e-01
2.347578436696938775e-01
2.149469118700261805e-01
1.618612503345554510e-01
4.357744703485244009e-01
8.312942168173544089e-02
1.114738463184313244e-01
2.378585296057972032e-01
1.548221110811773271e-01
1.918800691780741530e-01
2.158352584039913424e-01
1.203064307791486265e-01
2.391818890734927483e-01
1.936433710593930824e-01
2.178550375243516191e-01
1.582749162075524352e-01
3.078816516620266341e-01
1.124742870500687192e-01
7.859922680788948568e-02
3.201796231502061496e-01
4.173574219104553840e-01
1.636510817356016112e-01
6.360081341744578953e-01
1.370770932445049828e-01
1.833679680720421701e-01
1.881750318929896748e-01
2.728472257421213909e-01
3.496521999724602064e-02
2.899750375169314331e-01
2.394428671849533619e-01
4.716195525091998464e-01
7.672695799137162209e-02
4.534911423734039326e-02
1.540242560393156879e-01
5.331449448112647593e-02
5.671397784388780561e-02
2.486429567551445285e-01
1.202595422144417531e-01
9.917479573916124225e-02
1.650681048594394573e-01
1.117933586304896559e-01
8.107646389013493937e-02
1.311302946148580617e-01
2.459020416565080025e-01
8.919742590916648894e-02
1.868232689041484929e-01
1.732236885631262546e-01
8.751264448332372881e-02
1.123040703666115941e-01
8.182156122482363292e-02
7.536387522979455522e-02
2.735498956776727941e-01
9.630500045831966172e-02
1.149661043332500521e-01
1.338889863610920605e-01
1.824412516962130859e-01
1.472736123061987590e-01
1.858969629487634556e-01
1.851113937138234855e-01
1.570481452747375939e-01
1.137674589808716913e-01
3.598277092290344537e-01
1.385618517021527663e-01
1.711313464779185278e-01
1.231434000693763658e-01
1.515926747311483469e-01
1.432470896697106977e-01
1.264908889771833023e-01
2.875529999719214080e-01
1.688824543151763169e-01
1.703016626315141668e-01
1.634028420038937113e-01
1.785086979734139268e-01
3.374450287874535825e-01
1.735305148029614719e-01
2.091888243215606347e-01
1.431507592354108183e-01
1.928129507220445737e-01
3.613134291098179518e-01
1.804366210953074479e-01
1.660476597508697971e-01
4.231899958527042260e-01
2.012791297669792867e-01
4.041280871196690772e-01
2.450596583739353962e-01
1.698406836673167775e-01
1.709473565693656605e-01
1.738455087693537016e-01
2.185784571509429841e-01
1.852820166608565300e-01
1.757780373659335038e-01
1.693787700900832305e-01
2.032443995227161126e-01
1.652196846999249569e-01
3.053216327398470820e-01
1.884256232021054300e-01
1.618635566219557009e-01
5.458670055740189042e-01
1.390358135800367767e-01
1.958863919207311233e-01
2.390396424926420627e-01
2.263966361878355371e-01
3.776167574095373181e-01
1.895370605494370586e-01
3.474783772503472479e-01
2.217326349267522978e-01
2.079838726127305193e-01
1.575718572103194104e-01
2.214049056550273509e-01
3.026710862632617793e-01
1.620291749297030903e-01
2.352858172401686154e-01
2.240078123991292025e-01
1.760643396048817977e-01
2.325546800866956643e-01
1.312131423913734662e-01
2.580507714957005483e-01
2.285113226949851972e-01
2.138885937357048184e-01
2.758203501171734295e-01
1.886176463879722098e-01
2.189394307997315769e-01
4.415462962294124938e-01
2.820021641558257408e-01
1.789785906234260260e-01
2.331499305426041058e-01
1.807439021624059061e-01
3.024199604274642184e-01
2.492070697172333593e-01
2.273317757323849164e-01
2.927148226872668402e-01
2.740116525636225875e-01
2.135397800876718266e-01
2.331396156122961250e-01
2.892955988923188171e-01
1.823643256772767007e-01
2.184678226195193862e-01
2.117277317090947020e-01
2.913425053001832410e-01
2.605409144977183789e-01
2.237760382197431785e-01
3.087602410431465882e-01
2.403067486824362053e-01
2.083259674142756701e-01
1.670669742740513442e-01
1.562016461522171273e-01
1.913354065029295170e-01
2.316609151961092072e-01
2.215148720401677873e-01
2.361420106437912836e-01
2.557913736777341351e-01
2.400495702699065870e-01
2.274019203360177488e-01
2.612369994543659590e-01
1.686813407976331669e-01
2.385456653895529078e-01
1.870058122223734742e-01
2.369841943719221966e-01
2.182463427287633373e-01
1.921010478017403655e-01
1.884854657124221677e-01
2.364626854315046434e-01
2.010942180406944391e-01
3.030119971007469992e-01
2.399128311143736980e-01
1.243335921719757736e-01
2.631009231340847854e-01
2.312290000021894609e-01
1.797337416057477322e-01
2.101277223771017000e-01
1.962174820970785105e-01
2.131523085820116181e-01
2.381916876356746926e-01
1.781186727113862056e-01
2.546742402603531241e-01
2.122735349707246533e-01
2.359347265683842676e-01
2.228720432747359759e-01
2.475652960948900583e-01
1.912021713110977350e-01
2.655784635825425566e-01
2.280538716821513823e-01
2.421106828619046802e-01
2.184951198826481367e-01
2.005956382283036188e-01
2.178981805201198607e-01
2.390012629232292352e-01
2.425469150443869681e-01
2.424125215267998179e-01
1.823568914886762593e-01
2.017747827535034399e-01
2.412716353361237243e-01
1.725133761229591944e-01
3.541862570416283162e-01
1.984424387263132028e-01
2.101667945621939204e-01
2.164493106751779472e-01
1.905111597274931901e-01
2.299865321316243438e-01
2.287885760916689160e-01
1.933523697838598898e-01
1.783302125080992728e-01
2.326183317574393450e-01
1.994476002608010223e-01
2.305945284255761230e-01
2.231192812644344214e-01
2.320900680814576567e-01
1.909934607820253927e-01
2.206387466227232030e-01
2.257077346525368233e-01
1.943142222535804708e-01
2.157152991891918281e-01
2.536091591229719389e-01
2.237171833970676427e-01
2.283828111586854448e-01
