1.013242810285948758e+00
6.337397990865675235e-01
8.961217815528483843e-01
5.644804997356513976e-01
2.736133485309774072e-01
1.327719770166715940e-01
7.061983530306673029e-02
4.341794117736758052e-02
3.069103301522497704e-02
2.391240608924721442e-02
1.974670044978177330e-02
1.688670575107324712e-02
1.477704093788496237e-02
1.314220270164121775e-02
1.181061950891717192e-02
1.066562153107809656e-02
9.626426025269491787e-03
8.652097616024609014e-03
7.735769762190858150e-03
6.890903895926732414e-03
5.912143933843795607e-03
5.976422380458286734e-03
4.398946372597018276e-03
5.258333862352330620e-03
3.908525333659000102e-03
2.897294359332346775e-03
3.288197848650739174e-03
3.147724382928203651e-03
2.788739439293314980e-03
2.818856101006787795e-03
3.226762814806054865e-03
2.321171313187043918e-03
3.018047744760814048e-03
2.097477683470993712e-03
4.434581931335140025e-03
1.938577127709930010e-03
1.952911926746811987e-03
1.767169839327277676e-03
1.787671486875338231e-03
5.925340956842561208e-03
1.534873368456273271e-03
1.398376889009542200e-03
2.714968676560057005e-03
1.234621041016522626e-03
7.389845826905522058e-04
9.296316005791409884e-04
1.129819416461025176e-03
3.796118917837486479e-04
8.670326743066045878e-04
1.226439128780320350e-03
2.774657198517188617e-03
1.998339117424100409e-03
1.363458317590797962e-03
3.460818050766134297e-04
9.304377476669446062e-03
7.550177460340583941e-04
4.781992454480904617e-04
6.850738947534796598e-04
6.240441068254598588e-04
1.587262840800312278e-03
1.668055040491717069e-03
3.608543138588417732e-04
1.047365788262823475e-03
8.296048760942921181e-04
7.147819902894337338e-04
1.268185140137188327e-03
1.500462993188531133e-03
3.689316937166314705e-04
5.862005082656074903e-04
5.522466921266929243e-04
3.939911364466873933e-04
1.256428658681305001e-03
5.226037925351791503e-04
4.123903744977095906e-04
5.992042896087878970e-04
3.943102587551600667e-03
8.644347049824319942e-04
2.515359115701902484e-03
9.541054887715917903e-04
9.644309160589225726e-04
7.234831454263282316e-04
5.897685914523373646e-04
2.641863028024560040e-03
1.261801562287161822e-03
3.024305591769880413e-04
1.002128302810541315e-03
1.122651943722527976e-03
1.027533022990258747e-02
3.768120385958657306e-04
9.178646018805426340e-03
1.483638627248969359e-03
2.725404657685300599e-03
2.375033825268102472e-03
2.304580419927027696e-03
8.939380913998132630e-03
1.407656519214047159e-03
7.397945688136831109e-04
4.633945988629308184e-04
1.941242133723204309e-03
2.844210599931723885e-03
2.923425199461134136e-03
4.746731185210586361e-04
2.014716302680750418e-03
4.026538046379360934e-03
1.995120036593065350e-03
7.798155368435276402e-04
3.170746286240707463e-04
4.036821273320962441e-04
3.711157357236205545e-03
9.091946072892331115e-04
8.677120519083907774e-03
6.069513606959791576e-04
3.054875480515968460e-04
1.235963298656587170e-03
1.817271144720318705e-03
1.901327322647074821e-03
7.908183134546170698e-04
4.868233885670505273e-03
3.272784904166294723e-04
9.849482666614896645e-03
4.701670516970080159e-04
6.982087192728464366e-04
3.321064422483824274e-04
1.256060602413952305e-03
3.801033006490202901e-04
3.778957044147767796e-04
1.703007289313175339e-04
3.582068676134653033e-04
1.860946830192906595e-04
1.175484011432403495e-03
1.791454372598436746e-03
1.467683029893825271e-03
4.032369974264347207e-03
3.538065964454384805e-03
2.951412968084320652e-03
2.713761358019844538e-03
1.278376551354587108e-03
5.051212187369646077e-03
2.353274619183714535e-03
7.992812630718144342e-04
8.115525157880061624e-04
1.465218598963630332e-03
2.297366607242858007e-04
2.555733887254819665e-04
2.130278179200867134e-04
4.406219560426865136e-04
2.919131317394824772e-04
9.259150098890315704e-04
6.053591241327304154e-03
9.976888739277680902e-04
2.670836571574444675e-03
4.652898686851355127e-04
2.844656082181273599e-04
1.178085851770024678e-03
2.967922239924513099e-04
2.814715706119162134e-04
2.820633658894872056e-04
2.842557688941098619e-04
3.795009107062204600e-04
1.979586710225301614e-04
2.078858663946008304e-04
1.335453436898869630e-03
6.998383198445825041e-04
3.187789496345458883e-04
1.972517306779328849e-04
2.561478940972850590e-04
1.136084501134335296e-03
9.274006971631405761e-04
6.491939349576497697e-04
2.077226560200348454e-04
2.656062407934476721e-04
2.839940733120034731e-04
1.455858207416274239e-03
1.516559268777315297e-03
2.065693407698363741e-03
1.892316496458894184e-03
5.733372678016100329e-04
1.258672864976439825e-03
1.541670979451066886e-03
2.089180793543609239e-03
5.662302259910525094e-04
1.792991075598227891e-04
3.915030943531429102e-03
3.924999064622435203e-04
2.262322631468070909e-04
1.848740891475597311e-03
4.596852628125739151e-03
3.217271926624991319e-04
4.953555254590568573e-04
2.925520080961705577e-04
3.203180223400020187e-04
5.923467503238352867e-04
1.495333098662285972e-03
5.861848909372406602e-04
3.029543892555320770e-04
8.243183626877257633e-04
3.634667619342959901e-04
2.614311854479122463e-04
2.350579808061461270e-03
9.574774265426142525e-04
1.410891194560088798e-03
6.586300856200919636e-04
3.160159307071641176e-03
2.974457079886409349e-03
3.332517757814297218e-04
2.311944636398323872e-04
5.545910749940608994e-03
2.114903004842618502e-03
3.034162120766921282e-04
2.884513474420952617e-03
8.472951600265204346e-04
8.486874346252743428e-04
1.740057066263401815e-03
6.310632760324086940e-04
3.952232366718898163e-04
1.764935623661617820e-04
3.082603944474427327e-04
6.407803440697408797e-04
2.506908042291279819e-03
3.998248733060403431e-04
5.084683293573471520e-04
3.628946855242721667e-04
2.076770987878457124e-04
3.242700628527475670e-04
2.568752081992710466e-03
2.029713945882782519e-03
5.617756459403029081e-04
1.527216341000745513e-03
7.151084715970397378e-04
6.149812225805200002e-04
3.591845289163481331e-04
4.212666133647504307e-04
2.177707747499263522e-03
4.139915226753967795e-04
2.576721186516834987e-04
3.230990025066592997e-04
2.236721973026217867e-04
1.172574238157094535e-03
2.901535931497232113e-04
2.919176180692503383e-04
5.016888750503409149e-03
1.027859069790989502e-03
2.101948362301371109e-04
1.805336107128767496e-03
9.858832470588444179e-04
1.395071472770228246e-03
4.671242019204158483e-04
1.816927536419829211e-04
4.008580339694412225e-04
4.360601283681388683e-04
1.328996896103880158e-03
1.482267715418820542e-03
1.522760780105468894e-03
9.013764082697071694e-04
4.352886744963505744e-04
3.733963033204706428e-04
2.705742878037748866e-04
4.383173621605426285e-04
4.969357081210591838e-04
1.133699394569569240e-03
9.223827450120632371e-04
1.605396881128960196e-03
1.146756766560196256e-03
1.044464865585590990e-03
1.044761225845070680e-03
4.646938446915584706e-04
4.210680087113919876e-03
7.611200174660182191e-04
1.558484995740891822e-03
4.192910628455593443e-04
2.685256448759781736e-04
6.563501012418756575e-04
3.000603220614842057e-03
1.562403537329475154e-03
3.807293135843463762e-04
5.085897955767960032e-04
9.500822683248275145e-04
1.638515529093187992e-03
5.108718002313849356e-04
1.339523007448010323e-03
1.567267250763493529e-03
3.160109814120442206e-04
4.942993087695070516e-04
8.012644981998484454e-04
2.857207861120373855e-03
3.845903874680947805e-03
5.071792961725849012e-04
6.045508982512310227e-04
5.815937709376161951e-04
4.843817212859322769e-04
3.534920803318040441e-04
3.075170187551993367e-03
4.364031522098600342e-04
6.535911266501078518e-04
1.169361102603074963e-03
1.642694881724290467e-03
3.002494694357287787e-04
8.082474639654559003e-04
1.826461916245529461e-03
4.398760108406275966e-03
