1.038735982886356268e+00
1.306066129199784154e+00
7.008495165165088636e+00
8.376950770641027333e+00
8.468099063870441867e+00
8.533686241093285219e+00
8.504383523955404200e+00
8.217030963117201381e+00
7.880822873948970297e+00
7.723416912182655913e+00
7.403882662771624545e+00
7.169494933603054676e+00
6.985652039783195377e+00
6.789002390819275590e+00
6.502362112049421938e+00
6.158980608846972515e+00
5.797430083237736120e+00
5.444454909731865300e+00
5.192221337245319646e+00
4.957519340013544884e+00
4.764706485039473804e+00
4.581029626441081248e+00
4.411921617591164413e+00
4.253570458535389953e+00
4.089360839870315623e+00
3.909625736991461320e+00
3.727425131470929021e+00
3.538580863538269394e+00
3.358626371946964451e+00
3.180008422617327746e+00
3.018117767692165998e+00
2.845928086585336469e+00
2.683268296655992202e+00
2.499003158230845401e+00
2.344566817583239704e+00
2.172751997267019508e+00
2.029125918605394929e+00
1.873714361112179372e+00
1.723049016281063217e+00
1.575703377482446932e+00
1.442411597861253059e+00
1.287890472973801437e+00
1.187990824104111054e+00
1.058142434621586192e+00
9.675460454290414347e-01
8.897204241353374732e-01
8.418207636095199620e-01
8.238380574204257067e-01
8.364241376503486203e-01
8.838983428522826369e-01
9.551233831085934600e-01
1.047337693497127464e+00
1.147961388843935504e+00
1.269987360810628685e+00
1.394238025687270399e+00
1.535188028345455091e+00
1.671385872766626424e+00
1.812499924699225717e+00
1.960651855458469539e+00
2.095975606460260821e+00
2.265945436048901751e+00
2.389516006319576391e+00
2.534881363526969800e+00
2.684677400077720932e+00
2.825841052502119144e+00
2.979779191430256269e+00
3.131964323970793718e+00
3.274617444355906848e+00
3.429271329097637100e+00
3.561865712687938945e+00
3.714474462378001718e+00
3.852098107576150898e+00
4.004807044614489442e+00
4.145881723260415264e+00
4.282183702356310739e+00
4.426652934523159111e+00
4.564037266218276656e+00
4.696842657901146190e+00
4.835723181658240222e+00
4.963448332091477511e+00
5.107353361263572644e+00
5.232074767655405800e+00
5.371540491121207239e+00
5.514605657173145659e+00
5.621130245260875569e+00
5.739539761700863885e+00
5.898129421492514624e+00
6.000850801176991212e+00
6.131045397860223289e+00
6.257749934588985319e+00
6.382637879923546365e+00
6.495448723095722521e+00
6.630817929926201337e+00
6.713859991827873408e+00
6.830985906575532063e+00
6.965038482456476387e+00
7.086635406871795162e+00
7.200151043455645272e+00
7.296879660185758176e+00
7.419638983002408317e+00
7.508164297945249643e+00
7.623714369019116255e+00
7.724378415354839156e+00
7.834408160756754391e+00
7.920398657614572180e+00
8.045883100419516154e+00
8.130800714677166141e+00
8.220504959107056919e+00
8.338132783529278669e+00
8.422319285156687485e+00
8.522136121204184178e+00
8.616055988841175406e+00
8.716323785589819906e+00
8.806128749317405635e+00
8.898289330079588666e+00
8.979646980879808282e+00
9.060561395928186101e+00
9.130207152209845134e+00
9.217471744606484663e+00
9.300221773568187800e+00
9.378903863152583398e+00
9.456882278433576872e+00
9.511575140563987674e+00
9.571295982079819353e+00
9.640168759889702343e+00
9.719235533865514753e+00
9.768166639096463655e+00
9.828275334094495719e+00
9.912716354167386612e+00
9.947236575403458403e+00
1.000167569225179065e+01
1.005475055035882548e+01
1.010886841249000767e+01
1.014369172195919333e+01
1.019366867546966482e+01
1.027377596607675692e+01
1.028461593509414129e+01
1.031643415370879424e+01
1.038371061904879333e+01
1.040971263821950465e+01
1.041711315048645048e+01
1.045970185671039410e+01
1.047325024454930542e+01
1.055054544288444518e+01
1.052792430024764414e+01
1.056779298625097141e+01
1.059948795865630267e+01
1.061431454370359440e+01
1.062965382859624697e+01
1.066104224350363872e+01
1.070156354892410633e+01
1.068406774400751580e+01
1.071561968236465212e+01
1.072252028997745477e+01
1.075627906329918559e+01
1.077496730253299617e+01
1.079432797847098335e+01
1.081012861848130768e+01
1.086559017153817486e+01
1.084807752820148075e+01
1.086894673595690719e+01
1.088327715652751415e+01
1.088878942719301257e+01
1.090764496768322900e+01
1.092500901296255655e+01
1.093004087384256984e+01
1.096692902290109117e+01
1.098201689279816051e+01
1.099739934077115855e+01
1.100852810946986260e+01
1.102855978121154124e+01
1.103462121263357965e+01
1.106340076512242554e+01
1.106211382962629131e+01
1.109823106281453242e+01
1.108606072136674037e+01
1.110529624117521585e+01
1.110327661443261249e+01
1.112139666674321248e+01
1.114495807161768326e+01
1.115792129119697407e+01
1.116983384689520342e+01
1.117378517267311899e+01
1.117739622499570373e+01
1.120219132079253477e+01
1.122181120815118582e+01
1.121519061325723854e+01
1.123091511114737528e+01
1.124547078951272994e+01
1.125456448725296354e+01
1.127099044660196547e+01
1.126611168262176221e+01
1.128720581184658300e+01
1.130390321666033060e+01
1.129056770585919445e+01
1.130805389664512539e+01
1.131880944719406834e+01
1.132920581269342541e+01
1.133863044710925649e+01
1.134441609489181957e+01
1.135574592182377174e+01
1.135070919764895514e+01
1.138088361158022366e+01
1.137482922813840602e+01
1.139709904186894462e+01
1.140852038036887883e+01
1.140566988195409159e+01
1.142311463296698726e+01
1.143834405845393576e+01
1.142635628301317752e+01
1.144243631014975904e+01
1.146013106839532369e+01
1.145338996689903688e+01
1.149932954636102167e+01
1.148401437616038301e+01
1.149653453179099571e+01
1.149444845754630329e+01
1.151911550774495474e+01
1.153896242370087855e+01
1.154031103918367940e+01
1.154335387577736505e+01
1.155237416741601564e+01
1.155620351396632906e+01
1.156656808364219202e+01
1.158699768279919695e+01
1.157644243666055317e+01
1.160807995964812989e+01
1.164540697710627803e+01
1.163096322589537479e+01
1.163065437039256445e+01
1.164681702646962513e+01
1.167109175909592267e+01
1.166686248788820457e+01
1.166202473626260350e+01
1.169083564656307495e+01
1.168068554824204419e+01
1.172838358148682403e+01
1.171560373386692255e+01
1.173774600868686768e+01
1.172554666504181142e+01
1.173243003799826845e+01
1.176442288757414012e+01
1.175976365824958236e+01
1.176693485089904634e+01
1.179876990118398616e+01
1.179878150329364495e+01
1.182047022436844053e+01
1.180282347697255041e+01
1.183127448364263756e+01
1.181679187895562499e+01
1.183795012396454460e+01
1.184401055586627827e+01
1.186590391497673735e+01
1.188554689130742581e+01
1.186141487362499092e+01
1.189341357332240534e+01
1.189245678714177679e+01
1.191614061724236251e+01
1.192453504160318722e+01
1.193532313204550732e+01
1.194428196215941362e+01
1.193089336859224758e+01
1.198035788238386878e+01
1.196584428590985816e+01
1.195581868004263093e+01
1.197408231550364377e+01
1.198453176388996511e+01
1.201586412953120764e+01
1.201738602942223011e+01
1.201799905064186014e+01
1.204348867399593104e+01
1.202885491104770921e+01
1.204688591278994458e+01
1.207715720811138382e+01
1.207699577637682253e+01
1.207113982410824349e+01
1.206981273961202028e+01
1.210772407653533200e+01
1.209453701012606075e+01
1.211114051100499012e+01
1.212654281585218285e+01
1.216599455184205958e+01
1.213318253279793346e+01
1.215555401389907964e+01
1.214487688766843299e+01
1.216309267967496410e+01
1.217288261070897981e+01
1.217190842067320311e+01
1.218983199613742485e+01
1.219943680379424045e+01
1.219164022713812834e+01
1.222243221864716745e+01
1.222277910022614478e+01
1.222436254018448665e+01
1.224789079629177735e+01
1.225261207213358361e+01
1.227609763067759729e+01
1.224827476966220807e+01
1.226258434700659272e+01
1.226422818671603387e+01
