1.092539335986603133e+00
2.107042652437328023e+00
1.235551105183066323e+00
1.247505413377359096e+00
2.750298647671103325e+00
3.114376102881698749e+00
2.813551632919405243e+00
2.561833502876315727e+00
2.334937460742498416e+00
2.126777437827281680e+00
1.933830759311158998e+00
1.755795427939836673e+00
1.587176223458362179e+00
1.424809875867093956e+00
1.264650055840870424e+00
1.112385914588305269e+00
9.673675045627510016e-01
8.380022754188112266e-01
7.159211774626867975e-01
6.030747478411744300e-01
5.070611860465102927e-01
4.161859046069013024e-01
3.606899375044759215e-01
3.161055748926745457e-01
2.724416181928615566e-01
2.822038673151995303e-01
3.098873104536107870e-01
3.364185738707280438e-01
3.578065485311718863e-01
4.236299619155702856e-01
5.355729668125918108e-01
4.583517731360327030e-01
6.429001277351031884e-01
1.025749159919948861e+00
8.404018230072112239e-01
6.761443242192394232e-01
5.678048931287607015e-01
4.934405552065039280e-01
4.295873211413155368e-01
3.917522785974357213e-01
3.552911317546019743e-01
3.251022339650342929e-01
2.907350704984205114e-01
2.608358744916767780e-01
2.415431554389061430e-01
2.238975657216639159e-01
2.042587998290526785e-01
1.871605579968270983e-01
1.729825322060436488e-01
1.556804761744104149e-01
1.389646394130227836e-01
1.185453729921151084e-01
1.065664465998383548e-01
9.141888059841125902e-02
8.499019169561133902e-02
7.264005939716308702e-02
3.803638422724432006e-02
3.433360826715154551e-02
2.793593861804156975e-02
1.122640871664554521e-02
8.632945420353336716e-03
1.512487535248181920e-02
2.939947092689655303e-02
3.503455769410231818e-02
8.967613110358146900e-02
1.178461284155743471e-02
1.604316947984774783e-02
6.478161847742930357e-02
3.817086203584062198e-02
3.775983078378104124e-02
3.583162911436509057e-02
3.074861654600848440e-02
2.227623188457155540e-02
3.134816012369564392e-02
1.202416835037858726e-02
5.751016611855325200e-02
2.409842250017295295e-02
2.011971463933848181e-02
1.647640861435991505e-02
3.594510460068889302e-02
1.728865125472533321e-02
1.572381583056173954e-02
9.447556741056408261e-03
1.845936702547982047e-02
2.098670173513316611e-02
9.136566611482543898e-03
8.440321171424571348e-03
1.654793088799333747e-02
3.190459847360647971e-02
1.335417402892942820e-02
5.786796431499819683e-03
1.071710926345151305e-02
2.035199777944531746e-02
6.013226400585804099e-03
1.775387662122962507e-02
5.267130647258757951e-03
3.085807793382461250e-02
6.284425706953504151e-03
4.520621554972862471e-02
8.001800608548388649e-03
3.837552905776456247e-02
2.323681694587313371e-02
3.900007639025065542e-03
1.003228652383317092e-02
4.448152654071964480e-03
8.715402564995143250e-03
1.084020066112422950e-02
9.854071416802086605e-03
9.940440476537436287e-03
4.719300196907803141e-02
2.234325637344428822e-02
5.825141990383616956e-03
8.965870824123572252e-03
6.190620365445428236e-03
8.542223518019990969e-02
2.244647697238584538e-02
4.653509460465555386e-02
3.463805470386165791e-02
3.109657394796825833e-02
1.088816392893270091e-02
8.191374161100413789e-03
1.777340257958530748e-02
3.481620157943399185e-02
1.120176983233334318e-02
3.495218667054530992e-02
1.188309154569271338e-02
6.119817735244479501e-03
2.525064459500881917e-02
1.284794087181693155e-02
3.396560221554402459e-02
1.227014088960766934e-02
1.114010286338959661e-02
1.987926803730815511e-02
8.071670697894779700e-03
4.490358053265952609e-02
5.900190763889237577e-02
2.226931885982619264e-02
5.022014549539865862e-03
5.872671183958894786e-02
6.083711778647112045e-02
9.492504180161162597e-03
3.921460135034148670e-02
3.037956582424090543e-02
3.644105880285641169e-02
7.917003698109267157e-03
2.553588928908049477e-02
9.041086566321866400e-03
7.503845299755191461e-03
7.687364023482228664e-03
1.561374128804354083e-02
8.209294692892048217e-03
3.529954273807385523e-02
1.022805501660883909e-02
7.534947559903772824e-03
7.594719103832248130e-03
8.119808834024799804e-03
2.626704691712273068e-02
5.438468734748213781e-03
2.716045616405468599e-02
3.549772114220410557e-02
1.683468731889142811e-02
5.791900687422246730e-03
8.878165137805127047e-03
6.957944709518318858e-03
9.479609450043132921e-03
1.077537836372737153e-02
3.933560355394842036e-03
7.884285136907852667e-03
1.350782476998068152e-02
4.104900740784647034e-02
5.819648201680290706e-02
9.525600723861087776e-03
2.793157541653421005e-02
1.889729876891146215e-02
8.342657164791862298e-03
2.513908805505625510e-02
8.381298630801406468e-03
5.143806055902705975e-03
3.751248979832984276e-02
1.096914006865318779e-02
5.023243879248503324e-02
3.250487260989315397e-02
2.713247845464910810e-02
4.759294813059812036e-03
8.737695407586608745e-03
7.411202833675478718e-02
3.036016024916522726e-02
8.189265932663281067e-03
1.702798271794653609e-02
1.295206799134265320e-02
2.936023422902813221e-02
1.277509375571926446e-02
3.410773110098451466e-02
2.426415015419141133e-02
9.829481202017107191e-03
1.576733797209955643e-02
2.387425936012462988e-02
3.144448443284081351e-02
1.497247737804940047e-02
8.026203194196062859e-03
7.877693762757088242e-03
7.290686700743592707e-03
7.883380498509501288e-02
2.639556658746101264e-02
4.359664006725381957e-02
1.462473780040497717e-02
5.216518923838256439e-02
1.090234740522402941e-02
1.781059023700347355e-02
4.858423461300503607e-03
2.965442130869994433e-02
1.135508278035175095e-02
1.905850228127265247e-02
5.378879882086907462e-03
3.712799420929409344e-02
1.671906785361518613e-02
2.190839450036194055e-02
9.619049438752465958e-03
2.152388141188867413e-02
2.161946921595188364e-02
4.102194882853508334e-02
6.826347649756754621e-02
1.143710337276878340e-02
2.052194628329461271e-02
1.125895827147573372e-02
1.199445723292907190e-02
2.066663418681840420e-02
1.809852105959783991e-02
1.973093701197593114e-02
1.480984730000059132e-02
7.155988327418687060e-03
6.146796628298131782e-03
5.244140804942303002e-02
2.091528404546888226e-03
5.316589869389913570e-02
2.054522944631423029e-03
4.539470953444902507e-02
5.110966617998331969e-03
5.563736930593937008e-02
1.232680569793966063e-02
3.458949757234701383e-02
1.684160764895197004e-02
4.985973015033483974e-02
1.848806638986628947e-02
2.377080782967988179e-02
2.742293475239684659e-03
3.043054845073999391e-03
1.566360885992629584e-02
1.263664214754789232e-02
1.397619938585384358e-02
2.731785647538351961e-03
6.845847725621566696e-03
2.077820446167918771e-03
3.759033656783853511e-02
4.555467430993350060e-03
1.529351957767689958e-02
1.573197871262633704e-02
4.563256294479994812e-02
8.512348265523722243e-03
9.769136816544584864e-03
6.609561983747469678e-03
6.749736330229116898e-02
5.609210166200419637e-03
1.039137584058967036e-02
7.872846008958749725e-03
3.173195902937517993e-02
6.639438632737249858e-03
2.342291797021856664e-02
1.433486826277091848e-02
1.900712289475216601e-02
4.109342511280222876e-02
7.059709210759104736e-02
1.248141858412293338e-02
1.735071928178641074e-02
2.634468732550375794e-02
2.296689509731466433e-02
5.800716279593051000e-03
1.328065715875098411e-02
5.419022766491108506e-02
1.193768835522086499e-02
2.182160868819729010e-02
4.676993881429071520e-02
2.849111362196602923e-02
5.173135201896059826e-02
5.540516728361354407e-03
5.672167652058446308e-02
4.730316868897554289e-02
2.323050851844551262e-02
8.936189981354741851e-02
1.330349268594914654e-02
2.574631949022981869e-02
2.729427311092460021e-02
8.617565811807885445e-03
3.528889407259968441e-02
3.057793343962924171e-03
1.666090850407417334e-02
3.637872943185761591e-03
3.863645755992757558e-02
1.098491919785333920e-01
4.468062955171022213e-03
