9.609626582615956591e-01
5.273894970365484713e-01
9.915484272772110419e-01
1.204965237924899624e+00
1.223704462037555674e+00
1.194975677165704075e+00
1.172950038779745574e+00
1.154669852582350886e+00
1.138097308485361614e+00
1.122236964644919954e+00
1.107052475460289287e+00
1.093122879290308713e+00
1.081060763777278444e+00
1.071171737707597771e+00
1.063421776251401774e+00
1.057554305369605485e+00
1.053207038600346479e+00
1.050007889217591694e+00
1.047625979848003430e+00
1.045786837073929831e+00
1.043261536307521276e+00
1.042788279130429041e+00
1.040845877588451707e+00
1.039855057541485994e+00
1.046556296471163883e+00
1.036133772252201490e+00
1.034409899415211553e+00
1.029395372901786621e+00
1.029223680602697089e+00
1.026764922947646097e+00
1.022343625273620438e+00
1.020271088199058207e+00
1.017495062950908746e+00
1.011326715441615898e+00
1.009378272933181719e+00
1.006566607892634746e+00
9.959851112419642050e-01
9.992333126771391072e-01
9.967005916950707478e-01
9.921699884597989794e-01
9.903459758325410256e-01
9.818002239056238256e-01
9.837218113719728985e-01
9.879694400335391480e-01
9.784352018108782856e-01
9.758185249125095329e-01
9.740791956867291823e-01
9.706105095883845735e-01
9.689174279210464036e-01
9.667786112828756773e-01
9.649750043099324381e-01
9.624003809465262460e-01
9.618033000461005955e-01
9.594007291025075101e-01
9.577670140821523681e-01
9.470259662864184413e-01
9.554475741876582440e-01
9.436391022003042250e-01
9.512535849064461813e-01
9.486262317618785467e-01
9.471765660292039701e-01
9.467890302504858857e-01
9.440812870010826252e-01
9.432248032866056286e-01
9.344975009698295310e-01
9.396238597334938270e-01
9.364820231145168927e-01
9.264147882527873357e-01
9.360831061854165691e-01
9.134738691017735279e-01
9.320873543309554643e-01
9.314011880933062981e-01
9.310892730693101083e-01
9.276392351377864554e-01
9.262331525225037110e-01
9.265635690571702998e-01
9.218101737749353486e-01
9.226368766969998969e-01
9.226462775488821766e-01
9.198571090312936960e-01
9.190598040421047443e-01
9.192230897311729487e-01
9.171596155148207252e-01
9.086567558458703564e-01
9.129376237724436960e-01
9.134160821441158484e-01
9.098727327945054233e-01
9.089859181475011818e-01
9.067366805204738478e-01
9.083620639489918824e-01
9.063676526187440796e-01
9.047078824610179648e-01
9.035628784382756518e-01
9.021555041932964869e-01
9.016176920520554416e-01
8.984784133161656250e-01
8.985754793144341557e-01
8.967681660432498258e-01
8.944020271919878029e-01
8.944626049399141410e-01
8.966479830040311461e-01
8.901217151591201970e-01
8.905849707340821597e-01
8.909106521049875438e-01
8.859795799935620275e-01
8.862425705709302548e-01
8.812928576149501314e-01
8.755843812875739873e-01
8.827315787319296447e-01
8.805810126057039833e-01
8.864034828016036371e-01
8.800045994107573710e-01
8.806162598242028849e-01
8.764310400355553865e-01
8.783377766341263770e-01
8.737881711409943852e-01
8.744602808625214774e-01
8.740960765733802873e-01
8.698674191919685272e-01
8.709844435279868735e-01
8.816200237974656240e-01
8.668081111357929247e-01
8.676798432510626213e-01
8.581845259240111767e-01
8.638802326733879822e-01
8.646955305357276744e-01
8.627589069744032724e-01
8.630641835252030880e-01
8.620477216765660700e-01
8.593926475052601210e-01
8.596565728593480449e-01
8.544850133222229305e-01
8.566835940187140785e-01
8.542665890630908310e-01
8.543336864433328515e-01
8.539201451397639975e-01
8.527329068456330763e-01
8.520444672667898400e-01
8.441656945897486608e-01
8.497930193672981192e-01
8.491526826828036389e-01
8.494364081714139703e-01
8.458521750346412738e-01
8.460362591369974261e-01
8.421015402489463453e-01
8.416287108564785013e-01
8.431533321223873001e-01
8.294975973546371284e-01
8.420493051383639571e-01
8.406383529018380818e-01
8.410768926846166060e-01
8.390879135916292642e-01
8.384366295002250169e-01
8.349673102042619588e-01
8.360338889024728770e-01
8.354704257855912752e-01
8.368570891917744836e-01
8.338897798921752758e-01
8.328644592407608016e-01
8.319339733074003762e-01
8.329953280104241964e-01
8.317476375682282264e-01
8.297360811554276294e-01
8.302557006125831363e-01
8.277075122170076682e-01
8.228145253796632641e-01
8.286443148957143290e-01
8.258135306543031851e-01
8.241697566749250914e-01
8.251055913974738587e-01
8.232833057008380750e-01
8.125068591814832430e-01
8.223216246811203556e-01
8.207871778024780074e-01
8.203119165309881167e-01
8.208345143178719105e-01
8.187580545527892717e-01
8.183556986944866551e-01
8.160647115316090883e-01
8.170221540428281859e-01
8.218174699961700025e-01
8.157663821416598626e-01
8.112578172314212077e-01
8.145964369320118914e-01
8.123232348364209932e-01
8.132494275217756474e-01
8.107460735078307890e-01
8.091377598716054109e-01
8.096765014238960223e-01
8.113935802408729359e-01
8.085054999992181690e-01
8.063363253917900098e-01
8.080062473160555259e-01
8.059933072795353315e-01
8.073928444988052178e-01
8.073042452769720878e-01
8.035060064146318792e-01
8.043968118209988694e-01
7.942799399607979316e-01
8.008350945714030056e-01
8.015561238925605902e-01
7.999143798281569406e-01
7.990255306358223786e-01
7.991785526794292771e-01
7.998549541169504007e-01
7.987181083568387630e-01
7.965833661736543281e-01
7.965490218142662338e-01
7.971625719111493646e-01
7.948612030130014494e-01
7.951380274185756436e-01
7.954220761140211593e-01
7.927696635586466423e-01
7.928494402040325850e-01
7.930207309225244527e-01
7.903352978716984278e-01
7.910726505539938946e-01
7.879606080482410846e-01
7.876504010610738682e-01
7.889315564251613289e-01
7.850536886383426838e-01
7.895361239295342060e-01
7.863792386805354973e-01
7.840912620926022703e-01
7.842095508078921196e-01
7.841414758370235383e-01
7.840033625089531943e-01
7.813318930942999563e-01
7.827428003563817738e-01
7.794684854728806123e-01
7.808285351442709743e-01
7.791707695845595527e-01
7.785968037197562586e-01
7.793559891594795674e-01
7.763866099292685563e-01
7.784676904282651355e-01
7.766035528699571922e-01
7.746412440364353058e-01
7.751167115221804238e-01
7.714294452871853780e-01
7.728836079126553127e-01
7.733506884955779759e-01
7.714243482265003005e-01
7.720980884611861050e-01
7.635388884688498745e-01
7.678265882358344951e-01
7.691137816833861773e-01
7.687310613638589363e-01
7.656580789196911763e-01
7.665317982674507702e-01
7.678855451390810272e-01
7.674225659820093082e-01
7.649478227429008514e-01
7.655881470385855758e-01
7.627001542445619453e-01
7.629409782013188979e-01
7.639626146111747618e-01
7.612426757300226887e-01
7.619108393388562828e-01
7.622619736603643004e-01
7.591214833498564074e-01
7.595791160494590466e-01
7.601225194640982563e-01
7.551880123904560760e-01
7.568923734600745412e-01
7.580107846068236954e-01
7.559119298846447288e-01
7.563323962622484631e-01
7.555662611738447332e-01
7.599637883201381117e-01
7.539742991055268240e-01
7.523541122196184538e-01
7.536666171841085449e-01
7.519847245047287521e-01
7.488703659121130896e-01
7.519920200146517075e-01
7.487341479157001434e-01
7.529313670015734816e-01
7.498691443837613990e-01
7.474643183272260405e-01
7.487782804209510701e-01
7.476778173362195190e-01
7.444969229919786713e-01
7.456222604748644622e-01
7.470430079189278594e-01
7.439828418157070633e-01
7.402735496587523611e-01
7.449717795358892225e-01
7.413060540973833712e-01
7.432730049661701033e-01
7.423113973427896140e-01
7.387307495662318590e-01
7.396415472341874020e-01
7.340168956980076542e-01
7.400787957006883522e-01
7.380530320546923040e-01
7.388109072061155302e-01
7.397240521337454799e-01
7.364933173934484767e-01
7.358944620894088962e-01
