9.391455548239363571e-01
3.788718737189632257e+00
1.035743550785962253e+00
4.964435122649436316e+00
4.494388251756260111e+00
4.367550474851591424e+00
4.293338692450916483e+00
2.713681568201069982e+00
5.008366321740449933e+00
4.900817407066169196e+00
4.791602466418800610e+00
4.810614028192279790e+00
4.835902482706564420e+00
4.852066839122959330e+00
4.843276950993097074e+00
4.816009136818694358e+00
4.778045147380884039e+00
4.724510858583726325e+00
4.664249761430968810e+00
4.600914427907044413e+00
4.527479745859299243e+00
4.451913735331633148e+00
4.371636500250649426e+00
4.282050236143825295e+00
4.203147435144532373e+00
4.114988483037828715e+00
4.022988853831647837e+00
3.927902763545277676e+00
3.837444670815858494e+00
3.735910364572999853e+00
3.635576831772860729e+00
3.537480928940401892e+00
3.434723844517893809e+00
3.332502512577605103e+00
3.230415831510512703e+00
3.126474279103719223e+00
3.024295037501242067e+00
2.926683700410996014e+00
2.820226610115529109e+00
2.719331168985333225e+00
2.619465629813506169e+00
2.521977602899803106e+00
2.424767140214092453e+00
2.326910493533369095e+00
2.229958776056760517e+00
2.130370283944722942e+00
2.051815689578402768e+00
1.965642642544211727e+00
1.881926435967047118e+00
1.796145980615185600e+00
1.716975542100505736e+00
1.641915310377271675e+00
1.569991633573325052e+00
1.496947762685308048e+00
1.443209372575487981e+00
1.365258284085715701e+00
1.310968044463082904e+00
1.251462229488693678e+00
1.192230965081737315e+00
1.144387320077169479e+00
1.098340469749819803e+00
1.052089235319261906e+00
1.005984371982759251e+00
9.737601428149634808e-01
9.402784648977762227e-01
9.019991558198315884e-01
8.693643528024720402e-01
8.451601902564613855e-01
8.128342807485861021e-01
7.872219190081558571e-01
7.676452139532968788e-01
7.466541907852956017e-01
7.265708777132079410e-01
7.076926732140994547e-01
6.950685010983128631e-01
6.825874876810913428e-01
6.780338315265760363e-01
6.625333625973807150e-01
6.631705847279043553e-01
6.461471170935018105e-01
6.409382149701673415e-01
6.345554376720426992e-01
6.319300458302328227e-01
6.215637326736064283e-01
6.223740028566812077e-01
6.205333017470254786e-01
6.163779983595397693e-01
6.145619848398485852e-01
6.138281466572593770e-01
6.097350410695138168e-01
6.030594210101832831e-01
6.067711031871059202e-01
6.051681014929561897e-01
6.032207265159837961e-01
6.015083510232930308e-01
5.988573616586025938e-01
6.124942887881729137e-01
6.025672218744532183e-01
5.965589816048136873e-01
5.993088420481076373e-01
5.914855916747938647e-01
5.885879164313501111e-01
5.905987206136384948e-01
5.896522692584428293e-01
5.901588027349916610e-01
5.869076941254210977e-01
5.893707791293558707e-01
5.906835518735407131e-01
5.907210898397760035e-01
5.866445521966453525e-01
5.862872288606446602e-01
5.870750325013308624e-01
5.867648548400355990e-01
5.865368984904901772e-01
5.874355439682925617e-01
5.873964279086942852e-01
5.874431492908523955e-01
5.860789324826282121e-01
5.864462923192645949e-01
5.869728215069021093e-01
5.859322523127369342e-01
5.871063932166085131e-01
5.785771854991622609e-01
5.931031421220535060e-01
5.727083126264264079e-01
5.832227058320856861e-01
6.016266045319024203e-01
5.895792036741319686e-01
5.885210677822011460e-01
5.985890627799766994e-01
5.886214858369985814e-01
5.927618114830409679e-01
5.889723387145400224e-01
5.939857958235112978e-01
5.923607592520684362e-01
5.892365234342319402e-01
5.928875397722989105e-01
5.877538218980822293e-01
6.030687595248436228e-01
5.926313080342913153e-01
5.782594926929994772e-01
5.920909656761343953e-01
5.914951862171980990e-01
5.894605279327042036e-01
5.927025218236621207e-01
5.889004469030925115e-01
5.890529868298638450e-01
5.928160124129201458e-01
5.928072489256340782e-01
6.000027572060787628e-01
5.969462119037768355e-01
5.948146284214638202e-01
5.950332374951222691e-01
5.946231753066508752e-01
5.922676093481296089e-01
6.000626308604284365e-01
6.087300226410921056e-01
6.046829934667156126e-01
5.970206185409703270e-01
6.024727126242089836e-01
5.955191244724892252e-01
5.973417541789991514e-01
5.979113474691566399e-01
6.193558424831498987e-01
6.041674268544037218e-01
5.960159226443295655e-01
6.022909361053916388e-01
6.174580879647804110e-01
6.003653106545365770e-01
5.996467237442194564e-01
6.013092324517317344e-01
5.842971976382005383e-01
6.005277590187045877e-01
6.013281219769113228e-01
5.910895005275317304e-01
6.007933957531591540e-01
6.029344742374824762e-01
6.017945216249701579e-01
6.020497798564998782e-01
6.057938926383110712e-01
5.995617967694611972e-01
6.034954079192550447e-01
6.216916684087162581e-01
6.038439723447995844e-01
6.025277598316166605e-01
6.039758539394624037e-01
6.044987286294517537e-01
6.058010536405641355e-01
6.045384256629292574e-01
6.140407388447121084e-01
6.035912925798814221e-01
6.061100325795767407e-01
6.054081591686265584e-01
6.117099853932885800e-01
6.053440239725479399e-01
6.103951717673840038e-01
5.967462856974895535e-01
6.069285596230585833e-01
6.034816207203963501e-01
6.073414563351586803e-01
6.082071618384750078e-01
6.077920647206448423e-01
6.189129106247978074e-01
6.058652754763139692e-01
6.129894107933127056e-01
6.129606715475609535e-01
6.079333923671152995e-01
6.095414489923641765e-01
6.149805440990069316e-01
5.873665930566039917e-01
6.122123701244115423e-01
6.021788334141819909e-01
6.080475852385740509e-01
6.099743223688011140e-01
6.073522315570969443e-01
6.060211422284290661e-01
6.079735101621857041e-01
5.882490791886137993e-01
6.315015613916169501e-01
6.103886291755517002e-01
6.080751123218571808e-01
6.110883428751269220e-01
6.169956739116860822e-01
6.099033067094091765e-01
6.234594337694561172e-01
6.084519303493574061e-01
6.184752340937770265e-01
6.139798781893138768e-01
6.101651878402272189e-01
6.118941808131791449e-01
6.151586267347399772e-01
6.183050683300884698e-01
6.239725940993507969e-01
6.146582128180557714e-01
6.158778399414797100e-01
6.141392823239493204e-01
6.137405699739266751e-01
6.124491538612432118e-01
6.143427892318582551e-01
6.157913052195351788e-01
6.068295689467447795e-01
6.146028344194968129e-01
6.181337880848430943e-01
6.186091616175780628e-01
6.136629334992743656e-01
6.130175417917568259e-01
6.166444778573562102e-01
6.308767814695988019e-01
6.142295374675081909e-01
6.199818479767901236e-01
6.173684787972490984e-01
6.109625989190543560e-01
6.137318514956643378e-01
6.137779786409265359e-01
6.201117126240108801e-01
6.168057829160481509e-01
6.145543120095617873e-01
6.142080323998541092e-01
6.129022069420769769e-01
6.258382954380560248e-01
6.152149741229637758e-01
6.265268949747503369e-01
6.154791032597246581e-01
6.152337115051553784e-01
6.160421582926194350e-01
6.249378257992803665e-01
6.159325563044950602e-01
5.898663641500321297e-01
6.138142612796193553e-01
6.143892845010417991e-01
6.159981628180670743e-01
6.112343496296788192e-01
6.167392568257846763e-01
6.194724191802283286e-01
6.173401485756280227e-01
6.145810889673429811e-01
6.171201872320636328e-01
6.227349623811362367e-01
6.168585097866751132e-01
6.145198883726737948e-01
6.175919367040397789e-01
6.171026695823150776e-01
6.186305014824143855e-01
6.141985630976137811e-01
6.177152144974314973e-01
6.167343242534160108e-01
6.198935712849013013e-01
6.187037375565579422e-01
6.180631649006413930e-01
6.218104581412465803e-01
6.183199700769994589e-01
6.189901550318915868e-01
6.172347369488708768e-01
6.132396976416228940e-01
6.163200253960793296e-01
6.184224651881293777e-01
6.210888289691773867e-01
6.191324916422680236e-01
6.199023657039163249e-01
6.182823194931053035e-01
