7.436906792364903485e-01
4.319574814508545524e-01
3.796299906052302831e-01
2.917002965573463058e-01
2.307821378465576070e-02
8.378023561211138392e-03
3.254828673350399632e-02
4.432157137302998769e-03
2.223188316593075180e-03
7.512135799616200156e-03
3.656605898690853344e-03
3.319334543570726364e-03
4.574857415805635465e-03
1.664697045377225336e-03
3.052107645462792240e-03
4.535955331870992861e-03
4.360671263954200502e-03
3.942818635424695344e-03
1.524019332956596910e-02
9.237821086999461681e-03
3.077668383708915753e-03
1.151700458862909768e-03
2.572710109039543641e-03
2.352818011303531038e-03
1.366018240171009909e-03
2.373303942081836718e-02
9.574883990183229859e-03
3.491990081193858432e-03
2.678771911330978493e-03
5.504222231949349071e-03
7.165449889448540811e-03
9.836861235445920268e-03
2.051942346452363067e-03
2.473419076958948467e-03
4.303163482431177946e-03
6.433489478228694193e-03
1.240119271898477808e-02
1.168645257233895222e-02
1.086913202681619346e-02
1.056717764837030067e-02
3.460119879910717854e-03
4.342799009902847257e-03
2.056948268778491500e-03
4.764584964603972746e-03
9.081477491544509215e-03
1.430786138472262513e-02
2.909577730380969677e-03
4.119190681651232859e-03
2.242680936907053609e-03
5.500172732382607906e-03
6.002750685511328531e-03
2.561434706429098832e-03
3.780869588877434732e-03
6.123310966286308644e-03
1.924612417880489134e-03
1.579326925603950077e-02
3.101921654476039875e-03
8.441104393744193121e-03
3.217440575519263119e-03
2.813647298285964788e-03
6.978951075463069552e-03
4.293544603189331649e-03
2.425659896655751099e-03
4.648343086470216497e-03
2.192316264709641502e-03
1.529370160709995607e-03
3.035041595422968350e-03
2.391374176562825488e-03
2.096422054066761614e-03
1.589053614629142063e-03
1.571051986174066628e-03
2.212844437416882932e-03
1.569806021156625042e-03
4.389209104159095230e-03
2.090942797359223500e-03
2.469389745786604133e-03
2.932965496181320474e-03
1.392674058817756216e-03
1.192142692376957358e-02
2.251440001375238850e-03
3.237132026819513394e-03
3.376254336081898830e-03
2.541744983821698448e-03
4.058927505621761841e-03
1.535327416713331986e-03
2.325589364591368249e-03
4.204502253037900247e-03
3.165664453582976191e-03
2.185144137511512569e-03
3.553942729071151579e-03
8.214733203047835594e-03
2.847350528594758037e-03
7.945720514823148388e-04
1.959904221419501383e-03
2.463937394280633561e-03
3.020137087863958725e-03
3.299754772937027545e-03
1.450615723043088010e-03
3.313044915121572936e-03
4.590230749496390997e-03
6.579905509696701987e-03
2.039218952929316812e-03
3.057134222835538196e-03
2.229250211182357954e-03
3.640092353171706010e-03
2.199001029847556191e-03
3.025596639301828678e-03
1.274209239628127559e-03
3.088371353192873297e-03
4.860367637298098828e-03
6.500633928717585927e-03
6.396990679964665270e-03
1.538965896333400508e-03
6.415821096608434731e-04
1.648471294770692108e-03
1.379373583424759169e-03
1.111144557599491600e-02
3.846029333565488106e-03
2.513088040396837478e-03
1.871882302663998091e-03
1.474369430487384568e-03
1.224867788565441604e-03
1.061695446092749632e-03
9.399013542441767835e-04
8.299361275512073116e-04
5.462868424328054529e-03
6.778160202270314518e-04
4.634193774672908388e-04
3.667314560093683641e-04
3.243784765557826324e-04
1.473303714630540317e-03
4.965650198631424081e-04
4.077341474547869701e-04
3.569642203722148133e-04
5.898449251414664314e-04
1.899925495996999253e-02
3.863176733711035137e-04
2.711341775257933512e-04
2.722583468230249377e-04
2.012163023366746878e-03
3.238561998420338961e-04
1.153267740661073843e-03
1.117524183024852383e-03
5.934973039439057560e-03
1.100708148765495954e-03
1.383355303161254088e-03
5.865342017598076376e-04
5.013510461674631352e-03
1.037752267291081054e-03
3.827991640778583070e-04
9.956994664496879657e-04
8.848686183456555207e-04
1.096856070690884789e-03
4.539650523456653132e-04
1.320609467301732832e-03
1.501796851407375712e-03
1.106535813496462321e-03
1.414530976564816423e-03
1.691904921744081820e-03
2.889789081646257710e-03
2.054840226386266989e-03
1.343428779824533230e-02
2.320413581886540590e-03
8.519819423878862872e-04
5.452977380444238957e-03
1.766419784929652154e-02
2.780614103963731983e-03
1.049620270814989598e-03
2.578349706248625299e-03
5.476666439679609170e-04
3.116774582588743413e-03
4.400643813013927971e-04
1.472659720572904157e-03
1.010651072885321040e-03
5.662089805823321406e-04
2.850659144955093680e-03
3.690431726726812718e-04
3.351607411336128290e-03
1.138223832487421068e-03
5.832757766847823135e-03
3.747486610632153742e-03
1.111352514853518455e-03
1.726311260876500428e-03
4.448766193780393906e-04
1.830800711330932791e-03
5.707942685111082153e-04
1.958616754996988368e-03
1.748113842279972255e-02
1.469028531941053012e-02
2.131723170720532193e-03
2.885014656337002437e-02
7.381331106696978166e-03
2.498163628873492983e-02
1.166296971058043350e-02
4.948994378351827478e-04
5.506050812162099038e-03
2.119118716033383323e-03
2.224832764704311877e-02
6.765376266935170177e-03
1.512653628941787801e-02
2.199943015104782046e-02
1.203379041361134433e-03
6.269189219586079886e-03
5.141818245333125599e-03
1.569658827976397678e-02
5.693177615127613346e-04
7.207827122172162995e-04
6.156779502847584996e-03
3.987321254273084627e-03
3.111572948136034477e-03
5.044716718259109611e-03
1.184399169512609015e-04
9.948799499235107605e-03
1.492146620333302271e-03
1.623448450352227290e-02
2.515282544536678096e-03
4.577267748664687851e-03
4.864757899534985497e-02
1.742949832703368862e-03
1.394834499788455418e-02
6.536702447014046576e-03
4.266010631935669359e-03
4.009742013526820456e-03
7.007649699705256752e-03
1.145411475784488195e-02
5.747698876792191672e-03
1.983341283326211721e-02
8.917139679300415539e-03
5.193533355787407525e-03
8.315339314773548957e-03
3.063550610193745746e-03
2.381740425485913241e-03
2.031323019335707324e-03
1.717623624259402354e-03
1.415824193250898779e-03
1.127907895262814444e-03
8.675335504920578386e-04
6.453914542156576409e-04
8.707337563621153978e-03
3.037615528937220107e-04
2.529241710207705360e-04
2.403463456510207508e-04
2.460344609519862801e-04
4.707626572027067552e-03
2.930191946649686550e-04
3.297116188636155742e-04
3.290210951262470280e-04
3.120868513842061298e-04
4.678903935525344682e-04
3.173182954459628606e-04
3.009592980919331934e-04
2.666912577577452677e-04
2.130684596972096470e-04
2.304610895878507839e-04
1.925594795857252424e-04
1.708323493152990105e-04
3.908579526789975273e-04
2.765802704446600050e-04
4.382694136942644203e-04
6.362259815797009039e-04
8.583945962887869641e-04
9.237573619199423514e-04
9.942753503405013776e-04
1.117763554100627927e-03
7.567083254900101950e-04
9.572674547977464820e-04
7.672398892587236957e-04
6.698068004196521116e-04
3.709212864385193556e-03
7.519736087907229844e-04
1.175860060275020578e-03
5.852401966971022915e-04
5.010634459196162786e-04
2.702201287190102424e-03
2.065520712500890695e-03
6.273010510758326129e-03
1.387540434103480850e-03
1.591888109112841228e-03
7.972923253012917724e-04
1.093126042159885862e-03
6.254506109408965566e-04
1.925962028974597187e-02
4.609916432487067353e-03
1.505171675196049184e-02
1.525022584261942005e-03
4.358129697774548402e-04
7.110120923903853968e-04
5.247480741756072910e-04
3.620874649881004100e-03
6.508539589552556548e-04
2.779889724736737001e-03
1.078416873489524731e-02
3.453469312439210598e-03
1.089287009133830392e-01
9.197141023426177488e-04
1.137941233988339291e-03
9.805524298046916064e-04
7.988233274530222089e-04
6.024340095619725235e-04
4.331401758835368913e-04
