1.164995718566271377e+00
5.446863947638035386e-01
1.605183600465753591e+00
1.484708530408919813e+00
1.064202266369496996e+00
7.066820453383408918e-01
4.588908207371373282e-01
2.982264038343412915e-01
1.973422813025158817e-01
1.352444711102862296e-01
9.723970736345277643e-02
7.359388264621657960e-02
5.820927827652240538e-02
4.746466059004329774e-02
3.932360835518153297e-02
3.273746676258223326e-02
2.722902760269750241e-02
2.259555911146743368e-02
1.872289033213682050e-02
1.550390537318410006e-02
1.282926014104869214e-02
1.059804684471150373e-02
8.720090249693271053e-03
7.127913086903451059e-03
5.769309287167860914e-03
4.485677430258072640e-03
3.656268206024768271e-03
2.734454523217895103e-03
2.151187473212425559e-03
1.628357534977853448e-03
1.140644892515018391e-03
8.749248894848693460e-04
8.759471074572470605e-04
1.093168287089163688e-03
1.328128849733008600e-03
1.730783443205144521e-03
2.908826939945288910e-03
2.171484897090473522e-03
2.404151752847139001e-03
2.280137900686377266e-03
2.810525623442514109e-03
8.188951608985030675e-03
3.116526869800582793e-03
3.180893094958872104e-03
2.503914490112737166e-03
3.378143805686979056e-03
2.818092373926917981e-03
3.143350423888501173e-03
3.748378859490937749e-03
4.714275805744131548e-03
3.274404970856422889e-03
3.579764671213466354e-03
2.114260434491961691e-03
3.746966438162988976e-03
4.018739133417380781e-03
1.997754060850605393e-03
1.309245851764007269e-02
3.864314588026350472e-03
4.278295643155486001e-03
4.559114175378123877e-03
4.181893093974184232e-03
6.807284705694484871e-03
3.975372688774629799e-03
4.555581171473043617e-03
4.387277608984799411e-03
1.112735137597229904e-02
4.186177706677170034e-03
7.439588754058324913e-03
1.497324473794316461e-03
2.593857218380170044e-03
3.882147893596823995e-03
4.139775713236594837e-03
4.489925028495669011e-03
4.338456953420088621e-03
3.816772082289128162e-03
4.396422086219856432e-03
3.966125701405416419e-03
3.791691641508232631e-03
3.937423390286830423e-03
2.827943770624854157e-03
4.587238505432873932e-03
2.230167041455038100e-03
7.995621603674604727e-03
4.139915250587977540e-03
1.811485924751797755e-03
6.060150395947811255e-03
3.737225391944965901e-03
4.523722104230203447e-03
7.053304261327161123e-03
3.813325271352779010e-03
6.069023141538535011e-03
3.615047200989319511e-03
3.805067343415290213e-03
3.599269742212954284e-03
3.529210693671750321e-03
3.120181927032735815e-03
2.873124349376043191e-03
1.032440879635294385e-02
4.851486305061391419e-03
4.001462804158235562e-03
3.890196070002984157e-03
2.895973599234905656e-03
2.887185227912170919e-03
2.835269205856927929e-03
2.978045771049522752e-03
2.982686973334225302e-03
4.345298629577034645e-03
2.466350501826443213e-03
8.008862962884426978e-03
8.990775760101011324e-04
5.366306450395254453e-03
3.361611248188687943e-03
4.576343449912249894e-03
2.199663512948596498e-03
1.690537056417771916e-03
2.682257563562147860e-03
3.721902190986354792e-03
2.744930063087069015e-03
1.960360517328474730e-03
2.115644845326163093e-03
9.461397058665737062e-03
3.574216350720310284e-03
9.383934619372296532e-03
2.119459303227295022e-03
2.310386900974548650e-03
2.821042930939297172e-03
2.664183603032181571e-03
8.269187257456461423e-03
1.469168188065083985e-03
2.701999084403824709e-03
1.536619528790861494e-03
3.423509927326819427e-03
2.688566125440649060e-03
1.685021507684724426e-03
1.407988400244724941e-03
7.094264530053621086e-03
1.898701443182655756e-03
2.027182617060381293e-03
2.743851377137547596e-03
1.498093262450762115e-03
1.981105094058681348e-03
3.626707573941788474e-03
1.176872198788580679e-03
1.652789507640388920e-03
2.786102159239908956e-03
1.349606471422067338e-03
4.084236707046096787e-03
1.701455240533130894e-03
2.716136961252220254e-03
1.279074978468106938e-03
8.374774229234392079e-04
1.793446326426939488e-03
2.323397882123384803e-03
1.275213619519190589e-03
1.562864907222195768e-03
1.533075761298695154e-03
3.972061227100515297e-03
2.403416060525522327e-03
2.075296541831926894e-03
1.584118615887312748e-03
1.766024347584477846e-03
1.577802730467289414e-03
1.637426663878958953e-03
1.362205418447639399e-03
1.507168595862376503e-03
1.531065348725255994e-03
7.348692113949735483e-04
1.270526243364155337e-03
1.469122621125697539e-03
4.478548876687148822e-03
9.556373329725189811e-04
1.063215479682491161e-03
1.615949656188830474e-03
9.779660830194509408e-04
1.236845052332542685e-03
1.371437287272678392e-03
1.457278732309008791e-03
4.160570584574721682e-03
2.435829847957673294e-03
1.288194921742314520e-03
1.695573641237979080e-03
1.402963953121191473e-03
1.301623311374059799e-03
8.294741674301264788e-04
1.372601465484351571e-03
7.959779325961206754e-04
1.953614646726944352e-03
1.636266397408686407e-03
5.895049840624642240e-03
1.863525982008625449e-03
1.211980643769698229e-03
2.216667320421812203e-03
1.209625510549080423e-03
6.892085850767791988e-04
5.348851102903892825e-03
1.569906043044984713e-03
1.041274215914148992e-03
2.305678858924176816e-03
1.596447685563112976e-03
4.161712255889225311e-03
8.787754414807376433e-04
1.499293893952826110e-03
1.139073640365889000e-03
3.600042295217395147e-03
2.742019810259423412e-03
7.496883809627802927e-04
1.699304302894003504e-03
2.719991003691545495e-03
7.739179801027090038e-04
2.269288478454829089e-03
4.569203728953945796e-03
4.293312838313111286e-03
1.607052482740490250e-03
9.831695870821870013e-04
1.136536420731781502e-03
7.125420361123810256e-04
9.235461779693746130e-04
1.212736074203449440e-03
2.051609871347699534e-03
1.178234313866686122e-03
2.542586958508280450e-03
2.293428056313792738e-03
1.234959148689985988e-03
1.161663953860870126e-03
4.454765634480363501e-03
1.843848844994122344e-03
3.106640756404643704e-03
7.678104090229335337e-04
1.013944595303887912e-03
9.656058112192513008e-04
1.012123539234619386e-03
1.509870768377724257e-03
1.558822461707104912e-03
1.134627605867380602e-03
7.468950389579555923e-04
2.845195293788876489e-03
1.624512225685209284e-03
3.839550094979529617e-03
1.032970819682346763e-03
1.902436577649005423e-03
9.441839534153889787e-04
5.865245915627690905e-04
1.234335550981308354e-03
2.421794150970438958e-03
1.726820982112932867e-03
7.539343169563583443e-04
1.714074048450300739e-03
9.919063116387764976e-04
1.458635352313708599e-03
5.978260837722566877e-04
1.370545864554805924e-03
2.077872288728144830e-03
3.709622734471295941e-03
5.933897237780820033e-04
9.045557231424742077e-04
1.544965725949592463e-03
2.416381378100389103e-03
1.336620384597109320e-03
1.106368734636947997e-03
9.984027527092998507e-04
1.264143189180353148e-03
1.794021483827372724e-03
2.132886817355443380e-03
1.112394455915269786e-03
7.062565997520086312e-04
2.600245987469519508e-03
8.075229611317135759e-04
9.508876146646553064e-04
8.540835458064812303e-04
1.537324581025139095e-03
3.752780274511060849e-03
1.782186169317057393e-03
1.878623045061532902e-03
6.025338848111775995e-04
1.738779890154409143e-03
1.463865485992476255e-03
1.151785747197178267e-03
7.607385533762204503e-04
6.041765121147157566e-04
8.584794778457614317e-04
5.987314953694680177e-04
5.795901663794921594e-04
8.154068459222364122e-04
7.234042102429384842e-04
7.793212117205922584e-04
3.028085549937920527e-03
7.555261945134812392e-04
5.941657428977794404e-04
1.370347827155333651e-03
1.731122242671770135e-03
7.195033800432780154e-04
7.093004161231820839e-04
1.453366544223310720e-03
8.446493685064766863e-04
6.071131617379176004e-04
5.570657051434036626e-04
1.297815784498972200e-03
7.054949389902546693e-04
7.094665592149410234e-04
2.157158688109249867e-03
