8.358988110601635046e-01
3.102161744659857612e-01
4.249090085417849827e-01
4.407356309121645555e-01
4.314412490374834319e-01
3.878832052568028654e-01
2.976974410469705457e-01
1.577118790693882999e-01
6.197977565661792060e-02
2.951703364906066440e-02
1.956188433983354832e-02
1.580662407621060209e-02
1.384681940351317926e-02
1.251266759010087777e-02
1.146546713583711241e-02
1.058391586424371929e-02
9.816863081979312552e-03
9.139148513472888924e-03
8.531612561743414855e-03
7.982662704740274562e-03
7.483441048074443262e-03
7.025948782155508505e-03
9.548724365114318741e-03
6.200171417949233363e-03
5.783140108711732306e-03
5.549232753937227182e-03
6.089342708034401266e-03
4.868347380289589181e-03
4.790839645624984759e-03
4.497572915625192014e-03
4.173698842361848668e-03
4.228120038080668101e-03
3.781063297177698120e-03
3.363269066482238445e-03
3.436657592026144768e-03
3.686856922583975869e-03
2.937268201555926720e-03
3.025181531975118087e-03
2.454149352187295040e-03
2.716318141238406505e-03
2.394361613228747528e-03
2.406800915251134602e-03
4.120242148988568533e-03
1.629376298010451691e-03
5.676712316814266218e-03
2.144034328232767746e-03
2.146097883864440427e-03
4.136941238726410917e-03
1.819904461863809577e-03
2.253596247123112843e-03
1.708055152757756521e-03
1.159721440183365078e-03
9.068775143802136054e-04
1.778272947480119548e-03
1.197540775763299278e-03
9.573393157069126289e-04
2.215004539540855154e-03
2.577151756995306898e-03
2.262656858937896545e-03
9.188618300196567217e-04
7.364976764028816417e-04
1.473503164318426192e-03
6.480101161194420055e-03
1.166160992083103021e-03
1.273352882749715287e-03
1.196592900602043257e-03
2.133329070124341878e-03
1.213063099284086323e-02
1.154519502623045949e-03
1.121563247938599890e-03
1.461155980580547322e-03
9.253345974669329246e-03
2.790553565175995284e-03
7.431437759725539362e-04
8.490389583609599111e-04
1.105271540639266546e-03
1.790698283891707524e-03
1.245483351215999346e-02
9.340424736716748536e-04
9.956756374960773134e-03
6.805751663795867740e-03
9.339953890752336922e-04
1.279447916337754987e-03
1.099622193599725847e-03
4.400913835833379292e-04
1.318190727097707680e-03
6.791707729848406230e-04
8.048865717080075323e-04
2.552912828242723167e-03
1.755247436181914733e-03
7.290826618108660210e-04
6.650568413730413575e-04
7.311277014119564382e-04
5.035027534066736010e-04
2.932947522644210447e-03
9.339679603259954180e-03
1.573103200427701520e-03
9.812324219702964461e-04
9.266129283476364463e-04
3.802914338178503117e-03
2.541986788722042957e-03
6.906872379622114007e-04
2.799606445537602527e-03
6.256109869423766420e-04
9.797107714243872157e-04
2.629954689903511809e-03
3.276941475100946227e-03
3.448708238928618625e-03
2.909603833734021681e-03
1.361719238902457446e-03
1.844207467888049970e-03
6.694202275268982530e-04
3.495396457803444032e-04
6.797421005976956448e-04
7.787939417961613035e-04
1.265389609344626416e-03
1.084008996211419367e-03
5.303936953945353463e-04
7.575931996573713467e-04
5.246984619818384011e-04
4.833419119203925850e-04
3.223729489261233788e-03
6.494655245843301882e-04
4.321027470438561007e-04
3.194732571583755085e-04
6.427816382324501310e-03
6.820454903952596036e-04
4.929262732399160209e-04
1.506742498780311908e-03
2.546254860657183941e-03
5.228880918194243714e-03
7.300065922647709215e-04
1.026017662442760530e-03
7.605042368562884431e-04
2.131975434332095392e-03
8.963387859763518152e-04
2.996895188867430989e-04
7.539736550511722804e-04
4.568552000538551004e-03
5.473760108702693805e-03
1.979608201695810549e-03
2.137504611829382437e-03
1.387803911738820896e-03
9.909927974174864273e-04
7.493362903662700598e-04
3.566254273920789843e-04
1.153898064450360620e-03
5.644109253120969082e-04
4.477835474803556928e-04
5.506077766937593140e-03
5.768738012021515545e-03
6.503860201153289751e-04
6.708416012225716565e-04
4.330228394219442015e-03
3.271106615572915311e-03
3.015092905279788231e-03
4.387993445429110451e-04
1.536938527811894948e-03
2.553267584875136835e-04
8.112810031123249624e-03
8.150336809748655277e-04
6.355885686207589586e-04
5.377662309504089308e-04
1.296458099141218137e-03
5.903908104664556565e-04
6.955024159501894086e-04
8.165300245200807260e-04
1.203735779319984028e-03
2.891531099391202544e-04
3.900713926521473139e-04
6.338788680827639205e-04
2.133237321915072845e-04
4.852048273560341453e-04
6.360256204282411412e-04
1.286102913261116375e-03
3.992422001116493753e-04
3.948279360298655887e-04
1.384562524986612548e-03
1.495092017255768161e-03
4.856230921463744834e-04
8.427352051401668445e-03
1.162720070707240093e-03
1.005537898488470831e-03
2.734122853838859713e-03
7.632327695364283029e-03
1.480065038894707143e-03
4.209786086455539859e-03
7.466939016269127233e-03
3.606942110095680970e-03
3.752941075850858344e-04
2.114333080094675608e-03
5.458763719191043898e-04
1.710062980255909037e-03
4.912135627234817453e-04
3.853517579470317205e-04
5.734703477454551222e-04
6.922687106945143998e-03
9.263771679138802992e-03
2.829467980445323784e-04
2.146351583544883323e-03
2.482067222510182174e-04
6.292322590929365269e-04
6.536186083769928963e-04
7.563778285842574388e-04
2.579855811145352531e-04
7.926692633417987488e-04
2.006186004994812316e-04
1.369167217120919461e-04
1.449048434679590155e-03
2.098116516024488515e-04
1.189616250190320422e-04
2.667837414914892534e-03
7.903234403613844036e-03
3.373291987150309028e-03
1.454044676510556598e-03
6.752293135785882895e-04
4.581151217795837458e-04
2.988647500044358117e-04
1.660817245960690813e-03
1.377980983378387404e-03
1.234631102972327202e-03
1.515863330331461076e-03
1.816502460635892335e-04
1.055625083821015833e-04
7.461150522871508404e-04
6.989506475865266610e-04
4.904712060291895048e-04
1.181965445728800539e-03
1.027817890283412843e-03
3.059676860743874502e-03
3.955281207003424329e-04
9.367437009238665277e-05
1.262364950989706123e-04
1.460224984494236334e-03
1.815453839894490187e-03
1.403823850067988013e-03
3.916817706313939908e-04
3.618379888394352567e-03
6.013027086877668469e-04
2.028212418853111206e-03
1.023503830264093847e-03
1.520385821798191962e-03
3.827716422758839108e-04
1.725838504175279534e-04
5.624272100656612641e-04
7.515627758201358019e-03
9.257049256116315164e-05
2.129167920278630596e-04
3.533574139187923169e-03
7.044314065908762476e-04
6.280089668012986924e-03
3.989866033313093285e-04
1.633773125074895359e-04
5.546942194311501153e-04
9.947157406642482148e-04
4.896777905372455770e-04
9.146947240374223237e-04
9.242396616995583042e-04
1.336103236409444915e-03
4.219532759781701760e-03
1.649792580165296415e-03
2.304577217297712358e-04
2.137579451181951303e-03
8.008586060389049277e-04
6.222047775153179789e-04
4.549526125542221393e-04
4.187356847979208921e-04
3.418002408191426361e-04
1.499710903091850019e-03
1.446740255801339274e-03
1.225354061147406045e-03
2.105507819681641524e-04
3.827112953768354469e-04
3.498197502797154371e-03
7.707542998241203626e-03
2.394452087918562768e-04
5.601452355016951420e-04
1.077256873733065649e-04
1.037309800709136648e-04
1.220337161485807956e-03
8.026073508467247415e-05
1.687832968361569104e-03
1.578670616074178768e-03
8.242023744160085130e-04
5.970159330480542944e-04
2.221098083844569868e-04
4.630981471844858484e-04
1.262009422398070160e-04
2.000406663694146337e-04
3.877593514809878680e-04
8.755060909736796151e-04
4.923211030281658511e-03
4.503708760416991023e-03
1.459811885585755864e-03
3.189041832203093211e-04
3.072456325403758945e-03
3.457133722978646172e-04
2.772463546559728650e-04
4.203628870722057008e-04
1.531122706502755003e-04
