8.874763448765430329e-01
4.189754800354219100e+00
2.544115660018771763e+00
2.614045179688187837e+00
2.336546716150092795e+00
2.060735098062362436e+00
1.900401806942134453e+00
1.681294086506920138e+00
1.437235063969937388e+00
1.199121902369739479e+00
1.014303773837790024e+00
8.250916700899019185e-01
6.616875721029298330e-01
5.482916326396821693e-01
4.176520816433600958e-01
3.124441896444753453e-01
2.287950119984754060e-01
1.655717688944724209e-01
1.154871075500153443e-01
8.365724050616643592e-02
5.175792774143615771e-02
2.528700926716200698e-02
4.963497048901132497e-02
5.094381202477767101e-02
4.507476179513628806e-02
4.477217745586124092e-02
6.103173073541964810e-02
7.162988438004380676e-02
5.999779732699107165e-02
5.848052388044083783e-02
5.722979747862327188e-02
5.444428948895600057e-02
5.525020228497460467e-02
5.596652445727609559e-02
5.110812078238155531e-02
5.045498711318563423e-02
4.653863626170683804e-02
6.482815698709989971e-02
8.287772326160949832e-02
4.543772516349631890e-02
3.229846977488166904e-02
4.060046590527946475e-02
3.332333553652694347e-02
4.076298100609929143e-02
3.403550479513944849e-02
3.305558253144982861e-02
4.090057859693326664e-02
3.418078729826829615e-02
5.125356750204553002e-02
1.103020023230081442e-01
5.046742684502840415e-02
3.616995673761558283e-02
3.896582186045641216e-02
2.761342203378224641e-02
2.175192306672562095e-02
5.985232484447882556e-02
2.616922675697382072e-02
2.399995519817493123e-02
3.195319025352126585e-02
1.930825046657532254e-02
3.416002764349011095e-02
8.664200030404212161e-02
2.707061788753901271e-02
2.485474686209605474e-02
7.430728355134677901e-03
2.308213877283656762e-02
3.759596657943559822e-02
1.592267953137964029e-02
2.287451862170913203e-02
2.110040301476514071e-02
1.701288920605559946e-02
2.941115887117977043e-02
2.530953429176167890e-02
4.349437611844294421e-02
4.180008042536327573e-02
2.575223899123876142e-02
2.406478226680808241e-02
4.549560220456669996e-02
1.917861075204450871e-02
3.444630793322159962e-02
2.909300331030476722e-02
1.315517649651143373e-02
1.175136816922153771e-02
2.031679954613844694e-02
3.238127581866669796e-02
1.172007450189539723e-02
1.767691192213780363e-02
2.907495993160703202e-02
2.763155755059135826e-02
1.748623019504294898e-02
3.449861192031826451e-02
1.440171582965358091e-02
1.538646920689025997e-02
1.254450890734993933e-02
3.741461079219321473e-02
1.128523942473484004e-02
3.102322366330252310e-02
3.630105185187579991e-02
3.465598776907492795e-02
8.074640198658984691e-02
9.147450471951314513e-03
1.361693612180055711e-02
2.714923308623657869e-02
1.011292965236095312e-02
1.696651300293357603e-02
1.273962294843314358e-02
1.385880517233445061e-02
3.150596640764432438e-02
2.856520577167495981e-02
5.329079138634378043e-02
1.510193067234162113e-02
2.792361712833755366e-02
1.094107988427919786e-02
1.580619875826851442e-02
9.334946691322823856e-03
1.124653117311115967e-02
2.830463873191023383e-02
8.566766256762710016e-03
1.158071646139411520e-02
8.431196614215565738e-03
2.051444051205227048e-02
6.881621158818528733e-03
1.091206856055845775e-02
1.058328913006238714e-02
1.043624985601386904e-02
1.059175882008624864e-02
6.709022184155963298e-02
1.006343065539784878e-02
1.069602089268054460e-02
1.674047473494221644e-02
1.363282777149355321e-02
2.331849886213732681e-02
1.965281386114388698e-02
1.247089787088358735e-02
9.758384558760825958e-03
6.136207605232504164e-03
1.119942019278562066e-02
1.004365663794322232e-02
1.228994485821674129e-02
1.207495189255326958e-02
2.698465658887080551e-02
2.077974456740478218e-02
1.906073793971721150e-02
3.661826302499811281e-02
8.623139698337894607e-03
9.454108341103696633e-03
1.758111341731886587e-02
1.113405630057052835e-02
1.173997992759325849e-02
4.502016642776995176e-02
2.781832819409926424e-02
2.375264683429854223e-02
1.905569662768823516e-02
2.017844787622970551e-02
7.526937282397463957e-03
3.715270362888330180e-02
8.140198856262338342e-03
2.471479977820155785e-02
4.017091295083592695e-02
4.920902051319425707e-02
5.159433495166849959e-02
4.453208396882542622e-03
1.076885711809020228e-02
1.484153474834282345e-02
3.508383087879306944e-02
4.749512960212501529e-03
6.544724020347220464e-03
1.568165427878013066e-02
1.887934106997908937e-02
5.051739330603023659e-02
1.026911181002700471e-02
4.894264238181282589e-03
3.595394713768587658e-02
8.389065752344652960e-03
1.190488118864088327e-02
5.159397293762955222e-02
2.042467286706643390e-02
6.639048999550040651e-03
2.570851509104834370e-02
2.480174311859044758e-02
1.065782696927632285e-02
4.770075167527515654e-03
3.082793022333698077e-02
5.663508581540107993e-03
4.733057297840704940e-03
5.520351424994355410e-03
2.495085075967164515e-02
6.701202364589585805e-03
1.079757466434595053e-02
2.344033081523937481e-02
1.401109020411989148e-02
2.465416444512095670e-02
8.376703363688431034e-03
5.609639647373818212e-03
1.178712538243657619e-02
6.100432048931905826e-02
6.558949098579916481e-03
7.835408921088164377e-03
1.474226826954528648e-02
1.618288582901220365e-02
3.528113821833434027e-02
2.126603096986517255e-03
3.472608145973766786e-03
2.921975066881292004e-03
3.785136454643998807e-03
2.961328371799306844e-02
3.361086845782886717e-02
3.964622522668598617e-03
8.640072910606871534e-03
3.979987321438595987e-02
1.793273826018632749e-02
4.539642210990185375e-03
2.388072043526606042e-02
3.248333834554987132e-03
1.187712481230990443e-02
1.633948135200604182e-02
3.856029869761835177e-02
1.316791743547119677e-02
9.668043833562935119e-03
4.199231295519072205e-03
2.632819788573986450e-02
8.475794104354367198e-03
4.178947340005904898e-02
2.001807318578775405e-02
1.785693304425685010e-02
3.401126557820814689e-03
3.635740533723660472e-03
1.286822920129679707e-02
3.739332887813388850e-02
1.129155770459308421e-02
2.363942632482246564e-02
7.270355929457573453e-03
5.218575735354935401e-03
6.947588336381438530e-03
3.960924269502436208e-03
4.824515377644374679e-03
3.275230963244491617e-03
3.996850456704278964e-02
1.030269959146327095e-02
5.887650989975438780e-03
6.115871024985101816e-03
4.246805896534824876e-03
2.044319558097828712e-02
1.723612400202215525e-02
8.743480591475005781e-03
5.325267579719018297e-03
2.386032981170949432e-02
4.810695632336469546e-02
1.133280941261661894e-02
1.019127256901942828e-02
3.105699380173522484e-02
1.435579186993028201e-02
2.533647165051353123e-02
2.336814528453181466e-02
1.613233039349602424e-02
7.534412207255636144e-03
5.791430701866687354e-03
5.595516700166929674e-03
5.625000063999254472e-03
6.599123360871599238e-03
1.496695722555344520e-02
3.293099489775494493e-02
1.536967789848647792e-02
2.608191220105873440e-02
1.220704535807156342e-02
2.181588168874146888e-02
8.072258484311832516e-03
5.258036255049810051e-03
2.502056588617294561e-02
9.467983258873420224e-03
2.725030266499461548e-02
6.283701398341081518e-03
1.083908924510224372e-02
1.913052954937672842e-02
1.753832696774878033e-02
1.429733913468866219e-02
6.959388726489058527e-03
6.916640316782467386e-03
4.943370812953941894e-03
7.572372931914535948e-03
1.190235257992827179e-02
1.610736178604969121e-02
6.377798351918368205e-03
1.617889837868961150e-02
2.862614737053621392e-02
6.383976916012414765e-03
1.981651537457994675e-02
1.346821169924367068e-02
8.394952088738322910e-03
1.153756905429740610e-02
4.009067927012706367e-02
1.358544202887584061e-02
1.004089019593606101e-02
1.587293304984625092e-02
3.216650408027170449e-02
3.201248626227997524e-02
1.304002465369303448e-02
7.278483700019422291e-03
6.945516680324153452e-03
1.226391339978563644e-02
