1.145722209629228328e+00
1.182815495026004360e+00
4.751912390866389835e+00
6.152629362190646489e+00
5.789533976558060679e+00
5.815643336829328547e+00
5.797326794892545543e+00
5.811643497033725403e+00
5.759463386879626334e+00
5.776361491683563720e+00
5.780895196224364874e+00
5.788116609989389261e+00
5.701580744490406971e+00
5.604757300259544550e+00
5.558790531609437480e+00
5.437815957903327835e+00
5.399531456402868024e+00
5.419041949313692541e+00
5.445449219128836837e+00
5.404815134037109559e+00
5.353351220568767665e+00
5.299280084363726218e+00
5.313414827007135521e+00
5.307917232254132145e+00
5.276936255976777623e+00
5.283842832307040105e+00
5.257333902618493759e+00
5.227875696485823731e+00
5.252547542290833427e+00
5.239426355040739836e+00
5.228953045385744680e+00
5.194510088407870541e+00
5.208242349513041880e+00
5.214248912864515972e+00
5.209623817051745931e+00
5.270191298556825998e+00
5.219085790618350096e+00
5.204921207524018101e+00
5.222580254364578956e+00
5.233826886734479267e+00
5.235186306881737472e+00
5.261748356144744676e+00
5.207325550363403721e+00
5.219459008935582567e+00
5.238201673142125259e+00
5.223410047109966037e+00
5.156231938574369345e+00
5.199594566434690535e+00
5.224366195004429336e+00
5.170316433138889778e+00
5.200015171703563865e+00
5.180198391556706028e+00
5.125888472602437851e+00
5.125862121401024929e+00
5.121798276935116689e+00
5.108409376947282254e+00
5.101867458442046477e+00
5.102330006451767375e+00
5.081876896931753151e+00
5.100092891341461154e+00
5.045944047744217009e+00
5.060268176690610353e+00
5.014901816144858415e+00
5.016020259507622647e+00
4.981817084226328518e+00
4.995323797861085602e+00
4.957759140047114599e+00
4.939929198865049109e+00
4.947928262831205792e+00
4.904931910848628895e+00
4.871427402965389675e+00
4.898671584930624157e+00
4.846633987280923428e+00
4.815521681393257758e+00
4.831913568438224615e+00
4.796481585557291538e+00
4.773520923588618459e+00
4.767164620494678040e+00
4.747855112429501645e+00
4.709587776515953728e+00
4.710910081439006802e+00
4.701314280819224756e+00
4.648555473839946828e+00
4.642521533964971248e+00
4.623705863290502371e+00
4.570995877759765236e+00
4.575834619645940293e+00
4.541270722119491232e+00
4.544757789629152889e+00
4.507724346740109134e+00
4.505919330300615755e+00
4.482831824171694457e+00
4.448671147103394397e+00
4.448001666899507711e+00
4.421936024208197757e+00
4.386293073562164579e+00
4.357869252600424126e+00
4.345508331626593446e+00
4.341799366759398815e+00
4.293412374925288155e+00
4.291158421445032900e+00
4.260587661705240947e+00
4.232800622570017879e+00
4.231226556926295679e+00
4.219333191651007731e+00
4.194008286358018367e+00
4.157661043770766618e+00
4.143589858287641370e+00
4.114591502545511759e+00
4.105509708655822543e+00
4.101239849621061140e+00
4.057942594404416070e+00
4.055951492830759619e+00
4.026056594044583825e+00
4.013092965141670021e+00
3.983566552064048860e+00
3.963012479459938397e+00
3.960158613310660325e+00
3.927487135899655257e+00
3.902420300472095871e+00
3.908637108731969345e+00
3.863672991935495737e+00
3.846185612372138074e+00
3.824344706512075920e+00
3.775927145662701268e+00
3.771817992742491299e+00
3.780387895658600339e+00
3.744801081864356451e+00
3.734663099437308453e+00
3.699119336581522255e+00
3.712191731434951514e+00
3.686280743204429999e+00
3.648791567627367893e+00
3.631745671042197809e+00
3.631932557603135159e+00
3.585751438720040429e+00
3.589265746250298594e+00
3.581889411619217700e+00
3.565003259760143983e+00
3.533624434124110980e+00
3.531871930426536466e+00
3.486605303217873431e+00
3.474162696083926249e+00
3.474835253053717210e+00
3.440970572841206110e+00
3.413547127682482696e+00
3.451932861541935793e+00
3.397315188477630699e+00
3.378959851514755641e+00
3.348666641446363723e+00
3.333708512460144213e+00
3.322980061501966453e+00
3.299803260773016333e+00
3.301565121917052537e+00
3.255418735219892223e+00
3.249434726885932267e+00
3.256951214283354545e+00
3.248471940634735322e+00
3.212893314714643456e+00
3.213273509924587046e+00
3.188631761880010185e+00
3.163448610169413477e+00
3.144489523729014024e+00
3.122221703801462134e+00
3.095674709132903768e+00
3.105614153995226001e+00
3.091716261910542940e+00
3.063234446368514607e+00
3.063237092132336414e+00
3.015952067063762954e+00
3.033026602793007953e+00
3.004756386779788180e+00
2.978603317398782480e+00
2.968475153058174332e+00
2.964270904918478333e+00
2.937440634328623457e+00
2.928474564381646772e+00
2.935756903868789625e+00
2.918983518341664585e+00
2.870870230051564498e+00
2.894869697963498023e+00
2.849877601797434323e+00
2.845956678679174345e+00
2.820351271829289352e+00
2.802203129284210892e+00
2.789931030534947176e+00
2.774115226606740148e+00
2.779206497967229073e+00
2.753289588092398432e+00
2.739855330693749202e+00
2.720149890045520547e+00
2.714826625223514700e+00
2.699526101742065087e+00
2.675687463158197499e+00
2.674113588174302336e+00
2.637369018859677894e+00
2.645816784330739857e+00
2.631456070280403736e+00
2.622224147762994395e+00
2.583782443162474962e+00
2.582880469662042877e+00
2.558492719994592157e+00
2.555942821703280909e+00
2.533703234249612191e+00
2.551988335503444283e+00
2.516952602432370067e+00
2.515725360367275343e+00
2.489084225271181783e+00
2.480654547594113080e+00
2.462577217325954138e+00
2.425756479835698975e+00
2.431003884112599600e+00
2.410434598597791744e+00
2.407461580251135214e+00
2.382468509338367291e+00
2.379596544843939565e+00
2.352040114293838524e+00
2.358208035184111040e+00
2.331236604703337267e+00
2.331031725926067111e+00
2.307997670626322773e+00
2.290632035443687098e+00
2.282793309322106001e+00
2.270198868852646434e+00
2.262913071987604496e+00
2.248883730969652550e+00
2.253689542606339469e+00
2.204069045701528395e+00
2.215464130686832345e+00
2.193431818655183108e+00
2.187201222299608450e+00
2.145817437166828157e+00
2.159493701582852143e+00
2.148059753116403847e+00
2.131553212375803863e+00
2.119909870528306595e+00
2.089167233257794631e+00
2.093463828569725127e+00
2.081303791413253723e+00
2.066438984630101228e+00
2.051701108466085888e+00
2.059854081391321312e+00
2.034815552525060856e+00
2.006652895084971355e+00
2.023903977409600152e+00
1.995653786473588376e+00
1.984377927213059056e+00
1.963005621265157652e+00
1.961383680599755985e+00
1.952568540149347553e+00
1.943824460839339796e+00
1.921423483357758810e+00
1.908469574093998977e+00
1.896729038747248630e+00
1.891538897326691560e+00
1.872062383103337391e+00
1.866593398640430612e+00
1.851615476083975365e+00
1.840029647877831742e+00
1.830872889182096452e+00
1.820409752526893188e+00
1.794537325132403716e+00
1.787051277787043313e+00
1.778690216536861657e+00
1.766512126435776597e+00
1.761932516660450476e+00
1.759411841189614467e+00
1.734317537732444015e+00
1.739231114527292732e+00
1.726661494148860720e+00
1.693515123023079827e+00
1.693341214174840736e+00
1.684386196252454448e+00
1.675862662453903251e+00
1.648477393770387600e+00
1.643024944073762317e+00
1.637823207655153324e+00
1.621809603348729034e+00
1.619579923578133629e+00
1.617702464512778660e+00
1.593512240712906980e+00
1.575106070719152651e+00
1.565031359611729789e+00
1.559100223159765486e+00
1.553567692608955886e+00
1.541614520841284364e+00
1.528306167991978270e+00
1.522640561254223313e+00
1.511782654825758243e+00
1.506484942592778209e+00
1.482625755486780328e+00
1.481005904717412891e+00
1.456186663184562802e+00
1.462497709894074793e+00
1.462547912702558461e+00
1.437615135909379172e+00
1.430748213555580906e+00
1.409635452997147542e+00
1.404375488454553844e+00
1.382617808722800490e+00
