1.007331524381271937e+00
6.945406187470314352e-01
1.833019987372056070e+00
1.334333333540721922e+00
9.402716164738414983e-01
6.614061096427954478e-01
4.573320621364014849e-01
3.090599278851572929e-01
2.024009857794742406e-01
1.281780850519992354e-01
8.014461785416909789e-02
5.110642500211013545e-02
3.431322176641488780e-02
2.478397649433468353e-02
1.931671320342894654e-02
1.603671374066031538e-02
1.391747245386039215e-02
1.242194718695304768e-02
1.126778277488375314e-02
1.030855865757025758e-02
9.464743394374813476e-03
8.696688801142856209e-03
8.226527902573305129e-03
7.308229392755361507e-03
6.619047711892094184e-03
6.032060118858452273e-03
5.545367391472197371e-03
5.256555860507698512e-03
4.692715068908445870e-03
7.530355676235161479e-03
4.008105733350763450e-03
3.970773691988198004e-03
3.558340172688910161e-03
3.489753674299654693e-03
3.784364896531034004e-03
5.009988400063946322e-03
5.616818123619591110e-03
2.822060746491335693e-03
2.246118389164764723e-03
2.099404656729662866e-03
2.282414492177224294e-03
1.796683544164788624e-03
2.685541993501125609e-03
2.501200875865504554e-03
4.541950700111718059e-03
1.545765449177054001e-03
2.862438290555797005e-03
1.640561895194933171e-03
2.093168090256689561e-03
1.981923864205564767e-03
4.073530294542767466e-03
1.029727159813347047e-03
7.317056016703115838e-04
7.603568331757280720e-04
2.704772246584073291e-03
5.451530847459788330e-04
7.498047293577375823e-04
5.589823918505395063e-04
3.715024660363495479e-04
6.066609818006041092e-03
5.598917099672078230e-04
4.008081505596693887e-04
1.826639652794117500e-03
4.643885011068506620e-04
7.365259656021691049e-04
3.932782779568244928e-04
5.312365797894039133e-04
2.245225097367741472e-03
3.009572533802137005e-04
3.857928414397040280e-04
3.756385096725903977e-04
3.426140362239890147e-04
5.073406785471809045e-04
3.389421819902453648e-04
2.895981677917476875e-04
7.612428241379795135e-04
2.157263728265008604e-03
3.432568739728063516e-03
1.878635585412998920e-03
1.258087004272631475e-03
2.743284151309196639e-04
1.138675216508050220e-03
4.049158033029590857e-04
2.613146400221641854e-04
4.099910815217984927e-04
4.939350557905949424e-04
2.927779234999878860e-04
8.338313518374817221e-04
3.122211841851012574e-04
5.567231371961164086e-04
2.494477869564955459e-04
1.021082918213454252e-03
4.094138559926599106e-04
6.178600470085348923e-04
6.081728745576810797e-04
5.243803751808094517e-04
2.556341366083335581e-04
4.982095116314280876e-03
8.105429399829855788e-04
4.276888632513425707e-03
9.736568309833866378e-04
8.932044104347237326e-04
5.976402247338369854e-03
4.723641617304197120e-03
5.961231573475545258e-04
1.487815423007936375e-03
6.321403032599716074e-04
5.615687293684924752e-03
1.623677959912937134e-03
2.470214174328039941e-03
1.600270906319663407e-03
6.575607636896264700e-04
3.116031392949608191e-03
2.351279345579947860e-03
3.097031628767690347e-03
1.959947386283175230e-03
4.635417335019414629e-04
6.384668029601104798e-04
5.071206428779006636e-04
5.569697301823825887e-04
6.988335205481167054e-04
1.155870491956734712e-03
7.450006917217221131e-04
4.793356370876146987e-03
2.887075354470504829e-03
6.485393982198682733e-04
8.648615237761641227e-04
2.769890867550376702e-03
6.776662909951950082e-04
1.525162298811477126e-03
7.307107188029548497e-04
3.443672298471545925e-04
6.603503378886067202e-04
4.196565688806755531e-04
7.052399487219906992e-04
9.158430213550376991e-04
8.469947658060028150e-04
3.895926215957566576e-03
1.550314721356195165e-03
7.932706134722549828e-04
3.693239777686320793e-04
9.012087060428922505e-04
2.299494963166847511e-03
3.046772288688559928e-04
4.695485721526472252e-04
3.794630338617728375e-04
8.404044070325555546e-04
3.625360446237068019e-04
2.789183367425837569e-04
4.164675342734177796e-04
1.479271654109210040e-03
1.304413938773795172e-03
3.656116358896140833e-04
1.098522936974393252e-03
4.248259160903015844e-04
4.586933279583167017e-03
2.122203393355761181e-03
1.350584685757938008e-03
9.312203791391460411e-04
4.031389274335885737e-04
1.871254215179854550e-03
3.376918216602763090e-03
2.557859640323194858e-04
1.104116728295573627e-03
2.676481611379057492e-04
1.332488225568336090e-03
2.514026060386116723e-04
2.036416875927592163e-04
1.983510208306691789e-04
4.397451806657407349e-04
2.669747882871532810e-04
3.619158839534102751e-03
9.681420060636506276e-04
1.865697529933018890e-04
1.677992144968676932e-04
5.561790726881543937e-04
6.577633116709033327e-03
6.294856768509418795e-04
9.231320597458641912e-04
1.544793300587023839e-04
2.304080227772384738e-03
1.290058887960805756e-03
4.866807597860986425e-04
5.687789768988107952e-04
3.962510407957763416e-04
3.598304095334412325e-03
3.242960958128913908e-03
5.681736390810354295e-04
1.880994438076120934e-03
1.646114974457633029e-03
1.319907502213148284e-04
3.909884575676130652e-03
9.840476111094734017e-04
1.304822738727969608e-03
2.582128318902498967e-04
4.412402183928670744e-04
9.448254773473793375e-04
3.334153249678777401e-04
3.235265540451007379e-04
8.028958247851687409e-04
1.443680973138666140e-03
4.228172404590440888e-04
2.181017967755206747e-04
1.484815293355599801e-04
1.468229211074213161e-03
1.626699283780635606e-03
2.298838027841487459e-03
1.810810880478686479e-04
9.088254132560578871e-05
6.706257521792059620e-04
1.409282188824716045e-03
7.164621775841839698e-04
8.834653871544185491e-05
3.273402111928557586e-04
2.314995414790264666e-04
1.087164045633972351e-03
3.833592292161412392e-04
1.087619071661237013e-03
2.927335803553953938e-03
1.204423051222271038e-03
2.389682837763823498e-04
8.022861464217036285e-05
1.167646504018263805e-03
1.969893067295717080e-04
1.682026695617486883e-03
2.754720956777243802e-03
1.733618808977412757e-03
3.731181710480411997e-03
1.884228992680868548e-04
2.430414609436058141e-04
1.412200416205086682e-04
7.380586414740611390e-04
1.098462321521692788e-04
1.802659756289258833e-04
1.425018211789856062e-04
4.572604986476891354e-04
2.771694350535286889e-03
5.981820133703241076e-04
2.361741072613811332e-03
1.145508733256118662e-04
9.397835160268128304e-05
1.371334612486858418e-04
4.827338733862884227e-04
2.517373993392803180e-03
9.932848969203776895e-05
1.687513513278530379e-04
2.675311416561687258e-04
1.520048157508898908e-03
2.126971356222653875e-03
5.095043632118224138e-04
7.638880963866100668e-04
9.269827924465190178e-04
6.865501484517528077e-04
3.105761399307935093e-03
2.172896694110448108e-04
6.356049111748502062e-04
2.067681024277694146e-04
2.616029864753610917e-03
2.801860821520996614e-04
8.912814642095382746e-04
1.393695175125469761e-04
2.288590518049534329e-04
2.889238007793730641e-03
1.275519292640072680e-03
5.009968662185044488e-04
7.226202786350147903e-04
6.218101774025894561e-04
3.214962007947292050e-04
1.293661420091373349e-03
1.023666457855136949e-03
6.131816621757518087e-04
1.117796001279804200e-04
1.309422840170629276e-04
8.456678445099032309e-04
2.399267957711918408e-04
3.205461241291806575e-03
3.189550544156025558e-04
2.446381669526406072e-04
1.600072395254009986e-03
2.185102655347994098e-04
1.674520163995012049e-04
3.259906687237372827e-03
1.054626295841229033e-03
1.604891595304178619e-04
4.642079317878845986e-04
7.652515550273816889e-04
1.051269592853866768e-03
1.015964198363485013e-04
1.740603311139757260e-03
3.783375703873364387e-03
4.417136163206271198e-04
1.772087945429553428e-04
3.480478635439544256e-03
6.308226347100489087e-04
8.635032459066686742e-04
6.958348800242134327e-04
1.911819108351686929e-04
2.097636954583257112e-04
1.082733409206086987e-03
1.501643310422781652e-04
