1.390646516498738050e+00
4.088283906073908014e+00
3.434266061273609782e+00
2.856195108003338756e+00
2.510820285779037153e+00
3.473332392583183825e+00
5.375048978315728476e+00
5.674441675794507312e+00
5.719917043279846958e+00
5.732032100590637391e+00
5.741740919408418797e+00
5.737648265419098337e+00
5.741136070871379005e+00
5.728646268086605708e+00
5.745073195835203705e+00
5.732664609206535644e+00
5.706741901070286005e+00
5.662805983791855624e+00
5.609833553954960195e+00
5.557404843935964678e+00
5.491646645703413654e+00
5.428597380890550106e+00
5.361450892805345703e+00
5.279765610537957343e+00
5.196874557599056921e+00
5.103159029423350646e+00
5.008996029540802475e+00
4.915731057196397025e+00
4.834930853715867727e+00
4.753052401979664054e+00
4.700835612015697329e+00
4.670059145149867419e+00
4.660507234915222341e+00
4.701658750502690332e+00
4.772915065425874737e+00
4.874434193452370501e+00
5.020309593966640449e+00
5.181340333269643494e+00
5.366657066574886059e+00
5.572493488102158388e+00
5.761809843864522662e+00
5.958198755014226577e+00
6.144728716599349383e+00
6.322348000419403924e+00
6.494822017621247667e+00
6.651627841528858553e+00
6.793033298446824908e+00
6.928197106536429395e+00
7.070452174604022311e+00
7.205037643911031076e+00
7.324169448884459754e+00
7.456960755856568923e+00
7.558399205537530641e+00
7.649518482229397343e+00
7.725608301129099686e+00
7.780250185371584415e+00
7.813079895205906844e+00
7.821657025793311568e+00
7.806794789892537167e+00
7.772065421971816157e+00
7.715161205626874796e+00
7.635654010685701820e+00
7.563734448181162584e+00
7.473599757640439378e+00
7.399376881181478183e+00
7.329392193599959526e+00
7.262512212099956344e+00
7.200759973165746786e+00
7.144158058365531083e+00
7.089066542184992770e+00
7.044303934988195515e+00
6.963162262291365145e+00
6.890069843925199500e+00
6.796801774606250568e+00
6.669239943202256882e+00
6.557366781314581061e+00
6.396489999970430773e+00
6.223093428911758096e+00
6.025922272806515601e+00
5.809196451549023976e+00
5.573230931620641648e+00
5.320764919204516552e+00
5.057039805463531046e+00
4.781390134649867285e+00
4.496746119136867392e+00
4.205696124244052925e+00
3.912317088791983366e+00
3.612606018458979662e+00
3.310307065625011980e+00
3.018348817544873608e+00
2.715812308400229025e+00
2.427158149915160212e+00
2.141364162178442943e+00
1.868952131053978949e+00
1.603544769338607123e+00
1.351061615090003887e+00
1.129790614691152939e+00
9.425376536071441436e-01
8.068377151497336808e-01
7.485004378044907147e-01
7.743400885904432318e-01
8.687869239892520579e-01
1.016407865010374945e+00
1.196407732141146374e+00
1.376011751364055513e+00
1.575303804804282892e+00
1.765789234525293017e+00
1.956635793107448951e+00
2.148928933541008224e+00
2.333344478792546361e+00
2.520556432471260599e+00
2.701710514617374770e+00
2.882856254452084599e+00
3.056570766139976580e+00
3.224590216487420946e+00
3.393750225304002832e+00
3.555258524492432404e+00
3.713738386114283863e+00
3.874565687872750352e+00
4.032816234224589458e+00
4.182609591980287256e+00
4.332896230290969264e+00
4.485888156923458325e+00
4.634353460079282172e+00
4.783442347967126196e+00
4.924485066991116433e+00
5.060391327228064284e+00
5.203210733029977497e+00
5.350420979865846860e+00
5.492507507636255504e+00
5.628604224177959026e+00
5.773871541632422222e+00
5.915367191787595402e+00
6.049627043389428138e+00
6.191830112602989544e+00
6.340201826950640829e+00
6.481690588564271494e+00
6.631143498603891295e+00
6.779758554447822938e+00
6.926109032368135132e+00
7.071270821302401366e+00
7.218787426756201775e+00
7.361626091075993195e+00
7.516545185898314330e+00
7.657208804498694121e+00
7.808779024467641605e+00
7.953426358243139482e+00
8.083589648049112952e+00
8.228161081754572947e+00
8.354586999563085925e+00
8.491598101164264278e+00
8.616776235788011107e+00
8.747089726324771775e+00
8.862455835024883655e+00
8.981635596755143780e+00
9.096974537721962406e+00
9.206623569121330064e+00
9.311244153270024526e+00
9.410631897016701330e+00
9.518995114389369405e+00
9.613039230454020867e+00
9.709337469632435713e+00
9.799914659691498997e+00
9.884593518375984544e+00
9.972699982206895797e+00
1.004737693144092248e+01
1.011719854587161294e+01
1.018838819502067139e+01
1.025158577192972054e+01
1.030907898998775174e+01
1.036643577804418115e+01
1.041574717796665972e+01
1.046709691346659099e+01
1.050978586054564445e+01
1.054366658027737280e+01
1.057467271780429918e+01
1.059181926899700876e+01
1.062410633395808546e+01
1.064768366034154923e+01
1.065741900998586722e+01
1.066357315831212915e+01
1.067078178012111778e+01
1.066778658886919651e+01
1.065905343422416074e+01
1.064648340747610433e+01
1.063388070167920141e+01
1.061503096291760961e+01
1.059915025445654457e+01
1.057781932306131800e+01
1.055802139549850338e+01
1.055335603577814929e+01
1.054444739354789462e+01
1.054347370967913200e+01
1.055542433851870854e+01
1.057711021766545301e+01
1.061792877451361505e+01
1.066960700704856002e+01
1.074087161122309020e+01
1.082174659289212570e+01
1.092297830885689436e+01
1.104119319343070948e+01
1.117510695603780313e+01
1.132233849632265610e+01
1.146415237815289068e+01
1.161234329857432712e+01
1.175081894430905116e+01
1.187900984575250973e+01
1.199205159997302417e+01
1.208345084574961881e+01
1.213456533415600092e+01
1.213418271653662650e+01
1.203147936600690748e+01
1.173512421560559282e+01
1.118490680130178561e+01
1.054614767772440587e+01
9.952571644461686518e+00
9.409842936383130407e+00
8.925271789897236019e+00
8.535403765579854252e+00
8.195392391237129814e+00
7.868207327980879739e+00
7.578970824546940044e+00
7.313930001882496867e+00
7.055952112721771918e+00
6.820884008700679679e+00
6.588057089851769632e+00
6.361370730978392452e+00
6.160028586970537567e+00
5.952512082933570703e+00
5.755796704810958175e+00
5.561941152804607214e+00
5.375739461078413939e+00
5.192342080168293350e+00
5.014325856284102656e+00
4.836457818474886317e+00
4.666023254552674970e+00
4.492090318785694869e+00
4.327970308675634925e+00
4.162640646010914658e+00
4.001901832646246326e+00
3.852248206626435412e+00
3.693502870560628537e+00
3.519365731717412071e+00
3.392374990685865566e+00
3.246755335882828941e+00
3.102728906581326385e+00
2.955026097453448131e+00
2.806757033575006943e+00
2.674882662679983536e+00
2.529954090247369169e+00
2.400763836678744045e+00
2.267290593393838538e+00
2.141441628867469138e+00
2.006695266950636380e+00
1.878216818174266223e+00
1.754372085676607629e+00
1.640077933480895700e+00
1.518768705059775570e+00
1.397452375697118887e+00
1.287134284934332351e+00
1.176772706827068582e+00
1.080938435352101434e+00
9.773000280946799734e-01
8.811498325896774952e-01
7.847975112205883841e-01
6.978659156481246129e-01
6.062202350379481963e-01
5.250786600650007019e-01
4.541112481212435381e-01
3.818108883620978111e-01
3.195413087670337937e-01
2.631588095442812247e-01
2.161072284502919827e-01
1.884532294638319727e-01
1.710139649568242770e-01
1.711970228255423887e-01
1.832038228042693895e-01
2.120085722487027591e-01
2.334666271948961647e-01
2.565206078005419776e-01
2.857728168878622688e-01
2.970916603711890036e-01
3.266239418335541433e-01
3.385336199292319215e-01
3.560186430723732975e-01
3.711815698954475384e-01
3.889943749047573562e-01
3.884826710961129526e-01
3.913570251401471967e-01
4.176628398998166181e-01
4.077408006573531862e-01
4.116167622156471362e-01
4.181485575301581714e-01
4.115368348172813162e-01
4.064606281134819921e-01
4.258700810756538835e-01
4.246405524055406056e-01
4.075808894152471162e-01
4.052433364577425756e-01
4.028278136642646223e-01
