1.086445499170050066e+00
7.796599177107982337e-01
5.698714277689447272e-01
5.012871803838728768e-01
5.499529084033976112e-01
5.419049946957421593e-01
5.325358438244710557e-01
5.264482087772899277e-01
5.253142466884118678e-01
5.237233411006541051e-01
5.096098666480096684e-01
4.748380776240921364e-01
4.202761485507724437e-01
3.524132380060684411e-01
2.822790889865300357e-01
2.202953192692914397e-01
1.710592384339073846e-01
1.340406159007786757e-01
1.065469169208775047e-01
8.574528585459038899e-02
6.952042023819066108e-02
5.661228619010295893e-02
4.632496010944683884e-02
3.814858807159930004e-02
3.165157328000094139e-02
2.651899880110424046e-02
2.251710440513014083e-02
1.943728843893060415e-02
1.707082198749367008e-02
1.522724763400474558e-02
1.374588062924054360e-02
1.251274826101723102e-02
1.145396393788393127e-02
1.053948227683952979e-02
9.762871361347855506e-03
9.122094370018294512e-03
8.596755930529801845e-03
8.172230200945252571e-03
7.810137617263825972e-03
7.490937224869674560e-03
7.196699293790483239e-03
6.921337570297720135e-03
6.659584518322292715e-03
6.411210793134097113e-03
6.176091155399866459e-03
5.954468863602495159e-03
5.743665538434855958e-03
5.545371018529081375e-03
5.356163238214222376e-03
5.176367190572466956e-03
5.004630140881169940e-03
4.839083052956741522e-03
4.679272969005617011e-03
4.523412904507654632e-03
4.371155163379085266e-03
4.221840812638510444e-03
4.075693384079029889e-03
3.931641223741230012e-03
3.790768715945249615e-03
3.651040864104075113e-03
3.514906205763283081e-03
3.381941135067116199e-03
3.254567141012650218e-03
3.128306938630296720e-03
3.009289193989312956e-03
2.893254742221753294e-03
2.783729274861405749e-03
2.679687423583840353e-03
2.581622678532814134e-03
2.488865824834300949e-03
2.401376988534204785e-03
2.592201523787049031e-03
2.241615942214582585e-03
2.754990391408989985e-03
2.092614286062080293e-03
2.266281106441832543e-03
1.956282929231653155e-03
1.894011931524857599e-03
1.895201919881183165e-03
1.771987542400112929e-03
1.269357131740781516e-03
1.659690145184838667e-03
1.905669310717091188e-03
1.543930277660231394e-03
1.491324433940714993e-03
1.453529333970414320e-03
1.398512357749378708e-03
1.451440101096416416e-03
1.299220600906329272e-03
8.172250263502417412e-04
1.200945068575073708e-03
7.305696261557429556e-04
1.105740987851193229e-03
1.100390710622833283e-03
9.949434610412824943e-04
8.939145317725193498e-04
1.673192433948005996e-03
8.952749588995448848e-04
7.163760281218498061e-04
8.925719120691767922e-04
7.868499581344727501e-04
9.327077699079183021e-04
1.127521972387040931e-03
4.106493769560104240e-04
9.511846015926053678e-04
7.126134727013610885e-04
2.305549441217546005e-04
4.262651661209537431e-04
1.524809406519447462e-03
5.405478975556456383e-04
1.322379312282063102e-03
4.950854724798047727e-04
1.543442531633766536e-04
3.569331484156820669e-04
1.688118812562880867e-03
6.134827997745041566e-04
1.064735625024958469e-03
4.039921403264044582e-04
7.123541171662570604e-04
4.570822788021430328e-04
3.293863180922897388e-04
3.108431399646412142e-04
1.622229841860188104e-03
3.575411585093230828e-04
9.512498927596798074e-04
9.847041676801311020e-05
5.856834936883745062e-04
1.517086886319523589e-03
1.416469969832782883e-04
1.095761487697416523e-04
1.667252102885749109e-04
1.590209979618841158e-04
5.941236404230619160e-04
1.651669614300730704e-04
2.245856109052831394e-04
2.059789555207785366e-03
1.512593960830847838e-04
1.389170147070654818e-03
1.143952604321755588e-04
3.655785199941082942e-04
5.158513277316379483e-04
1.665895809558911147e-04
2.009082174230351642e-04
2.954110618212792507e-04
7.148635007765379566e-05
2.733498623394763440e-04
9.469285620050930279e-05
2.594558687657941287e-03
4.102071148720399922e-04
5.496550300174587284e-05
1.549192320022899473e-03
9.573597254290406970e-05
1.162585119148709504e-04
7.556572310832561736e-05
1.545190477184822794e-03
3.888786472708157752e-04
4.930314699451530670e-05
1.491762587474936962e-04
1.772225735172787984e-04
5.979770908357137042e-04
4.358276468678235339e-04
8.553011516709178386e-04
6.724863308227832558e-04
2.054888692569977436e-03
3.315772552535926226e-04
2.811586623115374219e-04
1.788314387110125254e-03
1.116609690268252511e-04
7.555463735302602769e-04
3.005806989245655633e-03
6.615525078474914747e-05
1.360668575027822007e-03
1.192873308875703553e-03
8.256067821031061243e-04
7.992142594757447596e-05
1.559434615600076019e-04
1.160057681917037008e-04
9.641797692801073202e-05
2.827694632138253589e-03
6.356998188200248994e-05
1.975726287499287475e-04
6.546743176594312574e-04
8.804327924832271830e-05
5.513607156409892104e-05
4.811402377725725911e-04
4.026941126779218471e-05
2.476968094523317632e-04
1.017813123773062662e-04
1.662875698437201865e-04
3.316880255683710691e-05
4.105490816425419725e-04
3.766066790506151412e-05
1.745757970851212427e-04
1.752236848139983002e-04
1.326122133186775952e-03
1.545003207890724688e-03
2.655247001016102578e-04
4.308798918936587871e-05
5.035224037891406819e-05
4.345312877669767963e-04
1.463659943662949615e-03
3.232274378817686869e-05
2.984321569136888074e-04
5.773295506475371853e-05
2.900687709784676880e-04
4.559138995694774041e-04
1.129502232466310417e-04
3.332390162770454520e-04
3.638096975702727982e-04
6.842043358067685383e-05
1.123563762029349266e-04
4.458861134277021195e-04
1.281072312396720216e-04
3.022325278448298458e-04
3.950546139337268161e-04
7.420228074507953043e-04
3.711446850212375519e-04
8.528535327932333752e-05
2.379348723553327755e-04
1.202980706687786148e-04
6.038007150936827673e-04
6.253921532005738684e-04
6.131129239354005393e-05
2.081964531537710498e-03
2.788410361666024775e-05
1.900110456058278592e-03
2.687012464744002236e-05
2.825281522592565497e-05
2.593087685983922115e-04
1.020449117042994316e-04
5.060684991356665893e-05
1.501865225828850209e-04
6.344807129590855513e-05
9.164246170684773631e-04
3.346499267198831378e-05
7.253352248405364007e-05
3.079638576744181595e-05
2.319466531223867312e-04
5.157754617321023960e-05
1.624138887353987015e-04
2.767579198751762815e-04
4.644572077919909589e-04
3.973610647895739939e-05
3.759793194773796365e-04
8.533889065385290404e-05
9.338972095332402797e-05
2.137099272938503772e-03
1.190376305411048490e-04
2.117673091548965061e-03
3.025925174280283945e-04
1.857886694664886811e-03
5.602598468273704103e-05
2.242335143408103661e-05
1.720129852215851202e-04
4.251305757373228513e-05
2.795851765961670523e-04
7.287482799053578804e-05
5.750792962165583494e-05
1.522654817242455804e-03
3.439152094899671245e-05
1.093365821686659474e-04
2.390261659769283867e-05
2.277139018042267731e-04
8.505201093193622192e-05
8.044309111125381116e-05
4.024577225130103166e-05
1.919688700076886830e-04
2.343313478788177086e-05
1.200660216592127358e-03
3.055302240596861121e-05
6.135919010446045979e-05
1.112370246883597879e-04
1.417957383476920645e-03
5.797249097638976743e-04
1.727395457513166300e-03
1.189375666496474414e-04
4.753965228610126784e-04
1.461842563471119625e-04
9.193439656795070994e-05
2.366605340428580594e-04
1.257381984560277397e-03
5.103050094511549879e-05
2.679632871061238914e-04
4.762073352011628635e-04
5.792829582651294390e-04
2.719757541851912516e-05
6.596638216922814664e-05
7.728528515843850191e-04
2.909793106046871936e-05
1.898397228948623479e-04
5.579301037169136581e-05
1.674148380970539489e-03
2.847240821252020721e-04
4.992468444621710178e-05
2.917396024641917898e-03
2.738747795491769266e-05
1.469375942615705412e-04
2.519003853788450711e-05
9.231182984106553783e-05
2.207478886006963132e-04
