1.145894714587835761e+00
2.832255763370706281e-01
1.535931789744243492e+00
1.840779101978584187e+00
1.604187559810437813e+00
1.422935179521338078e+00
1.265575209025421533e+00
1.124524391140351964e+00
9.973720770355308796e-01
8.843367123111576245e-01
7.847735990911580695e-01
6.971816093131792957e-01
6.199142972403864915e-01
5.521004574951462462e-01
4.905995896634960940e-01
4.366873063888841999e-01
3.883181995869386394e-01
3.450373411677286617e-01
3.073131661851258856e-01
2.737305545538448737e-01
2.446562986577619225e-01
2.176793238127803232e-01
1.951411528766157366e-01
1.739830225307399669e-01
1.572767793438859807e-01
1.412626421685140576e-01
1.279194209015576122e-01
1.060046140049648866e-01
1.050530496568113786e-01
9.655842299548313135e-02
8.802788440273877357e-02
8.065642173674135440e-02
8.646515282454496354e-02
6.759236104872715090e-02
6.352263103401202538e-02
5.669530054635470856e-02
5.398558271646550222e-02
4.421800396216438861e-02
4.555632284079866312e-02
4.386169034399504951e-02
3.619248472834860064e-02
3.727273323754939222e-02
3.632305244361450774e-02
2.891301318846936641e-02
3.110332208390063566e-02
3.069454597038885971e-02
2.525121391055762041e-02
2.657209894145527371e-02
2.347163639015112033e-02
2.419867313217767546e-02
2.026932217326130395e-02
2.254629546063705720e-02
1.579280216421403635e-02
2.042399025726274533e-02
2.186620686201867086e-02
1.832161314746112712e-02
3.466878098717636469e-02
1.689208032490204653e-02
1.722674708265210797e-02
1.429805015147954037e-02
1.692965864158476122e-02
1.198420387894777971e-02
1.568372928648662998e-02
1.558916302619719162e-02
1.229830738686450188e-02
1.516248457340071618e-02
1.034022169078260833e-02
1.419275839487436908e-02
1.141347479065663896e-02
1.346507622834793028e-02
1.396476254210195396e-02
1.090333008781552322e-02
1.317983413789886905e-02
1.268110135179109990e-02
1.157071157677631509e-02
1.263421924950635170e-02
8.438301381032129941e-03
1.211358639296670515e-02
1.262687542479887064e-02
1.080289465293283666e-02
1.154774338656947875e-02
9.271890199826649664e-03
8.049482484854628833e-03
9.752136829648356750e-03
1.020461205851562816e-02
1.052107159901294331e-02
8.119858933266150755e-03
1.007654916434908704e-02
7.434799101537962682e-03
9.583012095366444036e-03
9.762117522156929517e-03
9.178770501492097139e-03
7.207475298396523282e-03
9.095770793475137575e-03
8.904248232528295254e-03
8.676979253947907436e-03
6.809566284710327766e-03
8.139799052942058369e-03
2.709847365763442140e-03
8.089303664821963918e-03
5.063376013780502422e-03
6.182983342218135309e-03
6.342401851793704262e-03
7.429073652366747008e-03
1.074998470182453141e-02
5.744774282241320827e-03
1.564703824436226159e-02
6.928530844013534862e-03
2.565496479053069791e-03
6.619341767685904369e-03
6.864198451735410537e-03
6.359026781366517757e-03
6.362681163650293209e-03
5.584387152827557585e-03
2.250761783577145004e-03
6.325436465961811056e-03
6.603439696837924179e-03
6.077307354676411179e-03
6.297367147201363841e-03
4.569000757075314043e-03
5.905823695828375970e-03
4.296740933801738473e-03
5.531731415319133920e-03
5.647561577868989366e-03
8.115976857490574212e-04
5.526183308831501655e-03
5.701114943544639303e-03
5.114583887713994130e-03
5.481135161698624803e-03
4.461642084029862967e-03
5.060265582902184409e-03
1.010260977747197766e-02
5.102785257880145496e-03
4.494599953349412598e-03
5.218686543764982852e-03
4.724804996956025530e-03
5.126233192586408631e-03
5.500808996904496713e-03
4.904923734186822717e-03
5.379914209226312020e-03
4.756152688002097603e-03
4.762794751228995559e-03
4.832877786500569713e-03
4.795109195094650160e-03
4.841116768556941521e-03
2.428379351007869513e-03
4.551334164432260104e-03
4.340605905455862182e-03
3.623534654177407860e-03
4.327985178241421094e-03
5.645312797233987580e-03
3.320013165233119852e-03
4.165939155974101270e-03
4.382337506676832473e-03
4.166578347991454871e-03
4.115354990988880253e-03
4.825623025214667398e-03
3.975459304542001623e-03
4.144016959104082111e-03
4.999704824542785392e-03
6.877643378306261442e-03
3.850419024398911601e-03
2.218759839081554074e-03
3.897510941544722260e-03
4.053017172224344065e-03
3.527936972377154669e-03
3.969741277548279219e-03
4.710008407729350186e-03
1.040392270224101655e-02
6.309583838567819902e-03
3.593319932090402024e-03
4.396201650436646138e-03
1.257743154937962602e-03
4.676579777778347088e-03
3.472218939136879814e-03
7.243082762744219860e-03
5.942297244948459983e-03
5.910831204565216400e-03
3.674279446160025504e-03
4.935003635705302073e-03
2.981565762504782661e-03
1.126203399202230400e-02
3.412440408897001419e-03
3.773684892747454760e-03
3.927464915413265457e-03
3.382514592556102803e-03
3.680880611752391021e-03
3.056512199408246803e-03
3.647434900701093750e-03
1.488434866793517455e-02
3.401021512187688261e-03
2.962070487808947990e-03
3.888835896686571123e-03
3.149003607990435820e-03
3.629958620821452809e-03
2.981480830256511873e-03
3.582974325880921261e-03
3.225805738490347858e-03
3.628259292079875475e-03
2.814671026653064231e-03
3.950420855526767111e-03
3.584032940605892236e-03
2.933775354583875727e-03
3.571754014786517398e-03
5.103553442585126790e-03
3.578768354060719512e-03
3.122697937839615662e-03
3.347860290888403888e-03
3.303522171618679046e-03
3.166822937042516189e-03
3.547740239104684584e-03
2.738831711475820697e-03
3.428384560987289640e-03
3.331399543031177829e-03
3.167120035726190934e-03
3.345585467181957061e-03
2.865950329247087414e-03
1.876783371231351139e-03
3.393177486936545598e-03
2.946034003861547085e-03
2.541801944513955112e-03
3.075092560158686986e-03
2.886160753498227382e-03
3.454829612237856739e-03
2.680862288597007405e-03
3.616379495427940721e-03
3.514950343701051319e-03
2.755083081136375147e-03
3.684104470469449968e-03
4.291639405708867414e-03
3.308999374584255942e-03
2.158884740464068336e-03
3.419998315515183473e-03
3.123531680530700506e-03
3.420722524924268287e-03
3.476327238191156011e-03
3.394296283958773801e-03
5.901379126773226465e-03
3.376674588253076106e-03
4.364175375492716433e-03
4.219860487837456819e-03
3.277204498551207837e-03
7.030373110935039284e-03
3.188696711217828533e-03
3.187085456927248733e-03
3.425350275062516350e-03
3.347458777161890602e-03
3.273582261045769343e-03
3.165928835486657000e-03
3.300119168771752879e-03
3.434566218506920465e-03
2.751884722718120607e-03
2.214363428178913341e-03
3.261783966452169031e-03
4.613056847916603177e-03
3.338916217850011834e-03
2.853765582438154858e-03
2.795107535530389365e-03
3.221333481611017395e-03
4.100726987282073653e-03
1.287085467014413781e-03
3.087343111298200028e-03
3.002664897506407676e-03
3.838683623758226346e-03
3.359304839383350175e-03
3.780083479591762191e-03
3.108479809509344036e-03
3.476477861252580057e-03
3.156648569711173816e-03
6.486900880335050822e-03
3.971524416351944822e-03
3.075509587127346449e-03
3.002247218348757032e-03
3.274309555777062380e-03
4.852287712651841452e-03
3.085846027012337841e-03
4.232876234170762642e-03
3.667135576904140531e-03
3.139832492874879318e-03
3.655862044314787257e-03
3.023489014987881026e-03
3.001220749181085414e-03
2.008277711126366712e-03
3.065126071602928496e-03
8.331251977454122437e-03
2.965507118030471286e-03
2.769082121575353484e-03
2.687614713876154866e-03
2.871298013439411902e-03
2.806748964006807942e-03
1.749161458165391855e-03
3.028629117321437851e-03
2.463088547481592609e-03
2.332378951267114961e-03
3.611237228157102366e-03
2.909770100215724499e-03
3.916213627219147266e-03
3.036919838965962144e-03
2.482578091197103296e-03
2.920236012366472962e-03
