9.936380072799312346e-01
1.719175399646315050e+00
1.812205725554070668e+00
2.318596999191670172e+00
1.052489892491440759e+00
8.718064244760427295e-01
8.856711799700217602e-01
9.139420896830493524e-01
9.326115878570063744e-01
9.692122046587284823e-01
1.025319546497211576e+00
1.068505760218658951e+00
1.105182830663319571e+00
1.154220486209188712e+00
1.227562871397199107e+00
1.313675195402407070e+00
1.392424520692715273e+00
1.446164238595391227e+00
1.502201742318914013e+00
1.578815662832078193e+00
1.682848162526695113e+00
1.822598664699669690e+00
1.970159665753902889e+00
2.097987443247023354e+00
2.213401626776862585e+00
2.331410727991143794e+00
2.453980052287711544e+00
2.581845517270119128e+00
2.707977058426376260e+00
2.815401965735919276e+00
2.908632018385627571e+00
2.973200796492996734e+00
3.015550416709601222e+00
3.048296765654149532e+00
3.074485970653368483e+00
3.106163602930011258e+00
3.162971408058251388e+00
3.272325369953629881e+00
3.447197422117029841e+00
3.699414917693163662e+00
3.983083697371025522e+00
4.212121168510760683e+00
4.305443815518326112e+00
4.644634225868475852e+00
4.779796503897643767e+00
4.765915517406478230e+00
4.716143959175749245e+00
4.675445705910248329e+00
4.559113912971821669e+00
4.502609508880451195e+00
4.415880079237202160e+00
4.400349886297584057e+00
4.330370152975146603e+00
4.207476562209732762e+00
4.154681698756048647e+00
4.075125228032407954e+00
3.945869104115526937e+00
3.880705460628264714e+00
3.797348650536275461e+00
3.681588113708169629e+00
3.621590916538219407e+00
3.512867470127853053e+00
3.455430550638510123e+00
3.345214943604376767e+00
3.250875074825317679e+00
3.160985131806425930e+00
3.072422965490937408e+00
2.990575347531884365e+00
2.884278710201648277e+00
2.807990777291911044e+00
2.722667117324795161e+00
2.649881570298187050e+00
2.569925447194228774e+00
2.483930414825485489e+00
2.443963310857770299e+00
2.347907715329668576e+00
2.261635945698657668e+00
2.195436585524225048e+00
2.124468973591818965e+00
2.029705820462570198e+00
1.980496755272190601e+00
1.908385830756936574e+00
1.861563083708242416e+00
1.836625679997130334e+00
1.715926264642468224e+00
1.677048315014334490e+00
1.655353462314482549e+00
1.558500172154533514e+00
1.546619200539437688e+00
1.471199871553995342e+00
1.419151661994335845e+00
1.389460851353928161e+00
1.331054989636169195e+00
1.281227593465410264e+00
1.282972594104127229e+00
1.209733414615915548e+00
1.285257888559658168e+00
1.160666457118115558e+00
1.132879517179385509e+00
1.123778894596752398e+00
1.152650174170061437e+00
1.118025183994337368e+00
1.055804885931859616e+00
1.066423095795940412e+00
1.063835087050215567e+00
9.994244157333848078e-01
9.814653454696294910e-01
1.004048578629631150e+00
9.132987909461178777e-01
9.281947679107082072e-01
1.005916765250272737e+00
9.470684073691560956e-01
8.993969921276718793e-01
8.832084007758701505e-01
9.004826776840680891e-01
8.846104145247547512e-01
8.424532042976283774e-01
8.473905581847753776e-01
7.680520315855360325e-01
8.226180209498140661e-01
8.070960368923610906e-01
7.827149826615269479e-01
7.945081538000453580e-01
7.407097573861556317e-01
7.663823193672122391e-01
8.119268258854184239e-01
7.789919955620800973e-01
8.935264429221271287e-01
7.249980057297688019e-01
6.787506157719693789e-01
7.541111855845558098e-01
7.168248483930036441e-01
6.853709370729351713e-01
6.719261303031405230e-01
6.421811325111422830e-01
6.655242286634446280e-01
6.800905377719761447e-01
6.640914551992540549e-01
6.280986394263740058e-01
6.153741240860802764e-01
6.177040700633530390e-01
6.333674459731518658e-01
6.086714265305794846e-01
5.997519993547300032e-01
6.044917864663177376e-01
5.885060763814936591e-01
5.816872431381701070e-01
5.921978448904904324e-01
5.666074499745371584e-01
5.903166843953943088e-01
5.170338879807648835e-01
5.608540456232621318e-01
5.225698012935581227e-01
5.153048984674430955e-01
5.352487901887101884e-01
5.127779080710728188e-01
5.059521096634826964e-01
5.145216442323773398e-01
6.496481950195508448e-01
4.884386776780471062e-01
4.828136605329795272e-01
4.769678289117795233e-01
4.664272883750441023e-01
4.805667367674427148e-01
4.649811696292889263e-01
4.459220095399511474e-01
4.380260829658160771e-01
4.511786420698484235e-01
4.414668555947086070e-01
4.359263622993800325e-01
4.381568647350292944e-01
4.392747211716944711e-01
5.623836188927686663e-01
4.027076002437842694e-01
4.099692791177398377e-01
3.955844933913579275e-01
4.071346462843339342e-01
4.105765112854243837e-01
4.207608902982625243e-01
3.945363136284071870e-01
4.449767534537404923e-01
3.926371051290791225e-01
5.460022458382896016e-01
3.951703788574885690e-01
4.103129009405408478e-01
4.010443672975712026e-01
3.912685612749774999e-01
3.906335045837400766e-01
3.662317084265506173e-01
3.710129380752202888e-01
3.631642145927193033e-01
3.308137087608696292e-01
3.721544476570623483e-01
3.663210040892209141e-01
3.362645326967152459e-01
3.390738820244574292e-01
3.292261411413897609e-01
3.302905773361130004e-01
3.301524338528807334e-01
3.320316935610265197e-01
3.453502958053757954e-01
2.824405584011210890e-01
3.611690749739799311e-01
3.772474653992017313e-01
3.517747013691466806e-01
3.552383237045153019e-01
3.365233199046229751e-01
3.055960084253474540e-01
3.826389180255151401e-01
3.248135810978538540e-01
3.232441569355193334e-01
2.794501031337465746e-01
2.929123590772660934e-01
2.725680895806456006e-01
3.120168133330078475e-01
2.994326067912155831e-01
2.968723837582509795e-01
3.136652296270084905e-01
2.837962095247425487e-01
2.692681628690866691e-01
2.882932369127678696e-01
2.964164775058166224e-01
3.512020567291539441e-01
2.805740189629156722e-01
2.961946644220648794e-01
3.063751075704854721e-01
2.681391828422652335e-01
2.889847567157377006e-01
2.592758442582977496e-01
2.711409486637137434e-01
2.894202604267271384e-01
2.713569078321608763e-01
2.786307349070468176e-01
2.876152235001795954e-01
2.666806115188062876e-01
2.604623711638688333e-01
2.589815777459293922e-01
2.851309287525051195e-01
3.002335888465680336e-01
2.846848075858147697e-01
2.803995317091532713e-01
2.573629202435687713e-01
2.761160899823253412e-01
3.317021484525752295e-01
2.589009711093556154e-01
2.693058090891040646e-01
2.857153809937281741e-01
2.526733316023646037e-01
2.888619270290745944e-01
4.078350105683445359e-01
3.007513969617847116e-01
3.229551085320173098e-01
2.671100193826539404e-01
2.603128098159393500e-01
2.508604047409924154e-01
2.360838706863075120e-01
2.460162746241686960e-01
2.930654448335526241e-01
2.385961441827011420e-01
2.918296472968868183e-01
2.540516701433364610e-01
2.408016216731674319e-01
2.397471907791248191e-01
2.602162748471565368e-01
2.553852215603573117e-01
2.319750593773245717e-01
2.356684324598049551e-01
2.342819026570668317e-01
2.667893865563045197e-01
3.016058166736224622e-01
2.354459829776738844e-01
2.476251040570422723e-01
2.530829511666419229e-01
2.609848623193310457e-01
3.286551418105512767e-01
2.254682121417140028e-01
2.517183667535979885e-01
2.363067884817316167e-01
2.371262269145592849e-01
3.387614710890255454e-01
2.718687293649557080e-01
2.585767471965821906e-01
2.450921817607120134e-01
2.307107444145647945e-01
2.513873212021409120e-01
2.283257887134204633e-01
2.435447830215452802e-01
2.125173743941455307e-01
3.555082463180281316e-01
2.370812942294148185e-01
2.369374634334430740e-01
1.942947191145357466e-01
2.423565233220824344e-01
2.165094511408471867e-01
2.013015077759027216e-01
2.326153738110959546e-01
2.349843949278919431e-01
2.230856051146130059e-01
2.290943003137168588e-01
2.218351436875433402e-01
