1.181102322234933943e+00
5.803071713522176545e-01
1.504572784568368293e+00
1.571708343585340062e+00
1.239753805372901807e+00
8.861636998827572276e-01
6.150798800585145498e-01
4.261830671627765965e-01
2.999724859456071036e-01
2.173225567003316538e-01
1.632785865193725205e-01
1.271881078505028018e-01
1.020051021996345453e-01
8.340457325869682359e-02
6.892012636755148747e-02
5.722680116394057714e-02
4.762417418945615738e-02
3.971193271007794623e-02
3.321348168177396670e-02
2.789935686938598697e-02
2.356993576989731276e-02
2.004746757243310723e-02
1.717529980840763401e-02
1.482586187311808572e-02
1.288870723141680684e-02
1.127801324624928478e-02
9.920505452033065094e-03
8.762404645491649394e-03
7.762570409486628520e-03
5.948488816383370667e-03
6.091012028800098406e-03
6.614353417963099793e-03
4.750650982069026286e-03
9.937399286170229412e-03
3.635698625984474033e-03
3.127799208238782672e-03
2.778183266816868120e-03
2.359903410052934750e-03
3.229669623990397663e-03
1.669124435348424539e-03
5.365633364087287090e-03
1.086041191042943664e-03
6.925000248110230010e-04
6.912810937543738092e-04
2.426526110008932549e-03
6.142471608261884696e-04
5.922458393134560082e-04
6.760691119049179031e-04
3.714215829112477770e-03
8.710443226311832344e-04
1.348497590309834801e-03
1.061588383803124510e-03
1.482947243056550232e-03
9.065922178430783299e-04
9.625425815573783591e-04
2.408737906007366990e-03
1.541251436606346122e-03
1.630003787668068884e-03
2.987320604053737925e-03
1.686060935055192856e-03
1.513568584576238185e-03
1.954987634657191862e-03
8.408529541826642237e-03
1.870619102351695710e-03
2.629046854764869896e-03
1.925506763654161180e-03
1.587355780595813611e-03
2.861649620254822293e-03
5.818201522455235600e-03
2.108244495113305392e-03
1.238336433956834480e-03
1.114368510908247262e-02
2.102719327105027382e-03
1.710277882881537474e-03
2.074899219727308671e-03
1.757764817488750072e-03
3.795200744942926665e-03
1.535574445056699230e-03
2.103485393894662971e-03
5.354631064199452499e-03
2.150767145307336519e-03
2.230498097737371611e-03
2.732128757024221855e-03
2.266129100419364637e-03
2.394583865361164712e-03
1.390652582530136358e-03
1.903815565965070056e-03
2.069552709164809018e-03
1.196810500265976839e-03
1.113534908672329446e-03
1.319320565660687689e-03
1.822003696714136244e-03
2.049322528943921772e-03
2.184664170641328982e-03
5.188666103071747082e-03
1.748366783704382102e-03
1.687647043831411609e-03
4.342061311836587292e-03
1.642082553504325276e-03
1.306819198636263333e-03
1.260385900980182756e-03
1.802393083098397094e-03
1.442221983307126736e-03
3.846812405474602913e-03
1.473142045771786736e-03
1.642707705749671789e-03
3.696141251192810052e-03
1.390993931535440455e-03
1.774086116580936116e-03
1.257374285436322053e-03
4.410186213618093667e-03
1.378171458203377017e-03
1.436044811721311513e-03
1.134973217121596151e-03
1.459807437994481210e-03
3.151102444431928568e-03
8.251812586250469039e-03
1.216424372479690558e-03
2.339812803219929512e-03
3.482690332178180019e-03
5.350188684935155981e-03
1.149831103774632364e-03
1.093908712495220582e-03
8.113304913711920797e-04
9.890504285760555025e-04
9.032753428602714654e-04
3.647576510879017072e-03
9.454213588958174704e-04
2.209575903190522019e-03
9.630021747698968172e-04
8.220514281576184841e-04
9.311704945835083073e-04
1.044605105474807807e-03
8.528962043564679600e-04
5.792605191368068243e-03
8.288059824621584522e-04
1.108648659140069621e-03
9.466854418940128706e-04
8.388102846008643060e-04
1.228827078965414547e-03
7.952791547099505526e-04
8.253943852649023565e-04
1.187385648245555111e-03
3.339254434249718916e-03
1.514614363314147061e-03
9.634215651066894634e-03
7.214430881389827634e-04
3.488829875163996651e-04
5.000997732722171430e-04
3.293981299041981903e-04
7.261261117772115168e-04
1.178853366380112552e-03
6.077047486659809157e-04
3.397666575683435958e-03
6.661445996617675752e-03
4.542072631164095027e-04
5.362394899328023221e-04
2.089891818682011477e-03
7.182326044537106803e-04
2.687212383582226333e-03
9.426199237727311483e-03
5.478863246896196245e-04
1.933431422402760334e-03
2.814595870573636648e-03
6.143533020166815116e-04
1.967512505940253922e-03
2.297755289467282025e-03
2.670143845188330603e-03
5.884369180299379998e-04
5.249044312528518708e-04
2.610169718503256206e-04
3.804868501499590865e-04
2.440699059559239652e-04
9.433406571043904086e-04
2.066715765885461173e-03
3.988852638384099685e-04
2.752988481571689260e-03
1.266817554167978159e-03
3.019670893301733706e-03
3.912592464307371198e-04
7.136571286851473104e-04
1.043072913564867124e-03
3.699419786885974905e-04
8.720876795248501401e-04
3.763566363932953742e-04
8.605493526984888536e-04
3.150134071430454614e-04
2.173445260952270187e-04
5.976576551903670488e-04
3.495778288407098283e-03
6.837482909350725557e-03
3.655342311860227322e-04
1.268739439305396921e-04
3.865096352956102869e-03
3.007682232648149247e-04
1.238623112306640878e-03
2.591146732554310949e-03
2.498729034471731340e-04
1.809113291837670401e-04
1.081705207862206693e-03
2.515710512478822069e-04
6.832467971360695926e-04
1.252198779871140696e-03
2.338405367561418907e-04
1.839285898987471507e-04
2.330710332259637065e-03
1.316544523407585290e-03
8.594559921150904565e-04
1.889781822756377884e-03
5.462647086479945329e-04
4.438180607709734976e-04
6.308276952445828617e-04
7.865893555162444331e-03
2.526160158591198935e-04
2.823737003109619325e-04
2.458760773355701899e-03
2.571296569573280400e-04
1.953320956735140473e-03
3.875547605704915931e-04
3.097284930065182049e-04
7.125986875970756820e-04
3.104532147312694720e-03
1.338332797855880667e-04
1.482640911910676224e-03
3.159444592546808571e-04
3.250870616582657324e-04
3.672143547748309166e-04
2.711987160661789333e-03
6.574453782641881926e-03
3.200414278952342403e-04
9.810134101294908961e-04
1.866641841296613747e-04
1.677334250201291865e-04
5.477654271805725700e-04
2.021853680009267587e-04
3.559918250382091386e-04
8.810137798648665216e-04
1.466938557432813167e-04
1.424666720033559248e-03
4.084241806260600557e-03
1.254473277673417118e-03
8.521320109532244582e-04
9.768220775766436968e-04
2.475555919088824196e-04
1.566523939588878277e-03
2.783092201218859097e-04
1.148680222518809192e-04
2.731245431184826109e-04
3.593419067667777671e-04
3.425634851372680789e-04
2.993319710410110115e-04
1.690058206791668078e-04
9.116645032438439131e-04
1.968506706517467869e-03
1.818190971722045567e-04
1.063326965638150079e-04
2.080939115139780271e-04
2.301332584196810673e-04
1.099518599652690037e-04
1.830851375612309469e-04
4.912742571244217834e-04
7.269922145317698255e-04
1.668958184047840399e-04
1.226438065132284382e-03
4.851856852671903881e-04
3.392122675069240870e-04
7.669275646429239267e-04
2.447995878698611062e-04
1.306648539274409731e-04
1.275034804904617380e-04
1.357207948259528114e-04
1.972301570376792273e-04
2.761688118910610840e-04
2.319028206317555376e-03
2.265146864328498096e-03
3.443493517514621379e-04
4.043750988281335059e-04
9.823740000302575315e-04
1.757537993881585689e-04
8.139591983088614424e-05
6.984197846165249182e-05
1.353845619385140187e-03
3.991829298057679790e-03
9.273442851648714292e-05
1.287680536999559217e-03
1.848871424979501871e-04
5.425042319262140741e-03
8.568641501977740729e-04
2.509103299540546821e-03
7.074063720408163905e-04
1.220752124270607121e-03
5.270962319155323610e-04
9.907327442393277454e-04
2.995128402605820323e-03
7.133589372977141706e-05
1.931905781099961007e-03
3.550044852021309329e-04
2.207768553836142022e-04
2.572266897668964254e-04
2.014188613646310992e-04
