9.956124737788266676e-01
6.998779867129095722e-01
2.095554683111156447e+00
2.102411586479914885e+00
1.608157012147744203e+00
1.093535535038498541e+00
7.190703933297926120e-01
4.706859935694450159e-01
3.132873698750082148e-01
2.151676030287737185e-01
1.527025349556462575e-01
1.108797868530472935e-01
8.149044868210744696e-02
6.028343299594016158e-02
4.482400675995329431e-02
3.351021074914797143e-02
2.521608839316740597e-02
1.914073504148704544e-02
1.471199396649631314e-02
1.151148485308381604e-02
9.226301130402137993e-03
7.617054766166945698e-03
6.497177779767565435e-03
5.723868253969529446e-03
5.186699169151665241e-03
4.802109164860133075e-03
4.517461186415480667e-03
4.238196292188947147e-03
4.075924495777909044e-03
2.783153357041978897e-03
3.790542513941507017e-03
1.969887254183848042e-03
3.428155178964361130e-03
5.475109095816164603e-03
3.143830522684094592e-03
4.985491719415061258e-03
2.789464220634156524e-03
2.742532562001475521e-03
2.746767666749917215e-03
2.419132596952133177e-03
2.374027258584118002e-03
2.239126486513665863e-03
2.074027984464332092e-03
1.227185661101438344e-03
1.796059139451816004e-03
3.095711340161025338e-03
7.722662873710683593e-03
6.101334537019696865e-03
2.245652790144049473e-03
3.198419447345655833e-03
1.007204583527872331e-03
4.424622604589435390e-03
8.903277625440140456e-04
9.918912662489995802e-04
7.567588941980051996e-04
5.803748317639797778e-04
6.124648416947010886e-04
7.127620030476552581e-04
2.228592395681302553e-03
5.566678105901553403e-03
4.448764254097716192e-04
6.125223537664146014e-04
5.189718755810125489e-04
4.983815257092494809e-03
1.712231582351529018e-03
1.238651334064910618e-03
3.606659865265239139e-03
4.497616979477950640e-04
7.707467341927501034e-04
6.136978284996482975e-04
8.218297633103056367e-04
8.768188496950460060e-04
1.742511298877240638e-03
7.112349666757544590e-04
2.243690315482359428e-03
5.302328510287865164e-03
9.882355443229411725e-04
1.542946193123156690e-03
7.825982916245934149e-04
1.078443553105178521e-03
7.542452129774902467e-03
1.112223674183051257e-03
6.977643599969962120e-04
1.768676874551415720e-03
2.308031150689553602e-03
1.017423026674211172e-03
3.448115476731825751e-03
9.546639942217883569e-04
9.620508440183743893e-04
8.630506956223216522e-04
5.276034064887087649e-04
2.660488811254881330e-03
2.612899604785656575e-03
1.831140151780218366e-03
1.067142479645173496e-03
7.800712916874707678e-03
8.143551070243098405e-03
1.470667543896184322e-03
7.902178490730582408e-04
3.486964353731625537e-03
1.115416143781750762e-03
3.290884467004390451e-03
6.517302647674834762e-03
1.903622990694572598e-03
2.171198481560928772e-03
1.271178282717702092e-03
1.447999657695509109e-03
8.335978613647816336e-04
1.376520244541546084e-03
6.490608222335856031e-04
1.095502153209667977e-03
9.066563883854506867e-04
1.423523223396877492e-03
2.175170185274541944e-03
1.868881409306614614e-03
2.310017731041053360e-03
9.887652130117361576e-03
2.265463797828879029e-03
7.796083980775565889e-04
4.998189214785389231e-03
5.479592217895735669e-04
9.939255138938253836e-04
6.168232425593861640e-04
3.192427492116310661e-04
6.162199233198290688e-03
2.724974370252091372e-03
2.500610978618318658e-03
5.649074865211367634e-04
1.994863388602180748e-03
8.156622588152330098e-04
4.758411558853823612e-04
8.222844918989690973e-04
2.432415883913840342e-04
9.064101311574093321e-04
8.672865508871131519e-04
6.925733933029980423e-03
1.215758004996659496e-03
8.787037523938333186e-04
7.316289171550228359e-04
1.670374721718686844e-03
7.848379220869303912e-04
8.366592953524381584e-04
6.319239816000118319e-04
4.612415256984355588e-04
4.115107067852400574e-04
6.035978316617161528e-04
1.146841385892077386e-04
1.465244046281674118e-03
3.811759629905453061e-04
3.429754621786829951e-04
1.193713811924804408e-03
7.853512756895972974e-03
1.232182716264854355e-04
7.993500689328582234e-04
1.221541264138124383e-03
2.967448462113305221e-03
2.071469982197985532e-04
9.713347563029346883e-04
1.348954563636136760e-04
5.852033336014039484e-04
4.785053115853182132e-03
2.216683020014651936e-03
8.756021668671096041e-04
9.852216268146694531e-03
1.300552777835296348e-03
6.224687929139536158e-04
4.063034748314163763e-04
3.245510678974212093e-04
2.923608104160443574e-04
4.274891544406070852e-04
1.318871669829452589e-04
4.625417363589999411e-04
6.052278820612651310e-04
1.680489690888927303e-03
1.203775859146228580e-03
2.260617988059083257e-03
1.329876734754075092e-03
1.748931305278210761e-04
7.129139867064965882e-04
4.339816127585972849e-03
6.234724821050616900e-03
3.024424680341616543e-04
9.206604155351454750e-04
5.000564720830792502e-04
5.121036816493414363e-04
4.615357003324898678e-04
3.198953449868214443e-04
6.386125712463290929e-04
1.731192598620399448e-03
8.124603692307393911e-04
6.302690138180508383e-03
1.499269966944022803e-03
3.929027762008681065e-04
6.757178642737098756e-03
2.124686616206372637e-04
4.268225314157386360e-03
3.292208554625545170e-03
1.130425265391115123e-03
1.431339455561125504e-03
5.292044858552008221e-04
1.211914705871597851e-03
4.299693305115594622e-04
1.345685930826053499e-03
2.202477794981878606e-04
1.030982445505445228e-04
9.908987019215610616e-04
1.058310076323764823e-03
2.182940959635690486e-04
1.857308670826093248e-04
2.390642839875549864e-03
5.090149146791545474e-03
3.835771349036697412e-04
5.616286501526880854e-04
2.682056230831630656e-04
8.107457070014222273e-04
2.079382757711631998e-03
8.206816991534214567e-03
2.381910949581979178e-04
1.444149695234372445e-04
4.920815470317298169e-04
1.638707296244532366e-04
2.576802700037911210e-04
2.231896193803390848e-04
5.320769829905944463e-04
3.941136399387213979e-04
3.249090520503665827e-04
5.420421875911082951e-04
1.524527877003025236e-03
2.174387640471873735e-03
3.367020386649179227e-04
8.146183021361655049e-03
2.413278324809138391e-03
6.547322601778439964e-03
3.126740845378055567e-04
9.663549039125074501e-04
1.186225078499627541e-03
3.326018034937733834e-04
2.329486391475298708e-04
5.905994214302910834e-04
2.664219331581696350e-03
9.824993416285305453e-04
7.645100361691537557e-04
4.267949628775382070e-04
2.912929380863146008e-03
2.411694959311411809e-03
2.382874211669040038e-03
6.225845552669007597e-03
1.477505155693672198e-03
4.603638911935151808e-04
7.795078419926317883e-04
1.338979352216556067e-04
1.074748137399446791e-03
2.509861533739211740e-04
1.235607545484165978e-03
2.959946100409568764e-04
5.650413268539612819e-04
1.674739261236625552e-04
1.472906404776061257e-04
3.232163795344524535e-04
1.604128084740055109e-04
1.064107648828940995e-03
1.171930040518514660e-04
2.671261031285449461e-04
7.968989422131936284e-04
3.430069121790185467e-04
9.141934026685678621e-04
3.416807188392292222e-03
3.025891546481091236e-04
9.559684947924106764e-04
4.777389261851463305e-04
1.195290250362800915e-03
1.971479152767083212e-03
1.955564648268188609e-03
2.553340271332169703e-03
3.128623622066923878e-04
6.292785985389805735e-04
3.956354617781394109e-04
8.153304519655942516e-04
1.374678220431754068e-03
1.078525915247332666e-03
4.410179076733254265e-04
7.170174138908673488e-04
2.077176359764554975e-03
1.377257172678568930e-03
2.041900615952149233e-03
8.469144122112287360e-04
3.708832313745639726e-03
2.022867026439501871e-03
7.271593852199129430e-04
7.575814861658554129e-04
4.923093476021165107e-03
1.431469232285384171e-03
6.899617886916241654e-04
1.382039817053375098e-03
8.386696735214700443e-04
1.111815399598758318e-03
1.382518329980998804e-03
7.805781699612387471e-04
2.901917913948928425e-04
1.233224610177175275e-03
