1.096751449511442988e+00
1.119209069952845859e+00
4.981717804436115671e+00
4.954766733967744585e+00
1.117603623806782798e+00
2.129627552782674016e+00
2.839913941136416486e+00
3.455026496017843840e+00
3.581794367122408840e+00
3.649179252019187913e+00
3.697377036465067324e+00
3.715283840768461410e+00
3.718063971440118021e+00
3.696021329983864678e+00
3.678274057835458244e+00
3.655920293784258313e+00
3.635442763379209019e+00
3.602086563408485986e+00
3.574387377317091552e+00
3.540618822186228254e+00
3.508311535038072471e+00
3.469845807741912758e+00
3.435677991099096662e+00
3.398401904666179085e+00
3.344685358096724404e+00
3.328379268333019336e+00
3.291351241687961782e+00
3.252738412274046365e+00
3.206379824484541174e+00
3.181725739429226429e+00
3.113019458611275603e+00
3.066265613338249985e+00
3.026083645863857363e+00
2.970823677685749509e+00
2.916852925889400705e+00
2.876501919097046667e+00
2.827212924099649083e+00
2.772446583349837734e+00
2.734898913402324272e+00
2.696011778969643835e+00
2.668269551974158826e+00
2.636476517165217803e+00
2.612250476408221722e+00
2.589367392948912716e+00
2.565468348887819161e+00
2.548899699781272066e+00
2.541665230784647456e+00
2.533646492329659772e+00
2.524308590030121646e+00
2.523049340064057233e+00
2.522768183608159021e+00
2.525242299831706561e+00
2.541808192926652499e+00
2.536331529811714169e+00
2.544222493064687729e+00
2.558120583889467614e+00
2.572070849960575334e+00
2.586207804228289220e+00
2.600074178634470989e+00
2.615589726530265668e+00
2.623894322493248499e+00
2.625685945831869983e+00
2.642544445709067880e+00
2.653505822259673685e+00
2.657278561599439204e+00
2.660001874127754462e+00
2.663018231224836274e+00
2.660911385033299492e+00
2.657868419830151652e+00
2.660557369318331755e+00
2.660188035491130698e+00
2.659334619433376901e+00
2.665914101463293662e+00
2.665387159642327752e+00
2.669596308871644119e+00
2.679710145558765522e+00
2.683498882878568637e+00
2.697039522755976027e+00
2.693860717001147265e+00
2.718460492928162608e+00
2.724900457761811001e+00
2.731889140710726860e+00
2.745694945897111605e+00
2.756350080008359349e+00
2.764572000217290437e+00
2.774842407866492167e+00
2.782726261223304576e+00
2.794901829937638027e+00
2.813545134532114300e+00
2.819968976124227922e+00
2.834615015885905809e+00
2.843826422364549078e+00
2.856175378920514429e+00
2.868823387479102482e+00
2.879414461698855288e+00
2.896498102224512206e+00
2.912130718429886134e+00
2.922625204952203237e+00
2.937531057052797490e+00
2.947340252659694571e+00
2.953552875276456824e+00
2.965749728980130229e+00
2.966846183702048112e+00
2.971360646024324925e+00
2.971641711580538914e+00
2.962131766865017113e+00
2.955874013828067692e+00
2.941074415526296892e+00
2.952422699966210651e+00
3.015364094142722884e+00
3.101969000489165573e+00
3.081336254930884699e+00
2.996812053058052872e+00
2.879299686765537825e+00
2.743889290635709965e+00
2.619284926405222258e+00
2.579757559128711630e+00
2.550274335678978765e+00
2.505423241512948707e+00
2.452808505458901944e+00
2.381274098637241821e+00
2.324581152526349559e+00
2.280225221872316688e+00
2.365943942597700023e+00
2.639677358484123548e+00
2.757334422854310407e+00
2.850458915055243292e+00
2.923613941052690457e+00
2.927525523135269925e+00
2.889882948064288470e+00
2.827434126755943744e+00
2.750489876602640216e+00
2.677960662217804266e+00
2.617870573014725366e+00
2.547631212473858486e+00
2.496206145104219676e+00
2.465185948076896061e+00
2.420387871921976242e+00
2.384532635948179102e+00
2.356121788162262920e+00
2.332152561127186718e+00
2.312363625967837510e+00
2.285710433463136848e+00
2.260801656477704924e+00
2.254776730919326511e+00
2.233422928534259277e+00
2.206944877364862556e+00
2.195083968599328195e+00
2.183450072319391477e+00
2.168274259686408634e+00
2.153465737029359950e+00
2.144912339689795555e+00
2.133441139088092964e+00
2.122079747351353074e+00
2.114573529978989619e+00
2.109801385289062470e+00
2.099233012893090056e+00
2.092369021488265979e+00
2.090213699953385795e+00
2.077958793058459985e+00
2.071674942169040801e+00
2.072758108727749349e+00
2.076121402316096543e+00
2.022927505598434372e+00
8.972061854125478186e-01
2.104062122482468766e-01
1.036252747206622971e-01
9.227068415927972000e-02
1.180254737876844512e-01
1.746473406682017837e-01
2.364615511719005414e-01
2.352305666752563806e-01
2.656334372711713354e-01
2.827523414793294831e-01
3.012510051193072469e-01
3.117807569821511859e-01
3.163653397341560369e-01
3.259351233760576227e-01
3.365827966442057062e-01
4.230477584078339848e-01
3.035436249406950893e-01
3.155211359433076623e-01
3.111510102430224411e-01
3.317969171729450717e-01
3.086012358388410814e-01
2.954901831956122105e-01
2.950265069980492760e-01
2.827577450436272177e-01
2.765444566920943759e-01
2.728985786310959560e-01
2.682374864326230735e-01
2.552700363606371092e-01
2.574211532937807356e-01
2.763789914666766045e-01
2.494945170497406550e-01
2.536678884621743624e-01
2.422493255883169938e-01
2.236560552293955784e-01
2.306213771337167207e-01
2.761892349155716242e-01
2.319932518966945911e-01
2.278568645643983537e-01
2.268100639582347755e-01
3.028158137306496411e-01
2.226141776537765293e-01
2.555579845368604053e-01
2.115303805201942666e-01
2.485209361496686087e-01
2.255290194125406655e-01
2.663938987220443866e-01
2.102877774664103638e-01
2.705822315810859635e-01
2.026935729830822708e-01
2.163100728900419489e-01
1.951427301809314785e-01
2.190775374975434953e-01
1.887056091920476519e-01
1.886910230479229567e-01
1.981962946682337134e-01
1.836073518643213665e-01
1.752343299387530695e-01
2.144784512708906576e-01
1.864799520127144450e-01
1.839314675357333617e-01
1.978203637867655962e-01
1.743499688293725369e-01
1.770769312595732448e-01
1.704391140868157239e-01
1.749404184941473483e-01
1.723893345821270739e-01
1.667226233607342623e-01
1.695385651508180824e-01
2.231237242415333444e-01
1.468899127378295866e-01
1.627141797876514584e-01
1.524174986762548978e-01
1.586512100253683333e-01
1.957717203275636531e-01
1.613601458171461944e-01
1.506357391965085224e-01
1.590874961478472849e-01
1.467197135956244403e-01
1.513633610920946948e-01
1.479386006554106181e-01
1.488882021593366800e-01
1.534136240247126470e-01
1.752719471726290890e-01
1.420297098584626105e-01
1.493369182387141170e-01
1.593785773792358029e-01
1.476566233477820400e-01
1.496674864489888346e-01
1.411104762644630750e-01
1.250888119729405001e-01
1.375312665899274811e-01
1.619140045985415777e-01
1.378479860457684503e-01
1.299322206532010637e-01
1.987718297012636415e-01
1.399576326261007808e-01
1.554970758877881332e-01
1.829962737569505449e-01
1.224848883726148835e-01
1.518261453477512402e-01
1.165434144516738352e-01
1.209896698020624800e-01
1.143320587436840730e-01
1.201756836945466200e-01
1.298792406354128681e-01
1.164624626244823991e-01
9.091123482087667962e-02
1.173295165195444717e-01
1.719517751338905664e-01
1.185558283221618270e-01
1.449228363017240062e-01
1.227003665663404935e-01
1.234464825277044042e-01
1.117308589704335969e-01
1.160478148518077207e-01
1.054613249044944329e-01
1.088613826450759853e-01
1.077923944961454022e-01
9.216913003232536650e-02
1.442065655330389828e-01
1.134557772429422157e-01
1.115252658687410636e-01
1.169178844107895271e-01
1.110784937834376346e-01
1.119475854262231423e-01
1.220640083332435455e-01
1.089577627452150144e-01
1.235461527652759184e-01
9.577332090245767315e-02
1.021383167130841541e-01
9.298030296421815055e-02
9.759560716597157071e-02
9.395509664350432111e-02
1.053357430864974992e-01
9.631065970246910357e-02
1.086930439230900935e-01
