1.295236002027370992e+00
6.267236487008420731e-01
1.215137525107837346e+00
1.353559832077139147e+00
1.125393495714388736e+00
8.464116778912366135e-01
6.151301418590842118e-01
4.369416837752132521e-01
3.045797235529228986e-01
2.083900319494483011e-01
1.400184526310660482e-01
9.266916133110560116e-02
6.072556524735926720e-02
3.968914186040875536e-02
2.614797672798304523e-02
1.762757889990039864e-02
1.236959473268789758e-02
9.163190675776113764e-03
7.201327454684117169e-03
5.972227432698134358e-03
5.165639709812647543e-03
4.599144755879449632e-03
4.172991937314820404e-03
3.831170913354733053e-03
3.545124545918376235e-03
3.295726900119482113e-03
3.079240616659287017e-03
2.419677458117695974e-03
2.710533688657242556e-03
3.625842953525506597e-03
2.473270048561587112e-03
2.347773432598738563e-03
2.117624398470846405e-03
2.147864645090400565e-03
3.231639183288632661e-03
1.957907011972757905e-03
2.194892350963373318e-03
1.720373305079705073e-03
1.750724426259693284e-03
1.363207573175424618e-03
1.581812476352442449e-03
8.352815166352176371e-03
1.410185832744330304e-03
1.412039059520126807e-03
1.361332071110266584e-03
1.293249194914280684e-03
1.981416339048006417e-03
1.174620052552026667e-03
5.076793583477924414e-03
8.113365102293769362e-04
9.301297923592864985e-04
1.335522669759975356e-03
5.034473080183249176e-03
8.643533533407221289e-04
1.538195571041453503e-03
6.579777244375719075e-04
7.844810961453966159e-04
1.032752328363696105e-02
8.041663463379812278e-04
8.741355406474644874e-03
7.054165315744013011e-04
1.649876478475142960e-03
3.336072044460269490e-03
2.781779026317790678e-03
1.566988498420678055e-03
3.835904923792781644e-03
9.081852928151999769e-04
2.099907714459124924e-03
5.691602029201005145e-04
5.611955686343787428e-04
6.119670804989143283e-04
5.005035745747364378e-04
3.683314593190495996e-04
6.474338032576525516e-04
4.017048229834996689e-04
5.928926663412548799e-04
4.008371807345910550e-04
5.843150935489374413e-04
2.342940129135008195e-03
3.250525744581268372e-04
7.315281794495677881e-04
4.772964514021905752e-04
3.872139290401218183e-04
3.206924577330302157e-04
2.014360163430527553e-03
3.542874269632855216e-03
4.587478144355307090e-03
2.495075481458477172e-04
7.073596277236860342e-04
6.145751660883498613e-03
3.321284038171571674e-03
7.230303928112968848e-04
1.041628848733845963e-03
9.696962600554980037e-04
2.639975949986054257e-04
4.211288750795994483e-03
5.378866993965008983e-04
2.566041832994494371e-03
1.910107550319237039e-04
6.740979915165631019e-03
9.396668900251125764e-03
3.833580155890547168e-04
3.369576130004143513e-04
2.293230207013625802e-04
7.014961296752700000e-04
1.872285261040857829e-04
1.172472831818937222e-03
1.293821099906917495e-03
1.261257733772474425e-03
1.974678949406715356e-04
5.277771618085241520e-04
4.140113185157896347e-04
8.060716315036667431e-04
2.424144398696637917e-04
5.397126884652949990e-04
1.821512819643794959e-04
5.372957460181641528e-04
1.482006520128795407e-03
8.030468183935983006e-04
7.458192740609528555e-04
7.085862973487463013e-04
5.641741413629499605e-04
1.725820586939187120e-04
1.898525528292433319e-04
1.205841974158102523e-03
6.651932057048228712e-04
8.815961762751288108e-03
2.745228320723874164e-04
6.919162706503173641e-04
9.691240787678772305e-04
2.963850178046753526e-04
3.358050204017462657e-04
6.818515570126175906e-04
1.513551424349998849e-03
2.266653389757774595e-04
5.937098056007397533e-04
4.614346038783551313e-04
3.124684215515727737e-04
6.429714263897856694e-04
1.734203238373591941e-04
2.326855734360854530e-04
2.244991821117749316e-03
1.962568547223161300e-04
2.630751479405423962e-04
1.540661512603462471e-04
1.390660868978108055e-04
3.807947466872115190e-04
1.581536375517319636e-04
3.124025465198626908e-03
3.056167462024561988e-04
3.841360867142975090e-04
2.765789172953913178e-04
1.782895151042505595e-03
9.222940751110533797e-03
1.503428309594740861e-04
2.954543158650418336e-03
4.361251542297329780e-04
2.025922408719310445e-03
1.874545089044709300e-04
5.805551427186245303e-04
9.919915057451421728e-04
1.411034084199875075e-04
1.367226111673374139e-03
3.259836574087883357e-04
1.386988349535839531e-04
1.281333549062210308e-04
3.177000392834037571e-03
1.301054342944738256e-04
1.828134250981645979e-03
2.543116823254019422e-03
1.213689989328895256e-04
2.300418171474260067e-04
1.126481692068467859e-04
2.556373103583436989e-04
6.630280525290790363e-04
4.125605189402922345e-04
6.593844681053249567e-04
1.761223511324383354e-03
1.579647653474951176e-04
4.267943368643483532e-03
9.077819923633587520e-05
1.446472085882949919e-04
2.112519223584410086e-04
9.822428979763850960e-05
2.796391915761106987e-04
1.864939022790055299e-04
6.941332632798992821e-04
9.464906338765006317e-05
3.901361078352808725e-04
1.424349292880023286e-04
1.123317743929341149e-04
5.252618342662287564e-04
2.473091355666726067e-04
5.929048957231643040e-03
6.586295302907352453e-04
1.694195855093877335e-03
1.052305450873996086e-04
1.689636642797728676e-03
3.982374940308296835e-03
1.367469571702236396e-03
3.904902762577691991e-03
2.157803465509113374e-04
1.802344197774396247e-04
2.992715278841778727e-04
2.638517317950437300e-04
3.418605499830991174e-03
2.944074163876796006e-04
1.199575327421310394e-04
2.766042115612955647e-04
3.053325030265625797e-04
2.889627646768299588e-03
2.138633679462564365e-03
2.047049864156139825e-04
8.492105001521310648e-04
1.473068544673428442e-03
4.593886531344855417e-03
1.807483441573707857e-04
6.226825221863003731e-03
3.155696339854918882e-03
2.501020004914595056e-04
7.104750445598870473e-04
1.039053013286133547e-03
1.833951784241358329e-04
1.658548175711464724e-04
3.483371543575525600e-04
5.257809308457501952e-04
3.833228489580469420e-04
3.131894253085962970e-04
7.467682814161823255e-04
9.717258918745138013e-04
4.677843493857910834e-04
3.821279783542701116e-04
1.844699834878027109e-04
2.610263759704580856e-04
4.768597707305558160e-04
2.137866373309319694e-04
2.993733873854584771e-04
7.111403312798897760e-04
6.368472823963057527e-03
3.003261309638507776e-04
7.591109452569451063e-03
2.872160367902377087e-04
4.041539561093324714e-04
2.003534605144477400e-04
1.461418899183046950e-03
4.067932022504173344e-04
1.541125884127775075e-03
3.365874648124145318e-04
8.582760176706252103e-04
4.283943853490553531e-03
2.907559261500875739e-04
1.378847426413999698e-03
5.207797334901713253e-03
8.878250433215531231e-04
2.135190622453437236e-03
3.309825377059148841e-03
1.134365124385354473e-03
6.693916355980664493e-04
5.219834591284958081e-03
8.531544348255034682e-04
5.008067601123877615e-04
3.437728666290283067e-04
3.420493929439705249e-04
3.199064782041498994e-04
8.213310044128620171e-04
2.786460526384666801e-04
1.362322705510820350e-03
2.948161698749425866e-03
4.133383521879832774e-03
3.409640769476457618e-04
5.475148181786667744e-04
4.450756047303477373e-04
2.535318274944227922e-04
3.676923101539475848e-04
2.159549336550394027e-04
1.981798395090591646e-03
1.121842502191108207e-03
9.031688909868474356e-04
2.798426461089505027e-04
7.291110930865874352e-04
6.164669098016075082e-04
4.099547315271710041e-04
4.403721447984573680e-04
5.340804374267103414e-04
7.548969848748345902e-04
3.594365812599760565e-04
5.639306347428093419e-04
4.133932479279157370e-04
3.622174056216557483e-04
3.594317795501800585e-04
4.832919228780733372e-04
2.220849343743783438e-03
3.614589763538986027e-04
7.201771531155716673e-04
1.009020603136511016e-03
3.548040946874520657e-04
3.586096529621501917e-04
2.604829119501415728e-04
3.290698428596801383e-04
7.903864900852320720e-04
