1.040137868499894758e+00
5.749584401851731696e-01
1.766176138604171664e+00
1.652894628420886081e+00
1.027872111814066125e+00
5.752091588731442773e-01
3.309066969310960893e-01
2.031968771681517960e-01
1.354296086953637179e-01
9.746630959949360851e-02
7.396833304147545918e-02
5.764389943683741885e-02
4.527979374108308946e-02
3.551232447544987181e-02
2.771517719302521790e-02
2.152038331387907955e-02
1.330731172297702249e-02
1.291974134952093844e-02
3.604210203841858376e-03
7.812724939608621869e-03
7.406517998325622305e-03
4.838256507715208397e-03
3.722651310365042258e-03
2.973018211560756775e-03
2.488844844270276992e-03
2.293362136222385547e-03
1.639340616819416705e-03
2.759263553864644333e-03
1.124358402173088016e-03
3.156470417516731453e-03
8.971079527443382448e-04
3.461704065448070484e-03
9.238333390727034976e-04
8.150799447488690438e-03
1.188668388843893645e-03
1.285405382882060573e-03
1.504623108933733633e-03
1.457553941695500328e-03
1.033334899936949516e-03
3.537248605780934745e-03
2.260616158374497125e-03
2.228421344264581213e-03
1.408099924939530461e-03
1.241206946321567889e-03
3.053775536619767611e-03
2.606858948238387642e-03
1.998200122941772537e-03
2.822110489212334341e-03
2.472407449261864506e-03
3.284729167191803058e-03
2.383056412274920082e-03
2.868877637145317121e-03
2.854451412443477411e-03
3.988164903814924583e-03
2.629708053874160040e-03
3.682671654391740223e-03
5.840112538586701880e-03
2.043136200771740896e-03
3.054723342547157380e-03
2.566031215901076398e-03
2.851419445515770111e-03
3.717305657250076154e-03
3.820458450690991138e-03
3.321006389301712439e-03
2.607580298430244893e-03
4.867840695218874671e-03
3.235857342114876762e-03
3.157710179832072181e-03
3.564574663197225910e-03
3.166782195231297638e-03
3.539361749132594048e-03
3.517155345279015990e-03
7.866215288505029948e-03
7.361953406125384264e-03
4.451529878157783546e-03
2.602583057268108551e-03
1.712978452785504169e-03
2.485657680509594045e-03
4.232385292842088219e-03
2.290331396193255337e-03
3.917602593814828969e-03
1.530460950074431000e-03
2.193000485209608674e-03
4.395678813958898631e-03
2.495513337096644853e-03
6.216824100745222195e-03
2.292738489899893116e-03
3.996644374883573554e-03
3.166298757133046479e-03
1.641545974538959193e-03
2.208530066909387968e-03
1.797730596310530456e-03
1.339112521424279997e-03
1.897229815118296053e-03
1.277018914234822819e-03
5.042923699236341942e-03
1.100948274106043796e-02
1.269816415613001480e-03
2.287430625441923097e-03
1.319799427657696771e-03
5.435631797017623137e-04
9.264074114830832523e-04
3.025164061118859864e-03
2.305168516996656657e-03
1.660036450682296754e-03
7.133446910778537759e-04
1.010836247450067364e-03
5.753723170473294636e-04
9.814070197164839835e-04
5.307769950604368818e-04
3.967590942181141054e-04
4.874870441534921587e-04
5.518610930408999159e-04
2.140330253496133556e-03
7.127814810794605611e-04
5.486245468405482641e-03
1.044942617490363188e-03
5.516120961356631679e-03
2.534249124274115007e-03
4.129079383837462591e-04
1.063126337440118037e-02
1.287643564972916314e-03
1.013621667285124171e-02
4.183344044685153988e-04
1.000572245219241100e-03
1.905653688606829318e-03
1.725483610234489554e-03
2.580406615220969370e-04
3.678911000595653288e-03
4.081064278522636077e-03
2.101708860336302075e-03
8.340116304915946507e-03
6.744745060785671759e-04
3.231961867875207239e-03
1.868056093612371427e-03
6.007023302218258455e-03
1.059159722065751603e-02
3.666710026828754604e-04
1.802652274881904855e-03
2.449621017324874416e-04
2.879662044125665642e-03
4.219468088962109037e-03
2.203467386207962606e-04
1.228517281316788374e-03
2.938086492336425444e-04
5.468649253754574550e-04
5.650379665397360553e-04
2.310633723871498367e-04
1.828765048363820969e-03
5.118785805235332234e-04
4.903193724006670723e-04
4.013814254164597343e-04
3.396173849388250759e-04
6.680012169872889122e-03
2.365128303932556781e-04
3.525982116612483980e-04
2.798141335718026270e-04
4.250207347561325301e-04
2.204093859297451350e-04
1.351080698458321508e-03
2.460917803961228177e-04
2.647204732807190153e-03
1.000422102593110816e-03
8.953194742353432671e-04
1.101589386142760169e-03
4.862056368102114670e-04
1.498906407433667036e-03
9.783144782788363338e-04
1.959576376757098375e-04
1.369975518964671151e-04
3.110144346529027820e-04
1.813075976785538017e-04
4.832184067383160360e-04
1.407170164512928142e-03
1.452438181684461923e-04
5.897105515641716316e-04
1.246119357657643478e-03
4.464868265847305416e-03
1.585855318817317599e-04
7.080787807170962293e-04
2.198526861731888880e-04
3.176009164649220944e-04
5.471686436001525593e-04
2.075191029760616816e-04
1.240757765959765333e-03
1.173953258000086722e-03
1.266121346235390282e-04
1.033929732908002355e-03
7.354092525118257045e-04
8.033630254344831592e-04
2.872506522717886267e-04
1.228937562838537537e-03
1.027075891602726668e-03
8.006830482936352087e-04
1.921197526813227729e-03
4.826041407954744845e-04
4.554573078268320989e-04
6.892648810629652947e-04
2.612550717358134208e-03
1.942080632246946312e-03
4.867058362099365093e-04
3.843742444738708244e-04
5.910997516159115315e-04
1.007210015110813128e-03
1.581906808384155678e-04
2.173190908581526613e-03
1.847272610214256792e-03
4.325217934117650542e-03
8.054190373318648481e-04
3.416479568409157351e-04
7.768519747204356103e-04
1.655344003211893641e-03
2.018599899038041323e-03
3.845266148208955053e-03
3.000198866192406466e-04
3.495430659631138881e-04
2.170676143387068459e-04
9.064118069255312554e-04
2.107850329768308018e-04
1.579225409450253940e-03
1.350375900116142604e-04
2.407435650341976485e-04
1.730627641754771873e-04
9.181534158275463358e-04
5.262855265168594858e-03
2.126016187562950951e-04
1.049630076204776990e-04
7.265111461429419291e-04
2.469554875363424648e-03
5.332581866998005807e-04
4.682973363733676964e-04
2.904964859829353230e-04
2.655952599066114476e-03
8.520668469555269355e-04
1.106096145516181125e-03
1.104761331064238201e-03
1.004467069847978086e-03
4.570932373132876149e-04
2.582781354341100221e-04
2.875278738345830865e-03
1.309344947709459566e-03
2.538082437411077075e-04
9.714024031420722500e-04
2.223005709359633219e-03
1.786905908581882130e-03
9.189663663048330475e-04
5.336354959966353338e-04
2.921785280002170415e-04
4.904162118015576582e-03
2.033590113279902111e-04
7.883271323108389508e-04
2.513184030211813099e-04
3.109636231683126175e-04
1.383107426763359254e-04
6.524841634260155005e-04
5.954713157158931852e-04
7.756150709708164699e-04
3.539916826804543389e-03
5.302711904387806497e-04
5.824842246937812426e-04
5.223051204682501022e-04
2.512065542710816349e-04
1.705101950380605638e-04
1.430655181169523905e-04
1.078314049783141290e-03
9.821323357583260170e-04
5.467442832411897749e-04
8.723672816791593586e-04
3.252298221655946023e-03
9.790421789730692839e-04
1.051170462931483654e-03
4.523497427554659667e-04
6.301292289268238924e-04
3.803179628506258604e-04
2.327487721384664289e-03
3.783844893384112097e-04
5.815871009038558331e-03
3.986196720200629179e-03
8.808836944501202953e-04
1.882104524741181934e-04
3.378082450505659820e-03
1.640909333829370579e-04
3.307519463513697235e-04
4.671958791174643522e-03
2.341403890623597155e-03
1.690782658463372418e-03
6.432748655291360956e-04
4.396372518742125597e-04
1.211094465646395156e-03
1.097070777815562729e-03
7.669643094985040526e-04
2.245047287462185526e-04
5.261119410731419444e-04
5.122089013501508747e-04
2.585044140954273852e-04
7.208923276011349086e-04
2.889412676310237037e-04
1.867326825324128583e-04
1.343595887893302230e-03
9.411880050454152864e-04
