9.760281475464714918e-01
8.683281721694546818e-01
2.695342165627500730e+00
2.511659891334656169e+00
2.227431920453170289e+00
1.964795996195509709e+00
1.749077372650412965e+00
1.566489693813592821e+00
1.422486805993560477e+00
1.268585469830394219e+00
1.185407888062401716e+00
1.087867564866098702e+00
9.990193485863373413e-01
9.225302799581213131e-01
8.481710614425540529e-01
7.869142151062414881e-01
7.398897112013991251e-01
6.767310093267286941e-01
6.342038605418626185e-01
5.872111551586807199e-01
5.550705457148048527e-01
5.290232323200996234e-01
4.910591657358465145e-01
4.684534964919014888e-01
4.375821958266564171e-01
4.211516530919633405e-01
3.975013491433504464e-01
3.815873374107595084e-01
3.693295674973933185e-01
3.462473844235152698e-01
3.381696776081625777e-01
3.286392626100010927e-01
3.100534779355249015e-01
3.042503453693388704e-01
3.077330974352333048e-01
2.794972221990921213e-01
2.761189350821329769e-01
2.713972851473998027e-01
2.522929552753357396e-01
2.520702368467900856e-01
2.491147262065355195e-01
2.343454582279405618e-01
2.339348412972713509e-01
2.276435928070715542e-01
2.193682672430921354e-01
2.192968186001451047e-01
2.074658007227950796e-01
2.061396532808977833e-01
2.063173726491669413e-01
1.846670168552749236e-01
1.947096079814923386e-01
1.950473591259677120e-01
1.804325835553501900e-01
1.828887303589090407e-01
1.841808820323184714e-01
2.122492114718700640e-01
1.739379167257633640e-01
1.756909855218764804e-01
1.615316154275232008e-01
1.694345046573906555e-01
1.493842382843102723e-01
1.631075220743664622e-01
1.755249802202029086e-01
1.590927498240967131e-01
1.482596105583529611e-01
1.557561009387745110e-01
1.468622191093810203e-01
1.509642702630266120e-01
1.778085811584598497e-01
1.446696602465381842e-01
1.469722166073216263e-01
1.362986531576340643e-01
1.412061489175265305e-01
1.422025112273008207e-01
1.267546137219972557e-01
1.373822069707970328e-01
1.377688067596319621e-01
1.235454969318837415e-01
1.327015481178481504e-01
1.330316789119046772e-01
1.220979388683241240e-01
1.287908337003809967e-01
1.291488222964595478e-01
1.187027187643883014e-01
1.255698698419750736e-01
1.245943353902196626e-01
1.205468605653335218e-01
1.221869136731482397e-01
1.250850665481888502e-01
1.186777393523465868e-01
1.191793541978735799e-01
1.054612204088032912e-01
1.161779984698309010e-01
1.170325193939036335e-01
1.124314632964854010e-01
1.134742433941014761e-01
8.414002973303084942e-02
1.098365738673705017e-01
1.101685640465629862e-01
1.072342044788531651e-01
1.062454270023610453e-01
1.068307132796266629e-01
1.066843853829009398e-01
1.014745677520961509e-01
1.038472775783565311e-01
1.028904544093468820e-01
1.005931090440506659e-01
1.010142562141352618e-01
8.571321302007310627e-02
9.820277846287520096e-02
9.831231986817511037e-02
8.532579053005109881e-02
9.542268501361934885e-02
9.544341182871296514e-02
8.963031879495061971e-02
9.297565779469954550e-02
9.050099928113855552e-02
9.087721953311010681e-02
9.078981181229867081e-02
8.606508284972902434e-02
8.865220436111263813e-02
9.653485456208713011e-02
8.634927430271203963e-02
8.653710343158485530e-02
7.674734457556084410e-02
8.432916579809116020e-02
8.434800269779187121e-02
8.195731410149409424e-02
8.241375269503793677e-02
9.790934619241065118e-02
8.003337100532588455e-02
8.052960152411853256e-02
5.718266276849068297e-02
7.848815512581207299e-02
7.893380462501273231e-02
6.922607120223234212e-02
7.701559479589821511e-02
7.714697541918633106e-02
7.255259799301858048e-02
7.509821665101952537e-02
7.530919066419937413e-02
7.148936091881673283e-02
7.360956888481534621e-02
7.617000927562338208e-02
7.082321031745983375e-02
7.240453575872797531e-02
6.892913238004697019e-02
7.133172778532710645e-02
7.015392035630226009e-02
5.421738146343388354e-02
6.914446649815804424e-02
7.893963483682861493e-02
6.736753583816557089e-02
6.777393816579926900e-02
6.223155790765660944e-02
6.607242872089269525e-02
6.800049832590331078e-02
6.258924304499313696e-02
6.445194715173685474e-02
5.333340935637132657e-02
6.349360538380402486e-02
5.688926283458570904e-02
6.197239246571296239e-02
6.200947893787338294e-02
6.027629162224382858e-02
6.036070507644736988e-02
5.711937860388334454e-02
5.910188150089737413e-02
7.202614338995316778e-02
5.725051478777342523e-02
5.739153714764377856e-02
5.690832688361694564e-02
5.616452495378617543e-02
5.469184786496798789e-02
5.508216735708407197e-02
5.265490215792260204e-02
5.326203397209362811e-02
5.340124017493298042e-02
5.143929674796601792e-02
4.250475825319338652e-02
5.071144034810826789e-02
3.772423139013071636e-02
4.926712652680772381e-02
5.012141692093878553e-02
4.822384155308297171e-02
4.923022530271588260e-02
4.710174729934308441e-02
4.244063995130697292e-02
4.613062323860581820e-02
5.330521224953690268e-02
4.450621143834453813e-02
4.488290479776493175e-02
4.421999073138786068e-02
4.364401783004434598e-02
4.336527750432442319e-02
4.200566606411459958e-02
4.302032050875657931e-02
3.705114444794347511e-02
3.437010592330723424e-02
4.100182127364181833e-02
4.000707058651191417e-02
3.650990944562325369e-02
3.937250960131718353e-02
3.217930171241155379e-02
3.842683807125264056e-02
3.317540919319109105e-02
3.760749388827025474e-02
3.812018894202583164e-02
3.636880588412583215e-02
3.717508682985409124e-02
2.869510398751378560e-02
3.579011820728335291e-02
3.338665784700842187e-02
3.608604060480470610e-02
3.415952549161745816e-02
3.496696197679208945e-02
3.811433520653850771e-02
3.572735249809130820e-02
3.449968374141115790e-02
3.208559236540254461e-02
3.425965725294938258e-02
3.347612058762115123e-02
3.227932167471347230e-02
3.390318447399735813e-02
3.276482932135901804e-02
2.818401128728632854e-02
3.273575741963690583e-02
3.239380594841782118e-02
3.483719112486976383e-02
3.131108852500867623e-02
3.245524055158176269e-02
3.178052489968984096e-02
3.241813086916467412e-02
3.279419809098222532e-02
3.162165582503818906e-02
3.089303306880302954e-02
2.438166274534217179e-02
3.156492329522810059e-02
3.074511161612761626e-02
2.628640200532263507e-02
2.996497517305346178e-02
3.154361820940521088e-02
3.033220080472245547e-02
2.831015109378507907e-02
3.066491417122113594e-02
2.325293734732520809e-02
2.971970514844183425e-02
3.092016960206300791e-02
2.919550439617303941e-02
2.777772761070727847e-02
2.997989227641937801e-02
2.869430251423180783e-02
2.901379153855833046e-02
2.911528099828414665e-02
3.614427139523500310e-02
3.034603040599905335e-02
2.923558847006490352e-02
2.990229786953966379e-02
2.811441098778078712e-02
2.852560844011641297e-02
2.773665030462314426e-02
3.505759736589587894e-02
2.894168909742467211e-02
2.771957898828547595e-02
2.848176430141182228e-02
2.896043148783965931e-02
2.823961705343159753e-02
3.047087836880383108e-02
2.839313657319817233e-02
2.838548088174331838e-02
2.874604085854547825e-02
2.852617818687582657e-02
2.703183695257055028e-02
2.813927438686086857e-02
2.760478326319065062e-02
2.921862986719193922e-02
2.807456920398366043e-02
3.001762619951978822e-02
2.669346394517333257e-02
2.903234644943639836e-02
2.687463711806985928e-02
2.880561273380161449e-02
2.428897174435740505e-02
2.837847332782899787e-02
2.622769387918988046e-02
2.828776779585503998e-02
2.768880876586026982e-02
2.708772405616030263e-02
2.848305773739782595e-02
2.795941203133122874e-02
2.722906716208292957e-02
2.885382706053851373e-02
2.750838014465708734e-02
2.822319691603171823e-02
2.761355662006711315e-02
2.752362684884551020e-02
2.584179340139847181e-02
2.816574521575768153e-02
2.802081891149873702e-02
2.691977075155232643e-02
