9.791422254562068828e-01
2.723478389026504409e+00
2.975296269171919583e+00
2.570884114756669447e+00
2.200966788639211913e+00
1.882759490173520955e+00
1.605825937890351662e+00
1.369775865759260691e+00
1.169130145582262026e+00
9.965785995916788265e-01
8.478963795092110400e-01
7.169690473707719391e-01
6.001069761128171587e-01
4.982163516881973897e-01
4.083521539041246595e-01
3.328776747788980139e-01
2.687024194041904290e-01
2.187905092884179781e-01
1.805005986819771813e-01
1.467639954491195831e-01
1.229148915570955486e-01
1.038999982221379403e-01
8.930057204340016708e-02
7.876895657445330545e-02
6.761744181201455317e-02
6.053074282206728773e-02
5.302366508113209864e-02
4.777996745950416346e-02
3.520578104277721082e-02
3.800084280207139537e-02
3.545906228622942857e-02
3.101140540470934820e-02
2.884497978583357852e-02
1.785852385012757018e-02
2.347964060749031107e-02
2.307130044539536240e-02
1.972443491432434443e-02
1.929319360723835003e-02
2.858177373921482259e-02
1.562582230965709612e-02
1.633675992416670428e-02
1.294736126986823464e-02
1.534045558131002379e-02
1.234022620068812338e-02
7.967267172671769343e-03
1.071273262407677375e-02
2.097965502286894962e-02
9.626603724836483439e-03
1.218885768314859411e-02
7.801994712497771316e-03
9.462205479788390883e-03
4.300341419215587650e-03
8.352994954497578936e-03
5.686231859016222662e-03
7.843702755191507558e-03
5.540961401949959057e-03
6.664246990306687754e-03
6.289608313222182917e-03
3.851136034799458249e-03
6.525660334421956241e-03
4.183633167753530654e-03
6.318290252351002785e-03
6.184585113913277504e-03
4.838985141174347027e-03
5.322794526741562310e-03
9.690255836850525340e-04
4.698243586843257533e-03
3.942764643727596913e-03
4.166126533724540289e-03
4.075684912470090362e-03
4.553820469436104662e-03
3.131605422124415262e-03
3.780328601280448508e-03
2.916595680005663448e-03
1.277873587202384663e-02
3.040788712465175396e-03
3.317959276307830014e-03
1.778500622980522987e-03
3.050794682028296588e-03
3.983200738585580825e-03
2.837701459245366327e-03
2.735496222290655956e-03
1.906244994520178314e-03
2.535882828077844296e-03
2.360563672369718046e-03
1.392236631349493122e-03
2.261475471975828849e-03
2.416114692630953482e-03
2.226583892729416727e-03
2.043808979021819166e-03
1.997948308813770821e-03
9.306030029807279766e-03
1.925382943100877129e-03
5.928233481583809056e-03
5.775707282352749404e-04
1.180554817669610080e-03
8.229813276950898732e-03
1.614387758197838828e-03
6.041983594533245454e-03
1.486236874060190916e-03
1.449865767251097125e-03
1.464984545614734937e-03
1.370031404082780327e-03
1.358524160162794328e-03
1.352682305947836092e-03
1.118384406031572775e-03
1.200916074212354367e-03
1.190846975451249901e-03
1.364119466901279366e-02
1.117338953184635877e-03
1.153425024796398031e-03
8.578511693349623627e-04
3.683124496428117223e-03
7.184180043352697380e-03
1.021969607507995041e-03
1.045543226068355348e-02
8.961291482989068580e-04
1.471213604416388978e-03
1.701079709656344629e-03
8.415565844974835395e-04
5.818578098794575416e-03
7.542470588625686725e-04
1.066496556461080884e-03
2.047936836783080094e-03
6.785016375706300540e-04
7.022136669074725314e-04
3.989381118119136719e-04
6.461445607169347691e-04
6.134952798568325122e-04
6.195340790978569887e-04
4.752438062444012089e-03
5.169680770530240372e-04
1.302064250709962035e-03
2.480534852778446767e-03
5.154199611531244630e-04
4.373417683401473644e-04
4.845140952639291404e-04
4.433855136898375991e-04
5.794323718538560344e-04
4.292807382407008124e-04
3.544175896817291106e-03
3.998081808253547758e-04
3.462423020732055025e-04
4.138006096768641340e-03
3.262980915534647729e-04
3.170931313242915102e-04
5.505385307794563501e-04
4.931584095235249515e-04
3.123220858586705107e-04
2.821337728563431632e-04
9.428199405691344188e-04
2.523779746829669587e-04
7.993713599458948139e-04
2.348706594269759208e-04
2.037786217713475050e-03
2.316747226817621619e-04
1.166290232638926300e-03
3.350253293523867515e-04
2.005741500033621021e-04
7.705037077656704718e-04
1.918240125072572997e-04
2.817823372095187243e-04
3.280954144528535287e-04
1.896699541115781044e-04
4.526885605754214607e-03
1.931116966443656630e-04
2.235945374987578240e-04
5.117688313423753542e-03
2.155026709605922461e-04
1.187446556589148456e-03
4.503305730078220950e-03
2.093941157904994569e-04
4.865007525032768207e-04
2.437438374521690133e-04
4.303693350699191295e-04
2.057930472790253261e-04
2.598511659024940702e-04
4.224449780574709816e-03
2.788739268185393529e-04
7.459871349361278485e-04
2.941332752411657671e-04
4.102148647337572015e-04
3.108537684609073075e-04
3.858984981958475668e-03
3.029760211774382692e-04
3.597996367217155562e-04
1.020425707354709896e-03
3.547244338083615752e-04
2.018893764467804934e-03
8.657191869427222986e-04
1.718711598443703166e-03
2.912688520050254136e-04
2.444205133620017470e-04
4.364534005442363457e-04
3.448153771742482119e-04
4.014004575723914342e-04
6.775842977393438772e-04
3.409169502479173375e-03
4.350249234573383222e-04
7.512694133189446550e-04
4.514788816602495849e-04
4.802598674527399801e-04
1.311547774973384007e-03
4.623015200161722984e-04
5.685685712650274514e-04
4.422799520007813872e-04
6.425766518779422488e-03
4.509671399442662250e-04
1.253298210408350811e-03
4.688550934307144551e-04
5.803470391412667712e-04
4.690806821537862859e-04
2.500893794123270199e-04
5.471766670018877706e-04
5.100630226582605203e-04
5.608755727348406321e-04
6.448036190379256502e-03
5.064799030064639834e-04
6.912045511708940319e-04
7.377697136467719838e-04
5.497966233902797919e-04
4.584402549341992476e-03
5.492145398147286334e-04
4.400329714159017429e-04
2.876829662102736371e-03
5.195312681632192203e-04
6.917700235767733179e-04
4.293683683820772971e-04
4.745750633575020541e-04
3.096789526919420821e-03
4.489215927023992251e-04
5.467651111876585274e-04
5.940919843498199040e-04
3.526036421355160911e-04
1.519165945327904336e-03
6.303133323806666853e-04
3.083119661515312630e-03
6.504011876915524000e-04
9.392128150924475630e-04
6.504156387276858672e-04
6.374770253132541059e-04
9.718745866187488910e-03
6.136561407124895874e-04
7.573100637826562110e-04
6.353076948404343159e-04
6.012288292599622230e-04
6.827667446688694434e-04
6.990786589569187659e-04
2.200890270175118874e-03
7.110296585609237425e-04
2.030825397285407688e-03
6.337774391932164903e-04
6.685546090599209018e-04
2.883343873782597943e-04
7.093086587120077564e-04
2.445125303435484888e-03
1.630253062124410127e-03
4.675847430377949761e-04
2.167804047733764162e-03
6.795572318087381245e-04
1.211933947660613934e-03
7.733737619585524022e-04
3.771433095313647416e-03
7.596200601922678585e-04
8.348250747734884845e-04
1.195980689631077638e-03
7.499442960581612777e-04
1.330147627135949999e-03
8.130335107710563161e-04
7.644359419601451334e-04
1.832263994124484112e-03
8.211862294030343370e-04
8.350994379123479394e-04
1.097797974731341830e-03
9.771308897195852151e-04
1.165715040338305506e-03
3.055693836395409913e-03
7.787741402214871803e-04
9.046958659048944668e-03
4.055846506391234604e-03
7.833693391342826280e-04
7.372054813345524024e-04
5.246161830548474667e-03
7.724098103654808249e-04
1.700713924853622903e-03
1.787256497089172213e-03
1.184365938486973274e-02
8.139970870852651121e-04
8.409269907992384220e-04
6.267520001394304109e-04
8.436148667127374044e-04
1.622818743897969313e-03
3.602915413621867163e-03
2.713524169010808097e-03
2.024895285071848152e-03
8.532479171946003374e-04
9.999874080826342323e-04
7.003350482056136094e-04
1.481692497273047341e-03
1.031467406057465317e-03
