8.345899305871556928e-01
5.741741540794725873e-01
8.303694665725580570e-01
9.971159642236059328e-01
1.035289637177060351e+00
1.028142688652806447e+00
1.019858530240038252e+00
1.015499319615964957e+00
1.013792651306650860e+00
1.013489670740282733e+00
1.013732244698772877e+00
1.014076278037483680e+00
1.014357667502409077e+00
1.014548225185503139e+00
1.014662358307184542e+00
1.014726385879711090e+00
1.014758471371248971e+00
1.014772941372335646e+00
1.015685022718716857e+00
1.013994612661749617e+00
1.015880046416223870e+00
1.012629301545757476e+00
1.003230963710539436e+00
1.010923070496240861e+00
1.007116443036358389e+00
1.005134123367938503e+00
1.009429920034479844e+00
1.008189872356846761e+00
1.010383566647715003e+00
1.006795374523177911e+00
1.006885340059567646e+00
1.005422048351215958e+00
1.004080348539297729e+00
9.997080412183693143e-01
1.003087408598159369e+00
1.002527390375539618e+00
1.002283746428211053e+00
9.989775613023288425e-01
9.993080901510810188e-01
9.986146261015650394e-01
9.796690653563582263e-01
9.944446302806631000e-01
9.943105230872729683e-01
9.943830866454748119e-01
9.928333526167348877e-01
9.905203461239607821e-01
9.883556288596924144e-01
9.900325407031940195e-01
9.875276700412790598e-01
9.857812356225316153e-01
9.851224107601006530e-01
9.847922403461809582e-01
9.786202558713916755e-01
9.808496566188036336e-01
9.812009717623331184e-01
9.763849202931768057e-01
9.701755256806458005e-01
9.743023883951807962e-01
9.736851136521480488e-01
9.738853344084782426e-01
9.625596087955252678e-01
9.695367756523936009e-01
9.682578692259586894e-01
9.704588134026592705e-01
9.678185682182430805e-01
9.666351704161280090e-01
9.633725300350443055e-01
9.632309152701034050e-01
9.643555299015877935e-01
9.560266643770555239e-01
9.575701361023495339e-01
9.583967217862435772e-01
9.573488145055187859e-01
9.537837810704812291e-01
9.516979405608706477e-01
9.521752387998579925e-01
9.526293566648149636e-01
9.499070455861482465e-01
9.524248464885602949e-01
9.400047249786173120e-01
9.428203235549372785e-01
9.450643901071158481e-01
9.460771098617895003e-01
9.428650390920833013e-01
9.420971465452666616e-01
9.416391743687075877e-01
9.424821545364544528e-01
9.437840928536347374e-01
9.424629546906946320e-01
9.358925981260076687e-01
9.380839145869184215e-01
9.394008040638411883e-01
9.407886329418287952e-01
9.258631744273431163e-01
9.346349778436546796e-01
9.347859916588152629e-01
9.338195811709673055e-01
9.217802967258725833e-01
9.307799382788942699e-01
9.312772221536008699e-01
9.305955319004748372e-01
9.346379429458859800e-01
9.342933003933692193e-01
9.258592975499996269e-01
9.273621859518367261e-01
9.300367346859513829e-01
9.299512321937078996e-01
9.309441771393085485e-01
9.332502385304511927e-01
9.251557537596474257e-01
9.314022841467538560e-01
9.309816994019889380e-01
9.306167442049434468e-01
9.268871988520002159e-01
9.284009913515344214e-01
9.315816373200253020e-01
9.313512744928874598e-01
9.287919735399779997e-01
9.303975430361496324e-01
9.293223562439875129e-01
9.140160309510637626e-01
9.255071947827565593e-01
9.283913405948824860e-01
9.283891820740692857e-01
9.258221244618732859e-01
9.178117655834073796e-01
9.258644965496917179e-01
9.283864532149346260e-01
9.262673092203490555e-01
9.294704747753832486e-01
9.273833368648233266e-01
9.294863322154509611e-01
9.218137505143061405e-01
9.278303665533875755e-01
9.290851507215192040e-01
9.307286395253995259e-01
9.307672448300909895e-01
9.260832814885933129e-01
9.280989133798265289e-01
9.293454025113556671e-01
9.298874674807712237e-01
9.300235767314543045e-01
9.294351599026383637e-01
9.322282083169253220e-01
9.416524727326407440e-01
9.267173997770966620e-01
9.316740320698081446e-01
9.340845749681214727e-01
9.244392652263733190e-01
9.317926654589795410e-01
9.335719419337789038e-01
9.332279993486819469e-01
9.301283267183467762e-01
9.299553923099294073e-01
9.358998207167992245e-01
9.305414543325316590e-01
9.313084104301312394e-01
9.349902286279643260e-01
9.228384046683403286e-01
9.295256406561578366e-01
9.294728999191603780e-01
9.315099480853246128e-01
9.334869099204566867e-01
9.324975045750730773e-01
9.298976749237046757e-01
9.323885531913709279e-01
9.370907488870001689e-01
9.352080057088356657e-01
9.308189777073349047e-01
9.313615864643228770e-01
9.370187192899147588e-01
9.371994497608736596e-01
9.340294516707999817e-01
9.345794894865934177e-01
9.377638096928808675e-01
9.372595291773599957e-01
9.372671161521762828e-01
9.386650250547576846e-01
9.339479370084367016e-01
9.371591587088980990e-01
9.382726986121048274e-01
9.352179350012603809e-01
9.368231249097350721e-01
9.406829071131378450e-01
9.371569310792804419e-01
9.408997409617353425e-01
9.344923454996119094e-01
9.380042363207053979e-01
9.357965825889746903e-01
9.392625457783499998e-01
9.386317885955791640e-01
9.415009491150072574e-01
9.401945926025191413e-01
9.348399189711610324e-01
9.338942930500024886e-01
9.396319832881520062e-01
9.395084515342554399e-01
9.401556370508459270e-01
9.414706127417005188e-01
9.363365484704130326e-01
9.396834652781806962e-01
9.407366978753292086e-01
9.393035061557072352e-01
9.393442606145393503e-01
9.360149859006260398e-01
9.391034774017922304e-01
9.412430127786292067e-01
9.409023859570715409e-01
9.429113376692136450e-01
9.386160147759921024e-01
9.369346253755826970e-01
9.399875220505401474e-01
9.404292593093894759e-01
9.383153594879681814e-01
9.388499828832329586e-01
9.395643158466773226e-01
9.444201992559010383e-01
9.403034121806423951e-01
9.375298392878996800e-01
9.404172141426849763e-01
9.413213658501415892e-01
9.428530468340049486e-01
9.457969431719528419e-01
9.393606197360313548e-01
9.438838612075087786e-01
9.437636907051780710e-01
9.379393261406224758e-01
9.417087441396443381e-01
9.424302703729078301e-01
9.453892236699399376e-01
9.388532229683751451e-01
9.395375475758730444e-01
9.402540928075190374e-01
9.418557521804702404e-01
9.430013903475589210e-01
9.480583421618012929e-01
9.426275054763749717e-01
9.440296983065280534e-01
9.448755470590686212e-01
9.450067835225478552e-01
9.430561444713533303e-01
9.389546469048788424e-01
9.419345571465526090e-01
9.426783204722710696e-01
9.444470937888032047e-01
9.448006538285502742e-01
9.509821323608841359e-01
9.417481246430977615e-01
9.437850640708289607e-01
9.451583451446047279e-01
9.427259421092060165e-01
9.472441070890983417e-01
9.395448603189240355e-01
9.492286716324948026e-01
9.446455336508203793e-01
9.431628434413362738e-01
9.469648112964760278e-01
9.460763113177861339e-01
9.409291635213418159e-01
9.424667321624190519e-01
9.438101706576634831e-01
9.450499786090348353e-01
9.457283082439057464e-01
9.472899620772796681e-01
9.451088856046617748e-01
9.470875685761885876e-01
9.426459506774892416e-01
9.416258966686950060e-01
9.436386359539779001e-01
9.460413018521114381e-01
9.483114759706005037e-01
9.450086339701209148e-01
9.467733366783819271e-01
9.393075173415583734e-01
9.379746041998238137e-01
9.428876800263252811e-01
9.450849390700321040e-01
9.484933369425705418e-01
9.396937117011956442e-01
9.443754530707032524e-01
9.436571104700482993e-01
9.460563396277235082e-01
9.422003039964150783e-01
9.419355808355840409e-01
9.480410311095192055e-01
9.424334308544597416e-01
9.431051991285402947e-01
9.457204216127607088e-01
9.488954472924026051e-01
9.431614149504422562e-01
9.458840051102476165e-01
9.456906286243575988e-01
9.407679161424279402e-01
9.427283219576152451e-01
9.447213776496423687e-01
9.456145882568793848e-01
9.420496661613224632e-01
9.432492764746182035e-01
9.418805975536371777e-01
9.444169109694000586e-01
