1.001874896551255834e+00
5.031815836290445265e-01
2.332689443527966144e+00
2.273460768864450809e+00
2.059079766549917423e+00
1.860317610244177411e+00
1.675580734456366239e+00
1.505899652906581787e+00
1.348261416547344105e+00
1.200256097169988045e+00
1.052437960418808549e+00
9.474754691922588901e-01
8.421088596710885055e-01
7.469041730725078931e-01
6.651642478770163347e-01
5.919983093709416666e-01
5.272111276176665307e-01
4.803132744119899544e-01
4.201505188039692529e-01
3.767503265673129986e-01
3.359638136322225521e-01
3.027262217209633621e-01
2.660418561867472498e-01
2.432409727221514772e-01
2.198935206770964434e-01
1.933255140076328704e-01
1.771662514479788730e-01
1.613275202382374041e-01
1.452017642483813264e-01
1.315891764340029468e-01
1.212397491815901673e-01
1.068708327962917815e-01
1.005467112994133522e-01
9.423193055616702063e-02
8.534057327625339806e-02
8.180543275208961018e-02
7.321162739724289270e-02
7.043923847680946815e-02
6.167955016636630233e-02
6.209872904219605749e-02
5.195720756737916279e-02
5.527421969030479193e-02
5.381303044501235811e-02
4.966121666038489368e-02
4.931469775148611401e-02
4.292864416899266206e-02
4.439574053477213234e-02
4.416308300733420150e-02
4.270432978922941714e-02
4.168431853595555570e-02
3.824604698759714871e-02
3.843315300820268621e-02
3.279817107165278189e-02
3.637589638686498233e-02
3.719008770681138387e-02
3.436947050026428058e-02
3.537524946553231853e-02
3.242516010808695059e-02
3.393953042227574463e-02
3.446707284405933075e-02
3.193264051530678160e-02
3.240920286826472207e-02
3.064662744455433005e-02
3.157339566294832534e-02
2.791893395176752932e-02
3.058251566812637476e-02
2.785591619297495339e-02
2.929779966254127122e-02
3.091932167400823078e-02
2.764316495496733916e-02
2.921754040633574648e-02
2.705287042924049007e-02
2.842700618069507121e-02
2.868735759697363386e-02
2.588694628072849002e-02
2.761245574396436683e-02
2.690313207239590498e-02
2.668896985003593042e-02
2.685580815444914629e-02
2.708486648237703673e-02
2.612421000545314675e-02
2.589277870133861043e-02
2.488395501683518182e-02
2.557159738525453807e-02
2.476213718996631008e-02
2.496548624685087162e-02
2.305744859183285478e-02
2.440335650312366184e-02
1.461931410720005396e-02
2.386182121612246895e-02
2.347032286198574499e-02
2.684001402442752482e-02
2.299295950435211247e-02
2.157069034546457709e-02
2.385731594208565995e-02
2.233750966008235875e-02
1.925752145385296876e-02
2.179622108087956103e-02
1.267883184105319909e-02
2.128884248617057828e-02
2.585410288282036576e-02
2.076581708213868019e-02
2.034038085689321776e-02
2.015177526170045669e-02
1.997374500711823764e-02
1.942249449258730623e-02
1.936871311461740852e-02
2.053725955131881567e-02
1.894381444917456886e-02
1.866752548734976550e-02
1.727687533475141118e-02
1.818415533547306992e-02
1.796648721388255723e-02
1.339099236610024821e-02
1.749899800788851101e-02
1.776933143143090768e-02
1.601167889582205336e-02
1.672519602621945836e-02
1.625221178631671218e-02
1.632790461249713360e-02
1.594137217993498237e-02
1.991929592236155178e-02
1.571898047549134120e-02
1.530300733634589946e-02
7.054479734114845954e-03
1.492314691280034918e-02
1.463347660090392847e-02
1.621498814548861730e-02
1.433832062060519039e-02
1.498051352980750428e-02
1.391801945075683659e-02
1.475160621972149144e-02
1.352538800669769552e-02
1.181752041632107807e-02
1.341581157652540178e-02
1.292431842912928307e-02
1.327721456848311374e-02
1.268343805372967870e-02
1.243376241072578596e-02
1.131188415233243955e-02
1.215895801932660725e-02
1.141057503767341393e-02
1.182217881624960353e-02
1.198630921608070075e-02
1.153107310088781305e-02
1.523646050851729626e-02
1.144860771810771345e-02
1.075180572989389675e-02
1.174892154742183427e-02
1.089302570160807261e-02
1.066164933883114938e-02
1.399364253472434351e-02
1.043919225357849319e-02
1.288954811524061113e-02
1.024039450805959948e-02
9.926914020696595703e-03
1.047585167948444397e-02
8.220296045867743831e-03
9.687751282522950869e-03
9.569246304382723889e-03
8.991115177440544073e-03
9.359559976224280167e-03
8.747333124043611685e-03
9.179232555293195817e-03
1.925700266203816610e-02
9.063517817772965765e-03
8.791344293150864242e-03
8.603335578360130770e-03
8.608109330941806150e-03
7.705586217985324615e-03
1.301906207914637660e-02
8.374903724590881601e-03
9.217934323659585788e-03
9.328356329122435356e-03
1.318755634652335820e-02
7.889288734321233537e-03
7.694270688172211506e-03
7.628621719530917847e-03
7.607425730303411619e-03
4.800610391563767815e-03
1.000552014110681412e-02
5.574198331161068012e-03
7.464282677645359132e-03
6.310347908362139852e-03
7.035799234144430973e-03
7.361617931697661717e-03
6.886773498849621013e-03
7.560403667526425890e-03
9.529521781379253834e-03
7.720923697800085271e-03
6.553672253379327906e-03
5.855685199081794683e-03
5.956570529438209860e-03
6.054823953999471410e-03
6.115160613445603036e-03
4.402847815956041112e-03
8.693422530372731105e-03
5.844475746001952070e-03
4.483865576685838045e-03
5.644818241964222327e-03
5.798984150690972804e-03
6.401046491907472734e-03
5.507551559192787848e-03
5.421101310389662108e-03
5.352838079790817570e-03
3.773295944083961476e-03
5.195138030161081284e-03
4.876372450823233257e-03
4.727842880942689785e-03
4.872549212853022858e-03
5.070191163658644730e-03
3.410701776328092880e-03
4.523387963318440882e-03
5.482665483945075267e-03
3.479809148715347269e-03
4.387944655170106061e-03
4.351430328557643647e-03
4.235575547179966371e-03
1.063140694695629412e-02
4.006394043161848155e-03
3.979541861048038927e-03
4.096415935613410483e-03
3.720967748742699723e-03
3.019079151055072564e-03
3.735901215695478644e-03
3.534064429427459693e-03
8.803502471026807344e-03
3.318515622473047679e-03
3.187715109343125519e-03
1.012041147979736606e-02
3.274250581306310196e-03
2.775584454927213732e-03
4.190047885995161481e-03
2.994814494434218984e-03
2.035520317758065384e-03
2.845927261129238290e-03
2.794504901684835042e-03
3.567136189101924489e-03
2.039903192279364768e-03
2.435807952418337242e-03
2.515529939841062036e-03
7.915402548631801649e-03
2.343519148717446848e-03
2.022266388173871079e-03
2.294860673947133039e-03
4.191897610629070729e-03
2.116618258978970445e-03
2.382132026537939293e-03
1.921637858299873360e-03
3.340065866177981038e-03
1.904723616217989055e-03
1.937699552173991185e-03
1.665467760193592439e-03
1.681197146988390153e-03
3.645290092945372134e-03
1.546158172259820725e-03
1.611403321257044155e-03
2.625518519471427975e-03
1.949214138892319849e-03
1.372641264778481874e-03
9.864776149929989444e-04
1.253500914992800551e-03
1.136424696712801411e-03
1.097161903281529361e-03
1.293527546644761186e-03
3.646646176108685276e-03
1.079995142218573550e-03
1.373420597007662903e-03
1.101127774633907505e-03
4.401579575790227211e-03
9.410878097107405792e-04
2.510145582456243911e-03
8.809323457807815725e-04
8.806646323849593632e-04
3.962573702835078815e-03
1.868772641224657671e-03
8.438736755881177595e-04
8.403390201972672042e-04
8.318547781223643205e-04
1.975843128535812766e-03
2.577520482936704761e-03
8.454576508754962742e-04
1.005986984204576508e-03
1.095113489668738489e-03
9.037235352824362624e-04
4.139562290252519344e-03
9.950538635000885732e-04
9.947652909392242036e-04
2.550965345472774176e-03
1.092169079221480977e-03
1.123657854044553305e-03
3.195637915066150761e-03
1.177159261789784616e-03
1.298992271285959524e-03
1.227306488159730577e-03
1.214012847928698817e-03
1.578657599014837102e-03
1.375064108442631454e-03
3.964704673388916127e-03
2.219525602784388780e-03
