1.191471248388299653e+00
5.246573773944340324e+00
2.971780504111546595e+00
3.104201634336763771e+00
2.438581987898495118e+00
1.672973865245471758e+00
3.087206173666728670e+00
3.702867174999111999e+00
3.995280674967734313e+00
4.143455327512666209e+00
4.219455832214456414e+00
4.254223261312116477e+00
4.260367115466646482e+00
4.249194008103973630e+00
4.224182302144290801e+00
4.181657895771815348e+00
4.129959489513978177e+00
4.069345907019219055e+00
3.996233506300966631e+00
3.917188277715575762e+00
3.837404774006412556e+00
3.736359132519110560e+00
3.637328906323212596e+00
3.532763033363181648e+00
3.422754515496511107e+00
3.309206011114967261e+00
3.192684043296017737e+00
3.073899833513076718e+00
2.951682277011713929e+00
2.829571826801470458e+00
2.701280557279370775e+00
2.581193466573879380e+00
2.455700676068645283e+00
2.336531486002901392e+00
2.206978681142055976e+00
2.089452959689599432e+00
1.957668487880040775e+00
1.833957162122086704e+00
1.713911183871709598e+00
1.599584498452753856e+00
1.476968575013464902e+00
1.367255806792624595e+00
1.248136330272578531e+00
1.143281629324194526e+00
1.030019175952158861e+00
9.256526535853175641e-01
8.306296378695164906e-01
7.269522058518553820e-01
6.329328591846193897e-01
5.414653588555444763e-01
4.626083511628858447e-01
3.858047801261235699e-01
3.184077379695976484e-01
2.642641826918494252e-01
2.252957952068340708e-01
2.098161061124189652e-01
2.167486861639098539e-01
2.400090059841323009e-01
2.758079477135484958e-01
3.151492378805716976e-01
3.569493400319986853e-01
3.970225780709125130e-01
4.317118791470604400e-01
4.676923647322761002e-01
5.035618419989932315e-01
5.252564004941849829e-01
5.547346802057709914e-01
5.755758561330659440e-01
5.962343381315144963e-01
6.146638365388544800e-01
6.290516869868181260e-01
6.413972025365948237e-01
6.561033601795258630e-01
6.587158452785224494e-01
6.593817958634542453e-01
6.751681933768525212e-01
6.793198852262313236e-01
6.823004859767620722e-01
6.851278834234818538e-01
6.877010504503260346e-01
6.898754488810191488e-01
6.931547916258714581e-01
6.951255385567973732e-01
6.961039971647073887e-01
6.994131044285112342e-01
7.033293714726484014e-01
7.031480135935962439e-01
7.084658884214012353e-01
7.153098056729414456e-01
7.132323738049228812e-01
7.159920768028920079e-01
7.216199768099311740e-01
7.211232300514825999e-01
7.178010489180097764e-01
7.226761337241968119e-01
7.211449825318103635e-01
7.239947392283347938e-01
7.241415348135959995e-01
7.258229825636356436e-01
7.250000154499843807e-01
7.257263045605254481e-01
7.278350377667733850e-01
7.314023059285360562e-01
7.308101639788244785e-01
7.269413212250837031e-01
7.275131011343963783e-01
7.330797010448906192e-01
7.267132545620702544e-01
7.291459850259787157e-01
7.277474098934405555e-01
7.282682555854174122e-01
7.317815668093868853e-01
7.282068979854270374e-01
7.282760292212777653e-01
7.295492648325140328e-01
7.262052930226720049e-01
7.345927941240449899e-01
7.288873403768362236e-01
7.285861252570173807e-01
7.299869315956902804e-01
7.303074910510176654e-01
7.347697763985905350e-01
7.309810590997678492e-01
7.276747241027359259e-01
7.317871726728387705e-01
7.325103579320394465e-01
7.334968448909414684e-01
7.336447856197082507e-01
7.345108558380690766e-01
7.311225384566765184e-01
7.377562893569012958e-01
7.524872121767250954e-01
7.337204202556464328e-01
7.350289642521579125e-01
7.339212855582094575e-01
7.339018023169088245e-01
7.347310419049352115e-01
7.356961920376658970e-01
7.373120473101963945e-01
7.398268858668360926e-01
7.382023282481003923e-01
7.379892911875978179e-01
7.391705174088798458e-01
7.400181305178997748e-01
7.379585038289532273e-01
7.401759592663814669e-01
7.459785665480932471e-01
7.421057301823658081e-01
7.537347465108247269e-01
7.419987837758575955e-01
7.422975007284779991e-01
7.448978680593959512e-01
7.437017546720993133e-01
7.437031261268208793e-01
7.463818765824490331e-01
7.473085702327413316e-01
7.460912590961238378e-01
7.422981332195724979e-01
7.466226512924307723e-01
7.480548763244829757e-01
7.468419794190062078e-01
7.488302475520691726e-01
7.486816229243997700e-01
7.509638552742150530e-01
7.495077286050472187e-01
7.506565225637359395e-01
7.526932966096108180e-01
7.521712437514378458e-01
7.557753888623010008e-01
7.525889327903456660e-01
7.511948691126694166e-01
7.544164410753601002e-01
7.520974917830365314e-01
7.544008027458639631e-01
7.527915303816280490e-01
7.533189938894692128e-01
7.526746456927759787e-01
7.530267422746448336e-01
7.569655690971346385e-01
7.576301076615655772e-01
7.597284715675411970e-01
7.548058650372992950e-01
7.586988626198895025e-01
7.591644284048791880e-01
7.572240950934425729e-01
7.575854814878891785e-01
7.602245229621203970e-01
7.597922245916761685e-01
7.628403220902124637e-01
7.616721409801202602e-01
7.622800393022624021e-01
7.623219189358159120e-01
7.619276032587215530e-01
7.629850903282360264e-01
7.597052530314534202e-01
7.638427456225088674e-01
7.615960372589807292e-01
7.640164258508039818e-01
7.610929696561210545e-01
7.653403564383916002e-01
7.705108506922224709e-01
7.701935935253201304e-01
7.620689159263337453e-01
7.703791104584116756e-01
7.540584179149451005e-01
7.659119099584082990e-01
7.693869490734490668e-01
7.711191013468048361e-01
7.684555142642839343e-01
7.696758366665692463e-01
7.683413981206230758e-01
7.794876088573942097e-01
7.684930454188630966e-01
7.705915477713424222e-01
7.674158410217509774e-01
7.685815248784153564e-01
7.727876078085065270e-01
7.694766846288390028e-01
7.667459995498788761e-01
7.710584618711630034e-01
7.730013770799702977e-01
7.667080794494299800e-01
7.699371222918212077e-01
7.702563926235120872e-01
7.687317607585946178e-01
7.703620173451608544e-01
7.697710612708317246e-01
7.699175074020684351e-01
7.571072668031822994e-01
7.690801773517754736e-01
7.777701338007068088e-01
7.727624141659070744e-01
7.726868355333190719e-01
7.727826846695373675e-01
7.744322511243334484e-01
7.709942676222805158e-01
7.709282550382262622e-01
7.700173387057256402e-01
7.708594174679096467e-01
7.744756933144932853e-01
7.734940678850787954e-01
7.685366149305871142e-01
7.711485708137836292e-01
7.750190318299028380e-01
7.749837579786202912e-01
7.709787243077919072e-01
7.711728559438024710e-01
7.721961556415044559e-01
7.698084287439497242e-01
7.875897630740695821e-01
7.745300249953704919e-01
7.709868629637657289e-01
7.626917271194075809e-01
7.667075568273941100e-01
7.749051319957314110e-01
7.765144227966028767e-01
7.741565853773614281e-01
7.730997284573992712e-01
7.703942113664510316e-01
7.650736157645677826e-01
7.755296834187085375e-01
7.748319768028893995e-01
7.736354030303899121e-01
7.722396717280595180e-01
7.699210821706692354e-01
7.701771206649726809e-01
7.669990326899319699e-01
7.691027398914477287e-01
7.778660609156213823e-01
7.695104095390525867e-01
7.634919063238958525e-01
7.768050822926910737e-01
7.698055763179770805e-01
7.687514609079779682e-01
7.676721259663940033e-01
7.678317090829694935e-01
7.695891904211233925e-01
7.620757031336669041e-01
7.689961996356124985e-01
7.724944197875199814e-01
7.677993642744996849e-01
7.657515144628953552e-01
7.657592939087066730e-01
7.668357959227182219e-01
7.681080695163811090e-01
7.767451083037172355e-01
7.667350931706347072e-01
7.670618751302733518e-01
7.673507322488791749e-01
7.700714125573532298e-01
7.605341564771636031e-01
7.709272053244365930e-01
7.634921588733868392e-01
7.718082817120781591e-01
7.627740367669911814e-01
7.677493701434201512e-01
7.637007057812188471e-01
7.637017844334841321e-01
7.624010986625133768e-01
7.609052058802041607e-01
