1.034872230284402450e+00
3.789830072201788580e-01
1.284954332455983339e+00
2.107125031920914271e+00
2.119849308352396378e+00
1.971933230569326678e+00
1.812136985179301663e+00
1.663649889940233439e+00
1.530341310063615845e+00
1.411480792535070306e+00
1.306318155703472650e+00
1.214317338320371142e+00
1.131042589687608180e+00
1.059973720468934566e+00
9.968541448035433961e-01
9.389075963171300554e-01
8.921353077218130423e-01
8.426927458391288983e-01
8.041728486316862545e-01
7.647549143637845104e-01
7.347272195468543821e-01
7.074407296351074015e-01
6.777680798612254476e-01
6.560544684915556868e-01
6.285272490595729122e-01
6.126964582178792140e-01
5.967875776027072865e-01
5.752545349224074123e-01
5.623628224305938783e-01
5.429746682674114755e-01
5.310901654118052040e-01
5.206374018808739290e-01
4.986266639822949931e-01
4.943626955574819126e-01
4.888838267374074342e-01
4.711894692423111430e-01
4.846910619617778027e-01
4.502958190024001772e-01
4.439695336910229884e-01
4.298879883007003522e-01
4.255952468503940156e-01
4.118773449338399839e-01
4.092811845622993938e-01
3.878790532375620548e-01
3.933210241091051329e-01
3.869130914110417430e-01
3.746854842782513240e-01
3.744859701629653093e-01
3.574429821166112964e-01
3.619965944201652963e-01
3.569502172943432305e-01
3.478191450391449613e-01
3.469478564949737276e-01
3.326435406551964125e-01
3.367369420019605819e-01
3.329742320549827217e-01
3.215902549759355189e-01
3.240911238351271706e-01
3.192850136560165808e-01
3.123349580238375944e-01
3.139036777169769699e-01
3.033858029188505334e-01
3.069301597389989533e-01
3.032398880439269306e-01
2.941068804461272057e-01
2.980749576406431789e-01
3.040901147489808998e-01
2.914817811165695272e-01
2.900706582807857647e-01
2.880621359631337364e-01
2.844531433367361029e-01
2.822784165347536067e-01
2.831730522331225020e-01
2.778694693019933548e-01
2.777715374874968335e-01
2.564478671908353991e-01
2.730783292855514799e-01
2.659180269944536046e-01
2.699905391789061970e-01
2.698036576349217008e-01
2.655308931567414432e-01
2.589103071360814301e-01
2.630571176998349747e-01
2.594764826386092293e-01
2.595879910564667936e-01
2.579958174283124017e-01
2.523137778010473009e-01
2.554339610843029407e-01
2.539721615513688135e-01
2.477573283060234555e-01
2.462779488063231159e-01
2.514119781618534555e-01
2.482413904747269862e-01
2.448847172772876668e-01
2.437446737228525506e-01
2.440379327104749141e-01
2.373141899667526034e-01
2.413457434461407369e-01
2.392675392028875136e-01
2.389675457668906100e-01
2.371111898736977530e-01
2.363145291651868318e-01
2.353028557373524898e-01
2.334919215926890834e-01
2.240497632065235611e-01
2.312028613767483642e-01
2.279894697734412001e-01
2.289396547526408310e-01
2.264652953542046210e-01
2.267391078562321638e-01
2.129785902746333393e-01
2.221756775089724356e-01
2.228804337387569334e-01
2.185965756299267926e-01
2.188285272127940551e-01
2.036456469911006872e-01
2.187813209560687255e-01
2.175191461758476386e-01
2.151743964571713463e-01
2.154344240064941240e-01
2.141301645204767568e-01
2.129116022733844593e-01
2.121991592950518979e-01
2.091444772087611148e-01
2.102040282698474649e-01
2.092044298734848373e-01
2.080427987001752521e-01
2.088827964268699933e-01
2.060166243084836368e-01
2.050505410595838962e-01
1.989671971001403250e-01
2.028036424113890124e-01
1.994119561862616186e-01
2.014401895917833640e-01
1.998842073042592926e-01
1.995746309103570981e-01
2.000833394780547891e-01
1.976800275965486242e-01
1.958203223660875403e-01
1.971314825500321555e-01
1.948369331570695695e-01
1.940520575879253473e-01
1.905661836394965392e-01
1.976413895878150750e-01
1.916240718081403394e-01
1.884477840487581157e-01
1.904159004590326720e-01
1.766469391145275292e-01
1.875002385756001921e-01
1.883484284108316864e-01
1.862154357729597920e-01
1.894546427114271459e-01
1.791201354343802676e-01
1.842238374236406795e-01
1.815277248519329978e-01
1.817721678347757053e-01
1.818176317565440847e-01
1.807831465076648880e-01
1.802121117329548994e-01
1.777578315903841633e-01
1.784250554563327484e-01
1.775614846136214786e-01
1.770063947204376098e-01
1.716947153640065449e-01
1.753054935706914452e-01
1.743132185153958569e-01
1.744874102020229634e-01
1.735872628005573903e-01
1.632648098105145551e-01
1.715012874577092894e-01
1.709876155330558034e-01
1.723592950916952860e-01
1.697814221759736952e-01
1.694644767426844445e-01
1.655076021630676186e-01
1.679781444535028145e-01
1.667122755819496482e-01
1.668674544797389692e-01
1.660133920262170937e-01
1.656009887860481200e-01
1.631499612602009264e-01
1.642458896895744869e-01
1.631221389883790174e-01
1.614163055235757205e-01
1.625063812005553832e-01
1.610267445877550940e-01
1.616062854861629039e-01
1.558704595265480719e-01
1.599534092965445298e-01
1.586854564438237580e-01
1.584916399104003282e-01
1.573637454315022499e-01
1.570677708910225290e-01
1.568352216430366486e-01
1.560542020540115760e-01
1.558138464753344998e-01
1.549312296772085706e-01
1.532022567206245411e-01
1.540778362981202465e-01
1.527111252757686333e-01
1.525222248806201164e-01
1.507038816603923637e-01
1.514518055710089850e-01
1.488832023493560086e-01
1.498557970522178262e-01
1.478182509007054946e-01
1.482142853803433691e-01
1.488226816119689599e-01
1.472365641888749022e-01
1.470469219559369933e-01
1.465870152118548542e-01
1.457832322321356566e-01
1.458110984958753686e-01
1.357482847843120011e-01
1.444563432804901182e-01
1.446066442214767878e-01
1.429093733409164124e-01
1.431664785269916862e-01
1.417740235209724864e-01
1.417800381344929972e-01
1.416990786347872011e-01
1.402066232138161062e-01
1.404807791289750252e-01
1.401731253119831433e-01
1.389712835916065425e-01
1.375313157137101339e-01
1.386528274508095626e-01
1.376480314250903558e-01
1.383021743011778326e-01
1.369006615479627653e-01
1.361811616228575383e-01
1.362029201363816888e-01
1.352155445769278874e-01
1.299931524155006068e-01
1.338788224910469615e-01
1.345170040516861232e-01
1.325592744264779965e-01
1.323278548934785359e-01
1.326657548782658735e-01
1.307207593849527838e-01
1.304980622495892084e-01
1.312688758377146547e-01
1.295953951904113832e-01
1.300730081498777946e-01
1.253152506523168008e-01
1.294224286065271956e-01
1.231707062360282573e-01
1.312757201440480359e-01
1.279552224730097776e-01
1.276809842196501288e-01
1.271746392275003301e-01
1.266497293980795580e-01
1.262877124191502387e-01
1.256433945110900785e-01
1.259903179967361286e-01
1.247208643095463476e-01
1.177012999396374882e-01
1.240074976752407049e-01
1.220984875400411562e-01
1.229601537958661672e-01
1.215446593789966251e-01
1.217189139448620477e-01
1.218670470524116783e-01
1.195367036025581364e-01
1.205565617762457131e-01
1.208258396933211548e-01
1.179744422554600269e-01
1.196773479597827011e-01
1.184838905371299461e-01
1.189796797747559171e-01
1.173012284713806364e-01
1.136177359884024685e-01
1.176664369510973807e-01
1.172565082351305077e-01
1.168740892117015318e-01
1.166461592266792718e-01
1.161859602630959665e-01
1.088958534074678380e-01
1.147725568501140325e-01
1.059843940201760509e-01
1.141621152494750602e-01
1.141400528478230120e-01
1.129536312365020667e-01
1.126986094290309409e-01
1.127990401028412248e-01
1.118614869764609221e-01
1.121137446972219343e-01
1.104859967671902171e-01
1.114722583577706649e-01
1.102817890443359428e-01
1.105277596730616929e-01
1.074754513464289268e-01
1.098525287365272884e-01
1.079615979396743308e-01
1.090555089875352573e-01
1.073802555759135052e-01
1.083532161664983451e-01
1.074464747864998376e-01
1.073554082332249249e-01
1.069985570398712671e-01
