7.991366814228588744e-01
6.560810117162695354e-01
8.619087154154341235e-01
8.349587691517107446e-01
7.331152840426042872e-01
5.992400783614523219e-01
4.611593275877928222e-01
3.370726743880256837e-01
2.362548787838179565e-01
1.603823564287363557e-01
1.065340145341234640e-01
7.005515850147107926e-02
4.628686638264548764e-02
3.131101117574370402e-02
2.213407301154326698e-02
1.662159092127578688e-02
1.333155248626960096e-02
1.134028083840998499e-02
1.008495131744360784e-02
9.232969504528067486e-03
8.598957038801844505e-03
8.082695129655263072e-03
7.630591067756405457e-03
7.217706246748978836e-03
6.831650794268976853e-03
6.462469418134166380e-03
6.111420954095924882e-03
5.775240650000455431e-03
5.454048003705492913e-03
5.147414163503895648e-03
4.855014529714377775e-03
4.578760051664442117e-03
4.315558204410679076e-03
4.068374305158441520e-03
3.831105933577093250e-03
3.609637514833561375e-03
1.995991735583390551e-03
3.198790935790205708e-03
1.493060149953106836e-03
2.772370487147362075e-03
9.383731253542687903e-04
2.410991662311618659e-03
4.105730127016616986e-03
2.124762428515365644e-03
6.633483507223094169e-03
1.866012562182087133e-03
1.813042637619576665e-03
1.493483078245945840e-03
1.655976887780753401e-03
2.130573526942471183e-03
1.534936135417642577e-03
5.023707096898409954e-03
1.421187198860914469e-03
2.402498753457893172e-03
1.675353883266041339e-03
1.283556693861859395e-03
2.078949678032887723e-03
1.594045808903000452e-03
1.493310146917999331e-03
1.380807619911024377e-03
1.027297938879933150e-03
1.627048085699679203e-03
1.463166641481090588e-03
7.511693572965267738e-04
9.292939056623791653e-04
1.031370795799719077e-03
9.953300695736998823e-04
1.180913103670826279e-03
1.091172889649284859e-03
1.198766030401264169e-03
6.077596222871173770e-04
9.735064166927999071e-04
4.094487174264521169e-03
1.040825446054793792e-03
1.250147892824824119e-03
9.526490842289193775e-04
1.528152640245382388e-03
8.338422368378741855e-04
2.510866353717216811e-04
8.934590232603371093e-04
4.218888223694860226e-04
4.320204016162751924e-03
8.126801403257055689e-04
4.023939882506717691e-03
7.395207680610022980e-04
4.942709125666880105e-04
7.197497401952269395e-04
2.843316491349917163e-04
6.701795172986418784e-04
3.407937302598815243e-04
6.200655669672741751e-04
1.717078339630186742e-03
2.461456556542081404e-03
1.649545156351777319e-03
1.616765583802695682e-03
1.061391693193573793e-03
3.922061397724262502e-03
4.784683171641232664e-04
2.360699194941706398e-03
4.473217876323434968e-04
1.189526978973837754e-03
4.002199028930825630e-04
3.779235063798220325e-04
1.059518394695729403e-03
3.422471614218040425e-04
4.841218031005087383e-04
3.277015619604569134e-04
3.034086477525564196e-04
2.989501224109414931e-03
2.809549170179270684e-04
5.060661591120272675e-04
3.367424652856294788e-04
2.423889093260468447e-04
1.112400066553791492e-03
2.605533538650012769e-04
2.077838117798609663e-03
1.504408935934819277e-04
3.616613478584775401e-03
1.322447503327127676e-04
5.775433610481726108e-04
8.020758814536515721e-04
1.706115591642944291e-03
1.255632409663576948e-03
1.402655049988611551e-04
3.078137736683255951e-03
1.460155358786869553e-04
6.801675886449513701e-03
1.726637639347121844e-04
1.420734242888468881e-04
5.389724226897161033e-04
1.334922477618334311e-04
1.321384927628718080e-04
5.075217961500837205e-04
1.263920771596391843e-04
4.818034940583912525e-04
1.224606166321321995e-04
2.083725366457906368e-03
1.588542087789212014e-04
9.159501126735808060e-03
1.197586822612717983e-04
1.053390273050651665e-04
1.800380295001079904e-04
1.941642284029352272e-03
9.400023007092399015e-05
8.091473478700149900e-04
2.435322797132242882e-04
1.579544608304522856e-03
8.988422065263927598e-05
1.375047458794338793e-03
1.193228575085359278e-03
1.110465496679371907e-04
3.717122122180988963e-04
2.796973067162079191e-03
8.066944232775925534e-05
7.960171710333722658e-03
9.058945961341083016e-05
2.521704739882767621e-04
1.088779436822204688e-04
7.276591537178429998e-03
8.285653637052844424e-05
2.988404126522877739e-03
1.036621931779867884e-04
1.715929858816007015e-04
9.532877095565228404e-04
9.841311610260124166e-05
2.140905257021041136e-04
7.254849237940583749e-04
1.993418028748008912e-04
1.098213077786297487e-04
4.327187077048136018e-04
3.292544946666623677e-03
4.946173641498799282e-03
1.179599304417935663e-03
1.115877855753764111e-04
3.706561218800677481e-04
2.262047403011880860e-04
7.216815670761367308e-05
1.248534432710074948e-03
7.853466280825962935e-05
4.885638061475986935e-03
7.013923534932165599e-05
5.398954641692885973e-04
6.901019055155549660e-05
1.729149496531201709e-04
2.318061061956141339e-04
1.449369340208084625e-03
1.343556561263903988e-04
3.802201838223293355e-04
6.983685645412471841e-04
1.139484626346015677e-04
2.123884245489334952e-03
6.637041754894006129e-05
9.424717832894499671e-04
6.665325006448596424e-05
3.803446808598394987e-04
1.427771422376757310e-04
6.548277433923302751e-05
1.145573157605055950e-03
7.029172141690454869e-05
3.411203279257475022e-03
8.294765080246480635e-04
4.506396013517406131e-04
5.364652274047073365e-04
7.410100778826787490e-05
2.201985152461216014e-04
6.659273022456507415e-03
6.313153198612700076e-05
7.189803362816872719e-03
8.258902164464936176e-05
3.442914892499540028e-03
6.218602009547535012e-05
6.708126142210454369e-03
6.309796047984414622e-05
6.267139448073533268e-05
7.468240391308481833e-04
1.655411527777512744e-03
6.817141362734405424e-05
2.836357875735860635e-04
1.798516448406828274e-04
4.045422875100465956e-03
2.672425578370598350e-03
1.300929857800448876e-04
1.029933325084432050e-04
4.687757780662827863e-04
2.208809691611805478e-04
7.127330916033681010e-05
1.212206927746034687e-03
7.201383585637050359e-05
6.253651974120417512e-05
8.054557031968174856e-05
3.612621685555571509e-04
5.816471981848320806e-05
1.278535535955975966e-04
1.290397320802919045e-04
2.331937236161366034e-04
7.422971710356567998e-05
6.842560625420459263e-04
7.091078766430931586e-05
8.580159591529246772e-05
8.394827276231229239e-05
8.149432835664574993e-05
1.016015505651806093e-04
2.249004148289430246e-04
6.087527356239401957e-05
2.321502225774148644e-04
5.688584019273889073e-05
1.512284851656860239e-04
5.677135886939848805e-05
1.003866493291551121e-04
5.827969737837136803e-05
8.916496746594893539e-05
5.753256464672536284e-05
3.303800509833661474e-04
5.577283538897688726e-05
5.605084562835699764e-05
1.016909364523872842e-04
5.568476008011624180e-05
1.761566993366534863e-04
5.687086132184060162e-05
1.171862181970989352e-03
7.429760995655674974e-05
1.336984922464072567e-04
5.454661986119137653e-05
7.899457548873109860e-04
5.654660828017764182e-05
1.881475409851871700e-03
5.424873980195632159e-05
2.033804575439206869e-03
5.433702441920338592e-05
5.972501814853619652e-05
1.272125522711499012e-04
1.726944100195999072e-04
7.620190951907317178e-05
5.267820734327026530e-05
1.507679891142903932e-04
1.924791245083713655e-03
5.662330059282988653e-05
7.623608467280489076e-04
5.199223626653261016e-05
3.953945831395786793e-03
2.550472566313922974e-04
5.234938079449418631e-05
1.728605691081900719e-03
7.115183038881375138e-05
2.115393753996886654e-04
5.973055276039568220e-05
5.912546767869282451e-05
5.493546327944399070e-05
9.290608219484851034e-05
5.086757100360191747e-05
8.616536186449362620e-04
5.055977011934791932e-05
6.498646238621219530e-05
9.970630729896131240e-05
5.031961036636787811e-05
5.625116788401819841e-03
5.226722141480033931e-05
4.966042149073517250e-05
1.570485151343421293e-04
4.970064585969358894e-05
