1.007146608812858668e+00
1.710114784779914743e+00
2.478807501096399246e+00
2.897540268301758815e+00
3.110368796693265825e+00
3.168123655298957342e+00
3.262539713881931647e+00
3.352526606960504196e+00
3.465669205190074820e+00
3.556254399097733110e+00
3.660103527998627371e+00
3.744264258495611841e+00
3.821214360150718914e+00
3.902320754248774115e+00
3.983664919662823323e+00
4.060938795411068725e+00
4.127353542076630077e+00
4.186557043954935331e+00
4.236655627535301782e+00
4.296088321986553105e+00
4.338584225189570986e+00
4.386956131322796715e+00
4.434847269957717053e+00
4.467676929775574735e+00
4.508241879569026445e+00
4.542884604884259936e+00
4.585009481596702408e+00
4.592799645791797225e+00
4.625508113463993709e+00
4.640918228594951067e+00
4.659985258797128438e+00
4.676054970704728753e+00
4.677410336429738358e+00
4.695643068563767564e+00
4.696144279687001877e+00
4.699780871797896609e+00
4.701762020025403110e+00
4.702623373938005003e+00
4.700706985756122336e+00
4.686667358108869585e+00
4.682443908144468203e+00
4.671256804034731758e+00
4.661290605420372657e+00
4.639457353167183662e+00
4.634312526617534900e+00
4.616928911777518074e+00
4.607545881506551311e+00
4.591156658373808597e+00
4.579328379927878778e+00
4.562103098897117626e+00
4.549505297000287385e+00
4.534782960667410379e+00
4.515093064274044110e+00
4.494773427765260010e+00
4.494699857638129181e+00
4.476694318967753716e+00
4.446641769731509264e+00
4.428804947106715240e+00
4.407007484300329736e+00
4.395854797881249887e+00
4.375595352789104275e+00
4.357381520906529637e+00
4.336380371755191199e+00
4.320641467268292679e+00
4.302851123314098913e+00
4.285093079399482363e+00
4.263759656604037218e+00
4.242827899043857265e+00
4.224737640293071195e+00
4.206226379184940356e+00
4.186401622847694348e+00
4.174659614214617953e+00
4.151844732172658148e+00
4.136689439558199233e+00
4.117247491753852628e+00
4.088184784655109816e+00
4.063061925864018598e+00
4.046506599455806708e+00
4.040555475694035614e+00
4.007457519539207702e+00
3.984367985995556527e+00
3.968791637697720809e+00
3.953035575723530481e+00
3.925939299566149732e+00
3.912327623134178367e+00
3.891984365477326957e+00
3.867691821667919250e+00
3.855093972947865932e+00
3.833049229164632088e+00
3.816153418256579055e+00
3.795419719636763833e+00
3.785826677624406056e+00
3.760728815005875525e+00
3.739314599135292738e+00
3.721945385597643874e+00
3.695728796011738648e+00
3.675781591104783086e+00
3.663863148945448511e+00
3.641483960066217662e+00
3.629525973443382902e+00
3.611151526831831937e+00
3.604114303676628772e+00
3.578602306306254199e+00
3.561077287334536656e+00
3.542156186114467697e+00
3.529389234109341800e+00
3.511345168499784286e+00
3.495988038688278010e+00
3.476044798716907192e+00
3.460214130495065987e+00
3.438372415640199353e+00
3.421688225874587097e+00
3.416828063135256777e+00
3.391429573567195543e+00
3.377665020882500091e+00
3.364541395946389901e+00
3.348215549074853303e+00
3.337365742196878760e+00
3.318398864632012835e+00
3.299180658404160305e+00
3.289845330534977297e+00
3.270157361829659326e+00
3.255869682971241019e+00
3.248439617291243309e+00
3.236478451902105924e+00
3.223287461769960949e+00
3.210181036396857035e+00
3.194386830250419695e+00
3.179770740681651553e+00
3.170118515395097258e+00
3.155431765434083324e+00
3.140949428616916617e+00
3.128656117985181506e+00
3.119602654336435243e+00
3.109893552535983208e+00
3.099766158723829435e+00
3.089723706063724595e+00
3.084765923857659242e+00
3.074088790355786749e+00
3.056132190696057460e+00
3.044718480784609493e+00
3.032596501353138407e+00
3.024770923522537291e+00
3.010898751111978466e+00
3.003912567439277925e+00
2.994856605496417856e+00
2.982447958983789782e+00
2.974348287039075611e+00
2.964158893992645094e+00
2.971482951162634834e+00
2.950152674633699235e+00
2.942023133148047531e+00
2.931483020537632989e+00
2.925792067144854958e+00
2.912186615599105188e+00
2.897675805746088518e+00
2.904297698880988765e+00
2.893610660048181238e+00
2.884317440006269884e+00
2.877465023336995387e+00
2.869944666932462862e+00
2.867698895193771857e+00
2.856836598284057782e+00
2.847234548927604081e+00
2.844248830582938758e+00
2.839870098779868179e+00
2.838464393901918736e+00
2.823183219811554956e+00
2.820339599444217527e+00
2.808065459418609855e+00
2.808935627024899073e+00
2.801098204008300119e+00
2.794528809474965403e+00
2.788822331868661131e+00
2.782960680534486198e+00
2.778494723426254254e+00
2.774737744838967402e+00
2.761921967294659108e+00
2.760050560537182562e+00
2.756945520188089027e+00
2.748247969204532737e+00
2.745805163058166798e+00
2.741002739455562498e+00
2.734894108498407750e+00
2.729859870308526393e+00
2.727525343218839105e+00
2.721352766860781980e+00
2.721831807626218236e+00
2.713691148904873174e+00
2.709369669637014866e+00
2.704963368592728568e+00
2.703467406085797275e+00
2.686461464413441025e+00
2.695992070412140951e+00
2.696467138745231473e+00
2.681487074897138445e+00
2.677687007386386320e+00
2.674612091905179234e+00
2.671534380743602721e+00
2.673862156156371572e+00
2.665262791402704057e+00
2.659803313858188023e+00
2.659210700292969687e+00
2.655126092798364645e+00
2.653145794072211405e+00
2.648239812654449743e+00
2.642486737573860989e+00
2.640919471770994509e+00
2.641815638807541333e+00
2.633290364060525413e+00
2.631862725592054808e+00
2.624505903701668252e+00
2.623262475902216284e+00
2.616168853024829488e+00
2.616388182785127192e+00
2.612629202155257069e+00
2.606212618365478573e+00
2.610930594149214912e+00
2.601320759381888337e+00
2.605255097541117948e+00
2.594978316619676484e+00
2.591705762877732244e+00
2.588470837377053080e+00
2.585104242543594388e+00
2.580512354603696767e+00
2.579458426494223744e+00
2.578020812639448156e+00
2.568525808245501363e+00
2.572211746617524497e+00
2.570334255595718709e+00
2.566101508889191418e+00
2.564672885575437267e+00
2.562046875229299747e+00
2.557163006844882958e+00
2.555849348855052217e+00
2.553079026483181746e+00
2.552444961763448372e+00
2.549087412315226064e+00
2.546903883084524978e+00
2.543551612349864932e+00
2.540466856751140146e+00
2.539070730047625624e+00
2.536895651644331728e+00
2.534552089876164427e+00
2.531653904575185354e+00
2.523549668241609645e+00
2.538976722601768543e+00
2.522803861375709999e+00
2.523366945754116575e+00
2.521306183825907432e+00
2.518472241903694009e+00
2.517354736099306933e+00
2.514366250445362549e+00
2.511033098539675379e+00
2.509962767464049449e+00
2.508817289388834304e+00
2.508682903982994095e+00
2.497837854503669242e+00
2.506432799100612563e+00
2.500373971957356556e+00
2.499111018846049248e+00
2.496373722327426492e+00
2.494174978712937474e+00
2.492594379889890188e+00
2.495228696642481925e+00
2.488389197568615430e+00
2.486235399564507453e+00
2.485150312749236701e+00
2.482528833967218684e+00
2.481166948383163540e+00
2.478388220239523321e+00
2.477607651970110680e+00
2.476548718063193544e+00
2.474512897298636549e+00
2.474681269107341208e+00
2.473807756739522912e+00
2.468850586067438346e+00
2.468170879540906082e+00
2.468185888676902362e+00
2.466744503114742137e+00
2.474239355103203586e+00
2.464981545916150374e+00
2.459722685369881479e+00
2.457697005228285381e+00
2.463607473962479588e+00
2.458299521600013193e+00
2.457075950038696721e+00
2.449978888779309028e+00
2.455023097364616991e+00
2.452558752279493159e+00
2.447564612980073662e+00
2.448832994673262764e+00
2.454378538887472594e+00
2.447175784561487877e+00
2.446953029528498469e+00
2.441345467183666074e+00
2.445035367176848773e+00
2.443847780870497921e+00
2.444292375351261093e+00
2.438481157146888290e+00
