1.049266560102945611e+00
4.498237948700202216e-01
1.384391184245784556e+00
1.468760530757787786e+00
1.097682073851059315e+00
7.803769212462551286e-01
5.530267014960565941e-01
3.921347741793834718e-01
2.789283533221645905e-01
2.000005535369679954e-01
1.455455675386052306e-01
1.082528560319863248e-01
8.271316648740666133e-02
6.503355824994233592e-02
5.250978067133593719e-02
4.334033478978510656e-02
3.636548633723829527e-02
3.086191716396012585e-02
2.639221491300981423e-02
2.269485831616877003e-02
1.961087493726497086e-02
1.703803392591025229e-02
1.490286173272505239e-02
1.297854471987168468e-02
1.169637541273251327e-02
1.048880894999174029e-02
9.560388498030571169e-03
1.273958208323884046e-02
8.118627223723223763e-03
7.567760965767845668e-03
7.205728205456158816e-03
6.647618627185414818e-03
7.094846904646504547e-03
5.918408854526239701e-03
5.601361209179578186e-03
5.436330040466757184e-03
5.060835613594439654e-03
5.699579790095767214e-03
4.615105652617499526e-03
4.354502793333682280e-03
4.745461075761405259e-03
1.578172470479595902e-03
3.671615785426783976e-03
3.391254211258428082e-03
2.030437641098597340e-03
2.460997788572748691e-03
2.531327240708825151e-03
1.425135195889681329e-03
3.978677389565529049e-03
1.705062978994154217e-03
1.693115595491635631e-03
1.924337306437685262e-03
6.077504799909350629e-03
3.546189192821067211e-03
2.568853171014920389e-03
2.642010265048116459e-03
7.443362948762724009e-03
1.712709543963660984e-03
2.127968678235148646e-03
4.378083866868203583e-03
8.546694426055968796e-03
1.287689274739663809e-03
3.271495990747261707e-03
9.050273548164819480e-04
1.327079372328865544e-03
1.560551795448989311e-03
9.437673156378048253e-04
1.548133424637240015e-03
9.777160450037537635e-04
3.770792492322403680e-04
7.528564410277293001e-04
2.843559986322733834e-03
2.733560668959096780e-03
4.666909974895606418e-04
1.168492902576106661e-03
3.255817766467471023e-04
1.613150206194876755e-03
4.583014326237289842e-04
8.715410847655973015e-03
3.520555382884969688e-03
3.340902874870114048e-04
4.616909103888976835e-04
7.627377325970718588e-04
7.354769952333198128e-03
3.570833709695994500e-03
4.888368114714355776e-03
4.039907951102130780e-03
6.593440412707762821e-03
1.011855765226930479e-02
5.247114805420044666e-03
1.976515384847517872e-03
1.895627381791147948e-03
1.967729252877662262e-04
2.288564219467958548e-04
5.750257763845029700e-03
4.979349546045202211e-04
2.942299019849564049e-03
3.979851653438168553e-03
7.066742616079809552e-04
1.131170284513981304e-03
5.989833759206680559e-04
4.442865829388699048e-03
1.005528292205535050e-03
1.932945997313052387e-03
4.888212045982428221e-04
1.148163860735077618e-03
4.576951556506642961e-03
2.333393882125200589e-03
2.141114983243351706e-03
4.790202863364143547e-04
1.785431829992008149e-03
1.277232789250926656e-03
2.706742899599018804e-03
4.053820210946718831e-04
8.442650678236480327e-04
4.545382271006367350e-04
1.514192342162511140e-03
9.426451596808087079e-04
1.051275561273977768e-03
1.916123090727821568e-03
1.972142301919520280e-03
2.404717901778612513e-03
2.077741946357866774e-03
4.395166491496200339e-03
1.623991533535565964e-03
2.775073967750751793e-03
2.976386823295194633e-04
1.267364940418327836e-03
1.189035583623599497e-03
1.299480636695263562e-03
6.923137420054931374e-04
3.544547923426848331e-03
8.944597227925071706e-04
9.091252921367777616e-04
4.646325822671108080e-03
7.904424297012198428e-04
4.202351051154282202e-04
3.689421139956989269e-04
9.037217743197358422e-04
2.416284570480002093e-03
7.275467352740474071e-04
1.146185859533629427e-02
1.731678286488827186e-03
1.538317499941609361e-03
7.744639632041010885e-04
1.532445283492204656e-03
1.094125928169922476e-03
9.266816782637579296e-04
8.038752308986433148e-04
3.150028342962964806e-04
3.162207786408934929e-04
1.234489264283469530e-03
6.672324289042100244e-04
3.792169593451483016e-03
6.906444100015819709e-03
3.000036093381818099e-03
6.185537846667666598e-04
4.026515502989280260e-04
4.383494304434298557e-04
1.124425193627720922e-03
8.101407132322194790e-04
8.633478956104799701e-04
1.605718653311191940e-03
4.171320265632121505e-04
4.526564974733130972e-04
6.143993798184814187e-04
6.739993415954282632e-04
6.580189853383136035e-03
4.507273507172996317e-03
2.366408102175484619e-03
3.373572278762593767e-03
3.947733515416028578e-04
1.294294409621720311e-03
4.906201247480611533e-04
5.436481146931049311e-04
5.237667312032006891e-04
2.926272249697533861e-04
1.022474099222041169e-03
1.056738430398609973e-03
4.629013443942921560e-04
6.363919895228085672e-04
5.608443907951763969e-04
2.375570105194771756e-03
2.409459619206160384e-03
6.088797238168858726e-04
1.882674993513375281e-03
6.052642293711569393e-04
7.312725157463292359e-03
1.146279581316449452e-03
4.257023338615575220e-03
5.820609309938160232e-04
3.437177204819762198e-04
7.994062794956542780e-04
4.378120603646406834e-04
2.823547107078749983e-03
6.451360391768639398e-04
1.225350620724078307e-03
5.973293230500724372e-04
5.191695616886904483e-04
3.105208861763562780e-03
1.333307482684098358e-03
6.990394677698327829e-04
2.519716761512926471e-03
2.927426668586096976e-03
1.097527364672501449e-03
5.578696211886449100e-04
2.403981225515994951e-04
3.698065228705524408e-04
4.135130340984259699e-04
2.469154361449741979e-04
2.582599866301505125e-04
1.164766111347887096e-03
8.381135617526419383e-04
3.270562589796305406e-03
5.646675048185398685e-04
6.594458830815619083e-04
1.148805453292567249e-03
2.511502503149738328e-04
1.342157185801042376e-03
6.358845890071974797e-04
6.423568309646234594e-04
5.901202616750973566e-04
7.816715983334961973e-04
2.246603068129498799e-03
1.745109968718173282e-03
2.273295718338285386e-03
8.821198872967417250e-04
8.159405143143584876e-04
9.554877707255744887e-04
6.794329079920207598e-04
1.683708400942998543e-03
4.101173738525228226e-04
2.126720220723635354e-04
9.302936640982453678e-04
1.839461108497077993e-03
1.520298629790658648e-03
8.988729349016823245e-04
1.250657965643030885e-03
3.329342726774385790e-04
2.465338188933442753e-03
3.535656251816547517e-03
4.534481047268897709e-04
8.564273363969914172e-04
3.506305817255639281e-04
2.552896958285724564e-04
1.085486544808413967e-03
3.332800167999052515e-03
1.431869845366924359e-03
3.713664057736534288e-04
8.365492037773330234e-04
6.104085303934818482e-04
4.055153594943337360e-03
3.817463117231763249e-04
2.692821192071606098e-04
4.083952726801474324e-04
3.560859814705588135e-04
1.839759871137063528e-04
2.637420104501663094e-04
5.154577183188451418e-04
5.736449572913867841e-04
4.899742421825223088e-04
1.005976552933033567e-03
2.135049093598312669e-03
2.985424510451632979e-04
1.954351820501230657e-04
1.324173260169081206e-04
4.206983386276682592e-03
9.830072843461713263e-04
3.200990934236464360e-04
1.293992617711304735e-03
4.410182762141673677e-04
1.066678187425196831e-03
2.081273801017949907e-04
1.778103825301107031e-03
1.654011592329951083e-03
6.469332950778949876e-04
4.447872258570685113e-03
2.748772797947093512e-04
7.375344528748745132e-04
2.922504401920773169e-04
2.512086811766118914e-03
4.220269835641729116e-04
8.726377911725373155e-04
6.053706091331174672e-04
5.300475348804656187e-04
1.610870776248575487e-04
5.770864977734768263e-04
3.333577335966597102e-04
2.205848167758371918e-04
3.583675960116462170e-03
1.704491189258848212e-03
1.849850053479560241e-04
1.561511100950058878e-03
3.008165804821603603e-04
3.652379575684471750e-03
1.659875614694095213e-03
7.984382410561877618e-04
2.336267205456220557e-03
7.913412597255345751e-04
7.029510310230295761e-04
