1.008265999503247912e+00
6.334102964894657850e-01
1.735428922002873353e+00
1.189672992171895372e+00
7.245074987972160985e-01
4.531219718807971142e-01
2.908731078434655948e-01
1.931289391892773988e-01
1.333225748860614179e-01
9.538633929660297883e-02
7.012902729279345271e-02
5.261986929531967117e-02
4.024676817165916826e-02
3.151337279256991031e-02
2.356690358670513602e-02
2.129893713581192810e-02
1.881268146618723242e-02
1.635352142226823013e-02
1.552016318893528930e-02
1.377415364987872454e-02
1.175569272602919671e-02
1.206545725414990590e-02
1.088447620231285107e-02
4.240013874059872165e-03
1.003377239730581134e-02
7.471677254706385676e-03
8.809653380522270566e-03
8.103529646297234421e-03
7.804100345279276103e-03
7.984654245371742773e-03
6.838587258348795619e-03
7.399376335024537669e-03
6.029750476896576436e-03
4.549185198219947261e-03
5.261034439696897318e-03
4.690508984535363309e-03
6.226293154219435765e-03
4.302456724088620302e-03
3.912849642803027314e-03
3.125900233610219743e-03
3.606102951199755598e-03
5.475067040712065791e-03
3.101463040837374764e-03
2.699409551186569747e-03
1.640580828888398663e-03
2.388420847273374330e-03
2.597011579341508124e-03
4.028620750939354220e-03
2.180364128292700855e-03
8.916958635116413456e-03
6.175291675460515065e-03
1.966052576565723367e-03
1.700884425152029630e-03
4.400465058875968442e-03
1.740793497831822452e-03
1.266635794523849603e-03
2.769726779162289074e-03
1.675069216933060224e-03
2.671101421949395507e-03
2.822813913699690532e-03
2.456789188305493182e-03
3.177286434405807419e-03
1.890290677600372712e-03
1.117704468894171934e-03
1.002795049941163086e-03
1.043265844332904625e-03
1.492805532202995042e-03
9.372081919782095094e-04
1.351269976214691760e-03
7.506517819852520168e-04
3.531058351773044401e-03
9.982330250861886148e-03
1.530312831617195932e-03
4.891867254227833493e-03
3.169794319446373951e-03
1.321032065190857335e-02
4.136579454363654811e-03
3.285438766395185495e-03
1.532493314376894315e-03
2.454717507930670537e-03
4.321623658518843752e-03
7.142536979022237088e-03
2.441912032394347263e-03
1.004072682586600474e-03
1.310440245833459881e-03
1.933271147557731086e-03
1.128942768883962108e-03
1.593993740862134590e-03
1.146068960838727679e-03
7.970387227837504073e-04
5.566296207321012879e-03
3.775789509369284480e-03
5.680368716551128204e-03
1.579854237007897143e-03
8.273949945331697531e-03
5.788034927873853333e-03
1.453850458071387483e-03
2.070382404226551488e-03
3.374708640712633582e-04
1.087183980205417948e-03
1.638786903386791087e-03
9.284036847009049772e-04
4.518656458905246287e-04
6.189151855608253242e-04
7.060345001264335630e-04
8.291858341346688586e-04
9.042450301055108847e-04
6.689653619035520376e-04
1.228063484832740953e-03
2.556708387840361373e-03
8.653514139319246415e-04
1.131427161324057582e-03
1.670524756502823763e-03
1.058636406501880503e-03
5.346551018364358596e-04
3.196249781938773678e-04
6.665382411018959830e-04
2.521188961834955160e-03
3.589168392245119092e-04
2.895232289889608599e-03
4.950284761291817888e-03
1.947109893486093958e-03
3.776353940862503121e-04
5.268036665766165534e-04
3.763668986828838658e-03
2.248971204986046908e-04
5.046386697316784971e-04
2.545281877163251363e-04
4.776380263887340357e-04
5.057095653052903371e-04
1.174987963667654522e-03
3.372851471902508450e-03
2.190061678221647337e-03
4.125008781149852588e-03
2.519518975769763813e-04
5.858353419829277417e-03
1.477796544302641991e-03
2.924142255363815831e-03
4.513178655777430257e-03
3.108614681207698752e-03
8.698207061284532254e-04
5.190912365654030709e-04
4.557969872875036071e-04
9.595196235621088893e-04
6.158953051911106487e-04
7.830399502046613957e-04
4.148608045371184917e-03
5.719753076398033462e-04
6.473826116828405039e-04
8.897493437781282604e-04
4.467678798349675531e-03
2.873264866274679425e-04
6.749300849626829572e-04
3.471852766559832960e-04
3.992097426486870457e-04
1.553173643738676871e-03
1.973934581640139152e-04
4.195129147203575416e-03
1.464288137733602739e-03
2.553201424991222070e-03
8.287698463028661446e-04
1.029353643029215157e-03
1.171305100178524636e-03
3.083243574635428919e-03
4.244861075982033654e-04
6.834318385405656207e-04
1.153697456048970692e-03
3.653262739469741735e-04
5.818938684716962444e-04
1.552663632734517529e-04
2.800838779682681638e-04
2.915630038327259119e-04
1.265861574913264417e-03
2.016209090229657656e-03
1.740307750638600071e-03
6.014830023765379728e-04
5.431907230503198701e-03
6.031219767859486054e-03
1.796922296846078810e-03
6.400521146140656379e-04
7.684878633000854879e-03
4.668176753471903369e-03
5.864428187700360118e-03
5.257698546249467419e-03
1.026917658463370742e-02
3.716634030033247500e-03
1.276936541862069971e-03
2.244781206147873512e-04
2.559452191923130854e-03
2.388985418864914370e-04
5.168602925040148869e-04
1.005816879427870241e-03
7.684095986821958945e-04
7.086396055332641044e-04
2.054922926092888399e-03
1.377485927070473031e-03
9.782476854522357298e-05
5.049847945926726808e-04
6.856663998609640980e-03
1.671585541597840749e-03
3.559916829927823288e-03
4.338981884396182591e-03
2.440848728103577666e-03
5.310747774910323619e-04
2.422980518479617238e-03
1.002547139895720342e-03
1.811905441447908983e-03
2.858798700270917710e-03
1.624217958242731540e-03
9.225216901630779861e-04
2.861426413046996918e-04
6.011680330086311081e-04
2.568254569423268803e-03
5.855265719663479973e-03
1.837666300261875808e-04
4.885534259819198461e-04
5.168281455332161128e-03
5.254828744724771884e-03
1.698594907130788827e-04
7.227511846078605662e-04
2.850615201719457464e-04
4.924020596328671862e-04
2.725227464535678250e-04
2.988336050543989749e-04
2.926263989209504585e-04
2.078142091703125127e-04
6.468610906550771806e-04
1.431489065956303769e-03
4.944398077351017324e-04
1.449702005327833639e-03
1.278385719862912490e-03
2.143511426019870710e-04
1.867581559293369370e-04
1.293723169155574571e-04
1.815075489106600577e-04
1.669411904902408904e-04
4.003230045022036321e-04
6.752038730679804125e-04
1.186945904714226943e-03
4.189176123272130535e-03
1.125527865840291689e-03
6.505983471530663378e-04
1.851384722449484540e-03
3.017868861049098931e-04
1.795995752074520762e-04
1.743025837583888629e-04
1.642397886181222184e-04
3.468482136064130177e-04
6.865921794164401215e-04
3.383994851735992477e-03
1.577542815924223938e-03
5.786362283915382279e-03
7.289178219502428276e-04
4.474861840088017496e-03
9.213382322128142515e-04
3.862295792586583785e-04
4.697817211744783781e-04
1.674515740770844523e-03
2.221643920989141430e-03
3.813260121881225772e-03
1.836025209552104970e-04
2.325804847736349977e-04
2.811604879753039072e-04
3.215610906433030453e-03
1.971788790293609126e-04
2.517929387390057229e-04
1.043684629745503592e-03
3.250138681609149836e-04
7.024401144940469778e-04
3.349152119849571228e-04
2.522063871773925678e-04
3.276555229847959790e-04
3.340531362041937111e-03
9.287260307865529384e-04
1.879398484755501154e-03
2.538764903698258473e-04
4.799681993674540198e-04
1.794335596233554266e-03
4.984839122056296951e-04
1.873599272341711346e-03
1.431704110777511953e-03
4.383231991506195309e-03
2.467001033402529356e-03
5.469855154550777587e-04
6.492985110997023584e-04
5.755371219317800911e-04
1.283140628405342407e-03
1.570140910342263845e-03
2.576110953832557479e-04
1.604661896769772546e-04
2.006759098313540409e-04
8.119659301725131199e-04
1.398080185828801027e-03
2.214299061102376065e-03
8.248990030354879082e-04
1.977182862096751263e-03
1.390255476047407620e-03
3.611724938097452008e-04
1.300439798285200985e-03
4.486439145312910086e-04
