1.057913354747604284e+00
4.546672918061527846e-01
1.493585939516738348e+00
1.558691547088880469e+00
1.042808556316597191e+00
6.486214515450553497e-01
4.090401048192569000e-01
2.646213611134923815e-01
1.783705965054442899e-01
1.266873950952928374e-01
9.498658578989969958e-02
7.466764605385566023e-02
6.085566028884278195e-02
5.085683086514768830e-02
4.318822137921665000e-02
3.702368633459156289e-02
3.189232843191336375e-02
2.751512440168351128e-02
2.372233469297475167e-02
2.098210861618992826e-02
1.732008520341624808e-02
1.504855309713978850e-02
1.282045784932501695e-02
1.102249900816390515e-02
9.581988666421240725e-03
8.388664338343607141e-03
7.315451220260844011e-03
5.999412853317693389e-03
5.699959984752605083e-03
5.926538202719907993e-03
4.495563758451352233e-03
4.107844434195102867e-03
4.076638136002968052e-03
3.365294192599988486e-03
3.366606365907161193e-03
2.764962555645334580e-03
2.543538488022476299e-03
2.262086070856544982e-03
1.734221129072763745e-03
1.174051989900888431e-03
1.799847394902820983e-03
2.630624703210046860e-03
1.334155709951936712e-03
9.621306442231970920e-04
1.114450050400005903e-03
1.105605839242313404e-03
1.280774805599389212e-03
9.228231292081214400e-04
1.085111853126790064e-03
6.847840882373573300e-04
7.227112693133907204e-04
6.405914421681129650e-03
6.189629343853131826e-04
6.702674785423780313e-03
5.654948913824700508e-04
9.314520712501548824e-03
5.104558183274358072e-04
5.597895950854918324e-04
7.523623046173633609e-04
2.251583701529711636e-03
5.147608426063121547e-04
4.901254269277715648e-04
6.841622914730247388e-04
9.031532001675983889e-04
8.646199150332841256e-04
6.479036122113087520e-03
5.166537104096800316e-04
2.249584823571882785e-03
5.091266496937252957e-04
1.947354517781506571e-03
5.253022020462767968e-04
1.423961850910290296e-02
5.874802605088940040e-04
5.260714183551231391e-04
6.056183348061316453e-04
5.373794027465144622e-04
5.983918870519172551e-04
5.366363043861436264e-04
1.317524938179224017e-03
4.395995205784472559e-04
5.585515209667858911e-04
4.725030652877212326e-04
5.398033871182314003e-04
2.279565031420341479e-03
4.901315287121371005e-04
5.363287282342918579e-04
9.403695581636497755e-03
5.165692058492978196e-04
5.490921681734982872e-04
8.702336286012735600e-04
5.471758231638507814e-04
1.948650639800762188e-03
6.554704313943065727e-04
5.636730796904448849e-04
3.320224718034258445e-03
5.429777226848639263e-04
5.761447995722981334e-04
2.546645990202487872e-03
9.460646963751446559e-04
5.614151196369350201e-04
1.145995220221303693e-02
5.512455887548760270e-04
3.684494183193742257e-03
6.652404352810879686e-04
3.225248318638947263e-03
5.462490327246133370e-04
7.113354557261354367e-04
5.348198253199434263e-04
6.890500157485976006e-04
6.271788861408215737e-04
7.775344705473051943e-04
6.414642082376156374e-04
3.544429581873077156e-04
6.617131441386408814e-04
2.445968440801641469e-03
6.086933885219909628e-03
7.640102114753942420e-04
6.421170269555700376e-04
1.896174415388247707e-03
7.078072809009806118e-04
7.349139401475606207e-04
3.752680820127080388e-04
7.797224402305835949e-04
5.237841591743430973e-04
6.477850230275325775e-04
5.986113934669425995e-04
5.644278057560763850e-04
7.481132984392141081e-04
6.456204639769621938e-03
6.558919159378977107e-04
3.735698112095635261e-03
5.876454151282580786e-04
1.099421093694550287e-02
6.367076741815742022e-04
6.708444206584790546e-04
6.284204567635727967e-04
6.169687884122993871e-04
9.079822738855123547e-04
6.049426275030371850e-04
1.974001551789197201e-03
6.155441358803117637e-04
4.530418058451893531e-04
5.754106990003254440e-04
2.316268884413293268e-03
5.493016221745719314e-04
2.371060687345222760e-03
5.800737333779875304e-04
2.091827848562796948e-03
3.291038573312221951e-03
6.349148156279333429e-04
6.740332352840205541e-04
1.205835847182733841e-03
2.462848857008747942e-03
2.571684519454550200e-04
9.128949753258406305e-04
3.227392565504153855e-03
1.516355964905852964e-03
5.382245051804497235e-03
4.612132401527097069e-04
6.625721002002462647e-04
2.180010666498046878e-03
2.083941449150843866e-03
2.617613898634132573e-04
3.217999605369705461e-04
3.552134833957142687e-03
1.207665439779980789e-03
4.068656066230382754e-04
6.113307237577600937e-03
3.761192009512418204e-04
1.403438812425279085e-03
2.449339786196839865e-03
4.837467906667895952e-04
2.267487315127458629e-04
9.443565672526316223e-04
1.165530210486518314e-03
1.088352408753155785e-03
3.024408041036355760e-04
1.283996568749120422e-03
2.183231582178363564e-03
4.430967212005509676e-04
3.426380828220184846e-04
5.610564026380799848e-04
1.555335528775377788e-03
3.499169119890356973e-04
1.859463105112534943e-04
2.377265102718636699e-04
1.843956272109980275e-03
2.255542590086364945e-04
3.114128401211476230e-04
2.261985277335072219e-04
3.726108192703191189e-04
4.923173931657871816e-04
1.592859440367788205e-04
2.060841362471555534e-04
1.076851131368865852e-03
9.592179725168563809e-04
1.172790162721898399e-03
4.211796216176804395e-04
1.344100302020548744e-03
7.801595324631042027e-04
2.096045750173386837e-04
1.070543705302198778e-03
3.671126224913669970e-04
4.110467690023791713e-04
1.884645704846737730e-04
3.821686037254767767e-03
3.015599837200363823e-04
1.433531826221346372e-03
8.039293908108800703e-04
3.593270874015705159e-04
6.852579581156985301e-04
4.072578474885930368e-03
3.106450849483202606e-04
1.164039885269268224e-03
2.893091269597595637e-04
2.166964641905030659e-04
1.083574613433690905e-03
8.201073095249179767e-03
2.730634959743530972e-04
5.072100011660736572e-04
2.855053537102109399e-04
1.739602221107916947e-04
2.852916171035480204e-04
1.020457282482932233e-03
2.812545309533433452e-04
1.651638213324245399e-03
2.774968719175147655e-04
5.754384700599486820e-03
1.522891926330271779e-03
4.304992552174814659e-04
1.116625300474529368e-03
6.095739887310097985e-04
3.400069385996442521e-04
2.057687376047727997e-03
1.790369564558216733e-04
3.591212855672136538e-04
2.462426257306497271e-04
4.669915604652050503e-04
2.648434458303062242e-04
1.131309443298479786e-03
2.447349381724814115e-04
2.303704123253726350e-04
4.609473615612229270e-04
8.614570097848581881e-03
2.814647763160479997e-04
9.098570559494224223e-04
2.392687547041340670e-04
4.805130473718372051e-04
2.536273997821531585e-04
1.124546861169796203e-03
2.578640431832493582e-04
3.123887055760158748e-03
2.384279132475770207e-04
4.110496134112105911e-03
1.982963101630009009e-04
2.519309179281714432e-04
1.342319746967678270e-03
2.473281287300225736e-04
1.864126172037261194e-04
3.614110747998681896e-04
2.894686715679722672e-04
1.194379746406587983e-03
2.221836604797486488e-04
1.566305328809201695e-03
3.662738014498505279e-03
2.681197521108316076e-04
3.941530160133086317e-04
1.330809570090811219e-03
1.457199869984202468e-03
1.831784703175074304e-03
2.286070594094949577e-04
3.018669924626303340e-04
2.276762262362761120e-04
5.344013666048305806e-03
2.195960173714084460e-04
2.246440951350653250e-04
1.170869139991264214e-04
9.685130595100091729e-04
3.524220465265726012e-04
1.568777704849657305e-03
2.343101280885156491e-04
1.610214086898141246e-03
2.225205486322371382e-04
1.668733575498524422e-03
2.836104786875902426e-03
2.133370571618328510e-04
1.396036702683934661e-04
4.955842987358040179e-03
2.560396219325758124e-04
9.420509047683763709e-04
1.517796479026918631e-04
1.706415634000561657e-03
5.530878735344671579e-04
3.555702223696423359e-03
1.970382181493974107e-04
7.644443459613888513e-04
7.409007984396722996e-04
1.659227165560797591e-04
1.874900498142719927e-04
1.754558487730959490e-04
