1.011668901821061839e+00
5.928427517334172725e-01
2.237879061933165659e+00
2.397736898935134864e+00
2.156166423776638030e+00
1.910241251307323029e+00
1.659226390702789322e+00
1.462516138444626579e+00
1.277234614633164345e+00
1.148865885572041279e+00
1.026211003630680407e+00
9.144768152395971184e-01
8.190333410730337160e-01
6.890360727269425611e-01
6.586412062439135351e-01
5.974946279794101089e-01
5.298112960060115117e-01
4.880190778359961845e-01
4.232536129602115782e-01
4.010304355804946153e-01
3.720617148664275287e-01
3.304030003121659620e-01
3.103965851338001958e-01
2.915141593652723073e-01
2.594251203349219326e-01
2.473158620393003937e-01
2.348689235415914178e-01
2.062578905351103442e-01
2.015305587752087568e-01
1.933418198492655171e-01
1.674653806758929775e-01
1.670268451097376983e-01
1.619604638902075733e-01
1.392220849802799365e-01
1.416177536741138054e-01
1.384325204960000222e-01
1.168877516049579013e-01
1.208351555241096581e-01
1.192337284282811577e-01
9.823951718002463251e-02
1.046584443108360823e-01
1.042718306990812055e-01
8.192650677894983136e-02
9.146147810658747379e-02
9.194006625986114734e-02
7.369965125384687898e-02
8.004233212585633306e-02
8.165864125241403815e-02
4.225325305952756100e-02
7.018932280739013929e-02
7.295560244535193029e-02
8.736661623903725638e-02
6.274952481786165437e-02
6.601812306280142872e-02
5.352282458618129457e-02
5.656097763785730703e-02
5.994608515872162230e-02
5.942298486994666146e-02
4.940980308772054824e-02
5.465622557343552401e-02
5.651517825621465291e-02
4.681711850135719666e-02
5.053949879124317729e-02
1.885215039605647389e-02
4.504534085366671686e-02
4.683624400083409578e-02
1.372677117065574867e-02
4.196757737722989212e-02
4.316314124368973021e-02
2.750729985731121402e-02
3.771812272460307175e-02
3.972686111614711496e-02
4.950248916136492511e-02
3.571852567179111676e-02
3.687462610167195620e-02
1.628007938146142433e-02
3.331692225740145313e-02
3.387417878262890397e-02
3.868205255407394100e-02
4.337025838051349058e-02
3.013479105777220821e-02
2.987360143068394994e-02
1.948145689882190695e-02
2.898229166687129807e-02
2.328164489041145008e-02
2.752571911289190126e-02
2.382767286142066857e-02
2.562778868123393589e-02
2.557034667986901599e-02
2.942304417924585663e-02
2.416855859929377057e-02
2.373100049869538916e-02
2.178039449165737954e-02
2.235101363415200118e-02
2.204622943666468063e-02
1.737714006840171410e-02
2.093244120292116553e-02
2.098686243093795048e-02
2.003161041806836989e-02
1.924665726987693712e-02
1.886917655736138760e-02
1.861573248993299290e-02
1.716220768266801117e-02
1.775743785419096887e-02
1.734338979848450840e-02
1.631205930469650442e-02
1.660764312788370542e-02
1.627181900191267128e-02
6.415712649497378253e-03
1.537572827100224145e-02
1.516013877013950954e-02
1.577764105366812400e-02
1.465389133589034901e-02
1.253220695047633712e-02
1.338790070885490478e-02
1.366652656335525309e-02
8.983512751007409827e-03
1.296665751559601849e-02
1.257636956136694642e-02
1.537935326186926945e-02
1.229195905224560008e-02
1.043520285624433344e-02
1.179423068987698123e-02
3.748534160541025333e-03
1.164653897487478822e-02
1.100681461886507569e-02
9.332057872774255150e-03
1.107196847519890427e-02
1.190115084443431510e-02
1.043047569583419043e-02
8.954194800004991461e-03
1.010637108141557682e-02
1.173299007064383150e-02
1.120604439699852094e-02
2.468851933970024354e-03
7.428484846116690556e-03
3.582333396391761040e-03
9.077216513107408055e-03
1.121606544234667914e-02
8.725756543058503859e-03
8.548854654951244109e-03
8.530433994434113640e-03
1.172412580469990584e-02
8.247920412077568847e-03
7.640736951533846910e-03
8.470961847802970998e-03
7.809687550872111868e-03
1.253096683726920811e-02
7.987576502669164677e-03
7.382031678516760842e-03
7.412759991125993445e-03
5.935665609759789227e-03
3.720478557242907786e-03
7.007230842548209729e-03
7.006518347662069914e-03
7.066421216259007911e-03
9.552179499216205752e-03
6.009545691006390813e-03
7.948122425570830485e-03
9.783832423323519586e-03
8.792293837703213724e-03
7.296832179909435931e-03
5.409494960847512600e-03
6.449889104110140964e-03
6.196481984605334108e-03
6.026877692817012890e-03
5.781887819205959456e-03
5.813361695388542284e-03
2.240505474086092186e-02
5.769846876397843535e-03
5.877961907483728043e-03
5.558040938872099192e-03
3.026711157994778356e-03
5.425854252737867880e-03
5.060967985352100677e-03
4.857295645987793828e-03
5.185380788767115709e-03
5.713372619659428352e-03
4.951006983483574077e-03
4.811407845368485467e-03
4.270596301649044052e-03
3.341878852416640695e-03
4.448718371905354546e-03
4.355491635722268627e-03
3.639256790504078430e-03
4.302255802396456191e-03
4.184360427242630846e-03
6.157758420186715438e-03
2.092941979190782349e-03
6.082721965840454624e-03
7.412604421097450901e-03
3.625701452746962154e-03
3.547870324008648314e-03
3.228389061334407083e-03
3.445197544452129751e-03
3.096269744465518763e-03
4.398633336881532969e-03
3.169797450328740683e-03
4.309847254051376621e-03
2.107503373568404663e-03
1.505100393973587969e-02
2.958202642397411361e-03
2.522648712313589787e-03
2.124873513626932432e-03
2.877695560500438589e-03
3.975022024576015632e-03
3.800059927657171727e-03
1.742874953938499186e-02
2.450625711607797106e-03
7.045377651534350145e-03
2.000768872917836096e-03
2.074039182367678862e-03
1.975891116812949089e-03
3.240125836067619166e-03
8.422928975748847705e-03
1.801840239415294313e-03
2.095092783442779622e-03
2.559507452182594681e-03
1.768437620950799984e-03
3.084552691696092284e-03
1.608495338143863321e-03
2.929898985897933829e-03
1.536791438705456536e-03
3.191939969978646856e-03
1.943319345184018297e-03
7.594522099465804768e-03
1.307443554466865797e-02
1.433986595447139453e-03
3.042305789418873075e-03
2.326404805675725586e-03
1.126437498362960025e-02
1.432463638313517416e-03
4.238997656745562004e-03
2.393744751306569642e-03
1.485410783204822770e-03
6.325545605713288680e-03
9.699537687318127155e-03
2.792597528411300354e-03
1.613046642564128783e-03
1.300242134737122912e-02
1.543958474622552854e-03
2.407457771762653784e-03
1.563942662144334394e-03
1.913930408283125943e-03
1.596931685453977434e-03
2.110283437571035953e-03
2.028521167747495291e-03
4.951175624423487243e-03
2.782993846269530246e-03
1.388201472007911767e-02
2.102968337728194567e-03
2.137588083202197464e-03
1.676252622570957931e-03
3.190814455519477757e-03
2.104812127192383104e-03
2.330905745803801398e-03
2.007900781358196423e-03
1.543282585389149988e-02
2.768956211918801018e-03
1.047717387184026946e-02
2.498643257071397200e-03
6.381379255899701126e-03
4.748238975997419280e-03
7.262751494917835463e-03
2.709860242217191750e-03
3.192859293287213674e-03
7.986464620349615837e-03
7.375252438318214733e-03
2.782335510113349061e-03
5.999165271387342166e-03
2.850462550696086176e-03
5.118660953975533688e-03
8.091616946582256414e-03
4.403749700477437544e-03
2.943816432970682885e-03
2.954681856265965918e-03
2.832892508392876457e-03
3.330398255868003907e-03
2.679341642426924606e-03
3.158457860333957652e-03
3.131174198266937179e-03
4.301564597287018364e-03
3.407309805365018023e-03
3.239815532493751406e-03
8.320347165960483710e-03
4.434199553943995488e-03
3.494504445732699287e-03
4.913482492431234944e-03
3.437408334494146227e-03
3.976903265492364586e-03
3.054990251768395244e-03
2.801902693989073018e-03
3.647195748177506705e-03
3.919552333623672717e-03
4.599587633222130580e-03
3.333744795268347733e-03
2.765018844390473504e-03
3.291489092659523157e-03
3.685084272075307959e-03
4.207216511573767456e-03
