9.804182470605826705e-01
5.937070835677523695e-01
8.561341738667589407e-01
1.658041708778594137e+00
1.513618359183924733e+00
1.365297523709191552e+00
1.224966906870297967e+00
1.082510292245938865e+00
9.433319133550983615e-01
8.143150236112945972e-01
6.992558465542060286e-01
5.995005480058857028e-01
5.148249902069322870e-01
4.440164118095235590e-01
3.864973581439574146e-01
3.361429586488700050e-01
2.968508916672712439e-01
2.625183902973254879e-01
2.362241244148169939e-01
2.044884672016857585e-01
1.926155007802460573e-01
1.770171592450159037e-01
1.532511772744104273e-01
1.483113246475361302e-01
1.382121719292743189e-01
1.210229265580201746e-01
1.168072692491124026e-01
1.101549418491926530e-01
9.568507130211674483e-02
9.402459593571831087e-02
8.970194384497336137e-02
8.075183626979932916e-02
7.801837152923675467e-02
1.003354044087319957e-01
6.615545420124613329e-02
6.537729048426112188e-02
5.976781392909408241e-02
5.574224020537696389e-02
5.413563859926172339e-02
4.246037883119380824e-02
4.884237593214627027e-02
4.495479947982071456e-02
3.892783701702764998e-02
4.270904613071941497e-02
3.875533294835780546e-02
3.876179145080335675e-02
3.499397042642259092e-02
3.661929094192640372e-02
3.123844419250827384e-02
3.132733236808058624e-02
3.578594980471307141e-02
2.939012835258553516e-02
3.024061684904708405e-02
2.694056113609946332e-02
1.861185962199191773e-02
2.670096638756470214e-02
2.828474801442175390e-02
2.164527948801373350e-02
2.421772173212237075e-02
2.184751160518303564e-02
2.160389252564058268e-02
1.978227158671008734e-02
1.964994060276582799e-02
1.966392048929150108e-02
2.150537706975141558e-02
1.766235384945690975e-02
1.689605791920268871e-02
1.826763081878159112e-02
1.631696965442642686e-02
1.589745331263342151e-02
3.713775761791736785e-03
1.652858367575191917e-02
1.612960437604144329e-02
1.144792501220705770e-02
1.209054264890510426e-02
8.081566970762964902e-03
1.463715303614799602e-02
1.310699197723220848e-02
1.356082610506150615e-02
1.276466252889536281e-02
1.163300601898180700e-02
3.398530224242945260e-03
1.224766778899531727e-02
1.013190442768165285e-02
3.981128996836167874e-03
1.125119876060351985e-02
1.016593747838911294e-02
1.086048349918312082e-02
1.230816207421180954e-02
1.052635156885594302e-02
1.619857718332170030e-02
1.017130562708516532e-02
9.417982153145805155e-03
5.121966350677034652e-03
9.411707741830848545e-03
1.007294314998733245e-02
4.175262424741606367e-03
8.514504372192014184e-03
7.969099959577485501e-03
8.349008488150443455e-03
8.549357195576120019e-03
7.783126568351748931e-03
2.074771184208025997e-03
7.843595870848917365e-03
6.043324298761503476e-03
7.321447739118478251e-03
5.903258019810053540e-03
7.521065119958999720e-03
7.259742191641243257e-03
3.141226568323750475e-03
6.845789099618547480e-03
2.050973291798947884e-02
7.078133632052359576e-03
6.642631907738547926e-03
5.799047019881157367e-03
7.151940336956798261e-03
9.114173378547569745e-03
6.087057463672844795e-03
5.082518159288559184e-03
6.291448398668806133e-03
5.854576984378642192e-03
4.413713401979499698e-03
6.098567963196627542e-03
6.117648274630232454e-03
4.455061554092394974e-03
5.534018221497013362e-03
7.395270246029135228e-03
5.693159636280123795e-03
4.777527065921750860e-03
5.688919936990268975e-03
3.396545312104658904e-03
5.447212094485309221e-03
4.471305706187773260e-03
1.267149380257412330e-03
5.350310394338347181e-03
5.476895895908076746e-03
6.160295429259373366e-03
4.709667891410813934e-03
5.121529730109776989e-03
7.374600366697703704e-03
8.288301694788287322e-03
5.093685499061766445e-03
4.806878726687032269e-03
5.809832660998908403e-03
5.085459752489073296e-03
4.880976272783531418e-03
6.132854208163609046e-04
5.596929342718525054e-03
5.234098293751266763e-03
4.862367545677819154e-03
4.194505219770303800e-03
5.355251274186138312e-03
4.905442728519482029e-03
5.724897865546655674e-03
5.280758844579159193e-03
4.107663387427286546e-03
4.712978620989819074e-03
5.170105143649546611e-03
5.108753495676160439e-03
4.607445900706334981e-03
5.102223452412213076e-03
4.983608647673556762e-03
5.574877219470672322e-03
4.862496907423793230e-03
5.171923602485684751e-03
4.728123731489520740e-03
4.778748379399325522e-03
5.032500849205225751e-03
5.306932254581560142e-03
4.949709820855955310e-03
4.786330837875803559e-03
6.292607605348841775e-03
7.316041214583619660e-03
4.754460302767406915e-03
5.059740992450036286e-03
5.208234826615074087e-03
4.696322964076179302e-03
6.955585717569480637e-03
5.130316194075993340e-03
7.789629740997908169e-03
5.878055430007167112e-03
5.328444505260246725e-03
5.080068837298834517e-03
1.982377267229822049e-03
5.198940985323727108e-03
4.021268908781555802e-03
4.721148973262086906e-03
5.007610312693117939e-03
4.445493755189195914e-03
5.396116260718704719e-03
8.600748049543509993e-03
5.449034648256941352e-03
5.031144338279839451e-03
5.276860700661597722e-03
5.434658095166227526e-03
5.029684840673305686e-03
5.164776261945535837e-03
5.332675776161387160e-03
5.885330855036822843e-03
5.491900537220347281e-03
5.350175096069524280e-03
3.400382458424349667e-03
5.401220419976738261e-03
5.990618493927933781e-03
5.581043734660629148e-03
6.003845571030364328e-03
5.543631595213736191e-03
7.439015478845728904e-03
5.709569272941222851e-03
1.522466515134088781e-02
5.033259723955430323e-03
5.673002298138319494e-03
4.886358670727481736e-03
6.939010036217374382e-03
5.665750428697434969e-03
7.047497232209594224e-03
5.803704126932938794e-03
6.288551641477725836e-03
3.922310495240896935e-03
5.800708502663004008e-03
5.331580776976099605e-03
1.408698850656444311e-02
5.855496119533046620e-03
5.552702249025018126e-03
1.898234691180652588e-03
7.050548730079116318e-03
5.964941102737981830e-03
6.132190150976096245e-03
5.503818482487812455e-03
6.074979803461571896e-03
6.312822241871754447e-03
6.008034624464018460e-03
7.960240223690897773e-03
7.311403708312297876e-03
6.059628435285348627e-03
6.917896885691077538e-03
6.127650699691856648e-03
6.122984888243992833e-03
6.156934874393557751e-03
1.632572816962582149e-02
6.380881748572917768e-03
1.232028534841496034e-02
7.087018981712766251e-03
6.234460987738628564e-03
6.274603977856174630e-03
6.540256580947144925e-03
5.868251959596889472e-03
5.353600750784774653e-03
6.443293551938915689e-03
6.217701160714406150e-03
6.328453264223113384e-03
6.497301521015739698e-03
6.172791182588182810e-03
7.732680863043806148e-03
6.487613701714329585e-03
8.949874990454497956e-03
4.401220183607276910e-03
6.415466118737252546e-03
6.615209176928430607e-03
6.544588215352102091e-03
6.539302895876717737e-03
6.624621024858041649e-03
2.250534281570366196e-03
6.459662840747523380e-03
6.129279148914394335e-03
6.461948074886143638e-03
6.440920233904170490e-03
5.410873538722361063e-03
6.521598553477574514e-03
6.782083132602774629e-03
7.686162223542910600e-03
3.701864060916469374e-03
6.521558943050201514e-03
6.932277642401906553e-03
6.216070275398883141e-03
6.402419654789747068e-03
6.824111949987197306e-03
8.035013073423144872e-03
6.461556696852978343e-03
5.427095900550951355e-03
7.045994947057392446e-03
6.580809370285480193e-03
8.504817921696095767e-03
6.904374284093705606e-03
6.686354201568860817e-03
6.478881690066165371e-03
6.937769123397906357e-03
6.795306360265954311e-03
6.545775187522575797e-03
4.949382058093892110e-03
6.868726810487735430e-03
6.532962052273394611e-03
6.829830902886752618e-03
6.878625169388355096e-03
7.076446760206188923e-03
6.425879246634623107e-03
6.260592263047005772e-03
6.760474904679661737e-03
6.530309153063602358e-03
2.135764199873843670e-03
