1.012747096667420355e+00
1.074267312750176284e+00
1.135199775144343448e+00
1.301778411293016635e+00
1.266808626311563213e+00
1.452294497243114657e+00
2.251327251956543929e+00
2.100254427235453303e+00
1.880689049711481209e+00
1.561116087458684021e+00
1.205803671854637438e+00
9.739450858643037279e-01
7.929288676026770011e-01
6.039662899192393963e-01
4.743821834780633795e-01
3.387537758669839083e-01
2.331691235818546815e-01
1.466204169169544325e-01
6.913341976456331694e-02
7.595759685103220527e-02
1.319473920936537759e-01
1.965972532031360076e-01
2.536141016742123333e-01
3.240891749048176451e-01
3.439787003208694682e-01
3.889040637528230482e-01
4.055969117742648233e-01
4.224901032384303368e-01
4.211740039492428145e-01
6.381975447254502054e-01
4.282021871231521115e-01
4.176085327484938547e-01
3.932929631092522693e-01
3.721040636307095251e-01
3.531794863524294614e-01
3.071433032071626545e-01
3.362155699465484426e-01
3.260703715232666222e-01
2.650903737041650499e-01
2.607677618600848235e-01
2.940118204784570310e-01
2.040076004993641723e-01
2.216053633574000814e-01
1.758118436085137626e-01
1.461976796005159673e-01
3.414499117113817817e-01
1.316513440736677698e-01
1.125960332809816528e-01
1.701287613388536846e-01
1.235778357898738716e-01
1.038084144993873664e-01
2.518199354797934220e-01
6.411569002277260620e-02
6.623870014080597557e-02
8.147580501108600548e-02
1.277145530133455276e-01
2.848008528340538748e-01
5.511894998446387889e-02
4.765466693229241518e-02
4.895952119535315616e-02
4.725439658197484044e-02
4.395054871104238370e-02
4.022210305702424160e-02
3.766650484110821429e-02
4.657131135867292882e-02
2.012065956717412896e-01
7.510803774297276914e-02
5.153712674809116795e-02
1.106935986471180161e-01
4.124489723422747334e-01
8.254727801216790728e-02
1.994964378440602648e-01
9.840052723896342002e-02
4.761823437674625459e-02
2.491812473833552102e-02
1.254654819054151216e-01
1.496899396667949189e-01
2.674793937467354610e-01
3.311325453662875007e-02
1.924729917643994148e-02
1.515526635978257652e-01
3.420235868091177356e-02
9.982463568062104053e-02
2.720255614252824888e-02
2.721550851910723920e-02
4.509922879154341924e-02
2.292374564912710508e-02
1.294633461723890822e-01
1.281980830573489494e-01
9.652892583588988662e-02
1.515024535186708932e-01
3.124043699014562164e-02
2.428878393568643587e-02
9.920628445053873701e-02
1.657620333634726162e-01
2.555077084062808840e-02
7.108885469428778692e-02
1.729851540324108539e-01
8.767540676922978837e-02
1.198777255127152080e-01
3.511712762805025562e-02
6.978221699617313811e-02
5.242291384075289246e-02
4.277847908519406828e-02
1.149727448040630262e-01
4.166307143421286996e-02
6.824440720008989603e-02
4.788627521118404146e-02
4.227530450757948505e-02
4.372853690807119997e-02
3.813336317846859752e-02
4.180388429665539418e-02
6.963344509333627141e-02
6.896504166919664724e-02
2.284142548662535799e-01
5.193708700289138835e-02
5.811323814602357973e-02
6.151405719602752453e-02
1.688839542625155399e-01
2.241104263505561411e-01
8.112770390003354315e-02
7.922855952450709449e-02
5.769624057879496615e-02
6.331271444459887765e-02
8.784436283718188854e-02
6.544357707996251161e-02
4.277455314458623176e-02
4.994572271992855916e-02
7.775960078544336129e-02
4.884852004364410166e-02
6.185567966088330316e-02
5.954685946713882821e-02
1.345446891019446978e-01
5.889161609013075782e-02
1.843402502675471621e-01
1.484385139671412779e-01
6.721889321780741278e-02
9.725410235695931827e-02
5.790199263554416526e-02
1.328819639952039944e-01
5.227080429645030585e-02
8.039209366299049364e-02
6.652777575980294011e-02
1.262995769919101896e-01
5.184912165357524055e-02
7.268758579908680961e-02
8.570158334478036877e-02
1.192073679706642242e-01
1.409296198533207256e-01
3.156048751709171207e-01
3.571221664444343968e-01
9.266160847707774484e-02
6.861451833665223321e-02
1.329969057052398651e-01
8.216727936169665458e-02
2.002472582269043677e-01
9.218517042533272421e-02
7.908874013900722699e-02
9.220487263422826041e-02
9.315650647413634133e-02
5.915912580396812115e-02
6.306000091775411376e-02
7.546378733973167774e-02
9.674382553308268073e-02
5.862050229119723788e-02
7.075066097805679521e-02
7.488949898422149476e-02
6.108743819803459651e-02
1.415042092883963543e-01
7.191646540381177455e-02
7.300593245311536028e-02
1.088012731905180497e-01
8.574568894220920001e-02
5.866319623740926664e-02
5.427421606221494860e-02
1.696583370022621828e-01
1.072836934696855538e-01
1.656385500106999920e-01
1.526314649090295406e-01
7.161546721675729477e-02
7.142545837503731787e-02
8.382896082081003897e-02
7.486686682614911159e-02
7.007194875755652641e-02
7.080514117558522891e-02
6.776498609846125232e-02
2.328174366958531138e-01
7.042127445077391024e-02
9.809210546225491378e-02
6.763958406365813691e-02
8.331672959955865876e-02
9.975020524469115080e-02
4.359264459715535278e-02
6.099914817276458345e-02
6.925256005132381099e-02
7.250203768868297705e-02
3.409725675385253535e-02
1.543717016308892853e-01
2.227368056826807899e-02
1.124842515081940220e-01
9.854816446628858473e-02
7.475632921705564760e-02
5.483436102324427269e-02
8.116252585862708535e-02
4.664793280217029853e-02
1.419151864031994725e-01
7.189606578951944493e-02
4.815513898131170561e-02
6.007022025306153756e-02
1.040413107194174680e-01
4.933864930182198932e-02
6.782486736547263528e-02
6.987792598233018293e-02
1.296819580248534109e-01
4.741837530056567523e-02
7.127948252192144174e-02
6.957525212017229288e-02
2.186988096781620483e-01
1.387624965793400889e-01
8.184664834239670228e-02
2.391653897608240487e-01
4.297839914314752902e-02
9.803717997110865390e-02
7.596563550574607360e-02
6.643871498298729861e-02
2.420371685303581710e-01
1.596339950065944480e-01
5.667236256687364221e-02
1.503211355531246518e-01
5.821798461085314624e-02
9.844622863839203042e-02
6.022640264746229738e-02
2.003234397032370162e-01
1.883625395348451359e-01
6.862473716209295527e-02
1.831851182287853874e-01
5.309120211373929976e-02
6.934913151065311143e-02
2.587591361696110481e-01
7.594494418708386263e-02
5.824599148818357386e-02
7.355942280302900371e-02
5.250483359633226904e-02
6.225506583505682062e-02
8.051693193551376360e-02
1.561870945817070144e-01
1.726801179302983325e-01
6.712697112571480718e-02
1.913582624281025824e-01
1.081187681414864238e-01
6.976649038166812811e-02
4.882994910458270110e-02
9.288922983607671158e-02
6.318263359985538952e-02
1.429325476365913838e-01
1.320599151285395678e-01
2.379974795165048229e-01
1.203112880632677961e-01
8.374423171316630610e-02
6.140962652936022420e-02
7.750657130282337381e-02
6.906263059713277364e-02
1.649162718590121424e-01
5.233013257308984090e-02
6.323312067913132439e-02
1.979564043794784789e-01
6.416103308470455513e-02
9.290118240511295589e-02
1.091537907573679467e-01
6.686944322953942976e-02
1.599623769443999088e-01
7.097227671337630328e-02
6.594571640938133583e-02
1.853462250430134017e-01
9.451827108383328846e-02
4.980401526104971666e-02
4.162751335270174075e-02
1.445682850132236075e-01
1.710594925464044014e-01
4.313476777625750713e-02
1.003277767485007410e-01
1.383698336912290439e-01
3.233203442618053924e-01
1.049721907096105161e-01
4.838064538889254307e-02
6.490971019980514012e-02
5.583227305441394728e-02
4.144689739784249843e-02
3.538802248499837988e-02
1.389365086980546005e-01
1.751419119601178020e-01
6.271097124042260273e-02
5.357749384947945587e-02
8.121281107954012035e-02
1.662380560350095737e-01
7.361262504079538194e-02
8.588481011272920684e-02
4.499259662775126345e-02
2.080137227031018943e-01
1.346281499148894445e-01
