1.062332775052072797e+00
2.105531356259261744e-01
1.334378957364429130e+00
1.238723799784999136e+00
1.066933345532873778e+00
9.482599806697432632e-01
8.274842297547693182e-01
7.167039606729739276e-01
6.132611159747552998e-01
5.224212774606561416e-01
4.333723945368105346e-01
3.591583242237110785e-01
2.943835248199332955e-01
2.385156714555701774e-01
1.918667698652954945e-01
1.512464253792014657e-01
1.230802775438231134e-01
9.303899450933383886e-02
7.555539936102309562e-02
5.706054091457806593e-02
4.587609805297104826e-02
3.545239804975216374e-02
2.971604356991461651e-02
2.501933175286450914e-02
2.019103077408485047e-02
1.819256218642132869e-02
1.456383688709745987e-02
1.344303252169783830e-02
2.263132561625620653e-02
9.503411376669122779e-03
9.778827695524409253e-03
3.021599276188234942e-02
5.327652696291228229e-03
6.814744543636096392e-03
7.068949577396480173e-03
2.802318169725323462e-03
4.671548559641290968e-03
5.502434339875218738e-03
1.166469954199232054e-03
4.140841621524393723e-03
4.771567163818483948e-03
1.096201212226274304e-03
3.848705112315626859e-03
4.301812869425595230e-03
2.707348057196050026e-03
2.412177972623226474e-03
1.385682325996481258e-02
3.155963979061057398e-03
4.375073615409102307e-03
3.370949137249396130e-03
3.406928289197363145e-03
2.556490923878365108e-03
2.933593466081614674e-03
3.163871127291056125e-03
3.683722264141283884e-03
1.757684176907580191e-03
4.776260694017924781e-03
3.407666914693758403e-03
1.884869334824964410e-02
3.719765691550167269e-03
2.523084325174508938e-03
1.682603937103825924e-03
3.854566636748044724e-03
2.866500291232134887e-03
3.965226540141233470e-03
3.256212702132390939e-03
4.120107197290725880e-03
3.981711560468464799e-03
3.423799542066428576e-03
4.055541827047044745e-03
3.385353043696418679e-03
2.481613516315386847e-03
3.708599589540892590e-03
4.001498906478407128e-03
2.763247815888494278e-03
1.027554068189786250e-03
4.015107294273810579e-03
2.969550211389007915e-03
4.246361002918547060e-03
2.765589555131797890e-03
9.537565104490135096e-04
4.006629735719666879e-03
2.060765190345635253e-02
4.749186102999379717e-03
3.920499012451081865e-03
3.824096924992029939e-03
2.524096882187432458e-03
3.947392535257296040e-03
3.590150297263418593e-03
3.877616263543409280e-03
3.537852239954049002e-03
3.751080873435852676e-03
4.374273554951903578e-03
3.877135509812106463e-03
3.354145864365267946e-03
4.037971319392579667e-03
1.143518611957215943e-02
3.993359584506271653e-03
4.766582424255024451e-03
9.101872903135012306e-04
3.532742337494178611e-03
3.838984185226541283e-03
4.125379276417534026e-03
3.935002953010486443e-03
3.952200393423431317e-03
3.696476564984083144e-03
4.939616950704415338e-03
3.857227555946838009e-03
3.768722909935019218e-03
3.505054474139380604e-03
3.698786222236748449e-03
4.122919037733627050e-03
3.941177782250120283e-03
3.658972199040118074e-03
3.789038488453642765e-03
3.866202954096290695e-03
3.738523898535251085e-03
3.275561238239334694e-03
3.770220123458887553e-03
3.935336676994496269e-03
3.107868386290884438e-03
3.721523455343963942e-03
4.685786386924540095e-03
3.879720793769533306e-03
3.875551402426180136e-03
4.162066053307488488e-03
3.783416342321731241e-03
4.859432527151499003e-03
2.989592077105213391e-03
3.786585455999706609e-03
4.594090885470972913e-03
3.958769671109730291e-03
3.872856958818955697e-03
2.767750929564776526e-03
3.925963551239861245e-03
4.132521962973513541e-03
3.872671646261142530e-03
5.193126062423053871e-03
3.559993952166095547e-03
3.984864040979120559e-03
8.578420036348703356e-03
4.129655441807248209e-03
4.009174860297710571e-03
1.287633228305803089e-02
4.122197487098180554e-03
3.889643035893183744e-03
3.705525196954388006e-03
3.911262824129286934e-03
4.323435856160876174e-03
4.015825528921619821e-03
3.709939838675937063e-03
4.619414096396811178e-03
5.819528313689894400e-03
3.938021524965638551e-03
9.766539083327968520e-04
4.167782463211652279e-03
4.588666591526804027e-03
3.809346149525652623e-03
4.203624063632172871e-03
3.960390227600084009e-03
2.214240004992333501e-03
5.312298041857090730e-03
3.011663038090736655e-03
4.039189642607838790e-03
5.780605616301773796e-03
3.912671404470863430e-03
5.669215688939773304e-03
4.035232411723740746e-03
5.201225457328876450e-03
3.536406870367654869e-03
3.974599799792736046e-03
4.952538773690053249e-03
4.037563301581225360e-03
3.282964264126555891e-03
4.078687814724258655e-03
4.028803740151405514e-03
4.390678677172683668e-03
7.631042756093870012e-03
4.085855655640281865e-03
4.011796015495435429e-03
4.388028811983270966e-03
4.061265420800966655e-03
3.717979577106916237e-03
4.719887518909335507e-03
4.015931953913802477e-03
4.312180195608747608e-03
4.124466189909357580e-03
4.111640220789146254e-03
5.237421206956123163e-03
4.154581699131136736e-03
4.448499584891091145e-03
6.297144486384682709e-03
4.107391782512900130e-03
8.064985314582490475e-03
4.161334440546250561e-03
4.136504411896483983e-03
4.061033355680344903e-03
4.436249164231807589e-03
7.398069003108375709e-03
4.024183113244530693e-03
5.686350352212241749e-03
4.106021905506872238e-03
6.343135309889133197e-03
5.257034146498516282e-03
3.817427847135625076e-03
4.313732925915096141e-03
4.158268090043724767e-03
5.112530172106929081e-03
5.867796154115778942e-03
4.083671837134188014e-03
5.195943194784547609e-03
4.539200527897392645e-03
4.014003881059095835e-03
4.169155573613800465e-03
5.187303530724481603e-03
4.067448689939690866e-03
4.614500703827165498e-03
4.134512512031902030e-03
5.921744375848912376e-03
4.083562513643417512e-03
4.058167359330497326e-03
7.357409471720991780e-03
4.056395345528888453e-03
5.130601406586581502e-03
4.124437040916894767e-03
4.140924463693112373e-03
4.413456966140548270e-03
4.246953637215916677e-03
4.057959978791439264e-03
4.013522135106232028e-03
8.219027335284829691e-03
4.145128883498460683e-03
4.782524866272497982e-03
4.005816443486740104e-03
4.529568484061561109e-03
4.046557229584049793e-03
4.360758082016010471e-03
2.966685646653763244e-03
4.118772322578127115e-03
3.985781034154182827e-03
5.814313988169164324e-03
4.049615013871197058e-03
4.041093642326572082e-03
3.972276490494738854e-03
4.098168821367734367e-03
3.631863559040365147e-03
3.982907127451775636e-03
3.077723860556472093e-03
3.998730253383193586e-03
4.168821752802540428e-03
4.148092909805302202e-03
4.038591788502912498e-03
3.965759305596934167e-03
3.212360199589409278e-03
8.217778568992622351e-03
3.976623776367269394e-03
3.637384776410609866e-03
4.025449397749774477e-03
4.121428294495659526e-03
3.925195002073834406e-03
3.945652578586198930e-03
4.577854730122419245e-03
3.915120081557951597e-03
5.020549968140304922e-03
3.942778120898307072e-03
3.984669910458055013e-03
5.168736731424700484e-03
4.030371117256749923e-03
3.918914722080114356e-03
3.954971684178405604e-03
3.509848386209514330e-03
3.951028200966814029e-03
8.698701357674852933e-03
3.730249557778733942e-03
4.025349098398068454e-03
3.876814802400813456e-03
4.844431700297092622e-03
3.744594637979133459e-03
3.919762430353079807e-03
3.761074522775327902e-03
3.967431496244449608e-03
3.302835290353640062e-03
3.807508612046610688e-03
3.816099055672835146e-03
3.757205084781104886e-03
3.854944705101722140e-03
4.427946721969950282e-03
3.850823716873373777e-03
3.066590979042900251e-03
3.814732271298757697e-03
3.600811311009722519e-03
3.893038873050422462e-03
4.772508465776258667e-03
3.827303499955381130e-03
5.668117545098515231e-03
3.857428497754983917e-03
3.607963623942177494e-03
4.850131341741158522e-03
3.784796910515384437e-03
5.275385549809650555e-03
