9.267531378493216732e-01
1.376599055400157257e+00
2.799147356661875197e+00
2.649093399682938443e+00
2.351348293815232360e+00
2.063572376936546604e+00
1.819761169628174580e+00
1.609937064408595075e+00
1.428031860283144550e+00
1.265451137881412835e+00
1.123461345826543001e+00
9.912650116403525224e-01
8.783839779359055022e-01
7.862117407434463523e-01
6.827694859698432150e-01
6.032397079702850329e-01
5.301558823711852719e-01
4.699233033168825346e-01
4.486474480877529203e-01
3.684408471347550562e-01
3.289651733422588875e-01
2.892164918389615869e-01
2.617739032558986656e-01
2.371644096741625518e-01
2.104243987872972121e-01
1.913461983570456382e-01
1.611141793350421014e-01
1.554083176355392781e-01
1.434318881239637911e-01
1.283074352629545167e-01
1.160276212878885299e-01
1.083794819548942329e-01
1.275014690193169153e-01
8.883218777009772860e-02
8.384288060613998006e-02
7.129639808873515505e-02
6.948416239060281607e-02
6.614662155047860981e-02
5.534160268442407660e-02
5.495365345136885710e-02
5.329727798597096167e-02
4.426969257877259867e-02
4.436626117731946872e-02
4.372043472556802479e-02
3.510723370454736647e-02
3.720444266980602738e-02
4.541451264955665562e-02
3.074165318001350136e-02
3.221102855033875639e-02
2.658033587605413556e-02
2.757110680131306599e-02
2.718068887624140034e-02
2.221612901655149047e-02
2.481963182896129716e-02
1.046163074944994609e-02
2.033178789831016284e-02
2.217674809310490186e-02
8.439522441947733267e-03
1.750633228044502082e-02
1.946661520962604877e-02
2.354980155522097898e-02
1.326986164948996613e-02
1.676867103791285923e-02
1.722897097652417026e-02
7.646689120858944297e-03
1.466482103503416977e-02
1.534425096061162869e-02
9.563460371001308857e-03
1.344348183531680375e-02
1.382983737753799153e-02
7.893668213992132560e-03
1.219253087314528528e-02
1.224247306665338444e-02
7.522419086133260921e-03
1.110668844742089371e-02
3.545600874944801473e-02
9.365555887237718424e-03
1.017500091274350579e-02
5.394443432620613446e-03
9.069412996748509037e-03
9.208842637058062622e-03
5.238604156030782916e-03
8.344360372882169904e-03
8.392653885278775552e-03
1.960904309410756424e-03
7.734195555138888116e-03
7.713264957842534512e-03
3.895799691778980590e-03
7.098746410805881896e-03
7.082651509641867474e-03
4.890222134809301367e-03
6.616823415474408325e-03
4.166845390052822257e-03
6.379342765898963694e-03
2.697294390744487801e-03
6.010994578834021919e-03
4.910146149877566736e-03
5.685115149683524390e-03
5.546921348284047232e-03
5.422452221897355006e-03
5.434358138406500914e-03
6.435723751410613383e-03
5.071820345646520407e-03
5.183723057048707228e-03
4.809495743288377465e-03
4.740326089443574510e-03
4.831432417857784052e-03
3.603233152028751957e-03
4.532021864232007799e-03
4.592379352100596675e-03
4.520975894874353432e-03
4.223593647498307888e-03
2.258729647579388669e-02
3.925241603603772320e-03
4.085905008959223039e-03
4.854460866671045371e-03
3.761464928233794469e-03
3.858931075881292475e-03
4.439697235278792370e-03
3.473574871342830894e-03
6.931496488555120503e-03
3.378670999713353617e-03
4.156584471110502665e-03
3.357564248482274635e-03
3.231445964711028400e-03
3.043562807010532709e-03
2.695341889117931593e-03
2.774501850675406816e-03
2.263710929847004890e-03
2.540541658906651790e-03
2.668119262951262807e-03
4.028988537118163155e-03
2.408628469364039286e-03
2.577407087026352579e-03
2.321509039729515930e-03
2.197766759269995269e-03
1.387864235733195489e-03
1.960493586386153394e-03
1.956223886465107038e-03
2.018082704935338437e-03
1.974405184333043444e-03
1.950668668225085094e-03
2.943754264060096520e-03
1.847685347303477162e-03
2.480868672282255261e-03
1.979567620750753102e-03
5.009030184217309195e-03
1.616196806245023950e-03
1.389371046588726288e-03
1.492790781598389224e-03
3.709184228951570728e-03
1.343543436996335379e-03
2.341379131449432705e-03
1.193785434049098254e-03
3.922731442821482221e-03
9.101510688903074065e-04
8.712475834582633812e-04
1.412279352219723014e-03
2.718221870649518025e-03
4.170120862239043436e-03
7.748579228430362530e-04
2.736401577421170624e-03
8.299530893510552280e-04
9.103195502486895315e-04
3.903940703891481401e-03
8.591704175105546954e-04
3.221776508184235124e-03
7.823344565290099974e-04
8.214053873215550238e-04
9.079174895119988082e-04
6.514481949551772198e-03
7.442849798869573871e-04
1.184312618833441169e-03
7.724486903092388224e-04
7.459472827297596942e-04
7.899887896089722141e-04
2.494217123821640403e-03
7.886440938384260907e-04
7.294411059756396656e-04
8.296271489128625000e-04
2.397655239906436569e-03
1.331560189197377592e-02
7.513325161629325543e-04
4.941758386192332542e-03
8.050810981483841940e-04
8.616729326314185580e-04
8.314744775787443615e-04
7.816277257246625641e-04
1.303529538721463158e-03
8.201892258574315295e-04
1.147520342107931184e-02
8.717059598158351718e-04
1.374001356599501358e-03
8.548608739859375879e-04
1.332102852030534823e-03
9.969052125656662107e-04
9.507029195500803871e-04
8.090082308416471791e-04
1.097495880962706628e-03
1.342614896376962243e-03
7.862973234574108499e-04
6.854408644393890013e-03
1.987220843150153040e-03
1.651899788085069284e-03
2.294135503209704038e-03
1.220733403252019121e-03
1.200364437692764182e-03
9.513158141540548236e-04
3.004270455028106197e-03
2.629038209590445901e-03
1.142031059262976593e-02
1.151984520115294144e-03
6.218991162554771829e-03
5.478693591573608433e-03
1.156886731911604656e-03
9.732878355964563744e-04
9.559959667681414098e-04
1.343240161283839468e-03
1.176865533644481715e-03
1.646908113601493759e-03
4.566762908872162678e-03
1.221922151507609479e-03
6.656510402583711190e-03
1.198806756040404721e-03
1.126655690237318101e-03
2.357962233809620875e-03
9.418485010277095676e-04
7.845890192802778412e-03
1.428860837118096092e-03
3.530016669169941217e-03
1.482151828402475217e-03
1.465208991366598800e-03
2.839115760171517008e-03
1.469790977071769311e-03
1.727969578830659608e-03
1.459500169221739129e-03
2.178643512623581677e-03
1.535713785615126304e-03
1.271186920713149923e-03
1.363872805188346034e-03
7.049598872749977124e-03
3.353688401253102861e-03
1.573039135199150954e-03
1.017197070165617306e-02
2.815387654895439885e-03
2.484883526223333802e-03
1.542231103715849304e-03
1.949320106276195138e-03
3.776444279437241903e-03
2.381805526905205958e-03
2.545283277134213328e-03
8.307622529487589808e-03
2.015370376653373690e-03
2.115066684124634628e-03
1.521473065602075821e-03
2.760767046829894905e-03
1.372000336210175541e-03
1.961738534120566983e-03
6.138702851186140022e-03
1.811454055548136289e-03
2.005280691380577265e-03
7.611231922556953126e-03
1.422366378689761401e-03
2.208953662402442404e-03
2.030781628518034659e-03
1.659456480584055966e-03
2.106750206448630876e-03
2.201660787953692560e-03
1.939870926921768730e-03
2.457213264121009544e-03
6.393245800907007906e-03
2.322333811843883562e-03
2.295727054419465039e-03
2.821414878864488083e-03
9.106820860978611168e-03
1.838451803965087056e-03
2.523592772361028715e-03
2.826535487237281583e-03
2.715588408682639929e-03
2.486991415429381461e-03
4.787889522797695793e-03
2.432528286656854711e-03
1.004811516058430262e-02
2.331884596490999603e-03
6.985748539750623494e-03
2.521546985740029043e-03
1.190301878265257601e-02
2.576762861750546592e-03
2.421268610584208485e-03
2.541159018502173184e-03
2.634805392503329364e-03
4.462234419861393735e-03
2.598150856918880931e-03
3.286147680969395135e-03
2.603800832599321817e-03
2.415606381536527462e-03
3.169061854804636723e-03
2.859085891145504536e-03
2.724693126849273093e-03
1.991791164303580424e-03
