1.110867259205003954e+00
1.138885465997656166e+00
1.124502065331583589e+00
1.070890367314097480e+00
1.057699822163367109e+00
1.112187378855560516e+00
1.829220237243593727e+00
3.232446075634281435e+00
3.834196055080956178e+00
4.300177958439530101e+00
4.604430671825234356e+00
4.801670806021818727e+00
4.926820993075142319e+00
5.009919962394620896e+00
5.072949286596823981e+00
5.134164941838660567e+00
5.214731338631811042e+00
5.312305763608417664e+00
5.411989169519715759e+00
5.505229229149620984e+00
5.585333815869064189e+00
5.648505669189618494e+00
5.697428804220826315e+00
5.727146482396631377e+00
5.742432653864541159e+00
5.744715136592449589e+00
5.737387043458940461e+00
5.722414110611953042e+00
5.709111164816389916e+00
5.697209919316103210e+00
5.687342506459520663e+00
5.675674913290267298e+00
5.663307599516945068e+00
5.651818760325330260e+00
5.641045038887341434e+00
5.629480309084089917e+00
5.614578421049722046e+00
5.594649838622325788e+00
5.571055890949335954e+00
5.544399707676253009e+00
5.516111705371333329e+00
5.486208959287196762e+00
5.452255105738633034e+00
5.406944861521707502e+00
5.359174260164211390e+00
5.331474310970899744e+00
5.311972985730919028e+00
5.293898487253697382e+00
5.279465210210699588e+00
5.268926229136958739e+00
5.262153747032807694e+00
5.257726644036933905e+00
5.259285692222133157e+00
5.265724090688275183e+00
5.284510244911710508e+00
5.322884391721413699e+00
5.377819511825660648e+00
5.435011413376886757e+00
5.483001452091355254e+00
5.522816083941838983e+00
5.561492215484294732e+00
5.596050017419443634e+00
5.627505684202532166e+00
5.651810325080795394e+00
5.655810525451463455e+00
5.634442691381498669e+00
5.573013378928602712e+00
5.408487348571943798e+00
5.138009691912919230e+00
5.007775284013103345e+00
4.945741588123255816e+00
4.908663483981208664e+00
4.892236233176578963e+00
4.877557321345753927e+00
4.864436852381608389e+00
4.865412990876572863e+00
4.877585457977199113e+00
4.891317489548431041e+00
4.909485651885959534e+00
4.924572048963614002e+00
4.940856647323492723e+00
4.957859791116048243e+00
4.973430364659334302e+00
4.988327960978700126e+00
5.001950937219405979e+00
5.013416224970780100e+00
5.021488907047442218e+00
5.030425947361043093e+00
5.037703849528718081e+00
5.046106094136231235e+00
5.051084314863254043e+00
5.060085145927539330e+00
5.070024727866965009e+00
5.082982929066111488e+00
5.098414243029932180e+00
5.113367585568002305e+00
5.120800052106918798e+00
5.123136394196202481e+00
5.117076129928863182e+00
5.106951833723753609e+00
5.090996546602938544e+00
5.071536496482227818e+00
5.053372748157873851e+00
5.033860114623514903e+00
5.014278700109932707e+00
4.995253556132534634e+00
4.977442399033221498e+00
4.962195528358532393e+00
4.947755171419013998e+00
4.935707678121059594e+00
4.932138260350972025e+00
4.923436092852809587e+00
4.910132699130640432e+00
4.891743057237185610e+00
4.868875890935927764e+00
4.840342373724667802e+00
4.808199003384258319e+00
4.771625736594556244e+00
4.741522992312670937e+00
4.715293795905486363e+00
4.695563195587281413e+00
4.675513642255078928e+00
4.661108587427806427e+00
4.645502497506061701e+00
4.632802990240800334e+00
4.621819383812218796e+00
4.612940529044188942e+00
4.605711680235448746e+00
4.596633497632255150e+00
4.584886526121482397e+00
4.572972983733316177e+00
4.557792605490863735e+00
4.544494856219930767e+00
4.535155418408106875e+00
4.528207930783047175e+00
4.524194650894489023e+00
4.522992502243657675e+00
4.525924134072812244e+00
4.531292116486943300e+00
4.540958997244611162e+00
4.550470014000474350e+00
4.562664644817420623e+00
4.575796657470050377e+00
4.588299331556831895e+00
4.600889615826281975e+00
4.611297639137949211e+00
4.619422296522890825e+00
4.628466229144181376e+00
4.634358919964216561e+00
4.638256858384821157e+00
4.642076525137847298e+00
4.643635193225216007e+00
4.647366674713942380e+00
4.648786531842445946e+00
4.652315548007075918e+00
4.656876487811527632e+00
4.666392988354474802e+00
4.677029801997093728e+00
4.691204780973524890e+00
4.709064560721722081e+00
4.729041087751807204e+00
4.748329292803284751e+00
4.770176961954304851e+00
4.791595575893948578e+00
4.803838639785202425e+00
4.821114921852419855e+00
4.834294464611752495e+00
4.847414924246625567e+00
4.859912723283622782e+00
4.869961095490691783e+00
4.880956134258158663e+00
4.890833603218558423e+00
4.899561690120158630e+00
4.906070915860119896e+00
4.912957558005652814e+00
4.919483046200347154e+00
4.927089103088127864e+00
4.937816092410965751e+00
4.952798254225118768e+00
4.970842048312924533e+00
4.988986726802146165e+00
5.006849831678127138e+00
5.020530420221652967e+00
5.034392505398539441e+00
5.046106443572021760e+00
5.055119577497771743e+00
5.064900825443928056e+00
5.067834758961216046e+00
5.071317843558486693e+00
5.073680853450230011e+00
5.074713919499755477e+00
5.073076903065974363e+00
5.072047814413392253e+00
5.069133238761846627e+00
5.065917849416734065e+00
5.061733062045544962e+00
5.057145208304170581e+00
5.051849595137588800e+00
5.045187136157591290e+00
5.040250050724547570e+00
5.031516499716810920e+00
5.025136252190463004e+00
5.018480839783170389e+00
5.010724312277138992e+00
5.003987713795013725e+00
4.997062271922187549e+00
4.990945349785753216e+00
4.986358160591691124e+00
4.981200368137499446e+00
4.976959220548205387e+00
4.970155104320672201e+00
4.957620085730261472e+00
4.936369028865978059e+00
4.919219816023929326e+00
4.906637801269170041e+00
4.896078892009498418e+00
4.887253556590548165e+00
4.879882031936065623e+00
4.872125572287634654e+00
4.865527475023411874e+00
4.858732333504413248e+00
4.850938429932573293e+00
4.843624723867433701e+00
4.836066046441889199e+00
4.827123933034711989e+00
4.816513172089624817e+00
4.804222152179568717e+00
4.792151842464791756e+00
4.783215428180441542e+00
4.774958521717771909e+00
4.766770084214628334e+00
4.758897408701988851e+00
4.752638938149872594e+00
4.746748872424236154e+00
4.740456165061660343e+00
4.734955287613808572e+00
4.729743042330291303e+00
4.724557766601630071e+00
4.720532955273545106e+00
4.717074208592284101e+00
4.712421288499839989e+00
4.708599931736189959e+00
4.704991395013017552e+00
4.701495018586911989e+00
4.698416410765738682e+00
4.695373686988586037e+00
4.692783614017614013e+00
4.690460890277510231e+00
4.685955768413470501e+00
4.684712284968643559e+00
4.682517900928040433e+00
4.680540527956416952e+00
4.678422395404458811e+00
4.675821707219040668e+00
4.674904264195538950e+00
4.673919441131047847e+00
4.672776320716430121e+00
4.671894131269008987e+00
4.670723900431835496e+00
4.670159296128679749e+00
4.670812309810878027e+00
4.668407544491147476e+00
4.667937158718408419e+00
4.667272474979429653e+00
4.666830302459342938e+00
4.665308677310945562e+00
4.665101800965137713e+00
4.665794956924632864e+00
4.663941696156082450e+00
4.663412918235948723e+00
4.663259297704511752e+00
4.663960365540113173e+00
4.663414715266035238e+00
4.660295727196008819e+00
4.660352941713125752e+00
4.663584415012537399e+00
4.665368304971412527e+00
4.667748449709243630e+00
4.663764671851095223e+00
4.663629599473553711e+00
4.663233029446471889e+00
4.664015575564922855e+00
4.663458388400119503e+00
4.662123444315411369e+00
4.659740078969211829e+00
4.656658709407341057e+00
4.652537228505103428e+00
4.651306077667729078e+00
4.648819259199721721e+00
4.646506697921182649e+00
4.645615741347911332e+00
4.643295547405369206e+00
4.641385642683478530e+00
4.641376311692956946e+00
4.639827448736188131e+00
4.640422625975258342e+00
4.640566256667598033e+00
4.639869737653674164e+00
4.639541997219163605e+00
4.637004547316053049e+00
