1.048425275570403103e+00
1.564663340302459238e+00
1.486514095645024014e+00
1.473318952996769182e+00
1.461442502044719705e+00
1.457045448780041497e+00
1.455785096748698937e+00
1.455430548718336770e+00
1.455306302244047334e+00
1.455252327768742582e+00
1.455227955133431728e+00
1.455218597059094954e+00
1.455215845260221297e+00
1.455216555178493021e+00
1.455216780756072525e+00
1.455216706486141653e+00
1.455217024993459285e+00
1.455216489702839899e+00
1.455216584989414086e+00
1.444850823609595603e+00
1.446484703130036298e+00
1.446425626141491838e+00
1.446425444484251033e+00
1.446425129431188061e+00
1.445809871973553262e+00
1.433098891090482052e+00
1.433202187006006989e+00
1.433202461593697796e+00
1.433202318797358821e+00
1.426966688952594264e+00
1.421997182773097057e+00
1.420672574494360463e+00
1.421047220849130488e+00
1.415064074359947410e+00
1.411066333718548282e+00
1.410428859955055625e+00
1.403850862697272994e+00
1.400731914131986500e+00
1.396612569565831574e+00
1.393360403963291194e+00
1.391919562790024933e+00
1.387048233202523129e+00
1.381497839928036431e+00
1.376019325686679728e+00
1.373384964138974151e+00
1.370028832275765662e+00
1.361827363253611312e+00
1.361057931030449364e+00
1.358707197389104504e+00
1.353909471191407698e+00
1.351586503529172534e+00
1.351639777879202198e+00
1.336230836764344287e+00
1.336226283930283198e+00
1.332035234544161062e+00
1.332029739801844359e+00
1.325177191611998539e+00
1.324752231382359424e+00
1.318893082056187271e+00
1.318799212075971061e+00
1.312021906130209636e+00
1.311998500846176086e+00
1.303186567132389229e+00
1.302626052319943106e+00
1.299330829361018402e+00
1.299393954033367882e+00
1.294868930762647974e+00
1.292104366698596518e+00
1.291739550961306326e+00
1.285405862453351533e+00
1.283211596358949880e+00
1.282684172880739659e+00
1.279940921325683822e+00
1.278306288806919877e+00
1.274735521896892321e+00
1.270700532956207107e+00
1.271555540532622652e+00
1.271359163903556855e+00
1.269648222880619626e+00
1.266120306846454380e+00
1.264367541080554380e+00
1.264102219830312901e+00
1.262266161075682902e+00
1.259955870958513691e+00
1.259002878288769889e+00
1.259037098229125684e+00
1.255637257282917973e+00
1.255007458052077363e+00
1.255616493890530538e+00
1.252124745532060324e+00
1.251448573688347166e+00
1.251402051529739934e+00
1.250503775897728653e+00
1.249659995192220707e+00
1.249173341864768805e+00
1.248915002689318543e+00
1.246852026204136266e+00
1.247305967089439971e+00
1.247230974131777748e+00
1.247291984272786536e+00
1.245305379745391017e+00
1.245577505327402301e+00
1.246717121244456772e+00
1.246329285086998695e+00
1.246379013663961421e+00
1.244910803851721592e+00
1.246613571326897540e+00
1.246047192047241126e+00
1.246037300710249429e+00
1.245206715340533510e+00
1.245538330033380436e+00
1.246681317131489442e+00
1.246804032945043827e+00
1.247558896354443281e+00
1.246509821980898103e+00
1.247698807519761921e+00
1.248271509610286545e+00
1.248001472681516288e+00
1.247858033043696580e+00
1.248889451627952951e+00
1.248519970431944071e+00
1.251110436783844815e+00
1.251083443008960572e+00
1.247893874460838770e+00
1.246646708126760261e+00
1.252506372789525368e+00
1.252483340849548821e+00
1.253642579832854764e+00
1.254018307443550917e+00
1.254787987749397260e+00
1.255324115770539484e+00
1.255305247050661821e+00
1.257094913839291728e+00
1.257805877817440132e+00
1.259247665664589899e+00
1.260061377807083494e+00
1.261032264778392697e+00
1.260880732248271574e+00
1.262281811347481630e+00
1.264044517061580608e+00
1.264006178455753471e+00
1.267582680057012468e+00
1.267630771582078930e+00
1.267076067612509904e+00
1.268921396806453217e+00
1.269793254038255048e+00
1.270825387566047127e+00
1.271850383835606779e+00
1.272243187568001810e+00
1.274719494326045810e+00
1.274522011393943055e+00
1.275338813893668988e+00
1.278299008242600454e+00
1.279772211734945708e+00
1.279235724203938274e+00
1.281523116658863870e+00
1.281354146866387822e+00
1.286439104583545934e+00
1.286155050608381645e+00
1.287829362400187527e+00
1.287808939859048429e+00
1.287599417656824174e+00
1.293178373133093473e+00
1.291493135883827970e+00
1.294902723520830801e+00
1.293527716405898254e+00
1.297044290228684282e+00
1.295353740693597988e+00
1.300297644535765684e+00
1.299628190718982612e+00
1.300215546180193860e+00
1.302572831374233520e+00
1.302754497331672257e+00
1.304427320819329550e+00
1.308610494575031424e+00
1.307795767785472796e+00
1.308951931688450143e+00
1.310275098081121081e+00
1.311697389179806716e+00
1.314041037471032070e+00
1.314025939583151281e+00
1.319183541610512655e+00
1.318323936604736124e+00
1.321435689689929083e+00
1.321477063768609073e+00
1.324411953329702296e+00
1.324534994658930209e+00
1.326129201443476902e+00
1.330093519278868097e+00
1.332372871357308863e+00
1.331612799921354506e+00
1.330889312691267978e+00
1.340500263775212364e+00
1.337139110877384240e+00
1.337488960628703705e+00
1.338920056789875357e+00
1.341897761645550080e+00
1.340958704559693571e+00
1.344205877268519700e+00
1.344885872869067356e+00
1.347773510069875114e+00
1.351334849195862109e+00
1.348090096482343014e+00
1.352131571728855786e+00
1.351342739885326827e+00
1.362587397255080157e+00
1.358098144426957088e+00
1.355785033748237556e+00
1.360478897266689691e+00
1.365847101097025451e+00
1.363881662043030518e+00
1.366626127438942850e+00
1.366620863044425205e+00
1.369164789623820155e+00
1.364499094590765793e+00
1.373235356701252963e+00
1.377147881415312858e+00
1.376779440511459729e+00
1.373659657373155873e+00
1.378043062234161065e+00
1.381234403191964111e+00
1.376376693166982967e+00
1.385751679657400759e+00
1.384797195040373907e+00
1.387163534469381343e+00
1.391362295543257632e+00
1.391120156069031166e+00
1.393396163787345765e+00
1.396345462822327077e+00
1.397172416742277434e+00
1.397699014359814917e+00
1.402973203619278797e+00
1.401434223470034546e+00
1.402707083764264118e+00
1.405973703992932089e+00
1.407065936448422150e+00
1.406965767893912256e+00
1.407795105144767689e+00
1.414855025844364178e+00
1.413378039578851553e+00
1.415090903624084406e+00
1.416683898638687156e+00
1.418758529215750963e+00
1.422320919084895996e+00
1.422231713244642259e+00
1.424622218280244823e+00
1.423280977138763115e+00
1.427573629030783442e+00
1.427211702010231509e+00
1.431677854499895375e+00
1.431808846882324238e+00
1.434141579669271582e+00
1.433847335282085300e+00
1.437804266908009998e+00
1.438497978800312271e+00
1.441007500021855847e+00
1.443481392795207041e+00
1.439734049558113016e+00
1.443398890979004978e+00
1.447514956512862661e+00
1.446907554973412280e+00
1.451322889066661181e+00
1.452369440998810601e+00
1.450751698045785965e+00
1.457827338366840531e+00
1.457127887330866400e+00
1.458188285587434629e+00
1.460331228737467679e+00
1.462347199695844813e+00
1.463535599901981010e+00
1.464383959664028678e+00
1.469912484106585371e+00
1.469514030288723072e+00
1.469251445546000623e+00
1.474637209931068949e+00
1.475775355004007139e+00
1.473774948065737611e+00
1.476429361042591815e+00
1.476520201997559623e+00
1.477707581525091296e+00
1.481609947261281368e+00
1.480691537182521778e+00
1.482610037723377960e+00
1.486255299490840898e+00
1.487781028875735823e+00
1.490695642052938252e+00
1.491453258165547968e+00
1.495338013395838273e+00
1.498641142907245261e+00
1.496100683869018289e+00
1.498515725692381340e+00
1.496578958981610530e+00
1.499765726570383872e+00
1.504869164617034460e+00
1.501571212438760128e+00
1.505006183545477549e+00
1.505305456924965313e+00
1.506400968316770284e+00
1.507324546059651826e+00
1.506100845422515100e+00
