1.090584534540511630e+00
3.610472764795233047e+00
1.847375907815633767e+00
1.799238016239455451e+00
1.963605448635754147e+00
2.627305983355442631e+00
2.153553114164017401e+00
1.617774099013979505e+00
1.257553192832483235e+00
1.052557652597414739e+00
9.457481932153566362e-01
8.651854608136662073e-01
7.924452360710837473e-01
7.120581075453585873e-01
6.509623367761776525e-01
5.908409596691114318e-01
5.464145645169254939e-01
5.238901883628304113e-01
4.905692134699671247e-01
4.508506462098503254e-01
4.141057471105200061e-01
3.805627235559091437e-01
3.524028397032005766e-01
3.297470139294915170e-01
3.150971047913039280e-01
3.026496993665004909e-01
2.962127794502904532e-01
2.980263181054676469e-01
2.981373955911102991e-01
3.009143453172433702e-01
3.026223919537436302e-01
3.057184304795357854e-01
3.084446077932528341e-01
3.108874584533679042e-01
3.103268831567275732e-01
3.096244973934410560e-01
3.096123075053600626e-01
3.104592680125970450e-01
3.140034812663256014e-01
3.247333827918409965e-01
3.480078993309961843e-01
3.804603790886865178e-01
4.152385233186773883e-01
4.453183992605727615e-01
4.618851780674430030e-01
4.701569680244531146e-01
4.621473693121427306e-01
4.394201685416642689e-01
4.078373007814212747e-01
3.749430681565448231e-01
3.479563145806386371e-01
3.295756427660314070e-01
3.246727063805268099e-01
3.284191666869478721e-01
3.388246058076914702e-01
3.458912746493945645e-01
3.531041895498828187e-01
3.526200695564258303e-01
3.524133580873795579e-01
3.465358996122316348e-01
3.412972980736788675e-01
3.421799928981309469e-01
3.558148434718990116e-01
3.917968110011788019e-01
4.526298446536980435e-01
5.391256008786707854e-01
6.481176477768665345e-01
7.737619681016566497e-01
9.141488713457630588e-01
1.063224457028574488e+00
1.218709633733831676e+00
1.378570314699931965e+00
1.542329767744329283e+00
1.707081439801340528e+00
1.872539281882517059e+00
2.038518253966466798e+00
2.203854698651985355e+00
2.370459664582989401e+00
2.534459862057885093e+00
2.696263216190082801e+00
2.861906801596483252e+00
3.024273807207918274e+00
3.181665479322036028e+00
3.338324972493278864e+00
3.492392568427817867e+00
3.643253216096292046e+00
3.787680620628068873e+00
3.929899461944323935e+00
4.065400028820221223e+00
4.194547916230811246e+00
4.316028753871981039e+00
4.429608506181106797e+00
4.533408757723225158e+00
4.628024366121177735e+00
4.711657414775976882e+00
4.786392323724382614e+00
4.847405624506540001e+00
4.896202638646616201e+00
4.933876294279854413e+00
4.960243108582579552e+00
4.975061116147578844e+00
4.979936294549891507e+00
4.974218707236834014e+00
4.958596981288287964e+00
4.933738431918079925e+00
4.899401351610697120e+00
4.855365400769404260e+00
4.808949921339540801e+00
4.755623427927499591e+00
4.697572541113222755e+00
4.635657203540850979e+00
4.572530718605653632e+00
4.506025443528228536e+00
4.440075454010306011e+00
4.374641541583344839e+00
4.311944227385669848e+00
4.249661926332545470e+00
4.192302883903891164e+00
4.138518753055628885e+00
4.089302214889539933e+00
4.042923894911973903e+00
4.003326675474019325e+00
3.966238120373708487e+00
3.935319013774459584e+00
3.908491273903308194e+00
3.884750296717876417e+00
3.865899045471270501e+00
3.854617619269387951e+00
3.842586650992077857e+00
3.834349992474087809e+00
3.832419659485719610e+00
3.832430137871249531e+00
3.829295251109698484e+00
3.838733168734304702e+00
3.843287999884079209e+00
3.848621276302079064e+00
3.860210219127220732e+00
3.872522729119480367e+00
3.882391291604784911e+00
3.895311801479022673e+00
3.909362638195821749e+00
3.918989840275412639e+00
3.938231488275273140e+00
3.952918466438983813e+00
3.969729263851524692e+00
3.984139691761650948e+00
3.996708125886759611e+00
4.013750092732335517e+00
4.031529543758316514e+00
4.049689876263141919e+00
4.062687301359066971e+00
4.082764210410457117e+00
4.096433336974636852e+00
4.106315083762671847e+00
4.114952774330658869e+00
4.143435039750787752e+00
4.148913038674418630e+00
4.158226026635407635e+00
4.170747662241440779e+00
4.188011898471773797e+00
4.195285360784040130e+00
4.201531582699288059e+00
4.214131776302696863e+00
4.223369286579714554e+00
4.230903067267655082e+00
4.232352862591064024e+00
4.240676912929105313e+00
4.243371446042356609e+00
4.243012940309270675e+00
4.241604114479510912e+00
4.242378853413553585e+00
4.246616997758596135e+00
4.243405584516980689e+00
4.238067009106718075e+00
4.241298745714876084e+00
4.239084918797416890e+00
4.227442024978010693e+00
4.234617473025831913e+00
4.224966883170745646e+00
4.219319222180215156e+00
4.215934751092765609e+00
4.221889328373086059e+00
4.216438765817071221e+00
4.210947636297772689e+00
4.199265843784417918e+00
4.199986116623426469e+00
4.194135213514281091e+00
4.187272807960886745e+00
4.180566149131695219e+00
4.174050597645240224e+00
4.165638808325224929e+00
4.155466756310138621e+00
4.140580745637885585e+00
4.132248160036287032e+00
4.124791365669516097e+00
4.116158809780412930e+00
4.090979800707136071e+00
4.079127311919799936e+00
4.070380297154102323e+00
4.044743548785109333e+00
4.038022904533801416e+00
4.021635291717277738e+00
3.999143124854345199e+00
3.976730763099424859e+00
3.966000356702536589e+00
3.946303912883971421e+00
3.915895561960707205e+00
3.903533052801404057e+00
3.881441284716023787e+00
3.855960611052374976e+00
3.815870710836799518e+00
3.778227812162265664e+00
3.770881342591052121e+00
3.740660707909877480e+00
3.692450789725590266e+00
3.676730471309602066e+00
3.629861917819494632e+00
3.618470907209855536e+00
3.579124173444824919e+00
3.551835280883477886e+00
3.507656039373229895e+00
3.473749752342738084e+00
3.439706259408568112e+00
3.402031048195632401e+00
3.365168214085044518e+00
3.317884246728481923e+00
3.282478347688476461e+00
3.239890144207601796e+00
3.203527076893758263e+00
3.161756114859710642e+00
3.108729964720782668e+00
3.066206562293638971e+00
3.027830247225416382e+00
2.988178263024626524e+00
2.944435126787947610e+00
2.898691724522652891e+00
2.828920995114453607e+00
2.803609650587332247e+00
2.759088458183187598e+00
2.703786598629669413e+00
2.662247021181503470e+00
2.623992927310573986e+00
2.571444804564892550e+00
2.516598122509169144e+00
2.479733227125780815e+00
2.431079017722229452e+00
2.382632198517860900e+00
2.334308143428980742e+00
2.282443075483131967e+00
2.245664036970871802e+00
2.195298553260999430e+00
2.151539499985585913e+00
2.089520983747354066e+00
2.056406266039330522e+00
2.008782374280015048e+00
1.962790340271489686e+00
1.912420941809974684e+00
1.866511942263698653e+00
1.822874765618909265e+00
1.774509013442038263e+00
1.727941970910569003e+00
1.694024102785904429e+00
1.652186002766992790e+00
1.601351552159534286e+00
1.559257444158464567e+00
1.521054686270370659e+00
1.478778525793087661e+00
1.438729438052241294e+00
1.394269777469176796e+00
1.360962263819599505e+00
1.308419949880821331e+00
1.279299031861418801e+00
1.241977747785527386e+00
1.205354544527532434e+00
1.167917394050333124e+00
1.123857499486970335e+00
1.099204685578169416e+00
1.065550578595623410e+00
1.031750552391465403e+00
1.003451184850510991e+00
9.631896575521160520e-01
9.345658324121511873e-01
8.936224506779539833e-01
8.763217003632987057e-01
8.516802382231483115e-01
8.260516810751533656e-01
7.877368548988776809e-01
7.687222625015786015e-01
7.413562465395594492e-01
7.181049792680928023e-01
7.007420071405392470e-01
6.726687505424837621e-01
6.496779316226206635e-01
6.336918105884365993e-01
6.160673272429593172e-01
5.912769991251443091e-01
5.765900887834278787e-01
5.604610395580713611e-01
5.438401521940081640e-01
5.330217655219798845e-01
