9.496185683033069314e-01
5.809363012146485650e-01
1.389713095770364504e+00
1.731285797775000024e+00
1.531603617458497046e+00
1.059432497857231148e+00
6.888324238850944692e-01
4.478998057922697340e-01
2.926436607351569075e-01
1.919180257749430463e-01
1.261293588753295003e-01
8.292558523551486760e-02
5.445136963956578868e-02
3.566634048706182614e-02
2.330998567640983274e-02
1.524261103662310525e-02
1.003760686255272296e-02
6.734367684603950570e-03
4.682240133736632719e-03
3.442255543920671491e-03
2.716172829173834399e-03
2.305366387559556595e-03
2.081564181176740868e-03
1.919621470299363300e-03
2.144072540602374836e-03
1.936192826062227076e-03
2.252834444613888674e-03
2.429437212135892189e-03
2.357669748814304137e-03
2.192853028993365250e-03
2.197560525776651695e-03
2.353657242341892532e-03
2.448569056577916229e-03
2.294259320060979337e-03
2.573875207347376022e-03
2.243873719658201048e-03
7.226267179902470285e-03
2.136338044247619236e-03
2.149551317669148344e-03
1.969213035709459301e-03
2.035856659032235852e-03
1.830096848013596650e-03
1.936825260104533056e-03
1.878650330633251184e-03
1.548991218064980349e-03
1.789656826038588588e-03
1.314059802512956713e-03
1.646413954026407570e-03
1.566432318283018585e-02
1.455876238506237808e-03
1.536571839308124333e-03
9.624230920321272644e-04
1.418370432765810344e-03
1.470829625461760829e-03
1.293540440899569165e-03
1.901749079991939175e-03
1.098283080131148923e-03
8.646239687854131301e-03
1.075110532885121661e-03
2.314961992156605933e-03
9.993771221759094412e-04
1.102776479801465892e-03
9.664026710485495129e-04
2.321981974642104308e-03
6.379381071571359023e-03
5.711034489664129805e-04
1.007011243630340008e-03
1.019840887738902076e-03
1.054252596878729699e-03
7.621957385666926297e-04
1.007821679007529347e-03
7.550975469705924464e-04
9.873105302452189671e-04
9.505767949991975095e-04
1.460616092752207692e-03
7.834690727927471612e-04
9.398473559803655758e-04
4.695411673332878198e-03
7.453385731153613870e-04
8.702337889362342545e-04
9.470158763728695091e-04
1.833456906183407627e-03
8.828913121939895329e-04
1.036241472344764675e-03
8.628477965668421377e-04
9.750133255036279008e-04
4.983139715211534239e-03
8.543765353870612974e-04
7.758892483959101615e-04
4.995744170707729082e-03
4.146732827662443985e-03
7.826316675470341381e-04
1.126596889699201572e-03
9.481606320145356251e-04
7.223578648510071845e-04
3.315059636100229756e-03
1.032957749179886026e-03
1.268590703628086130e-03
1.387250440539838578e-03
1.456625022729788124e-02
1.026027563022265197e-03
5.570004040558310977e-04
1.155763719376673004e-03
9.175052264271356048e-04
6.332703975366300170e-03
9.532839114805236264e-04
1.228217618341763623e-03
1.140641548063612903e-03
8.844938730890383261e-04
1.032375927074454620e-03
3.276155320373373443e-03
1.050879398256237890e-03
1.499753120738183711e-03
8.918999931657576761e-04
1.077727467706700521e-03
1.282764696435908115e-03
5.294312457177546491e-04
1.088240312682683866e-03
9.467430930430076504e-04
1.523405565085962209e-03
4.597500545806812639e-04
2.224499177694649801e-03
4.072124240123079289e-03
7.218228326836307078e-04
1.020627304780504733e-03
4.852432003986843247e-03
1.147840710917041179e-03
2.022079012466280155e-03
8.489468688815318817e-04
7.563864819229078893e-04
7.599672725791473604e-04
8.288403580449367567e-04
4.863498018837173094e-03
8.545196355855748209e-04
2.137835193341734805e-03
8.707684354651476196e-04
7.885316940072051957e-04
1.057627659576834125e-03
5.623471464977344500e-03
8.951058684240663713e-04
7.328352106764397670e-04
3.895107400400829763e-03
8.933708871030092077e-04
1.509625212505445908e-02
7.987941265523055504e-04
8.255853493462516788e-04
7.648838924261628638e-04
3.537980802032326868e-03
8.536030009726822002e-04
2.721382545730804351e-03
1.570076715523587756e-03
7.726521821671148088e-04
1.851720156564137148e-03
8.250192580817597085e-04
1.507548499498355919e-03
8.853922210181997638e-04
2.981867270164276825e-03
1.365860226109750272e-03
4.060215965239502740e-03
7.717380143722410305e-04
1.201829599917725918e-03
2.674369425727009426e-03
3.896719606059481991e-03
7.560338758158237577e-04
3.569422466908271207e-03
4.126848038049358604e-03
8.075486236317379937e-04
5.688256586980535833e-04
7.338273614073949434e-04
7.405707130765134920e-04
5.992368490159308628e-04
9.159488519164661700e-04
7.043029232890178626e-03
7.966902903639867242e-04
6.478926807875360011e-04
9.637325978521227559e-04
5.337359069612324872e-04
8.530905095717810716e-04
7.705069874646838183e-04
1.626548147951500890e-03
4.370872855321287359e-03
7.401891246189833563e-04
5.340008659219529262e-04
6.371666638081439687e-04
1.656673942034585971e-03
9.915575528756720089e-04
7.619255682953945692e-04
2.970281286738362617e-03
6.593554301916366859e-04
3.637668285169126420e-04
6.792148902641915011e-04
7.064052138444675347e-04
6.537832385998931101e-04
1.053528416096540009e-03
1.000501726738279576e-03
4.085817665493905694e-04
4.998585288859495185e-04
2.844306865095902470e-03
2.092362892137167047e-03
6.380034623638474551e-04
4.377693775397548462e-04
9.508373914757009809e-04
4.092596014781343136e-04
5.728568544715547696e-04
9.245894613561428171e-04
1.117684624424207518e-03
5.198338353764430774e-04
4.287324722264752364e-04
5.169950639678451464e-04
8.479279811970766604e-04
7.783630990166571931e-04
4.717669868138001988e-04
6.772236100162149679e-04
1.225854129469875105e-03
2.550260832512850372e-04
3.261827138983475574e-04
3.533201578800780011e-04
5.345233029883424960e-04
2.444414318244471037e-04
4.479864064220047642e-04
2.333445617572947606e-03
3.781229641630634033e-04
3.433606356814094943e-04
1.748183023287237098e-03
2.476848057049844151e-04
4.633333043574444838e-04
8.727137234478395079e-04
1.108520183256195583e-03
2.849021003536051852e-03
1.138748601639014623e-03
6.854237430437067503e-04
2.282759269145229523e-04
4.298862316709307408e-04
3.365858582320004717e-04
1.486219904215602074e-04
1.610081124060730299e-04
5.534574935155542851e-03
2.545510798494931702e-04
2.127799239823694203e-04
3.653685689121743442e-04
2.815704314339627498e-04
1.901964839219584579e-03
1.385476868661987462e-03
1.464404419356739155e-04
4.129162985442176234e-03
1.196018675661444084e-04
3.284981103429933532e-04
1.876412959671392800e-04
1.950177946764689908e-04
2.805335265805193341e-04
2.863426499614848270e-03
1.276022686359899608e-04
8.830496021748053623e-04
6.790185593042144703e-04
1.397359724732474807e-04
2.638126956222112420e-04
5.902876503898522127e-04
1.450502558055784090e-03
1.215551301006002259e-04
5.668386619198987307e-04
1.169014260602600818e-03
1.291281601401584591e-04
4.478219376121732255e-04
9.586836820576563893e-05
9.313341713002373659e-04
2.972591774457500856e-03
5.645956776611675077e-04
1.462649415499887265e-04
1.665028973665558590e-03
1.052524566164764560e-04
1.058165577084992602e-04
2.097385495736344124e-03
6.038249860809962464e-04
7.753979314764384515e-04
1.231890876501557774e-03
2.292193934550640529e-03
1.239361352033082611e-03
3.276103427996145297e-04
1.396285078099067671e-04
1.223442405800467814e-03
7.517787450204794022e-05
1.770358030186770814e-04
2.327068875265726061e-03
3.269442964294081658e-04
8.300150457129618997e-05
1.923893205276591873e-04
3.482641086233854446e-04
2.491396726197978809e-03
1.159777249065135506e-04
1.130641285040865902e-04
9.970801396111401548e-04
7.080653900621977019e-05
6.725477842672646393e-04
6.507938230485363221e-04
6.844144666076274245e-05
2.859413353289495634e-03
1.102809511932491358e-03
4.039660351421522780e-04
2.323795574338309577e-03
3.254201538216769732e-03
