9.884745730895173610e-01
1.188177766080641629e+00
2.970254091138569308e+00
3.317087205484290813e+00
3.352250281233406071e+00
2.375822332239328372e+00
2.223647731911200243e+00
1.547542047707793023e+00
1.439593110741661075e+00
1.438308857543664887e+00
1.476056598140908394e+00
1.511275759548885933e+00
1.537106628667575858e+00
1.546249650435060241e+00
1.536652534676387294e+00
1.511516263999928666e+00
1.478716340498904325e+00
1.436866482924392674e+00
1.390439140039530397e+00
1.340033278078140322e+00
1.287177671252644373e+00
1.229777992661343466e+00
1.170872444704346815e+00
1.125405173644540957e+00
1.067340677203573618e+00
1.013805614407820466e+00
1.550911083548913716e+00
9.175910474127000338e-01
6.483570691347481096e-01
5.514675489917797435e-01
5.379793088760694841e-01
5.477542967684209119e-01
5.723844531595863039e-01
6.004014069537657594e-01
6.265510983050703864e-01
6.518805406525943758e-01
6.686847863210020337e-01
6.658264573419717669e-01
6.564863182496273319e-01
6.629467974608459491e-01
6.269042893635473623e-01
6.480249795697735626e-01
5.597127863052346886e-01
5.470639468147538986e-01
5.232213262182701108e-01
4.979587164730307491e-01
4.598456131758567045e-01
4.355885676768058712e-01
4.047278284461440778e-01
3.708366897083389402e-01
3.602322489587873600e-01
3.055657426505542507e-01
2.982834451861253733e-01
2.855010095341173892e-01
2.531544001656891862e-01
2.629510543406335943e-01
2.085518491017924192e-01
1.910342262264565494e-01
1.704843305865102743e-01
1.538637543179442735e-01
1.327379980187554931e-01
1.385271058936049238e-01
1.379452190996305894e-01
1.063908102185896487e-01
1.169830975658754102e-01
2.398376109286659008e-01
8.828894169407687509e-02
8.375536879160992709e-02
8.873450971950246069e-02
6.244560736183636662e-02
9.990324382990668772e-02
7.585050828060801997e-02
5.660040521293138727e-02
5.099910756071771717e-02
4.867171441421347389e-02
4.623997142787968084e-02
4.574057264941590317e-02
4.761729202073294170e-02
4.517383569122021547e-02
4.252583100673817951e-02
4.766647854947114737e-02
9.280383637325281820e-02
7.723176322577182673e-02
8.346728072019343747e-02
4.586675294156777882e-02
6.459874629951541103e-02
4.532218001555685799e-02
1.021694813555922288e-01
4.348227382480297082e-02
4.177225886833786650e-02
4.781295738946042539e-02
4.063299695058127797e-02
4.306935645388826339e-02
4.189932720945632738e-02
6.113107596999396015e-02
5.115749700779873010e-02
2.079104506877136604e-01
6.354956090759858456e-02
8.370281343836237509e-02
4.825437025015034270e-02
4.788771551449773345e-02
4.112267846842659891e-02
5.762049287464831443e-02
6.552115130132411813e-02
9.341477484030781542e-02
1.497855204987093847e-01
5.033176743168261275e-02
4.548954471092313961e-02
5.238956605189262761e-02
5.463245339287948338e-02
4.416086811162214104e-02
5.150150854827459379e-02
4.205933161552909139e-02
5.394305914093048410e-02
5.083427370850780724e-02
6.455739382346283028e-02
1.550121073829961449e-01
8.895586515991654730e-02
5.457949919004052852e-02
6.026718654740290809e-02
5.404039254189004632e-02
5.763154891334225371e-02
5.560223928384213504e-02
5.353097013320735897e-02
9.447894410126804476e-02
5.892734284054702842e-02
8.249111146469989553e-02
5.083976152483535987e-02
5.892462303519604983e-02
7.892382728619448673e-02
1.577010015927936826e-01
5.286983139319088171e-02
6.528121398843469980e-02
1.006469026424880453e-01
5.812350155072642383e-02
7.308162264142885334e-02
9.015287930266371874e-02
7.785643434611970448e-02
6.270803794568169387e-02
7.108634920672046720e-02
4.760251770378912811e-02
1.482219591643101353e-01
5.701318326073687159e-02
1.566041019901475151e-01
6.099852762580077609e-02
1.055419171466663031e-01
6.412984401836195614e-02
9.048851967777311878e-02
5.734176933243163160e-02
6.397268535211812768e-02
6.156156493960458775e-02
1.041844626175814220e-01
8.306112695520349865e-02
6.938259256046871992e-02
8.101007517089588161e-02
6.569109565695864517e-02
5.485989265205273163e-02
1.040618676691511951e-01
6.566797672192509205e-02
6.625635481402437910e-02
6.040693494817625520e-02
6.293465184877412855e-02
7.013564817925437012e-02
6.667272852537224626e-02
4.386223870253950358e-02
5.998956885342161122e-02
5.403605524386277670e-02
5.362437491656242561e-02
6.101781501139207087e-02
5.193862007767544725e-02
6.500778509525673154e-02
4.565556486632570826e-02
5.841555059541968242e-02
5.597377793049319178e-02
6.175025962368926175e-02
4.166124321298858568e-02
5.871559458248943458e-02
5.198917427050964851e-02
1.390103196965923049e-01
9.145467160587587852e-02
4.872176705044491130e-02
5.589356980068198311e-02
5.889457308995525719e-02
5.500287176137492323e-02
5.067872523748447738e-02
3.953995806566609761e-02
7.162635505715181372e-02
7.107143459183645762e-02
5.348697060922676799e-02
5.016521245169373866e-02
5.071480381994913911e-02
5.393773838571535445e-02
4.952491902516397565e-02
7.335947809759613136e-02
4.636798399164532986e-02
8.779558437786044722e-02
6.078502388924482414e-02
6.275717058653976221e-02
4.867488482626346202e-02
8.192891880495543899e-02
7.837925072961540729e-02
6.941759497295112158e-02
7.060948687047957639e-02
4.331329845302032272e-02
5.490520088227366508e-02
5.125645491473548865e-02
5.081749860804610219e-02
4.364335823018600929e-02
3.064391682381302495e-02
5.642493794615074248e-02
4.144061754999429914e-02
4.840368016697618736e-02
4.024357189980868471e-02
4.668084802396615246e-02
6.919143636650809670e-02
4.159712164308906196e-02
3.776922283457615631e-02
4.994555280749165410e-02
4.145020388224256169e-02
5.232304537704297182e-02
6.236401113531873930e-02
1.403485209613115348e-01
7.505124162589769943e-02
3.550116466114033170e-02
4.121542246657063785e-02
3.708963071578079418e-02
6.434156214138639363e-02
4.047737518452852040e-02
1.165723435973165800e-01
3.802349808247156709e-02
9.209117833551844212e-02
4.604390798614239888e-02
4.351700298844453363e-02
1.786485960589943855e-01
3.851941625207404296e-02
4.561388990022863243e-02
4.789407709929407314e-02
2.459548403709823847e-02
6.503010997655969683e-02
4.112658559886513826e-02
3.297707556029280673e-02
2.786458148957818293e-02
3.731120415005216573e-02
2.864596528904978651e-02
3.487971836794803715e-02
7.640713414013028393e-02
3.525221320134045572e-02
4.371170004400546510e-02
2.822340226306993202e-02
4.925831475738062792e-02
3.500721709725631431e-02
7.143217966027960719e-02
3.869840632101929911e-02
4.384401564725046163e-02
3.866109913729403463e-02
1.284937523953088578e-01
4.921674600779047531e-02
6.340224326258440957e-02
3.553364500282833738e-02
3.457477404845925306e-02
3.082473830915826579e-02
2.297852738724269483e-02
3.466274482266439722e-02
3.736963169609041485e-02
5.869054621170141650e-02
1.149664997729174798e-01
2.654746860904211650e-02
6.090884880700881548e-02
5.407486068006593649e-02
4.826701843583991458e-02
5.675775832768880508e-02
7.538438694472701651e-02
4.028016508905472165e-02
3.045377517935284051e-02
3.255260484153916362e-02
8.785805588087354512e-02
2.340114855238670938e-02
9.532969094294269086e-02
2.181859722945002703e-02
2.994155572804099719e-02
2.004708881651346558e-02
3.933835201533774500e-02
2.130457831245225267e-02
3.302551149497719857e-02
3.022828129344398707e-02
2.858306193489944247e-02
7.102168232207592413e-02
2.585334052164147897e-02
2.027841374858004725e-02
3.044290235942420306e-02
3.097140203991550003e-02
6.884253905615318747e-02
6.739563604948600739e-02
8.572382809983956908e-02
1.306551833759325709e-01
5.793789833914788495e-02
2.552366644965184048e-02
6.476557535281977918e-02
2.285194802169601344e-02
7.005158494749780251e-02
