1.470413117242412193e+00
2.816899819738938771e+00
2.306728360379840304e+00
2.464194718207217694e+00
2.005246736043405864e+00
1.191508495592432437e+00
1.173535838873107195e+00
1.341132955824464457e+00
1.279979738497090569e+00
1.195753804074505933e+00
1.175794580724080163e+00
1.269209976596598066e+00
1.400897912123693523e+00
1.275137994233489280e+00
1.079851758874480705e+00
9.882219713346531709e-01
9.641340032804515126e-01
1.073723838324386559e+00
1.296603347126075834e+00
1.630506029099590748e+00
1.188100901667797693e+00
7.423881924116879638e-01
3.960737461967431261e-01
1.588281226744013841e-01
4.409876010423516290e-02
1.520425541004683523e-01
2.447119266650108482e-01
2.834694457050960237e-01
3.252139900052938848e-01
3.602680641906351733e-01
3.631839410922093059e-01
3.712249170013838806e-01
3.794186568518578273e-01
3.747298999476649239e-01
3.836637783302077054e-01
3.685592829097457113e-01
3.614992399894509933e-01
3.511546314718301254e-01
3.379796339488850832e-01
3.298337365538127619e-01
3.026222140149671946e-01
2.981907893751253869e-01
2.968797334873952143e-01
2.606802666023294579e-01
2.733010761322262061e-01
2.576717583923184285e-01
2.475125568043586854e-01
2.418035917147499936e-01
2.283238334369996347e-01
2.710141128744523176e-01
2.113149476921135916e-01
2.069629861111972335e-01
1.972690634280320765e-01
1.877200688884972379e-01
1.762328135686086483e-01
1.729096163480952075e-01
1.815690654359702894e-01
1.740381452709210408e-01
2.663217483137299002e-01
1.427900566114954362e-01
1.512701162110777486e-01
1.528056842479386945e-01
1.407688068746241472e-01
1.249313749352413822e-01
1.447267414986013467e-01
1.369148234215128990e-01
1.367987523869998445e-01
1.265768677522544905e-01
1.302873667210552033e-01
1.427078328773781768e-01
1.429348705865853553e-01
1.035196501369186478e-01
1.083951101209637696e-01
1.114845859504707132e-01
1.176101955588812475e-01
1.674497533462162846e-01
1.081458995408603463e-01
1.106182734170486903e-01
1.130420435029565601e-01
1.173372172613216802e-01
1.178896088375822604e-01
1.013690279296161345e-01
1.159440324323189886e-01
9.585161782009118947e-02
1.030928208509033078e-01
1.081518271479838533e-01
8.508277481851085622e-02
1.120235605526588574e-01
9.269967809605260400e-02
9.606447093436322471e-02
1.428581711995906556e-01
1.088235280589297110e-01
1.345338313071042236e-01
1.059271069494150258e-01
8.915143946085207771e-02
9.503202914649742927e-02
8.041697380288022334e-02
1.289855211947833480e-01
1.352533657720509097e-01
1.056046024095339264e-01
9.437854814806791171e-02
7.501448820933927231e-02
8.727030652643767705e-02
9.810982605409780677e-02
9.652099724595676611e-02
9.145348597369758192e-02
9.153546017268458790e-02
9.065105664663630769e-02
9.505778725460430068e-02
7.795493986831869559e-02
8.035369454706858816e-02
8.153297174882735698e-02
8.715475134776400068e-02
8.343474479432622104e-02
8.695538288510075431e-02
6.703963450446959182e-02
1.042212403106996949e-01
9.541867180988118646e-02
8.082006521427567702e-02
8.954576235824657227e-02
9.195450147303051158e-02
7.647038483040261014e-02
6.680741179082821946e-02
9.558985238800807305e-02
7.658862731741705732e-02
8.592286620312090950e-02
8.828294635804545543e-02
9.300292234919667334e-02
7.456576578239226816e-02
1.713653870782433364e-01
8.162413984837402214e-02
1.055846655859152550e-01
1.193362737509000432e-01
8.455533867806779014e-02
8.756913145124201048e-02
8.534111724968793111e-02
9.692703330880708679e-02
7.340323708519770618e-02
7.918919032016319415e-02
9.089540396882640760e-02
1.118126588713261593e-01
7.860528728077890992e-02
7.864470014850404034e-02
6.933534151404714685e-02
7.148258726943701458e-02
8.659577555522600389e-02
7.951276687130637288e-02
8.090577154192839238e-02
7.494253082718364822e-02
7.860724891116087354e-02
7.033821059496575545e-02
7.085428809090554836e-02
7.889281491353433706e-02
6.563526915109253734e-02
8.164383306741605784e-02
1.111555118972931272e-01
7.886351426836825385e-02
8.069000624965767809e-02
8.604296864394864186e-02
7.770012410001912728e-02
8.108819840770201126e-02
9.792863428021705841e-02
8.895330498092039739e-02
8.489970817929121116e-02
9.523927429965103886e-02
7.625408825370089128e-02
9.873659734590127524e-02
8.523219607882881466e-02
7.709361182269500179e-02
7.266069636359299977e-02
8.040540502404636136e-02
1.145011962390600907e-01
8.051546948171529883e-02
6.353605713521033593e-02
8.497528844511033352e-02
7.741574556015606845e-02
7.850024352089107760e-02
7.710997052087027737e-02
7.540100299236326964e-02
7.358848859004940568e-02
8.418049957507184322e-02
7.560467988146542251e-02
6.661302865319525257e-02
7.340344791016974180e-02
5.710229707156896234e-02
7.311370317886352332e-02
7.682078502601601133e-02
7.318711994448566516e-02
7.216392458782924790e-02
7.901989630551792265e-02
5.930492011514792994e-02
1.069030829005416933e-01
7.446290222751525412e-02
7.238433897474795542e-02
7.280377522643914634e-02
7.515764627134888243e-02
7.626153983301241224e-02
7.213540328123566048e-02
8.181273902496193073e-02
7.574297396812687544e-02
6.499323475643477288e-02
7.306747264457853774e-02
6.379289587771221071e-02
7.152307523955843405e-02
6.556744008848376659e-02
7.474982237185785749e-02
1.234513203416849614e-01
8.775781953283298686e-02
7.063780769711970609e-02
6.203606318863533892e-02
1.207280087003408109e-01
8.216808306022573005e-02
1.106635694047356233e-01
7.119928787804485903e-02
6.704603332126206350e-02
7.319479807722874265e-02
6.746355808235013352e-02
6.962869801569183947e-02
7.088060509004420751e-02
7.373841511248654945e-02
6.546505107328333406e-02
5.585394219769505841e-02
7.046527592288123754e-02
6.042752885745072966e-02
6.103361665689163024e-02
9.996091515462696142e-02
6.449603334504316887e-02
7.287571542327377083e-02
6.848863032984253696e-02
7.210808865876514040e-02
5.931891310511604870e-02
6.710161295338661069e-02
6.357002860275740019e-02
6.985936037361967221e-02
6.939315301310448880e-02
6.066768606877888381e-02
8.507951711403943795e-02
6.523257144513362749e-02
6.531643886711596680e-02
6.564247977012628577e-02
7.338519858111897110e-02
6.303385419553717006e-02
5.066831796343629346e-02
9.201863223569953232e-02
6.271790501077836866e-02
1.572074363798257046e-01
6.281691951882449609e-02
5.297791566638416355e-02
6.479023482201810846e-02
7.426052852687292649e-02
6.372760116585167445e-02
6.752728230121346487e-02
5.194179447250910769e-02
5.243041117172393684e-02
6.784983081158760254e-02
4.768774573968220104e-02
5.787833512138727821e-02
6.201009831641775966e-02
8.409659366118174550e-02
5.822848612684797948e-02
6.210740341552050542e-02
6.502474370245196755e-02
6.310153837238599572e-02
5.445728867882472513e-02
6.475338916325745764e-02
6.754667557325562399e-02
6.728784675286245132e-02
4.987712112479816828e-02
5.338646709324917222e-02
6.384317373147423147e-02
6.509323020068516485e-02
6.284393256347146905e-02
5.677906744368870634e-02
6.485424054544348949e-02
9.035047538491167152e-02
5.687115670342147988e-02
6.881431268551853331e-02
6.610608728514019705e-02
7.632452571670238217e-02
5.853264046744304644e-02
7.033556795779850879e-02
5.338110487922884118e-02
6.658197536490005619e-02
6.505556048975703887e-02
7.860549518847116668e-02
4.431666627820447790e-02
6.732285038163061952e-02
6.022058766411838432e-02
6.128831327686665165e-02
5.466338219876874099e-02
5.317199831213065969e-02
8.148515903277743500e-02
6.003548458206423716e-02
5.898937443569619160e-02
5.771124766576015558e-02
5.835349417800402699e-02
8.939237551461881592e-02
1.240974171202948728e-01
7.745763375399436490e-02
5.734883050346560596e-02
