8.858656844265333508e-01
2.022114166187407025e-01
2.064490784573636883e+00
2.512962676603030854e+00
1.875096123717631569e+00
1.456067220872940604e+00
1.177958379135027434e+00
9.778682131551086343e-01
8.260967960024454548e-01
7.083659338222935142e-01
6.078514438187667679e-01
5.178217463010829080e-01
4.600119514725318770e-01
4.043381420329622555e-01
3.562214300018732849e-01
3.160186134342703457e-01
2.865146633879139260e-01
2.513834912985075110e-01
2.269998674753667400e-01
2.034400987861589849e-01
1.871952151852087076e-01
1.916485143846735351e-01
1.582207220766068678e-01
1.485963762784057451e-01
1.374230031094820503e-01
1.302143762634682400e-01
1.039703992047213005e-01
1.156997081649521197e-01
1.118787049058216493e-01
1.057929576866369487e-01
1.013751973722058081e-01
9.882504925149115937e-02
9.082617119539916628e-02
9.003835379350509649e-02
8.865452744897610315e-02
8.061380139727411520e-02
8.152908750232622237e-02
7.644117416531653886e-02
7.324391277364915298e-02
7.445385418619238083e-02
4.415181886712029463e-02
6.792481780852789586e-02
6.893132360656058222e-02
5.964685333531086903e-02
6.388732085006754158e-02
6.434557020964208618e-02
5.349806830227023247e-02
5.899783594658215141e-02
5.975959882879272600e-02
5.551108607784552285e-02
5.478136293150955016e-02
5.601391654639920753e-02
4.815368947543579442e-02
5.235440080269242180e-02
5.324770293887717831e-02
4.730257747630807474e-02
5.017186485595758610e-02
5.150196075347637792e-02
4.568153875862540625e-02
4.831499432727547061e-02
4.304241129770505769e-02
4.496686789091650094e-02
4.660731927883426939e-02
4.248688865867443487e-02
4.450557697045721961e-02
4.229917783369767370e-02
4.411046042441882364e-02
4.699255973725939561e-02
4.149316478358130306e-02
4.259269494226407271e-02
4.233763521904980454e-02
3.995460764659641145e-02
3.984363054956559236e-02
3.897908838765695716e-02
3.973164640335950792e-02
3.863371850473591718e-02
2.425520724513008375e-02
3.881583655620227807e-02
2.358093497786562659e-02
3.772325018416817360e-02
3.871353900565327466e-02
3.663679008062122738e-02
2.381331777530577495e-02
3.675597483405288607e-02
3.352772857001275197e-02
3.628904104297199507e-02
2.061852736432930044e-02
3.552397228248746486e-02
3.239577639466971470e-02
3.514421535553238773e-02
3.515135927628718071e-02
2.905278533826814377e-02
3.424011629514396582e-02
3.330980588558394434e-02
3.369481273199850802e-02
3.134777993400573309e-02
3.239044175961645206e-02
3.159541304170779275e-02
3.257931733808257235e-02
3.121260156522158435e-02
3.188992675829406542e-02
3.183378243057422008e-02
3.035146486185220233e-02
3.118673997572157103e-02
2.266050466441484404e-02
3.071689839294782301e-02
3.026867418097695800e-02
3.024475394806350192e-02
2.921748086333543840e-02
2.964043010441720985e-02
2.754169267519696734e-02
3.451862480143767092e-02
2.145677980769508317e-02
2.823876669837571338e-02
2.822016387542896493e-02
2.714052336494885559e-02
2.765566908741313307e-02
2.731430354512991848e-02
2.733202940611101014e-02
2.633339689126935196e-02
2.700250174820047894e-02
2.841899236151606070e-02
2.609343559810191338e-02
2.494336006269001760e-02
2.199313265654530627e-02
3.469658939367113032e-02
2.487125713174145533e-02
2.276630484960234790e-02
2.308285491844499701e-02
3.816382862193531955e-02
2.399152898431368419e-02
2.149487111169271630e-02
2.326958678408598200e-02
2.287588561661970527e-02
2.403335476242506388e-02
2.235743089321896859e-02
2.202408334622499991e-02
2.298600255230337161e-02
2.081693191055572836e-02
2.177391145175118503e-02
2.141580711744031293e-02
8.456370931324067725e-03
2.095398933596926208e-02
1.567183968359975310e-02
2.053697753850044355e-02
1.400717526313059735e-02
1.996500926495915068e-02
1.986276031850299495e-02
1.766233079949042911e-02
1.931502622222786708e-02
1.808216529492636532e-02
1.916601702616613917e-02
1.914021118066886948e-02
1.867433468908931415e-02
1.860554415425288641e-02
1.858998122276905862e-02
1.825738323458812179e-02
1.824905008841198883e-02
1.215741020877796758e-02
1.803974142945733578e-02
1.836711363446657391e-02
1.773879621667579648e-02
1.713507325975506881e-02
1.741970285166840465e-02
2.296286825266258963e-02
1.719928065293130706e-02
1.663260671673158497e-02
1.690427895553217943e-02
1.834525015410975665e-02
1.626173315587889009e-02
1.625511912211302298e-02
1.742951841596028159e-02
1.657974873272731811e-02
1.565905903956064590e-02
1.619822060727413304e-02
1.502040122044629930e-02
1.754798473700584088e-02
1.747438144593852979e-02
1.573922611953626136e-02
1.365881669877858778e-02
2.251673096052349970e-02
1.544679169919155499e-02
1.292032093838072632e-02
1.552013608187776186e-02
1.405325346467590358e-02
1.477833804557051114e-02
1.524663482305193933e-02
1.526979887527917489e-02
1.671736802424587248e-02
1.496100251918080007e-02
8.883352293467663974e-03
1.469542295868093464e-02
1.397344563330020842e-02
1.466512278850262176e-02
1.135541253239471735e-02
1.454647396756108407e-02
1.639791036339926025e-02
1.989578517208419675e-02
1.430375134146060108e-02
1.580223274201583705e-02
1.438596896798140234e-02
1.427638561042616008e-02
1.533236223903966175e-02
1.385137162080828099e-02
1.495204268357556293e-02
1.388778635833368830e-02
1.442571743671085607e-02
1.454139569334597995e-02
1.378148299543142420e-02
1.406387291976145953e-02
1.275494587997678085e-02
1.172769577571723329e-02
1.368857777376336106e-02
1.318371406569068469e-02
1.339836850048811701e-02
1.408429285671261751e-02
1.376016495868001219e-02
1.141803868358787916e-02
1.472233266316337608e-02
1.596915753613721220e-02
1.018905266795382299e-02
1.336408506830760214e-02
1.260671425297731768e-02
1.231168294247010457e-02
1.274849181086505981e-02
1.050066824254862474e-02
1.267199307910321648e-02
6.616153486243442697e-03
1.224637391409916232e-02
1.721925110761273608e-02
1.226976762891050440e-02
1.422416671921045671e-02
1.303186144364990723e-02
1.316787831193393793e-02
1.212613052918821294e-02
1.309152481081544972e-02
1.181361776391945395e-02
1.212505671677477533e-02
1.196734825108200853e-02
1.482036276239226055e-02
2.129994490768123347e-02
1.165604513204166262e-02
1.221977897311671279e-02
1.156764340417146611e-02
1.582749014935348059e-02
1.130306646144617344e-02
1.292748335976988926e-02
9.984267324864083346e-03
1.136667599299165561e-02
1.148002479308593213e-02
1.069607248510584703e-02
1.115989925817317992e-02
1.073005357726181282e-02
1.164161626803162861e-02
1.078889484061854899e-02
1.100587131123540070e-02
1.021692243828390377e-02
9.831503497326636587e-03
1.077896893326996466e-02
1.132554761182071393e-02
1.189818897538543092e-02
7.973540344557413298e-03
1.041701590661757264e-02
5.205994432343915256e-03
1.049228572251251559e-02
9.978875295041917878e-03
1.072035727212924949e-02
8.379155043593551622e-03
1.015211820720308099e-02
5.970779893716606640e-03
1.108068378898837379e-02
9.735802456412766953e-03
1.046608565844067348e-02
8.207076683296338562e-03
9.736393225296176984e-03
1.010504969263123498e-02
9.398876699991641492e-03
9.693089801579511319e-03
8.675012074854489968e-03
9.414665930389230081e-03
9.689417022594053880e-03
1.020909867288332350e-02
5.420307670659466406e-03
9.155441744738883683e-03
9.290497852090930792e-03
8.789175988295662087e-03
8.824012216553895477e-03
8.741152396258108220e-03
8.928274389075979700e-03
9.844067814800960825e-03
8.697697384853682670e-03
8.810453621291966866e-03
5.824541255571720824e-03
8.420094969711912694e-03
8.640698047462359171e-03
8.224597694415419422e-03
9.362203612715723142e-03
8.398278573154021112e-03
9.362258450773132401e-03
8.647241030124062922e-03
