1.018147045671162987e+00
4.356764959039164387e-01
1.781063335622716570e+00
1.857237552586623375e+00
1.714666119132901345e+00
1.534944136749426535e+00
1.404581754129179849e+00
1.269545614399185229e+00
1.148926620277614719e+00
1.047713336011147245e+00
9.616265633009272173e-01
8.910507289470850356e-01
8.162559315338310251e-01
8.009771405897460061e-01
7.026934131606733525e-01
6.614772202491615571e-01
6.121122005752579476e-01
5.826361803289104024e-01
5.625369629631669088e-01
5.170389936632648897e-01
4.983625041901296737e-01
4.614693723925249458e-01
4.506503868464906692e-01
4.385228393225855115e-01
4.034155492754672445e-01
4.010509267925247978e-01
3.937353402958311821e-01
3.660670896483454451e-01
3.639979684181711139e-01
3.598345236933980784e-01
3.294350374760729450e-01
3.363360325683000251e-01
3.332459158106897412e-01
3.100915332200853691e-01
3.140637903281714438e-01
2.733633494381462747e-01
2.934581507850751447e-01
2.957797620878112599e-01
2.713910377297872878e-01
2.779923526646154164e-01
2.792568506463791733e-01
2.424485699268536798e-01
2.620814737051900822e-01
2.635981410048585660e-01
2.427361033865173268e-01
2.478106497235646188e-01
2.496330579001530547e-01
2.203829186291872688e-01
2.343708213572809895e-01
2.363817611412965536e-01
2.494246730405103307e-01
2.158545738611660214e-01
2.223980624842276099e-01
2.216129424273737547e-01
2.074360100744814528e-01
2.061983957783284360e-01
2.090677848746640144e-01
2.077502824635575618e-01
1.812953335281621003e-01
1.965308712462062457e-01
1.966978013783057255e-01
1.937697818344528145e-01
1.823929639573665940e-01
1.867924113369264782e-01
1.857969357282003020e-01
1.727635201903487405e-01
1.784499143839074764e-01
1.771461919429719589e-01
1.674939578242310156e-01
1.708231101661091544e-01
1.701579125036652429e-01
1.609264273586792637e-01
1.640640638134556184e-01
1.291408072441108945e-01
1.566508420820337255e-01
1.578738005972119551e-01
1.369535028638568519e-01
1.512894307650310688e-01
1.520182439030149657e-01
1.293643916843520425e-01
1.469619727794204966e-01
1.470145443255679307e-01
1.253925135200813501e-01
1.423100320489561199e-01
1.420702143727488320e-01
1.304658588133817410e-01
1.380272696187158921e-01
1.376713165963841523e-01
1.284951254833764656e-01
1.334883555800829569e-01
1.331499920873090437e-01
1.233113151338864483e-01
1.291884067143532211e-01
1.288785954865019900e-01
1.190336034864942355e-01
1.252635445492501776e-01
1.250419617022580088e-01
1.199808136382570362e-01
1.216912326775542313e-01
1.212494296851631126e-01
1.178867496933584530e-01
1.182534595395226679e-01
1.080965872072656292e-01
1.153884164705972631e-01
1.151486031577992342e-01
1.054562777273124474e-01
1.120449482090191407e-01
1.118952475150808423e-01
1.084139625909339849e-01
1.094940115613209086e-01
1.116872524598629263e-01
1.069334059672430587e-01
1.069079435109417109e-01
9.606367625550248091e-02
1.049464907612501080e-01
1.048392168350961856e-01
1.024455502203855395e-01
1.026595252288960841e-01
9.426897742634639255e-02
1.007790838251765436e-01
1.006858642449249136e-01
9.083127641178807832e-02
9.867862444642412634e-02
8.431110475988021213e-02
9.713281260227661640e-02
9.736941812040354749e-02
8.266759287447335292e-02
9.485153559313316829e-02
9.507422669553294847e-02
9.471361310244075238e-02
1.054290748522711124e-01
9.351324021647881846e-02
9.981862364893491490e-02
9.236986450752258937e-02
8.558209334662879308e-02
9.172580007041672423e-02
8.401839898513951965e-02
9.057903520412585729e-02
9.162484025226330653e-02
8.879367546127769906e-02
8.917402449944067389e-02
8.107002207478163081e-02
9.011382209161268586e-02
8.770629245701501431e-02
8.022865010696954291e-02
8.663235148008918696e-02
8.453157797824144282e-02
8.619641721522637579e-02
8.543284298772352292e-02
8.543016469162797999e-02
8.474582630375393499e-02
8.425780251695727530e-02
7.729153287714356224e-02
8.365971185485170103e-02
8.251330448294724729e-02
8.262810396847100614e-02
7.883230950346249710e-02
8.156890166388211516e-02
8.121971948000925035e-02
8.070623878748273139e-02
8.054457675318499321e-02
8.022284402888681110e-02
7.929525460839045858e-02
7.934153921203360160e-02
7.910043434047787925e-02
7.768726646120888146e-02
7.804671563238853305e-02
5.971420957254332945e-02
7.733836220020211261e-02
7.886377376741120215e-02
7.626396524015637002e-02
7.644222353123665548e-02
8.305852486952808311e-02
7.556358318391427631e-02
7.535779967716688121e-02
7.287142317314521112e-02
7.429087244921568634e-02
7.481004710749579456e-02
7.371378141333662093e-02
7.343347841824100775e-02
7.329098035510783760e-02
7.430618918508641313e-02
7.146773568256460651e-02
7.195965606899919209e-02
7.187008033321452827e-02
7.135948683165042883e-02
6.726103447192226248e-02
7.095198984974966649e-02
6.909478732582542693e-02
6.997240427202386370e-02
7.011841775203159211e-02
6.239824262462454613e-02
6.947795493056860283e-02
6.900964991778799074e-02
6.929605304244366992e-02
6.003596882994249873e-02
6.822355641250514580e-02
6.327434561483762099e-02
6.768418299164744023e-02
6.510728212193049591e-02
6.931867743008456040e-02
6.725044719997885778e-02
6.308794342809613542e-02
6.652888353692081036e-02
6.649466740023983469e-02
6.580895703471288660e-02
6.579329359241717357e-02
5.944740259773192287e-02
6.558055262113364481e-02
6.473567527286434864e-02
6.609443341731138788e-02
5.807639421123285406e-02
6.465782073938144969e-02
6.514482162944554289e-02
6.469912900165758485e-02
6.422948923453244974e-02
6.340830857378772223e-02
6.395038534737208791e-02
6.128492340824601842e-02
6.478137932229703633e-02
6.339274582341393460e-02
6.312571875415971812e-02
6.232314650995123689e-02
6.299499470094271913e-02
6.221272017762630863e-02
6.304164298145396861e-02
6.164549662239379030e-02
6.336343970447114171e-02
6.235633084041670993e-02
6.101379342146428381e-02
6.357210333033627703e-02
6.194481653370312313e-02
6.146385635124271968e-02
6.292735544881959686e-02
5.967710273692989481e-02
6.290579235147662762e-02
6.111969330839099601e-02
6.091876523385979930e-02
6.102688322613335908e-02
6.061055514014664775e-02
6.100851395968543561e-02
6.075970214306761902e-02
6.316183855509437117e-02
6.094684305578210171e-02
5.169916765079906468e-02
6.172049474481338532e-02
5.908050349881404512e-02
6.006337663953750794e-02
5.962130325355614185e-02
6.008180119547802678e-02
5.107031083111036873e-02
5.999483423405126137e-02
6.274041916388217732e-02
5.959183508138460317e-02
6.290990771561183470e-02
5.933336309620833998e-02
5.912146044776130788e-02
5.754958599923275936e-02
5.768502654521887735e-02
5.867376281494120910e-02
5.805117591971676455e-02
5.918627942181126089e-02
5.789704055517122527e-02
5.880410697503343775e-02
5.811138101691122604e-02
5.764274079575824883e-02
5.799446564343438415e-02
5.173562427280103265e-02
5.962524718002248925e-02
5.192705185167813264e-02
6.517820694225831546e-02
5.708355833775343585e-02
5.807523694794416991e-02
5.749779015788277631e-02
5.825552454482024745e-02
5.828667678875461972e-02
5.826388777312502959e-02
5.610920548970593086e-02
5.894784653473069541e-02
5.739520105797072530e-02
5.655219838743565791e-02
5.751042282199514410e-02
5.653642782899138269e-02
5.643057302170683548e-02
5.589394199403179692e-02
5.671445761281063147e-02
5.624295045726819542e-02
5.662485873374991513e-02
5.587170984147120378e-02
5.670428393692986124e-02
5.460788528141418546e-02
5.530582332796392386e-02
5.586020476186048800e-02
5.556099449158290876e-02
5.581283482856194689e-02
5.542131997699768081e-02
5.541881339972884457e-02
5.551732677312748443e-02
5.256802052357640448e-02
5.564922634987438249e-02
