1.043342495067698605e+00
2.683308073298910079e-01
3.489668558816696464e-01
9.272518094823026802e-01
7.898680542260696491e-01
7.059408639107662697e-01
6.482512341821898838e-01
5.967373364101533628e-01
5.489668955287576591e-01
5.044868950092091797e-01
4.628887739304150539e-01
4.236608215023930923e-01
3.863508202247856183e-01
3.506151448663701320e-01
3.162045933548479071e-01
2.829920191448285771e-01
2.510235496922660903e-01
2.205078398098182513e-01
1.917335963542544930e-01
1.649781124296474943e-01
1.381457454494643966e-01
1.176487286397363413e-01
9.442674317511268178e-02
7.969955897318514726e-02
6.357910405318627223e-02
5.058071319680192135e-02
3.982431205505000682e-02
3.063670049941428358e-02
2.123442283385781892e-02
1.468368042515312555e-02
7.263965270801738504e-03
3.718313745189970494e-03
2.322085346825952714e-03
6.212079239163012002e-03
7.907468681560786070e-03
1.529476946970411387e-02
1.487847587621998931e-02
1.514872997981578720e-02
2.299211897303756955e-02
1.988792235679756604e-02
1.923719969407054753e-02
2.458582902894847558e-02
2.265655152766308036e-02
3.485124833493880719e-02
2.730963184593135362e-02
2.456067441251103683e-02
4.590616985375288450e-02
2.794542972642910517e-02
2.530875951267631471e-02
3.270428807502182705e-02
2.729816785155150111e-02
2.546720393079892134e-02
3.238399650410484637e-02
2.689944293638897241e-02
2.548272961596129843e-02
3.313640142237765651e-02
2.686464344528452855e-02
2.543185453638637308e-02
3.533965023469280708e-02
2.675544963439554016e-02
2.496653927386533953e-02
3.355462438108096357e-02
2.614204761167038607e-02
2.740608979673837473e-02
2.981059222177071671e-02
2.574715431184687597e-02
1.786514425518113611e-02
2.515070269841421929e-02
3.777892644075489526e-02
2.515153990770956777e-02
2.380729744047383606e-02
2.941136825453612505e-02
2.413015840133930084e-02
2.324709523760219027e-02
2.761625937644592022e-02
2.308022436863730806e-02
2.488513068183912172e-02
2.274361470549498415e-02
3.030047007282756985e-02
2.271507659303518764e-02
2.217537064991556214e-02
2.390014873009691995e-02
2.136726713736292194e-02
2.257193430057504238e-02
2.177737502903637906e-02
2.245226520596372774e-02
2.142680898848111151e-02
2.898023671928547096e-02
2.134965003934783181e-02
2.123987565243005624e-02
2.168999077673719814e-02
2.083374588109555489e-02
2.209183086146055200e-02
2.052879707277372595e-02
2.052047302876297552e-02
2.155505908330916306e-02
3.293794569311635223e-02
2.017078601722224404e-02
2.804818340852153688e-02
1.998890281367731933e-02
1.932907309309715368e-02
2.401374704568768823e-02
1.951614548510837571e-02
1.454563326764452165e-02
1.971244997170809587e-02
1.909595131055602871e-02
1.854699708526238652e-02
1.974297933835547636e-02
1.875737667898082564e-02
1.856336476855617937e-02
1.911425221785533271e-02
1.842980834077453597e-02
1.791339824985254195e-02
1.796780193421183836e-02
1.806759973255877422e-02
1.176261257877956636e-02
1.813480818456477545e-02
2.072252443090409971e-02
2.642467282717889457e-02
1.750502598423454848e-02
2.018085398286384100e-02
1.726182894419827848e-02
1.969924206731108948e-02
1.681394377738783599e-02
1.692652796437616597e-02
1.818832403626600286e-02
1.669874805755914779e-02
2.736904287925422813e-02
1.656998418555751321e-02
1.650868010596501234e-02
1.658870538306289957e-02
1.601954839361106539e-02
1.713598707140270502e-02
1.493469680459410913e-02
1.200704117465369210e-02
1.563336295500271020e-02
1.933934708670262750e-02
1.544274658527255289e-02
1.492032577072536538e-02
1.545300615915869147e-02
1.496127277591760389e-02
1.111522655491965252e-02
1.494533119501050000e-02
1.430122711636762009e-02
2.824141817513595859e-02
1.450634794359555516e-02
2.602202296507135498e-02
1.407469486472523804e-02
1.515978383747772738e-02
1.394424626631414997e-02
1.117618933824432448e-02
1.381878468156162200e-02
1.373986621150188187e-02
2.057124982333671456e-02
1.338427904907646925e-02
1.976306453188572329e-02
1.318465570203212686e-02
1.285492129987260944e-02
1.296040346196232658e-02
1.693754025431625301e-02
1.288717827502827359e-02
1.261169266716543821e-02
1.665841548902589550e-02
1.245271784338033635e-02
1.151992996490683145e-02
1.222356234126808008e-02
1.348731466592220998e-02
1.204905249600725890e-02
1.175811174099193265e-02
1.241708872418216189e-02
1.187419468476853292e-02
1.146169788621709089e-02
1.192377764997344484e-02
1.145853504120305719e-02
1.883931603720948728e-02
1.124471168094893364e-02
1.379270665378502791e-02
1.105098422546461033e-02
1.066925742014052450e-02
1.089534868053600343e-02
1.114855389532636194e-02
1.070364307839628305e-02
9.689508540240820283e-03
1.061948755617711689e-02
1.066568018634445579e-02
2.268285651332944616e-02
1.034184336838780624e-02
1.000895636126951371e-02
1.047627172900245443e-02
1.004655116865016753e-02
1.020220015748163171e-02
1.217109742079612762e-02
9.835239455437639819e-03
9.713310780202556380e-03
9.574358283592102753e-03
9.572269989098202217e-03
9.292433373605232805e-03
1.630618268306324725e-02
9.403781558561459183e-03
1.101664788088623469e-02
8.518713584529637173e-03
9.242636850993198039e-03
1.119699513942814910e-02
8.947481132165032575e-03
8.787252455596510775e-03
9.043438108871688572e-03
8.828404268905434144e-03
6.681243406428345744e-03
8.588187063862127990e-03
8.535088567136495455e-03
8.188607233645466346e-03
1.468348302920157757e-02
8.314138346431349316e-03
7.854290227180617950e-03
8.164410556715163969e-03
7.565610627455543642e-03
7.963936062484812048e-03
7.086331701086401140e-03
7.913410783482219268e-03
7.880250037855834888e-03
1.565311584755870594e-02
7.740712397744360304e-03
1.093290391714218414e-02
7.555584200257105774e-03
1.048004311066612348e-02
7.434285966184147124e-03
7.767329409670818870e-03
7.396658024569954977e-03
7.429436970844345220e-03
1.037739966760077050e-02
1.044341393783259665e-02
7.181360740290367549e-03
7.704299580779895920e-03
7.143385068454229624e-03
6.954565580077132388e-03
7.264255381269638101e-03
6.910776420444190299e-03
7.076020947869352158e-03
6.995212220242359724e-03
6.711945330203240162e-03
8.517079004535346373e-03
6.614040068053070841e-03
6.479161112830054102e-03
7.115281154701085485e-03
6.472855833532945372e-03
7.047154740555885630e-03
8.704266565353368720e-03
6.416011125939663322e-03
6.777754629620435199e-03
6.277827514092615413e-03
6.039954519543263602e-03
6.451747933837130751e-03
6.181737744025693135e-03
7.450490564927221906e-03
5.830336149822509632e-03
6.013039411045228641e-03
7.153818246412067990e-03
5.965067876768791362e-03
1.131914102231787803e-02
8.231068101264501363e-03
5.884262740569688385e-03
7.477333546661846936e-03
5.798095276721744983e-03
5.315854294855800431e-03
5.758423995783129058e-03
5.738725395391689084e-03
5.995899027294879745e-03
4.956924232552925406e-03
5.951818025915543361e-03
5.532770160325740753e-03
5.555098262996894729e-03
5.906749711294241589e-03
5.025178481492208020e-03
4.722395130860631250e-03
5.446227384573212350e-03
5.537197291225879128e-03
6.597201484280152024e-03
5.769948244476109066e-03
5.210388815723662054e-03
5.271448558875809105e-03
5.567906002157656936e-03
5.233116519641299071e-03
5.171830907235601404e-03
5.155248868635787726e-03
5.175897338831083466e-03
5.425448442543646076e-03
5.090343048274765907e-03
4.928572177337439859e-03
5.011926754898634803e-03
5.558275067591293347e-03
4.973105876601000355e-03
4.819457595581569387e-03
5.015445250224455191e-03
4.952103794888978658e-03
4.695379706992417260e-03
5.162085563047667802e-03
4.862959356493941170e-03
5.094859030054410542e-03
4.590880706695828900e-03
5.542477266428629673e-03
