8.674100288293555838e-01
6.012648135648090975e-01
8.445347458168771526e-01
5.422399134319880742e-01
3.270418843995651637e-01
2.003156489103104509e-01
1.308797754579968387e-01
9.263714659412254637e-02
7.037970100108267846e-02
5.628084831111991593e-02
4.652659319376185182e-02
3.927969793272319265e-02
3.362062547907804927e-02
2.916896569518230217e-02
2.367034066524606115e-02
2.233472148113176473e-02
1.880681011143747750e-02
1.703592145007171502e-02
1.564315264459704286e-02
2.432296270936160076e-02
1.244598273078831828e-02
1.581220974738887022e-02
5.170572881123791133e-03
1.756300687340560038e-02
1.534547385158686449e-03
7.053618969695941814e-03
1.499002477393207231e-02
6.220041843524861010e-03
5.048337817240653586e-03
6.524432329077919576e-03
5.248462142344073773e-03
1.205455252562482021e-03
1.108246937990161034e-03
5.350747073264877987e-03
8.748016807467409728e-03
7.600874913725664227e-03
2.865821006021760081e-03
2.456160046869128137e-03
1.738276934070671258e-03
1.334391584801473095e-02
1.215326167825549024e-02
3.966473487386028111e-03
9.393873429130401853e-03
1.729400368708395794e-02
3.721102002658773812e-03
1.437813444566908702e-03
1.702244350292163875e-03
5.647757410530548569e-04
1.404005371438468795e-03
2.195983135149976156e-03
9.175106431612439079e-03
3.103764533183074690e-03
1.185911010682261495e-03
7.966785246706607065e-03
8.556464037636884665e-03
1.049459718746403522e-03
1.159376643766913892e-02
4.815483973393154885e-03
6.060330143105450073e-04
5.404890106985775575e-04
4.081051425898805192e-04
5.503770092850225181e-04
7.074823068830624192e-04
3.361431010061767945e-04
4.415217445459953356e-04
2.109354989875178703e-03
7.249092601828444884e-04
9.385644668747630467e-04
1.132429234782039197e-02
3.444922071409304253e-03
2.582598679636745071e-04
5.832935001991820150e-04
3.399474000501188919e-03
2.962890361372563525e-03
3.287022032092870149e-04
2.619917475465566910e-03
5.434646543747270525e-04
7.952363607206226976e-04
2.557632550420270347e-03
1.705354964169399773e-03
7.053659584406253742e-04
1.551830585998120824e-03
4.316629171680447415e-03
2.877180170270610344e-04
2.365376294443144976e-03
3.588081991922832843e-04
4.248623837087950697e-04
1.373181097696193160e-03
2.234730072372294991e-04
1.274918762184784789e-03
3.807811298198550843e-03
1.541348446281992982e-02
8.783174321026214655e-04
2.215188854831160055e-04
2.435944659005057338e-03
7.192971968488800702e-03
3.958335980584312859e-04
1.080100817460710521e-03
1.001950688021005986e-03
2.034078745234235252e-04
1.337599261091885518e-02
3.130960738983312058e-04
8.782024093224616865e-04
5.152273310337670241e-03
2.171132104303347739e-03
9.759110391589453232e-03
2.615472599281662685e-03
1.027333907773535400e-02
2.257479879119376424e-03
3.828868397428069215e-03
1.397925703820494239e-03
8.964027312422340014e-04
2.461999625002514892e-04
9.994744882309617145e-04
4.568492223345660712e-04
2.124276190806805497e-04
5.890835076725380037e-03
2.344267875103535348e-03
6.037052097488272012e-04
1.933475530567415614e-04
6.499997878983051472e-04
1.799683489654254698e-03
1.816941946214208797e-04
1.986672626649652724e-04
1.098720232157250967e-03
1.379524587945905531e-03
1.448202055259754234e-03
1.150427831080039079e-03
5.180932307913490784e-03
3.900730875306856658e-04
7.851114328237175253e-04
5.832652698249315157e-04
1.885630289785528591e-03
2.936744081547871567e-03
6.477736063518399739e-04
4.040796370300955625e-04
5.213161015459323068e-03
3.440954267679526089e-03
5.812945730701646677e-04
2.201521018914112313e-04
6.408703816063411260e-04
2.234522195568506610e-04
4.722461438370475183e-03
2.152400925258203719e-04
2.075337581049061311e-03
2.795966227299575418e-03
2.833062084185472736e-03
4.861666773460160884e-04
2.583842323500041031e-04
8.536839792383452965e-04
2.322192356652020141e-04
1.497274320962111100e-03
4.929271222863767631e-04
6.054687150163460228e-03
2.388180929812638940e-03
3.096745259814741584e-04
5.126193144310936490e-04
6.027883498083019646e-03
6.068639529637272212e-03
4.048014954187289789e-04
2.531647596463568899e-04
1.425715005279788034e-03
5.112194793378782402e-04
2.747804722325318007e-03
4.986264689244315719e-04
4.041100651437012567e-04
3.788249643702331824e-04
2.214129684818058174e-03
5.246508626401436568e-04
5.946449244910824612e-03
5.464918215489838679e-04
2.213798650043060073e-03
1.044587139466675654e-03
1.988545734530433855e-03
9.804285450713077360e-04
5.133237229135363157e-04
2.647742033849011614e-04
4.723755646281197883e-04
7.871257974454290906e-04
4.551068072284594236e-03
7.811088657070227540e-04
1.273683425018070931e-03
1.715649102271334494e-03
5.047155991245563713e-04
6.695741930363061610e-03
7.723320658943081621e-04
6.690161299630188957e-04
2.334732438055900480e-04
4.776862510411045777e-04
7.229864145031642203e-04
1.315541120339959718e-03
5.855397899467075940e-04
6.228325227796660491e-04
6.645750448901674694e-04
7.526625175746091186e-04
2.867722474951637113e-04
6.932177864877853667e-04
6.667226321491773362e-03
5.328086172137995588e-04
5.933593760233090699e-04
3.241025124399965723e-04
3.361022524077435388e-04
4.031712994859984120e-04
7.030187105218341009e-04
2.605975114667125688e-04
7.436174308558043955e-04
7.012586093296210073e-04
4.254297836557652777e-03
1.050439576189839347e-03
3.596409122649244991e-03
1.252384103609129138e-03
1.065270563084432702e-03
6.448026928244176116e-04
8.902263836804508385e-04
1.453581399345136183e-03
6.395263713487802466e-04
1.056748413652051997e-03
9.840648642598442356e-04
5.037605640427645498e-04
6.601040316908245598e-04
1.930333596452021025e-03
5.338974375727452643e-04
4.293679913217756413e-04
3.948492113080508776e-04
9.630890805327024492e-04
6.192208423601129478e-04
3.012421928732900850e-03
5.191708751903422944e-04
3.203326431129767133e-04
8.394969199669895374e-04
6.959519061521700009e-04
1.697608400614581629e-03
8.377019378643450450e-04
8.848095013397114629e-04
1.610880041856151438e-03
6.029203542180001539e-04
5.953335497786156182e-04
2.874480490097774434e-03
9.048439836779231978e-04
8.783869210545399179e-04
2.856587580191894044e-04
5.589916219925443854e-04
6.495478636421553971e-04
7.288181644274919135e-04
4.337312712492930717e-04
7.345332206296861744e-04
2.954540437351001300e-04
4.610876394122333591e-03
3.503692456194940422e-04
5.528301316869317899e-04
4.544268631007588482e-04
4.780506280527901594e-04
4.955799885432293772e-04
5.112037480881346293e-04
2.833800652611320921e-03
1.011564951269080387e-03
2.144547618684898137e-03
8.601678879280409955e-04
2.204111526208804746e-03
2.799421254909515225e-03
1.824720642166635350e-03
1.817983489797217987e-03
2.895638359983767913e-03
1.640340477082869418e-03
1.138758369782510299e-03
4.714166285893001650e-03
1.176662477451615981e-03
9.450333795947091437e-04
5.399238544638864604e-04
3.032402633516681403e-03
3.785186523215507658e-03
1.131802810939716748e-03
7.637831755184652967e-04
4.436149925355071773e-04
5.439040403964055153e-04
2.184806673013020388e-03
3.386523985713981041e-04
4.490672232152302505e-04
1.458009626331822906e-03
5.080856423604348344e-04
4.163368676145017878e-04
4.327094712064778748e-03
1.763006026288102676e-03
3.033446566879853903e-04
2.599654660091959895e-04
5.701638184767456301e-04
6.076246420542857907e-04
6.630526609280476633e-04
9.179186124238342907e-04
5.912177076466025583e-04
6.566979279936963499e-04
2.530804283189802550e-04
4.767842707340975289e-04
1.350384658750586027e-03
7.729010734996871225e-04
2.877655659304357541e-04
4.327999023881305696e-04
8.979978473072387909e-04
6.747081453192106497e-04
3.250365467613981567e-04
