1.020718077077656938e+00
1.786680766721038038e+00
2.426357334025532442e+00
2.832732668181620728e+00
3.881929058976163471e+00
3.090373359577884838e+00
2.999748935515737180e+00
3.008462828471367700e+00
2.993874015960187762e+00
3.011006151699702205e+00
2.992956577000933205e+00
2.950387902254541839e+00
2.878202406476341402e+00
2.759093767235498706e+00
2.680989296536062660e+00
2.629755814122210378e+00
2.435996816380773478e+00
2.319475220266447923e+00
2.130160251600250909e+00
2.044258916979362350e+00
1.937020757983838104e+00
1.816722583635577370e+00
1.690046237530572260e+00
1.568217328941954758e+00
1.444637855248978253e+00
1.328626083724234075e+00
1.222690491497451015e+00
1.095687518247024483e+00
1.047786579172727439e+00
9.859529210892381546e-01
9.379367975244364830e-01
9.161120590327673785e-01
9.197628577147179962e-01
9.620672404861585481e-01
7.718915121211418207e-01
3.358249195967987766e-01
4.290049710602303334e-01
4.718717320430230733e-01
4.886901248493526473e-01
4.899577706839935987e-01
4.506042687213909215e-01
4.160240784208322218e-01
3.568956760144939011e-01
3.204826754797546196e-01
2.838687648374530470e-01
2.362448100392977313e-01
2.885009352672830985e-01
2.999711845277180378e-01
2.657985137989933300e-01
2.057080449445108650e-01
1.997967430308084102e-01
2.086113441271847668e-01
1.986221966868970124e-01
1.765479653804109261e-01
2.029163413826442219e-01
1.997421803974547272e-01
2.271424737880656797e-01
1.878763989330131667e-01
2.085583998029889308e-01
2.543418448261854925e-01
2.499597457837961501e-01
2.467128608565693215e-01
2.632736271816347728e-01
2.650665495579814790e-01
2.775602497922224354e-01
3.932587133502789545e-01
1.493841517485910708e-01
3.031810288722047719e-01
2.656039452641182907e-01
2.862548311034084358e-01
3.625722007674412883e-01
3.404923500277978743e-01
2.685063125724087008e-01
2.830754745842125053e-01
2.815432801421897113e-01
2.427670139406926941e-01
2.862105959307362224e-01
3.284637269482266198e-01
2.705442723369688163e-01
2.637721072046629867e-01
2.867786095729187856e-01
2.691988135510217650e-01
3.040673670034309550e-01
2.657841121820638808e-01
2.158873226474469220e-01
2.433852871104419113e-01
2.721317178763617561e-01
2.654646488131800486e-01
2.775374435428512032e-01
2.915975138260154531e-01
2.635044164465306094e-01
2.433226678348954508e-01
2.581470478203591323e-01
2.370560503403364716e-01
2.489410582152455087e-01
2.684884275121730557e-01
2.869201177498588162e-01
2.676072428436602202e-01
2.562306173193073522e-01
3.602399054352787844e-01
2.862462025204177696e-01
2.699806648447188318e-01
2.471967986395358363e-01
2.644850948765095633e-01
2.659067854848443102e-01
2.519578525780824529e-01
2.502654824017815360e-01
2.367948994423421105e-01
2.677128449760953210e-01
2.511363346501083726e-01
2.663362426269249572e-01
3.161504725016245909e-01
2.104254771897610399e-01
3.103805535843967567e-01
2.509289257496385983e-01
2.561642976711550612e-01
2.475310007504899212e-01
1.520663906632566398e-01
2.553681048579175550e-01
2.614449948963598613e-01
2.511960420437899244e-01
2.425891336928792941e-01
2.240102200389587905e-01
2.459878454229851574e-01
2.526092252797726978e-01
2.662323996606222321e-01
2.016225604212923683e-01
2.065349844255158773e-01
2.531197830748541655e-01
2.349863210078665388e-01
2.581080103778581325e-01
2.453209087105346908e-01
2.312342104675347843e-01
2.548814286587828271e-01
2.155005104593434306e-01
1.689726301600617819e-01
2.227571253733093004e-01
2.507881102221237168e-01
2.311918960649873844e-01
2.242533124578016956e-01
4.225377921240527912e-01
2.386894590317928389e-01
2.353102285871138399e-01
3.978375451106068161e-01
2.350063837333760675e-01
2.604139304442870118e-01
2.409420423337255701e-01
2.513851869637858116e-01
2.668413777129955977e-01
2.205508869130825278e-01
2.234996525715560733e-01
2.241115951824102503e-01
2.480228613615642064e-01
2.411034876065888954e-01
2.372419682479859071e-01
2.203671698517548072e-01
2.431371883972188730e-01
2.367283563126919288e-01
2.120286628600855650e-01
2.726726225840139795e-01
3.029126654325487999e-01
1.721955125138458775e-01
4.360581615508272724e-01
2.745343643484630669e-01
2.265891889373392309e-01
2.389406042824286369e-01
2.297835130939639425e-01
2.330597967527804903e-01
4.191998739783235339e-01
4.574484120853705149e-01
2.219584349736106743e-01
3.259477557951364068e-01
3.636081187692516425e-01
2.131535070481708483e-01
2.206261033671549077e-01
2.332366452959892533e-01
2.158457007086285184e-01
2.531857631817324705e-01
2.204036669987627373e-01
2.091056572176941131e-01
2.196746077610856607e-01
3.113566570390102761e-01
2.274923959627759562e-01
2.848107601655704979e-01
2.177790291808431866e-01
2.435346369748747908e-01
2.958409628517237877e-01
2.163613494136098214e-01
2.054629454151852830e-01
2.252201185028720465e-01
2.307196061572676926e-01
2.234613942941397202e-01
2.098840562627589390e-01
2.043879630627803978e-01
1.946862585138992019e-01
2.273382627100908882e-01
2.149940607869500198e-01
2.186623231704184211e-01
2.082927637795585485e-01
6.909209926935381274e-01
1.247684179882694450e-01
2.256611840253446855e-01
2.271342232599448396e-01
3.233115638811167591e-01
2.293384736473509933e-01
2.295378043611388252e-01
1.906132513159846387e-01
2.326261687804277167e-01
2.836378861333727630e-01
2.021517376170456348e-01
3.463940989099907886e-01
1.939406248588519954e-01
2.288049131625163601e-01
2.106646245477893364e-01
2.403976509617196111e-01
2.331092705649550068e-01
2.194825374465843026e-01
2.483284463084803884e-01
2.653866159513142420e-01
2.699137294293515454e-01
3.450773960436022136e-01
2.677247049770211107e-01
1.848013829740602354e-01
2.235165561734984985e-01
2.074399349568418482e-01
1.869266800845242882e-01
2.872430637085926497e-01
2.444708666865168245e-01
2.203349962969413101e-01
1.985499707424380478e-01
2.744789121595793135e-01
1.740523898291821414e-01
2.221995418909594455e-01
1.983129396035566705e-01
2.082939273435109873e-01
2.215763113293006958e-01
2.308734059812910522e-01
2.036632895597759452e-01
2.093337788057119397e-01
2.114895951377880334e-01
2.389010071137198654e-01
2.033797781939132299e-01
2.347929377824568287e-01
1.489079338341780523e-01
2.171899359801152674e-01
2.167199671046126930e-01
2.219684015897084028e-01
2.051112495407024783e-01
2.007577126341397733e-01
2.700580164406891082e-01
1.979810242878996263e-01
2.330685184913793284e-01
2.596651789655713416e-01
2.321510562013389678e-01
2.196289880917065840e-01
2.047499817895965246e-01
2.596984983153526882e-01
2.273433629189098582e-01
2.270175755219872304e-01
2.917110858113716731e-01
1.945459511511785367e-01
2.113836096251967833e-01
2.599930845175850713e-01
2.079838972775350792e-01
2.195636641319277105e-01
2.217484505347978585e-01
2.139021730666378907e-01
2.264779151395158174e-01
2.243082504554933798e-01
2.212472152625392097e-01
2.365426019173399452e-01
2.215580797438953531e-01
2.051997685537643723e-01
9.334215143750121402e-02
2.064625942649956636e-01
2.024849043934722481e-01
2.144135862798932923e-01
2.040754731502599506e-01
2.163893548868334460e-01
1.050007600073132596e-01
2.192651081271603242e-01
2.089664131072371256e-01
2.289415436391161740e-01
5.120902989252136273e-01
1.897937814713173132e-01
2.366150300580459886e-01
2.151995553216272949e-01
2.604817803107943863e-01
2.729721207216327938e-01
2.184844602008107484e-01
2.210666773469219804e-01
2.429842789687628180e-01
1.829006858117881440e-01
2.909022957050445002e-01
2.667202708887407292e-01
2.122334390594200204e-01
1.783376509708676227e-01
2.253717202862834945e-01
2.261463386423362421e-01
2.484244297943512259e-01
