1.004170438025196788e+00
1.198109744316340430e+00
1.594141364422429152e+00
1.084169175605942392e+00
9.780844709358070821e-01
9.325448673862795079e-01
9.901598023867447251e-01
1.031338306826197426e+00
9.619686448084694419e-01
8.521762494930905651e-01
7.955823276796920585e-01
7.893631551821468362e-01
8.014075371264492986e-01
8.248963312001501569e-01
8.883156418347667449e-01
9.732209916536520566e-01
1.064245856371711207e+00
1.026666571144091655e+00
1.144015328769193651e+00
9.223538959170655138e-01
1.028369924580290418e+00
1.143063387346083370e+00
1.196693621899386883e+00
1.196945263396499426e+00
1.159348430509118177e+00
1.103963504925533412e+00
1.025877016731902014e+00
9.670463056304966498e-01
9.052823935344278539e-01
8.244066149294382306e-01
7.716989649928468475e-01
7.077880563287307636e-01
6.493424339285164271e-01
5.987027833285941680e-01
5.578189808408273720e-01
5.086130749562028930e-01
4.626586365864407413e-01
4.134614952055504222e-01
4.036537865682741644e-01
3.786815779245008562e-01
3.435772421063561510e-01
3.120076642396578670e-01
2.890540654515643126e-01
2.792804029425164369e-01
2.822147988061881052e-01
2.609966511520732113e-01
2.606429151876168415e-01
2.421905971274387614e-01
2.331287095400768894e-01
2.368319998917419178e-01
2.209464439809945557e-01
2.099695073848789062e-01
2.083883818266522303e-01
2.096836451450625749e-01
1.725319348248752493e-01
1.880134453701486075e-01
1.889080879686932390e-01
1.812328621815939289e-01
1.855281513921763770e-01
1.653834711170896199e-01
1.446076909351299011e-01
1.919278670234060014e-01
1.466413872990155187e-01
1.598329271252563188e-01
1.251339062057967855e-01
1.538324711119328503e-01
1.438425280988274158e-01
1.514288472833976162e-01
1.397904984398289641e-01
1.237707938793610324e-01
1.300339308991887433e-01
1.329095142867203205e-01
1.279998535158550499e-01
1.255000055309440921e-01
1.146830391611379368e-01
1.187699707337797200e-01
1.116640968928561961e-01
1.115602990539984046e-01
9.380058289587833720e-02
8.303740541683282683e-02
1.026773619943134735e-01
9.706123371472603900e-02
9.828867869364743548e-02
9.500390662370936101e-02
8.664965676302009701e-02
8.815982258311270969e-02
8.384980068319795865e-02
8.098438944779322302e-02
8.143662455728650773e-02
7.390608572934741216e-02
8.326137772908540069e-02
7.249568002850319270e-02
6.639295042653065027e-02
6.832207525008057725e-02
6.744150240127121110e-02
6.483298211430052471e-02
5.348995951085447342e-02
5.907961396732050452e-02
4.494948160758928390e-02
6.925005598174481525e-02
3.967613789846746730e-02
5.263277211303370173e-02
5.090640847882395986e-02
3.237267997295959626e-02
3.042109599286886568e-02
4.436474483262217716e-02
4.492747676361757286e-02
3.463085001844581901e-02
3.976558149382224128e-02
3.662846707447418859e-02
4.220017499578482961e-02
3.580829428756965999e-02
4.024117375279846753e-02
5.304907245221813367e-02
3.163528468229458851e-02
1.627564871583905143e-02
3.046826168388135775e-02
3.213464188941358990e-02
2.431303407084444562e-02
1.741879850322640769e-02
2.484046108619699517e-02
2.253320764763996897e-02
2.421501545188682603e-02
2.175201247537913302e-02
2.163525570389788003e-02
2.895520350231122614e-02
1.951167837438898614e-02
2.741584001982131161e-02
1.770867209643890716e-02
6.735411436807436925e-02
1.387465895229163249e-02
1.517553076614249277e-02
1.973857414119541825e-02
1.542191925164020788e-02
1.120853788971357470e-02
1.486121910057551683e-02
1.308707699134650099e-02
1.216323322635906243e-02
1.916069995942231916e-02
1.927734370087195656e-02
3.304336477938309841e-02
1.108279483490139800e-02
1.038019734784686662e-02
1.211439948281584425e-02
1.109183391767799842e-02
3.481806629646807399e-02
2.066469391486390472e-02
9.333588876151131114e-03
9.492581921161299952e-03
9.385779912072072725e-03
7.850955526067772416e-03
1.276801399897218268e-02
8.827004371390109044e-03
5.101260554889239934e-02
1.478474542038931555e-02
1.144630146401696795e-02
2.161815019758232120e-02
8.845005298170515590e-03
2.822340000147731051e-02
9.040871107746623059e-03
5.953018715432199098e-02
2.283515432979873333e-02
7.930180243795053804e-03
1.300871014981876302e-02
9.349521740414949364e-03
7.923861533235047189e-03
8.660329486702594490e-03
7.334703169431278612e-03
7.915226147921956834e-03
1.385695934921803325e-02
3.215479982385745922e-02
7.930896699923311796e-03
1.183157192057581950e-02
2.159104758910084659e-02
1.173717673527693676e-02
8.416197182849027847e-03
9.223666485929095729e-03
2.064567458372367978e-02
1.604840416813453977e-02
2.219546429036633670e-02
1.718309413463453214e-02
1.587848679909673044e-02
1.240290545762478235e-02
4.163031002844086448e-02
1.659285340843595982e-02
4.659264501596085961e-02
1.940296270591562733e-02
3.993654552755777909e-02
3.648005127866674191e-02
1.653903889966508098e-02
2.812573973435842853e-02
1.237712389681472000e-02
1.517801381240783433e-02
2.184239087186982953e-02
2.205482250950129355e-02
1.940691380868921068e-02
9.841412887561127795e-03
1.367943121835698585e-02
1.105186551926983993e-02
2.032438467138957677e-02
2.224098237992331098e-02
1.734284819178603249e-02
3.843845489187726339e-02
2.144099477904902809e-02
1.077051525544193630e-02
3.483081049743112778e-02
1.842108206289002834e-02
3.151875177744870027e-02
2.133516524830074076e-02
1.083234037514512783e-02
3.195765837601396986e-02
1.196433996765369073e-02
2.287950269023612468e-02
9.089987224515566622e-03
1.316248782229912165e-02
1.323413505162512709e-02
1.437535333369012111e-02
1.840506501790864849e-02
1.549007777616964211e-02
1.076914896123598413e-02
1.028851267935127975e-02
2.358180574470002122e-02
4.025661647426388712e-02
1.227310631613646313e-02
1.553919607789360988e-02
3.973317348039471369e-02
1.551153894599145711e-02
3.162755892321429674e-02
3.136004065646365996e-02
2.105662024443901228e-02
1.579506044295754183e-02
3.653821748546050990e-02
1.534761903634639796e-02
1.725155343969651811e-02
1.669631549880514973e-02
3.491498961172739141e-02
5.046206427235295361e-02
5.047429281456220634e-02
3.204714244126231210e-02
1.431247277852880362e-02
1.718142107097050258e-02
1.289071288775810523e-02
1.350300265265120918e-02
1.370790922393229187e-02
1.215657466369757592e-02
1.045598596628497141e-02
1.327692919273824532e-02
2.012392827326232175e-02
1.415438773898583004e-02
3.347125806586867536e-02
2.061284013587839220e-02
3.043997615631941628e-02
9.631881646012139739e-03
1.293679703267337951e-02
2.139837349946285827e-02
1.131230457254422603e-02
1.567235730510481428e-02
1.311871795246904483e-02
1.180465618213200063e-02
1.021596576512653030e-02
1.401875287211086334e-02
1.484335697322811988e-02
2.059955501921876056e-02
1.717587686723467608e-02
9.653939591523065175e-03
1.201098238622316967e-02
1.299539160027364700e-02
1.874442689185384231e-02
2.184894281948757469e-02
1.175293462936999322e-02
1.626530768858150747e-02
4.164458112738605305e-02
1.546955842764995495e-02
1.623575412754562491e-02
1.800544878090358167e-02
1.551129106408489361e-02
1.507126236646419773e-02
4.876827631124006079e-02
1.571083197380414298e-02
1.222308160826749389e-02
1.240909053543350765e-02
2.078569938603842121e-02
3.571078162024950153e-02
4.061395379840904152e-02
8.562851934283575647e-03
1.448318025580543587e-02
2.469588897021847418e-02
3.406929497126293810e-02
2.088696133568920463e-02
2.055220938299784361e-02
1.570971811250856595e-02
2.222659339465275774e-02
2.318539234794944268e-02
1.747242997425049738e-02
2.598411330430619795e-02
4.676554985665303671e-02
1.917559868727405567e-02
1.190257290349378515e-02
2.828831776796935857e-02
1.097063311154789465e-02
