9.526980768583492853e-01
5.490180547964624846e-01
1.740022652391524538e+00
1.621147277277057874e+00
9.688701516760833687e-01
5.352071464161828329e-01
3.064139595876743671e-01
1.907357545179483305e-01
1.315924890377169754e-01
9.872880151880970845e-02
7.758687871920098844e-02
6.199326382424515808e-02
4.966780995466881649e-02
3.984064653981046755e-02
3.219765386315770472e-02
2.647369395256175817e-02
2.234595145960215079e-02
1.944384437349618369e-02
1.906978424911724354e-02
1.605333252698908086e-02
1.717348192407047724e-02
1.406416740018958701e-02
7.531179667785312115e-03
1.251146976466020744e-02
1.077210036668270476e-02
1.106315375661881886e-02
1.053966177523320107e-02
9.751441175329575092e-03
9.413603931990132193e-03
1.023157406888696407e-02
8.511535155967409755e-03
8.261897276137099982e-03
1.069586234805315790e-02
7.042985820255781571e-03
6.231853835049234493e-03
3.529261936082984680e-03
7.881298580412691990e-03
5.610464846588988919e-03
5.706976690196972381e-03
5.538219486584778153e-03
9.158523745682061248e-03
9.129082355685465625e-03
4.235320041371194548e-03
4.206697401629667585e-03
4.390037391448672367e-03
2.011713260465930551e-03
1.078896282197084298e-02
4.024405397804691094e-03
3.612150253836066919e-03
4.033649226954691414e-03
5.107435274724958507e-03
1.035010520413548116e-02
7.774738410898002910e-03
6.287270420168604088e-03
4.516503726729275553e-03
3.135229126576860332e-03
1.912129870660484940e-03
3.869088594033510443e-03
5.203131780517540952e-03
3.237166198823436102e-03
2.932961338753257638e-03
4.098019410050673592e-03
3.039371150922151859e-03
1.073812104266638669e-03
2.265441286463167839e-03
2.090639779296029222e-03
1.779783462530304698e-03
1.732928826178153350e-03
6.086688450434115175e-03
2.022363638084822505e-03
1.584622150235351877e-03
1.209975008262492539e-03
2.005062858255128588e-03
2.644997983576907914e-03
2.134914505228442758e-03
1.655757820226298228e-03
8.864278333220399148e-04
1.672063073798373770e-03
2.302233755430930368e-03
1.366397721457556337e-03
7.551976156980892869e-04
3.349211922250526757e-03
1.269873889781965260e-03
1.919957160499074014e-03
5.799506954650709457e-03
1.016943436474823919e-03
1.245327389212044777e-02
1.024276918586631202e-03
3.548906072815840272e-03
7.166269077266043241e-04
1.157235372720100824e-03
9.255057984946347483e-04
7.778517234272681533e-04
1.212904207047446354e-03
8.830334970954412804e-04
7.320357467320554425e-04
1.336587575271551073e-03
1.019573235707318211e-03
5.631739744052469566e-04
5.525293741127513224e-03
2.535266900109885927e-03
7.521802102671390662e-04
2.642620122026470564e-03
2.909606570643484633e-03
1.794072992794633033e-03
1.619321873188414324e-03
6.827021089224044994e-04
6.317020131624649778e-04
8.043861985539183489e-04
3.143121539650127450e-04
5.655521600631995471e-04
7.229454037896950510e-04
1.187329794857912551e-03
2.699851021919994539e-03
3.797315596009379220e-04
1.072048987556339233e-02
2.145660549086483935e-03
1.222001591410651041e-03
3.591045358061180272e-03
1.451979582702533087e-03
2.717175172533076101e-04
4.786385887713066889e-03
3.957319862413071778e-04
6.933406497857590254e-04
3.095806473595946740e-03
2.143908289210365217e-03
2.892229216210367385e-03
5.078596628218544134e-04
1.058534645391387115e-03
1.784289308557855582e-03
6.061712936312450449e-04
9.237860025645771396e-04
5.750016724530579784e-04
2.554061665035421962e-03
8.085818995907505810e-04
6.313206995165009452e-03
1.406166202887216285e-03
1.524824843376515904e-03
8.278240248680372379e-03
3.874159666309814789e-04
1.120066168508057408e-03
1.000997693884576314e-03
9.389925676821512168e-04
1.571180367903216501e-03
6.198377132051011325e-04
3.342983924809091179e-03
1.643617852524495112e-04
1.055234449001484377e-03
4.228754703326539194e-04
7.877584071791173675e-03
1.713064860806297698e-04
2.771625697767215860e-04
7.896461024798291694e-04
1.468737032215608452e-04
9.875703759371302817e-04
1.106187905351874862e-03
1.025990248407130647e-03
4.282974154961395434e-03
6.765680850363002714e-04
1.660622550759568430e-03
1.426125470859452866e-03
1.940406863588264418e-04
1.720479660375593854e-03
5.936897132061421702e-03
3.376937464437126338e-04
2.583107591592997531e-04
1.698964177829474743e-03
3.136241438360353991e-04
3.714899302549904097e-04
5.088984745476306075e-04
2.748614222806313573e-04
1.382745396576863474e-03
1.732104488125510216e-03
1.571366121112753112e-03
1.931060542020408008e-03
1.867572871664951604e-04
9.994075019960973680e-03
2.115288847491391571e-04
9.634220832294081941e-04
3.009472262390504196e-04
7.460801781203872402e-04
2.584116022734521964e-04
2.580567867725827146e-03
3.295878712506636831e-04
5.004286762990805670e-04
2.182846488550797912e-03
2.833957991175586714e-03
8.548334482147112697e-04
4.984318731933852454e-04
4.534386704759481627e-04
6.977663561189846163e-04
3.647258008070699501e-04
3.088109284873897489e-04
1.716359679437530147e-04
6.080991795606144985e-04
8.151824325707219881e-04
1.292321023875263666e-04
3.212271719969137743e-04
6.705723102906256672e-03
2.435261056412073289e-04
3.468255649211077207e-03
1.794212293144955899e-04
3.797436040718203286e-04
1.001602048714533421e-04
3.074922093673483040e-04
5.632626371684955119e-04
3.006829150860108510e-04
2.209047167731642385e-03
2.561054183325415720e-03
3.110005430713515848e-04
1.771051256751647661e-04
2.515132649364488940e-04
2.162583160452075711e-04
8.690537702898213507e-04
6.079265598033840477e-04
1.822869222389469218e-04
3.213867325613004142e-04
2.586545408280186992e-03
4.366428534203282193e-04
2.494288624791662630e-04
3.289395251588408606e-03
1.806664115661632325e-03
1.690494744908567894e-04
8.503251337643524333e-04
1.962737214262036704e-04
2.433713266595344759e-04
2.899661495940710257e-04
1.678097540921761732e-03
5.164149191149763809e-04
2.372543373034574545e-03
2.367940884207309657e-04
5.791915671956483639e-04
3.171077491227553436e-03
2.838353851253372427e-04
1.326250008831848402e-03
8.445836933123186761e-04
7.230239864640287603e-03
4.974523296286844894e-04
7.171069628076019980e-04
1.072450972245573241e-04
7.351253772156276503e-04
2.120171140600219523e-04
3.052746123884565862e-04
1.194606195462847697e-03
3.068976153566868701e-04
8.562372123472736978e-04
2.388750160183290925e-03
2.561026884796127525e-04
1.521952105421905174e-03
6.894670081922844472e-04
4.345720623579852433e-04
2.125551224798679067e-03
3.349640008022063782e-04
1.613035775335374972e-03
3.266015277957009014e-04
3.231932294048116554e-04
6.276904402994216807e-04
6.107091726319397460e-04
4.023691044888930493e-03
4.835467027141895262e-04
1.010797306750436161e-03
3.641214323897463793e-03
8.945842504071650813e-04
9.657887501731701957e-04
5.896404057908436348e-04
1.010125751005957464e-03
6.423537559161702831e-04
3.959989497517643099e-03
3.589002948433175628e-04
2.810766087999209614e-04
3.032453160144429677e-04
2.874302972706467693e-04
4.938559822701081223e-03
6.274008017884254379e-04
3.864907480630393882e-03
6.903176794954550988e-04
1.383975070227463780e-03
3.834346838192115303e-03
7.806626584958699204e-04
1.543829108369157866e-03
1.867176283030501502e-03
1.624401518014333395e-03
1.716370576262437773e-03
1.912256938548027418e-04
2.620093854620978574e-03
7.337191654613011002e-04
4.584598414645678745e-04
2.990024283680134485e-03
7.909071997429387504e-04
2.668601207717931443e-03
3.224961448319963548e-04
1.182527032216552183e-03
8.831976216647296303e-04
3.929396222659166100e-04
3.200960747484198217e-04
1.466673557287014647e-03
2.842072835245086377e-03
3.213350269386416186e-03
2.608469249670210700e-04
4.152227014253670923e-04
