1.057658103876398359e+00
4.820949036915566310e+00
4.219784968548130344e+00
4.818900085812559020e+00
5.178572455824856036e+00
5.328688140077011859e+00
5.349871931915632040e+00
5.232070408504422510e+00
5.170658513518926469e+00
5.166301189594488363e+00
5.204116708286172788e+00
5.267874438405274695e+00
5.357614204319636642e+00
5.489704008787802181e+00
5.645685891091094533e+00
5.800032122480168084e+00
5.946528504473609367e+00
6.088139861079638671e+00
6.244439110486546873e+00
6.410623002996049813e+00
6.576230344887038726e+00
6.747281888385630033e+00
6.918118966184069407e+00
7.089407566524939419e+00
7.259224768134227901e+00
7.423740774522959107e+00
7.583868900698752746e+00
7.737469232810358477e+00
7.904484630359997155e+00
8.067284008560594799e+00
8.230273543285123949e+00
8.396183210591448898e+00
8.567566395017511383e+00
8.737306465344289563e+00
8.919350394843251095e+00
9.099470824783407963e+00
9.279627934135771028e+00
9.460228264795812692e+00
9.645904282654500506e+00
9.828519128186256282e+00
1.001312293364530603e+01
1.020059073296522811e+01
1.038412894476506487e+01
1.056848648750549025e+01
1.075679622891746234e+01
1.093458366663107739e+01
1.112281191077577169e+01
1.130463216040497088e+01
1.148578814155085048e+01
1.166239561359894417e+01
1.184564209373765031e+01
1.201830875427241274e+01
1.219318887045465694e+01
1.237238700786737056e+01
1.255102674693897491e+01
1.272507250412262714e+01
1.289488606313936891e+01
1.306561612423675278e+01
1.323226890940450495e+01
1.340194562513590171e+01
1.356814933323650152e+01
1.373589408371003273e+01
1.390256298111381739e+01
1.406513830522265707e+01
1.423135602327754512e+01
1.439122151021661722e+01
1.455940612757694197e+01
1.472118694785227966e+01
1.488263093799930381e+01
1.504498401181936451e+01
1.520493106725051469e+01
1.535977099356523468e+01
1.550956741667815564e+01
1.566200328274884335e+01
1.581328442733885176e+01
1.595369693282575518e+01
1.609330963660723057e+01
1.622923479869341179e+01
1.636757703123435803e+01
1.649744805244228019e+01
1.662714001609201020e+01
1.675907796162038466e+01
1.689142718669819132e+01
1.701684129925879674e+01
1.714504021562624558e+01
1.726908846430673350e+01
1.739516461798266533e+01
1.752238027037421375e+01
1.764550674845430933e+01
1.777146016336432766e+01
1.789665735563748328e+01
1.802288863553395615e+01
1.815082433413971685e+01
1.827900885889371807e+01
1.841089176049903742e+01
1.854096991185213383e+01
1.867399412389658053e+01
1.880869503410181309e+01
1.895217562555996693e+01
1.909693914822171479e+01
1.924182135939485860e+01
1.939094235416828127e+01
1.954034279888392689e+01
1.969372024845106850e+01
1.985020967753258248e+01
2.000668953092698743e+01
2.016365633175034233e+01
2.032163007323694615e+01
2.047894356668784610e+01
2.063464909761102462e+01
2.079581510097622044e+01
2.095501484871080677e+01
2.110992556770426631e+01
2.126718547911003654e+01
2.141951943855990237e+01
2.157437333920835698e+01
2.172339392446829720e+01
2.187310921203729208e+01
2.202058221615672551e+01
2.217003612396602819e+01
2.230850164566286864e+01
2.245542436628213778e+01
2.259294368012637122e+01
2.272791512033697003e+01
2.286642233561892823e+01
2.299782804383549006e+01
2.312821708530492515e+01
2.325856791794230460e+01
2.338658276313879725e+01
2.351081451354810881e+01
2.363741191221427940e+01
2.376097020974654228e+01
2.388064803155352678e+01
2.399957628924538966e+01
2.411587153284492402e+01
2.422846562771511003e+01
2.433875649663453089e+01
2.444399755438579547e+01
2.454657657182979591e+01
2.464040307143821096e+01
2.473847640097930523e+01
2.482791686081372262e+01
2.491933152636945437e+01
2.500853774994482492e+01
2.509297882518437817e+01
2.516887114031574768e+01
2.524952779372418021e+01
2.532450200739184609e+01
2.539717405742169731e+01
2.546606830029010382e+01
2.553028577839715396e+01
2.559197704066023960e+01
2.564775904835795473e+01
2.570047290688493646e+01
2.574950831939164431e+01
2.579782911598073269e+01
2.583732406813994942e+01
2.587759688692655757e+01
2.591405771676735981e+01
2.594636557763910290e+01
2.597436343261626490e+01
2.599946620323761337e+01
2.602357019877093691e+01
2.603599429620924610e+01
2.605182708864951380e+01
2.606539813799986050e+01
2.607307545979356078e+01
2.607149311745953213e+01
2.607435886189779595e+01
2.606847828257307498e+01
2.606410537109203318e+01
2.605049159528083536e+01
2.603171910097995934e+01
2.601280526115407454e+01
2.598774837160947371e+01
2.595556807765000329e+01
2.592599931267359992e+01
2.588757868321526701e+01
2.584662820871949052e+01
2.580797231550897664e+01
2.575927948624262598e+01
2.571198602092635710e+01
2.566150965527995353e+01
2.560610149944683656e+01
2.555347009277658543e+01
2.550068029747815856e+01
2.544301011216118269e+01
2.538104658626123467e+01
2.532310590376936332e+01
2.526143568099178083e+01
2.519882433853095804e+01
2.513162245485018786e+01
2.506602249418432748e+01
2.500022902793489976e+01
2.493438935488017449e+01
2.486707307823967028e+01
2.479516949723576857e+01
2.472906329928648006e+01
2.466312646629708283e+01
2.459379123587507010e+01
2.452479403432406002e+01
2.445824700059446855e+01
2.439349754685400740e+01
2.432498247766486799e+01
2.425882358155975282e+01
2.419821060481089958e+01
2.413073478889704049e+01
2.406965971362549794e+01
2.400983604304637709e+01
2.394826237739623664e+01
2.389090502686254425e+01
2.382970742395350783e+01
2.377689645755349090e+01
2.371932149947111412e+01
2.367088127006053000e+01
2.361838622537181820e+01
2.356355209751727742e+01
2.350927279078267773e+01
2.346499365445906093e+01
2.341095472366853514e+01
2.336680908562928138e+01
2.331976560178805258e+01
2.327330877912670459e+01
2.322658445869278765e+01
2.318557417887591399e+01
2.314444245448287774e+01
2.310251962102656265e+01
2.306193286343233950e+01
2.302154962627792401e+01
2.298626155260556203e+01
2.294649948376312310e+01
2.291199553100750563e+01
2.288043407541699281e+01
2.284882377914246376e+01
2.281901045312267584e+01
2.277760534571234885e+01
2.275529493975692574e+01
2.273053026866421078e+01
2.270381205492621390e+01
2.268007800375280780e+01
2.265381129170791752e+01
2.263033539431807739e+01
2.260653619329316300e+01
2.258848893333594177e+01
2.256921058624438814e+01
2.255098922334581957e+01
2.253904828008927197e+01
2.251745718566800747e+01
2.250124405945627615e+01
2.248350550313141127e+01
2.247209413912262832e+01
2.246188316525063300e+01
2.244755548985779470e+01
2.243458990748169768e+01
2.242525225424711266e+01
2.241198425876070388e+01
2.240378116388993135e+01
2.239946090848496851e+01
2.238505345775466537e+01
2.238536305367999901e+01
2.237943951468792037e+01
2.237537072506030356e+01
2.236773895257260492e+01
2.236541098811801120e+01
2.235771542801215617e+01
2.235637330424496128e+01
2.235308561231993352e+01
2.235136994619911732e+01
2.234337186047000046e+01
2.234921661025593664e+01
2.234615419986360152e+01
2.234570978031639399e+01
2.234446912406306751e+01
2.234703017605541575e+01
2.234530172148502913e+01
2.234079865747815319e+01
2.234334770937496017e+01
2.234450758019157490e+01
2.235092143995548497e+01
2.235151516821004947e+01
2.235501842678688078e+01
2.236045216913244005e+01
2.236587414583710398e+01
2.237279770345268659e+01
2.237873044580843640e+01
2.239110988906684696e+01
2.239995860562912711e+01
2.240932963303998804e+01
2.242060876343763809e+01
2.242947187963189748e+01
2.243642332776934722e+01
2.244679651781240182e+01
2.245880101830065456e+01
2.246558356122188727e+01
2.247676091073838123e+01
2.248956304658490168e+01
2.249617305541367074e+01
2.250634360857997862e+01
2.251340621760841643e+01
2.252429363527383899e+01
