1.035488600800136716e+00
1.623547786286785533e+00
1.153241469388301299e+00
1.112868881175986369e+00
1.534627244225638343e+00
1.572318831851303056e+00
1.509750457466317641e+00
1.627732150119832966e+00
1.500970219862576727e+00
4.813053196217652041e-01
2.340954071497402811e-01
1.540630169516585823e-01
1.106078442268065287e-01
2.645070714605601836e-01
2.263656974544345224e-01
2.605573963509453805e-01
3.280189722761270854e-01
3.775125352868740070e-01
3.706137026573636528e-01
3.438451835399304879e-01
3.499693010080356936e-01
3.541143687070833490e-01
3.955254545528567589e-01
3.854269313189484514e-01
3.297315440358683514e-01
3.173766174419844210e-01
3.160920559569718180e-01
3.284947804468659749e-01
2.293403968802182058e-01
2.837120889665369350e-01
2.749395632765517239e-01
2.383829857478935721e-01
2.668139154954840553e-01
2.619655162743461108e-01
2.385863414831410345e-01
2.277316380550470365e-01
2.399835458770617769e-01
2.420406254971544380e-01
3.075856946342902520e-01
2.835352231011839530e-01
1.939119689454003870e-01
2.537364897187193158e-01
2.077490136475166893e-01
1.875632966416829750e-01
1.748038218453933368e-01
1.714539625137787293e-01
1.986073250669761203e-01
1.635472049021592100e-01
1.613229420693769456e-01
1.505858296680394337e-01
2.138824471720872644e-01
3.738640523325738596e-01
1.289106128469529877e-01
1.616270641721178902e-01
2.694655103908495941e-01
1.025537521951627590e-01
1.498384110767169153e-01
1.444978072737338748e-01
1.664223914266120263e-01
1.324312597619502763e-01
1.362728958140908275e-01
1.322565066014708413e-01
3.173108488054524057e-01
3.727929603843107564e-01
1.826438824677326100e-01
1.311103412599157192e-01
1.234535073997689858e-01
3.052198816721272689e-01
1.523199989218998740e-01
1.315984908729543046e-01
1.026415668685171229e-01
1.841357735974339105e-01
1.493821246989553986e-01
1.264498909616446898e-01
2.809000751587438782e-01
1.715030440888792029e-01
1.895220300596663354e-01
1.812452121632169566e-01
2.068324113429345357e-01
1.596311109261454864e-01
1.234630867474472149e-01
2.479519865064343798e-01
1.426647068966550302e-01
1.486343279255192273e-01
2.121446564100334664e-01
1.328981917903230558e-01
2.528665387024272571e-01
1.444622148489145552e-01
1.906148931083587739e-01
1.080607513705585110e-01
1.223110261065881582e-01
1.196886015508500378e-01
1.338477928455548971e-01
1.847027454421402981e-01
2.246169763002026643e-01
2.487175531852595656e-01
1.462712166001825242e-01
1.885423468459543894e-01
1.342466315448390957e-01
1.205985500813238770e-01
1.284359917581450183e-01
1.255004214741426150e-01
1.333286999498795589e-01
3.615887489703493718e-01
1.341735633688228291e-01
1.111172812571901425e-01
1.667963629796870018e-01
3.799591356535171882e-01
1.227496223009388182e-01
1.330813532312095926e-01
1.154464605816788308e-01
1.301968056349956937e-01
2.546430940301641632e-01
1.250824928194917418e-01
2.060107078594349550e-01
2.786588730135475256e-01
1.746081870345020104e-01
2.402838493441485923e-01
1.831695942510909725e-01
1.199820954767117781e-01
1.306581448047687000e-01
1.276663478109194005e-01
1.303660029328932157e-01
1.404494988286082990e-01
8.698374246251772135e-02
1.215977271074802635e-01
1.267816760425887757e-01
3.140951609125836042e-01
1.200492241241465641e-01
1.288517005779521163e-01
3.264771003178849051e-01
1.845099076623433199e-01
1.119571639284315800e-01
1.456362781090678182e-01
2.198578126878958094e-01
1.342859588627645095e-01
1.487452680650981629e-01
1.303771823812006070e-01
1.597620731375925807e-01
1.267883754081234882e-01
1.922508452691084335e-01
1.243131871880782668e-01
1.687301351543154526e-01
1.328024491977298216e-01
2.248327541852448430e-01
1.234654651876272574e-01
1.421738335698115308e-01
2.832264755489727337e-01
1.354178871388986849e-01
3.055802155623119076e-01
2.159728615818408692e-01
3.667261094382284203e-01
3.211350772581330615e-01
3.436925127352845610e-01
1.296676211334490403e-01
1.158322171218427316e-01
1.118429032721901945e-01
1.075602047198994105e-01
2.133829828172151277e-01
1.237659248713025989e-01
1.720826747379831656e-01
1.277150585118312642e-01
2.150829124622447575e-01
8.528925456049864240e-02
1.126659555952175540e-01
1.328672552278890584e-01
1.387508901749449075e-01
1.948528664638328745e-01
5.395110059115083567e-01
1.800651294461168284e-01
1.868442600503683326e-01
1.262889834892823859e-01
1.102801925895575269e-01
1.177290684598663317e-01
1.344039422212296997e-01
1.927627516547009423e-01
2.073581007840530344e-01
1.871782010298727039e-01
1.025816817100422274e-01
1.239674172717158407e-01
3.053374304665598671e-01
1.185688002604309843e-01
3.054667697320693209e-01
1.218912737144359909e-01
4.055992260599314281e-01
9.906235586254370784e-02
1.128145228532991817e-01
1.206330246896671621e-01
1.136221480359820846e-01
1.275294052045418403e-01
1.263454978204594792e-01
2.682285995989113769e-01
2.289432290226023903e-01
1.278406578576501695e-01
1.283902897246113894e-01
1.657030896528849939e-01
1.484866604198554207e-01
1.169479231404863123e-01
3.601981796482312537e-01
1.137309357150011191e-01
1.094477156230101583e-01
1.832615023092889484e-01
1.127790890005346131e-01
2.204259057129304700e-01
1.204844319992029456e-01
2.010014915150671877e-01
1.056943349450262248e-01
1.214859449334837888e-01
2.616289275114712654e-01
1.201834470375497399e-01
2.127011233737262641e-01
1.145260987937032626e-01
2.399332700860639933e-01
2.635302281913026179e-01
2.697398297173866366e-01
3.317332879407872137e-01
1.480758087599914896e-01
1.639663838606272295e-01
1.985421322489197837e-01
9.995344320994362097e-02
1.391167975182462380e-01
1.242722129836916489e-01
1.198436634561821368e-01
1.450179087023590330e-01
1.008882015300533730e-01
3.566670248925004616e-01
2.769223306364476667e-01
1.165037828949498366e-01
1.227799961287371761e-01
2.922894778988127107e-01
9.967719465500488041e-02
1.981828911855363640e-01
1.181321123557631109e-01
1.122566722786434157e-01
1.091160570840931238e-01
1.407418080496445068e-01
2.287475489092161418e-01
1.453982154141166272e-01
9.662710306324795440e-02
1.122913321011063392e-01
1.154045733704195803e-01
1.054063766049951056e-01
1.004400975320989958e-01
1.103296207022005093e-01
1.557209311705114452e-01
1.169272758878318885e-01
1.160017349060445541e-01
1.053603788214308445e-01
1.180753472617942779e-01
2.068877647930782437e-01
1.962821333994995421e-01
1.250009384577769334e-01
1.291386020104890175e-01
1.644009848536995277e-01
1.599688747074742567e-01
2.122675251992412193e-01
1.777922411554170301e-01
1.406137566891423052e-01
1.790310378177012440e-01
1.043188363953030939e-01
1.849752599619160220e-01
1.045369897844176388e-01
1.761183475384694719e-01
8.121429044894000471e-02
9.291704233063124985e-02
1.155184573429919731e-01
1.024417349068267868e-01
1.552010716327036077e-01
9.140282783832934244e-02
1.420443343356343202e-01
9.606885168228596061e-02
1.152421470367188533e-01
1.087776045837237499e-01
1.512303701693390734e-01
1.107560120745571253e-01
3.260142849966595202e-01
3.225977327068109135e-01
1.881628688290641060e-01
1.327183651123231278e-01
9.820657456614431680e-02
1.481288607498951471e-01
1.325184970523749506e-01
1.142944386876697666e-01
1.067964104897113353e-01
1.028434316717094787e-01
1.036218235468639448e-01
9.790349978438245282e-02
1.053161542106255399e-01
1.021533680908502800e-01
1.131160198968723107e-01
1.005550367227897729e-01
3.935162644870275894e-01
1.990168909105637929e-01
9.538464419360224988e-02
2.721106373886030272e-01
1.064762308912918370e-01
1.311108314056882163e-01
9.657433864137505986e-02
1.160514336335816549e-01
1.110664183709694636e-01
