1.069138605899551564e+00
1.255620073979878182e+00
1.696298814114042708e+00
6.661994746183835803e-01
7.335466448110252724e-01
5.352620357613521174e-01
4.217714830230854806e-01
3.639481711792856844e-01
3.340911387189369197e-01
3.231366923095692623e-01
3.184521365881751720e-01
3.190324604074394332e-01
3.194556207420792271e-01
3.213857454565056671e-01
3.228888292110986269e-01
3.234751248955116676e-01
3.266634537677390870e-01
3.268624860531862963e-01
3.278886485500074888e-01
3.288143340258606329e-01
3.304968657467374227e-01
3.315197278158761307e-01
3.323445212311499364e-01
3.334126553613465105e-01
3.343539114974637960e-01
3.348678239900079179e-01
3.340550603350598280e-01
3.340739816250170580e-01
3.348577574673582968e-01
3.349519245532886491e-01
3.346492852991372335e-01
3.350087549456498559e-01
3.352798394289633888e-01
3.381386869572337583e-01
3.380248817273292516e-01
3.422652276629915558e-01
3.422821339441460275e-01
3.461080526022385917e-01
3.478973138987271896e-01
3.487570464390264968e-01
3.516336192809506600e-01
3.535998673447194318e-01
3.569953059402711237e-01
3.590035921326485968e-01
3.620633819642834483e-01
3.657548319693706973e-01
3.700048543973783466e-01
3.743930989515406593e-01
3.787763300049938886e-01
3.837663127174272271e-01
3.895563629443760112e-01
3.941738785784665855e-01
3.989637871556494519e-01
4.042191280188091040e-01
4.056937081337600448e-01
4.113795122038891305e-01
4.166293961909443011e-01
4.193714024891251335e-01
4.225161659993072472e-01
4.248067090845533689e-01
4.273880813259817724e-01
4.307324945693831175e-01
4.334925119561939821e-01
4.358537492720883644e-01
4.369245575765437484e-01
4.359557978830072011e-01
4.268125009596130948e-01
3.710203365656629670e-01
3.805230999330238006e-01
3.639860362265249782e-01
3.710560359443360046e-01
2.902290405038455146e-01
1.312820561666188934e-01
6.227061443278177760e-02
4.217406183288709837e-02
2.409293062745879524e-02
1.889500992885760622e-02
3.617364567828270511e-02
4.942926085624119170e-02
4.480737270002918549e-02
4.927501340160785059e-02
5.326105327030216524e-02
5.999109987963250484e-02
4.974282247142056829e-02
5.059387326209308089e-02
4.780345448542830389e-02
4.611725813853934097e-02
4.218563534288180539e-02
3.816280473670781437e-02
4.265446965429047638e-02
3.921349498588100335e-02
4.363525688375403944e-02
3.636081128886149705e-02
3.877258615537863828e-02
3.875488066697593131e-02
3.274265047804079259e-02
4.043688512318620309e-02
4.073459224210119328e-02
4.957634242635484967e-02
3.473160426246754001e-02
3.183841736551860924e-02
3.746525543115310913e-02
3.097655245125486428e-02
3.433355245747384682e-02
3.392762662042710792e-02
4.091853255764350134e-02
4.222706946450668214e-02
2.568965341473228997e-02
2.940375815329450415e-02
2.911162752755352967e-02
2.733965780735049533e-02
3.594266019608935436e-02
3.799697460428727580e-02
2.684700227155199445e-02
2.801112694826652164e-02
3.215754015431555868e-02
2.729252533489700053e-02
2.581527427530659960e-02
4.568392170836316213e-02
2.288535659666248237e-02
3.031976870121841014e-02
2.230589124942183865e-02
3.099409339114633094e-02
3.011499464402845466e-02
2.607115466368236864e-02
3.789375628382386785e-02
1.980342792169947214e-02
2.188918685700016326e-02
1.925336063358440777e-02
1.939907938449762434e-02
2.207574745384051351e-02
1.875168211370609878e-02
1.854112318896855224e-02
1.970627812493323458e-02
2.045771939697665909e-02
3.820357100422321073e-02
8.113608425221523202e-02
1.626881331702462186e-02
3.203290323316347610e-02
2.193550068279090728e-02
1.629452511316729565e-02
1.685815660443582345e-02
1.613541533092620328e-02
2.061139566222575104e-02
1.751443038053672463e-02
1.756522517104744038e-02
2.796976268047107750e-02
4.317295363407475800e-02
1.721740316993945405e-02
1.758536228423314418e-02
3.064227027693890854e-02
3.732229276935461471e-02
1.417218739556966658e-02
1.236935464598467975e-02
1.531310315212516121e-02
2.754526395508103895e-02
1.337345521623330494e-02
1.702274267237729316e-02
1.518906648456553286e-02
2.569650309023172388e-02
1.193928209450496533e-02
1.362864873800936384e-02
1.259631998058756940e-02
2.115436745410467778e-02
3.127926259494416550e-02
1.051507115215559451e-02
2.833371080653277613e-02
1.206342977243211184e-02
1.214026294121042272e-02
1.361412825118959655e-02
1.880336852467967210e-02
1.125460635224813204e-02
1.703036474480995599e-02
1.180255529038582406e-02
1.151883176771284142e-02
1.086865973306522584e-02
1.341291487149476325e-02
2.399336316363740243e-02
1.446214533756656588e-02
8.521183239896040415e-03
1.847098457723256662e-02
2.467323922087539742e-02
1.136594085275637912e-02
1.117453220279193346e-02
1.322078812933845555e-02
1.147612146284197367e-02
3.866854753575722781e-02
1.462072184238335550e-02
9.811016897386478156e-03
1.396117016389334005e-02
1.258017206122311570e-02
1.091380476560482871e-02
1.126567856016188682e-02
2.245644893206757628e-02
1.024880437544401120e-02
1.300387701775765521e-02
2.909430654012476469e-02
1.556615042882505615e-02
1.096442301819375124e-02
1.863301837521437812e-02
3.090483502948430244e-02
9.161086772188915817e-03
1.499584835000907813e-02
2.035107031988214743e-02
1.532748522645233959e-02
5.149313005723957226e-02
2.539035555427823082e-02
1.517933401200590761e-02
4.681775489682655361e-02
1.934924805394789768e-02
1.428339499274711676e-02
2.609046085718235569e-02
9.004822692331245285e-03
4.478944435498862647e-02
3.748514542498841001e-02
2.203069416512914644e-02
6.446077610779642718e-03
3.611531775581406506e-02
7.958994445846814814e-03
2.092458083201169730e-02
1.297021918932338147e-02
3.245751584829419112e-02
1.003318693931692408e-02
7.662264964123421951e-03
9.400582981216858841e-03
7.623990715474917787e-03
7.388906237565102779e-03
1.179446026372352359e-02
1.387912959692011623e-02
8.674177291480796026e-03
2.266264863588884904e-02
5.706864724757967910e-03
7.668294969665728766e-03
1.021671627604654221e-02
3.365062425101832816e-02
9.411372322387572681e-03
2.299081451217896421e-02
6.000372284548698837e-02
3.307483165051236518e-02
1.018820852269700268e-02
6.889867078456090622e-03
8.975724082669304590e-03
8.498256395312249120e-03
8.371282435585691503e-03
5.873325481236098267e-03
2.203915567554177307e-02
8.801272606909703658e-03
1.061905792358023778e-02
4.943851213744862930e-03
7.779355483342870886e-03
2.821178345929666736e-02
9.702830879126109545e-03
2.979094427787588178e-02
1.384970833273926547e-02
7.309010222626657026e-03
1.432896481053361204e-02
6.092059598671047994e-03
1.071142587676258452e-02
1.480729195931846168e-02
7.027286296196255666e-03
7.243790871987051960e-03
2.585342096051519364e-02
1.255822514886679488e-02
8.484431075990974541e-03
7.389982845517472677e-03
8.477437996486850494e-03
5.679428088698858408e-03
1.377969231917166790e-02
3.569422170310751225e-03
4.961247354819382435e-03
8.172103272994151596e-03
4.980071349352306609e-03
5.426113556410437459e-03
6.123976678240068000e-03
6.168692502441333256e-03
3.085134256362858859e-02
1.642425636106423573e-02
5.823899145454987901e-03
2.015525658088400743e-02
4.638362905633726906e-03
8.511362935158726245e-03
8.802808332913365785e-03
8.209486517181181775e-03
5.178397606362131027e-03
2.751222234479906714e-02
1.614482791849371907e-02
9.863355168033036136e-03
7.243234562697670013e-03
8.414583048688421135e-03
5.301101085484569847e-03
6.605677433225373013e-03
5.009386507153257978e-03
4.801551259440661051e-02
1.037151086560835975e-02
1.021304688872800431e-02
1.801345490131162422e-02
1.447690011488252625e-02
3.868449314314367001e-03
3.560982166504957254e-03
9.914972234714200527e-03
