1.030093461235079610e+00
1.114476645481354611e+00
1.072745936110840237e+00
1.381203596409390943e+00
1.554533569023530237e+00
2.007336728767606715e+00
2.420242764366848931e+00
2.596593706205588159e+00
2.610849523599212851e+00
2.651207283617618593e+00
1.690505155720699371e+00
1.741479863887869461e+00
1.615605089659186921e+00
1.538654519716786240e+00
1.475883028530531549e+00
1.391926883813624061e+00
1.307803079833221194e+00
1.218464436656862215e+00
1.131949688500708984e+00
1.046212507681687054e+00
9.527920193580935448e-01
8.429421214069118262e-01
7.726393736065424456e-01
6.943738962164156536e-01
6.003675797955354554e-01
5.268352528898595510e-01
4.596058492840422449e-01
3.857992210879799821e-01
3.271025372561154887e-01
2.768882383116865187e-01
2.149306379626153563e-01
1.710226995837315356e-01
1.214728969792944341e-01
9.358783180483999653e-02
5.553780859887556126e-02
7.343547333519251374e-02
1.031080896267649177e-02
2.279717309592644084e-02
3.664357766843999442e-02
4.795091444375651490e-02
6.776077143326943164e-02
7.888481681746786767e-02
9.116990163734493835e-02
1.244337816320562340e-01
9.860983137258153008e-02
1.003508280453517670e-01
1.032335614917989641e-01
1.082721622935046563e-01
1.060796053958024121e-01
1.242932331028644144e-01
1.243495684706565213e-01
1.192555233831434358e-01
1.098275186443678081e-01
1.188039019885824971e-01
1.160544531659863238e-01
1.076520242781102421e-01
1.450365941032233374e-01
1.111290817424802485e-01
1.133887811110864674e-01
1.158329204919895522e-01
1.114271792847978670e-01
1.081103435832229953e-01
1.091048390497405818e-01
1.104304517859890505e-01
1.122276023069615630e-01
1.135465872329218945e-01
1.339986189679105155e-01
1.069560875232849345e-01
1.086335231048662919e-01
1.290987683070854430e-01
1.073191149040411824e-01
1.117676505733211506e-01
1.104644944869665607e-01
1.048706215283586318e-01
1.088411717822871522e-01
1.101441350260948110e-01
1.090112379768496398e-01
1.543800431869156164e-01
1.040213509898231803e-01
1.064358664645308900e-01
1.137403611123486979e-01
1.117103683004689318e-01
1.024242569467166686e-01
1.237610226812124042e-01
1.032607087994885375e-01
1.130343586517795762e-01
1.050884996256215564e-01
1.058134366577858781e-01
1.049510828605852431e-01
1.061010154595376648e-01
1.054422485399093279e-01
1.033425620079374413e-01
9.834119133473447072e-02
1.039930434177999130e-01
1.039573320995573757e-01
9.485329053500927976e-02
1.356182641725789950e-01
1.032876988995095613e-01
1.045582359909805470e-01
9.827545228082970596e-02
1.010254012310523031e-01
1.118507350948840934e-01
1.082078868552744516e-01
1.116526904932067243e-01
1.030288991112057462e-01
1.330971995835935340e-01
9.333537373670237891e-02
1.290551523657278710e-01
9.971424404737057323e-02
1.043827887810764438e-01
1.176187963893853272e-01
9.683340556068457949e-02
1.292987243226704219e-01
9.912602099487831386e-02
9.221583753502506087e-02
9.541608125073414159e-02
9.865668492217204155e-02
1.041563958475970469e-01
1.043860805047093498e-01
8.606543599548051315e-02
9.722293931912004417e-02
1.018324702046721209e-01
9.771737355635047584e-02
1.177323098867655987e-01
1.015262773907993216e-01
9.567592486764069093e-02
9.330587315447984309e-02
9.796803533192813274e-02
9.356336308290295889e-02
8.697983779002997629e-02
9.012444587858581269e-02
8.373643256471734186e-02
9.167172735650351567e-02
1.189850905600655234e-01
9.308600258707472319e-02
1.383027204915342756e-01
9.988974267970081311e-02
9.286006192729495679e-02
1.046760312786995939e-01
8.510839243993120751e-02
9.127262587050723186e-02
9.171912193647778488e-02
9.350254388594911314e-02
1.081136276248050865e-01
1.046096354125449490e-01
8.908665665360565589e-02
1.189717211126174873e-01
9.201689251762122657e-02
8.976693002696464752e-02
1.082952161557917126e-01
1.087856725250040402e-01
9.450815035900844707e-02
9.149128794362834660e-02
8.845133035647168018e-02
9.290085118924869267e-02
9.595635182198894442e-02
8.528008245721963032e-02
8.850419631246404795e-02
9.568377806053632306e-02
9.480856548111757376e-02
9.768798540087895999e-02
1.278981673101944050e-01
8.311848889923413586e-02
8.670746511340504670e-02
8.927350214290366570e-02
8.673972863181866888e-02
8.394045888010039091e-02
8.119337505528556598e-02
8.110260325351081878e-02
8.188047730690682646e-02
8.520923671835564650e-02
8.718588689752100607e-02
9.300517764100652007e-02
8.487249078452197004e-02
7.763566341932841286e-02
8.532059099286475046e-02
8.320281345887646507e-02
8.268103312804470084e-02
8.417994424979918788e-02
7.974784023891949569e-02
8.629150126388461517e-02
8.714946914103548214e-02
8.663971753496606254e-02
7.920923216072246753e-02
8.349874671107088142e-02
8.139687382708413188e-02
9.040675349196844457e-02
8.474566939210814720e-02
7.512112559017891655e-02
8.129972289631823279e-02
7.932736861666275785e-02
8.245406996434284652e-02
1.075784524836185529e-01
8.342678304299394609e-02
8.143831689785552275e-02
7.754229435108137003e-02
7.566900862921471793e-02
8.270696912890451724e-02
8.537935927717740792e-02
8.084066070813425431e-02
8.203476805054514542e-02
9.813479626429935654e-02
8.123739330912703449e-02
8.488191039970315044e-02
1.344439625261939220e-01
1.195529991106275419e-01
8.047961049800353428e-02
8.385294756632268032e-02
8.065476197875617870e-02
7.862125550836000787e-02
8.430366506178402219e-02
7.785994305428131645e-02
7.418201770584989529e-02
6.847427781257774126e-02
7.331242861756452622e-02
8.256527593365357853e-02
8.521182639410194992e-02
9.362371014052925378e-02
9.952267959628158245e-02
6.783675482245665744e-02
7.377351943121743250e-02
7.820884566390333414e-02
6.941975309460884924e-02
7.501204557569778053e-02
7.682692931280324378e-02
7.667198264343903780e-02
7.222785241745001417e-02
7.638822554657045960e-02
7.233675272636316822e-02
7.989578092618990213e-02
8.395156918916156508e-02
6.823779130912295543e-02
7.307280021189814512e-02
7.095375564821644609e-02
7.313378809488432775e-02
7.481839770337525564e-02
8.294810080141688802e-02
7.278963383262458675e-02
7.208779192145109427e-02
7.554626595575608672e-02
9.641074748276422246e-02
9.151768924548009387e-02
6.930444611165775814e-02
7.406921266888188971e-02
7.220722297618102636e-02
8.085473595846126571e-02
8.828384479324685730e-02
7.235641628202668652e-02
6.938173972190568584e-02
7.596915087445202386e-02
8.705156429314402089e-02
6.873182686437107058e-02
7.357598428992885575e-02
6.330585699081570095e-02
6.790508533832625981e-02
6.969086450340673811e-02
6.578678836390172702e-02
6.704217109931105700e-02
6.426582137164585373e-02
6.773088297924184653e-02
7.082423460661219083e-02
6.875919210815074900e-02
7.246143157708821725e-02
8.023964519918344585e-02
7.128316502879211702e-02
8.407457260868737847e-02
7.451566904511314204e-02
6.296973113899009822e-02
6.610495533725116446e-02
6.437811593752827688e-02
6.427637509612173228e-02
6.796373368104710599e-02
9.740929557489676205e-02
1.362150291588037354e-01
6.471842983134688809e-02
6.400591708247915790e-02
6.174923722311448371e-02
6.680621331795445761e-02
6.512097798336369259e-02
6.110643448292748386e-02
6.589909818348520243e-02
8.158598347450624066e-02
6.688990022192986551e-02
6.238173458843498248e-02
6.970514711024583532e-02
5.011700905032479003e-02
7.611482311078969498e-02
7.132100053137542528e-02
6.551810649571243594e-02
6.519788939998710786e-02
6.150322011461789584e-02
5.966239394376614963e-02
6.605519363291056933e-02
6.342524621574871513e-02
6.296424120308921624e-02
6.690655001638416699e-02
6.231024894630793343e-02
6.104562053399914534e-02
7.538645905761946764e-02
6.453139853459537167e-02
