7.424013945400620429e-01
9.666886470351880867e-01
1.546400678632752657e+00
1.705400221655300808e+00
1.151569245968872224e+00
7.262832654831996582e-01
4.629854859401412726e-01
3.076177475829862673e-01
2.167096645593979132e-01
1.615363306019966250e-01
1.257138763570611606e-01
1.005906559988274940e-01
8.179410680572563042e-02
6.715184687632864968e-02
5.554316252106149959e-02
4.631113117846328425e-02
3.898898833728542401e-02
3.320800772202659595e-02
2.866138328046629463e-02
2.611938603363609529e-02
2.232260675448010517e-02
2.196469454715086270e-02
1.838128175127464251e-02
2.074309933865636432e-02
1.575384471577284326e-02
1.590548243651631471e-02
1.391488605261340279e-02
1.312405110691382791e-02
1.385600274884461053e-02
1.167497393002128389e-02
1.076207005684725812e-02
1.032743633997107793e-02
9.947153676108115919e-03
1.024687751777219984e-02
8.873056076073406948e-03
1.540307499065743900e-02
7.848808070642419518e-03
7.622329146220659449e-03
6.792350676832528342e-03
6.785054944146356147e-03
6.484628520729075404e-03
5.952340271256154232e-03
1.584710438909401470e-02
5.442020224500168125e-03
7.232865656236707984e-03
4.945010557546329968e-03
6.043353604335013028e-03
5.236967731255263298e-03
1.361579607867967161e-02
4.068925967877715620e-03
3.847887157270744526e-03
3.877419344782436980e-03
3.400428397398819191e-03
5.420785210891850871e-03
4.529788075311304806e-03
3.048769400218288416e-03
3.453257702802818921e-03
3.345341668278293754e-03
2.505773001705725173e-03
2.763594098688967882e-03
1.843790407828395502e-03
1.365358918358495479e-03
2.384275179181077030e-03
3.881770742300598258e-03
9.279800753333160984e-03
3.083379470474870241e-03
2.253806849915736439e-03
1.155654664348571264e-03
1.828816945667346766e-03
1.942286607039842754e-03
5.076605665141009638e-03
1.904604504992732806e-03
2.470752114437721556e-03
1.977824528021066963e-03
2.298404963402348768e-03
2.110454887024172319e-03
2.131863509011493445e-03
1.673823455468384427e-03
2.279551279111824251e-03
1.652532384338538168e-03
2.415688124206049562e-03
1.256288734628317532e-03
1.718117415902799521e-03
1.699072494894180579e-03
1.133231729460646353e-03
1.662158100043229295e-03
3.097236427300476859e-03
2.181959102076262615e-03
1.957895931539486902e-03
4.730857103269862918e-03
4.219654933955909772e-03
6.431315004664684169e-04
1.710224950300345131e-03
2.478637176651474813e-03
3.461734563459687060e-03
1.560102635442173983e-03
1.257138754836729455e-03
1.491507847447770584e-03
5.269221721165826856e-04
1.442524027788752352e-03
2.877396900881174294e-03
1.258168931088701195e-03
1.489122242569746249e-03
5.656282356628438042e-03
2.711990400767750643e-03
2.703765331436744704e-03
1.535416004379155843e-03
6.225189859076804381e-03
1.148700598237671969e-03
1.522215140881577828e-03
3.873491365077838360e-03
1.208844948172498567e-03
1.362797786221475304e-03
2.311711246334403110e-03
1.348523112899929549e-03
9.287909580405071452e-04
1.288777428094350832e-03
1.291334895301672094e-03
1.566410404889803177e-03
1.693083245449927918e-03
1.207685786764216718e-03
9.070573730221992426e-04
5.208664473712452296e-04
8.382771500233822913e-04
1.578726866525356591e-03
1.790075119440534632e-03
1.207090240461550917e-02
1.236157812688672749e-03
3.209733450458066451e-03
1.184795018198831753e-03
1.718033778456565155e-03
1.087030319860043080e-03
3.263819013024509257e-03
1.142186471471418659e-03
2.445681766311383603e-03
2.078462362519754338e-03
2.000028899987433585e-03
1.288697737674973946e-03
1.425907917433476323e-03
1.025867042100211306e-03
8.549794483606383555e-03
1.973451302423056847e-03
9.033020046191620953e-03
1.172490505040129499e-03
9.652128180621687148e-03
3.289013052228836626e-03
1.312841736407140266e-03
3.318231530091049226e-04
3.424259779722988351e-04
2.390586900170377140e-03
1.385899313105717467e-03
7.700801230092787879e-03
9.852664727164964220e-04
1.800764262485905895e-03
8.769804875473372150e-04
1.007104160900172294e-03
2.207868639082922416e-03
3.647148802708476741e-03
9.998553543366693955e-04
1.198697414346760548e-03
9.918126158822838760e-04
1.977378381569938094e-03
1.006169143659506934e-03
1.686393931392866051e-03
8.444909793792958023e-04
9.598833169583780803e-04
2.079722545307435486e-03
9.487300187919403939e-04
7.623889312989696023e-04
2.343350971087186478e-03
2.457179991456283699e-03
6.953997219396585274e-04
1.903236551616244426e-03
9.094995982304801552e-04
8.474173416360171593e-04
1.864728808047128950e-03
1.273653048125829735e-03
8.743240121961464361e-04
2.217965641784932617e-03
6.244905793679569363e-04
7.160565410002689597e-04
1.851346486439590672e-03
6.616626486655659582e-04
1.077205891645266651e-03
3.244424763335470880e-03
1.074535146761113622e-03
1.027736430823345112e-03
4.671521974360977737e-04
1.800714110738245314e-03
1.032083420655690665e-03
2.781442216668789970e-03
9.890992002864749163e-04
3.422264870806979858e-04
9.046715103998653968e-04
8.308766770685822216e-04
4.100105338626511969e-03
8.333677557132711548e-04
9.813755298028038407e-03
8.147513019469589243e-04
3.784077243045091488e-04
7.896829514428939725e-04
1.203348907064915934e-03
6.680721721041112593e-04
3.156092539233678208e-03
9.031294145187064885e-04
7.719180475648605971e-04
1.212940830148762040e-03
1.035078294653758203e-02
1.746747519379810527e-03
1.278641385691236176e-03
6.923431057258687014e-04
3.722547813282431079e-03
1.418125561572662618e-03
1.876594203477849679e-03
1.514423402963050716e-03
1.938090750680059732e-03
6.563440814132150396e-04
3.060530505579300321e-03
5.434564850538221902e-04
2.270614143528376042e-03
7.567630695086131985e-04
1.130768563640867580e-03
7.209845425072045587e-04
4.292102483200486247e-04
6.071617907789041060e-04
9.029573302370990815e-04
8.854497994126138633e-04
2.134144915716908262e-03
9.898173673545042784e-04
5.865741891235573893e-04
8.125977187481130820e-04
2.858431405014912052e-03
4.145218262088464639e-03
2.581877286460242463e-03
6.907489734545237299e-04
4.694641640341235163e-03
6.407145384810207511e-04
2.815117230495210385e-03
5.630506046983891786e-04
5.972493809906008304e-03
7.655399100482689241e-03
5.061171729461883418e-04
6.467775979021752166e-04
9.504459188723274679e-03
5.500363363694345340e-04
1.221133667346108610e-03
5.706089613024713366e-04
7.824795268105335516e-04
4.679451217477893061e-04
6.605402591454534022e-04
5.449781352526310340e-04
3.573698514846177128e-03
2.039373049151534112e-03
2.377501651694524046e-03
1.649914032728234774e-03
5.837506734045988174e-03
5.639218319321354827e-04
8.950139485934011097e-03
6.447109560211123714e-04
1.775105729036119146e-03
1.302761046610597480e-03
5.673043489665681276e-04
4.481806420159386304e-04
8.256630836436430363e-04
1.368252569970351004e-03
3.235135527958501230e-03
7.024257144106905559e-04
5.400585616109601552e-04
8.914607960822048833e-04
1.618217335385931186e-03
6.547982622526568207e-04
4.921611235841381144e-04
5.961987730955304503e-04
5.256967168109885798e-04
8.763661639868052054e-04
2.437821387127453530e-03
6.073189645383519951e-04
6.005998462971824528e-04
2.064544479712166934e-04
7.178230770691858276e-03
4.965971787125086478e-04
2.275032232147899611e-03
4.826214424549256973e-04
5.511735910846176289e-04
4.863924775689549423e-03
5.686106951421795964e-04
1.242670656068710832e-03
6.525235471422748601e-04
9.378001248683465923e-04
1.937644714370596833e-03
4.902369989480272845e-04
2.741714428223367703e-04
5.692822994751526103e-03
4.526788908488822163e-04
6.691013864424139469e-04
7.453689413487820693e-04
9.139412053131096498e-04
1.649419903523300290e-03
8.355618233174332910e-04
8.001663298034338533e-04
