1.051815287650507136e+00
2.411437842210847560e+00
3.479657196321204626e+00
6.193018503110101491e+00
3.884495283761304041e+00
6.182499029618798048e+00
5.976300480223983413e+00
5.408997047575788031e+00
4.541637877063828377e+00
3.807639007580468249e+00
3.277986326632134073e+00
2.925355706279991086e+00
2.595796608905712066e+00
2.373020180550407865e+00
2.225291251535705062e+00
2.140002891104702432e+00
2.103439383979638588e+00
2.120757547151259192e+00
2.076819552183558848e+00
2.106367432955035035e+00
2.096497514019968200e+00
2.090460055713593501e+00
2.081287324532027139e+00
2.079465748046581464e+00
2.040376242056989753e+00
1.974442151238701371e+00
1.845322691966868822e+00
1.726501192512959859e+00
1.594868643147259624e+00
1.466946245045499975e+00
1.352845833053645697e+00
1.318159014970764042e+00
2.498988810784009973e-01
2.623671812841167572e+00
1.904783215702468890e+00
9.981797852208149635e-01
5.990042738379723897e-01
3.553036005157723665e-01
2.150187736372562719e-01
1.375493125116195037e-01
5.832819451008047079e-02
2.791637130970450395e-02
2.130184117851591230e-02
2.078195873321347226e-02
2.608208783390231211e-02
6.006092784678311591e-02
2.138792958851458426e-02
2.147476887484675925e-02
1.733332567363008239e-02
1.927751736835376858e-02
2.283947149784228137e-02
4.568367064544235495e-02
9.052564141157161404e-02
1.549619150925391278e-02
2.549817028516289732e-02
6.556793022947564331e-02
3.246680030189762201e-02
2.371014890378533510e-02
2.279163796495418948e-02
3.337205065489980832e-02
2.915443603964196564e-02
4.385554193205384865e-02
5.105589045438597984e-02
7.125641173817794105e-02
3.087570351626609325e-02
2.979072527680732413e-02
9.077975486955208728e-02
4.628101772905957034e-02
8.752243999348011116e-02
3.501459842046689835e-02
5.683167769130063884e-02
4.561679217727885455e-02
4.323007097731331599e-02
3.155258824554719316e-02
2.978221209914789711e-02
2.199896646738708564e-02
4.101182013678440069e-02
4.417163723138660403e-02
8.385223289485842224e-02
2.654773095789649331e-02
1.125699798321738582e-01
1.865344781487261183e-01
2.833391673835650160e-02
2.241370159853714114e-02
2.540015079267711473e-02
2.734898121212257435e-02
3.105681230285512254e-02
7.755242576435032731e-02
9.615358366314673277e-02
2.787824934230197227e-02
6.316263733730859142e-02
7.479348999670572262e-02
1.708280300011800340e-02
7.946680149999518772e-02
5.021722404159421199e-02
5.194033933031550615e-02
5.662320340230917598e-02
2.166752305358729883e-02
4.343642382698646026e-02
2.672953434352560650e-02
2.332559528834919974e-02
1.296686829841999303e-02
2.584063916999420132e-02
4.469991495151944688e-02
4.376559471204290869e-02
3.503178495472378251e-02
1.712563700316515475e-02
1.692129588811349186e-02
2.028604461465255415e-02
3.971413935344103585e-02
2.809940104485168441e-02
4.149955956651461136e-02
3.252952313563835934e-02
2.443031941746754906e-02
4.808253257680685649e-02
2.000765014966409197e-02
3.742388113388225163e-02
3.086799821437496982e-02
8.781792249904930847e-02
6.338850565993571495e-02
1.679263017046504422e-02
1.635941642261463935e-02
1.638853072173680411e-02
1.528562138713128633e-02
4.959723604805051089e-02
1.570081052749516468e-02
1.308226706063297246e-02
2.190502844110656100e-02
5.940349044021563801e-02
7.608676820007240216e-02
2.019485893872082632e-02
1.122694685011209476e-01
1.411730105072291908e-01
1.368739090061198670e-02
1.633163724871830938e-02
1.397115384235898816e-02
2.010772002479294801e-02
4.860893760089073090e-02
4.443479536491828225e-02
6.323586781112376654e-02
2.371593327583626509e-02
4.337318887527288891e-02
3.520274257537047563e-02
2.235090582228802664e-02
2.286737743028045833e-02
1.064337948266607659e-01
3.280238335641073172e-02
1.129870663319702123e-02
8.668654441337740602e-02
1.235465671870548954e-02
6.022150316973914896e-02
8.057959108929152459e-02
1.714765213432170241e-02
1.005253961160461687e-02
1.140487556542326038e-02
9.937936850981557435e-03
1.051405579793293806e-02
9.041489305549474387e-03
1.049520975278459001e-02
2.272282282753153304e-02
1.346192523770181095e-02
3.444448299800716151e-02
9.079811442372741001e-03
1.069283966558681569e-02
1.050341781788534205e-02
3.174388203506321032e-02
5.190170069459837388e-02
6.004684992193112802e-02
1.332788725754883476e-02
8.351857465220000401e-03
9.246406539390182242e-03
1.542997225117368094e-02
1.555617872119754996e-02
9.400441027151491824e-03
1.011450440682636620e-01
8.827739260378383856e-02
6.151489760356611269e-02
6.075974216317857335e-02
1.714895730390227913e-01
6.452972181605881596e-02
6.700062616164749463e-02
7.472603930064122477e-03
9.844305690504186190e-03
7.548465688270067538e-03
1.596967463434649862e-02
9.487625323419455678e-03
2.148965512952319412e-02
1.178502142075370240e-02
6.781975785475230847e-03
1.414774345337934530e-02
1.822826156096109956e-02
5.774394624285535994e-03
7.018421630120894213e-03
2.417890449583439544e-02
5.165528005828726177e-02
7.077766304577209899e-02
2.513130698464173529e-02
2.090941144055188938e-02
5.703042528397802430e-02
4.953019687746173377e-02
2.088703324152254431e-02
1.111441928595022222e-02
1.671931879726127473e-02
4.914122392636813275e-02
8.756482361182973614e-03
1.299555050444043715e-02
2.592119959733202306e-02
3.176000951514833248e-02
6.662088047005048329e-03
7.015965338800531775e-03
2.589431964056589097e-02
1.303228791039136858e-01
5.942307507285098794e-02
1.052008225297016430e-01
8.945308869648120609e-02
6.033407475346509036e-02
1.257027593923478459e-01
7.617248571885863739e-02
5.270605304896654880e-02
1.307165529809476562e-02
1.779463700938500523e-02
1.296411379502066148e-02
9.728340558899678525e-03
8.006907217955570866e-03
1.874322304014959528e-02
8.349066452834900953e-02
1.347330789241257820e-02
1.717773026580844686e-02
1.170102194620574465e-02
6.045302099695261389e-02
8.561740925451488682e-02
3.106906945480963564e-02
1.235948779605177024e-02
6.762407190085399471e-03
6.065569198886177314e-03
1.117098677974102082e-02
1.411856636997814961e-02
1.440457103853150754e-02
2.862404273463054274e-02
6.435349472231657354e-03
6.783309937499224472e-03
1.634268611653100570e-02
6.369671193107516449e-03
6.165538238989515599e-03
8.419690172460352062e-03
6.250243015518964530e-03
7.934096594041980394e-03
8.781742414565666885e-03
2.718743282808356448e-02
3.774704935888197749e-02
1.909071578752621900e-02
7.548302374129537036e-03
5.880895470420227644e-03
8.823984931496145837e-03
1.970423198624966440e-02
2.039254379746932924e-02
1.019870220017122554e-02
6.748872903700250427e-03
2.126743496351068963e-02
7.548043055859374358e-03
2.029499199814682048e-02
8.965417995970456980e-03
2.399157051820912864e-02
2.001664855985984745e-02
1.061290195052657370e-01
1.292095150606197528e-02
3.521486489622722982e-02
2.526391537150500521e-02
3.110099154268382293e-02
7.958601024877777833e-03
9.676521536488900607e-03
1.068427675077388873e-02
7.590296576204335829e-03
7.166233473756000727e-02
1.666402856649751643e-02
1.046006868220811237e-02
1.383151175337577442e-02
1.370544474940977968e-02
4.088080026007859247e-02
1.770559233965531346e-02
8.151981594777202300e-03
4.404863487033418984e-02
5.342897276647841365e-02
3.089319710482592990e-02
7.916892982510390780e-03
7.340622702452413717e-03
7.587242407010055985e-03
6.919453827029378896e-03
9.477005631257775370e-03
2.736157442887817565e-02
1.453606477398454791e-02
7.423187994832942949e-02
3.338696975698543512e-02
1.966577757079544797e-02
1.073581900660377092e-01
5.052408409110360071e-02
5.268799066010892290e-02
1.890586913785420320e-01
5.042568676714726666e-02
1.003078142549585772e-01
