1.104604451635986306e+00
1.052814274984607223e+00
6.968518695055158751e+00
7.142572700552753950e+00
7.075602592734650642e+00
6.980217697156834156e+00
6.864439336402168301e+00
6.735408735973711813e+00
6.639143929846208714e+00
6.448981095123219376e+00
6.265588819694899669e+00
4.032558818668991130e+00
2.941153431184671874e+00
3.021703960684231305e+00
2.845415198048101058e+00
2.679212203551819105e+00
2.509832851701482070e+00
2.343341223414352026e+00
2.201755537906152860e+00
2.055800898165810686e+00
1.913077330668962128e+00
1.779039731677230618e+00
1.648700221740976524e+00
1.512899148034997809e+00
1.408916325770425138e+00
1.284452928684598927e+00
1.197033209514262619e+00
1.093315036066772938e+00
9.899181754363308716e-01
9.112073642338671675e-01
8.477321446096102164e-01
7.468027302094381037e-01
6.771510928343156266e-01
6.190836508328044774e-01
5.774192211630777560e-01
4.885210831973307299e-01
4.554036077756272172e-01
3.961017077523699137e-01
3.573808957157317279e-01
3.186911793797836956e-01
2.894110949791510734e-01
2.597405229150758776e-01
2.325313115749162163e-01
2.074045091393666163e-01
1.846374250684924556e-01
1.716820581647047206e-01
1.863616050074704544e-01
1.504035036405373671e-01
1.218374269563834572e-01
1.423494003385047391e-01
1.058541692959290154e-01
1.028326071637720024e-01
9.851493643521359866e-02
1.421389654453466544e-01
8.198895006864478918e-02
9.092472033815067467e-02
8.418810383555709598e-02
8.271168462486008788e-02
7.484925279421372757e-02
1.166505328215425713e-01
9.091976128204511121e-02
8.397682303349116029e-02
6.899600531961969097e-02
8.782073539650230021e-02
7.260322114226903933e-02
6.304825515813328174e-02
6.786196047896078665e-02
7.413105015791381092e-02
5.382326152637517680e-02
6.662216229267226009e-02
7.024534192046384684e-02
4.842725275665309831e-02
5.928438822583278339e-02
7.419514881089452063e-02
5.515640025573546879e-02
1.264600426143321077e-01
5.145937012395181837e-02
6.399884021965733527e-02
5.795672912694306567e-02
6.511086234922523752e-02
1.634540040660643623e-01
8.485967468369794153e-02
7.564154686588445142e-02
4.495870840487884573e-02
5.162726073890049061e-02
3.555406497169126545e-02
1.566746473291217578e-01
4.829776172678675733e-02
5.813487781616410999e-02
5.049347790121143376e-02
3.806010302778102539e-02
6.039986990580325371e-02
5.247618237843540423e-02
2.429341897456163343e-02
6.043102016791241510e-02
5.894681667172183698e-02
4.368901808085893373e-02
6.114358691098570331e-02
3.145347895640903529e-02
2.765968575987152317e-02
4.937319493865343495e-02
5.276702390100045797e-02
3.900968764059125488e-02
3.991311411606510151e-02
1.500470842302654984e-01
6.198247046786711095e-02
7.452315245263377297e-02
2.924099016144281540e-02
7.487082155226953972e-02
7.877265943475431076e-02
4.300696535877301940e-02
3.240276664321369710e-02
2.713881417603832349e-02
3.311172697998812642e-02
3.177007292432037361e-02
7.485865381069009561e-02
3.338397392088911925e-02
2.771351731679236319e-02
2.411785052290783132e-02
2.977522611404740185e-02
2.024014478591653829e-02
3.006942174450159128e-02
1.404963956653532131e-02
2.424948899139243649e-02
2.025156992561656308e-02
2.180482696938468301e-02
6.148467212812207261e-02
3.482329981652630690e-02
6.054101211891120549e-02
9.511692961838170979e-02
2.583184221769724981e-02
1.883720260280549730e-02
2.951354714651651875e-02
1.832679771070036545e-02
2.504310530176396404e-02
1.170329992870921265e-01
4.844520152813015790e-02
2.905603260699600107e-02
3.923684260251718292e-02
2.227192971859996706e-02
2.008153368383985143e-02
1.703721863564051919e-02
2.132741406756814492e-02
4.380798909200894764e-02
3.418073120715825475e-02
4.107609688035777917e-02
4.942806929316142378e-02
2.323042873973640496e-02
1.650173442991521022e-01
2.650941809689838849e-02
4.227833535325102587e-02
1.471729642911452987e-02
3.858173700559708319e-02
8.757359769211450762e-02
2.856026531240337188e-02
2.153568777614238774e-02
9.502957607385383032e-02
1.152084291740896743e-01
1.274341631121130025e-01
5.505996105229506166e-02
6.535021598693691036e-02
2.239949848727650766e-02
2.501780300310829999e-02
1.249107958166790211e-01
6.174523601921741434e-02
4.690245685868731779e-02
3.253518334174567567e-02
4.835342267958366025e-02
2.863597239004641443e-02
7.028916922824413049e-02
1.976580870795990180e-02
1.090372569563557437e-01
3.008238025116882070e-02
7.834435240013605528e-02
1.364163563497613856e-02
1.181267771940224670e-02
3.640337543070036597e-02
1.429523718761736492e-02
1.416102660741748800e-02
2.275116132425257509e-02
7.918466919501170043e-02
1.111713428412627880e-01
7.752943590290108100e-02
3.704267251046110959e-02
5.146739393610515190e-02
2.539828154475605101e-02
3.810080079270768139e-02
1.525748005909551876e-02
3.786110264360011135e-02
5.112520706415282085e-02
2.067243134408511610e-02
6.524365138969086264e-02
5.029627863563732038e-02
2.985513287352517531e-02
1.263571804292962751e-02
1.142570872065609699e-02
1.122301836845896045e-01
6.831239999428005694e-02
1.257309565790891426e-02
5.254089905202444927e-02
1.022375385554690624e-02
1.336054731442681311e-02
1.343064845986540259e-02
1.389292095905813977e-02
1.280249387561130034e-02
1.082322828032203192e-02
8.659228123334103411e-02
6.527336515618333002e-02
1.562475827394082042e-02
1.240700333713878195e-02
1.860050682035498115e-02
3.252529364950368373e-02
9.156582199326482319e-03
1.046926335027946880e-01
4.326520545439823534e-02
1.455855477972834745e-02
8.144019686383291087e-03
7.085972431420041462e-02
6.338836841715972392e-02
1.108065591819440004e-01
2.757523698452899949e-02
1.452060859612325401e-02
4.536029558076079549e-02
3.765288552861422583e-02
7.782746479403220008e-02
1.082005632669118395e-01
2.965146632536558302e-02
1.146458390087626567e-01
1.334410146253940388e-01
3.371078211700628824e-02
2.683078576627668382e-02
4.230998558352495886e-02
6.067639088949456500e-02
4.290532583040197051e-02
9.851579683075399260e-03
1.575450236305457608e-01
7.387658263440385897e-02
1.461373086876751326e-01
8.186169557568578892e-02
3.449051435344851341e-02
3.150441984909841536e-02
2.438491695149489283e-02
3.545783237268414906e-02
9.996946073738329289e-03
7.990614032262764732e-02
1.689857934971527448e-02
8.167765294248887850e-03
6.897338145393726826e-03
8.888185389042320417e-02
6.134035394672624625e-02
1.946395980205560539e-02
3.197941075495467494e-02
5.545100274467869989e-02
1.358545593502595919e-02
4.208888521881501421e-02
2.620477534920033491e-02
2.276843890602994400e-02
4.252655536968046046e-02
3.505624008274638853e-02
5.251790379699852046e-02
4.350586268005295076e-02
8.430125894517795024e-03
5.454281323174792195e-02
8.150195585673961074e-02
3.016718181909211483e-02
2.315375302270558655e-02
5.301323598296865669e-02
6.101598601235938557e-02
1.529717555954294116e-02
4.248914794932751732e-02
3.601174877831568588e-02
1.998023303721801341e-02
1.374569465063773394e-02
9.175687726270637112e-02
2.649503923819613443e-02
2.236316718418072252e-02
2.221024532285310188e-02
6.523110366313589203e-02
9.583656698091405288e-03
3.152861774473213197e-02
4.053603927187000161e-02
1.631358341348650848e-02
2.705620073882471222e-02
2.414655024185183643e-02
1.142437249518571396e-01
3.270509538322972226e-02
5.093221629380317167e-02
4.230528791154665111e-03
9.564439682699302572e-03
1.148306241949401812e-02
8.170678328290471859e-03
3.878839500684714420e-02
6.779379444006885386e-03
1.013255854093834604e-02
7.154322391974915485e-03
7.527576751950609824e-02
2.573357893509457817e-02
7.780026533895673113e-02
1.049754616581881073e-01
3.643721393329694275e-02
