1.120575740886044169e+00
1.321134015093714975e+00
1.334703244031672620e+00
1.956692714134449673e+00
1.442040833466233574e+00
8.366583676735624975e-01
6.993743385310476901e-01
8.589579440874227645e-01
1.044497587598336885e+00
1.181886216182860272e+00
1.290030825476259135e+00
1.384903690819926148e+00
1.468414208675305366e+00
1.541259565833111855e+00
1.621462775987935645e+00
1.690664300352687111e+00
1.759235583556771454e+00
1.823384475958222950e+00
1.890647184083071863e+00
1.944561786179013874e+00
2.000262445300490022e+00
2.046357460315318288e+00
2.099139685570565739e+00
2.129177623265084307e+00
2.149052795670324478e+00
2.193212424225026158e+00
2.214725878737711540e+00
2.238262720010943507e+00
2.259853909970805486e+00
2.263928157380940664e+00
2.269823176609278459e+00
2.287101129564646840e+00
2.278755040774869123e+00
2.278618636148425747e+00
2.277260636052892639e+00
2.271779855262207715e+00
2.261960207807119261e+00
2.258111701816786443e+00
2.249156982268398330e+00
2.239448220533414968e+00
2.233601216640043852e+00
2.221755291646749786e+00
2.212346243634954579e+00
2.203042574486314908e+00
2.194014616271420248e+00
2.178318406235616678e+00
2.163168891329016130e+00
2.149609175526534077e+00
2.137620282299895091e+00
2.124998997276924761e+00
2.112890842683921910e+00
2.103199486866098145e+00
2.089225366921495741e+00
2.081624881304565022e+00
2.058944043582480177e+00
2.054211282753559686e+00
2.041579386875848723e+00
2.032171420085026714e+00
2.014708570048585390e+00
2.014292512334169505e+00
1.995392161655157981e+00
1.987026051255167625e+00
1.965000063900473437e+00
1.954255717284820060e+00
1.952588129601748657e+00
1.946891719204880467e+00
1.936848753597150363e+00
1.925674634323342849e+00
1.915628324383929160e+00
1.911628976805225477e+00
1.898144077242512218e+00
1.892658063163455084e+00
1.879366191282335175e+00
1.872064742916526914e+00
1.865788874482636972e+00
1.853868918924295839e+00
1.849563724858136915e+00
1.840865566470390124e+00
1.834198463232639131e+00
1.829552446447522129e+00
1.818519847956029833e+00
1.812653217404998518e+00
1.812819779425249189e+00
1.804437709081164076e+00
1.796344741621654473e+00
1.784185139364375727e+00
1.781835294113045753e+00
1.770154320999623776e+00
1.772427678867948497e+00
1.761783551730037312e+00
1.770253863335518263e+00
1.759437880164282708e+00
1.752808931206877974e+00
1.749220808202921251e+00
1.743303973116622219e+00
1.734951000867892557e+00
1.734482261624779920e+00
1.732899904683167680e+00
1.728155814239309640e+00
1.720921355973686007e+00
1.719871939815455164e+00
1.717280543932502734e+00
1.700152123154071049e+00
1.710033449511777714e+00
1.706117866429660568e+00
1.702158145681545331e+00
1.704288996655314081e+00
1.700446015354528884e+00
1.690983316238720668e+00
1.693407498620778551e+00
1.690585427847817845e+00
1.691044391857965179e+00
1.673127100834485237e+00
1.673414867858063371e+00
1.669785906916251950e+00
1.659556839579327869e+00
1.665513999354900410e+00
1.666410368668351794e+00
1.670233643569668303e+00
1.653722230929594250e+00
1.655330436397209226e+00
1.658388101312912699e+00
1.647127898779370492e+00
1.649114513394654313e+00
1.623173221655390019e+00
1.645491290295440612e+00
1.634703129604761385e+00
1.634979702652422651e+00
1.638605846863166571e+00
1.635245222045729419e+00
1.627208829698145287e+00
1.634810985495034563e+00
1.617012219725910915e+00
1.625166273950770401e+00
1.612118781385965205e+00
1.608190642187617980e+00
1.606578231739907325e+00
1.608910833729157108e+00
1.592961347129048688e+00
1.594636991371122026e+00
1.579015089406630823e+00
1.584981103239119005e+00
1.581001533037467377e+00
1.579875389442012779e+00
1.568722241937248407e+00
1.550464291562945629e+00
1.561699909909483042e+00
1.554482174197397093e+00
1.544047400432389860e+00
1.552196388678803496e+00
1.535488735742861932e+00
1.531599474418175122e+00
1.531316671538701213e+00
1.529567005451276440e+00
1.519336086456193780e+00
1.522394601645721490e+00
1.522053204196865739e+00
1.514416475285896846e+00
1.520730340882806120e+00
1.504401936778437365e+00
1.516476861937730680e+00
1.520995818700295210e+00
1.518508261304282181e+00
1.517483682500067710e+00
1.518355662023396668e+00
1.521673493969433855e+00
1.531226352418248116e+00
1.511059657701744774e+00
1.513716256777940306e+00
1.508450162205305034e+00
1.502750223396228879e+00
1.504453496311477956e+00
1.503165109718010539e+00
1.501266982786015447e+00
1.497754293285042060e+00
1.497011104222171429e+00
1.492207969856006677e+00
1.480598462608955890e+00
1.484126131093684409e+00
1.484048478834014695e+00
1.475846327932011093e+00
1.474068514606912794e+00
1.466645453280916778e+00
1.471086056468569714e+00
1.458905168571888344e+00
1.465648392126227328e+00
1.438507610043282980e+00
1.430158781307793614e+00
1.419527789710071763e+00
1.396486956283045311e+00
1.387568949565363363e+00
1.367488953871762947e+00
1.338990693331867599e+00
1.292220109413950935e+00
1.312125121557609964e+00
1.187189333961195192e+00
6.956402047749955520e-01
3.760970130284842505e-01
2.748742232242433192e-01
2.324651281614707465e-01
2.767770315392003577e-01
3.985754356303802259e-01
4.437416863011731105e-01
5.012256614767816032e-01
5.170209016323120688e-01
5.318468612995219669e-01
5.355156644506634533e-01
5.503992272652994400e-01
5.252476658226347128e-01
5.095433906054412931e-01
4.994786164552338925e-01
4.846934838596463901e-01
4.639783510234515851e-01
4.687467661763125015e-01
4.359103908662027016e-01
4.491805387124024884e-01
4.253144602481292447e-01
4.386907578497526439e-01
4.150505541008090993e-01
4.031952559297555250e-01
3.532136498751224929e-01
3.817672889041109352e-01
3.916537554906744933e-01
3.036643409601736954e-01
3.713500656801960176e-01
3.717996066345001238e-01
3.822368257844418471e-01
3.638953576903190545e-01
3.630654498736651248e-01
3.512391494425612937e-01
3.059358014691675454e-01
3.211792437181063553e-01
3.475699642597220307e-01
3.774999671081464281e-01
3.413402156865080195e-01
3.175616793003552263e-01
3.452947481311071098e-01
3.324901351507641989e-01
3.331629627623179379e-01
3.324139999579284188e-01
3.308437712163293520e-01
3.309332709399575023e-01
3.161484765646204731e-01
3.090122299066637157e-01
3.188657074114337187e-01
2.863771821839111720e-01
3.032162185938820365e-01
2.554416236791370309e-01
3.103243424427764574e-01
3.054375791475886226e-01
3.084654340024199914e-01
3.043068739466380235e-01
3.030806479642483842e-01
3.170463718389214813e-01
2.614386153095127341e-01
2.995639372634444908e-01
2.690127293249897633e-01
3.318223954368869077e-01
2.690213556959423769e-01
2.549855523873828522e-01
2.864148195771289429e-01
2.891600657548982212e-01
2.800298925811292583e-01
2.927275466316099917e-01
3.124202712344166799e-01
2.867445559155175627e-01
2.896767072480211369e-01
2.882340623808316571e-01
2.833123698200508689e-01
2.744361353639799828e-01
2.846777629346702865e-01
2.820863633122271397e-01
2.717540970709846904e-01
2.438170724657556521e-01
2.814057773394797457e-01
2.810070078371538771e-01
2.224496234583027976e-01
2.698548562035006926e-01
2.644431552814734965e-01
2.683460333351215810e-01
3.085893153537454525e-01
2.294623595072210753e-01
2.664104919007344585e-01
2.741718716979189008e-01
2.685595256084989946e-01
2.670884532196586836e-01
2.638508037748044655e-01
2.560466352028697989e-01
3.009216260087334005e-01
2.573822141279394349e-01
2.251014937507700986e-01
2.745154708230116980e-01
2.645299845359270763e-01
2.112131801435552514e-01
2.418082929713092633e-01
2.616229902638869120e-01
2.647006408295869417e-01
2.127928569230110589e-01
2.558930709400755732e-01
2.613318118942011270e-01
