1.359543252347551689e+00
1.323170347850958661e+00
1.410085600297847241e+00
1.273853107579275390e+00
2.100639355829277743e+00
2.351783282296374900e+00
1.561955163033218241e+00
2.800905033799457211e+00
3.839971993230259173e+00
4.854751728188780646e+00
6.752732056474645361e+00
8.282934017084325973e+00
9.428671859135722144e+00
9.398403675400626156e+00
9.025284294578550970e+00
8.756726125200746225e+00
8.415076872653553863e+00
8.239562928214997584e+00
7.965907870058257068e+00
7.881889916466275459e+00
7.038989270673432053e+00
6.657549552934394654e+00
6.106767279403054083e+00
5.396394692123159587e+00
4.907705027592977665e+00
4.220342236587183216e+00
4.485898437434717501e+00
3.544300273993522765e+00
3.406567559258566469e+00
3.150980299953280550e+00
2.836819138600563672e+00
1.833333431595668639e+00
2.245704732030369577e+00
2.602031727999150057e+00
1.797809014424981866e+00
2.038357517896398186e+00
1.748331940305560384e+00
1.217784850276888209e+00
1.133096897018058158e+00
1.000250992900441727e+00
8.326379769725600344e-01
8.376564211595406428e-01
5.881636252238350293e-01
4.899373641738460350e-01
4.516185148006043315e-01
4.565768595205488278e-01
3.176734739775646243e-01
3.386838739198074766e-01
3.281654336658786919e-01
2.862502897118390788e-01
1.959780702122601304e-01
8.586878184052044727e-01
5.426433711242203417e-01
2.457147470834246672e-01
1.983855233229232240e-01
3.266334245154332017e-01
1.525462511381191211e-01
1.861186351342259959e-01
7.301380909509903594e-01
9.664688318813636769e-01
3.328844074150034693e-01
8.515712950523317559e-01
1.073797288913534848e-01
4.067719167569442962e-01
1.784893330406409351e-01
1.485255835576403671e-01
1.159829919996425290e-01
3.416970770489370923e-01
1.674779463752799069e-01
3.680074491284289762e-01
5.962415967583860610e-01
1.234252780741591643e-01
1.904752040945016933e-01
1.951954875779994825e-01
1.420913630071447553e-01
1.361725835876715363e-01
8.031490483458841867e-01
1.784665040918083367e-01
9.877451075158380500e-02
1.247018515993187082e-01
1.017170264174630107e-01
1.420747312869430068e-01
3.119844188053178535e-01
1.503085949041527702e-01
1.335104731634993436e-01
1.159335951634856698e-01
9.423245168530447469e-02
6.232675637022556669e-01
1.528478846677126524e-01
2.038698784417686816e-01
1.424130511933970611e-01
1.025457631967380268e+00
3.444215030837904923e-01
1.990111263234184413e-01
2.338780259932559669e-01
2.771597335052571887e-01
9.061520729268772723e-01
1.670059678649365997e-01
2.393042982746428626e-01
1.177944905420565402e-01
2.772157314616110479e-01
4.535600329075906156e-01
1.379290767052957500e-01
1.132149270642355265e-01
3.754794734530441103e-01
2.915171281848334961e-01
4.210599859050659366e-01
1.508687703375629352e-01
2.284523887499082806e-01
1.508185121677252938e-01
2.438956506379434674e-01
1.194365583387240470e-01
1.258100675140896296e-01
1.589168942017043229e-01
1.522804340298020698e-01
2.201033114786392908e-01
1.541340402303902346e-01
1.515905392810885099e-01
2.406578238556831562e-01
1.435692066745609119e-01
6.527228578973398587e-01
2.556599563295844368e-01
2.643477830863810163e-01
2.970499727379222188e-01
3.256560586660564582e-01
3.572293483328733421e-01
2.450141946704254836e-01
4.855132497512311129e-01
4.371741181953800459e-01
1.616691958301363641e-01
2.207632931309018165e-01
1.982725872425780134e-01
1.902694020042241807e-01
1.250774342771530934e-01
3.228583172352632036e-01
2.635785680055809932e-01
2.058472816567338548e-01
1.432626835187590653e-01
2.113837243288518575e-01
2.516159409377185519e-01
2.601232823769517033e-01
3.011323920770704876e-01
2.458671731662640525e-01
7.662553384729914319e-01
2.940789428880551948e-01
7.496858237029256911e-01
2.741387592976435306e-01
2.991183902778657977e-01
3.672072963778885146e-01
5.011948310312642763e-01
4.612706384400638848e-01
5.433933520696441200e-01
4.402358450530530765e-01
4.833078406562521523e-01
4.792330811556048675e-01
4.521497686935840865e-01
3.045871350405503497e-01
5.103128353990125099e-01
2.661925811618460758e-01
8.722590542505720412e-01
5.194091634794315571e-01
5.096539082075621785e-01
6.463659258161822407e-01
4.306744141357039535e-01
3.363644445431961394e-01
4.839850064247871453e-01
4.074412854569518516e-01
5.043794365445157801e-01
4.764658326651500797e-01
3.638677201320406063e-01
3.970253793273716969e-01
5.987765743071731261e-01
8.832147747013089356e-01
4.855591670843047436e-01
5.061344192596318736e-01
4.604188453777448564e-01
4.263421785327137226e-01
5.334166857142126350e-01
5.616679919958802447e-01
5.258068897195686819e-01
6.314740355030821206e-01
4.135059791914937888e-01
3.861918527256796851e-01
4.497827389170594437e-01
6.105061916183459614e-01
4.342362467699593109e-01
4.757563121324925870e-01
3.913071143984790945e-01
5.858128379024437615e-01
3.111210578539928551e-01
5.801564211789299597e-01
3.627903397692218701e-01
5.707879930254061707e-01
4.295847646912444029e-01
5.246853822198350725e-01
8.660152329960131290e-01
4.104391281084766030e-01
5.147720661100788631e-01
4.920536209416466189e-01
4.407473259038182101e-01
5.438362129968075109e-01
5.415057953610982189e-01
5.073261766477394907e-01
7.938259808689936969e-01
4.709614502074746523e-01
2.630750863143961338e-01
4.839900987086322437e-01
5.105694754466750807e-01
3.107490468148224050e-01
4.732643034048767405e-01
4.721464433473590572e-01
4.770809254351098816e-01
4.625859798298696535e-01
4.875909703335736256e-01
4.950404606728322499e-01
2.542995213823002754e-01
7.098456610384470400e-01
5.209718644534725440e-01
1.028954483955309973e+00
2.729034333419571023e-01
4.987504193957603693e-01
4.658387181785775821e-01
4.603810196609371963e-01
3.971464713084715270e-01
2.831444841717972727e-01
5.286720472811751170e-01
5.217815470925533106e-01
4.646490331445891631e-01
4.860739289455474066e-01
4.877674294798449717e-01
5.229026373313542253e-01
6.937201135925054052e-01
2.823285814720063458e-01
5.244786015824399739e-01
3.307808432267370091e-01
2.058737900957133271e-01
4.980961704113701649e-01
6.879274743598841058e-01
5.112140046129841631e-01
5.051720959744770978e-01
5.656020012150737575e-01
4.737202803289540243e-01
3.897669511501557493e-01
3.631099843032031260e-01
6.006484678847084924e-01
3.810692525311877299e-01
1.293639556223099119e+00
5.375147999478741001e-01
4.952706030173662510e-01
5.250330035868102652e-01
4.313261070946033393e-01
3.629538893258739130e-01
5.564449285453451077e-01
3.921987406376422625e-01
4.642381562575990661e-01
4.834700156241787394e-01
4.509134968609027072e-01
5.314933742727898647e-01
4.753484038392452593e-01
2.702521740902157354e-01
2.003519008498521048e-01
4.080641762188709776e-01
4.675766252147234847e-01
4.345890799622104672e-01
6.208778738822741117e-01
4.393298584689287467e-01
4.797916145155005085e-01
6.449952271702805717e-01
6.430233343345311825e-01
3.781589025082552347e-01
4.836410431178259084e-01
4.502654965157890654e-01
4.267388185037997439e-01
5.403962715825425533e-01
2.559110687218773550e-01
5.060966569195289866e-01
4.619455522692524352e-01
6.262197307681351965e-01
5.583431319262626147e-01
4.601692344740344609e-01
4.518829187197559993e-01
5.040106195879385798e-01
3.649095001105578384e-01
5.006124927547762615e-01
5.623546379853328059e-01
5.046945237808923013e-01
4.138524432834452815e-01
5.114950448794215454e-01
5.533987418897440280e-01
4.861707639364149514e-01
4.125829867550785957e-01
4.437077124874598821e-01
5.416591370405829942e-01
4.651039293935373409e-01
4.972304730496749925e-01
3.361730732676351252e-01
4.779425472498933791e-01
4.733865145549044917e-01
6.146969536553965607e-01
3.624562642239156918e-01
