9.789591090966212050e-01
6.957990513771079577e-01
1.145438753823354139e+00
9.223689473653927662e-01
6.207238513009941672e-01
3.815771334271846338e-01
2.254694130609403713e-01
1.349581764242785420e-01
8.586966864533643329e-02
5.988145380200279866e-02
4.572297739803881517e-02
3.731314911058247058e-02
3.167929643652267480e-02
2.746263610974177330e-02
2.406485123882697724e-02
2.121292695903606237e-02
1.876683916356362836e-02
1.664638628936621761e-02
1.479562391058578466e-02
1.317040813658153404e-02
1.172796792458642538e-02
1.037202113431988197e-02
8.298589570482404684e-03
8.028915549346454794e-03
7.199321738937588047e-03
7.032109254778942664e-03
2.087870658011172637e-02
5.164375954541416090e-03
2.998331037341200357e-03
6.749845141617835491e-03
3.815712017297642668e-03
3.942980456575034300e-03
5.666704998336367406e-03
2.564243882670537693e-03
3.888665731587024384e-03
2.331823647419739142e-03
8.148649853016456945e-03
3.366478063440541020e-03
1.013547477120592660e-03
1.595236043799037624e-03
8.813555134167040152e-04
1.404453328736093637e-03
1.737460002107629091e-03
5.829723558166905253e-03
2.066839673150621618e-03
8.243101825877813477e-04
4.769091384328394347e-04
2.157243923841019317e-02
6.511393282106816291e-04
8.688378502638963510e-03
7.800583342677366774e-04
4.320800980637165404e-04
1.561855536925347600e-02
5.749485935810760406e-04
1.780691970925108586e-02
4.085696343634706183e-04
3.686834364307416644e-04
8.645882793172893601e-04
1.001231108605837861e-03
6.625596420507415220e-04
4.842043370842447005e-04
2.218693393126476999e-03
6.410471174021877471e-04
1.257029719401216682e-02
3.341973763554102685e-04
1.209199509929821236e-03
4.175520253176185693e-04
9.131376380381060059e-03
3.859352629040697273e-04
3.106033792764853127e-03
1.994545838255042461e-02
6.028257525077832749e-04
9.588828544829191940e-04
4.493218267319945254e-04
3.008188671426237706e-04
4.408755511310874053e-04
7.061172753971538957e-04
4.490006191446673563e-04
3.922929240926429869e-04
3.209404712181770274e-04
2.858829383766007919e-03
6.436874267249275208e-04
8.016731615085388903e-04
5.564134283825352204e-03
3.848311156410735693e-04
3.751232404150154167e-04
2.462852822908324240e-04
5.421989632173646219e-04
5.926930431203390227e-03
4.268757392234153445e-04
3.179122482155947917e-03
4.047832439770420506e-04
5.748461942841868663e-03
6.206159460083116508e-04
2.640624691440165701e-04
3.742348464350937418e-03
1.391855195472244729e-03
1.679797371639241317e-03
1.270620704160224483e-02
3.227566506170199360e-03
9.245609174466999343e-04
1.829550861857900468e-03
6.424721568297830226e-03
4.053975904449742991e-03
2.671858951769221424e-04
2.675846718389215365e-04
7.358538145903685372e-04
6.810670517654396350e-04
1.725991216141515129e-03
5.261249758201868004e-04
8.165066900848093291e-04
3.972029132755701690e-04
1.506492538463306396e-03
1.205339239066731839e-03
4.113845446408481883e-03
3.232632062836910628e-03
3.077605851592264338e-03
1.558568349953180559e-03
7.840106958593596326e-03
4.992924351932594975e-04
3.139227544735723836e-04
3.336641737161993122e-04
4.140958650229274209e-03
4.905599354139203710e-04
7.227316105008161360e-04
3.739365020609139532e-03
2.233304189305249619e-03
1.853366994251996877e-03
6.374901759429445636e-04
2.516239773927665419e-03
4.329131676759573680e-03
1.845820736782713043e-04
2.906013229611531328e-04
1.794428966886731092e-03
3.326570140117036728e-04
2.277136491938221412e-03
2.269024204320575940e-04
1.730429912232607124e-04
2.198876412886075805e-03
4.415561706062767419e-03
4.145417898569823240e-04
1.949369032349459975e-03
2.530933822163671312e-02
2.076374264335300256e-04
5.526170486398583256e-03
6.600743131723424114e-04
8.951352820670064117e-03
2.749168080915457136e-04
8.502870890258222222e-03
2.623055455990825832e-03
6.902364712257321507e-04
2.711014229119176628e-04
4.406403573230069132e-04
5.023503985872275653e-03
3.145196589115496462e-04
9.683992458560240118e-04
8.414726961671911351e-03
4.032725280473305088e-04
4.540561565525523795e-04
1.159315241879399060e-03
2.227389669518279984e-03
7.346745845542742822e-04
1.055306797864386317e-03
2.697324116885711255e-03
7.798461269038140095e-04
3.542280535809692703e-03
9.374624324768688960e-04
7.774687693243521793e-04
1.329401914968434371e-03
1.840747173643835204e-03
1.078298789504258080e-03
1.174316557297320172e-03
5.674606697307155384e-04
7.783166207067253317e-03
2.117127583110416621e-03
9.027347204689040259e-04
5.951503474339680079e-04
1.209082967911486632e-03
9.241886789907843283e-04
6.928937476244095188e-04
8.857233525018708359e-04
6.319411699172377585e-03
9.131166788257411189e-04
6.571384625363952889e-03
9.780396608903326860e-04
5.990674910130912995e-03
9.227695798488347876e-04
2.466281422695718126e-03
9.154967919792434891e-04
3.436614702261801390e-03
1.003226490699336924e-03
2.497455679679152682e-04
1.830910375208882022e-03
9.036476847442105956e-04
1.845741965857339555e-03
9.640892358588818009e-04
1.056774128322052111e-03
6.260787732223011687e-03
4.116073486165711462e-03
7.718917198994986774e-03
1.342536740246188425e-03
1.153156669901768839e-03
2.294016654591535774e-03
6.524081252679751839e-04
9.029236877191805684e-04
7.392463825207113304e-04
2.491455916445779566e-03
5.645250876908636944e-03
4.761453655244522395e-03
6.621837337038446840e-03
1.213574680562307280e-03
6.351851745874920576e-04
2.365242842237615627e-03
1.070933236410189643e-03
4.242987218415471295e-04
1.835617553613998502e-03
4.656975565293650695e-04
1.065760976207842659e-03
8.280245783711255277e-04
1.458736840218497399e-03
6.836643029326799556e-03
8.844649147189961392e-04
1.133979162366789738e-03
5.776074816046555165e-04
1.461999507510500489e-03
5.527410543644702134e-04
4.113635711453742308e-03
3.269972148944702388e-03
6.189392092982219304e-03
8.185434755511629282e-04
8.253443139120618085e-04
9.468505800089703798e-04
9.072636577238708680e-04
9.342049417659095082e-04
1.008907555999610794e-03
5.729692518464446493e-03
8.437080354091865218e-04
5.961661672164231870e-04
6.039490456882185519e-03
5.671559571302818917e-04
8.816707635493426561e-04
1.030062541761524305e-03
3.609790153855778685e-03
1.113072920164844817e-03
1.973848965263873007e-03
1.170819686012840311e-03
1.628468089768631000e-03
9.864665487039955133e-04
7.597833284295416869e-04
1.398732147910715764e-03
1.830715355224543043e-03
2.483894037330164513e-03
2.923408573319668819e-03
1.877081611089307907e-03
9.492867328609101187e-04
1.073987561325980477e-03
1.011233479919904218e-03
1.256411143444730516e-03
8.226017441281223549e-04
1.025741424201581349e-03
9.160338720337370122e-04
7.094027354514076010e-04
3.469022267659859979e-03
7.678671393737480965e-04
6.001992601241852576e-04
7.369704088264884909e-04
6.884678612456841514e-04
9.103984935749164864e-04
1.239224513022441727e-03
1.135050437208996081e-03
4.368360357213973738e-04
7.334080172065330283e-04
6.498404486996704624e-04
2.431296377623276724e-03
4.758768931676614355e-03
1.290507695576644442e-03
8.770347497084786262e-04
6.869007154866393905e-04
5.765360367525571581e-04
1.411843717061961106e-03
2.196701084117191633e-03
1.823315891655765547e-03
1.967586378647737198e-03
9.447071062299069576e-04
7.653965692899245563e-04
3.345323266380922402e-03
1.074701612112194003e-03
1.575799562945455999e-03
8.367821493328423147e-04
1.073810538090452533e-03
1.377137851377065701e-03
9.650333369158724944e-04
7.783663114400717108e-04
3.245921631905998583e-03
3.695953003432146580e-03
1.282408992198007637e-03
1.536894364150059302e-03
8.396903552349696195e-04
1.269375970870015129e-03
4.131701546716924221e-04
