1.033007951601440100e+00
1.334038495608748986e+00
1.912743825046731017e+00
1.624915655824378247e+00
1.304296936945916308e+00
1.298353198197062852e+00
1.366873863900697650e+00
1.527523136482452193e+00
1.622605425037113802e+00
1.543487513868161187e+00
1.321729192781097240e+00
1.001872303437868483e+00
1.095582138857236432e+00
7.860120952878553169e-01
4.956389479935217057e-01
6.491981266888677826e-01
1.017312556149644553e+00
1.367933035126998709e+00
1.624710623916385543e+00
1.791847124234399180e+00
1.566942165228496275e+00
1.297666564819961899e+00
1.002029562864094281e+00
7.783645781109463924e-01
6.744719019995796261e-01
5.060518150283316308e-01
3.856051025248928843e-01
2.887695491507579204e-01
2.270805701228713891e-01
1.677526491588549884e-01
8.789951799056690274e-02
7.293745817225105732e-02
4.568981386905558717e-02
7.790279251612054756e-02
6.284969671922642498e-02
1.372472457533470136e-01
1.016536783893620538e-01
1.129505955405223083e-01
9.698003250385781038e-02
8.699024592608640971e-02
1.022700268782915228e-01
1.409385577989132887e-01
1.033733810001565279e-01
1.084675259325890151e-01
8.611861547755612911e-02
1.004938497339539771e-01
9.111837504153606770e-02
1.121817928573740769e-01
1.407114250375975928e-01
9.819329376207559801e-02
4.692288856846732470e-02
8.908050978605745740e-02
1.198345707939730276e-01
1.285891765155350586e-01
6.499179751238273739e-02
2.678448653451075481e-02
5.360114278197195686e-02
6.402568916140510824e-02
3.373152548917403987e-02
4.524712378035450344e-02
5.545744856827111019e-02
3.911187554873618577e-02
2.582333828526849756e-02
4.219510458240793155e-02
3.071863601349810249e-02
2.015877072510972520e-02
2.952932557292516774e-02
3.214067433041373212e-02
1.069444060654320544e-01
9.075761792852791998e-02
1.361620437048938204e-01
8.128183893306639707e-02
1.506473370635249588e-02
3.552583596812335792e-02
8.737224641975011030e-02
6.904277878160346160e-02
1.033250565482936867e-01
4.826962433665461794e-02
2.430313798621366525e-02
4.185517606220275771e-02
7.328903075330452099e-02
4.056385276868072071e-02
2.457330887869886224e-02
2.480067759390544579e-01
2.481913455769212962e-01
1.303148885938349918e-02
8.565990883327338767e-02
1.082750378704299549e-01
6.754893452710576673e-02
5.536662624064953020e-02
1.854045974740541405e-02
4.939358313332923439e-02
3.262757395217200096e-01
2.280002156373009056e-02
9.178366309897349751e-02
5.106287207860006616e-02
2.337401589784471323e-02
1.454186944383928093e-01
3.891117461204408878e-02
1.063235492433763918e-01
3.091421138883795189e-02
2.884852132932189811e-02
1.664684391620986359e-01
3.409032722984828290e-02
3.493421895720361797e-02
4.037189838690934812e-02
2.336039086042759200e-02
2.885516730438308572e-02
5.884122811547910781e-02
1.042427122509731185e-01
9.823931545224595663e-02
2.678869866313068893e-02
1.551896329296309773e-01
1.686244341268408262e-02
1.632159103991851282e-02
7.630578974448579133e-02
5.319988370069460987e-02
1.436348461062268433e-01
4.061916701721531714e-02
3.308318588321286502e-02
1.680795387606083546e-02
1.572757635078290972e-02
3.509455787610853139e-02
3.918405059988543104e-02
2.656236609808407256e-02
2.886244709321257595e-02
1.966749044943501279e-02
4.751158318317804524e-02
1.381452599837878215e-01
3.529203244089020031e-02
7.159446465961906425e-02
3.612919955100721975e-02
1.592058182762036977e-01
3.764754157620896907e-02
5.704258710099614077e-02
5.767573916906417603e-02
2.158372826149742088e-02
4.611738710875351588e-02
2.229966474405251781e-02
2.984752920058129227e-02
2.701460076657572623e-02
5.879425331810999439e-02
5.140101612605443154e-02
1.250378828074098503e-01
1.478371845509188764e-01
8.523423987202145835e-02
3.478957968363206171e-02
2.338263968179559588e-02
6.353986837299074875e-02
3.836729120039762686e-02
8.446311476731668821e-02
2.730851398492133153e-02
2.902368540061846594e-02
6.938319072343879235e-02
3.259829618150648922e-02
6.180897489763542696e-02
3.148432592838533439e-02
2.791077145699380133e-02
1.467559018966108353e-01
5.485461665387197927e-02
1.659748983249749454e-02
5.507247654447637586e-02
1.933759937043357316e-02
1.239180472779383424e-01
3.502882332955423866e-02
1.251169476665951741e-01
5.934416252903054051e-02
4.750340685955594527e-02
2.822097164570534777e-02
1.280127468906158972e-01
6.459729351649556861e-02
3.834111880612827566e-02
3.939587420431166220e-02
1.426808366180108423e-01
9.075817760351848063e-02
5.319594441718780015e-02
7.906589762324102433e-02
3.749598043910570833e-02
2.661523700562673858e-02
3.197062904573209907e-02
2.111294876709573359e-02
6.229117946579872112e-02
3.066602280385490320e-01
4.111056016695268517e-02
3.217849590988892949e-02
8.470592524241400689e-02
6.061464069917509717e-02
9.461488424085440219e-02
2.408782298805990305e-02
1.111067118034091313e-02
2.719770197134677159e-02
2.776427929290991789e-02
1.797127105169542965e-02
2.430079949816030260e-02
3.898184907532032534e-02
3.415392966530246543e-02
4.038859051664518696e-02
3.233973924448336340e-02
4.166768065956176492e-02
3.382366511344080118e-02
2.229272058243901913e-02
1.057574751340123465e-01
9.894875158190856446e-02
3.164265868162401130e-02
5.887616960982641062e-02
2.325967214793483659e-02
2.097362849086575609e-01
3.554045827091902726e-02
6.412245555676691910e-02
2.789055248767310577e-02
3.774371416202625812e-02
3.721264419384788524e-02
7.019994081467063884e-02
2.807788466930403320e-02
1.246578542532903074e-02
9.849777172305456893e-03
1.696286299354806890e-02
2.473312581676714861e-02
2.156719595226984365e-02
1.546107599425963208e-01
3.813139815883891115e-02
2.387872933126835087e-02
2.103558117461466065e-02
4.675507572500969128e-02
9.674221271443327053e-02
2.230919640226409345e-02
3.557026229016428676e-02
4.847741359126073873e-02
2.801766662665185897e-02
4.246467329327152651e-02
2.191377104378451623e-02
2.643164710326516981e-02
4.689278407679186439e-02
5.550377795533310843e-02
7.904686120510252823e-02
4.528705292980566427e-02
3.944763549261687263e-02
1.332636074498852810e-02
2.070979227868822298e-02
1.012173463636271142e-01
3.137297516885006327e-02
2.921868583643819767e-02
5.410045095678378546e-02
2.741586593842616423e-02
6.493725202771144511e-02
1.951431871672592785e-02
5.629473035529673763e-02
6.128927285929421792e-02
1.555657426240798086e-02
4.782918408601323501e-02
1.889907229148519996e-02
5.985137511387199349e-02
1.607698963604596229e-02
1.068416006388408709e-02
8.654366136771495313e-03
2.827891946134085746e-02
4.893216102482685764e-02
2.442530668168058916e-01
1.070729569641099173e-02
5.361775204191371325e-02
7.222418693716535498e-02
3.155948290988409843e-02
1.333857306119531905e-01
7.700335491950188738e-02
5.308648388178168614e-02
1.611006363445796896e-01
3.937202894920298346e-02
1.530439792408669515e-02
3.016968552399875228e-02
5.087818069278132738e-02
1.683122462627326468e-02
2.775740450514280547e-02
1.925733044545204636e-02
2.675984248505089425e-02
5.591576708505839599e-02
2.308846450725981700e-02
8.635278982413951976e-02
2.343639114222345610e-02
4.449002042617403174e-02
1.240800584642472518e-02
5.222480957657612416e-02
1.677741617991252709e-01
1.071928002079942065e-02
7.206777744929911134e-02
8.361288346688920681e-02
2.717316156299948854e-02
5.982290885642882472e-02
2.792737970293065336e-02
5.018193783623390442e-02
1.734878745241930781e-02
3.498487328746896496e-02
1.420666524863888058e-01
2.472445307071347367e-02
6.310898742993190091e-02
3.494339758861197964e-02
3.263407708950322866e-02
2.626449381382536460e-02
9.128998331939048444e-03
7.978241624588230940e-02
5.656899878672243254e-02
