1.102184322506161607e+00
3.851787426753046972e+00
4.264893265404485767e+00
7.003035013255776597e+00
7.174319057935969468e+00
7.558360477267209276e+00
7.680339862160511011e+00
7.969778719688680901e+00
8.374296515782095440e+00
8.679300760042398366e+00
8.859867818406272022e+00
9.017585743960367495e+00
9.172376671412234117e+00
9.253699128608365854e+00
9.371136737745970891e+00
9.592577012240321110e+00
9.926211150825990259e+00
1.035114430725399259e+01
1.082899235009428374e+01
1.134261393491724590e+01
1.189578336086471744e+01
1.243596941627673935e+01
1.295081817077688235e+01
1.348597650911483115e+01
1.397789028516607779e+01
1.445671951901996621e+01
1.493347331093984209e+01
1.535566932364259252e+01
1.576743342928872593e+01
1.610642190741572932e+01
1.642606648007948422e+01
1.671810765722283776e+01
1.696344199014561482e+01
1.717977021629357992e+01
1.738006036221431927e+01
1.755380530708094611e+01
1.772279404179527162e+01
1.788891015425082642e+01
1.803557146875642658e+01
1.818233815705357159e+01
1.833947519984632990e+01
1.851041800878347843e+01
1.870143006868554636e+01
1.890360285214038782e+01
1.915216322740000621e+01
1.943234339070651018e+01
1.973827154406545503e+01
2.007508294657638359e+01
2.043913561891021047e+01
2.082284324840864187e+01
2.121183898324412098e+01
2.162378560760007673e+01
2.202704459591904396e+01
2.244021511754070630e+01
2.286750651021739955e+01
2.327006908141612840e+01
2.365106020647579044e+01
2.403851123012395519e+01
2.441209761829182767e+01
2.476140497794706619e+01
2.509236802264892674e+01
2.541728289546430020e+01
2.570901681262676775e+01
2.599214916705370371e+01
2.625870699170232569e+01
2.651625285693906520e+01
2.674916160218200645e+01
2.696995891739818063e+01
2.717683436755552151e+01
2.735331267237753750e+01
2.752939608014899875e+01
2.767602311261777714e+01
2.781749111109189698e+01
2.792096029208652297e+01
2.801600510893201701e+01
2.809039772502138987e+01
2.815480681304003241e+01
2.819731135538205891e+01
2.824110721217731523e+01
2.825914327902382794e+01
2.827101953361682263e+01
2.827309270331904401e+01
2.824714361728939949e+01
2.822137611548935610e+01
2.820777797428593914e+01
2.816434086914434687e+01
2.811294832054819182e+01
2.806729121596395871e+01
2.802171294702796800e+01
2.795368201980938494e+01
2.786492885848190326e+01
2.779425249318235558e+01
2.771378781372218469e+01
2.764135704852682451e+01
2.755516737707500141e+01
2.747983384221632974e+01
2.738854018155754844e+01
2.728892448887226863e+01
2.720419504676394595e+01
2.711973673908537563e+01
2.702416184968640778e+01
2.695286651775089837e+01
2.685471698253655148e+01
2.677924989155518887e+01
2.667216300054344558e+01
2.660794368704055302e+01
2.652586515301773673e+01
2.643876805190173584e+01
2.636339976037779920e+01
2.627563522014879993e+01
2.619752440528856496e+01
2.610036434640814917e+01
2.602802340669457948e+01
2.593048378867418435e+01
2.585379435854250474e+01
2.575086721010917046e+01
2.566555735109896119e+01
2.556140507814437868e+01
2.545490379678039616e+01
2.536818687336912959e+01
2.525598340409376874e+01
2.514413781118173574e+01
2.505225393090524122e+01
2.493126931446271399e+01
2.481705779321942984e+01
2.471288356075964643e+01
2.461087853417086890e+01
2.450733846938880234e+01
2.438829759934946395e+01
2.429091177779238819e+01
2.420871561399752991e+01
2.411174560870689376e+01
2.402084322063957345e+01
2.394367263558122261e+01
2.386376403892114695e+01
2.377599248989970704e+01
2.372493953527537158e+01
2.365829168626443035e+01
2.359815371851088273e+01
2.355883957174976828e+01
2.351382428616846099e+01
2.346686349008647454e+01
2.343205991175317493e+01
2.339350640889644595e+01
2.336454982322596052e+01
2.333582213575639130e+01
2.331874797529846788e+01
2.329418248503690236e+01
2.328477874117682944e+01
2.326941237017872055e+01
2.324474522590818992e+01
2.324815812232759882e+01
2.324073919602473026e+01
2.324218543181287799e+01
2.323420287136302065e+01
2.323549572000115404e+01
2.324266363501504529e+01
2.324981456178582917e+01
2.324015145840288810e+01
2.325484627358406797e+01
2.326440244073634389e+01
2.327012998325194104e+01
2.328394842794333641e+01
2.329274608875487473e+01
2.329456245486967703e+01
2.330619586192258907e+01
2.332124021867134545e+01
2.332887192700791346e+01
2.334800905813286320e+01
2.335370053391050860e+01
2.336673132710872025e+01
2.337628332361158456e+01
2.338865448397897495e+01
2.340006085694052729e+01
2.341284586008872282e+01
2.342532432434924772e+01
2.342551370689497858e+01
2.343488754302914501e+01
2.342746284082994279e+01
2.344885611161599570e+01
2.345078092886064525e+01
2.344333406399881525e+01
2.344871750985289793e+01
2.345537518103516916e+01
2.344045859456253922e+01
2.343054459431327174e+01
2.343084332305725681e+01
2.343250439601661128e+01
2.341809080125754861e+01
2.339937846092301399e+01
2.339600728526876594e+01
2.337644097932559006e+01
2.335889078949463027e+01
2.334529194073859060e+01
2.333237848599278763e+01
2.331549939101159907e+01
2.329799958806706073e+01
2.327104860854798218e+01
2.325625067101171339e+01
2.324649083567088681e+01
2.322622528466725100e+01
2.320859215363388017e+01
2.319716133311708717e+01
2.317949502404563233e+01
2.317458518080338692e+01
2.314730449729442086e+01
2.312819557916837354e+01
2.312130968651180396e+01
2.310586437708871088e+01
2.309192355983518041e+01
2.307009615793345247e+01
2.307146235540453105e+01
2.305558393480470869e+01
2.303933611474021603e+01
2.303056121838108083e+01
2.301759388470324552e+01
2.300096182268286427e+01
2.299171056218209586e+01
2.297695021507023583e+01
2.297210511160782787e+01
2.295853342893952842e+01
2.295204217680551650e+01
2.293571408183491656e+01
2.291766551723739909e+01
2.292027222894427396e+01
2.290585671336626206e+01
2.289037513978973593e+01
2.289048848497109390e+01
2.288021593100060969e+01
2.286137978263380077e+01
2.284897458920841018e+01
2.284927933853477811e+01
2.283819428648847349e+01
2.283183307398511985e+01
2.282731713217370384e+01
2.281329698401874495e+01
2.280787836097218957e+01
2.280666623045082630e+01
2.278986180298534236e+01
2.278838098439234372e+01
2.278075174731895913e+01
2.277737699692774598e+01
2.277868789996771426e+01
2.277137881234093797e+01
2.276514675275326738e+01
2.275967498263383959e+01
2.275605961650615683e+01
2.274903232218182936e+01
2.275588819231045790e+01
2.275159103114446069e+01
2.274444589365859315e+01
2.275235960599301777e+01
2.274132774889303477e+01
2.275224750261169859e+01
2.274591658985166021e+01
2.275087476324940994e+01
2.275100797628981653e+01
2.274457124322896462e+01
2.274227477155158894e+01
2.275997725202773481e+01
2.275306738994381206e+01
2.275096322608587229e+01
2.275429207438103063e+01
2.275639327042225091e+01
2.275258182450521005e+01
2.275038121266857161e+01
2.276113704192202647e+01
2.274833020729363398e+01
2.275227832744915446e+01
2.275557505176974971e+01
2.275218962269772049e+01
2.275794361150002842e+01
2.276496715317656694e+01
2.276090447437477238e+01
2.277094120486806617e+01
2.277646653186642212e+01
2.277561634501897458e+01
2.277458003548072796e+01
2.277910169629766202e+01
2.278316504306249968e+01
2.277963139105886015e+01
2.279100113622372348e+01
2.279037132030039103e+01
2.278743098038810189e+01
2.279857354993493601e+01
2.280026070034551111e+01
2.279803654948908687e+01
2.280237834423854082e+01
2.280567962719323560e+01
2.280964247403795397e+01
2.281628840635145394e+01
2.281888408709668781e+01
2.281774529295987008e+01
2.283076328085964946e+01
2.283046520227087228e+01
2.283624728247806601e+01
2.284216555153130557e+01
2.284186638824693460e+01
2.285254266148554692e+01
2.285414291871425263e+01
