1.013839939588632388e+00
1.644544073118482108e-01
1.636814413862514250e+00
1.925877441590299943e+00
1.584607753148103537e+00
1.345640391145755954e+00
1.166089899982789335e+00
1.019984543279075728e+00
8.962122236959514376e-01
7.946817767133347310e-01
7.065704706221844766e-01
6.325445442540588159e-01
5.588187200840423197e-01
5.127079653317030417e-01
4.659882611655640217e-01
4.190728595408173551e-01
3.850278668761736300e-01
3.525478244601918942e-01
3.202279374564462877e-01
2.961241023331512290e-01
2.705515599408552241e-01
2.501630408388465510e-01
2.227264219288807856e-01
2.119619064155993937e-01
2.008137980047233206e-01
1.747184431762918988e-01
1.737440055095489377e-01
1.667587863256498326e-01
1.487333311024210403e-01
1.468241140297729397e-01
1.425490475633109655e-01
1.258974505450405346e-01
1.262003455185000955e-01
1.240723448966132431e-01
1.062983661401745300e-01
1.099763114838220174e-01
1.096772839101206459e-01
9.934812461964491470e-02
1.000839447400686394e-01
7.976413838884602314e-02
9.072940207682446412e-02
9.215096726219020040e-02
9.794513996595070882e-02
6.959998511771653407e-02
8.206717828706552864e-02
7.863067789105825101e-02
7.423111747135528737e-02
7.560856061230657177e-02
6.953705370175544687e-02
7.278269605795402442e-02
6.365748447384032838e-02
6.814875437888126553e-02
6.637251151384773729e-02
6.330608514301164225e-02
5.811939680228217497e-02
6.189413067713593619e-02
5.098520295154863186e-02
5.925515247088031928e-02
5.979704095696364990e-02
5.579594965964534969e-02
4.561046074890293817e-02
5.391088226876190881e-02
5.345003543957619480e-02
5.197804974682123519e-02
4.995612306438627914e-02
4.869801931917752680e-02
4.907155627688678662e-02
4.228309887057993960e-02
3.885575934280576654e-02
4.050033893759482501e-02
4.444842558700660279e-02
4.134855080709127356e-02
4.288793457816283267e-02
4.007560574788761321e-02
3.815998760302836967e-02
4.080241711341305033e-02
3.755936102135502830e-02
3.908088780694322917e-02
3.083768320438523211e-02
3.703748366801160041e-02
3.541334376598338773e-02
2.713484877408845961e-02
3.486509812263453162e-02
2.835646701904451228e-02
3.339692167072814272e-02
4.212542290519395716e-02
3.164021703550776859e-02
3.157222443881729790e-02
2.528054765841040996e-02
3.004037778510756235e-02
2.742952435855097737e-02
2.984789782337897435e-02
2.848377884879410224e-02
2.810107071942558044e-02
3.076457592169975705e-02
3.656114078173446080e-02
2.682812549484735881e-02
2.543615270517579283e-02
2.567490932709009729e-02
2.509567465747939569e-02
2.420025264501256268e-02
2.365636232021168378e-02
2.410174966141915079e-02
1.510290985752728299e-02
2.344356354642108606e-02
2.139020154317016267e-02
2.265610435912664491e-02
4.091841805765059070e-02
2.187334852190240056e-02
2.161784227556588431e-02
3.556266094671284989e-02
2.087912554359499379e-02
1.972159074014536925e-02
8.765025616960143637e-03
2.008575232572355068e-02
2.068735463528701551e-02
1.930348420301046530e-02
1.792584720673959589e-02
1.660663538977290646e-02
1.853290224758533805e-02
1.873775069065735516e-02
1.853349991710051201e-02
1.716920714318521946e-02
1.703414996907669579e-02
2.386130751542501691e-02
1.720931705993646726e-02
1.224375558474559596e-02
1.668119642784382170e-02
1.169370283905942290e-02
1.590997483033048179e-02
1.596123893197720633e-02
8.652950200127081104e-03
1.566448850429329534e-02
1.480297494376682683e-02
1.558579096207183406e-02
1.505567423791540592e-02
1.483921580977376822e-02
1.458120847826771017e-02
1.477987201413483338e-02
1.415249134881824827e-02
1.366583302202436200e-02
1.379241412389074946e-02
1.396138937039907019e-02
1.366687155213181133e-02
1.325144832761722229e-02
5.438597033584774594e-03
1.275576154595526798e-02
1.347745758021058789e-02
1.217545556311838868e-02
1.230420583607070954e-02
1.583532487347522749e-02
1.208972934672926207e-02
1.097313295675984325e-02
1.220482371514581589e-02
1.184338560469716181e-02
1.178594463723810042e-02
1.138421753315559809e-02
1.168728725181041039e-02
8.470216795900580714e-03
1.102761027958255001e-02
1.227246899341546960e-02
1.072845447743004353e-02
1.110782567432327776e-02
1.000427025931857790e-02
9.193782113578304049e-03
1.010264892511052517e-02
1.025313025050715761e-02
1.018195485238867180e-02
9.095838521955180653e-03
8.301749375375751944e-03
9.189223276750575417e-03
9.549178540517249195e-03
8.462863036197412411e-03
9.185573329150207786e-03
5.824200666138467167e-03
8.987170131289995423e-03
1.017134380673615293e-02
8.498386162524140114e-03
8.876511655005607168e-03
8.361857494007798527e-03
8.286957912534843873e-03
1.409969889124712550e-02
7.957798332975879810e-03
7.727793946261156399e-03
2.655675728834923539e-03
7.730323365091343324e-03
8.055188260886282647e-03
9.241044657047689168e-03
3.712119488126114451e-03
1.334635605585899297e-02
7.221305826751497035e-03
7.544485224384730494e-03
7.365147942530275889e-03
7.237721964929716770e-03
6.169444517874825111e-03
5.660984698854953055e-03
1.140283444035493539e-02
6.523725694730243135e-03
7.893652662402573031e-03
4.976153802677048613e-03
6.398629462216932559e-03
6.618366247324081013e-03
5.822766226373593534e-03
6.146318149183902652e-03
6.074135389195874785e-03
6.169756899530064349e-03
5.869945817372723001e-03
4.333176821130563933e-03
5.595188566221338117e-03
5.601758266925753287e-03
5.117867480782911649e-03
5.348721538944534691e-03
1.503111491459875430e-02
5.170672242296745456e-03
2.550980977180635021e-03
5.101626508141771446e-03
4.990441232745983051e-03
4.441964915632759352e-03
4.845158154275206776e-03
4.998714765156194936e-03
4.699145529513595355e-03
4.644462099272090791e-03
4.603897984482276974e-03
4.644820111845486890e-03
3.735567145655296819e-03
4.267192202167144517e-03
4.256111003008663553e-03
4.448296882313203422e-03
6.440782487058285127e-03
3.671683872828437802e-03
4.033088901546365117e-03
5.084003099611750405e-03
3.921518751941263300e-03
3.668949031541382261e-03
6.503099013458708139e-03
3.174218429172640053e-03
3.608025801035360820e-03
2.860573145323734752e-03
2.931755336773685626e-03
3.567051427544891320e-03
3.334343091752967666e-03
3.223502494928495807e-03
3.297887951306800475e-03
2.655293082926893627e-03
3.017692034583868092e-03
2.137911815540620864e-03
5.086832952396114563e-03
2.922830837489318306e-03
1.294432374107778484e-02
2.513609055171461132e-03
2.832326675966369712e-03
2.169533307703842839e-03
2.583055293575427756e-03
2.750760527479397498e-03
1.356925493567458750e-02
2.317918935881623042e-03
2.556257515452659002e-03
2.557358025674675520e-03
2.701430403487508486e-03
2.373717420442299914e-03
4.011611829763258967e-03
2.050987416434640453e-03
7.623076672317909142e-03
2.337762528401944335e-03
2.175602787214047859e-03
2.654414865577365765e-03
3.474844547987346408e-03
2.078344669364766070e-03
1.970969483102766925e-03
1.788348963064042077e-03
2.124504880735966512e-03
1.722579964827081851e-03
1.641177191311513246e-03
1.380913159837396679e-03
1.607843382718832179e-03
3.152245683053101193e-03
2.890483235647927501e-03
1.522767473736448898e-03
3.077962077592560474e-03
4.831927527780225523e-03
1.406912891280928798e-03
3.396672542000945746e-03
1.062524627248240998e-03
6.200796393655273915e-03
1.538378125462087301e-03
8.892983945247597130e-04
1.047319696883478122e-03
7.938919533034062863e-04
1.028589617898187153e-03
1.730524988106580493e-03
8.212148993387616801e-04
1.184873243142347534e-03
2.572757941510533334e-03
7.242193316078099092e-04
7.714937192355007410e-04
6.787588654257663235e-04
6.912928428267551455e-04
3.174345831625304502e-03
5.800464829734330689e-03
6.643683507010789959e-04
