1.025200964924699587e+00
6.399128341530423425e-01
3.080321845505727296e+00
2.633875537138953504e+00
2.223944267203872727e+00
1.872749093006839338e+00
1.587115530795930374e+00
1.355329944181555613e+00
1.160930069363437900e+00
1.005775405236176923e+00
8.721561994772510928e-01
7.692185731618363942e-01
6.841200465330747882e-01
5.877424883298313363e-01
5.436982954467944884e-01
4.931933824016778711e-01
4.483841670252635137e-01
4.092309767353388694e-01
3.657840942163475551e-01
3.344523949935215845e-01
3.024949161007640108e-01
2.743165716423606737e-01
2.508183841885337495e-01
2.241718766528198181e-01
2.069976436052779478e-01
1.779793066542511570e-01
1.703714242280573998e-01
1.594489108611603367e-01
1.435339795971850851e-01
1.341330167102396109e-01
1.277931354882917703e-01
1.132909034349392635e-01
1.104859655973121080e-01
1.311970064636126532e-01
9.478880281578316858e-02
9.383596522574523535e-02
1.081716984808334114e-01
8.480774814708615106e-02
9.207666953901007256e-02
7.677943603901547787e-02
7.731015051427739260e-02
6.567763202675742928e-02
6.897004489733926658e-02
6.970710970166880960e-02
6.192057962006333738e-02
6.115615512678598820e-02
6.266657418982117533e-02
5.736252423850438792e-02
5.660950664015152595e-02
5.777521567940440556e-02
4.957604895654924709e-02
5.310706247868818286e-02
2.369133460777861355e-02
4.682491132019780261e-02
4.913895904937053138e-02
4.070303559107812247e-02
4.386336070980466351e-02
4.554252942359108408e-02
4.858892118947936295e-02
4.039111732887677719e-02
4.199440827489544364e-02
4.335647975881767868e-02
3.519635125987887608e-02
3.860886091579890378e-02
3.859569630296456888e-02
3.182040050323176744e-02
3.601697256405824582e-02
3.582362917134084002e-02
3.212032658699881527e-02
3.418857747196697022e-02
2.661485431346628447e-02
3.158629132024184244e-02
3.235448439153941480e-02
1.930670182939211652e-02
2.988294991851287580e-02
3.070430462870662319e-02
2.638492833974815863e-02
2.819780966301266636e-02
2.823665222038404879e-02
3.747115253140653746e-02
2.789503295472381406e-02
2.743147201379811731e-02
2.732318505901538269e-02
4.214538289598378923e-02
2.688949008435371352e-02
2.612775756053732634e-02
2.606863983952927705e-02
2.599721906004490504e-02
2.516659630715355200e-02
1.948943938390408637e-02
2.515253027358609755e-02
1.748126749989950546e-02
2.465432140804624250e-02
2.560519171690931947e-02
2.484259582450684331e-02
2.424177238984773219e-02
2.356301164871592649e-02
2.029172617588310620e-02
2.241875849193299131e-02
1.881357935879138937e-02
2.435829057952948809e-02
1.800928275164172601e-02
2.035966177227322566e-02
2.288403723986501270e-02
2.484941756814469313e-02
1.974424828682461858e-02
1.484103847051328716e-02
2.167622405577141961e-02
2.148731658225919855e-02
2.629117782409007981e-02
2.142019733349929261e-02
1.918306267936603637e-02
2.090755728174155045e-02
2.101041022605668745e-02
2.127792157336777859e-02
2.060038841692425279e-02
2.509146728786412761e-02
2.027626747984215966e-02
2.074180673696315869e-02
2.026444370051885477e-02
1.827684574720103358e-02
1.967675695204641056e-02
1.096890039863984007e-02
1.978741141002986897e-02
2.973575572304244102e-02
1.937106414192953791e-02
2.119973569263090829e-02
2.304653220504022937e-02
1.906164132756586749e-02
1.850942110217377104e-02
2.109008688083382696e-02
1.917248114770333731e-02
1.859869589445279844e-02
2.024384754956971150e-02
1.871725971780874645e-02
1.892246757547328892e-02
1.898629947796410394e-02
1.941085761841720991e-02
1.206003535203890691e-02
1.794600881431167999e-02
1.426925763181735411e-02
1.684581241260844214e-02
1.437758476079148764e-02
1.796309993015818979e-02
1.731323821588125200e-02
1.749549317554780978e-02
1.813756293429657010e-02
1.825758206428317737e-02
1.742978678248364652e-02
1.715057197061695127e-02
1.713090210929042040e-02
1.664534797110317141e-02
1.737539910346842797e-02
1.719119255000076119e-02
1.786030915090514037e-02
1.983690831096535795e-02
1.616788816649058699e-02
1.605057322795500757e-02
2.060990071747042379e-02
1.698164924048763472e-02
1.662069134606730322e-02
1.695268918570200234e-02
1.770362618857477741e-02
1.668555583492902297e-02
2.237098531258744499e-02
2.406229455503103992e-02
1.688419763678865662e-02
1.730418579645522092e-02
1.670128633189708195e-02
1.909852691899034324e-02
1.691953268744842906e-02
1.789772096220603598e-02
1.757082771924037626e-02
1.743689966292385346e-02
1.971711512751397194e-02
1.235058491282913819e-02
1.779160319451627073e-02
1.746689062232001377e-02
1.710768471400253912e-02
1.950452771427737056e-02
1.693146728088596939e-02
1.738782954234433659e-02
1.138501790217137481e-02
1.671538845781482888e-02
1.706001303722591220e-02
1.952532599797709295e-02
1.667573150053585501e-02
1.594861205181457436e-02
1.655222199760166685e-02
1.562480849090296629e-02
1.650003500509863649e-02
1.615133333277019023e-02
1.612167652870327705e-02
1.671103432349291956e-02
1.619741513387813053e-02
1.527026055189791530e-02
1.649465336805816876e-02
1.331389044844278127e-02
1.547883278674088217e-02
1.733289448990189136e-02
1.615737630998002189e-02
1.632879454190442128e-02
1.607248382439901285e-02
1.638602407062549407e-02
1.552311867433837402e-02
2.446896935616500041e-02
1.491655388590970750e-02
1.604538596860473690e-02
1.560013496532499343e-02
1.570292915340539344e-02
1.608926168314005894e-02
1.109462796654886972e-02
8.596874978868478470e-03
1.564551283889402400e-02
1.385465577707612264e-02
1.654903018820143984e-02
1.478731284825164985e-02
1.415364888967812242e-02
1.226472631166828503e-02
1.214814693708175797e-02
1.971825793476859184e-02
1.515107947431506945e-02
1.682026491649889904e-02
1.468601564227475786e-02
1.742170229588868927e-02
1.499953494572876453e-02
1.540614549978145016e-02
1.673002799754304618e-02
1.468762553361459625e-02
1.761573780392614724e-02
8.768601567089443979e-03
1.491982685586664900e-02
1.583468016214726465e-02
1.579260780147361334e-02
1.517490898537417719e-02
1.548793175382828964e-02
1.345486193971664503e-02
1.490051460137713571e-02
1.467526741822519458e-02
9.375951266700481568e-03
1.445049064265067906e-02
1.446935005077031738e-02
8.259725044477354838e-03
1.447599821584106584e-02
1.460240242997086491e-02
1.424088913271888412e-02
1.407178353460617273e-02
1.454632324172436264e-02
1.423626719338002763e-02
1.393498684107811331e-02
1.429627924225926154e-02
1.414899941499839567e-02
1.478243875056526116e-02
1.105804387314970882e-02
1.433102379479260328e-02
1.370862862847193296e-02
1.148592363876538291e-02
1.378345296101883555e-02
1.440311801445649104e-02
1.377944455899102368e-02
1.447192746299286875e-02
1.389522139927883669e-02
1.433252420310890049e-02
1.423644555056577908e-02
1.341821543449004013e-02
1.701253113719077351e-02
1.410589252115625712e-02
1.435400053702142603e-02
1.404811653214475299e-02
1.423978780430638739e-02
1.869849421900575751e-02
1.386929164363364352e-02
1.506609964790765754e-02
1.298880559247669528e-02
1.348663119111842904e-02
1.433728587141589600e-02
1.621944059247704475e-02
1.758040771053518900e-02
1.562657777686420404e-02
1.325182000915602239e-02
1.269349437819429494e-02
1.690630353123064034e-02
1.280928562528875145e-02
1.439706004625284849e-02
1.341594695667071985e-02
1.261893208685186882e-02
1.165808981246252256e-02
1.128169597333713442e-02
1.463079788749700391e-02
1.555326017963349315e-02
1.474492876161462122e-02
1.643421902701627108e-02
1.291630204156753690e-02
2.096841267028637726e-02
1.319119622298341697e-02
1.479753207270760422e-02
1.316110730989787821e-02
1.327123819002664490e-02
1.818288177619091159e-02
1.182154537103071758e-02
