1.028687525545070036e+00
3.812110581416837674e-01
1.464095706615407888e+00
1.486389388573684300e+00
1.248051807013558223e+00
1.058221101765359329e+00
9.033202898108863010e-01
7.723087585376213760e-01
6.674818055795865845e-01
5.723203796849114511e-01
5.017491350380368642e-01
4.363955345909831807e-01
3.799930398782718211e-01
3.327175778737911371e-01
2.852812345640957092e-01
2.506363429183811609e-01
2.077213957444662140e-01
1.856464858165974563e-01
1.633532345232099614e-01
1.363855652280626662e-01
1.211461681747105779e-01
8.902353153170391997e-02
8.868057771299207859e-02
8.129908577912840772e-02
6.718507298302509034e-02
6.036698968370743379e-02
5.702564424044215957e-02
4.534848537991441331e-02
4.304219647846928287e-02
3.887700387035724486e-02
2.963222617717283305e-02
3.109558763428891051e-02
3.187886604479069769e-02
2.168356216687636687e-02
2.389096201402246891e-02
1.219785655493232056e-02
1.519319934066285654e-02
1.886802483080940451e-02
1.295203891676939036e-02
1.080768638453999050e-02
1.538288768612342851e-02
1.701298824954664349e-02
5.569052491447667834e-03
1.170463885723646395e-02
1.435587747988206937e-02
1.664714955155993312e-02
7.990704955666332043e-03
1.227620165857576905e-02
2.140030590712812056e-02
7.614289663307527607e-03
1.154321381610921501e-02
2.208027443804219062e-03
7.875514268117658409e-03
1.107070434269716123e-02
6.163230537628040621e-03
7.365830488794923234e-03
1.049404984752162068e-02
7.353325492109331549e-03
6.982064470981262302e-03
1.007657970639536625e-02
8.873371882540902894e-03
7.236120686737692285e-03
9.694093927952590617e-03
1.314760408894672175e-02
6.134117723143128406e-03
9.318439569821274776e-03
5.856671962947354593e-03
7.035357250258305294e-03
9.052876782798943353e-03
6.309287762543952689e-03
7.242209199816508278e-03
8.770003428934722983e-03
1.870253239411370436e-02
7.882116995450844793e-03
8.498624873910485406e-03
7.997325469480115814e-03
8.061962022572394249e-03
8.213776102834205450e-03
6.461852767598061202e-03
7.848446803684494197e-03
7.895594972747764853e-03
2.903180386301226681e-03
7.581364833545048247e-03
7.544180301200493523e-03
7.747709287403000029e-03
7.275009122488837465e-03
7.198165972862939806e-03
7.245347940756569939e-03
6.935733097486197415e-03
6.765111413725026328e-03
7.466157413860629970e-03
6.573175638115329351e-03
4.587787734175774283e-03
6.426840643823894875e-03
6.207300234961973286e-03
6.067071928428597292e-03
6.571586586183571221e-03
5.811172723059939045e-03
5.697916775115653872e-03
7.837568363460634471e-03
5.548768775108622181e-03
5.408330315530457920e-03
6.658328482719507412e-03
5.108391556658869494e-03
5.072381322212000075e-03
4.848515541332328212e-03
4.844009317013022418e-03
4.000276520751937757e-03
4.455152630402498849e-03
4.606563175139398794e-03
2.091118440943211601e-02
4.367771678178568318e-03
4.341884317470820313e-03
4.291267933577848359e-03
4.219220508914255444e-03
4.242999333389105288e-03
7.183918169341874799e-03
4.204512053190050114e-03
4.051807313227235099e-03
3.402934858398764650e-03
4.052922507348151807e-03
4.005455630462648013e-03
3.846421677857454237e-03
4.136521695590904962e-03
1.129995307950423453e-02
3.019894362574842943e-03
3.935524255179006538e-03
1.287707589875932042e-02
4.092615592571155307e-03
4.156313708665715541e-03
3.428236291655600149e-03
4.118220496103829585e-03
3.805949570500867778e-03
4.225890086174830668e-03
2.562793463394474978e-03
4.209418169799823001e-03
4.338029576027528818e-03
3.968603922996331509e-03
1.271894832937745141e-02
4.117462459873353492e-03
4.384969849855990982e-03
3.581557554370734617e-03
4.366744753024745518e-03
3.949840885787577437e-03
2.847531755876650701e-03
4.511494649287824468e-03
3.682879945965741083e-03
4.481130495437635197e-03
5.950893003210687426e-03
4.552572067954087191e-03
7.863802085778279910e-03
4.400251770639751654e-03
4.529254350694070924e-03
2.474851958310784594e-03
4.509556569741899126e-03
5.571295524490121887e-03
3.758875151366710896e-03
1.582981392555714642e-02
4.449760030512989357e-03
3.878071129465443870e-03
1.021881367415800566e-02
4.423197245824364576e-03
8.876960103709020250e-03
4.362497368950036224e-03
4.678789976730740596e-03
3.868709692969050321e-03
4.159487329371927208e-03
6.489751335926727607e-03
4.526716517231533718e-03
4.538889735149147231e-03
5.470549863647335836e-03
1.184284930982104980e-02
5.782624994908985155e-03
1.437380118154521318e-02
4.166199780951757893e-03
7.439088805433214865e-03
7.859850458264299594e-03
4.187684031510879520e-03
2.631376997014160841e-03
4.108259464313845574e-03
3.113310874357257379e-03
4.112356849483763017e-03
3.991967685223785610e-03
3.989903937503374784e-03
3.738618717757894328e-03
4.075521504951192323e-03
3.816021200811347321e-03
3.925440388756927350e-03
3.799333362820334330e-03
7.560803098289822950e-03
3.716503997315943279e-03
3.598315756423751694e-03
3.076319064320109237e-03
4.098400051050010012e-03
3.626603366915690484e-03
2.522719171114413961e-03
4.992762211794679432e-03
4.270940291079435708e-03
7.329059478862861438e-03
2.596934683403785346e-03
3.474136649281707456e-03
1.061587773701443312e-02
3.305848161249809198e-03
2.863229952573036630e-03
3.499990223910041682e-03
2.654642411835122454e-03
7.851439699903111150e-03
2.576650427183528342e-03
2.396677198626462335e-03
4.143630085939074142e-03
3.524355026537391057e-03
3.214586175577446425e-03
3.103645064951606088e-03
3.194810516302111492e-03
4.441364814867504798e-03
3.078238512495239457e-03
5.117316957677349107e-03
2.915254149308466134e-03
2.848288397514122782e-03
3.101386505104821063e-03
1.585724213185464235e-03
2.947892925690056426e-03
2.007241133744001871e-03
5.048086120471247801e-03
5.451402824129270193e-03
2.829797060048422179e-03
5.964646566114832626e-03
2.748125429586975935e-03
6.912047356822622821e-03
2.079745152528074403e-03
2.764997445779399446e-03
2.519285367385848753e-03
3.207652404989035436e-03
1.067079295381074709e-03
2.572826044273059890e-03
6.694768029676758693e-03
2.016834941578514711e-03
2.510899079235252504e-03
9.371090746302115915e-03
1.749806335635005266e-03
3.176158889397124631e-03
1.989170681868501506e-03
2.528529526749926943e-03
2.207497939461418052e-03
2.523064481847751145e-03
1.890095183240184150e-03
2.308837261288161895e-03
1.580708450700999421e-03
1.792768283287126318e-03
1.318638178817343673e-02
2.779651315045130345e-03
2.364997744476553948e-03
1.533511597339944641e-03
2.644825400345923033e-03
1.612291688281153063e-03
3.803722887281396625e-03
2.554092420370432468e-03
1.701783059761735823e-03
3.768522877663966954e-03
2.188332052343139669e-03
6.894930996894036573e-03
3.734388579417615393e-03
1.926366058310565029e-03
5.615425465218234873e-03
5.460567153337068241e-03
6.131577991912689173e-03
1.454854036391804934e-03
1.730480024775797251e-03
1.933387777237717065e-03
1.944605651277889983e-03
6.525614205633085106e-03
4.434837081908623614e-03
2.131338826293599931e-03
1.896788815642852033e-03
2.034781245593619489e-03
1.373309898556625448e-03
1.943676392382794526e-03
1.941036144931124977e-03
1.842932398003604717e-03
1.852173485026822235e-03
1.278100917040454927e-02
1.668798260546555451e-03
1.970181558053903104e-03
1.303284740596052840e-03
3.084237466206409504e-03
1.944669312688300815e-03
1.613358455490493046e-03
2.086465342033233354e-03
1.590416122881913724e-03
7.856585097498152911e-03
1.517983409466922267e-03
5.487179135585249640e-03
2.575989110473711225e-03
8.623634057309134682e-03
1.772695866414354454e-03
2.055199454591631874e-03
1.325151157356896500e-03
1.657899529543161278e-03
1.561554599877261734e-03
1.771849599303879780e-03
