8.282065285141257949e-01
1.017542894545915733e+00
1.893021597476861162e+00
1.761004136068918813e+00
1.197037974525557269e+00
7.738513561584134948e-01
5.036236300916699937e-01
3.346197611545596584e-01
2.293613761433294651e-01
1.635930476694371360e-01
1.218341795983543113e-01
9.443655940107185953e-02
7.555727474194207094e-02
6.176038720421335448e-02
5.110783129489864657e-02
4.257930014776515476e-02
3.566286672891015586e-02
3.007411032265329062e-02
2.560092312697291247e-02
2.204749938416115940e-02
1.903670893965459660e-02
1.701032331845742096e-02
1.527081890432370470e-02
1.380147515236329094e-02
1.260305003062620922e-02
1.188661820683395605e-02
1.079321228319381383e-02
1.022145925018754127e-02
9.786487531119271790e-03
9.254217123388204513e-03
8.828395097310849648e-03
7.151582739166650708e-03
8.048443100745457726e-03
8.228354177705335046e-03
7.386435392595982856e-03
7.096913664805272297e-03
6.831134532415960268e-03
6.565807043759257396e-03
7.134801483767616755e-03
6.073879628898077622e-03
5.454403388508630678e-03
5.357804535748166182e-03
5.435909728874669875e-03
2.446835649762583650e-03
4.367919851624975890e-03
4.754673646514645698e-03
1.574679283650488870e-02
4.522802601145798317e-03
4.420621122261427123e-03
4.774038029915981564e-03
4.125784340684962408e-03
6.163896405799412608e-03
3.885636737381951977e-03
3.716225948522322402e-03
3.662455651797521129e-03
3.201443005412950901e-03
3.326287180150952569e-03
3.397349039731387913e-03
3.316139403073311773e-03
3.858425282436398450e-03
3.123094245929805904e-03
4.207509204894534401e-03
2.986155351466211923e-03
2.876802435425098673e-03
3.078611015930438587e-03
2.756716560261838426e-03
3.459910735479490313e-03
2.676447383861801921e-03
2.580624239774724927e-03
2.300371255778042249e-03
2.488624047284986301e-03
3.965971155725015775e-03
9.560005712832593192e-03
2.308489494376435563e-03
2.016326171211206379e-03
2.252332099945754916e-03
2.371792043381196376e-03
1.206187883288562836e-02
2.074629281940346646e-03
5.757251741879543597e-03
2.136803576429755110e-03
1.389216685439421993e-03
1.956758864790248374e-03
1.840099717488350405e-03
2.005783279931443609e-03
1.150393131529630925e-03
1.817981379307943108e-03
1.848187057712944066e-03
2.979425943374942355e-03
1.812151834937311473e-03
1.735587372643372997e-03
2.136422167984573101e-03
1.742461413414134576e-03
1.695820042422470060e-03
5.484981998003034265e-03
9.374227447377363187e-03
1.679278172241142116e-03
1.618427617705243699e-03
1.613274272167325614e-03
1.162413714323956571e-02
1.641893332507495451e-03
1.114359892988530439e-03
1.415802028166709059e-03
1.515759134739094651e-03
1.816008333162343232e-03
1.520885538787141670e-03
1.424081112894256228e-03
7.702076794952441088e-04
1.390117918189977134e-03
1.704594359772797088e-03
1.437145471023119295e-03
1.464193152295423369e-03
1.475410120928315237e-03
1.659857930644763335e-03
1.405595099229559400e-03
2.726039379863952773e-03
1.359226706624002421e-03
3.801236024279877959e-03
1.395450682369503469e-03
1.319022038115351576e-03
1.150913350889746882e-03
1.316401838290721157e-03
1.408460169186700290e-03
2.699569743856826149e-03
1.386650615380327547e-03
1.269369090513807613e-03
1.022981331042867228e-03
1.284613835599785966e-03
1.083772975096575306e-03
1.344065262434281744e-03
1.447349563959196518e-03
1.384562399602233670e-03
1.412716085075949165e-03
8.925958160240481803e-04
2.977714739141110959e-03
1.264174707687299023e-03
1.070382509927527001e-03
6.567933099486686441e-04
4.558052318586417601e-03
1.289624402475501993e-03
4.810940790643754988e-03
1.196577043106685639e-03
2.704622262066817742e-03
1.092832184580362674e-03
6.774038595289016453e-03
1.209741689805247499e-03
4.989483641674212315e-03
3.681879243129185068e-03
7.762477542451351464e-03
1.113939926810788477e-03
1.443597309418038523e-03
1.199891989085161668e-03
1.039665961186946389e-03
1.139328182676185158e-03
2.015370882028035514e-03
1.135121606017351972e-03
1.050762180975969243e-03
8.983114004289301929e-04
1.148439334469580518e-03
1.125393041274205547e-03
8.418057943474468096e-04
1.462105503089598628e-03
3.221978101352768967e-03
1.078124230884065305e-03
1.850715886188645859e-03
1.015207208100713052e-03
1.094429583228085246e-03
1.007769716200951782e-03
1.045615300845851442e-03
8.146877107453118086e-04
1.127480591928293639e-03
6.541299059743875197e-03
1.041225620254207377e-03
1.191261734918010228e-03
1.298550523583692556e-03
1.050522609215343668e-03
7.946106140309097329e-04
5.417808977519896277e-03
1.059377852780367607e-03
5.015376427427166786e-03
1.073216539737427812e-03
9.988729458366093789e-04
1.084650860534201343e-03
1.020556825991168412e-03
8.894465905708192526e-04
1.457590580263675795e-03
1.126949575620494548e-03
9.728057614541285722e-04
1.164223217979424045e-03
8.260136512791338209e-04
9.921001791820972110e-04
9.844270505152646726e-04
4.775341023470353920e-03
1.108060942862785581e-03
8.519790964883571221e-04
8.964722169171726596e-03
1.648248221163973364e-03
9.697340584965609845e-04
6.957933011869072261e-04
1.369672328401093158e-03
2.383857322527602358e-03
9.215244255704039579e-04
1.354684960277652414e-03
9.510935775663874802e-04
9.063427257572494134e-04
9.552588489478089232e-04
1.441854476856515655e-03
9.642913355921710642e-04
1.350876599826497703e-03
1.155070346346261144e-03
1.353179594432355045e-03
9.892123077232643519e-04
9.071825079951325883e-04
9.001618356043453910e-04
6.089745921526337584e-04
9.014959354187702077e-04
1.327983847906154388e-03
4.533862644681987096e-03
9.967202817054699165e-04
7.814194170850623363e-04
1.291302719951424680e-03
9.307450711326384829e-04
8.518018650617017540e-04
1.442062486073726873e-03
1.343565076953403409e-03
8.686639044211132924e-04
2.021824599595245606e-03
8.347980112594305478e-04
1.003508123558268308e-02
8.811534898077791594e-04
9.015411204250734032e-04
7.181410174667811081e-04
8.225239538505403538e-04
7.977843077372380942e-04
7.993296000443997915e-04
4.630283486493656027e-04
7.772904967008625486e-04
6.359408663471355101e-04
1.386424006432756704e-03
5.382513564576469354e-04
9.279766465931873652e-04
6.162895488896284182e-04
4.786446373056090224e-04
6.163654634999877514e-03
7.648810035279825096e-04
3.493305039286629006e-03
7.162343355807754622e-04
1.149573560454098583e-03
7.200078928747034738e-04
5.568203452668456840e-04
7.295336912852206724e-04
1.101660433214809044e-03
7.436084198642753862e-04
3.031217607682380115e-04
7.192564665342676385e-04
3.990531734484276745e-04
6.938314054763503090e-04
2.344520952856952740e-03
8.187096615985724061e-04
7.172705230667188398e-04
6.971533540428067341e-04
7.922148734982844068e-04
7.124684611779152563e-04
2.312529366605759439e-03
7.127706910495838159e-04
6.806459165187117404e-04
5.515291038010665219e-04
6.732650889564790499e-04
1.348979189252841630e-03
9.178483328625425134e-04
5.607653849651364443e-04
1.683983132091154645e-03
6.474170653044493060e-04
6.436383872236414770e-04
3.966892423447517251e-04
6.459838126506299875e-04
5.654501487162428815e-04
1.365080823874439226e-03
1.591143564093760359e-03
7.574119504087417675e-04
1.229839218132216215e-03
2.397033847192260592e-03
6.722172561483557999e-04
8.434660944018936013e-04
2.665029190046625755e-03
5.942805747062764737e-04
1.723801741049772176e-03
6.111019556797904744e-04
4.036869707755625812e-04
6.032887435458633360e-04
1.507457647041649017e-03
6.094979599095980659e-04
4.204042321357904437e-04
5.912144916005083019e-04
1.920119821673249268e-03
6.815731668494307439e-04
5.542293374355526398e-04
5.020903263318476787e-04
6.898791197208687352e-03
5.916505573936122657e-04
