1.002825603077159400e+00
3.463995818179747554e-01
3.065645784279376951e+00
3.033678515405247023e+00
2.740930788323927114e+00
2.478955962766732135e+00
2.249343597131324479e+00
2.028285852049577898e+00
1.833220356841123611e+00
1.666255912652031324e+00
1.513458196990504767e+00
1.378199244478873542e+00
1.298971092696720397e+00
1.133968646973221972e+00
1.034713555622841730e+00
9.201394723126414821e-01
8.463339358971118109e-01
7.725520239136415279e-01
6.850974296579291911e-01
6.306464755189858939e-01
5.759915065738450135e-01
5.109686216971995876e-01
4.692504229001074889e-01
4.302477105869999541e-01
3.777486470643529048e-01
3.515307673460179583e-01
3.242498778613749355e-01
2.861988115007499389e-01
2.688494981090199243e-01
2.148315633656717738e-01
2.211342751129517226e-01
2.109757920978999335e-01
2.014192149756886263e-01
1.763700810293925558e-01
1.706250522194822650e-01
1.469079042341094321e-01
1.447591803593125392e-01
1.420811238703267587e-01
1.198482360697467053e-01
1.245332984227382894e-01
1.376492334982543086e-01
1.065452215886875803e-01
1.088760653941269335e-01
8.010160976422919799e-02
9.364197455811679172e-02
9.651353113555594110e-02
4.873697251373464850e-02
8.144450534306039990e-02
8.605955505783932646e-02
8.661845388213894326e-02
6.947162235235647409e-02
7.697429364217220349e-02
7.873228820727130872e-02
5.068541303984544499e-02
6.944771490657253299e-02
7.238373254679121571e-02
7.887545314350466463e-02
6.316906842676878187e-02
6.719259048825809710e-02
7.105912382720165621e-02
5.710398899004342360e-02
6.285740155269504970e-02
6.344669411282402582e-02
5.193730222069567470e-02
5.905347704498088712e-02
5.984950470826345265e-02
4.772829347838375424e-02
5.632527585851149210e-02
5.688314376099162795e-02
4.759108147382747067e-02
5.394454477071907589e-02
5.422295572642758799e-02
3.934118435980485384e-02
5.142251415410464821e-02
5.180590440559662557e-02
4.099670543628748665e-02
4.965879997562880344e-02
4.958102098583830331e-02
4.028711482712148129e-02
4.772843425953232632e-02
4.747944531252231565e-02
4.005290346165278625e-02
4.593638807337185881e-02
4.552847167511485382e-02
3.945396263762565581e-02
4.413243311010297404e-02
4.367333544516729255e-02
4.170537239072549807e-02
4.247829276716152958e-02
3.912142683058787707e-02
4.128022687807059860e-02
3.791869278390944814e-02
4.013439593597663280e-02
3.967953318876326491e-02
3.813034461867215869e-02
3.861057161295717438e-02
3.520216565983015633e-02
3.764509585148374804e-02
3.710850608153683228e-02
3.642864817827298762e-02
3.624895006828890431e-02
3.586052639151651733e-02
3.399222188041058079e-02
3.491941744338192960e-02
3.122587521756001877e-02
3.413053643011215721e-02
3.250237189504665697e-02
3.370739085517342193e-02
3.294752061737220988e-02
2.797381175512712870e-02
3.254150660178331544e-02
3.188644160318745285e-02
3.095719000384427114e-02
3.111149649020576377e-02
3.084116353820490555e-02
3.022279181455704913e-02
3.062603873287773892e-02
2.980299483089011645e-02
3.025171615936416911e-02
2.921161944644383099e-02
2.550944149105849670e-02
2.854960262424019457e-02
2.816092942028014870e-02
4.125758451628632612e-02
2.790666705063224104e-02
2.753179567255538071e-02
2.668846990135149630e-02
2.719980937673622048e-02
2.668645741502491398e-02
2.687054561554148499e-02
2.672250510684586952e-02
2.570372705737144353e-02
2.611537571311483077e-02
3.119359711750006176e-02
2.546082564619880570e-02
2.457887613335641222e-02
2.501762507043703981e-02
2.488539746511363171e-02
2.428739646434276145e-02
2.567626771218303391e-02
2.379251150965624312e-02
1.103084481246218579e-02
2.343903430751584013e-02
2.707083552266190130e-02
2.463658152345231389e-02
1.172390170054050766e-02
2.270555250717675236e-02
2.158989822471388612e-02
2.302942719131226973e-02
2.474067300472432285e-02
2.195425111581453953e-02
2.245603996961529486e-02
2.186099924567163483e-02
6.771479620200301225e-03
2.256845210313036809e-02
1.794110393579382776e-02
2.099048556368052904e-02
2.112192402819604645e-02
2.037148586645261619e-02
2.045473847462070741e-02
1.963184172076791120e-02
2.079355093326790832e-02
2.099815713244361504e-02
1.995840883335166932e-02
9.994485915394146769e-03
1.959197590534712818e-02
3.607426464487314272e-02
1.918661660754704401e-02
1.858236906063865518e-02
1.621217239633294602e-02
1.894667294065485730e-02
1.832002927302545450e-02
1.900553057141727772e-02
1.450606552168886773e-02
1.801788450356346313e-02
1.796723818826591323e-02
1.844915621940396849e-02
2.274736554040452524e-02
1.726031702625918304e-02
9.287267622676405321e-03
1.776844573302872529e-02
1.583462838489728408e-02
1.070207031828533488e-02
1.833406419719672484e-02
1.383494266903470028e-02
1.744528147449979014e-02
1.758236140972840866e-02
1.704063813563196778e-02
1.730732858538931024e-02
1.988037724349324756e-02
1.654356164261120560e-02
1.731652906462242958e-02
1.262365160284365483e-02
1.634513541442384962e-02
1.589030159914215160e-02
1.581157723520881103e-02
1.616197928422968139e-02
7.102697481059423029e-03
1.590848250794978103e-02
1.574665456221719176e-02
1.611758529792245431e-02
1.571492882128934510e-02
1.187440310058406577e-02
7.036605584420574898e-03
1.531180018350565553e-02
1.536872754947389043e-02
1.504745316797196156e-02
1.499511334812328629e-02
1.508685603294872453e-02
1.489232310201343487e-02
1.493823084626064342e-02
1.487303509917154570e-02
1.447759370246549764e-02
1.380828899148817818e-02
1.413537129747417104e-02
1.479083203663079417e-02
1.284748755321982530e-02
1.460346245754317283e-02
1.390861493166377187e-02
1.416038931170916781e-02
1.387761416678473005e-02
1.392392238170581109e-02
1.418768568484717399e-02
1.449225824047816608e-02
1.330983875771581115e-02
1.337277838002220651e-02
1.538474129000610459e-02
1.338148219318958769e-02
2.040002997047641112e-02
1.329742054419225279e-02
1.311868138313830416e-02
1.319551630811759482e-02
1.076790600788973991e-02
1.312043593959769973e-02
1.316765131201440807e-02
1.265224789477629661e-02
1.287768854502109594e-02
1.371435781379792482e-02
1.282432283361989445e-02
5.872226395805686325e-03
1.253659252919221354e-02
1.237618724522465512e-02
1.273596172268270932e-02
1.237000580227060227e-02
1.100130685112168070e-02
1.240183326506256838e-02
1.175105287845853476e-02
1.481170195197339425e-02
1.211298792641806246e-02
1.081827662007719786e-02
1.186015016197941065e-02
1.236975820280993704e-02
1.128364954225355085e-02
1.221882736371706496e-02
1.529902493788601672e-02
1.166544390708449883e-02
1.137216433662158362e-02
1.247693853193494219e-02
1.146268241593375627e-02
5.871397056413665827e-03
1.305896818346148798e-02
9.371232179616198824e-03
1.105542207010184151e-02
1.084284501598531923e-02
1.569787913090116629e-02
1.450107122788165878e-02
1.075078953395109185e-02
1.221187463360357862e-02
1.073914848777393800e-02
1.078946914511362022e-02
1.080989456549171467e-02
1.138124619527790087e-02
1.045623921090301292e-02
1.082028659235907339e-02
1.146573473653770756e-02
1.029819184331009010e-02
1.078853570393767218e-02
1.017529205714151792e-02
1.032497922517069261e-02
8.664882930846766473e-03
1.007887821908881078e-02
4.589293265921105813e-03
9.937062218440664840e-03
1.604611743103081731e-02
9.926597428151009983e-03
9.921633809787238148e-03
7.202658375928615297e-03
9.700217107639826433e-03
9.682792389625818549e-03
8.597885891706739253e-03
9.278597809364026727e-03
8.063710217206455921e-03
8.732424445919033384e-03
9.114831760920455439e-03
1.081016341563204378e-02
8.901105095181187019e-03
9.168399718419612682e-03
9.714883331030885541e-03
6.332362315294771428e-03
9.059949265948890815e-03
