1.033045829877305755e+00
4.643696203367775333e-01
2.475514133226777602e+00
2.761583840539255430e+00
2.538190723765891388e+00
2.281091080506548963e+00
2.038695619319859986e+00
1.826151213958590924e+00
1.645741307433063350e+00
1.480447362704872649e+00
1.352944654572000971e+00
1.215297218303020843e+00
1.109456404266094154e+00
1.006394196389365447e+00
9.304882213190340812e-01
8.602685044023459238e-01
7.913110496036168673e-01
7.370566454402576184e-01
6.828969667192352766e-01
6.394101424960924041e-01
6.021089617146168083e-01
5.599503386267968841e-01
5.317443036948269475e-01
5.049406786833912086e-01
4.738818512540697858e-01
4.546818217466882528e-01
4.425190666209986579e-01
4.111018283316532629e-01
3.979876710555446118e-01
3.749648468810861113e-01
3.655498268736080969e-01
3.563938409841712618e-01
3.362372798619309711e-01
3.300331067727403367e-01
2.953924386209708097e-01
3.058790029890516848e-01
3.018603450215018857e-01
2.774191209320238105e-01
2.814183350279376161e-01
2.785924143698484401e-01
2.604557196553772269e-01
2.596422658370482472e-01
2.583390803953089510e-01
2.316645924782513022e-01
2.416150613377429091e-01
2.415888591610428904e-01
2.315427411383979006e-01
2.266955225866600643e-01
2.271322946645628615e-01
2.383887013190789106e-01
2.123447034399888467e-01
2.140213870995421597e-01
2.124181239087859774e-01
1.992440789885193131e-01
2.024721811344957767e-01
2.018156463993280580e-01
1.877307371098787814e-01
1.926504094049327764e-01
1.923177427756576907e-01
1.784304246422554474e-01
1.840897412526498744e-01
1.839263722029722825e-01
1.704464161243280096e-01
1.761785274630758569e-01
1.762491154089962098e-01
1.665179317089778011e-01
1.707068850798587611e-01
1.568138381862811404e-01
1.632117726297226956e-01
1.647321117917235900e-01
1.621060690510024438e-01
1.569522027700336331e-01
1.593527516729788540e-01
1.337386620131097437e-01
1.538981827059211493e-01
1.550539700868319715e-01
1.416775011223408987e-01
1.502415223342930262e-01
1.508205676155469632e-01
1.359294093295385919e-01
1.456925032403650622e-01
1.466272813749154025e-01
1.593823001496030012e-01
1.426370052902160845e-01
1.436685361328299548e-01
1.346711049237466207e-01
1.405989252199457695e-01
1.409560266662484018e-01
1.359534609757058754e-01
1.382729210121272645e-01
1.400732918000797689e-01
1.346609142998693720e-01
1.346949253801388580e-01
1.358047842862779020e-01
1.313859243106113295e-01
1.338181182068406694e-01
1.190888566521225850e-01
1.326755286777953069e-01
1.306099175388659162e-01
1.316623982986269425e-01
1.280728894375237625e-01
1.302620025810251880e-01
1.112758108321224154e-01
1.282684812326911616e-01
1.291590257697122490e-01
1.211298134026745910e-01
1.272354374466905802e-01
1.280568685336246348e-01
1.050423233944681733e-01
1.259018060115728588e-01
1.268864074442140055e-01
1.245262251267606896e-01
1.248204669417237733e-01
1.199314001477814196e-01
1.257390037783802650e-01
1.241258273162827719e-01
1.251487637880614179e-01
1.235914999155899585e-01
1.248578760084562006e-01
1.232595483087870203e-01
1.241420851071720066e-01
1.211803694741596660e-01
1.233480176937419986e-01
1.182613524657631920e-01
1.232145033380472182e-01
1.205733148356382400e-01
1.224834684128851131e-01
1.012148313603709882e-01
1.213110341573808565e-01
1.222736145415935505e-01
1.183185198362603635e-01
1.222606338496255857e-01
1.204393243109976724e-01
1.077869203045053043e-01
1.202863587523251010e-01
1.096578641686705158e-01
1.205110455677538966e-01
1.193859983341551134e-01
1.071557989206575467e-01
1.193426244063079122e-01
1.188118122996720816e-01
1.188168738380152162e-01
1.191531389380305894e-01
1.189245836501008347e-01
1.183655682106364571e-01
1.193865889396202862e-01
1.179359661195772124e-01
1.184536290362403349e-01
1.168580572043059207e-01
1.176679873544152349e-01
1.129278184006567848e-01
1.168076735901056318e-01
9.984584150298043970e-02
1.160926254677835667e-01
1.163899321362964756e-01
1.145445414823172553e-01
1.153954881546502415e-01
1.094814899884530429e-01
1.270804433500231923e-01
1.143926447707383776e-01
1.021110158836815579e-01
1.135013020073016993e-01
1.130761522678104536e-01
1.135245234162590294e-01
1.135601124731531325e-01
1.125065425764288085e-01
1.115380392802945847e-01
1.096391260073459328e-01
1.092923264398313749e-01
1.125943969897235386e-01
1.085974424170775138e-01
1.120416672536406477e-01
1.083560344087544508e-01
1.098148996652249104e-01
1.091477972976982874e-01
1.088322851620844578e-01
1.066457740070018700e-01
1.092639253607206318e-01
1.069342632395524767e-01
1.073984193025268180e-01
1.069094147327266375e-01
1.042329792989768883e-01
1.052273818035593111e-01
1.053838624326560724e-01
1.055728478204467219e-01
1.048320548982193401e-01
1.038182531463399949e-01
1.041926498018945213e-01
1.036229580925941834e-01
1.048262401475126560e-01
1.029887919416904996e-01
1.029359515103407674e-01
1.020701663388856595e-01
1.000054723493293829e-01
1.042441757828286714e-01
1.016879253856062398e-01
1.012937253904176438e-01
9.989708381453470121e-02
1.004978912957503606e-01
1.004096104104489212e-01
1.001710220652590189e-01
9.794624364950602069e-02
9.944741537650532426e-02
9.103691633868010724e-02
9.885119702588260338e-02
9.804107892611918507e-02
9.916271987411746924e-02
9.808754203541342198e-02
9.864274899977097666e-02
9.923796191766710850e-02
9.710201865047565772e-02
9.736054040474832749e-02
9.287903581834747180e-02
9.675979800786563279e-02
9.584397549182939458e-02
9.625457454339807206e-02
8.461235360842231379e-02
9.564514668087076288e-02
9.492483191400444276e-02
9.471351785181256200e-02
9.516869053776361165e-02
9.501890685794985025e-02
9.554076856456053535e-02
9.472415902845363056e-02
9.527014653958354451e-02
9.437552141591391830e-02
9.381996272131087888e-02
9.355985025002046263e-02
9.604801772772739166e-02
9.356308837729843120e-02
9.359101476592364410e-02
9.374978170432284041e-02
9.313257851605463711e-02
9.312298477716229872e-02
9.386465908449870277e-02
9.275471402327166437e-02
9.251725990570305869e-02
9.317116182068962971e-02
9.877689279883042350e-02
9.196334411948529908e-02
9.263542192081350435e-02
9.172432769835874022e-02
8.046233026512696063e-02
9.138058985118188704e-02
9.129936897472404334e-02
9.139554601512442367e-02
8.967475151580953097e-02
9.063966354381655655e-02
9.092416825114098267e-02
9.188621744185404561e-02
9.007897161327181601e-02
8.648581751214046154e-02
9.042356074959881362e-02
8.566241095500422287e-02
8.944684744228226236e-02
9.027275233889857364e-02
8.980853292270929433e-02
8.935333048682260471e-02
8.825086661778901165e-02
8.963572195321871383e-02
8.807077421365465397e-02
8.923355502787773397e-02
8.928990401033279345e-02
8.955805013271028736e-02
8.915105727617904374e-02
8.838482799793598299e-02
8.881968592221858860e-02
8.885499926377041224e-02
8.869705549809334122e-02
8.817426426528213179e-02
8.857916769192784867e-02
8.909940912374698929e-02
8.836389029947122609e-02
8.906962786109855201e-02
8.812809548474784260e-02
9.634543790791483264e-02
8.799144514098186654e-02
8.828221023494851882e-02
8.888311166962686860e-02
8.783718386769442943e-02
8.793646882114823649e-02
8.794752341250264283e-02
8.757324937653598873e-02
8.843812684021971904e-02
8.784182631145466547e-02
8.743238411556392142e-02
8.600703472757843804e-02
8.714995294560647088e-02
8.717714830368375467e-02
8.875474911125375010e-02
8.694684679206955702e-02
8.817787418867668869e-02
8.682924649452063159e-02
8.681450931081284572e-02
8.669424670364642149e-02
8.646864594730971354e-02
8.673371755974437769e-02
8.153417125487184836e-02
8.668755505064670852e-02
8.722262189400796506e-02
