1.102869794202694820e+00
5.215371128449810545e-01
1.025328049626912597e+00
1.262654509464614883e+00
1.329716571929418389e+00
1.329986078781561165e+00
1.326564556781916648e+00
1.326248692974723475e+00
1.326245344192639619e+00
1.326109337082533202e+00
1.325953319240907424e+00
1.325837153249696421e+00
1.325764861592005461e+00
1.325726276414227689e+00
1.325434993562197183e+00
1.324231192896862641e+00
1.310118565646097633e+00
1.322148722830196244e+00
1.319104601169862612e+00
1.318548801812872151e+00
1.318362676931636113e+00
1.311729518390449378e+00
1.311644299282090254e+00
1.311640247331452569e+00
1.290516659748607520e+00
1.290212602370990558e+00
1.290223852725294718e+00
1.290221114661021851e+00
1.290220485920257287e+00
1.290219995645869311e+00
1.289509365171455757e+00
1.248168504286708780e+00
1.247655015252281840e+00
1.247653371018510038e+00
1.247652120807976717e+00
1.247651291999237522e+00
1.247651387488104335e+00
1.247650766724096805e+00
1.213329273389647023e+00
1.227300168657438073e+00
1.227245066264271323e+00
1.227243624302419400e+00
1.227243605697234674e+00
1.191314123574382933e+00
1.191408664859057165e+00
1.191404592219889258e+00
1.191404135339075188e+00
1.191404279427163537e+00
1.174013243329228739e+00
1.172884723594279421e+00
1.172878857971546340e+00
1.172882542110973869e+00
1.150041911525668370e+00
1.150478169940609030e+00
1.149052047674029575e+00
1.148899520337230529e+00
1.134199965826711010e+00
1.130604448167703113e+00
1.128791127833215668e+00
1.121716004317910631e+00
1.120125742001083280e+00
1.117096409932090362e+00
1.104312923343472086e+00
1.103288497883566421e+00
1.102272684529010283e+00
1.089612405173809195e+00
1.089520391936941612e+00
1.071072726948655296e+00
1.069389886113489396e+00
1.069300937924787087e+00
1.069432289637601619e+00
1.062507533071125332e+00
1.055102210920248140e+00
1.048949639774516829e+00
1.047906147767543539e+00
1.031941154821311546e+00
1.030560796108215493e+00
1.030624223404334794e+00
1.031726045963430094e+00
1.013507725552946104e+00
1.017240168911428322e+00
1.013533582890322471e+00
1.003087777023495386e+00
1.001096370104774813e+00
1.001761572444266557e+00
9.838023886529395634e-01
9.833596607676927670e-01
9.849267135709646181e-01
9.744395604710279768e-01
9.674795916955737374e-01
9.695451672408565980e-01
9.710108212213446333e-01
9.618918354201115850e-01
9.485708851257600438e-01
9.499840749770600556e-01
9.496491451214886803e-01
9.448799173546402752e-01
9.510574029758813719e-01
9.341776221652372536e-01
9.303863511905945405e-01
9.261019063896138714e-01
9.261997021333473468e-01
9.153057075399817499e-01
9.117684457639110285e-01
9.118546164703178469e-01
9.043082269943952811e-01
9.015874648517602230e-01
9.010254523910822266e-01
8.915822637850355781e-01
8.897124917477390316e-01
8.883455616854829540e-01
8.809896655980937741e-01
8.823609962993131939e-01
8.810632681035399649e-01
8.694747348876239457e-01
8.755386990119486956e-01
8.721214396235031918e-01
8.594484777698453426e-01
8.630540701345730259e-01
8.554442821925112295e-01
8.512016136111449915e-01
8.605518563683093314e-01
8.523118414459962544e-01
8.428480424086710610e-01
8.417570512950215411e-01
8.427103190320809345e-01
8.316963664800334222e-01
8.295416028087406746e-01
8.290970596784633662e-01
8.304423249714641964e-01
8.210530222977563408e-01
8.205767861769863725e-01
8.209969435464896659e-01
8.099882510208629149e-01
8.114818403404062686e-01
8.200252299880860241e-01
8.052836255947193322e-01
8.041544487781279171e-01
7.992256067049331447e-01
7.964651114677089305e-01
7.949112570569105696e-01
7.973742089593383042e-01
7.926048846569584416e-01
7.815074769519455566e-01
7.826443650825366527e-01
7.801123748191579610e-01
7.824051714745466901e-01
7.729038682581398367e-01
7.763100105175905208e-01
7.715667046581893285e-01
7.864540472068672905e-01
7.659186882764564830e-01
7.644989950908341880e-01
7.639780463060643623e-01
7.621129112852839116e-01
7.616272352482131858e-01
7.531445079646189589e-01
7.571660806675405420e-01
7.497329328519662939e-01
7.564717389698427663e-01
7.515213201988838465e-01
7.465123130607226321e-01
7.406908015734926520e-01
7.415539875607823905e-01
7.389821792125105260e-01
7.363755470398859471e-01
7.291872902311032911e-01
7.318946639028541812e-01
7.300280870809521261e-01
7.294045919513634235e-01
7.190092738956237461e-01
7.227369705112813847e-01
7.214595753656697363e-01
7.210082385081505452e-01
7.140767179408241683e-01
7.126728291670699766e-01
7.158461002463113454e-01
7.071986180188795101e-01
7.058291119260692303e-01
7.063285901269431566e-01
7.091719775491605038e-01
6.993380563035970221e-01
7.028808054552349027e-01
7.000490902355221978e-01
6.984778968901895757e-01
6.851992813737525223e-01
6.885062872470735229e-01
6.886919596445720826e-01
6.913506354534516563e-01
6.927536568540330064e-01
6.853091148683695399e-01
6.821424302199975420e-01
6.853242280310821721e-01
6.726515713672799324e-01
6.738879122111646192e-01
6.760001963033622774e-01
6.773906040198381939e-01
6.668944645464578436e-01
6.687214093733597764e-01
6.707754310767667372e-01
6.764335508533485530e-01
6.712293447257516865e-01
6.595876559412046092e-01
6.588594769618901781e-01
6.605457097085086771e-01
6.627578080740733624e-01
6.494749359908004172e-01
6.521345700945153645e-01
6.530431296516933104e-01
6.533181662721795346e-01
6.494788964457296476e-01
6.449598301937673472e-01
6.452536699966809897e-01
6.468422395836692651e-01
6.394255663423531466e-01
6.407743336231817022e-01
6.454237180833870546e-01
6.362156836572943064e-01
6.317091341412222061e-01
6.350042819143869588e-01
6.386855760763948675e-01
6.258449936512503475e-01
6.257879260191765436e-01
6.276469347313485825e-01
6.314337637327371855e-01
6.244155398523554279e-01
6.204326352658612320e-01
6.216806145200703959e-01
6.250288086630708673e-01
6.255822518584722713e-01
6.160604135019207561e-01
6.186108708173261306e-01
6.165771818636658352e-01
6.147333392474155778e-01
6.174527292726967875e-01
6.062487330038722755e-01
6.034604871049328301e-01
6.078838401509566447e-01
6.115370218176503503e-01
6.044468123690018846e-01
5.991425230747768893e-01
6.017090161366641654e-01
6.047075201750640172e-01
6.055755585948147113e-01
5.896553415970615664e-01
5.970674763113180683e-01
5.996574610110033676e-01
5.974551668917681413e-01
5.939515102293747573e-01
5.957099482419868641e-01
5.963223316478977187e-01
5.913387727549309636e-01
5.899844209552541630e-01
5.895901651161975510e-01
5.883947065688752698e-01
5.895818110798679568e-01
5.864827503855870594e-01
5.847610337113022805e-01
5.834672320315006377e-01
5.828482911472857575e-01
5.841950660496880721e-01
5.811013531437954072e-01
5.800041360360888021e-01
5.782769387910440262e-01
5.770004020028360880e-01
5.772454402102163984e-01
5.773579818831435784e-01
5.754181581095145770e-01
5.732717174750872058e-01
5.724116868929859381e-01
5.731602347786837193e-01
5.708271530426720641e-01
5.693142251729843561e-01
5.730526042340498005e-01
5.704261198635657282e-01
5.669355644523158544e-01
5.641679172285672950e-01
5.685999084011368332e-01
5.633633686049099865e-01
5.651923402932604867e-01
5.633992059371256689e-01
5.641578798151253293e-01
5.594960673309359311e-01
5.625130098514977695e-01
5.564216297671087386e-01
5.587194597856561806e-01
5.589566223361074337e-01
5.502647336681572021e-01
5.577549545006431631e-01
5.509633298592823136e-01
5.523186574947837046e-01
5.546733022121504986e-01
5.599726108189944096e-01
5.515278061642439056e-01
5.511293955808712619e-01
5.510501388286975777e-01
5.480665877655291895e-01
5.481483335670103152e-01
5.508133385749661715e-01
5.470649350897780483e-01
