1.067430829594625097e+00
2.759639185561954644e+00
2.638184655094270248e+00
2.650323805940644206e+00
2.628801838331896956e+00
2.627693075685880952e+00
2.633910760694855746e+00
2.640984026849495070e+00
2.647015545211822918e+00
2.651515707506679753e+00
2.654543548653116147e+00
2.656416180279434602e+00
2.657495323355179906e+00
2.658078192846292875e+00
2.658374261102363079e+00
2.658516423403905371e+00
2.658578428105321301e+00
2.658604631404556162e+00
2.658615400639749993e+00
2.657668238459311549e+00
2.657871141161364026e+00
2.657867990919966505e+00
2.665171063838477128e+00
2.656091640596280001e+00
2.656059034170621391e+00
2.656058987832530249e+00
2.656059838592771616e+00
2.653256477383045819e+00
2.653357539740532900e+00
2.653359564653855696e+00
2.653360003120347699e+00
2.653361087593892442e+00
2.644345905241805017e+00
2.644442089695402842e+00
2.644455701178424878e+00
2.644457599118954061e+00
2.644457903811086918e+00
2.644457899239077925e+00
2.644458027241043396e+00
2.643299041211601530e+00
2.639873751610312347e+00
2.639896059721455579e+00
2.639896723345549034e+00
2.630701345136176261e+00
2.631101835348316875e+00
2.631105740058152342e+00
2.631106488925993414e+00
2.631106652356059339e+00
2.631106377137355068e+00
2.615618785495205323e+00
2.612373799973184862e+00
2.612413900963927116e+00
2.612414057918346799e+00
2.612413981744841518e+00
2.612413996958570461e+00
2.612413933350053341e+00
2.612413989042588369e+00
2.602832747869847640e+00
2.601474133599974259e+00
2.601458848965891413e+00
2.601458409663157223e+00
2.600790058472457034e+00
2.588571182299766349e+00
2.588538749901667657e+00
2.588539191447536858e+00
2.588538953985867419e+00
2.576796562633370868e+00
2.579307426921499502e+00
2.579345892820157804e+00
2.570399108139747479e+00
2.570338032962126817e+00
2.570338062191967587e+00
2.571724402133804155e+00
2.552091852023757657e+00
2.552022555514017910e+00
2.552023031370142636e+00
2.552023014635380171e+00
2.552022664332114665e+00
2.547547021156054470e+00
2.542253938715234973e+00
2.542275144668532771e+00
2.532310527108306175e+00
2.531837172620481802e+00
2.531840704179773027e+00
2.531840526340438657e+00
2.514015783063729526e+00
2.513634805289220786e+00
2.513639574095854812e+00
2.516535813620076389e+00
2.511076768194768327e+00
2.511071690334579110e+00
2.502751153968376219e+00
2.502550293624143940e+00
2.496804656835883929e+00
2.496047887294979617e+00
2.496045896535770581e+00
2.481402455615914437e+00
2.481349578210928719e+00
2.480334996847078255e+00
2.479695255787435215e+00
2.477428508185277600e+00
2.474101169889918683e+00
2.472694710971224286e+00
2.466333396432620617e+00
2.472433636479480334e+00
2.464233013754053125e+00
2.457711558329171098e+00
2.457841427805072865e+00
2.453929913202034907e+00
2.448194146005348681e+00
2.447763092524262163e+00
2.443108565029742163e+00
2.443374170506848575e+00
2.433138307173197123e+00
2.433230450388947030e+00
2.429150112829772556e+00
2.430628322010551123e+00
2.424286218761879219e+00
2.427418929747543697e+00
2.422411128957602244e+00
2.416838606421411129e+00
2.416919204704579993e+00
2.412661744904668115e+00
2.404827169356740235e+00
2.406474227955198053e+00
2.403881064088810859e+00
2.397773862459398941e+00
2.399798916725248699e+00
2.396589988026339491e+00
2.391869565950421883e+00
2.386683114155260910e+00
2.381850682917491024e+00
2.382060397492492765e+00
2.380105191322574587e+00
2.379369603318939319e+00
2.372562734583581801e+00
2.374769611344309528e+00
2.369295510421538076e+00
2.368422430699673509e+00
2.362616385057693336e+00
2.361278411972630664e+00
2.361513191216021212e+00
2.357401739757740700e+00
2.350218027919610542e+00
2.352445249052930620e+00
2.350362623936762319e+00
2.348480551792327731e+00
2.341515392815909813e+00
2.342949352305340849e+00
2.341056190185448305e+00
2.337118852858706131e+00
2.335096530415724292e+00
2.333813007424161867e+00
2.331785304003691106e+00
2.325197297404556718e+00
2.328571858801239625e+00
2.323939519173151336e+00
2.326427910132757404e+00
2.320730535916500248e+00
2.319285547931627001e+00
2.309725237319793401e+00
2.314767092115697533e+00
2.310103979082119618e+00
2.310132165228837131e+00
2.305929096159422542e+00
2.301411934050923147e+00
2.305938427265971757e+00
2.306273695773182197e+00
2.299232540929467383e+00
2.304057624832882567e+00
2.298440631640733312e+00
2.297005435056954425e+00
2.292727530312806739e+00
2.293138701619507280e+00
2.291083113728618059e+00
2.289893151704204488e+00
2.288630317266992176e+00
2.285359975424843704e+00
2.281072745072989072e+00
2.281526145979146936e+00
2.280548305735749626e+00
2.280741740874802748e+00
2.276546738973395545e+00
2.276803656412263344e+00
2.274896587632984968e+00
2.274448325235278734e+00
2.274283083330412403e+00
2.269204936151248742e+00
2.274876117308236356e+00
2.268887656741892744e+00
2.267416113613779149e+00
2.265898868302257174e+00
2.261874868749672807e+00
2.262220542882054097e+00
2.262513055795521311e+00
2.260599159276080794e+00
2.261000884812163658e+00
2.254377034055662588e+00
2.259105906647372652e+00
2.255179397703812594e+00
2.254752570380234022e+00
2.253420394751276756e+00
2.252344501855305214e+00
2.249291471297153677e+00
2.252845924324245797e+00
2.247866872597631183e+00
2.249454075051936286e+00
2.246730593482965332e+00
2.247125790043762894e+00
2.245022471572592160e+00
2.244775969359263268e+00
2.242910605482907993e+00
2.243302380139000185e+00
2.242460147729619990e+00
2.239404902807334174e+00
2.238861739405839213e+00
2.237597686219303661e+00
2.238517264864839706e+00
2.235948031259252566e+00
2.236988690637443433e+00
2.232873571009500235e+00
2.227815270624240451e+00
2.232477969158771725e+00
2.233943221444996574e+00
2.230896887812876983e+00
2.227089896407447700e+00
2.228708166493785559e+00
2.221463202299308826e+00
2.227074741892946630e+00
2.225831617449056221e+00
2.225000763875848442e+00
2.223839721386299928e+00
2.224603439557600204e+00
2.222072822535520409e+00
2.222145412457196212e+00
2.220005113105979255e+00
2.217969775964501622e+00
2.218849666493683426e+00
2.217537138529317886e+00
2.215555270116316144e+00
2.215421745859692315e+00
2.214704826908389990e+00
2.212695822660828426e+00
2.212990768420240784e+00
2.210655528619364318e+00
2.212220636600763957e+00
2.210582159189288909e+00
2.212128284792893140e+00
2.212844797031043420e+00
2.210469746640845390e+00
2.209570674790799050e+00
2.204735935756515275e+00
2.202502828005647562e+00
2.202181443310427866e+00
2.208189140949892604e+00
2.204154295339435077e+00
2.205513549333953272e+00
2.200581638177219634e+00
2.201354180472207211e+00
2.203117347996416786e+00
2.197982543196051797e+00
2.198740630279189645e+00
2.199599698169726558e+00
2.196300747060059955e+00
2.198312042314384929e+00
2.194632563572021855e+00
2.194418046057709848e+00
2.194788631955569169e+00
2.194309092821497664e+00
2.195959240745222640e+00
2.191736346875872599e+00
2.191166368023707456e+00
2.194031930036305145e+00
2.189837752275815230e+00
2.190437026082922234e+00
2.193743613867575881e+00
2.187567396069141967e+00
2.187539638919449914e+00
2.186485938693811359e+00
2.183036805527825308e+00
2.188084269363497203e+00
2.185442432060293871e+00
2.182491569348124827e+00
2.183477218024147071e+00
2.185146069657101453e+00
2.181641998069916877e+00
2.182363952489290160e+00
2.179015966507046986e+00
2.181153363263732547e+00
2.178775970311175314e+00
2.180306466520063768e+00
2.177601480743956763e+00
2.177810280461410564e+00
2.178431728982698434e+00
2.177644734958338546e+00
2.175106886184387189e+00
2.174988003660251579e+00
2.174977063522359533e+00
2.175478450370825989e+00
2.171946134579265664e+00
