1.061660766549678003e+00
5.495607258215929880e-01
6.086572342705988126e-01
1.017063739589404658e+00
1.204939235440527945e+00
1.285136575204792520e+00
1.314379569193272701e+00
1.322535944722154744e+00
1.321610496791833400e+00
1.316488746227266970e+00
1.309650648678896578e+00
1.302598303206744967e+00
1.296145015220487862e+00
1.290621748486246334e+00
1.286046985967298273e+00
1.282274805926566508e+00
1.279095118840075651e+00
1.275955101437814543e+00
1.273368123022297738e+00
1.271567133416091622e+00
1.267984483263614681e+00
1.257187097823028177e+00
1.262717680476715953e+00
1.260857432375161791e+00
1.257647271292720692e+00
1.255927982512403673e+00
1.253910919079534780e+00
1.251173676640626731e+00
1.240632942104944236e+00
1.246394074552414244e+00
1.245218440876461274e+00
1.241797195740836690e+00
1.240760971239014410e+00
1.238373919120777877e+00
1.230811610596812322e+00
1.234657686103596275e+00
1.232359308276312237e+00
1.230888215686207543e+00
1.229056373684129788e+00
1.226414814399622522e+00
1.216382721850952642e+00
1.223173442596969140e+00
1.228353195726636038e+00
1.219308640978479907e+00
1.218671804021226546e+00
1.219320350532723030e+00
1.215007090319220495e+00
1.213650659957612898e+00
1.210247723711296297e+00
1.208829620159879159e+00
1.208431717082273593e+00
1.217363947720558670e+00
1.206398071658284943e+00
1.202877679188547599e+00
1.200572231980436166e+00
1.201203827582920880e+00
1.202545096322045204e+00
1.196378734506359898e+00
1.195854843422707647e+00
1.196374845944065290e+00
1.192485013003490080e+00
1.193499576465014700e+00
1.190530835901267626e+00
1.185162736262555860e+00
1.188000495189434957e+00
1.188532485882916934e+00
1.190361544795637938e+00
1.184153613808910377e+00
1.182532934290042803e+00
1.183565631102752480e+00
1.180504760368126904e+00
1.177295705413745175e+00
1.177208502039203797e+00
1.173908430797941271e+00
1.175808607424146279e+00
1.173017212428634437e+00
1.172030504982924937e+00
1.171525170492142109e+00
1.169252331659089039e+00
1.168659269069446838e+00
1.161275823860291601e+00
1.166178493832262797e+00
1.165264036857122321e+00
1.163704785263016905e+00
1.163571181990981085e+00
1.162295516995661915e+00
1.160261407548470514e+00
1.159598731038699704e+00
1.158215266227861751e+00
1.157658298324022006e+00
1.155141856365272668e+00
1.153256093383776104e+00
1.148934335899382875e+00
1.155428068853705303e+00
1.152236042604742439e+00
1.149785745796398695e+00
1.149842458779238186e+00
1.147402511223415855e+00
1.147833949020873545e+00
1.145587283034926074e+00
1.147206060068679090e+00
1.138197414187012813e+00
1.143448570559369548e+00
1.142724390007314295e+00
1.140647129395004011e+00
1.139521557769982429e+00
1.137137394566081872e+00
1.140475144282415254e+00
1.136340813979869413e+00
1.135228952379405243e+00
1.137809733380801269e+00
1.139564792159578621e+00
1.133217821085793497e+00
1.130069678371764974e+00
1.129099668814065760e+00
1.128377894340475196e+00
1.127114950525624160e+00
1.127198062622822627e+00
1.128507347852954368e+00
1.121422506027747401e+00
1.127378676685765857e+00
1.124526342265785184e+00
1.121701466975681516e+00
1.122106104380281133e+00
1.119848011490441442e+00
1.121695756139086786e+00
1.119687617752394893e+00
1.117556719653852060e+00
1.116598043772244253e+00
1.114768255916445572e+00
1.115843436512474529e+00
1.114641749795151737e+00
1.110924447042314300e+00
1.114189175657372077e+00
1.111956419635104831e+00
1.109535064289970396e+00
1.110031042627482867e+00
1.109415594678838435e+00
1.107930331776212363e+00
1.107499983462390425e+00
1.106222037259213753e+00
1.105063347762761827e+00
1.103724092396523471e+00
1.101329943878861739e+00
1.103690112301025206e+00
1.101454962924875103e+00
1.101122920568065267e+00
1.100304511215543402e+00
1.098635214356610490e+00
1.097697788065512325e+00
1.097833525617551098e+00
1.097652761822916823e+00
1.093090880427819878e+00
1.094905924398677399e+00
1.094611078329197795e+00
1.095918076923280582e+00
1.092196823375917170e+00
1.092217539219377587e+00
1.087862170606791246e+00
1.089483230182096474e+00
1.089708221844261304e+00
1.086892669807113077e+00
1.088220991140329552e+00
1.087599302765026144e+00
1.086116203272265768e+00
1.084295388118630354e+00
1.087072436584291868e+00
1.075095951120644155e+00
1.082560337599887124e+00
1.081943253703181007e+00
1.083699393644990572e+00
1.080940601074129370e+00
1.078959753464678206e+00
1.076383319666865068e+00
1.075081704439755592e+00
1.077817513842766139e+00
1.077199131396499920e+00
1.074788634848357516e+00
1.080318072334636836e+00
1.075119121483387286e+00
1.072366782144199782e+00
1.073310293141630289e+00
1.073837808328061305e+00
1.070952897391593162e+00
1.071224134330519995e+00
1.068725519629500909e+00
1.069530822579164875e+00
1.066682064106631023e+00
1.067550359383210745e+00
1.061615504027523027e+00
1.066379759967841734e+00
1.066477694749523808e+00
1.064380891377100014e+00
1.063653047480366709e+00
1.063637079902170157e+00
1.063405044973444458e+00
1.064830329038436885e+00
1.059220384417796756e+00
1.061910391792707298e+00
1.061108758023372900e+00
1.058255010020023867e+00
1.058569395251787171e+00
1.055125057585307724e+00
1.055717750478806449e+00
1.056920938592433856e+00
1.055266714699690578e+00
1.055125721676261952e+00
1.053810261516985314e+00
1.055461716391582261e+00
1.051054932545252729e+00
1.055709840096092922e+00
1.050098132799841766e+00
1.050398024858707924e+00
1.050008477971908327e+00
1.050091429166950530e+00
1.047825798769354888e+00
1.047887628681161809e+00
1.046824478930398872e+00
1.047459945007103599e+00
1.045060572371085295e+00
1.045290900373158083e+00
1.045223183381059018e+00
1.041690142595322222e+00
1.042618764035423640e+00
1.043135530172608405e+00
1.040741248283085563e+00
1.040338941318942778e+00
1.038455475282647811e+00
1.040345800654520314e+00
1.038992552678466463e+00
1.038542969445436448e+00
1.041111997515222098e+00
1.037814539848348261e+00
1.036087115979335449e+00
1.037352811849272305e+00
1.035380180035189612e+00
1.034503347289164932e+00
1.035241859384099516e+00
1.033036016219290865e+00
1.032940235313392296e+00
1.035877909674266739e+00
1.037735043959491010e+00
1.031227393727956798e+00
1.031091241729553243e+00
1.029487323122488363e+00
1.029111172253301953e+00
1.028843590529401775e+00
1.028716919135990171e+00
1.029434941483492905e+00
1.027112067589875721e+00
1.026041147874671156e+00
1.025754683316740579e+00
1.022923666193515269e+00
1.024891394937138100e+00
1.018528251353308711e+00
1.023386423446957849e+00
1.023513787360673222e+00
1.021764584873673165e+00
1.021315269781848167e+00
1.020400503014013083e+00
1.019722454476920781e+00
1.019857630833071793e+00
1.014685361476784564e+00
1.017021623086598270e+00
1.020148374533777158e+00
1.017615615431439968e+00
1.017163492143199566e+00
1.015587000545847385e+00
1.015656573218182368e+00
1.013107745253217340e+00
1.014524759913314034e+00
1.014508647430639510e+00
1.014590675906802852e+00
1.013380938916858875e+00
1.010807912426540112e+00
1.011685521390114806e+00
1.006706593325192411e+00
1.008613316140439142e+00
1.010498926650924556e+00
1.009566715805777282e+00
1.008073466892593917e+00
1.008648641540103696e+00
1.006830668181580846e+00
1.008783502579413405e+00
1.001556814252977157e+00
1.004921326542923765e+00
1.004729415964807249e+00
1.000348853974150520e+00
1.004353296117878935e+00
1.003264603714587366e+00
1.002656135997460174e+00
1.002470811913608317e+00
1.001194303116633932e+00
1.001525359642015722e+00
9.995992563468246717e-01
9.989091903711453391e-01
1.000973532712395864e+00
9.998993605688355490e-01
9.983720148265098349e-01
9.968869549260904739e-01
