8.050919831229174095e-01
4.072565727783433176e-01
6.388773316336219255e-01
6.304305280610170703e-01
6.275532036843874950e-01
6.297746452065174916e-01
6.386530801276555369e-01
6.521953136103539883e-01
6.529932940530864816e-01
6.239681752317983721e-01
5.679529477773357371e-01
4.999156290641659783e-01
4.325153779735159132e-01
3.724524908807622103e-01
3.198037805760872709e-01
2.731851170004569451e-01
2.325004237990314915e-01
1.978303857763901441e-01
1.687651837178984204e-01
1.445584012210892888e-01
1.243795693816296261e-01
1.074360294912843766e-01
9.307605832741319696e-02
8.080178702229008636e-02
7.024984469604798887e-02
6.115866719322013423e-02
5.332620667139439247e-02
4.657789862324739766e-02
4.077523598371515096e-02
3.577647548103350672e-02
3.146194883924172819e-02
2.772577412599589591e-02
2.447037444122267952e-02
2.162755271878681954e-02
1.912978105029587705e-02
1.693405675583142464e-02
1.499898099918839899e-02
1.328470725173640753e-02
1.177165514512034869e-02
1.043259475727641335e-02
9.242022299061307747e-03
8.186103138402426802e-03
7.247102550591586270e-03
6.410379475564053318e-03
5.663718062726683100e-03
4.996619187317093147e-03
4.397830281165254415e-03
3.863298557955960333e-03
3.385802051148912618e-03
2.959369658772891161e-03
2.580756827443678701e-03
2.247607259203292934e-03
1.953345888204875095e-03
1.695445801426147953e-03
1.472316068709007657e-03
1.279320178767337545e-03
1.113080183308031747e-03
9.720879189129106668e-04
8.492133486528289678e-04
7.429620791036287098e-04
6.520711602344917432e-04
5.766133868369595090e-04
5.115254639516605972e-04
4.588201556537569478e-04
4.163418918724153071e-04
3.825752678804584996e-04
3.564454033793616988e-04
3.372115022747019402e-04
3.215604608754311661e-04
3.102301546019372528e-04
3.009168127989730141e-04
2.934773734673739383e-04
2.870534148985765996e-04
2.816086742760121726e-04
2.772557515718388496e-04
2.751084027025312972e-04
2.974167207904842647e-04
2.874177129607923356e-04
3.665879564212117924e-04
3.002960633401294461e-04
4.340748635539432021e-04
2.947471950789588347e-04
2.862893940913284279e-04
2.833294868523777185e-04
2.675739124921515627e-04
4.584802974282418541e-04
2.529082751109007878e-04
3.259872746038869058e-04
2.456680775190986637e-04
2.482921586488527361e-04
2.489789035769329620e-04
5.512075705948304549e-04
3.114787434225759562e-04
2.368536118527030554e-04
2.395176637341207696e-04
2.369758609937865209e-04
2.532947459364141905e-04
1.197221111812374729e-03
2.322448221912298881e-04
2.440228695162693321e-04
3.550067108821400958e-04
3.900664844901235865e-04
1.188256554535415364e-03
2.261434638377101227e-04
2.566731119124796229e-04
2.147852919923317055e-04
2.130783475764403757e-04
2.882404579296816332e-04
7.064990895278880053e-04
3.645030900230341285e-04
1.965545912821966418e-04
2.978202760091666038e-04
2.121214465511356523e-04
1.974476014935738972e-04
2.240690310534911847e-04
3.071138080281418724e-04
4.900133071859504768e-04
4.797690288992128909e-04
3.529470714373733175e-04
3.935106257534054909e-04
3.334959667620376162e-04
4.838136773534624743e-04
2.174351364343756322e-04
4.792645644525945527e-04
4.061232344321862161e-04
1.057233243342055795e-03
4.489908052720206376e-04
4.670729279838326973e-04
4.585571126732383143e-04
4.095524669967714245e-04
3.509617915034041625e-04
8.343691157246510602e-04
2.061695501101593487e-03
4.743986916556654741e-04
1.436009270860855256e-03
1.192892522981357957e-03
6.002934042382729622e-04
7.175031328668095461e-04
5.521685203435355285e-04
4.443669945312203650e-04
4.943343563979998986e-04
4.352879381237667340e-04
4.654868336028313296e-04
4.763794967969029056e-04
1.138965320019140557e-03
5.928399259744738083e-04
3.906140865166545829e-04
2.636656898878274248e-04
3.962905166016160202e-04
2.237144519589085237e-04
6.554650057866754330e-04
3.187126948911751670e-04
3.183414050651832525e-04
3.338540135876496878e-04
2.668761794591383431e-04
3.181326288560925209e-04
2.599369091946409607e-04
1.688883589912055366e-04
1.042103257332617407e-03
7.140514026564457001e-05
4.015601569391700175e-04
3.697901819875204802e-04
2.203340783583207898e-04
1.754608137955881043e-04
2.979103632600829557e-04
1.510305707682683919e-04
1.420271636910266629e-04
1.717081326750064148e-04
1.717826968420089714e-04
8.543234123144359971e-04
3.760519091062849029e-04
1.965787447412438947e-04
2.162472262621501341e-04
6.869779073439751199e-05
9.758161946009649907e-05
8.748852702671991335e-05
4.090489296289948951e-04
1.445939894873939471e-04
2.005308068442214324e-04
1.097206249785880007e-03
1.346434285370451422e-04
4.942753856967629597e-05
1.262134333745311052e-04
8.411188485137493544e-04
1.797017205173379083e-03
3.047315107159597912e-04
5.998630930602261911e-05
1.111585593660095208e-04
2.706130154291099812e-04
1.437582588938897941e-04
1.880135361641389695e-04
7.194907941718125795e-05
7.794435772328123821e-05
1.957853793524206752e-04
1.935455479430645779e-03
2.213567792118704828e-04
2.201101687749321915e-03
1.325312223695943427e-03
7.019010472485708604e-05
1.571507265306730777e-04
1.986363305688349738e-04
2.357330102605180628e-04
7.666533569377455889e-04
1.510628021242707976e-04
9.206997499638979246e-05
2.136470788709383408e-04
3.233467992583443132e-04
7.856871088427518969e-05
1.466264129540126348e-03
9.648193136522298190e-05
1.668377991984625649e-04
1.376384473657390030e-04
1.165013211083818293e-04
4.926962786830625619e-04
2.544001092594825198e-03
5.455679092950207381e-04
4.960048849694312628e-04
5.353525517501950184e-04
6.572910935799430084e-04
1.796207785419205933e-04
4.026985527002774714e-04
1.069435907036939354e-03
9.981931691283234904e-05
1.692684625406711083e-04
2.445312922233543705e-03
5.147434710432602931e-04
2.049199982122641272e-03
2.023136503021313870e-03
4.706432066077974124e-04
1.536540611897993297e-03
2.058097978388419432e-04
5.155171922057323998e-04
3.036631559965525246e-05
6.595538668656865790e-05
2.692039317561642259e-04
1.061718453779077697e-04
4.071490825824587625e-04
9.017965362466450266e-04
1.193807275444559675e-04
2.671706438313736364e-04
9.514492452826645312e-05
1.324611610188991626e-03
5.589581899246358164e-05
6.942757615696497667e-05
1.717598282828330339e-04
1.870973643168385254e-04
2.231948411723624957e-04
1.573937586627861330e-04
2.751550697867255046e-03
4.734543972144513645e-05
7.614909150872552950e-05
1.415594365287777077e-03
7.777975389075201921e-05
3.761475659764876430e-04
9.894150710944590681e-05
5.172638985658405608e-04
4.091156663195194597e-04
2.837568115691306635e-04
5.180466462733431568e-05
1.099807709613628663e-04
1.726087870293977465e-04
1.642755182636913705e-04
1.052969876198867673e-04
3.382653719821068750e-04
6.966708491258704564e-04
1.410908767758243263e-03
6.875792610680750471e-04
2.488183118263130773e-04
3.140621240577665986e-05
3.053657410664220822e-04
1.189878343981128203e-03
1.358904565221423835e-04
7.647430952480202928e-05
1.172021488819888517e-03
2.917163583894083218e-03
1.039514379958970329e-04
3.259838545732274620e-04
1.440906389299004265e-04
2.143147955723791968e-04
1.040812327959693862e-04
2.593746395862365529e-04
6.287920639875826815e-04
9.744007187490777737e-04
9.218981244785344020e-05
7.630052599221839047e-04
8.604413403901180126e-05
2.372324421151754403e-03
7.293854053019601085e-04
2.788014092821887229e-04
1.629090749383089846e-04
2.602642100832173837e-04
3.780851570124911802e-04
4.425733187380876603e-04
2.457136883799725417e-04
7.069270194398567775e-05
1.017627825883855804e-04
1.586218376093586745e-04
1.493542807488978941e-03
1.118809050240838088e-03
1.334173321794410855e-04
