1.017254380645144618e+00
1.228083279578993325e+00
4.674107332869516185e+00
5.426219935050021981e+00
5.822719686551582896e+00
5.861083722028019416e+00
5.808954228503643513e+00
5.867689436032526018e+00
6.204751108687389660e+00
6.444768769627333249e+00
6.453552723432782301e+00
6.205007009302751619e+00
5.889906645246944628e+00
5.832177720553981537e+00
5.929734959293817553e+00
6.008737009990326783e+00
6.019113041212275306e+00
6.028605663712395923e+00
6.060937137539638364e+00
6.134748049547124715e+00
6.226295710247660153e+00
6.307472319420494244e+00
6.375152672948852128e+00
6.423634967791289618e+00
6.491473653329956406e+00
6.603809750251389055e+00
6.744765975123447888e+00
6.893721861862979416e+00
7.041180444722370702e+00
7.179616893802603705e+00
7.305021104692277056e+00
7.438017092708047784e+00
7.546765957238815048e+00
7.670317039716104013e+00
7.793903381578154210e+00
7.917174008147590314e+00
8.033688265443247545e+00
8.153870382597204980e+00
8.272844538909163603e+00
8.392958060384930974e+00
8.522781697483745589e+00
8.669976373939842773e+00
8.832857803664472485e+00
8.998881734804342614e+00
9.177348301917557905e+00
9.349579978171007610e+00
9.521461920317262795e+00
9.682638203076392003e+00
9.830097632773227900e+00
9.949192211801971553e+00
1.006099692524160893e+01
1.015712724896897612e+01
1.024460725785482751e+01
1.031991815682759217e+01
1.038633865598051464e+01
1.043886996429744052e+01
1.048488113162890656e+01
1.052346327397965453e+01
1.054955798338808570e+01
1.056950791489822272e+01
1.057994052426623277e+01
1.058178154086814615e+01
1.055999979978705916e+01
1.053903136408115948e+01
1.050086408301311991e+01
1.046985419795905692e+01
1.043212030653254274e+01
1.040244759893739968e+01
1.036664492873006083e+01
1.034232484029679355e+01
1.031966015675063453e+01
1.030548648226360164e+01
1.030512993047362258e+01
1.030784806219049443e+01
1.032293891094037264e+01
1.034761710631194731e+01
1.038138962499588658e+01
1.041181239765255562e+01
1.045473713347656641e+01
1.050463980455132607e+01
1.055037535022824180e+01
1.060334146407348399e+01
1.066443572340457280e+01
1.072636546295384896e+01
1.079080830054037321e+01
1.086422147792979231e+01
1.093529383342094441e+01
1.101407753593255556e+01
1.109573713438136799e+01
1.118119909383959865e+01
1.125689339133129430e+01
1.134442324627828746e+01
1.143345494504900728e+01
1.151931546777673177e+01
1.160077996692845126e+01
1.169128478984289465e+01
1.177603327843598890e+01
1.185292007696011929e+01
1.193474996660683374e+01
1.201495157908829547e+01
1.208298511145779131e+01
1.216055087094079745e+01
1.223582910986831962e+01
1.230178043320089820e+01
1.237299633126487208e+01
1.242137589077859872e+01
1.249061751888521776e+01
1.254322089528055351e+01
1.260036591974680675e+01
1.264622251864973812e+01
1.270110623072332245e+01
1.273405049227227259e+01
1.277790649507203824e+01
1.281077474843411679e+01
1.283321576606258851e+01
1.286956560655718285e+01
1.288624706590217528e+01
1.290080638352795006e+01
1.292003747755802046e+01
1.293236440629569373e+01
1.292943687108189899e+01
1.294328031040342175e+01
1.294774213782145722e+01
1.295110800864793887e+01
1.295127103884483866e+01
1.294591177464001142e+01
1.294446799770398826e+01
1.294243856929408842e+01
1.293162843424489594e+01
1.292657834461572719e+01
1.291345384883014091e+01
1.290261785308898190e+01
1.289016703173019174e+01
1.288072245818323935e+01
1.286176675474981046e+01
1.285503500974046354e+01
1.284388934944950655e+01
1.283559169403938860e+01
1.282200842904383897e+01
1.281342001024138177e+01
1.280645617135350278e+01
1.280306068870882896e+01
1.278945653586333897e+01
1.277871852547113640e+01
1.277985343318054667e+01
1.277670572129460780e+01
1.277007993492124349e+01
1.277840057037439081e+01
1.276658116704068036e+01
1.276924394036455723e+01
1.277250894369150380e+01
1.276204968668599804e+01
1.276401399747314080e+01
1.276524085461580071e+01
1.277281076236893220e+01
1.277140656487369341e+01
1.277580167999177441e+01
1.277396004351414405e+01
1.277020166872464912e+01
1.278208537124951505e+01
1.277802056774386585e+01
1.277828831231913931e+01
1.278288316829668858e+01
1.278025499633661788e+01
1.276936087304939349e+01
1.277604764557444561e+01
1.277618392184693796e+01
1.277703216226537286e+01
1.277076212410367972e+01
1.277215739661213689e+01
1.276134170669010359e+01
1.276352234872311087e+01
1.276167551454120108e+01
1.275250310050043723e+01
1.275348352781212391e+01
1.273422599942291455e+01
1.273891577983287959e+01
1.273311257849703537e+01
1.272288739250040912e+01
1.272143470705368706e+01
1.271022392884304431e+01
1.270754343960809329e+01
1.269528326227936965e+01
1.269613961369636890e+01
1.269481581310970597e+01
1.267650034024339334e+01
1.267140651601524226e+01
1.267342227554238931e+01
1.266765992968603705e+01
1.265545853953479138e+01
1.265345988765749219e+01
1.263524205000346967e+01
1.262959849961863412e+01
1.262896708461466666e+01
1.262070491537726369e+01
1.261115922826959057e+01
1.260032190318587730e+01
1.259592012176108078e+01
1.257653375710557420e+01
1.257442588820134866e+01
1.255965802220555183e+01
1.255061801872696314e+01
1.253873410854799531e+01
1.253793670277118011e+01
1.252306496614595588e+01
1.251126925228960296e+01
1.249838200550570555e+01
1.249616328080730554e+01
1.249452580780238975e+01
1.247878097808244746e+01
1.247515993158584813e+01
1.246478382559529230e+01
1.245389096537033602e+01
1.244852879891256592e+01
1.244302449255469334e+01
1.242941306784600286e+01
1.242730018334431108e+01
1.241833046920610073e+01
1.240937655887019098e+01
1.240704276298642661e+01
1.239044282254235796e+01
1.238841874432607781e+01
1.237537540749635312e+01
1.236546800678249269e+01
1.236113272665191509e+01
1.235268712975165784e+01
1.233850031661006419e+01
1.233138881976306678e+01
1.232493677943703148e+01
1.230381767136826454e+01
1.229836071838204425e+01
1.228588413372236232e+01
1.228236501297706695e+01
1.226354791294651037e+01
1.225751781874981994e+01
1.224592861095307406e+01
1.223645563116406088e+01
1.222507579781657583e+01
1.221548481391174690e+01
1.220566808718952068e+01
1.219094310517675872e+01
1.218060148395871778e+01
1.216576736875756382e+01
1.216534298461017727e+01
1.215379040483224315e+01
1.214180042084460531e+01
1.212782345733799083e+01
1.211402648899228218e+01
1.209399419372635975e+01
1.208420982856869585e+01
1.206768676827173792e+01
1.205496754325356079e+01
1.203605892716098502e+01
1.201041269539001277e+01
1.199173255283696271e+01
1.197235829706172616e+01
1.195975600044836540e+01
1.193599318416047161e+01
1.190587505530932866e+01
1.189823885435632356e+01
1.187506230115553407e+01
1.184511014163595632e+01
1.182952251667241761e+01
1.180609326038652718e+01
1.178713766385085115e+01
1.175036971010181652e+01
1.173055682222942231e+01
1.169912137163646015e+01
1.168532481739243956e+01
1.166074063807299943e+01
1.162928570450283239e+01
1.160695804477721893e+01
1.158037723768020655e+01
1.154312920741995541e+01
1.153343486448849120e+01
1.149768880569375895e+01
1.147209068740035320e+01
1.144495601048920719e+01
1.139855182537958100e+01
1.138274044659141637e+01
1.136179217588041190e+01
1.133135312749281276e+01
1.129942888141775548e+01
1.127865908668989192e+01
1.125617516150374975e+01
1.122147886890241608e+01
1.119091302075073457e+01
1.117947421384974760e+01
1.114455666451875970e+01
1.112310145206069834e+01
1.110299066098358800e+01
1.107119405899514142e+01
1.105185827051044889e+01
1.101798409059486339e+01
1.100085734757018230e+01
1.097187955625216738e+01
1.094815526256199867e+01
1.091387372818732615e+01
1.089429666761505366e+01
1.087048069602847278e+01
