9.710660778354641698e-01
1.456743822023362167e+00
6.359227410612996456e-01
2.919821008496421011e-01
1.408939540783283872e-01
7.617397024140712403e-02
4.770678902554362222e-02
3.280738734795224376e-02
2.446271113345998074e-02
1.906341286131513907e-02
1.459196905676995656e-02
1.366258698674538766e-02
1.318327794835853946e-02
8.195903055234959877e-03
1.292396704500205912e-02
2.762289227556455340e-02
1.126993776354120146e-02
1.006867211106853878e-02
1.964942281895645446e-02
7.081836143886272028e-03
1.024172110542167710e-02
3.804464874936675216e-03
1.126641909519868721e-02
2.096713830303740742e-02
1.085762754658561868e-02
1.785382094888602125e-02
2.711891530559253777e-02
6.435820331561663624e-03
2.091216631518790295e-03
7.296498814008571705e-03
4.182996910209129879e-03
1.340736313310541758e-02
2.811705261567125445e-03
3.386445144390780228e-03
4.654402813265950435e-03
4.724497695083891731e-03
5.520644097936022905e-03
4.284812100800266393e-03
1.045740207170606229e-02
3.050870247802919908e-03
2.423624197351369278e-03
1.365949544588655837e-03
3.996773439194462388e-03
1.188359120481711573e-03
5.890701526992702004e-03
1.150722875793455148e-02
3.016318724076485439e-03
2.881271500244076984e-03
3.945991828652936455e-03
2.297974481576384610e-03
6.769252355478886686e-03
2.020885910267109994e-03
4.937814402259958421e-03
1.884292972922344553e-03
7.270435916446991650e-03
4.954983576371560332e-03
6.990150513448836062e-03
3.176644213699745135e-03
1.845980489120522833e-03
1.410965181316935733e-02
5.687493757122521858e-03
5.307818599169669346e-03
6.617547047217753678e-03
4.313886410825064355e-03
1.585664903968490424e-03
1.915826729187167709e-03
1.706663390962163615e-02
2.129483838952029532e-03
1.757375076606898382e-03
4.708856521022170699e-03
1.672992708172228206e-03
1.470068983128188476e-02
1.133873611817749760e-03
1.677468875748854829e-03
1.157880490856840654e-03
5.708023896407373246e-03
1.024510483699036514e-03
1.906608876356376530e-03
9.790903289615706089e-04
1.385273762165940836e-03
1.135030085329469165e-03
8.620948372691641460e-04
7.152071112513028704e-03
1.132628832100351403e-03
2.264842241904018935e-03
1.372442274720307677e-03
6.070229221723473035e-04
3.406370752231649510e-03
5.545187078955126324e-03
1.207610532822641931e-03
3.432966146901788446e-04
1.413881764763669354e-03
8.122177314266046735e-04
6.442901458121246894e-04
2.313101677205105493e-03
9.473955530683764344e-04
6.374644958949508833e-04
4.549370073697343105e-04
2.978326989592243110e-04
6.499956734137288597e-04
4.368242169362879885e-04
4.573017569393831964e-03
8.283938850498330855e-03
4.765921109902591588e-04
2.271087633027279225e-03
1.525330187347955814e-03
1.746619503115381423e-03
9.823448937324371147e-03
1.588947057467217676e-03
3.466203454792323325e-03
4.277901634402023721e-03
1.545518782957756854e-03
1.330491241880497671e-03
2.877327589555419944e-03
1.050207422836273424e-03
6.672460653105583136e-04
7.467926436156764082e-04
8.098809297728530197e-04
7.219612346145261143e-03
3.143735010562948018e-03
4.304776520704089830e-03
6.092041629263375861e-04
7.767174769379672121e-04
4.441294462622058753e-04
2.296289705937332431e-03
4.089759475883778341e-04
5.196347129288365636e-04
2.790971851792350359e-03
2.101095651787969389e-03
5.602368239094922611e-03
1.569350617346498963e-03
2.002533566627178146e-04
4.659006558432429355e-04
3.574352705138984137e-04
7.409369320341653228e-03
2.649958774416280236e-03
8.197562922270851954e-03
3.658487414694619444e-04
1.467790347718743406e-03
2.401319652805967552e-04
4.592944947780087765e-04
6.018187752173818818e-04
7.836890667967741017e-03
2.982857044686055420e-04
1.730020299355698732e-04
1.107409302808072841e-03
7.411521661201628947e-04
4.261800572294932414e-03
3.290880258610302811e-03
2.326190080426322401e-03
1.827764880112822199e-03
2.585714904231283407e-03
1.610122868057781110e-03
1.298802701483371983e-03
6.541393313675850432e-04
1.563368268003528100e-03
3.649714814111737309e-03
7.392793346201077939e-04
1.322982072617162825e-03
5.226719560109826688e-04
6.199425042111374228e-04
5.014097464368219353e-04
1.043589126104459922e-03
9.357862388844838918e-04
9.996780370862699740e-04
6.570842792242336319e-04
1.895542404511706526e-03
1.232769731815472466e-03
4.930193584083824307e-04
1.371072964134795744e-03
5.317034617329954513e-03
4.831757976045888102e-03
5.630694490641407167e-04
3.428431033422292074e-04
5.681241214996264784e-04
1.579929699559262342e-04
3.254243700386852335e-04
1.857671654096792547e-03
2.177565043979737128e-04
2.219268460379902918e-04
1.412189163009230572e-03
1.784360998612455774e-03
6.419861853427952453e-04
9.043145240740721458e-04
5.329758595428883477e-04
4.608112808869603387e-03
3.510059036863201563e-03
2.036473561521115157e-04
1.879461451013035372e-04
6.358655872078574234e-04
6.752351002950890153e-04
5.110935801769320684e-03
1.272728444941340813e-03
4.440585206883447371e-03
6.023068236277854832e-04
2.048483935163095593e-04
8.422987018118853041e-04
1.449521312771255349e-03
2.230748637526758281e-04
3.455748140308246489e-04
1.902664376564252582e-04
2.139598940963107279e-03
2.080406802696062318e-03
3.669595640328467221e-03
2.509662193318052282e-03
7.454713002562474286e-04
5.906104736811780337e-04
7.419951667544772648e-04
4.108100407769483924e-04
1.683939570779164133e-03
9.546798620525872442e-04
4.502972895140669647e-04
2.737995231740114090e-04
1.601322793025176960e-04
1.741746402829257218e-04
4.970322672467167996e-03
1.555801976426405327e-03
3.423147503245353024e-03
4.230952212547202558e-03
1.702115805807463429e-03
2.936811067712946470e-03
1.924775490151847375e-03
1.840234885192556570e-04
2.810706285271405511e-03
3.752468986607811847e-04
4.234089982416627341e-04
2.807472366443005914e-04
3.978701157365959634e-04
6.100290142933104554e-04
4.241133175693088779e-03
4.173476351114155944e-04
7.470350796374378502e-03
2.798466094975850423e-04
3.753093231559914353e-04
1.901451136707380625e-03
2.472486280934864649e-03
3.628941649733408679e-04
1.105555357655424410e-03
5.764264535894225326e-04
9.014345913175538438e-04
1.086740965081069632e-03
9.462844532609758800e-04
9.373389442466806450e-04
9.531791373900025486e-04
2.082050177318184986e-04
5.704921273007318308e-04
2.607448107955876067e-03
2.002940290497268096e-03
8.622931200378411909e-04
8.268003160598168125e-04
2.654146726425745100e-04
4.906879180744785950e-04
7.112602423619200469e-04
1.470687391378510799e-03
2.571301491126377100e-04
1.689665076587687498e-04
1.161582906646201345e-04
9.671343042211329589e-05
1.212368961531542231e-04
5.099420392526457209e-04
3.301143016111267574e-04
2.013641213861486721e-03
1.248447400796304533e-03
3.800236363159563099e-04
5.253439432396110392e-04
1.224599982241068039e-03
2.693632990050527621e-04
8.168286787185128359e-04
1.984494316623536259e-03
7.699391916769372096e-04
2.894561581364063691e-04
1.111814501565322943e-03
2.105029266410711215e-03
9.725927547837687854e-04
4.887948241830809100e-04
2.979016288150281109e-03
2.762611602956339691e-03
1.457791112196098714e-03
1.091355078501637932e-03
2.505324449456375075e-03
2.511796098301652142e-03
3.837431190688494597e-03
7.510651306282192666e-04
2.710910358089654360e-04
3.195687612703784959e-04
1.930784410766210601e-03
8.256955774986960957e-04
1.087922936939575468e-03
1.579472866993045883e-03
3.905170608938086604e-04
5.899669027201585349e-04
5.100088380703365985e-04
1.325606793781427964e-03
4.999854255476026809e-04
2.696882196431570934e-03
3.128064617991595676e-04
1.988145531898269109e-03
1.457463653617163636e-03
9.816852526196135319e-04
2.296926074290805194e-03
