1.056210966152361763e+00
1.182996173812152163e+00
1.399054908031012401e+00
1.985487336305026718e+00
5.741029280734074591e-01
5.443685305785573858e-01
5.271077819664711228e-01
4.978638364531771665e-01
4.734068880930958345e-01
4.587145327885115975e-01
4.574939290949887050e-01
4.661274739093468900e-01
4.808931690259864444e-01
5.011212038152264014e-01
5.230613438441387153e-01
5.448964445132833401e-01
5.519372189740288093e-01
5.869993404674965776e-01
6.094792897216723127e-01
6.193282662920120973e-01
6.344125030046000591e-01
6.430094614994590341e-01
6.519890917254531626e-01
6.795438150302254288e-01
6.621714245826428868e-01
6.683993066436092478e-01
6.626631595802126018e-01
6.700998522782412037e-01
6.812927088445586143e-01
6.679158595724131731e-01
6.606505063505250241e-01
6.568128437417448673e-01
6.589854336432917625e-01
6.665055534205087673e-01
6.442521160539839142e-01
6.377540841798859939e-01
6.339358383384691153e-01
6.304813795334869297e-01
6.535721918147098242e-01
6.192669631669796004e-01
6.178263276621245303e-01
6.171482899331970362e-01
6.181301929603587597e-01
6.065387815412045525e-01
6.046688556109065527e-01
6.018234812830290936e-01
6.034123939426563332e-01
5.980735273903512450e-01
5.964674074005030802e-01
5.964524625492666488e-01
5.924369617454222636e-01
5.948424670909159273e-01
5.962820029858370008e-01
5.828576037688297795e-01
5.915036893362969339e-01
5.853965700855657817e-01
5.932223375355428763e-01
5.954864280144480659e-01
5.841414010406968949e-01
5.750637954414240527e-01
5.833578719446381733e-01
5.927318555017279111e-01
5.911528405039415679e-01
5.884824088383320273e-01
5.913115333686781439e-01
5.934158687684142341e-01
5.858642223769916502e-01
5.802688805695623842e-01
6.011653481930037124e-01
5.850750004901866808e-01
5.846960475488641729e-01
5.796852659286940712e-01
5.841228479884842395e-01
5.869003960981081791e-01
5.828475700298516582e-01
5.871391521323239271e-01
5.791130246316836816e-01
5.799638975226947268e-01
5.802665675749228980e-01
5.734824441143173690e-01
5.807186815328694296e-01
5.867562825124803538e-01
5.834988443604339770e-01
5.908378534442919605e-01
5.813316458734741898e-01
5.824660241103650771e-01
5.559253668955804750e-01
5.828198291112199891e-01
5.793875501347259815e-01
5.821327415384559556e-01
5.774240076205179317e-01
5.815223991960065675e-01
6.074230518607440787e-01
5.842476042092307198e-01
5.889997137350250211e-01
5.749782561972636152e-01
5.797926513464120024e-01
6.002861719735473889e-01
5.708210747818156516e-01
5.836177165924265609e-01
5.811584918214658391e-01
5.816731911151694634e-01
5.892332494062807458e-01
5.823337902095615526e-01
5.739887239377724493e-01
5.913667787471028614e-01
5.848458583070568206e-01
5.868707928004901486e-01
5.830552831204603992e-01
5.947896277155118039e-01
5.863206547405649394e-01
5.947596905981167303e-01
5.823201084857693166e-01
5.845937092514070788e-01
5.787029662562639398e-01
5.804788162481571145e-01
5.611559156971557272e-01
5.860619864230259823e-01
5.848637523362958390e-01
5.842602786567657747e-01
5.953310410123512364e-01
5.895307283345776472e-01
5.710825221307848087e-01
5.882064638726174355e-01
5.958632757303015115e-01
5.719372685498534947e-01
5.930471360784768109e-01
5.850093948421627443e-01
5.865585496819215594e-01
5.876916222526389344e-01
6.156573075113629390e-01
5.888802955253233939e-01
5.882607800111833152e-01
5.850313232836115152e-01
6.181671990540895667e-01
5.895115667212360577e-01
5.878644466369719046e-01
5.734709447215825540e-01
5.955380260949216797e-01
5.881023217089161870e-01
5.865527347089980470e-01
5.881522681276613040e-01
5.903399026641396041e-01
5.888954340892216255e-01
5.904699149251194656e-01
5.875698885495357349e-01
5.911751436214157662e-01
5.884680899597326542e-01
5.932596834489360926e-01
5.848474766781140977e-01
5.893388231213870787e-01
5.902701645696153410e-01
5.884952410168471371e-01
5.880181108955148117e-01
5.874789730585103786e-01
5.641593774598827604e-01
5.899370261702131524e-01
5.901838255174705061e-01
5.880864908196455909e-01
5.832902503124902660e-01
5.889350836683204804e-01
5.930560119727730228e-01
5.954214925852678864e-01
5.852822088915696774e-01
5.881276396319016220e-01
5.842680718489343672e-01
5.833592744293610854e-01
5.783723538014029497e-01
5.861334535126220269e-01
5.637737514345791956e-01
5.899726418049340282e-01
5.812746007871164577e-01
5.853723367429751745e-01
5.686596227185163333e-01
5.856075277866177320e-01
5.844886485052148695e-01
6.149013567650459811e-01
5.889556048084286788e-01
5.667123624094133616e-01
5.864807465605708092e-01
5.734223845889083737e-01
5.710933449310083843e-01
5.874817218561779741e-01
5.880862585864243819e-01
5.900034499834310164e-01
5.842067007776303722e-01
5.888371456073954180e-01
5.862543854753133887e-01
5.941621904259399845e-01
5.866892576127198389e-01
5.815462846964706278e-01
5.915821641928730168e-01
5.872125724169449112e-01
6.072748071173120765e-01
5.849508815574984144e-01
5.873372676324413177e-01
5.860435592206513222e-01
5.884405821607046061e-01
5.907541667275605368e-01
5.648469471578106971e-01
5.984375377166679666e-01
5.780232458026371978e-01
5.803242828633937700e-01
5.858693399988169626e-01
5.851031516991136439e-01
5.848187087643201831e-01
5.790592247453451025e-01
5.861052973492703044e-01
5.867619619055001179e-01
5.793977930851623714e-01
5.838967680565774199e-01
5.462496029371326500e-01
5.895560817078348004e-01
5.882536747529232279e-01
5.958294269738809712e-01
5.856758712737569761e-01
5.838955301670152309e-01
5.845908492473883555e-01
5.837018601938112061e-01
5.953485015536650327e-01
5.861771721045508921e-01
5.848444381700160788e-01
6.030958909004191515e-01
5.904012193956492682e-01
5.748026444658578260e-01
5.876126311674468861e-01
5.831213404401599520e-01
5.894346723079685324e-01
5.847003022147369000e-01
5.803558302809033176e-01
6.027322879241904241e-01
5.776708771652018237e-01
5.948217105807626082e-01
5.886509187814183974e-01
5.870163691940242234e-01
5.840875737603843376e-01
5.842893388295689050e-01
5.895723923055292692e-01
5.763415271898679748e-01
5.892335335326663870e-01
5.848872894950302159e-01
5.828727872415498945e-01
5.819133172201991222e-01
5.865571219976393191e-01
5.882551542141636336e-01
5.982260730344871602e-01
5.847321344033423740e-01
5.848105792905120559e-01
5.569491306419035448e-01
5.836534941411650745e-01
5.845586438990235667e-01
5.840079083977214314e-01
5.632530108275526359e-01
5.857806632862104790e-01
5.842659346828059652e-01
5.833893231768338961e-01
5.851824310037889720e-01
5.847985156175854460e-01
5.838086592287822230e-01
5.841709875176938072e-01
5.834397255520175074e-01
5.852248253750312879e-01
5.851755023053570870e-01
5.855152589800002305e-01
5.855594530267060893e-01
5.843869645336817742e-01
5.739493173590131114e-01
5.874375647491554275e-01
5.832809861089617298e-01
5.878641065755955131e-01
5.853935435536207210e-01
5.832068753667344341e-01
5.884483432330988029e-01
5.913559768152721885e-01
5.882935501206261186e-01
5.837976887630326184e-01
6.045313174902955389e-01
5.897690655058854814e-01
5.818492626087008457e-01
5.721774272144175555e-01
6.053296415487651183e-01
5.799555450275911683e-01
5.886283547442970887e-01
5.707936503366941583e-01
5.856523238168357404e-01
5.843675076919538913e-01
5.826422755743412285e-01
5.811761286538125182e-01
5.816396860858202844e-01
5.879460655149942871e-01
5.815721279023770007e-01
5.791676746757050687e-01
5.867666580072121718e-01
5.903772422046124069e-01
6.126314229120272126e-01
5.849910541253442453e-01
5.845530005170664900e-01
5.844268523166532558e-01
5.828555346218841082e-01
5.876740812375381706e-01
