1.003876864333901109e+00
3.250224138586828015e+00
3.117069240210293302e+00
4.301860728646590637e+00
4.944995518235206333e+00
5.224693955174952720e+00
5.338294338796947258e+00
5.306904387889710861e+00
5.277862893397570865e+00
5.293876175238554360e+00
5.334332657462225846e+00
5.376950992296740672e+00
5.419250420778264576e+00
5.469550821504450155e+00
5.553163132207367347e+00
5.635329865575094743e+00
5.730765821090435530e+00
5.835287164913851576e+00
5.945848737922396765e+00
6.079599944330178474e+00
6.214913165191399358e+00
6.355594581135985521e+00
6.494177494085195512e+00
6.638007989041085466e+00
6.779081358709500016e+00
6.919506947188284407e+00
7.061771581293919908e+00
7.202883217125527260e+00
7.346254161999792309e+00
7.496285196575168008e+00
7.651410481906119720e+00
7.807553970264245358e+00
7.974583921856691404e+00
8.159422196822793794e+00
8.341417476367878336e+00
8.530793183495433141e+00
8.727997066967031259e+00
8.925151344088144256e+00
9.128627381718839473e+00
9.330655980792958104e+00
9.531880312736060290e+00
9.725187799276591605e+00
9.928860994403615692e+00
1.012629522175036278e+01
1.032455698386050180e+01
1.051543935120813167e+01
1.068854229261853561e+01
1.089097815937005542e+01
1.106251255888985874e+01
1.125082848243080669e+01
1.142544939782675506e+01
1.160446330782526658e+01
1.175849592624664552e+01
1.194118215117196868e+01
1.209143632815858815e+01
1.226627927842146448e+01
1.242538205155741338e+01
1.257404971250495329e+01
1.272962135770069381e+01
1.288377929124461829e+01
1.302492020974767151e+01
1.317498109891000979e+01
1.331862859244554009e+01
1.346358511505943945e+01
1.360115609399536396e+01
1.373928166674880202e+01
1.387846737752782111e+01
1.401335379645677648e+01
1.414722810149267751e+01
1.427846991740357652e+01
1.440769434710723651e+01
1.454183379149747068e+01
1.466151717278179234e+01
1.479866649630917586e+01
1.492292820672458120e+01
1.504932736173165431e+01
1.517910242121187991e+01
1.529357831208831087e+01
1.543160917067214832e+01
1.554748450378583513e+01
1.567958167898620658e+01
1.579667956248350968e+01
1.592620493924733616e+01
1.603790582969091361e+01
1.617249517254048996e+01
1.629107656590479181e+01
1.640465554499638756e+01
1.653863238235644673e+01
1.665814159606452094e+01
1.678203417777887907e+01
1.690477379845517092e+01
1.702030135604310601e+01
1.713881423682711613e+01
1.726704550516691938e+01
1.738285792552974840e+01
1.750050749964118069e+01
1.762659572265365426e+01
1.774455450105964260e+01
1.786067647550739679e+01
1.797443472838004652e+01
1.808905206220955719e+01
1.819673879362953883e+01
1.832035608448752484e+01
1.842531000930288343e+01
1.854424678157468875e+01
1.865225920913430713e+01
1.876794186992736257e+01
1.887943327207695177e+01
1.898992793014327773e+01
1.911064487039949711e+01
1.922056509326858631e+01
1.933633770940092944e+01
1.944737829409763563e+01
1.956682254602461057e+01
1.967807923860433661e+01
1.979425190101761700e+01
1.990395468161920078e+01
2.002285346218807760e+01
2.013577552968036599e+01
2.024658703493993173e+01
2.036551224887903189e+01
2.046840329907777090e+01
2.058959933214683957e+01
2.069882923037422273e+01
2.080905008356544883e+01
2.092245479065906011e+01
2.103032856926011007e+01
2.113374496228015786e+01
2.123585740233858843e+01
2.134638677459255263e+01
2.145270835916154795e+01
2.155799320325519730e+01
2.166511284812381533e+01
2.176332062414836699e+01
2.186271871192228389e+01
2.196323415878080354e+01
2.206117055113105963e+01
2.214931725286563591e+01
2.224610280728043676e+01
2.234560868802415001e+01
2.244002451198504389e+01
2.252979106788498598e+01
2.261389848109456580e+01
2.270500167206768438e+01
2.281052567624968219e+01
2.290426872609197773e+01
2.299972116406640765e+01
2.308637121749043786e+01
2.317527457884972364e+01
2.328131655207759110e+01
2.338104892109783606e+01
2.347718676086039125e+01
2.356785319127837752e+01
2.366137153091584722e+01
2.375884934538015969e+01
2.384406744378329179e+01
2.393604660751399393e+01
2.403725897331570494e+01
2.413011973936256993e+01
2.422039750761431165e+01
2.431132326590738657e+01
2.439290080598986776e+01
2.448674277024969470e+01
2.456879075269836932e+01
2.466513728114463433e+01
2.474050441611980489e+01
2.482769661564084984e+01
2.491396858595023289e+01
2.498850424393666358e+01
2.507165492338124579e+01
2.514613902423888803e+01
2.521848089346389443e+01
2.529641105154226466e+01
2.536423702335694230e+01
2.543045654232347630e+01
2.549773307116186061e+01
2.556421452337473710e+01
2.561325382179560251e+01
2.568703932337475138e+01
2.574726132165458026e+01
2.580497462058619718e+01
2.585834483763296987e+01
2.591640331410311049e+01
2.597190798938721557e+01
2.601426366605995355e+01
2.606918472797996600e+01
2.612195028434791411e+01
2.619174067451339383e+01
2.624405433506295182e+01
2.629448946606708404e+01
2.633464222130518806e+01
2.640230734326101825e+01
2.645877212291081548e+01
2.651500063745086067e+01
2.656416825304519946e+01
2.661978117407885946e+01
2.668274027506205925e+01
2.672001184082941805e+01
2.679923909596924503e+01
2.685978686472211052e+01
2.691687563152714446e+01
2.697580910619564776e+01
2.704571221396458114e+01
2.710311217721985955e+01
2.716929440680507213e+01
2.723666330645942324e+01
2.730213900635963853e+01
2.736601489579420843e+01
2.743365324995268395e+01
2.749215784072384494e+01
2.755800915052491717e+01
2.762844333774444650e+01
2.769866262316644168e+01
2.776233776560244948e+01
2.783470088909423623e+01
2.789985825246104767e+01
2.797191539196100152e+01
2.804006883062445965e+01
2.810277155339387178e+01
2.817077068093046677e+01
2.823931890991483229e+01
2.830569188639397638e+01
2.837383456436878859e+01
2.843992016987741422e+01
2.850182668434121425e+01
2.856597199342250804e+01
2.863356477444387238e+01
2.869292955643546961e+01
2.876425509864603214e+01
2.882365526026694269e+01
2.888505399131871343e+01
2.894128048605226056e+01
2.900812418231031131e+01
2.907094106808713363e+01
2.911773338571448022e+01
2.918699323767710041e+01
2.924320130213343205e+01
2.929730654739454110e+01
2.935597528795962319e+01
2.940886025779317947e+01
2.946482026340234839e+01
2.951652287701903887e+01
2.956899491210576159e+01
2.962487216511455301e+01
2.967150934923450123e+01
2.972425647270973315e+01
2.977313149114718271e+01
2.981254014948495978e+01
2.986956322576762091e+01
2.992352647484159789e+01
2.996766979483752280e+01
3.001798100909278233e+01
3.006378587771214583e+01
3.011070191101592997e+01
3.015565794043485326e+01
3.020096728909322792e+01
3.024691032209036123e+01
3.028782281627475115e+01
3.032445666197490652e+01
3.036849724643467852e+01
3.041470474268431445e+01
3.046251402757373583e+01
3.050020695635334533e+01
3.054058309767516732e+01
3.059251549447592922e+01
3.063661572847966497e+01
3.067832047687850761e+01
3.072725323221800764e+01
3.076170297944189613e+01
3.080939303106397986e+01
3.082953689201319847e+01
3.089462347053656543e+01
3.093506060182987838e+01
3.098215576555336881e+01
3.102518362736427449e+01
3.106837026516219424e+01
3.109323164964205688e+01
3.115087816888246053e+01
3.119630014678528340e+01
3.123596336201063295e+01
3.128254420817672710e+01
3.133455937809844016e+01
3.138155713238699462e+01
3.142120820979577189e+01
3.146716623879176211e+01
3.151116267045883745e+01
3.155353644387135148e+01
3.160367932463314133e+01
3.165737410949534336e+01
3.169714226763523968e+01
3.175324025755263690e+01
3.179148247771156832e+01
3.184960007064428567e+01
3.189553314278606422e+01
3.194344766154363313e+01
3.199799189701768043e+01
3.204340657124233616e+01
3.209751681418921976e+01
3.214823887220253340e+01
3.220082526186922678e+01
