1.090095428251495857e+00
1.562783595830373295e+00
3.539040288177766502e+00
3.544004249940590601e+00
3.527805298093543040e+00
3.499504216815921609e+00
3.475351098012738671e+00
3.464270263328248500e+00
3.450952597662853449e+00
3.435180073416421731e+00
3.419727194189259745e+00
3.407709825533896009e+00
3.409460128022672176e+00
3.380515562497885984e+00
3.368386401045286860e+00
3.349220626584378913e+00
3.341043107728179251e+00
3.317979225100808005e+00
3.314060350633091456e+00
3.303845241176274872e+00
3.295640732627243441e+00
3.279064255362642122e+00
3.270320369726792187e+00
3.254312537570319463e+00
3.247057532808837799e+00
3.240003334620618958e+00
3.226897731167719385e+00
3.220950749948435110e+00
3.215054992175774728e+00
3.201099760421712404e+00
3.197156756017709878e+00
3.193111570102137087e+00
3.181454132695833437e+00
3.177379956066597622e+00
3.155848684693623341e+00
3.161537949126316249e+00
3.159191859140905834e+00
3.157379542893372193e+00
3.148527299638808508e+00
3.144404675130112015e+00
3.135320513570015954e+00
3.134332198431268424e+00
3.125555769339382728e+00
3.122374188107839732e+00
3.115450808507214120e+00
3.119172440990823691e+00
3.105880150350817992e+00
3.104968033420812734e+00
3.093674918810669361e+00
3.093002978435794414e+00
3.099242181402359186e+00
3.081365115357812545e+00
3.081368020722421441e+00
3.066409217881208793e+00
3.069115786209688945e+00
3.075049197224988262e+00
3.065038691446812624e+00
3.058016162054768117e+00
3.051016579266951467e+00
3.043529320053863341e+00
3.053283481261185539e+00
3.041041103103571341e+00
3.035251073574726899e+00
3.027746230215278000e+00
3.028800298963985504e+00
3.019298357404913702e+00
3.019419214413423536e+00
3.011317282054528643e+00
3.009270951522178272e+00
3.000503365987062132e+00
3.005912636040411812e+00
2.994894177677327907e+00
2.990701022876555371e+00
3.000131417299976455e+00
2.985968192677382671e+00
2.977743325367174787e+00
2.972855075453160190e+00
2.968016746194262812e+00
2.970063636038422494e+00
2.959071344536024384e+00
2.946493242962931802e+00
2.948220916921407309e+00
2.950121260949401414e+00
2.933715269279292048e+00
2.935361379554012107e+00
2.932742949593629245e+00
2.925215651505678860e+00
2.935173814922533708e+00
2.913582308309447200e+00
2.914236139859193386e+00
2.909991214039555629e+00
2.904669939676102874e+00
2.903965625913767834e+00
2.891728902672946688e+00
2.892054765431494090e+00
2.893685696322469081e+00
2.879454210245165680e+00
2.881260911037160533e+00
2.871147371380916802e+00
2.866048576537401527e+00
2.858793060358613136e+00
2.856728775959004540e+00
2.868602488660695116e+00
2.849426062778995572e+00
2.838428324501865330e+00
2.840100338680960679e+00
2.835762986734562840e+00
2.830443449017446600e+00
2.823474755090679356e+00
2.818124021701280846e+00
2.820007199771386919e+00
2.815142477121240550e+00
2.806258522374030395e+00
2.798070471861522357e+00
2.793664834420277909e+00
2.798193826192415301e+00
2.792879594346783012e+00
2.784558332252539348e+00
2.780296200005813567e+00
2.774555835818374394e+00
2.768309830218065315e+00
2.769265652655095611e+00
2.759914000948074708e+00
2.744322536185018979e+00
2.751705976492246908e+00
2.748170620901961847e+00
2.744863133759475105e+00
2.737020653024924588e+00
2.736217195916920364e+00
2.728435704710871601e+00
2.726335170292870203e+00
2.716888017484488049e+00
2.718382424432788547e+00
2.708025697698441814e+00
2.708972061524173025e+00
2.697035931634832906e+00
2.698119254188202643e+00
2.695740957428146789e+00
2.688825117809974685e+00
2.697116669265617883e+00
2.680001686688777696e+00
2.665517291219444029e+00
2.672953688804885264e+00
2.666793454845536981e+00
2.660795728124716764e+00
2.658776652570540300e+00
2.649136921687322843e+00
2.645486687029054096e+00
2.647397635727259502e+00
2.639157431863057734e+00
2.634119289851142742e+00
2.630242262570709588e+00
2.627555777804294834e+00
2.619521028699055343e+00
2.618809615806684477e+00
2.615143852603378782e+00
2.613026319645326279e+00
2.606956007849371648e+00
2.602588438016596228e+00
2.595448429645486055e+00
2.588939867022131747e+00
2.590731046912177593e+00
2.583273547581310670e+00
2.582377635089894596e+00
2.576314066701659300e+00
2.571119527821801753e+00
2.566869585542547405e+00
2.562170910018974013e+00
2.577023505558569738e+00
2.554945371328579462e+00
2.548562912382829726e+00
2.547790957181745863e+00
2.545780500957478321e+00
2.538484706911166455e+00
2.550382928860707388e+00
2.530530746140237763e+00
2.526994983908297243e+00
2.515772089359444852e+00
2.513199561172555274e+00
2.512172433906520119e+00
2.513015543838652999e+00
2.503053742517320046e+00
2.502413988942402412e+00
2.500360744824982717e+00
2.493769316799727687e+00
2.490446931339645786e+00
2.483879576220497487e+00
2.492596798095891852e+00
2.477550942751883145e+00
2.469688953243373675e+00
2.468620272999523024e+00
2.463503362270449859e+00
2.459543893467909026e+00
2.459211652412419902e+00
2.453201637246634981e+00
2.448508810809367109e+00
2.439914935121512141e+00
2.442344599727461762e+00
2.435502239679980363e+00
2.433838960547504371e+00
2.427226243363717284e+00
2.427186138111725455e+00
2.421572040611130294e+00
2.419878006184572605e+00
2.413776979859723948e+00
2.408159261536446216e+00
2.408751948033299062e+00
2.403983736390587822e+00
2.399807515647730760e+00
2.397420295218873676e+00
2.395782883375432437e+00
2.388579006767134416e+00
2.382573280546315786e+00
2.382261809429853550e+00
2.383548867109757108e+00
2.377631918161263069e+00
2.368545793994563553e+00
2.367646436211270800e+00
2.364072455794475225e+00
2.360503469087807726e+00
2.359610368940415981e+00
2.351640184532811872e+00
2.351709463102440001e+00
2.342297804936212646e+00
2.342832190286466609e+00
2.338917739678507690e+00
2.338607115540521253e+00
2.336274843819429847e+00
2.328970521173830743e+00
2.327263868104241240e+00
2.318987976212290469e+00
2.303689402127732322e+00
2.309493178836690586e+00
2.311630323335987836e+00
2.293583651049712735e+00
2.303708468796790587e+00
2.302281121288247689e+00
2.297531770130809115e+00
2.289611805274236467e+00
2.286600169572485353e+00
2.286543386442292380e+00
2.285280489266916071e+00
2.285672228671344008e+00
2.271486485535701760e+00
2.273770477239199561e+00
2.273526396167270036e+00
2.271452728111917452e+00
2.276819690514137573e+00
2.263986423397014836e+00
2.256197619744885863e+00
2.257687174338986136e+00
2.253413026947419073e+00
2.252966474387642748e+00
2.247261894716059860e+00
2.245790367939831889e+00
2.241515745760231493e+00
2.235828058089338821e+00
2.237684454850295435e+00
2.230333778241210041e+00
2.229161914484843354e+00
2.228413683111822863e+00
2.223635645608410982e+00
2.218557584557974582e+00
2.219279266504473380e+00
2.216651033870305820e+00
2.210835141041586294e+00
2.212863436420088981e+00
2.207151168595705037e+00
2.207415249685074521e+00
2.202212544290744756e+00
2.201307190319323759e+00
2.206107724335590881e+00
2.192894215471008490e+00
2.195854355373988209e+00
2.187580702980355785e+00
2.178473834564391254e+00
2.185099362681939272e+00
2.184253652575035787e+00
2.183064032774475027e+00
2.176223174128029569e+00
2.168412972810449091e+00
2.171271883046224982e+00
2.171118604374520533e+00
2.165968973785172835e+00
2.164983650684610073e+00
2.160689018574696085e+00
2.152995459805579603e+00
2.156915957061106948e+00
2.149163645878821693e+00
2.146226894482528458e+00
2.143143206389893862e+00
2.155034298770466705e+00
2.142410208766087898e+00
2.141088806735737649e+00
2.136041647712186187e+00
2.139052836506668775e+00
2.137785900179680620e+00
2.128749046305591364e+00
2.126903178523150473e+00
2.134502768941638262e+00
