1.007104958859231125e+00
5.422297624895476842e-01
1.607844865941954748e-01
4.020875447832222838e-01
5.854295847818216103e-01
6.985925119862745891e-01
7.474788544700637916e-01
7.688582897870662736e-01
7.764587059586373075e-01
7.826673875273340020e-01
7.853721097293923092e-01
7.856260006215651792e-01
7.849749843142259653e-01
7.852971783677188400e-01
7.825347124649933983e-01
7.837891680544093465e-01
7.789370751396218484e-01
7.814145812439883265e-01
7.829080022335611622e-01
7.777864452340762513e-01
7.817235733660292674e-01
7.796250487871140278e-01
7.760451488645029317e-01
7.779244723294008734e-01
7.757972574975059432e-01
7.738357717716332074e-01
7.723934938980419052e-01
7.701916746458323804e-01
7.605821106711336821e-01
7.668812681288751376e-01
7.659331071660255841e-01
7.987238055260413860e-01
7.626980247694158388e-01
7.615702086970065343e-01
7.809201587486594986e-01
7.588220224958228677e-01
7.548339321362484977e-01
7.572676413475789570e-01
7.537197191312159372e-01
7.744928719734965883e-01
7.512116426423187665e-01
7.497736231144584984e-01
7.323872441929412114e-01
7.463985216070756490e-01
7.460788912673396167e-01
7.320302786633370307e-01
7.406561415248388291e-01
7.389798657621796663e-01
7.386042459346557898e-01
7.361319016305205576e-01
7.353848413607086965e-01
7.244431657353951337e-01
7.178632799699199429e-01
7.330072865143261174e-01
7.281188539136361770e-01
7.280904348386364466e-01
7.287974130971669462e-01
7.230271436067038371e-01
7.194800969145183078e-01
7.243801798506741552e-01
7.222578676561017819e-01
7.187289360567541419e-01
7.193096108354649632e-01
7.193417970970604758e-01
7.144236376085457696e-01
7.145953034004324245e-01
7.148251972759754880e-01
7.124003942357455266e-01
7.123175540876525158e-01
7.139012093510217483e-01
7.162245684473597107e-01
7.094973029286411048e-01
7.062640885486328735e-01
6.973056419960539376e-01
7.078641933406376596e-01
7.051762646404412527e-01
7.041017558939334231e-01
7.047580903127553809e-01
6.997139744314663234e-01
7.034198216515668012e-01
7.030023507147061812e-01
7.005265761280446979e-01
6.965148257821968114e-01
6.999086284889066700e-01
6.991260339174659721e-01
6.957979501478622764e-01
6.976863034263420804e-01
6.989113401544833071e-01
6.946688530385534133e-01
6.850169212802462715e-01
6.921017876077456554e-01
7.006056418541583009e-01
6.944185162720870608e-01
6.935675920355928170e-01
7.030925846543181201e-01
6.938841832048500136e-01
6.953206638777653659e-01
6.928567727068718485e-01
6.934771848659665450e-01
6.680348114939157478e-01
6.908260802399762701e-01
6.942203252579306483e-01
6.916386471052669016e-01
6.989386378541797562e-01
6.916988068721043881e-01
6.911484360728331611e-01
6.920174683809635630e-01
6.885389448617448283e-01
6.903725457098797147e-01
6.838028312307909973e-01
6.921282306662480677e-01
6.904408164833709671e-01
6.892175891986935810e-01
6.901599032367885522e-01
6.922784161400948877e-01
6.800404104080265411e-01
6.889925166709733872e-01
6.923424254074307393e-01
6.844842218555396984e-01
6.879867588073326212e-01
6.876677630226055715e-01
6.906423422794674138e-01
6.888331250752949275e-01
6.884050410400560649e-01
6.898369204373561159e-01
6.837739105321268829e-01
6.873173258382927475e-01
6.865951171133551911e-01
6.633790048577026255e-01
6.864599114620423270e-01
6.869883021656074673e-01
6.873264360487746361e-01
6.905405342747201747e-01
6.852025932292142851e-01
6.851829406848407578e-01
6.875254787740848750e-01
6.864090040719044161e-01
6.872055397040408575e-01
6.880499418575173332e-01
6.813346795001774536e-01
6.877492055004311711e-01
6.871729320799984109e-01
6.859626961275130386e-01
6.862172678325515474e-01
6.832938066190366033e-01
6.867870262781015089e-01
6.889016857119609760e-01
6.886241330506516212e-01
6.837678195623256849e-01
6.856806567864454083e-01
6.828111759571923178e-01
6.858329848063848821e-01
6.803507295489006346e-01
6.845330218272515088e-01
6.863950687015653029e-01
6.857190990215060733e-01
6.827109558957615842e-01
6.844224793982143229e-01
6.867944458898532778e-01
6.828775884941769014e-01
6.837275920732588386e-01
6.856904152189512436e-01
6.858494512597201886e-01
6.860017881610068757e-01
6.863017223617156048e-01
6.845128919900299591e-01
6.877359789162867942e-01
6.851391809269490318e-01
6.864610503411284759e-01
6.862981283329115945e-01
6.860244764209760815e-01
6.863145531023213675e-01
6.833547192830294881e-01
6.886093730072025965e-01
6.954000568875177146e-01
6.883582042334516204e-01
6.826239283844800498e-01
6.863164663907884711e-01
6.869583127983324156e-01
6.861413804794231908e-01
6.866775476830042635e-01
6.854925263964513071e-01
6.862579967543992465e-01
6.850939906739630381e-01
6.852118919293048727e-01
6.866399416374868725e-01
6.799982954013442660e-01
6.877314191648322694e-01
6.758614949755784584e-01
6.855498969124268482e-01
6.865935983080124760e-01
6.881349054710093061e-01
6.869687806516718842e-01
6.848422172282813136e-01
6.926377706884164764e-01
6.869530779607831983e-01
6.867443185929659188e-01
6.861424761872312317e-01
6.867151964547194565e-01
6.871237804567954521e-01
6.872632080306559921e-01
6.849521745608186940e-01
6.849084433294573282e-01
6.858108472862074478e-01
6.866281764199949622e-01
6.871876800041011313e-01
6.873207904289541093e-01
6.873447016428837486e-01
6.837106683049838374e-01
6.825058306956659493e-01
6.871297909822047245e-01
6.875486754866049210e-01
6.855572863916308268e-01
6.922326746689171362e-01
6.857629957589173042e-01
6.858452652240704106e-01
6.909447099357733935e-01
6.871141000839986468e-01
6.872050895243660973e-01
6.843216277002044379e-01
6.885504430425828382e-01
6.877803592790336928e-01
6.888884627346704148e-01
6.901666057354545192e-01
6.886731486834104521e-01
6.891286831832521553e-01
6.870785316854742808e-01
6.891522834137594478e-01
6.875218977735396697e-01
6.874474905202395680e-01
6.901291598927505877e-01
6.891413925721560085e-01
6.877986989239043281e-01
6.892821434287313975e-01
6.899572106544222816e-01
6.879788300499074527e-01
6.887131684963568867e-01
6.851211215891253037e-01
6.882875467474238729e-01
6.941577003119875355e-01
6.895799714115207202e-01
6.870503451125348215e-01
6.895701921547873203e-01
6.879396545755080972e-01
6.901855375059203768e-01
6.881811764112044649e-01
6.898095336414681311e-01
6.907620697496544837e-01
6.903021527316294259e-01
6.896409176882396519e-01
6.881705901410598569e-01
6.915418736495251295e-01
6.896310840186394842e-01
6.920949936326953322e-01
6.851633933042140523e-01
6.927906962797341084e-01
6.856620332681598873e-01
6.907995981512948802e-01
6.917066102484781265e-01
6.924415743966055858e-01
6.890195640483584016e-01
6.908965331486282002e-01
6.923704210400672965e-01
6.916766791489434851e-01
6.916356919917949764e-01
6.978411874105702184e-01
6.910128618874897821e-01
6.904712018749697977e-01
6.912330910272797002e-01
6.935733594534557733e-01
6.914868411041409368e-01
6.925383396031093985e-01
6.914885734467741685e-01
6.917002381800438915e-01
6.932528064907893528e-01
6.913268826462154459e-01
6.929048427778671249e-01
6.900043592834522732e-01
6.933071329698337060e-01
6.918071862266808036e-01
6.924189648679879294e-01
6.933175370552159267e-01
6.945034269463373766e-01
6.959450125617050453e-01
6.928583954315028492e-01
6.931717735386182522e-01
6.956709522070536611e-01
6.919940260876861204e-01
6.926388900692365125e-01
6.940762289989390599e-01
6.986826006027799796e-01
6.942739832972933955e-01
6.940888495249132317e-01
6.952348977539862807e-01
6.932440112393852827e-01
6.943533008689534158e-01
6.945935711821742409e-01
6.984469033567402008e-01
6.953408621073896567e-01
6.961688804464184477e-01
