1.121293857563962160e+00
2.693436818811522304e+00
2.326456285935086576e+00
1.889040163482306411e+00
1.364453645212517108e+00
5.793119926415338794e-01
2.785765599712374807e-01
5.191549622228086580e-01
4.719665392632734213e-01
4.629298630944235216e-01
4.786279953077742233e-01
4.416564431941272795e-01
4.730525220777946349e-01
4.431846914679042349e-01
4.626259748630643376e-01
4.834124131657525636e-01
4.702369692857417682e-01
4.784068790223029444e-01
4.726856975852277709e-01
4.683765658904642804e-01
3.558341683730863458e-01
4.637509075043185214e-01
3.981349475514855407e-01
4.234809442197240426e-01
4.152553984578981061e-01
4.148071247714999465e-01
4.035821809679480121e-01
3.969188044878961263e-01
4.102971149757959624e-01
3.844111893655347001e-01
4.021676848593778719e-01
4.571358535206809792e-01
4.099591199481605885e-01
4.150633927554586156e-01
3.273426159633188171e-01
3.832439479965221163e-01
4.249001714187191081e-01
4.389954998810896014e-01
4.163062130717199993e-01
3.715302477872668985e-01
4.399423962917410336e-01
3.972927853925137254e-01
4.079714928510646543e-01
4.139102809186611664e-01
4.365642383297049789e-01
3.728939993676075870e-01
4.165521148720395250e-01
4.151463033000695191e-01
4.171070626439060680e-01
4.130173782813199579e-01
4.115286542896138267e-01
4.078092691473471643e-01
3.913719758047332631e-01
4.078739817383216226e-01
3.568660288050363727e-01
3.962350655021198986e-01
4.096430772145318033e-01
3.886755655787661468e-01
4.063300279414857052e-01
3.980299178480454225e-01
3.970486374924093731e-01
4.106112846248389237e-01
3.915771298826414837e-01
3.915594796181300907e-01
3.950763089634123371e-01
3.875351502508886936e-01
4.008095406379182934e-01
4.000312078221807122e-01
3.704604157496601546e-01
3.834847259867560920e-01
3.897352845816122180e-01
4.755709052757750577e-01
3.779040574683683040e-01
3.748262898799822884e-01
3.723871019404100813e-01
3.726462605361089975e-01
3.716707292786304850e-01
3.740039235145746765e-01
3.701044318309928971e-01
3.810140434703633283e-01
3.677754149474815049e-01
3.481863413464102996e-01
3.702087921274139770e-01
3.453765931850814597e-01
3.615182600574436411e-01
3.610485874352361013e-01
3.592973347871507572e-01
3.670351911527989786e-01
3.851757782501448735e-01
3.450259682759205249e-01
3.557695140783363463e-01
3.545002444486398674e-01
4.474814584919925009e-01
3.602681803458102627e-01
3.276666105817476748e-01
4.261266224126906144e-01
3.571380679128473012e-01
3.646298335499388310e-01
3.683749930574218845e-01
3.705964391926545032e-01
3.597145433403162729e-01
3.348298876733767360e-01
3.645724057805650453e-01
3.600847589933818260e-01
3.560740754008324682e-01
3.278534419313506310e-01
3.440781017009945097e-01
3.448465585790610466e-01
3.300837154367191606e-01
3.457831354826451098e-01
3.457425626853103950e-01
3.431483409917006067e-01
4.044217120733397119e-01
3.219771379072762785e-01
3.386755997781338290e-01
3.438845505357973620e-01
3.287468319216138024e-01
3.305023663139032286e-01
3.547457497141452420e-01
3.210545637602584268e-01
3.305002019414962078e-01
3.276349117304319103e-01
3.349070251799300957e-01
3.024187207005404887e-01
2.643177170823051703e-01
3.034327201087601011e-01
2.981591506579344131e-01
3.686654438212229601e-01
2.795318493182684105e-01
2.797547960042446324e-01
2.839396829858398252e-01
2.765571883872897097e-01
3.499597058098882774e-01
2.743947286910335404e-01
2.484009199293281400e-01
2.653648312904413609e-01
2.626656150551560653e-01
2.562733335450995686e-01
2.574202668314533593e-01
2.690321328941404633e-01
2.741185105513937459e-01
2.756141280215038125e-01
2.828939315850337866e-01
2.880306625004829257e-01
3.111464062403013764e-01
3.248516320679631364e-01
3.086768315723296130e-01
3.105114931867493100e-01
3.259581091948663967e-01
3.211281030530777625e-01
3.366034342133329971e-01
3.340023589666293868e-01
3.217692780681229991e-01
3.252113381688048754e-01
3.048537238019026763e-01
3.133755376633350354e-01
2.926720507443473784e-01
3.095965919557205903e-01
3.365016681802585619e-01
3.173050479431230309e-01
3.057326893837520876e-01
3.015183379428665877e-01
2.866626160757527186e-01
3.137796490231212765e-01
3.084025492907643828e-01
2.786621039570217340e-01
3.058870476901335844e-01
2.987076856223055410e-01
2.948216131467151779e-01
2.929589112692862485e-01
2.996707624106579315e-01
2.875841938010636478e-01
2.875054066900433192e-01
2.720446863679873428e-01
2.794848816790915791e-01
2.816559893315358498e-01
2.945386906202078214e-01
2.839535642830656736e-01
2.799707630180232054e-01
3.335464332323013759e-01
2.815024257562001031e-01
2.452472425034594727e-01
2.437594695940790701e-01
2.435962034728000047e-01
2.417380602251917310e-01
2.527947682253594008e-01
2.316370639457459302e-01
2.471681561401407878e-01
2.195456771293858578e-01
2.303018332466366946e-01
2.078762057067303770e-01
2.134146791040648916e-01
2.554421807413126411e-01
1.839426785435012146e-01
1.982277418248709344e-01
1.922468423560318718e-01
1.885833520213842651e-01
2.666132268497242719e-01
1.926791825254427493e-01
1.912926637621977233e-01
1.755625910276747970e-01
1.667040747655389732e-01
1.665920400613075114e-01
1.690362916503224955e-01
1.640955050466477161e-01
1.613783939347952778e-01
1.665486668587107533e-01
1.577603301837350036e-01
1.570744788821694660e-01
1.591956715403851919e-01
1.571943940115919092e-01
1.530481086782443656e-01
1.531434945809110326e-01
1.534011260507084362e-01
1.533424207045111509e-01
1.558273112594927567e-01
1.543428629649143680e-01
1.547191290995230395e-01
1.650466469629269517e-01
1.620806543329092464e-01
1.575081046506339733e-01
1.617274517219849939e-01
1.640653467570011292e-01
1.663714957066265987e-01
1.742257134961129328e-01
1.694508424382830669e-01
1.816612722518493594e-01
1.889565998463362539e-01
1.824960058969728183e-01
1.951735025066560769e-01
1.893692197821889578e-01
1.965899347230722627e-01
1.968773696894925429e-01
2.056405975169761091e-01
1.907118190364570365e-01
2.303491031627721286e-01
2.226218015896774260e-01
2.207601469686864271e-01
2.618766888901525869e-01
2.311159131503684738e-01
2.418294204723287211e-01
2.369230982087308368e-01
2.382071358244726711e-01
2.556229056399532684e-01
2.641997661106617046e-01
2.717096266963348050e-01
2.787513764287119500e-01
2.744765235888045329e-01
2.933670680105239792e-01
2.831837543572853222e-01
3.283880182604096976e-01
3.160519107583063536e-01
3.044680878851774297e-01
3.583270724293224907e-01
3.312390355725964297e-01
3.327225041380921233e-01
3.357445134490061323e-01
3.655742973675525920e-01
3.478305222190358204e-01
3.613320212535079956e-01
3.682799315335374413e-01
3.818270475305206024e-01
4.173155991076757942e-01
3.383561411983863620e-01
3.935504903708556546e-01
4.187602968440486961e-01
4.117214145820636828e-01
4.305373207307073846e-01
4.240378038057293630e-01
4.290647541678064836e-01
4.397997017466083736e-01
4.024747404994386546e-01
4.491040006780153693e-01
4.595404985073814341e-01
4.622725117128911876e-01
4.656319597605750316e-01
4.492926014440886129e-01
4.867474565078300786e-01
4.892333062100277519e-01
4.581332215465350743e-01
5.104518610626510577e-01
5.030459435839275129e-01
5.013967352107850939e-01
5.225002490918366771e-01
4.937526666025262578e-01
5.233886927987345672e-01
5.361529410673437912e-01
5.356963842731526926e-01
5.500544928462324235e-01
5.477086842332227201e-01
5.464157770723476748e-01
5.572713133099946869e-01
5.591349056242268523e-01
5.840612274454710651e-01
5.700977257083138516e-01
5.878842092329090718e-01
5.829832169896236316e-01
5.906170828336045897e-01
5.936134476711043551e-01
5.925580501307636805e-01
