8.585805294461428261e-01
4.952109465142643385e-01
1.271924483858251076e+00
1.486631175438345442e+00
1.206863053775383943e+00
8.719008196134628852e-01
6.210042937244577566e-01
4.490115522720277141e-01
3.314644488116413878e-01
2.492222607685693758e-01
1.894872153679107163e-01
1.442997052385198431e-01
1.093753287159435067e-01
8.257999033906224251e-02
6.251952159148649324e-02
4.789356632508672690e-02
3.744590026716447528e-02
3.007760815502202173e-02
2.490757227718689779e-02
2.127078073879034789e-02
1.868796510003961631e-02
1.682258304976642915e-02
1.544293536686794019e-02
1.439480830811734613e-02
1.357269810304637808e-02
1.290957290972133582e-02
1.235656894761475409e-02
1.184634847212802725e-02
1.143962369601703513e-02
1.092883103614851470e-02
1.079011378418375140e-02
1.045229619066739314e-02
1.029433501741001088e-02
9.768229381138023720e-03
9.437190446973789393e-03
9.326409251696855113e-03
8.811324338250438662e-03
5.170314948583071106e-03
8.221279775217605126e-03
7.947584588637274933e-03
7.294355246089118464e-03
7.312791655675825175e-03
7.610386200075320261e-03
6.401604835531047970e-03
7.674401836401044744e-03
6.218511875776333749e-03
4.801024532282250484e-03
5.513701571618421192e-03
6.486564015804653811e-03
4.705687077593704963e-03
6.492620421441905841e-03
6.985013388934737701e-03
3.491470116589174069e-03
3.386867657300849169e-03
3.619499501744738619e-03
3.439629211258843789e-03
6.339660477585686710e-03
3.199370760591749296e-03
1.903553463524447226e-03
2.974650357911683054e-03
3.696007681200774025e-03
2.236383194013002486e-03
2.349131868445363761e-03
2.121090854930470122e-03
2.451892165650671352e-03
1.170273741201950180e-03
2.158481711674869064e-03
1.378537054511801748e-03
1.395406257428812285e-03
1.272799812470056966e-03
2.740441515350347176e-03
1.553199047324106989e-03
1.534929068036229192e-03
1.572804810103494181e-03
1.351437022264881382e-03
2.740936481051282816e-03
1.156657393823309421e-03
1.479280576839036958e-03
3.785014853492270522e-03
3.666880548786466756e-03
1.356464816707355758e-03
8.846776612554925825e-04
8.521272958694874880e-04
1.240532558406662626e-03
8.725926765456083235e-04
6.000971457195937919e-04
8.160168531251474865e-04
4.095690562827203275e-04
7.437959905619316364e-04
2.148273214730821688e-03
6.536697550551046542e-04
6.849070163879922074e-04
2.533022695026723031e-03
5.732176384309036268e-04
3.971413565028665375e-03
5.841071125758967890e-04
9.398200861365824154e-04
5.767006208377804680e-04
1.158559729352461216e-03
5.282830378267202144e-04
4.426315539235818435e-03
8.260347149910540060e-04
7.756949697763798092e-03
3.873869157485701617e-04
6.571129793646779578e-04
3.528044281605204578e-04
4.843240765468659337e-03
2.149998776639406618e-03
3.558508154864533789e-04
3.660257411153922200e-04
4.231793079766412412e-04
3.180478715805039628e-04
5.585565667763700689e-04
4.794881094883628484e-04
1.921165755515775498e-04
3.153404272665170883e-04
1.459938775646289636e-03
8.386044977082741806e-04
2.789221015224364235e-04
6.737589837745122613e-04
7.747635335479874027e-04
1.546829666139957755e-04
3.135376007434274056e-04
1.185147649869982374e-03
7.679883960564174187e-04
3.306040169678021307e-04
4.592854152246018040e-04
5.227806174636319067e-04
1.374406880405172051e-03
5.646059310759088748e-03
1.572945217919695653e-04
3.530536523267287490e-04
8.765684397455628671e-04
3.549852383996574597e-03
4.562500922538935476e-04
5.690290219692896445e-04
3.927340203804319859e-04
2.325885343525783695e-04
1.756876400461232198e-03
2.921162431110509638e-04
4.626028683204431091e-04
4.117592109241436965e-04
9.616065956614364141e-03
2.654427107619608539e-04
1.095361820036276071e-03
5.327417246847520813e-03
1.977243779164180280e-03
6.819411801858695811e-03
3.988751205354443426e-04
5.420573751298589024e-04
2.263581044212767911e-04
2.816166701306330547e-04
1.418248956212200395e-04
2.563037584488314733e-03
3.807043959265737996e-03
6.661984062630397097e-04
1.823304863496006886e-03
3.285563469966694058e-03
8.392514702228718107e-03
1.828464685802172994e-03
8.279768718562570406e-03
1.370331879710683987e-04
3.240231660877855580e-04
2.799625170913367907e-04
1.518576507653131985e-03
6.814171580700892697e-04
8.099386451848384532e-04
1.127465778204925868e-03
2.290162187904920077e-04
1.897014125665229993e-03
1.375506783009269917e-04
6.137000209343834679e-04
1.136898203120239036e-04
1.410872241883769009e-04
6.994573051705785943e-04
1.135004966155998607e-04
2.591275651485011426e-03
1.729459554595183393e-04
6.511643876981170745e-04
8.122955158580597067e-04
1.057008698378469679e-04
4.211337018619316051e-04
1.227048445041102880e-04
3.012405887595291654e-03
1.354346920945873360e-03
4.408877253886588250e-03
9.213070213592348631e-05
2.669059264183434128e-04
3.881870208470491459e-04
6.143688403805125852e-04
2.693431110205824972e-03
7.689406703144509390e-04
8.853309005009340343e-03
1.738964689750145415e-03
3.073605426700147525e-03
1.190601590647745374e-04
5.044404088966242088e-03
7.935993159977219966e-04
2.397700658838257826e-04
1.401114421883018987e-04
4.812100983635195575e-03
3.258532204550326945e-03
3.115599088036897905e-04
9.593708037162901607e-05
1.307357894507967140e-04
2.595877981369645936e-04
7.554608860212227604e-04
8.006391250259094552e-04
9.987627339509964040e-05
1.654472042055017602e-03
2.810226881681112212e-04
1.030099389412430936e-03
1.004971152337757518e-04
6.368334277526794748e-04
1.075688589584198294e-03
9.904485569868042006e-05
1.857668162807350862e-04
3.742254829659590032e-04
1.624338564840728679e-04
3.689916120880606856e-03
3.014023245231259134e-04
1.089396559939753896e-04
2.767315591341059245e-03
1.013823143179769595e-04
3.907823749417301700e-04
3.046124018337109489e-04
1.351319674057599365e-03
1.989231092520833113e-04
4.219148487724082731e-04
2.428503633567593179e-03
1.063494205858844192e-03
1.399419643969105633e-04
1.717119120947064128e-04
1.380248425049080720e-03
1.227387062401554983e-04
9.173225299444185722e-04
3.384803300014706251e-03
1.616674032660492114e-04
3.148616775467111121e-04
1.038853447450518948e-04
1.980311621772009646e-04
1.774004129730740343e-04
1.535122618682713443e-03
1.739880385127426767e-03
3.819535917071646366e-04
1.707535604467463268e-04
1.999437086686587338e-03
1.593971941033572805e-04
1.396904798730703025e-04
8.088161396791869072e-04
1.199346220379904598e-04
9.666074379888541120e-05
2.181531993400001915e-04
2.218375085070709344e-04
2.144091586829564367e-04
9.517561915903458556e-05
1.539877882433708721e-04
2.633714959711764376e-04
6.469077044617440111e-03
9.622756789630361419e-04
1.611008630893970891e-03
9.796213298228048823e-04
8.097885345439103082e-04
1.690100318383130342e-03
1.074698210390733497e-03
2.761128042185764602e-04
7.570699742865336914e-04
6.009722548009780244e-04
5.273688507490446268e-04
8.585543596506400052e-05
5.726494239351927759e-04
2.185467683321318222e-04
1.187474544093595477e-03
1.767016689765524805e-03
4.143339854074961259e-04
2.795550854612237801e-04
9.234779967336062632e-05
3.638148400558627185e-04
5.174703716059094729e-04
1.182621223141494451e-03
1.452640047602600081e-03
5.263652682078984830e-04
5.306292046874033297e-04
3.091941657826505685e-04
5.238586748713330637e-04
6.964145726609944883e-05
1.436318483594329904e-04
1.866562002863850483e-04
3.038412460576345067e-04
5.733337677043083081e-04
7.123360552698727519e-03
6.116212623667541812e-05
9.104461561358369835e-04
1.794097448652609724e-04
5.839512164175173094e-05
3.951231358658027575e-04
4.897212620691526568e-04
2.947776255585865882e-03
1.333567057575856755e-03
1.519042721093589315e-03
