9.261559773834926457e-01
4.804130185187259205e-01
5.451103527159514295e-01
1.028592109690722234e+00
1.253001938709103369e+00
1.264018752600216233e+00
1.216796453771859188e+00
1.175909425509394923e+00
1.146137116977750114e+00
1.125724750904455673e+00
1.111664663210448323e+00
1.101616013826602902e+00
1.094141052926332014e+00
1.088430982921551715e+00
1.084024761701196882e+00
1.079748356035617585e+00
1.077483188103601108e+00
1.073045966268515006e+00
1.074885257013588280e+00
1.061483390203514343e+00
1.070373977855785474e+00
1.055615442723993880e+00
1.070947666279604027e+00
1.068633198882872115e+00
1.060765866452843875e+00
1.061649963730989965e+00
1.071116480952084560e+00
1.069223266734539601e+00
1.065227421008642983e+00
1.064584404042929089e+00
1.062728538812683921e+00
1.063468371118392986e+00
1.064000437724621495e+00
1.061423929178670456e+00
1.061384919788434855e+00
1.058030784797709067e+00
1.058501998359051788e+00
1.058676888192014109e+00
1.057994976355431049e+00
1.056114433193747537e+00
1.056527857190276087e+00
1.056028898260221061e+00
1.046478412745903475e+00
1.054336748025486381e+00
1.052329038184270704e+00
1.054597916408020142e+00
1.051172942773438868e+00
1.048914781799748175e+00
1.051828779884696585e+00
1.046828200229462658e+00
1.054477934734470157e+00
1.048903128243126703e+00
1.033773681981766224e+00
1.046222363257265586e+00
1.045792232605830208e+00
1.042233692376524967e+00
1.047373195953567704e+00
1.043961953892209582e+00
1.044979921700778913e+00
1.045433757051295709e+00
1.042038898966717531e+00
1.042312194188663721e+00
1.043996402203410057e+00
1.039519907953527555e+00
1.041407356102183712e+00
1.042359615552912899e+00
1.035724738005919798e+00
1.040600724898493423e+00
1.040970520426066193e+00
1.047388933902665409e+00
1.038543587598651063e+00
1.039769124213349105e+00
1.035111545517394704e+00
1.044637165540825308e+00
1.039246667937603119e+00
1.038620647218934545e+00
1.038337611454614340e+00
1.038786583188643142e+00
1.040695887714251366e+00
1.039338901568600981e+00
1.037746716594881935e+00
1.036585090551332522e+00
1.040330274681290135e+00
1.039678119408701029e+00
1.038879963796547345e+00
1.040344073131737046e+00
1.039187757010880953e+00
1.040550393969963183e+00
1.039259236393926145e+00
1.045190887821085379e+00
1.041513115514660859e+00
1.045631926949348811e+00
1.044208703927616222e+00
1.042128083010229744e+00
1.046336611330086042e+00
1.046432476973867320e+00
1.044290092061776365e+00
1.043730552687379243e+00
1.048056459437469945e+00
1.042546999472437452e+00
1.047624092131641538e+00
1.048623160478811878e+00
1.040099669272552818e+00
1.049057960017577118e+00
1.051613277627802434e+00
1.051217927630821336e+00
1.050595628352332556e+00
1.052681435566534818e+00
1.051534404193564587e+00
1.053524846136625781e+00
1.057082451456030192e+00
1.054242261831088268e+00
1.055345050379544292e+00
1.060225474951172142e+00
1.058552743857231748e+00
1.060956015413973885e+00
1.058021891183676289e+00
1.063460753380117030e+00
1.068440060086057297e+00
1.060398130532755889e+00
1.066062539795965103e+00
1.064949266076087087e+00
1.063814610523400317e+00
1.063481202217788635e+00
1.066542267622490492e+00
1.069046230624717708e+00
1.068802285579294020e+00
1.067993097948504833e+00
1.073054541916344640e+00
1.066668509598475367e+00
1.069561840127079666e+00
1.073219088904018736e+00
1.079709252291588317e+00
1.070690017011159068e+00
1.073224744157275090e+00
1.075305702621182746e+00
1.074556714403212432e+00
1.072214889090781886e+00
1.077870190016230412e+00
1.077394016626100237e+00
1.075046984769689074e+00
1.077891734419437864e+00
1.079478058204888180e+00
1.076353087459117175e+00
1.080316493619831730e+00
1.080788090114840339e+00
1.079251407686845354e+00
1.080741745495476858e+00
1.084357291647428001e+00
1.073883114656897009e+00
1.081713406621621409e+00
1.085755700212624797e+00
1.081758726231237810e+00
1.084170830610308611e+00
1.087428526358449110e+00
1.085294727356552524e+00
1.088387317549297073e+00
1.088700245554469648e+00
1.085835045930117815e+00
1.088542291279235075e+00
1.092036165896774547e+00
1.088908690671771762e+00
1.093586936881071781e+00
1.092640547875584511e+00
1.090903816205707422e+00
1.093440769751622632e+00
1.088324485844683442e+00
1.092265282089527778e+00
1.094835075485886211e+00
1.093003392506449956e+00
1.096311474764316340e+00
1.087704174632531329e+00
1.096069412496192053e+00
1.096713292237948112e+00
1.099493947168371788e+00
1.098949294501517793e+00
1.099427585965135679e+00
1.096347325137881912e+00
1.099604363284165887e+00
1.098467017012287439e+00
1.100171823195891463e+00
1.100537153527141987e+00
1.102233532594240728e+00
1.101409224522833963e+00
1.103420922696098483e+00
1.102714719147292355e+00
1.101211875914877014e+00
1.104013971468002175e+00
1.105234494280533664e+00
1.106126248176345417e+00
1.104369613302069286e+00
1.106429413793635463e+00
1.103855874007170002e+00
1.105052218941912301e+00
1.107186617899477366e+00
1.108151394385973543e+00
1.107942344859427442e+00
1.108139531314976001e+00
1.109026074086912672e+00
1.109699215822833818e+00
1.109732537856492618e+00
1.109256175522687515e+00
1.110904429035937557e+00
1.110257512752623077e+00
1.112697188527850267e+00
1.111566897296105694e+00
1.111792415142726087e+00
1.112331375252990640e+00
1.113337179515911712e+00
1.112485911626782897e+00
1.112699446579658247e+00
1.114288387366203059e+00
1.113272401683249591e+00
1.113066245420961664e+00
1.113543607876943176e+00
1.117131622209242670e+00
1.116013388464575540e+00
1.116254373870844585e+00
1.118874708988937705e+00
1.118050783416861371e+00
1.118326776650462762e+00
1.117487244294580684e+00
1.118121278134341479e+00
1.120830434035610779e+00
1.118248566348187811e+00
1.117600779013740331e+00
1.118617826486159705e+00
1.120610283066375334e+00
1.119553167862219700e+00
1.119516973290486161e+00
1.119637079160794357e+00
1.121225166491426561e+00
1.122204248601776477e+00
1.120026305462758831e+00
1.123268159404277489e+00
1.120202995108954935e+00
1.124100891982576345e+00
1.122956933234032117e+00
1.121514056250797031e+00
1.123328983851666241e+00
1.125190912032704826e+00
1.123170393084733654e+00
1.125672676770604230e+00
1.125351167116537932e+00
1.123951109376441604e+00
1.126415921726266145e+00
1.124274910905276537e+00
1.123075604491807988e+00
1.124588543306684674e+00
1.125431858889388348e+00
1.126694855279360752e+00
1.124939370931527849e+00
1.126074128408306674e+00
1.126618609098368307e+00
1.128155999860946279e+00
1.124604816544914287e+00
1.127013301203670492e+00
1.126686821775508385e+00
1.129492626080401463e+00
1.131279452299950083e+00
1.126234317780995697e+00
1.127518766916900894e+00
1.129127776113293846e+00
1.126997883957722379e+00
1.129287652949041210e+00
1.128978317969298040e+00
1.128743079728478538e+00
1.128866230204571774e+00
1.131612135307474176e+00
1.128689212793464902e+00
1.131380940778909494e+00
1.135609977153636763e+00
1.128520021475397206e+00
1.130993022072895871e+00
1.130564633772053407e+00
1.130392354500700858e+00
1.129896265981719994e+00
1.130275736062584579e+00
1.132237706926677800e+00
1.130568475062480926e+00
1.132028332489213307e+00
1.130950731154554578e+00
1.131503279971731502e+00
1.131934481100788314e+00
1.131259263668562554e+00
1.132006869978569252e+00
1.126995487497183923e+00
1.131042493687332229e+00
1.131330576205163085e+00
1.131094319892474331e+00
1.133015630887249658e+00
1.130150051310273573e+00
1.131815536071977046e+00
1.131847499297129911e+00
1.133534636031436671e+00
1.130285705592053214e+00
1.133167908326313977e+00
1.132443420416502144e+00
1.132233517862963890e+00
1.132550014858971554e+00
