1.009115602968054581e+00
1.080659625673560553e+00
1.488960015623505218e+00
1.632351945730786236e+00
1.905353515344452964e+00
2.306630479938999834e+00
2.173378721015984727e+00
1.681598298869602326e+00
1.642907250037004330e+00
3.064655485414695235e+00
3.635873213877455878e+00
3.734930916172394255e+00
3.661065009554528515e+00
3.426017507991213851e+00
3.334509256974712788e+00
3.223259002063476153e+00
3.096787224470326727e+00
3.013511998655084678e+00
2.856858340392401718e+00
2.508114083325423849e+00
2.429791582107188042e+00
2.204527835552686277e+00
1.994665680853443979e+00
1.784636241929815403e+00
1.602353299780246321e+00
1.393580641334237091e+00
1.249938588605240319e+00
1.091532193742140278e+00
9.460508637514594144e-01
8.346539621087880612e-01
6.669984438362702717e-01
6.388705310290897499e-01
5.956368394904264507e-01
5.052492749916773773e-01
4.690533318938125973e-01
4.288578332804801607e-01
4.059597344587529966e-01
1.632034138507742482e-01
3.641666541464577134e-01
3.525514853471846122e-01
3.204830284455957301e-01
3.213989786583638097e-01
1.475691801994975516e-01
2.908781657188513892e-01
2.758765201290719893e-01
2.625810565420133580e-01
2.584585649228326454e-01
2.524756122732455532e-01
2.414748564219648952e-01
2.130729365766564076e-01
2.293259083620304284e-01
2.276004663636476688e-01
2.120419866121550090e-01
2.227387238879199871e-01
2.577895431630083389e-01
2.246133955880131594e-01
2.284162194098102727e-01
2.296502407118915512e-01
2.354470412552110703e-01
2.356020111489108282e-01
2.395988297618006357e-01
2.379477130537304697e-01
2.494515372278983678e-01
2.614278159297552251e-01
2.610214889239804714e-01
2.554415345406080284e-01
2.947933857427825211e-01
2.756808982426212640e-01
2.790752897813869593e-01
2.836735519104887637e-01
2.836200433552118483e-01
2.808484891223591573e-01
2.919586950034402939e-01
1.547834855858889747e-01
2.997646340344327642e-01
2.990927017494995344e-01
2.959146516391223392e-01
3.068770491093575359e-01
3.115772230296955381e-01
3.022218117310992436e-01
3.116707330439090762e-01
2.168111072798259154e-01
3.186306386559412673e-01
9.638856000425770343e-02
3.173747272702219790e-01
2.847262081271959011e-01
3.207118759108056882e-01
1.609248885883793057e-01
3.241670048435820184e-01
1.575520607434541531e-01
3.206266536187087901e-01
3.217884255014562545e-01
1.660668535385925182e-01
3.250779423489212894e-01
2.635883930145108689e-01
3.224951112822140309e-01
3.298616957110719339e-01
3.225014594332922813e-01
2.980040822813329604e-01
3.268060048717701394e-01
3.137634826826737888e-01
3.269628058169464224e-01
3.247175840014679404e-01
3.423710347316661351e-01
3.329352786871493941e-01
3.219135596383368991e-01
2.972341785916888246e-01
2.271012008608923882e-01
2.254505120632004922e-01
3.202463774211964931e-01
3.220926749099092268e-01
3.159343920788132976e-01
3.106521649329488932e-01
3.176559946730980744e-01
2.362608984797035239e-01
3.207581217937917617e-01
1.128851321153406667e-01
3.128734794852874312e-01
3.173711865697089740e-01
3.357881830084806229e-01
2.997348310313663888e-01
3.174942646309612537e-01
1.376419567384355447e-01
3.127235181021737476e-01
2.861474912410288396e-01
2.079275114453380258e-01
3.101539575335267584e-01
1.729522624935584951e-01
3.078557504282176671e-01
7.185509526081912401e-02
3.104304073486978677e-01
2.941319524144230257e-01
3.073708857449489185e-01
2.994383111271547993e-01
2.967368261436405530e-01
2.984728383249544703e-01
2.966890647032709993e-01
3.005999769098478547e-01
1.577292832334776518e-01
3.046278020210835269e-01
3.199878859563068945e-01
2.935339196027142439e-01
2.700603594280375219e-01
2.970524113275760936e-01
1.955721642409656846e-01
2.965434763757207604e-01
6.774650940880416750e-02
3.022213716231543779e-01
2.880356605914081158e-01
3.007516648796632608e-01
2.882556074444984628e-01
2.587916621085983304e-01
2.921573734466644257e-01
7.128300931542862207e-02
2.969331092192432631e-01
2.824227706017920503e-01
2.833807189518839365e-01
2.805636437593139743e-01
2.939111451044572054e-01
2.871433823577103084e-01
1.527351903152666113e-01
2.925693237829060656e-01
2.965828615403053869e-01
2.835401830729117334e-01
1.043974569940939318e-01
2.871126796193619879e-01
9.701278365901835898e-02
2.832732885357725494e-01
2.503801470232297488e-01
2.827613223420916144e-01
2.335310921501500825e-01
2.771790055552670884e-01
2.836672185651508138e-01
2.782239354076537774e-01
2.628717851590264276e-01
2.803793247177963077e-01
1.693303696282861259e-01
2.864428051784473905e-01
2.711851884017716929e-01
2.811850926947245255e-01
2.789515883703626575e-01
9.224550264035386027e-02
2.751970352345825543e-01
6.892857273449132238e-02
2.802250729105819627e-01
2.648541491711220996e-01
2.833214378448170034e-01
2.859133684347718862e-01
2.652249355711404633e-01
2.595573754897296248e-01
2.682383279418961153e-01
2.192278171770879747e-01
2.747333715062679760e-01
1.218335766142616960e-01
2.778141182269071585e-01
5.661151392262646354e-02
2.749233926483788393e-01
2.293729000512738092e-01
2.753765670758633877e-01
2.666877876567707029e-01
2.565946334204084467e-01
2.798799208658677151e-01
2.536026525108943108e-01
2.808146896479399302e-01
2.686698494691260319e-01
2.720879135263264970e-01
2.670419799828517293e-01
2.411351923732862335e-01
2.702712286560645660e-01
2.321365778195545737e-01
2.725022373665492714e-01
2.102160571088237673e-01
2.741070402378187887e-01
1.152136548917635922e-01
2.767308210445300620e-01
2.658719624875260923e-01
1.514819369840326446e-01
2.811879497311233211e-01
2.619498456348274273e-01
1.946074709946503112e-01
2.704226965878159250e-01
1.114619169486221889e-01
2.737136085544387143e-01
2.631261439081402642e-01
2.677219009983650144e-01
2.653756208176811238e-01
2.627655776210200966e-01
2.689402015039927263e-01
1.365403677214264422e-01
2.712499888346399102e-01
1.383057619182947173e-01
2.758034412116917578e-01
2.634518473952817130e-01
2.505631113052207426e-01
2.654302053905385761e-01
2.574197996536845556e-01
1.685597031118628297e-01
5.598925186566428708e-02
2.652291035244465078e-01
2.577552346700567876e-01
2.682151863111481016e-01
2.273850479200458241e-01
3.293676780157222539e-01
2.648247899371439784e-01
1.030676353299387893e-01
2.714072323916235652e-01
2.600045951171253700e-01
2.622899774620227609e-01
2.260239889715552064e-01
2.665450585222151059e-01
2.596916429061462139e-01
2.331294586570898386e-01
2.683360054820485563e-01
7.939030532209294388e-02
2.589465623711194597e-01
1.232713952754091180e-01
2.663935040482233729e-01
2.575472269568259698e-01
2.366109363960975376e-01
2.637878497025150093e-01
1.060405637462834005e-01
2.682872830023571020e-01
2.522815543017210560e-01
2.455103449925749859e-01
2.693965701295951698e-01
2.470689021287276188e-01
2.474854661912421205e-01
2.601577078441258406e-01
2.223255721865925391e-02
2.675457450994881969e-01
2.542409416940956679e-01
2.364353928312138142e-01
2.587666353153513787e-01
1.598747345979418533e-01
2.655807082493107929e-01
3.588796033610358038e-01
2.527600464200950858e-01
1.039001406482280149e-01
2.604487657111069776e-01
2.549682208343083123e-01
2.437908814739732088e-01
2.608912160208182729e-01
2.361948473457420317e-01
2.661101655433560365e-01
2.578041917237679503e-01
8.702929002283747717e-02
2.576814068828565119e-01
2.472259027865056358e-01
2.135845897603344812e-01
2.669455831898812082e-01
2.471379737228877327e-01
2.351874304955585138e-01
2.584242207509589440e-01
1.260593864871615566e-01
2.615854326347060721e-01
9.747802826950492661e-02
2.484825032684468138e-01
2.160980307822261137e-01
2.529073579887763379e-01
2.261266413118655505e-01
