1.050427882930023094e+00
2.071777438242167424e+00
2.263230137893294192e+00
2.024281485114292511e+00
4.435639414571227235e+00
4.605050925112435856e+00
4.688072124131283935e+00
4.805440450772787919e+00
4.959146243568265611e+00
5.117097662063980756e+00
5.185741625602265259e+00
5.260066214061506429e+00
5.335215679799420130e+00
5.413478212582932159e+00
5.491566306682617693e+00
5.550268746822319521e+00
5.632513512869190109e+00
5.686327899937102082e+00
5.753544685691536209e+00
5.788529864052784468e+00
5.852477323809012866e+00
5.875295212356171248e+00
5.917326772445868244e+00
5.975931804930216806e+00
6.015305203499294429e+00
6.036736757540200671e+00
6.100395421878535451e+00
6.143987233306317464e+00
6.177297324835572923e+00
6.191681198772851502e+00
6.202214086914285218e+00
6.192514322957533679e+00
6.195983953926116783e+00
6.149769528291483489e+00
6.147327867170050197e+00
6.136155420589020082e+00
6.101855277816260248e+00
6.145055323227353483e+00
6.239999121736358845e+00
6.810796767524625928e+00
7.626728562978991377e+00
7.631090724509263623e+00
7.434860353385265519e+00
7.398834325507671394e+00
7.433965743376017343e+00
7.008786197871784474e+00
6.693379954553402733e+00
6.416927732861746669e+00
6.419654195334279834e+00
6.010850867788101404e+00
5.871517151969372073e+00
6.068209370927959867e+00
5.346337012129676047e+00
5.107993169453863835e+00
4.934359724919892720e+00
4.685049387550537681e+00
4.588426300053920492e+00
4.364692248593249779e+00
4.140985743705360100e+00
4.301963418855689447e+00
3.779533110432299114e+00
3.589373238364628182e+00
3.460588250418481948e+00
3.250642062927931342e+00
3.200486718836729860e+00
3.014204542383192909e+00
2.765614749641488235e+00
2.626099618442434558e+00
2.552979288113303991e+00
2.355373770426107072e+00
2.112539182103336799e+00
2.084452275317430825e+00
2.109796965724539231e+00
2.171997005860455410e+00
1.672726768758329818e+00
1.644552434842243782e+00
1.433122960922764921e+00
1.582009790520146009e+00
1.368110009521481540e+00
1.667606132494076743e+00
1.164980706686626677e+00
1.128812086394936243e+00
1.063089879884496991e+00
9.946494006235375718e-01
9.535317937612874939e-01
8.609644490847087051e-01
8.148663372850180053e-01
7.571450158430896860e-01
7.261937248746890283e-01
6.448199975196513556e-01
6.377501613396363567e-01
5.688342560136382398e-01
5.409902403258564085e-01
6.683429645597158686e-01
5.097399635292320097e-01
4.646738221265610536e-01
5.785402090495317395e-01
3.744683645940603545e-01
4.211073164279302006e-01
5.033928207402915689e-01
5.684670540289377128e-01
3.795806486067520025e-01
3.752296233594669683e-01
3.461222330686983262e-01
3.786484458960840960e-01
3.460450297614681148e-01
3.010699192572744987e-01
2.990521376452813240e-01
2.509075001089951518e-01
2.900916389622045788e-01
2.779355345331961935e-01
2.940900236835352066e-01
1.654694242168041340e-01
3.040070974827380756e-01
2.120517353314471942e-01
2.334242966565207023e-01
2.496001139755897880e-01
2.436869979063513436e-01
3.135631974373784825e-01
2.302941021286990519e-01
2.569597570726768754e-01
2.124070619183131003e-01
5.357435527831148070e-01
3.965014591557522450e-01
4.327210312153990657e-01
2.116953014349644557e-01
2.591205079143414358e-01
1.871171032189703765e-01
1.868610151028213817e-01
2.632639042933133666e-01
4.168391011618566844e-01
6.231497052010844806e-01
1.784096812862572545e-01
4.744165977922383259e-01
1.737567797748312826e-01
1.646419192117417885e-01
1.961464096131096124e-01
1.713575507899184058e-01
1.561378450160651188e-01
1.741526284864946539e-01
1.556515333017295111e-01
1.622816530980549510e-01
1.657616239719131301e-01
5.652380762836189954e-01
4.800693783043076812e-01
5.141947949282574815e-01
1.376665967816458336e-01
1.598179186804320473e-01
1.202607356970063768e-01
1.560116673260580900e-01
1.479764843362821880e-01
9.296266439097108925e-02
1.707032418096403326e-01
1.227564108252793829e-01
1.475429540785637428e-01
1.405584066050643011e-01
1.247245804724514545e-01
1.214285773041857697e-01
1.101567617491678863e-01
6.895634588224224260e-01
4.778044559776624123e-01
1.603969547864636525e-01
4.988006175430956257e-01
2.340679345518100751e-01
1.044104871105565185e-01
1.708161693376206991e-01
3.454816730010074610e-01
9.178040612981158697e-02
9.809142354320031509e-02
7.890465470131609316e-02
1.275153719841700950e-01
7.595195048198326304e-02
9.164203698754870564e-02
8.320808657672901232e-02
8.749418032843725435e-02
1.586036366511837103e-01
2.448844328299780160e-01
8.291875814642084286e-02
9.162756805388456993e-02
3.493752771857090433e-01
7.999791708269951562e-02
7.242629660179452644e-01
4.720055409510948152e-01
8.574239535023066294e-02
3.067189728940367122e-01
1.320472462827971538e-01
9.870980458096463572e-02
6.858044822240752514e-02
1.612994705688471364e-01
3.957079670259854298e-01
2.912786541048033029e-01
1.199783008353011854e-01
6.342933242125664561e-02
4.216913884614708480e-02
5.571681956563588611e-02
1.195597594675495423e-01
7.313598844558130696e-02
4.513764736925666154e-01
4.310631472836118361e-02
1.489724263958226713e-01
1.757174537639709655e-01
8.412751600242199257e-02
4.816634592657858538e-01
2.242924789542317388e-01
5.039791401305847296e-02
5.924450588986802241e-02
2.043678027733200897e-01
1.110620999837910461e-01
4.691402999026277748e-02
2.182790074832423044e-01
1.946282917348272079e-01
3.364315468841921897e-02
7.998887723312110565e-02
6.344947757912455799e-02
2.503550460694018917e-02
5.168513417945724830e-02
3.704851054736798405e-02
6.904751116146473633e-02
4.353924581834375807e-02
5.495643381016888235e-02
9.132184086882205731e-02
7.772102290962376592e-02
1.390438933459202109e-01
2.448745542990641080e-02
1.997435956079254282e-01
6.445325805960450127e-02
3.091747932970501100e-02
1.227235717869667453e-01
1.990107170321044061e-01
2.791273306636309418e-02
1.551172449309372592e-01
2.829914270571375901e-01
3.122330963464363673e-01
2.497200894268739313e-01
6.346960322442161961e-02
4.089486940842705642e-02
3.888074399383363577e-02
2.237089807091457438e-01
1.394295732291857826e-01
1.406578931093752372e-01
3.130733513742875451e-02
8.813848474131677491e-02
1.247658267258169723e-01
4.086098335498945106e-02
5.220458484550691974e-02
2.466370263466507173e-01
1.943108922971856778e-01
3.321387281813214520e-01
3.348925268746925643e-01
2.043363230968076594e-01
1.084327017463927040e-01
1.032861519299497766e-01
5.451183809257171414e-02
3.683565988186970203e-02
1.379247953818628913e-01
9.263747233569638584e-02
1.802480230298963149e-01
3.050454203634505590e-01
5.249895116992112781e-02
4.018836385558969410e-02
2.213458019678279931e-01
7.096313116184257974e-02
7.420274125245771013e-02
2.828458692877091063e-01
5.616964130678305661e-02
6.496332005503600848e-02
4.900741324248113900e-02
1.073886592537471318e-01
6.964581335087896563e-02
8.848714230129625102e-01
7.386516912163486326e-02
6.969464417135552703e-02
6.316280633377346909e-02
6.737613035122846927e-02
8.228262234133224551e-01
8.900461389371851217e-02
6.511610245137740283e-02
1.886240452895327491e-01
1.357171879236720446e-01
7.919768753743640366e-02
9.824428363286465127e-02
1.676066857408634037e-01
1.066100289469083667e-01
3.381308140463408773e-01
2.541962284553416773e-01
5.961828446699691808e-01
9.435148929709141763e-02
7.197149883299506223e-01
1.008733925784507379e-01
2.757347037555451519e-01
1.037679121770218316e-01
1.234954687144176333e-01
1.360502359941922201e-01
1.943316581217761352e-01
4.951153077363570909e-01
1.107316388828388509e-01
1.126979657480754043e-01
7.339770238871272390e-02
2.846801832149156719e-01
2.744564795223584652e-01
