1.009857367992672561e+00
1.872106846132549351e-01
7.250953052507504992e-01
1.063551884306962236e+00
1.221676179458863976e+00
1.283856760935826236e+00
1.329362113567163606e+00
1.367131680051268283e+00
1.395510432422665259e+00
1.416408148126318656e+00
1.431883908768053271e+00
1.443319867897206787e+00
1.451639172802059452e+00
1.457530846738270602e+00
1.461546406953158295e+00
1.464153101633754117e+00
1.465745446322649581e+00
1.466639744313237292e+00
1.456836886205535420e+00
1.466540232553094070e+00
1.467323842518791333e+00
1.466235951937068682e+00
1.465382750658031918e+00
1.462082550840074768e+00
1.464322384674623168e+00
1.462793315919034054e+00
1.462242072792964143e+00
1.460260673993791336e+00
1.460656664144485362e+00
1.460805100186872041e+00
1.460257850534766311e+00
1.456724888562091813e+00
1.455286015162009061e+00
1.453847387851902484e+00
1.455471290485861324e+00
1.443206371738305016e+00
1.451223945225883938e+00
1.446818884617322221e+00
1.447931295526682982e+00
1.448591739818578805e+00
1.445216249295727229e+00
1.444179016436829111e+00
1.441165490475026179e+00
1.441004338816994190e+00
1.437390522131906545e+00
1.436332871641933462e+00
1.434617092486281331e+00
1.431704377705601328e+00
1.431002295576952354e+00
1.430357320917717612e+00
1.430807510409165095e+00
1.425934414009084605e+00
1.423778612721490200e+00
1.416778984964828014e+00
1.420216773339877170e+00
1.417080876509109855e+00
1.417621717382196778e+00
1.411935834690259073e+00
1.412107199420165493e+00
1.408470596162126443e+00
1.408422108542273454e+00
1.404615220138455189e+00
1.404545709923043617e+00
1.400351308419471419e+00
1.400758851298702812e+00
1.398112485374761516e+00
1.395178751766822600e+00
1.395297081318581434e+00
1.393010078296182064e+00
1.389674500542145585e+00
1.388967771181096378e+00
1.385996816496313455e+00
1.378826380508724414e+00
1.381957956743622429e+00
1.378451556464123762e+00
1.379010241548179527e+00
1.376050026197617182e+00
1.373951056794293635e+00
1.375534952337010619e+00
1.368916939960601820e+00
1.367081955505561552e+00
1.367239596241707211e+00
1.364286899592447977e+00
1.360510515506639262e+00
1.360749159347371728e+00
1.356088629478986229e+00
1.349783516007773354e+00
1.354136914869260799e+00
1.348104698037191573e+00
1.349556762214801919e+00
1.347528140033176669e+00
1.349018894315407335e+00
1.344090610691166754e+00
1.341612710170303924e+00
1.336439997704104821e+00
1.338488058194569064e+00
1.336574062510473837e+00
1.333929600529613957e+00
1.332612490065657962e+00
1.336717534425444276e+00
1.328946160667995091e+00
1.327251895770619416e+00
1.325003925563633000e+00
1.323653489945602058e+00
1.321455276452633720e+00
1.319989640279975118e+00
1.317718897988937155e+00
1.317013555730967012e+00
1.313137575019718728e+00
1.311867101240788314e+00
1.312786928786187968e+00
1.308024148008126719e+00
1.305709461142650518e+00
1.305644196820191283e+00
1.303434964389700523e+00
1.311193428113180515e+00
1.296896220999979699e+00
1.297045274650697966e+00
1.295191897458717323e+00
1.294982085532239369e+00
1.290966496024911647e+00
1.289749284174000366e+00
1.286861597891622022e+00
1.287320832906146073e+00
1.284382046594897631e+00
1.283373760137213937e+00
1.281847879888952546e+00
1.280207223290581897e+00
1.276217827038301778e+00
1.274625344814628525e+00
1.274599673399656297e+00
1.272030760008199035e+00
1.271886389231001946e+00
1.268511610018341340e+00
1.267544823210594807e+00
1.267339399198015304e+00
1.262846156479402238e+00
1.262043754914102811e+00
1.254561266244303086e+00
1.257693794703235612e+00
1.257361918069251461e+00
1.256421841820278162e+00
1.253267206971208747e+00
1.252878009631599010e+00
1.250001514786737822e+00
1.248953179575881700e+00
1.246858744655747531e+00
1.247762026474459107e+00
1.245029731927504324e+00
1.242543570529769603e+00
1.240229324437330582e+00
1.238481256626916771e+00
1.235150007670064554e+00
1.234479776759357383e+00
1.234986520724448589e+00
1.233272934244601604e+00
1.231712642216672426e+00
1.229419420589088263e+00
1.228306694392634180e+00
1.231445620294413068e+00
1.223127645836626698e+00
1.223521500947491347e+00
1.221017294121986563e+00
1.212742063179571783e+00
1.219094954509335027e+00
1.217491307629247066e+00
1.217038831669407850e+00
1.212454216690282083e+00
1.214488957546368875e+00
1.209888795835424302e+00
1.210441128341178230e+00
1.208030870413590030e+00
1.205884298411505018e+00
1.207127020656393546e+00
1.202872493366156093e+00
1.202779706761274214e+00
1.200382073491536916e+00
1.199597186053018794e+00
1.197911801705044299e+00
1.196633828032144686e+00
1.194228082488367093e+00
1.194751368931601609e+00
1.190045377253742265e+00
1.190156880596437095e+00
1.191770565089119271e+00
1.184125793832916163e+00
1.186914135094183642e+00
1.185374955310357858e+00
1.184371305620594894e+00
1.183230633741653381e+00
1.180110803145506093e+00
1.179245434347873323e+00
1.179212526208032186e+00
1.176537073052559279e+00
1.176397930797221658e+00
1.173954912460452693e+00
1.173705531556099357e+00
1.172353684069213697e+00
1.170384307388913747e+00
1.169903178751131811e+00
1.166622420759347190e+00
1.164511599402799469e+00
1.165535334607333606e+00
1.165200869548524976e+00
1.163181710504555655e+00
1.161782907312796764e+00
1.159640031182260556e+00
1.157894310103608104e+00
1.158364786344936670e+00
1.156298350974595879e+00
1.155938850600137568e+00
1.151893249278320930e+00
1.152028894874101095e+00
1.151914827083819759e+00
1.151002925052997172e+00
1.148991812231823673e+00
1.147067830377896502e+00
1.148317814261470060e+00
1.146481214192731191e+00
1.144653204166112159e+00
1.144380980400625969e+00
1.143046021150848857e+00
1.143904439294942454e+00
1.138682795730706188e+00
1.138911812439042048e+00
1.144263127406122571e+00
1.135792389308497130e+00
1.136325090113799563e+00
1.133601855673369352e+00
1.134743952123707711e+00
1.129661453252686742e+00
1.130559365448498443e+00
1.130343368623595746e+00
1.130208862189658436e+00
1.128255910070153023e+00
1.127866018160392558e+00
1.126436775343503616e+00
1.124157004492050582e+00
1.124342304046158869e+00
1.123715124568211543e+00
1.122296951259992293e+00
1.121633086559743031e+00
1.121527914605548126e+00
1.119441880157000524e+00
1.119043403181163798e+00
1.118011236866907732e+00
1.116673425134547815e+00
1.115703658069747917e+00
1.115181842787989153e+00
1.113544879965761458e+00
1.113699288586061042e+00
1.113653897193054521e+00
1.112191165129291281e+00
1.110890220159119535e+00
1.109284517419291127e+00
1.107538758399508438e+00
1.108091769808246196e+00
1.106682306679877659e+00
1.105338120464272267e+00
1.109035476523327235e+00
1.103681340244453635e+00
1.103511109822781666e+00
1.101180341439470745e+00
1.101856988305148333e+00
1.100379613112374422e+00
1.099494057387316426e+00
1.098577974509208799e+00
1.098133897204327969e+00
1.096971302247739866e+00
1.096088640339429876e+00
1.096674503964040648e+00
1.095002322889932600e+00
1.094627516375836107e+00
1.093035855101437415e+00
1.091828829250012678e+00
1.094635454079116332e+00
1.091465726994836016e+00
1.090211038939928656e+00
1.090014372073710769e+00
1.088891086674481645e+00
1.087156073367992359e+00
1.087870985523623935e+00
1.086995738713854021e+00
1.086091635589590876e+00
1.085133745937552074e+00
1.083869749982804054e+00
1.083156761583101702e+00
1.083213607618935592e+00
1.078246693188418703e+00
1.080346599583658973e+00
1.078261520924996386e+00
1.079436824133293227e+00
1.080153263030224853e+00
1.078813980695340957e+00
1.077188288967046770e+00
1.077591898216819999e+00
1.077505223967612391e+00
1.076247735945717210e+00
1.076447346016964568e+00
1.074556538331411959e+00
