1.149006836132401732e+00
6.760508773304950703e-01
7.434655886946458514e-01
4.398942398341190718e-01
2.392415612662190660e-01
1.255113531333760801e-01
6.743840148486335284e-02
3.916010858308077019e-02
2.507862540991505698e-02
1.222808738886787747e-02
1.281756121258667731e-02
4.748448897940947891e-03
7.184762331812690091e-03
4.046954521493587205e-03
4.222499913989838025e-03
1.167409975816472052e-02
2.567929466547128232e-03
2.375455966512129286e-03
1.721345888705344334e-03
1.419840025733320544e-03
1.102153093476265604e-03
7.815514859706946876e-04
1.401083213642157583e-03
6.000909982695125811e-04
1.245849842835208788e-03
1.453893726450171441e-03
9.122125588459201965e-04
6.709168360443051871e-03
1.134685761987589423e-03
1.244747678977879820e-03
1.760788186604664556e-03
1.381785616114699147e-03
6.770258380779844640e-03
1.628771846331894101e-03
5.919690523227530334e-04
3.451379483130598540e-03
1.706152136708593940e-03
8.130785992463216826e-04
5.517135050390450978e-04
1.027236979866907006e-02
1.982124516491725729e-03
1.140803473923537479e-03
2.945462056586755500e-03
2.790347749430709210e-03
5.039700017234669677e-03
2.381625234342519843e-03
2.682259306927030438e-03
2.211471102570839418e-03
2.578380360571595926e-03
5.820889128504599420e-03
2.628246525917387645e-03
3.585644200522439609e-03
2.446176860336508191e-03
2.159964963255390710e-03
3.496090251684945416e-02
2.638958346350119867e-03
2.224490704222414732e-03
2.634342589031185566e-02
2.807291191488732376e-03
2.127594009178287917e-03
6.254501752128632797e-03
1.122211661641534484e-02
2.161189608242157154e-03
1.903951639092273107e-03
7.362577886711141502e-03
2.418250155744636198e-03
1.289937931328272516e-02
2.305692733460055523e-03
8.610854994576122232e-03
2.386573699702166339e-03
2.636980757573080363e-03
1.065072256542885093e-02
6.857302058756871129e-04
6.009043155769145132e-04
1.588880460710113051e-03
2.025062131589823022e-03
2.964992688535650865e-03
2.006005061956720511e-03
2.144975985652357829e-03
2.950497469968464594e-03
8.199611035423133923e-03
1.559830200620044779e-03
1.417661304774242743e-02
1.084024587983053664e-02
1.388167077532886234e-02
4.408368825038965280e-03
1.117661878169236593e-03
2.887940329571955962e-03
4.621332214365188491e-04
7.289889372055844384e-03
4.961731943804132544e-03
1.891709647838260566e-03
2.381366610363329101e-03
5.726958674735215275e-04
2.926415216145718864e-03
8.721523501559852801e-03
1.671038104016416047e-03
1.030336467214727379e-03
1.550201954796073117e-03
1.493932905546038444e-03
8.502088338005236307e-03
1.863363381981112364e-03
6.808798692966030281e-04
2.677982812883250921e-03
2.351532322810700841e-03
2.013748569188537549e-03
3.083867250930684336e-03
9.519287739608052728e-04
9.617964373459099263e-04
8.846559284573694837e-03
2.343968014267086303e-03
4.986174528599819633e-04
5.067947874438516985e-03
1.444248793890620100e-03
2.686825682089666323e-03
9.332534353105050376e-03
1.167663756147649737e-02
3.827350401216582289e-03
3.074295663029714357e-03
9.972192060035271408e-03
3.867081381833934340e-03
6.117400485423752678e-03
1.908396287518295551e-03
5.219930234576170350e-04
2.169278348754142063e-03
1.557210128078222568e-03
2.407496021526272807e-03
3.337962074172145296e-03
3.001102943498885640e-03
1.119522173849666832e-03
7.563591196173354188e-04
1.022954213231766626e-03
1.853741926709828779e-03
5.434715052435952400e-04
5.788433215455244737e-04
7.914578529384139194e-03
3.230996315293447468e-03
8.172309641173516187e-03
4.001367947846504007e-03
7.904027940166265254e-03
1.200656262683431549e-02
5.165587174991046956e-03
3.452664275296059206e-03
8.972535155488946821e-04
1.312573262938099283e-03
1.659568010305883037e-03
8.124207045772286612e-03
4.098104788803807845e-03
1.168382729708741276e-02
9.410899441186395056e-03
3.272232269480358519e-03
3.618267093972624051e-03
7.957424090924146085e-03
7.769509358200457974e-04
1.066619583642133742e-03
1.123540744413775109e-03
1.099369483909180953e-03
1.073020943549955883e-03
8.880467153520670530e-04
2.210875409375767826e-03
5.160336059034880025e-03
5.090486406775682551e-03
1.404161492055516899e-03
7.616263959397974979e-04
3.328723559091087674e-03
5.696057562241036744e-04
1.292190475712653216e-03
2.081600991916063032e-03
1.195984477894781019e-03
1.069019401342868924e-03
1.572422489461203741e-03
3.199291553531356108e-03
1.099222079592504422e-03
1.412464337558536022e-03
1.353399121218176043e-03
4.789559521848679377e-03
2.345704672878575012e-03
5.678399530142060232e-03
2.402365714913550290e-03
8.091802317634469444e-03
1.460616750196374290e-03
7.088224066545655011e-04
7.639407426742007368e-04
4.113315463002430216e-04
1.533445120847793611e-03
4.500823564458938941e-03
8.862422241585678553e-03
6.850451361964191715e-04
8.397970229394069105e-03
7.040997234356597074e-04
3.820768353039530330e-04
9.430289322925586347e-04
5.003700956353278719e-04
4.207676238887621094e-03
7.306826313915157529e-04
2.905305628374988823e-04
4.664412158541326927e-04
6.040819989111040691e-03
2.204634458674311227e-03
9.601070094112616748e-03
1.937635610541632873e-04
4.435415871118902334e-04
3.223549146653377408e-03
9.120208503508905450e-04
8.748997889644954604e-04
1.952713469797056364e-04
6.366241028410722690e-04
1.685390840906441853e-02
1.624918747693515598e-04
4.818623660027853729e-03
5.778781537027588393e-03
2.206000092082824066e-03
5.914089622550215133e-04
3.831867866078269842e-04
8.675794549654027498e-04
5.673755415957160370e-04
2.132675091848454732e-03
4.335473409574973173e-04
1.522930083645896338e-04
3.172913866038137767e-03
2.349565376005840903e-04
2.534468455394890641e-04
6.158085537501535242e-03
1.200794869082609517e-03
2.118174746980543512e-04
1.953540378858093852e-04
3.158826906370925357e-03
1.283537032689851002e-03
1.074529364188112025e-03
7.087126926093613704e-04
7.147273767860865597e-04
1.741529157303903317e-03
2.054732159673134610e-03
1.653813426999276503e-03
3.659889838153571225e-03
5.340747130910688829e-04
2.735937011959210774e-04
5.382875387466858584e-03
2.269142063247668855e-03
1.897257395145312371e-03
1.326655025317505189e-03
1.892016562234800870e-03
2.401769136775050700e-03
1.594494513057247089e-04
2.648954351567597105e-04
3.857708551248967429e-04
2.578545785313898016e-04
3.954760462152605337e-04
6.019541925436304843e-04
5.990373192542620961e-04
5.594559859129011672e-04
2.434330286081418007e-04
1.851620451731198294e-04
5.574728549371014107e-04
1.944667012736939074e-03
5.378297947404750770e-03
8.367013992704936450e-04
4.739772650514543877e-03
1.692754685474040250e-03
3.735863822440702638e-03
2.032103515411209319e-03
4.251208880568841178e-03
7.572239772835197454e-04
9.304801718319794402e-04
1.349673777578538902e-03
4.735198842138770210e-04
1.654367988787015277e-03
1.130696654337920264e-03
9.228573666547612575e-04
3.010010106956640622e-03
3.023425622909804190e-04
6.038232068686634653e-03
1.146629215559148577e-03
8.126135792144304404e-04
1.852173082892638427e-03
2.675217597094793447e-03
4.513442581944118216e-04
2.079041182289040422e-03
1.749118768451347504e-03
1.739834120616018257e-03
7.567622641313631734e-04
2.547399262223780120e-04
3.290889543229676595e-04
2.857457818828666209e-04
2.007838441187592444e-04
3.244013975540139465e-04
3.125688421946112979e-04
1.621869472794120436e-03
6.067235773599109934e-03
1.421118866752988253e-04
4.969688423811965657e-04
4.580718992768341500e-04
2.329928963098691879e-04
4.096019344231268712e-04
2.441715328249164946e-03
1.752910509939529940e-03
1.692449263377363434e-04
1.675947615579751783e-03
1.532949685728082637e-03
6.689807695867070868e-04
