1.003494023162151416e+00
4.114438045242580499e-01
2.190564479255483477e+00
2.556906579632126419e+00
2.271050738014463999e+00
2.016398494340859937e+00
1.834604360220697172e+00
1.687281103549616912e+00
1.579885605643197799e+00
1.480188868936700430e+00
1.388448924462956979e+00
1.318007875100729365e+00
1.241525536273241581e+00
1.186662205991875663e+00
1.133815547786443778e+00
1.079286543014569721e+00
1.037461861300899679e+00
1.042139139340948040e+00
9.577473340487462350e-01
9.281330704230740247e-01
8.827653171708268465e-01
8.684450851231398927e-01
8.443016284441640096e-01
8.164519977480414470e-01
7.993322773692858041e-01
7.999083077240212170e-01
7.543502460985362923e-01
7.420467239200935206e-01
7.275395264147977992e-01
7.049666961217055938e-01
6.955672041548065510e-01
6.666070474470281448e-01
6.635971198352302869e-01
6.556564025531069761e-01
6.093830365944721272e-01
6.249064811731098734e-01
6.192625225821926094e-01
6.115142888405092902e-01
5.886502283896525300e-01
5.867072825599444208e-01
5.802637545580802136e-01
5.632491253759973615e-01
5.597330642541783474e-01
5.249844971297339402e-01
5.388869964470865970e-01
5.348950853717902021e-01
5.073423179865577115e-01
5.150361835107539754e-01
5.113950313976096673e-01
4.820325265597255604e-01
4.935871542201936135e-01
4.901408727072882887e-01
4.738793944870462460e-01
4.747230491309282763e-01
4.704566551386553108e-01
4.572677838579218834e-01
4.572611418965097374e-01
4.373483213187417395e-01
4.430297706492107856e-01
4.402879788875315725e-01
4.060724387867115093e-01
4.274732692478180884e-01
4.245674426600287710e-01
4.156930905800094167e-01
3.938364266763038635e-01
4.083381415526276537e-01
3.924338283954461604e-01
3.986156697102661295e-01
3.958186287635114819e-01
3.879476118761759351e-01
3.866152990592920391e-01
3.781673610188457380e-01
3.781844870943870673e-01
3.693128678104703466e-01
3.680328654584681392e-01
3.661239068352539205e-01
3.621374949584307279e-01
3.564538855687834351e-01
3.547014587131914753e-01
3.307637596953618697e-01
3.475710360936637988e-01
3.444767535795116853e-01
3.406984684249634299e-01
3.363248763498660754e-01
3.340287755759405175e-01
3.304780224996052840e-01
3.254371192281641512e-01
3.239868029648104164e-01
2.903945224832451544e-01
3.184965193215826273e-01
3.152307974742692975e-01
2.886584093442519094e-01
3.098635327710118625e-01
3.063006789480197667e-01
3.034742234883207601e-01
2.885088301507667818e-01
2.983289510437603376e-01
2.843737785824831388e-01
2.784219793189752212e-01
2.901306586356304784e-01
2.884808464506290471e-01
2.850692669798203238e-01
2.839783968449451357e-01
2.801843004914352231e-01
2.723470575699399321e-01
2.761680354042024832e-01
2.733032781971324043e-01
2.665120901386422991e-01
2.637450620176917115e-01
2.847697542467560461e-01
2.651965489919681507e-01
2.597713341254082042e-01
2.610944889248380529e-01
2.613742961498247697e-01
2.570399379903657300e-01
2.794168658535731153e-01
2.542222608923496163e-01
2.516463555019967657e-01
2.521546970369366591e-01
2.476193573041876317e-01
2.462370283161042783e-01
2.359449853183253065e-01
2.432058682908205260e-01
2.290126331680651939e-01
2.441254641511450274e-01
2.379906719271153714e-01
2.370456012993005512e-01
2.354409058035708824e-01
2.339435743866336015e-01
2.316439549221569194e-01
2.331788073534994399e-01
2.294110075606777266e-01
2.265822293967620915e-01
2.261754883086531664e-01
2.244096569413064624e-01
2.237926713826351166e-01
2.223577772575320299e-01
2.209369204190317626e-01
2.197190698525082198e-01
2.179839364893308429e-01
2.182707998445518327e-01
2.158548159976330927e-01
1.995780451140074518e-01
2.134960406952847722e-01
2.037376026965069253e-01
2.115148618458793928e-01
2.093240802277995805e-01
2.096932412653379763e-01
2.078325885845071219e-01
1.934894037123845167e-01
2.062884020607766711e-01
2.052204357544700764e-01
1.974665486970406669e-01
2.030932519785788315e-01
2.024888824046905678e-01
1.874434129317437414e-01
2.002102760304912965e-01
1.980714213247107280e-01
1.988583435462730475e-01
1.967982054479891496e-01
1.932503600977914515e-01
1.958138243745300155e-01
1.870994828208465410e-01
1.949823664825623415e-01
1.930050460645911237e-01
1.965897526348420465e-01
1.923218761017789213e-01
1.917777760886585359e-01
1.902654257406515004e-01
1.883181617802930918e-01
1.896529854975276541e-01
1.886192737369105643e-01
1.752108487574225715e-01
1.886018150375339542e-01
1.862904246204203640e-01
1.857298562094989447e-01
1.870392526995516280e-01
1.852652087914475332e-01
1.878964435593202531e-01
1.984981160350743346e-01
1.841721563772496517e-01
1.827994988200195015e-01
1.827385473388212778e-01
1.852981553725397690e-01
1.811523408978318594e-01
1.829585745800397512e-01
1.813235173649276055e-01
1.802210767614572662e-01
1.791423339669949433e-01
1.833262595102309045e-01
1.791554199570033756e-01
1.782356544155845046e-01
1.792403746355120675e-01
1.727437577298306659e-01
1.769241640830110651e-01
1.760202041006181384e-01
1.768131294346489135e-01
1.756136155523031761e-01
1.741296625924528552e-01
1.752362709799187290e-01
1.752355751731635158e-01
1.740363853382395631e-01
1.751481122909231969e-01
1.741774762533203069e-01
1.723270362727949978e-01
1.724328666153850942e-01
1.712562177266925001e-01
1.723518956182533701e-01
1.675297209660092101e-01
1.731410912088251763e-01
1.705344309639645894e-01
1.718205342203173169e-01
1.711967975255384578e-01
1.697618203776456447e-01
1.683669132629977139e-01
1.693612120685343558e-01
1.709810951050595440e-01
1.682867752002543127e-01
1.601005259858447882e-01
1.686045014163195521e-01
1.673417618986254018e-01
1.678122569417022647e-01
1.674131990988695917e-01
1.733495907819835036e-01
1.659106827578125110e-01
1.666455171987478723e-01
1.660677597054660837e-01
1.678983559722450891e-01
1.614753491673754093e-01
1.652357867649060785e-01
1.645902889673442060e-01
1.661677960592554681e-01
1.640537816331603949e-01
1.638954706197439659e-01
1.649772901691117510e-01
1.614378313757957595e-01
1.603847796605912535e-01
1.622472784016478486e-01
1.635282447834067732e-01
1.624412665088466323e-01
1.620676521334006581e-01
1.523874833783180616e-01
1.606970688709883910e-01
1.608317646349286534e-01
1.612997983495653154e-01
1.601385549663073005e-01
1.624593652783139774e-01
1.604796084466609540e-01
1.592588024032174365e-01
1.598368634004927735e-01
1.609301578340987526e-01
1.566574241783230681e-01
1.463254664586278175e-01
1.592333555308613757e-01
1.571653168960334135e-01
1.581093213262524944e-01
1.561484268203575387e-01
1.577491622191226073e-01
1.644046114271691950e-01
1.592517494194018723e-01
1.574287018524690718e-01
1.579323174834650900e-01
1.558988524186565305e-01
1.559799420056044716e-01
1.532235369130779401e-01
1.545594639769231338e-01
1.568876341626780635e-01
1.550912372124660377e-01
1.602428244193631890e-01
1.543389916987417676e-01
1.542585791370154336e-01
1.529232939758961018e-01
1.537405416537506453e-01
1.546896013625269628e-01
1.527517001817365883e-01
1.544113900342408974e-01
1.530332403145284459e-01
1.520218788297938439e-01
1.523624445566615637e-01
1.505984273255361050e-01
1.518291736886561993e-01
1.522686704967115001e-01
1.516385737772761866e-01
1.520986800101383207e-01
1.522064759682793811e-01
1.495876016985789037e-01
1.509431209841440025e-01
1.515649008578278667e-01
1.497828021432357493e-01
1.507913875044393504e-01
1.492833521526614748e-01
1.508050676251799505e-01
1.498047669401363358e-01
1.499779115811598340e-01
1.449789697168936964e-01
1.549335040053154977e-01
1.486038221694865047e-01
1.501076062600738004e-01
1.482721467651129665e-01
1.489110473496517151e-01
