1.001372771872126366e+00
1.420887734035953365e+00
3.916227701988993282e+00
3.316593767491245348e+00
3.562432576175386778e+00
3.673361612349284933e+00
3.804515892390010645e+00
3.945233788557847010e+00
4.061727794705189964e+00
4.209546229302895348e+00
4.365960867560133352e+00
4.323244206407220958e+00
4.151860443585943194e+00
3.734382702281547672e+00
3.284325723102627936e+00
4.152645231293912609e+00
3.962447243362618110e+00
3.529985416017467514e+00
3.313751751154825342e+00
3.007489411535510637e+00
2.811849396444112248e+00
2.756945347440179273e+00
2.399837732398072632e+00
2.381134424139644601e+00
2.224220476706535443e+00
2.218118951927198435e+00
2.006593882499497106e+00
1.951236512707024584e+00
1.786375584817929019e+00
1.731886761636991068e+00
1.681495738431822984e+00
1.618289448830699806e+00
1.447513316157489793e+00
1.159755959239213929e+00
1.208870554249126927e+00
1.114756650523223369e+00
9.517135967632694982e-01
8.228717852703936186e-01
8.746124590694482892e-01
8.212592501508644283e-01
6.614282071712058730e-01
6.166977175290283553e-01
7.008528174162687030e-01
6.092970065174402317e-01
5.008369425868084424e-01
5.370062753999408356e-01
4.922205944269943401e-01
3.887352521851180076e-01
5.215835013758836070e-01
2.809888320386322302e-01
3.735285835464445259e-01
5.297225035419087513e-01
4.562635795654521598e-01
4.373949024154525356e-01
4.223014278314524694e-01
4.628840982401519200e-01
2.666149449695329743e-01
3.460137111747067507e-01
4.123850166769842951e-01
3.439828911670836376e-01
3.974684206323851332e-01
2.449178789971848680e-01
1.910121757514562368e-01
3.341009485614360175e-01
3.971178955731161087e-01
4.419799370070310318e-01
3.597753679918015979e-01
3.714915269406818821e-01
3.937725295375250067e-01
3.331509575912892651e-01
3.120817906365133121e-01
3.324061396292108950e-01
2.677515711148130695e-01
2.415308066090411931e-01
3.805523089867656750e-01
2.443194236646693829e-01
2.096035644553711497e-01
3.691247489501060519e-01
2.959265549215161495e-01
3.714314317008777233e-01
3.120244514452354956e-01
3.382337571900394524e-01
2.628379149749437982e-01
1.569184843099771520e-01
2.130609484640957063e-01
4.175630914195553323e-01
3.626987311489992538e-01
2.656336207013749728e-01
3.265433839969007490e-01
3.227798570832862701e-01
3.658377281417174443e-01
3.587951443033864929e-01
3.276435131104298293e-01
3.084034014887768183e-01
2.923215932692507235e-01
1.828494404735827583e-01
3.349339353107189110e-01
2.897528451313806097e-01
2.507666366417218851e-01
2.819569516804021903e-01
2.553451974610279063e-01
1.488289323939170627e-01
2.218290938362552644e-01
2.474673096524603599e-01
3.067753124470741777e-01
2.960495158902357038e-01
1.737381630097514784e-01
2.442428408523234784e-01
1.698962757159414583e-01
2.134877347113887935e-01
2.698764160462914230e-01
2.155239771202305255e-01
2.217363008291718118e-01
1.395381312927042594e-01
1.109761707016197474e-01
1.673813295106428289e-01
1.463946738728578723e-01
2.599881157568427748e-01
1.820231580901717217e-01
2.055806451690549430e-01
1.618705267446697849e-01
1.866538299677601431e-01
1.519845835567224801e-01
1.384120306078536478e-01
2.005591463272870800e-01
2.028552210922625609e-01
1.703733937045264213e-01
1.556683287284456318e-01
1.601906820111044794e-01
2.256675940466414121e-01
1.289523211600308306e-01
2.268495257739930604e-01
1.367838229580962961e-01
1.512961944396087333e-01
9.826172282288025972e-02
1.785988057437211118e-01
1.555864771259049817e-01
1.425312121317135750e-01
6.164140808268889216e-02
1.203039620707641449e-01
2.074132838019325242e-01
1.387638319726613445e-01
1.176839535636865358e-01
1.503623423140379722e-01
1.639105419683498932e-01
1.668696823522287098e-01
1.905951153327753722e-01
1.544509472676325601e-01
1.353763506911760117e-01
1.238322426197418780e-01
1.185406300084022035e-01
4.203126937998431789e-02
1.081910337114706383e-01
1.484640645171026174e-01
8.612256367529404211e-02
1.036730295629658682e-01
1.026869223945628129e-01
9.648115310507270059e-02
5.348907045445683989e-02
1.372720833921546035e-01
6.176019969546583943e-02
1.125047801897677835e-01
1.278304008918790535e-01
9.008305411715838984e-02
9.508849987328889253e-02
7.348768325797064294e-02
9.693934266011629275e-02
1.395100808866207853e-01
8.555476591235472439e-02
8.916687986784795072e-02
5.713048488103898009e-02
1.620624448274679552e-01
1.249890303097074412e-01
7.642948599246496277e-02
1.135103448175446006e-01
5.001033859546930027e-02
6.819306726989851630e-02
1.259026390856301802e-01
4.694050988868023883e-02
9.243758378676854293e-02
1.130131067705715392e-01
1.092072303023551849e-01
7.648642912368457114e-02
8.979708731032165492e-02
1.197287312359217731e-01
6.483879093901619151e-02
9.911980066331971262e-02
8.701336488491796806e-02
8.763162774913678399e-02
9.372080451189591932e-02
5.773874648049050901e-02
6.360847571493526142e-02
1.296030106503381074e-01
1.197134644116794877e-01
5.544735002029694410e-02
9.381579036665639582e-02
4.195574204602728341e-02
1.104101045218675026e-01
8.837641501971701952e-02
1.211999805708682126e-01
8.829678252431777397e-02
6.476390467398483730e-02
1.005221695512395069e-01
1.193426972763426547e-01
4.272484533934620826e-02
7.299577510914653788e-02
8.699193765007921797e-02
6.807548537054941562e-02
1.406837582051962687e-01
7.888786056234078914e-02
7.400213527833669758e-02
8.645232841086773756e-02
7.474121818303937348e-02
1.121317538312322504e-01
6.308984173799356276e-02
7.046251441828452200e-02
7.097271835921804828e-02
4.333519373541939307e-02
2.577469933212060346e-02
1.233474039280186979e-01
3.103573569550008293e-02
1.749717729211307526e-01
7.279718352754824262e-02
1.113248425805312830e-01
9.403503201851125259e-02
1.087732831701860026e-01
1.034090064201537845e-01
1.231832801471449829e-01
8.582468356273915966e-02
4.311588063207372201e-02
6.565657189206253186e-02
6.747106271095101859e-02
1.748967854275812195e-01
4.683891356354752400e-02
3.749490246677808503e-02
8.809864419629598320e-02
1.061116978295580382e-01
4.161409844371374844e-02
6.094609046594458984e-02
4.967883538140319827e-02
3.259853444088565977e-02
9.365166158276179431e-02
1.000246319554011637e-01
5.401334565360066398e-02
6.380438411926526998e-02
6.532794840556060967e-02
1.040513280316021499e-01
1.133312272753130012e-01
4.209050090264575966e-02
7.757821498451611397e-02
1.149558228952998473e-01
4.696549331362481067e-02
1.694340037463092363e-01
9.119144971469723970e-02
8.144781809650009086e-02
6.749032541311490718e-02
5.381817846220132012e-02
2.588108040824148651e-02
3.285063992371484165e-02
3.676945130154010699e-02
5.337710136760052959e-02
1.059539875352620425e-01
1.533829443959207339e-01
3.185196376877418717e-02
6.141009487756762114e-02
6.490351330876713287e-02
1.051545186797205322e-01
6.393467133815733394e-02
1.401290419122899200e-01
6.193920136704085533e-02
4.753367725662309418e-02
1.000459120839187338e-01
4.789645676941595848e-02
3.052422086029418780e-02
1.117392934170797353e-01
5.844208397340593802e-02
1.109579034333428998e-01
8.277056063173261757e-02
3.828206868500796251e-02
7.595986455216080513e-02
9.636095943961352217e-02
4.911836188978468964e-02
5.203017822788353480e-02
4.729133201176136808e-02
3.158021508829847446e-02
7.061124152931734510e-02
3.251918221500338380e-02
1.602106167765094888e-02
4.203601884959271701e-02
1.668738218294558984e-02
5.329563425748432698e-02
5.029942511148090267e-02
1.300986035642679173e-01
3.044185456458071287e-02
7.391433465886644572e-02
3.599035958523345846e-02
1.303961528279861948e-01
3.799142923905164670e-02
1.208924426657596307e-01
1.110730640190937119e-01
