1.007680786537435758e+00
5.175369685806515685e-01
2.286469402001379159e+00
1.870402150727360935e+00
1.467053985597500221e+00
1.195336038491367381e+00
9.977449516806432550e-01
8.384107913537198753e-01
7.178383966340021738e-01
6.159712792463254427e-01
5.291792424477228529e-01
4.573489724664788203e-01
3.917283034637517036e-01
3.383604722854163804e-01
2.862061707392855037e-01
2.470386420267472460e-01
2.102145796557729207e-01
1.772510638434767749e-01
1.511260755781319853e-01
1.253237666074026591e-01
1.059496065966660933e-01
8.136341230064778052e-02
7.272508288558234002e-02
6.237142036666079581e-02
4.491211580968020034e-02
4.194699781519788812e-02
3.723566686598127340e-02
2.402900826314097876e-02
2.631730132289887211e-02
2.477271733987375726e-02
1.811675553646958578e-02
1.850182783479681001e-02
1.884540418267368483e-02
1.322586400347168165e-02
1.483622915248971642e-02
1.027800705038044854e-02
1.073837447010870388e-02
1.291610930575718547e-02
1.247460961808775914e-02
9.628467232345755411e-03
1.199951402996588153e-02
2.873017130844864736e-02
8.187920738468043233e-03
1.115599931005895051e-02
1.054255601509413928e-02
8.076632383897419318e-03
1.083876035846624737e-02
1.146382093439085072e-02
7.284900249581453997e-03
1.041968429564208223e-02
1.153140346968869155e-02
6.680253678620289882e-03
1.002567953016733106e-02
1.089789181607399814e-02
6.640716245018067100e-03
1.010990543973953708e-02
6.820369979676743112e-03
8.097009899201973795e-03
1.032173967807665203e-02
1.051479275334165318e-03
8.820672489547395564e-03
1.020929642084204142e-02
3.487056364200036979e-03
8.866023764216027919e-03
1.020300354682856202e-02
9.300431046032618318e-03
9.499977575341935279e-03
8.010110551413127805e-03
7.899239469982704404e-03
8.270247731587165516e-03
9.771195879056232200e-03
7.164732817429349948e-03
8.534820015017166583e-03
3.496242717296155732e-03
7.996554643607387339e-03
8.089472399386543264e-03
5.000880205107693932e-03
7.599538435292037958e-03
3.872743547286764624e-03
6.753219904872842863e-03
6.957108061348317093e-03
6.659655884791968426e-03
6.518203487221660777e-03
5.427249755831415994e-03
6.442942237247105755e-03
3.685826523473627846e-03
4.117814049094805501e-03
4.321847352280901687e-03
4.284054113603830150e-03
5.675556267389836838e-03
5.042394300545657328e-03
5.400921719399304384e-03
4.095838196842910110e-03
4.459567186952913438e-03
3.454407042916994661e-03
5.523631637503404433e-03
4.765639320482528869e-03
4.060130637505123680e-03
4.274115451150142624e-03
4.380092675211845130e-03
3.930039436985726005e-03
4.143832465157814247e-03
4.065867067518842866e-03
3.624384657222274892e-03
3.811059677807095494e-03
3.710631476021285582e-03
3.133891871521730845e-03
3.511688719748899158e-03
6.171223094540587151e-03
3.317172395243371628e-03
3.219593479285200698e-03
9.402263304601180980e-04
3.033687991948759866e-03
2.449142517457498797e-03
2.028339936052155588e-03
2.831555113870169726e-03
2.148707853111221991e-03
2.568146723969858339e-03
1.845833774120015768e-03
3.424139480373002316e-03
9.494886068703651399e-03
2.172663373002120101e-03
7.502907734733002369e-03
2.638697113513225907e-03
5.563088471648912521e-03
2.005333497815494324e-03
3.947728345946011595e-03
1.755632141045354892e-03
1.715123843547321659e-03
1.760598744864519827e-03
1.074338840553157445e-03
2.845084811946889392e-03
5.752030114448318000e-03
1.433770941648604587e-03
7.634935378036764465e-04
1.326408876157261817e-03
9.976540789647793221e-04
1.408865014550947283e-03
2.274647958837594259e-03
1.112878389591996772e-03
1.518980593302325741e-03
1.049189788748804619e-03
1.040941964410640151e-02
8.440870628686034279e-04
5.922740694517631029e-03
7.222290305920317423e-04
7.542835101702191278e-04
1.714631693624232150e-02
6.763018945729821259e-04
1.132767888209001376e-03
6.018201367410587780e-04
3.861047703165361054e-04
6.875627724830879819e-04
3.983015720935127908e-03
5.406890199599330253e-04
1.128106110878917189e-03
2.283340365413790395e-03
4.394735812044899838e-04
4.320812396792640783e-04
6.954823163133268780e-03
3.332834781672390132e-04
1.464718473872937687e-03
6.814833369220590258e-04
3.028954250256485391e-04
5.974653949211488832e-04
2.896838037667708574e-04
7.608922565795170649e-04
2.923444045458835350e-03
3.391972712192566465e-04
7.174292453773056105e-04
9.552381073598675961e-04
4.195855318000812277e-04
5.135864429948072988e-04
3.439728985267943699e-04
1.409982885579286280e-03
5.749220634815833345e-04
4.554608857125605112e-04
5.254593528674055165e-03
9.765728928756403811e-04
2.999745016613466521e-03
4.105051187704157308e-04
7.353788760646141551e-04
4.693608727219888521e-04
1.102640983299141980e-03
8.628658518115716117e-03
6.865436456521484612e-04
3.326707038242694529e-03
2.872660847691757037e-03
1.504270279329196101e-03
3.895229709437419670e-04
2.004306089305496127e-03
1.595765539065313729e-03
6.373529345662187848e-04
1.982377199421280715e-03
6.713598346988202152e-04
7.400609505410546797e-04
7.373356586525036185e-04
2.159639661829822806e-03
7.543643887747813461e-04
2.452034639679019027e-03
5.501375126026029645e-04
5.211005686445498858e-04
1.012272429380510355e-03
1.353741441004650218e-03
1.252116855610232136e-03
1.303818781409561613e-03
9.954879130193762266e-04
1.000829058274730265e-03
5.990699248026938768e-04
3.262776348642172641e-03
8.222429934011144534e-04
2.008265971466141435e-03
3.543194260483078627e-03
8.136281709612859774e-04
1.336392157054239671e-03
8.804964135612335790e-04
9.211629432165317896e-04
1.783146604700521854e-03
8.251594701852317916e-04
7.765754883499838756e-04
9.140838427305327061e-04
1.532879184495172407e-03
1.002278176504509686e-03
8.421075968518714969e-03
1.040128039656237251e-03
5.453689960286336839e-03
4.660757986234339602e-03
1.003405976254234753e-03
1.078913323016059351e-03
7.436906365053061203e-04
1.001941182120275574e-03
1.930647368311808531e-03
9.081992100279912515e-04
1.555369683557407314e-03
1.013051119219010371e-03
8.861536483985992278e-04
1.057323952746489111e-03
9.853902178090880905e-04
6.365528932102733177e-03
8.982060220972063608e-03
8.437485683875113867e-04
1.500637457473295985e-03
9.199732557867383977e-04
4.833836348754088318e-03
9.093506876881484640e-04
8.395102196563351306e-04
1.057445381024655576e-03
9.937079593504186906e-04
7.969204525664668392e-04
5.601706320537081169e-04
1.205995866982011860e-03
1.199578230118028988e-03
7.052545096298832097e-04
1.000036729149812948e-03
8.253525806669794601e-04
1.024284212254352421e-03
6.597704481795869285e-04
9.497971060731498841e-04
7.394460840059095905e-04
1.009704460218918036e-03
8.032419451378073217e-04
9.862919512047185408e-03
7.888925403364991989e-04
2.832136060257363624e-03
8.185323973840747183e-04
4.393043950201205167e-03
2.538035104724849569e-03
1.933734825274245747e-03
9.806264335432454682e-03
1.347801323596647775e-03
3.092365094741585801e-03
7.766164402877369800e-04
1.285205925747712197e-03
1.235216944733635858e-03
8.839853915302655664e-04
8.150880944203034439e-04
6.332788816091513813e-04
1.500814496281801299e-03
5.084312310854444301e-03
6.033347642322022279e-04
7.573151362502826556e-03
6.333333646843506727e-04
7.887702771385429615e-04
4.104748532566953613e-04
2.016568640927404732e-03
4.249321262625827358e-04
2.733408292627163491e-03
5.345182564391474933e-03
9.571997871829173148e-04
4.844783619032906391e-04
1.396266104241134778e-03
9.337747999756270366e-04
7.977891221463860247e-03
4.862887143295235143e-04
1.081596597754238675e-03
5.626605239415919182e-04
1.366692817058347276e-03
1.636901113982540271e-03
2.042466526147444783e-03
5.762428624288214217e-04
