1.048067848099073496e+00
1.038436665933867076e+00
4.350755204997276415e+00
6.388693056283398342e+00
6.012475404783571342e+00
5.587668159953335767e+00
5.084485639923432387e+00
4.247073991360166723e+00
3.491101493987171178e+00
3.726307819007857791e+00
4.252701792548474913e+00
4.353777982536096935e+00
4.455338522696336234e+00
4.225987854504737129e+00
4.010790675881288792e+00
3.900042697130283287e+00
3.666399290306416869e+00
3.308740738722466990e+00
3.255576739811488984e+00
3.093267183452482971e+00
2.993291777751784899e+00
2.835397048723019786e+00
2.520686621473549049e+00
2.349436201871529573e+00
2.216621613077894182e+00
2.039901068597159917e+00
1.920755553253930881e+00
1.743694066485504068e+00
2.073355889224576920e+00
1.557709219008946988e+00
1.370556481339713084e+00
1.259549124093614525e+00
1.122476464322073708e+00
1.078306779899808943e+00
1.059150668564954767e+00
9.859941181231516305e-01
8.679040631555344776e-01
7.578263846695417749e-01
6.660025962858808768e-01
6.379946218753187459e-01
6.195674200905622042e-01
5.308875226062514940e-01
5.102696028440462106e-01
5.158516380613336061e-01
4.546379819261530675e-01
4.655386671882377203e-01
3.598125640285018689e-01
3.658626461857507617e-01
4.601117180588474298e-01
4.929066852723651970e-01
3.140904746626886346e-01
3.054504489035589909e-01
2.271376370533254030e-01
2.749991261796480568e-01
3.672529924741356755e-01
3.653494886662197461e-01
2.954913936930942397e-01
2.789384282684450600e-01
4.654749596608844242e-01
2.983665881621357929e-01
3.013908978309044473e-01
3.089009094661319677e-01
3.452168237159784492e-01
3.164194373331859489e-01
3.292519596183827169e-01
2.988045122745278115e-01
3.311582291886501217e-01
2.983179517401028935e-01
3.293497923319922971e-01
3.257888665966607866e-01
3.718266747354959101e-01
3.180685593157924762e-01
2.613372442341940771e-01
2.731878858931341969e-01
3.482186768223973217e-01
3.176180514051110682e-01
3.721783708254299827e-01
3.206669002364151977e-01
3.310839921466622870e-01
3.082888910180125452e-01
3.995575818037087057e-01
2.916500577726786614e-01
2.706935034849116128e-01
3.192834646168946078e-01
3.392405201306024076e-01
2.803409946436426492e-01
3.474829044029721370e-01
3.081810235588336444e-01
3.741574208379798150e-01
3.325723187841615469e-01
3.073808733608763832e-01
3.130075895332727343e-01
3.283522778652832042e-01
3.765749991830084076e-01
3.181443683804708322e-01
3.758290981942603581e-01
3.150846990035979234e-01
3.236472518407882970e-01
3.100934053173187155e-01
3.338681999487040919e-01
2.955471240841472391e-01
3.149468550060435801e-01
3.018579953535420746e-01
3.146354685416556385e-01
3.228702635166369461e-01
2.515346965076092900e-01
3.323780149171087772e-01
3.098847670835535584e-01
4.900162817168036700e-01
3.154522360043524598e-01
2.775206414309333014e-01
3.248136211970816256e-01
3.043745389339000962e-01
3.092788289501552379e-01
3.599081271248840697e-01
3.380245146740601947e-01
3.794565775190422152e-01
3.241289080929828925e-01
2.966643267695804886e-01
3.377215763258238912e-01
2.998062920230169515e-01
3.533527847428272195e-01
3.162558156666004927e-01
3.353962545628010328e-01
3.557554449947091246e-01
3.445299748885914948e-01
3.288817192879243678e-01
3.092379513778526490e-01
3.246861284670875536e-01
3.185112496189122511e-01
3.303934517631382795e-01
3.155277191422923844e-01
3.335180330025021012e-01
4.306070252321722580e-01
3.716054097499419950e-01
4.162418739612437912e-01
3.997403710867928894e-01
3.923212977102077392e-01
5.581290671221126320e-01
3.227398871811662517e-01
3.410349694972313883e-01
3.004933981813759369e-01
3.393452684082559068e-01
3.725200319049481457e-01
4.626920980883004741e-01
3.484355458490800972e-01
3.443261749408859651e-01
3.136650759364177921e-01
3.258067929549442465e-01
2.799347956774672630e-01
3.238304233457845460e-01
3.441727970020299621e-01
4.471531114401966489e-01
3.516254290655623782e-01
3.442436862725106739e-01
3.005487934395930094e-01
3.260280117083765306e-01
4.319560996356600069e-01
3.305292919010957564e-01
2.887259684565298135e-01
3.688249264089479840e-01
3.361941977891092503e-01
3.258126458739957765e-01
3.231050027733404217e-01
2.795137182545900378e-01
3.584937750662712252e-01
3.438678315495335980e-01
3.388561583557372359e-01
3.335123653072408212e-01
3.195493277080493910e-01
3.081176035453501716e-01
3.184264851546294017e-01
3.136780636895842855e-01
3.079069634560524515e-01
3.707090097244716276e-01
3.209479630624323399e-01
3.629213344186302814e-01
3.127218179360557460e-01
3.190526056306543512e-01
2.642938433918576857e-01
4.221690857974217947e-01
3.340228070352644352e-01
3.018966776929939422e-01
3.133025401906299745e-01
2.936682704842323299e-01
3.519456986015915834e-01
3.018854737832415980e-01
3.378233031147992449e-01
3.314512622785730778e-01
3.375972927284620617e-01
3.238861787287909966e-01
3.369667815254629994e-01
3.673279248170486233e-01
3.725459261259193022e-01
3.485485376467791774e-01
3.282185889153251823e-01
3.193116823381528802e-01
3.377236055862885000e-01
3.540897801892342600e-01
3.432567984071167588e-01
3.529986659640617641e-01
3.410727695690968231e-01
3.245158897564785483e-01
3.512782299703861022e-01
3.670716137279244617e-01
3.288147697161249439e-01
3.467588473715286224e-01
3.228502711668329028e-01
3.212370830174123837e-01
3.489428105615389186e-01
3.139650359638234134e-01
3.373425218388025892e-01
3.210995959028258295e-01
3.534532279166934798e-01
3.289288989442225586e-01
3.073462418873681989e-01
3.286470720096759668e-01
3.334345568530851511e-01
3.759109291437384148e-01
3.085138512765484564e-01
3.117250635035270223e-01
3.197292414212498657e-01
3.282149740684118244e-01
3.236442427002204636e-01
3.210075239395101532e-01
3.163411238104349432e-01
3.172508070352064169e-01
2.874836128767283561e-01
3.008924127924635372e-01
3.702961675259996421e-01
3.151840361256357248e-01
3.100451562804507621e-01
3.009469225602283693e-01
3.102574713656370831e-01
3.835148626634296010e-01
3.065485348686416422e-01
3.721669756050403621e-01
3.074817685405340506e-01
3.154915768957241018e-01
3.367056209409847178e-01
3.168156538663727262e-01
2.978658568981564780e-01
3.270930430484439433e-01
2.850434453382704181e-01
3.065933650581054160e-01
3.133537452691346203e-01
3.092393308528778029e-01
2.952226785811033483e-01
3.039021483034060056e-01
3.486594528209872590e-01
3.180931327630937000e-01
3.162535280082006128e-01
3.006225357616706950e-01
2.994352128682318259e-01
3.074933056069870108e-01
3.090586113774216326e-01
3.062883855008434741e-01
2.864551791211648601e-01
3.070068826211831414e-01
2.937565689466014041e-01
3.068639302777213529e-01
3.322742883414313009e-01
3.146814843308564646e-01
3.098102410420475739e-01
3.075001195048824854e-01
3.058473878714794147e-01
3.053189600745442323e-01
3.163214827728445533e-01
2.850549640019597319e-01
2.955584449515880618e-01
3.258031854565814345e-01
3.063162636885140566e-01
3.021423342813107649e-01
3.270933684893849724e-01
3.043795265776034764e-01
3.122809989362690941e-01
2.983544857194364575e-01
3.386712601731083350e-01
3.038348970069671973e-01
3.333106265375871402e-01
2.942990499337608812e-01
2.995476702265488789e-01
2.915603971808760631e-01
2.910297564959708483e-01
2.961455794046888856e-01
2.943565735364920277e-01
2.961008363914486852e-01
3.084291063230787944e-01
3.141752057298855538e-01
3.143184266447232589e-01
2.918267829148274983e-01
3.298209758763244182e-01
2.967435904140361957e-01
2.977880922523338247e-01
3.039008190252935337e-01
3.036926304402147170e-01
2.920132372726588765e-01
3.028552490201181224e-01
3.152197466492169253e-01
3.121437626003100707e-01
