9.321521114811384123e-01
4.012005931181037433e-01
1.247664603736514666e+00
1.575299234117741420e+00
1.317826014264589229e+00
8.886214741441261777e-01
5.744638754758980559e-01
3.667671921634131360e-01
2.355588707164493201e-01
1.548047077258561111e-01
1.055016034646963086e-01
7.512348079208111540e-02
5.600917558859754009e-02
4.367978841395059320e-02
3.553125829191641077e-02
3.000904166754543925e-02
2.615376366754964405e-02
2.336302194239714761e-02
2.125677643064022987e-02
1.959821224218288166e-02
1.823677606479739630e-02
1.708281211744171885e-02
1.608002581318856289e-02
1.519495920479078076e-02
1.379214467535060974e-02
1.370451880230381080e-02
1.311783112600975292e-02
1.323139688990939214e-02
1.205838498594049082e-02
1.171381559065640815e-02
1.115517640798263654e-02
6.182086006535806449e-03
1.028912400361652740e-02
1.429248957465631929e-02
9.595089219732148497e-03
7.204187929307854545e-03
8.837432180225741549e-03
8.356556715808507313e-03
8.787606516127232856e-03
7.709620575705548699e-03
6.832635460141787617e-03
7.320331527115527676e-03
6.576563827759161242e-03
6.686864901341743259e-03
4.455556358961457186e-03
5.360862459056545473e-03
7.414858398922029824e-03
3.386940814183206708e-03
6.204691493058136879e-03
4.610352364178563027e-03
5.333633067904778105e-03
4.793053552226669151e-03
8.546476003361877516e-03
4.282162506213671622e-03
3.475336861349433929e-03
4.210018473244750946e-03
9.710185100914401485e-03
3.716090949550032805e-03
4.121770930614225732e-03
3.453627223334658405e-03
2.322588858927515914e-03
3.060055766340853516e-03
8.880897336527299527e-03
2.430197584442253967e-03
2.743150664780442255e-03
2.668259571267119629e-03
2.967524863993429782e-03
3.212911563628193749e-03
2.318136766202071996e-03
6.693358683445057439e-03
2.920513178985855232e-03
7.996218790939214546e-03
1.853899924032444959e-03
1.850254231843829035e-03
1.145305844392747454e-03
1.067413282034098462e-03
1.327882906627855103e-03
1.174472106742972073e-03
7.793140253977367399e-03
1.176450147308530283e-03
5.380752130618951350e-03
1.071697001965096633e-03
2.546029315604671304e-03
3.218774254993833107e-03
7.119797828093769529e-04
8.355922441437808402e-04
7.267579576576061774e-04
3.798133380728865296e-04
1.464922063098082327e-03
6.919734347052889332e-04
1.274155240952788443e-03
1.147039264876970922e-03
1.587027327805954876e-03
3.566261396778980589e-03
7.978838978597010967e-03
7.918253546014724416e-04
2.564085824089687351e-03
1.159466357175777985e-02
1.340216185093370295e-03
7.365683464664376894e-03
6.175248861422197614e-04
3.018711908237212745e-03
1.056373683746327993e-03
1.408211547314647955e-03
8.145174706460944249e-04
4.675388039032823029e-04
9.874633446526428528e-04
8.092364214400079615e-04
7.756227615487542963e-03
1.776107036686454515e-03
8.123174747054727474e-03
4.918270744051753997e-04
4.431233658521070706e-03
2.714033331567248944e-04
2.746839208732853536e-03
7.040568269093249723e-04
9.212609933224133896e-04
2.851542217346988376e-03
5.750866279561002480e-04
1.144976213684781308e-02
1.486099758702997837e-03
1.834359097992892317e-04
4.246206632637489035e-03
8.577423701370424231e-03
1.777071417205919519e-04
2.648019406432426497e-03
2.399487777468364055e-03
8.024535472736417027e-03
1.269814863166395533e-03
2.751102367712639479e-03
1.136157792410045012e-02
1.295530021349198917e-03
1.318648179808419758e-02
4.000995965765973515e-03
1.867051548955589262e-04
1.542117990904981950e-03
5.361139890538830187e-04
1.931334427051946423e-04
9.801022929888133020e-03
1.771091269159761835e-04
9.221432273889459399e-04
3.002609990227964563e-04
1.706710516470639647e-03
3.795864053689303251e-04
1.566460107075344022e-03
3.945251491567130196e-03
1.012800472980314101e-02
2.151476561194615286e-04
1.451776764897467955e-03
3.275408153288649187e-03
4.256101719743195905e-04
5.594813164858590234e-04
3.014647509301269851e-04
7.627111283585962225e-04
4.888223447891096741e-04
2.106940724627790786e-03
4.530761726469151665e-04
1.161687041439343412e-02
7.995173977717274713e-04
8.953195039328023857e-04
2.026707116755954447e-04
3.103356431196458787e-04
8.454123415482569376e-04
1.473538382830028026e-03
3.643632627148618575e-03
1.953556088393233227e-03
4.521309334590495007e-04
1.110225967409290753e-03
6.528061044723737017e-04
6.667351154468339558e-04
8.611048201671344174e-04
4.512162653488219384e-03
4.492496709693658344e-03
3.013119034953624172e-04
7.854419871313430331e-04
5.767243641349350169e-04
1.104644580571477073e-03
2.991880813604811274e-03
3.314235584895186440e-04
8.517023411121638771e-04
1.909467687426415249e-03
3.811312082342799539e-03
2.954952240676368431e-04
3.018343200800425920e-03
1.826195927348633831e-04
2.639265455694202005e-04
1.206392534725498613e-03
2.999449289349364191e-04
3.660866827873960174e-04
4.302933951920220597e-04
3.876114819651038396e-03
3.526002506551187366e-04
4.816974355600787440e-03
1.867414367762950268e-03
3.719577515569940100e-04
5.928447068655858443e-04
4.977265102641281356e-04
4.725573739287172227e-04
5.466771664851788034e-04
1.353676595439736851e-03
3.949477160159776132e-04
5.093609072046502038e-04
4.074637533115458448e-04
5.181306819474716923e-04
1.791930098008206107e-03
4.978983842724149771e-04
1.423858384328965205e-03
2.050186999989674628e-04
2.582495978297848628e-04
4.115421944465123155e-04
1.973067014846818009e-03
5.732790478554159169e-04
3.683434245105808016e-04
1.091889015292234243e-03
3.081950186843108227e-03
1.087911867839319070e-03
2.771233237286503822e-04
2.774263495614796935e-04
3.420443049520318951e-04
2.013371321664922148e-04
6.173381117721626421e-04
3.052225900473265821e-03
4.287906209056343274e-04
2.976747807716177870e-03
4.986731765179234751e-04
1.383951520022189607e-03
1.201144466084315150e-03
1.050708891267818036e-03
6.200201525359461032e-04
1.881706143642728922e-03
4.766181598358307106e-04
7.710865269224386614e-04
8.462562237328252182e-04
5.658817956057062741e-04
1.830758480595667359e-04
1.116344631361732877e-03
5.585181238340794193e-04
3.963395161813140018e-04
7.735656398836900181e-04
4.201678244854141768e-04
3.493536353177565529e-03
3.682435738451778962e-04
4.937202180382297551e-03
1.895600989942868454e-03
3.103520218976489088e-03
2.697340598624540890e-03
3.307665836754339101e-04
5.370606207325554285e-04
5.036113425811038387e-04
2.404724658153360381e-03
3.142253778804861872e-04
2.372813957144650522e-03
1.980764913839259348e-03
2.128037029528989654e-03
5.185801256932593339e-04
5.393315843710382029e-03
3.966086245097857443e-04
4.462001724848948061e-04
5.787999659544397664e-04
3.562315330960767073e-04
2.908683915222459899e-03
1.357863346425117277e-03
3.229436694094986048e-04
8.964373247957243152e-04
7.862803922456165079e-04
1.893858259308049859e-03
4.058906957485582719e-04
3.990180600047194513e-03
1.053570222959627524e-03
9.265544796605852370e-04
4.592358759191069980e-04
2.057436554099769538e-04
2.722879468094013518e-04
4.134496734962670350e-04
2.853695839261209959e-04
3.332817196195744184e-03
3.290653623312030400e-04
2.102495117253559524e-03
6.019792316974369433e-04
3.000880002308922950e-04
4.606070641053976698e-04
8.236564199312346179e-03
3.613976089312811134e-04
2.413750441826417997e-03
1.811791412120343156e-04
8.265639206080985365e-04
1.100956587649877267e-03
1.061136655107767363e-03
1.027608601347692295e-03
2.626723988083510164e-04
1.912677573279794509e-03
3.672048302423053419e-04
1.209692685717322176e-03
6.405290727996873186e-04
4.703388681118467803e-04
1.635044744469885255e-03
1.609175134275306113e-04
2.559347147467553370e-03
8.028183650018318185e-03
4.691460478217878002e-04
