2.192335156303598875e+00
1.529774074473593926e+00
2.447572231762089601e+00
3.608360045303069530e+00
4.037464343928200528e+00
3.300498067164721494e+00
3.498075218794800545e+00
4.366215626145995010e+00
1.932552361461200130e+00
9.109126084200911411e-01
3.394633129079569489e-01
6.780747628234827518e-02
1.377230606583788597e-01
1.805994662335617951e-01
1.874608649739782085e-01
1.659994771932982172e-01
5.860260606339834366e-02
5.048873292146237313e-02
1.610089663691813555e-01
1.617230784830976376e-01
1.688904277498966267e-01
4.960743836880898011e-02
2.838584070738763357e-02
5.336194814601562947e-02
1.933997374052103257e-01
6.799525523506072533e-02
3.208046511663767419e-02
2.353546366763854814e-02
4.426863980478738109e-02
3.651812195845143688e-02
2.023785065652278573e-02
3.948743806947942192e-02
8.050902518863063684e-02
3.014022935974316336e-02
1.969846585478048431e-02
1.397098862153408616e-01
2.755497149497884019e-02
5.674719698614753144e-02
2.408394767631858932e-02
3.322463697677349725e-02
5.240258643774051150e-02
5.070709988050577099e-02
6.258253861191304113e-02
3.931025618230705315e-02
1.361104402577280603e-01
3.728972349728666008e-02
7.806881440632555680e-02
5.420387603262030035e-02
6.026795575765999530e-02
9.659371934833518858e-02
4.336045918820954914e-02
2.041614572934823124e-01
4.081579467752938228e-02
6.087285962524584954e-02
5.310050467692440518e-02
5.546874099401970931e-02
4.730271970355838518e-02
7.271337121205156961e-02
7.618378444854681519e-02
4.922396289776134748e-02
6.124159307769246746e-02
7.638305023879277122e-02
7.661091336708683586e-02
4.671156335076290939e-02
5.945288248332902120e-02
5.821601920407541708e-02
7.094482109108157797e-02
8.120883411987074585e-02
4.202030951968952627e-02
1.118594395496512323e-01
3.101984920293723511e-02
9.080658556356192845e-02
9.803423057662867535e-02
9.463122765875572884e-02
4.518373363845905322e-02
7.375221683214057411e-02
6.978333735502564861e-02
5.512547694642338375e-02
9.060764443607710605e-02
5.158743695415701075e-02
5.385159316949170855e-02
7.516910818538735661e-02
1.305699294955832979e-01
4.909054902227068945e-02
6.256552817412076861e-02
1.375690657758408542e-01
5.630115456331026558e-02
1.277641940029140555e-01
5.292885192172425840e-02
4.842528612255446452e-02
1.181443199778917513e-01
7.971623200838294510e-02
1.502822953194217215e-01
5.117400668706362232e-02
5.031812094973370231e-02
8.173275777401464715e-02
5.151026524769953402e-02
6.072828554249033034e-02
6.580167974172272671e-02
2.421969370280922795e-02
9.450757415798331784e-02
6.412408531164488779e-02
6.351301936460951314e-02
5.110526805080355117e-02
4.512361711785730506e-02
7.912529753516170383e-02
8.218773698920983639e-02
5.615038088844620523e-02
8.393460992492697559e-02
6.679688361391941664e-02
5.347120134363821109e-02
1.436774611004272006e-01
5.207206245163733399e-02
5.650646506264586644e-02
4.273250405919217648e-02
9.294161357397016932e-02
5.113198698150051708e-02
4.989792342260417068e-02
8.707450162077121081e-02
4.617769491794394832e-02
4.955267591714011821e-02
1.142048131524548149e-01
9.340412302903190744e-02
9.098958164136176918e-02
6.633065505717074262e-02
6.588784610435430289e-02
7.180770310159338699e-02
8.162411576855180262e-02
6.938496111902092700e-02
5.296998998898581890e-02
5.126334902551069744e-02
5.395864031304870717e-02
5.551802893567174546e-02
1.020959198919125649e-01
8.867344973970336941e-02
8.302709395639454315e-02
7.123515981282763088e-02
1.043498903289165197e-01
4.140912905628212765e-02
8.255756074332520900e-02
8.436858744120503961e-02
4.822615036336687366e-02
5.622147724179583222e-02
5.187214785971391157e-02
5.330960059720760147e-02
7.493867383290338247e-02
6.501350898741861672e-02
5.983713784841287325e-02
3.250690727860454377e-02
1.219000803653079446e-01
8.100554212912887408e-02
5.198428503204170770e-02
5.654513149709423925e-02
5.277256165812399535e-02
4.950344037362160859e-02
4.978701148950311767e-02
5.907297892889530611e-02
8.505963207958737449e-02
6.336437050332095755e-02
5.876073425545005197e-02
3.955987087700654076e-02
5.929320366346871318e-02
7.335356392096621658e-02
5.166580792763755814e-02
9.053378218946692146e-02
5.374393627840512444e-02
5.791982541088016440e-02
1.110168229196306922e-01
5.041934651176409321e-02
6.890137899180406866e-02
1.020215373678982490e-01
7.311214553492174917e-02
8.265170922917303153e-02
6.418539665331651767e-02
6.273659831558742184e-02
6.067608817369753854e-02
8.327588037251325292e-02
1.607841865922112479e-01
5.148164204305540059e-02
5.025621034885607852e-02
5.202476685185567634e-02
8.202070986509263362e-02
5.370452998315413534e-02
5.738289780155585162e-02
8.325847821026538531e-02
5.613433834094036512e-02
5.584713694758464825e-02
6.493432310453034484e-02
5.863480363130037926e-02
5.316266404602177503e-02
6.419611931658324167e-02
5.607912943521209392e-02
8.282220243545040939e-02
7.024851648875997390e-02
9.805871547758826523e-02
5.688996188638427431e-02
7.160590233003732985e-02
5.745772304772386180e-02
4.498730683900236532e-02
7.187347276610377145e-02
7.051333371565753072e-02
8.694829331111535164e-02
6.907331343733429108e-02
5.300663035242064725e-02
4.796989462584359820e-02
6.505964956967737189e-02
1.524874547632835142e-01
7.520032969835434289e-02
5.206711515691550551e-02
5.255183954527833240e-02
1.407689493455301089e-01
4.914920163097126482e-02
4.932600807235656276e-02
6.748399528627704869e-02
9.609639604702974180e-02
3.680838124193151761e-02
3.921674740709129442e-02
6.424413040885219861e-02
5.097488978401314152e-02
9.071820887499675024e-02
4.854877975609220991e-02
5.306892957508936581e-02
6.975271726197361521e-02
5.783093896513558790e-02
5.721728307314644102e-02
6.147764523989476815e-02
8.275146731799612465e-02
7.443914448006920537e-02
5.592147238937295040e-02
1.407204331758115934e-01
5.024869715293508315e-02
4.378072895219036614e-02
6.042499050556289497e-02
7.079794711303910582e-02
6.788805283546081593e-02
3.221472061972284473e-02
4.924376740817141412e-02
1.029231032991977379e-01
7.322625563070989108e-02
4.952364397612364633e-02
6.428812194584847262e-02
5.004438350164986532e-02
7.393881100274987683e-02
1.230978581829881430e-01
6.168413817676625388e-02
7.875949886334629446e-02
5.362927023959970091e-02
5.324780645932948586e-02
1.252297870079611686e-01
2.695458834059388450e-02
5.111575307035531868e-02
6.295803877843186847e-02
1.183903128744573929e-01
5.003407153326501489e-02
7.755009473015506138e-02
7.875514821983152502e-02
6.708333167590117829e-02
1.009767779612690125e-01
5.916984451936176115e-02
4.790248368104303017e-02
1.299386379552150694e-01
6.431727154992253337e-02
1.108007872751546469e-01
6.289189928418742470e-02
5.102781099155694750e-02
1.068583923109158312e-01
6.831011062739449080e-02
5.990696015100339250e-02
8.847226546149458692e-02
8.098439956288222552e-02
5.084280626268038172e-02
1.348096069256412288e-01
3.323879698792750470e-02
7.808595708218030174e-02
8.774189059507565835e-02
8.547816239805403060e-02
3.967184558251703880e-02
1.101251110215401285e-01
5.883717180957936249e-02
5.042185347676765572e-02
5.954310006256622462e-02
6.223280097382273557e-02
7.065381298756774620e-02
6.277684386414499051e-02
7.976699084888332070e-02
6.744030400727070440e-02
4.498344514500034891e-02
5.254011174099816606e-02
6.015755520172502702e-02
4.912113033270337770e-02
4.936488755116130028e-02
4.501679022352407522e-02
4.004252011556457685e-02
6.447050909904988858e-02
5.741062795788166861e-02
5.981018632717988170e-02
4.931058703655261805e-02
1.106234435179847542e-01
5.551870858377454254e-02
6.878027892054883186e-02
