1.011252412080694274e+00
1.144653072369855140e+00
1.109077193183905852e+00
1.872165087681858298e+00
1.790526939517664839e+00
1.460124247714817081e+00
1.414759487090043066e+00
1.499651369619834140e+00
1.455994430124017969e+00
9.059332894660727664e-01
5.607422368840399018e-01
4.189626827337714077e-01
3.289557415289791065e-01
2.632314912206186741e-01
2.193261220059581351e-01
1.944999163682487042e-01
1.843989271667851038e-01
1.833370947772276771e-01
1.869702749853622559e-01
1.929116204216138886e-01
1.993403879615100738e-01
2.056974832017689492e-01
2.118600796129085917e-01
2.178122825783395666e-01
2.230355214269559849e-01
2.273321660145884993e-01
2.321313368018856627e-01
2.359001535530315108e-01
2.397817502161244396e-01
2.429593963114204946e-01
2.446625794690991118e-01
2.452199282139542191e-01
2.477015716681782442e-01
2.479536646730613469e-01
2.471121927314545164e-01
2.470955680726464598e-01
2.455488965633127185e-01
2.467824694133038121e-01
2.430761752039435619e-01
2.417302217479689597e-01
2.401592932903780231e-01
2.416180109737151027e-01
2.323554503590095077e-01
2.350833545360392074e-01
2.329865064848423428e-01
2.321738627514788045e-01
2.307679816076692036e-01
2.299722901855744406e-01
2.292315341229803627e-01
2.280763113059215696e-01
2.269065562792355606e-01
2.256571418775590032e-01
2.262495358189123562e-01
2.259575087908933799e-01
2.240096988188766680e-01
2.201228087489951468e-01
2.243545325787997535e-01
2.246766815439252274e-01
2.232808925609497952e-01
2.333599414693177110e-01
2.231586997764372082e-01
2.257542604640205286e-01
2.225375315932102693e-01
2.225547269345819201e-01
2.262078382932418419e-01
2.222139958517611591e-01
2.178722361393684304e-01
2.198695350905255641e-01
2.205038072219374368e-01
2.203014437258565550e-01
2.171481744593199703e-01
2.182114289610357916e-01
2.191047294686259417e-01
2.186095470645413597e-01
2.175572326983893634e-01
2.189357580566207440e-01
2.181460873973367631e-01
2.214469497864060832e-01
2.166433517349155846e-01
2.178550415453907596e-01
2.167054382200564455e-01
2.170774248919311034e-01
2.171289575252187687e-01
2.154994722498799753e-01
2.157170098016552573e-01
2.153736686779767762e-01
2.107498699456450686e-01
2.150289204172900481e-01
2.157685564384840826e-01
2.128606357139395666e-01
2.135392502693201355e-01
2.136934600552334862e-01
2.142563054560223390e-01
2.152380970840931385e-01
2.099550070221306297e-01
2.079330416956007288e-01
2.162111483135227830e-01
2.117108503711498113e-01
2.115697166014437192e-01
2.121846689868278624e-01
2.085393965489936718e-01
2.137155234316252816e-01
2.124711903893964360e-01
2.016982250594808179e-01
2.109689809378856029e-01
2.105963155818817434e-01
2.176216055084764234e-01
2.086952207490283817e-01
2.101616820021061094e-01
2.093858623013081510e-01
2.093415344831936198e-01
2.036980720105080467e-01
2.090623773278109110e-01
2.091633733311578924e-01
2.074375925812459998e-01
2.091155950737133562e-01
2.060561827623914322e-01
2.155512635000857713e-01
2.103915641780166879e-01
2.121910951481795204e-01
2.079557152449228452e-01
2.116280788100722010e-01
2.115638239209918225e-01
2.107863158309610518e-01
2.110746701702304051e-01
2.115018768863695942e-01
2.112264630810217758e-01
2.138863496168450784e-01
2.133032678054714304e-01
2.130635153784388724e-01
2.119682598921773797e-01
2.188305191806936001e-01
2.137617562462548748e-01
2.148933493643385706e-01
2.219247265094088650e-01
2.122464288857138781e-01
2.108188282125530999e-01
2.094463138568365412e-01
2.085451479443571343e-01
2.048512325485119523e-01
2.051819513529692385e-01
2.049543025831107035e-01
2.027415261122974544e-01
2.019719769751447958e-01
1.996683083220686938e-01
2.004125221454731987e-01
1.993301728140166873e-01
1.993541115136434061e-01
1.992809866161166787e-01
1.922557928831599150e-01
1.983717649398031857e-01
1.952758652268604123e-01
2.032731710042601225e-01
2.004275055836396147e-01
1.964392467872816406e-01
1.954226547620785959e-01
1.885022155298332891e-01
1.991399051172994261e-01
1.943199170322384706e-01
1.949347439249887737e-01
1.921850797993805704e-01
1.905451823121326049e-01
1.910158986857901919e-01
1.902363601974457197e-01
1.898766562259899537e-01
1.897190943058368051e-01
1.895352730832487176e-01
1.886156098333687248e-01
1.870436905928497262e-01
1.905098416331797995e-01
1.876482883355467535e-01
1.926454360210720917e-01
1.870647080544302343e-01
1.863293047652839207e-01
1.862305083030529052e-01
1.856840834945183427e-01
1.844115631200480276e-01
1.851757830108504421e-01
1.857094669969092671e-01
1.850681214889145776e-01
1.838572793109009007e-01
1.847145179025355965e-01
1.854246648265116537e-01
1.847011000456604823e-01
1.841119866121098958e-01
1.844244115801364770e-01
1.855935190715801986e-01
1.854722815124658086e-01
1.851545767478586790e-01
1.848727633305649598e-01
1.836612240306038646e-01
1.830239543998146423e-01
1.834303473479122482e-01
1.830748458603421169e-01
1.829847169364670068e-01
1.844557182711590859e-01
1.846535121426085002e-01
1.822596854817037926e-01
1.813268381786552197e-01
1.851056274502193011e-01
1.829610223784516043e-01
1.847969397776438039e-01
1.841222809314110032e-01
1.859074561287482885e-01
1.859657491266467344e-01
1.846234975022568170e-01
1.870962370959274035e-01
1.871383664146879511e-01
1.864333826918712911e-01
1.882375325144021172e-01
1.868433630533996026e-01
1.829459290504080460e-01
1.912964398141339672e-01
1.867232928358326105e-01
1.933948268710705132e-01
1.876635462663803489e-01
1.868277208492629127e-01
1.946856080975154502e-01
1.866965001330133378e-01
1.880113024134689170e-01
1.915038267566527286e-01
1.877861159602982333e-01
1.864131747534625017e-01
1.872387045574820941e-01
1.865337562080537082e-01
1.821906312974665709e-01
1.897127766969402829e-01
1.828772856600910934e-01
1.860917230979312054e-01
1.852705905339128156e-01
1.845762053795718394e-01
1.835088593344124108e-01
1.849279654157690855e-01
1.840830668660942415e-01
1.833005940899941622e-01
1.827642044422587708e-01
1.830291198201961789e-01
1.829542430548199428e-01
1.826474313569308172e-01
1.851148111782512373e-01
1.833713846178074147e-01
1.816189895134657784e-01
1.832799156482728675e-01
1.802676294139866631e-01
1.808156223215795499e-01
1.807170627686082998e-01
1.840928013555848952e-01
1.797312848547642505e-01
1.788728353692276007e-01
1.786320002917521077e-01
1.803496046008101483e-01
1.781995615386861020e-01
1.784896243231174351e-01
1.783237341468097148e-01
1.780594582378624280e-01
1.776603172313037105e-01
1.775194555136980490e-01
1.774279487263802080e-01
1.772495271185666466e-01
1.775227925807004170e-01
1.769573380631472292e-01
1.767764231227709204e-01
1.768036169674160607e-01
1.763234780658685386e-01
1.764430228961349489e-01
1.762625608540187849e-01
1.758627070008040028e-01
1.779642257417002327e-01
1.767328335543328077e-01
1.781613968117952140e-01
1.764483747876891273e-01
1.756083662995608363e-01
1.755020101436606250e-01
1.755952790036168776e-01
1.752239759046681777e-01
1.757568290144594370e-01
1.755478508073360921e-01
1.751174520142479429e-01
1.755063787937021502e-01
1.764062789105392270e-01
1.754567401184472242e-01
1.770937728564328240e-01
1.771785675714875052e-01
1.756469672430616136e-01
1.758414285839109692e-01
1.760046752834036610e-01
1.752746686033457291e-01
1.760531153804762994e-01
1.799751626867923671e-01
1.766172915194206272e-01
1.769452919835247939e-01
1.788344698900735941e-01
1.783412461264072268e-01
1.765919755091061305e-01
1.778460142485549511e-01
1.781996189445782808e-01
1.780810908278646076e-01
1.791691135685389569e-01
1.786644767721841387e-01
1.771959266391824050e-01
