1.002529323685956930e+00
1.679870086554770214e+00
1.969099286610479060e+00
2.153033687666042084e+00
2.135615677073106511e+00
2.220130930885515053e+00
2.274884001395407029e+00
2.295297354027895587e+00
2.340026773040650543e+00
2.408876712455958469e+00
2.477555975113387099e+00
2.541494883870508925e+00
2.607295531795035259e+00
2.682693213951755862e+00
2.762347075853536449e+00
2.847874695745050033e+00
2.933287051397868606e+00
3.018719342317552012e+00
3.108427631202329344e+00
3.191642736474176179e+00
3.272960224217454694e+00
3.347125157024974929e+00
3.428623547905012003e+00
3.505112157182015853e+00
3.584568628621338515e+00
3.657094844587702287e+00
3.722646665693165158e+00
3.783121490966169898e+00
3.835535363743689086e+00
3.878850432896305378e+00
3.919817023677536039e+00
3.952140882790092125e+00
3.979175244055712213e+00
4.006523883607800762e+00
4.034690750603544096e+00
4.072528759184192104e+00
4.111765615702554832e+00
4.156414828818149054e+00
4.209111954566503222e+00
4.268081644877367076e+00
4.338446764326867822e+00
4.417435852298585708e+00
4.510561854206512677e+00
4.614382513898144467e+00
4.728076103300138833e+00
4.856400373248956015e+00
4.992171796657187244e+00
5.132335314572796570e+00
5.282483848121893644e+00
5.439335723979067616e+00
5.595989469170341124e+00
5.755196132371665385e+00
5.912685468362514740e+00
6.066441094295186076e+00
6.217084992455164105e+00
6.359098144930913854e+00
6.496957675152946088e+00
6.624172150975369711e+00
6.743216269298790699e+00
6.852351629927321497e+00
6.954084978621459356e+00
7.044873722473022681e+00
7.125379176778531942e+00
7.200073503343120684e+00
7.262105320120622487e+00
7.317942079412816270e+00
7.364147896926188430e+00
7.400624604585104294e+00
7.431483824886647049e+00
7.457485050265225013e+00
7.476130786864666256e+00
7.488036155770153357e+00
7.495958006940201201e+00
7.497381501760136402e+00
7.495773061732606379e+00
7.492107734361933780e+00
7.486937430470145038e+00
7.480922595387444751e+00
7.471294200962976362e+00
7.465382967290574712e+00
7.458400293319844998e+00
7.456616292219036879e+00
7.453081589365858406e+00
7.448857795927048109e+00
7.451634940861543654e+00
7.454924027300886102e+00
7.455193410827567035e+00
7.458258771761274275e+00
7.463210699193133735e+00
7.467643172382277150e+00
7.471451548179017799e+00
7.473952192302317776e+00
7.476510904947285319e+00
7.480978785825135979e+00
7.483949941106513570e+00
7.485863082448870998e+00
7.489054058094401611e+00
7.494011439619816528e+00
7.501303183961934629e+00
7.510560142084476531e+00
7.521428762481561670e+00
7.534027746293675776e+00
7.556990285284022058e+00
7.577926236405057026e+00
7.607038397758150161e+00
7.638508183974208166e+00
7.673399444909921208e+00
7.719113944867702415e+00
7.765717812902959594e+00
7.819467100381023883e+00
7.879698973266294537e+00
7.944861812671174306e+00
8.011510699667253377e+00
8.082625791213311928e+00
8.158342165480581443e+00
8.235210302082053957e+00
8.311577612233746137e+00
8.383125826803535574e+00
8.460129141613597525e+00
8.538097569218098926e+00
8.613046043507271321e+00
8.685251840692970404e+00
8.762185291369910090e+00
8.835016484844711471e+00
8.905923995522902814e+00
8.977836270814911757e+00
9.046003271503181509e+00
9.114393335691408637e+00
9.181088915821860041e+00
9.247576545055121500e+00
9.313463480085582447e+00
9.375673729219062835e+00
9.438097163844345161e+00
9.501017983914222143e+00
9.557968548310014967e+00
9.616570149093419673e+00
9.672462938799213816e+00
9.731716585934101715e+00
9.785727211065593067e+00
9.838731500354191084e+00
9.894846337641688194e+00
9.944664619425097385e+00
1.000411590426635478e+01
1.005869937595845443e+01
1.011447196412616378e+01
1.017087366954518579e+01
1.022620502854293534e+01
1.028642979619100295e+01
1.034724957089078856e+01
1.041251788068984396e+01
1.047853565674430243e+01
1.054508675539058338e+01
1.061692708610668312e+01
1.068871007090594993e+01
1.076484643980090894e+01
1.084472321473107215e+01
1.092242623697077519e+01
1.100940801861074370e+01
1.109488556907352930e+01
1.118481691612604401e+01
1.127653845209150951e+01
1.136680416948435735e+01
1.146161690829251256e+01
1.156086834665958918e+01
1.165794824320268575e+01
1.176148639361300496e+01
1.186641771921595101e+01
1.197253951512494297e+01
1.207912925881203314e+01
1.218568498034596992e+01
1.229752933082281707e+01
1.240856092433350888e+01
1.252116730320665638e+01
1.263539654837238579e+01
1.274990258119602338e+01
1.286272526928060600e+01
1.297828913176435428e+01
1.309472563043316207e+01
1.320979487670281394e+01
1.332257734296254803e+01
1.343849725591123168e+01
1.355497037320255238e+01
1.366604216052278709e+01
1.378420716515687516e+01
1.389641496428662570e+01
1.400958134352411122e+01
1.412091118817910562e+01
1.423592155426196726e+01
1.434424971055831399e+01
1.445339600123486257e+01
1.456435073350004394e+01
1.467273906830343577e+01
1.478025489018601668e+01
1.488893815017434186e+01
1.499587289210961494e+01
1.510037969522316459e+01
1.520369464938714366e+01
1.530830038951974892e+01
1.541462830352859292e+01
1.551449258909558004e+01
1.561815447687300740e+01
1.571872351053761996e+01
1.581984363201682520e+01
1.592131828018329998e+01
1.602521209503373356e+01
1.612918820134941456e+01
1.623103995045156012e+01
1.633580483653989646e+01
1.644014043593161745e+01
1.654601436927117675e+01
1.665233060953666566e+01
1.676023538350473885e+01
1.686746922504010371e+01
1.697763990658064515e+01
1.709176107778674947e+01
1.720449473280793029e+01
1.731833398456397433e+01
1.743239655933273369e+01
1.755018796552656113e+01
1.767004312222269036e+01
1.778785822075489875e+01
1.790919726916979116e+01
1.803166987323678683e+01
1.815428589679363469e+01
1.827722791159307292e+01
1.840382044099014891e+01
1.852668050841190706e+01
1.865230114230597280e+01
1.877776430655298157e+01
1.890345929716174211e+01
1.902949722341510963e+01
1.915634286590976032e+01
1.928138798828711842e+01
1.940806382721952161e+01
1.953418029088118146e+01
1.965973685987177788e+01
1.978610615823700059e+01
1.991092673984368489e+01
2.003525614870241256e+01
2.015875269987788343e+01
2.028286928182939519e+01
2.040422095420087345e+01
2.052721228439551737e+01
2.064651083984317026e+01
2.076900245605207118e+01
2.088814686585027047e+01
2.100578879329918536e+01
2.112413828772174540e+01
2.124018894096086640e+01
2.135257525436987436e+01
2.146803243455597965e+01
2.158007484033709389e+01
2.169056169663785738e+01
2.179775574484824929e+01
2.190707586204049306e+01
2.201139771937706513e+01
2.211733064683928518e+01
2.222138503696851330e+01
2.232257482894630485e+01
2.242068746770429044e+01
2.251724774931949469e+01
2.261333422234615043e+01
2.270866949375951194e+01
2.279837773587595962e+01
2.288738016369373440e+01
2.297335690096604566e+01
2.305975071462082937e+01
2.314335772061482999e+01
2.322361433648987727e+01
2.330214629710563301e+01
2.337914175009866469e+01
2.345310816891060668e+01
2.352440755362936642e+01
2.359043416113699720e+01
2.365925081640761363e+01
2.372195309960808629e+01
2.378201820115526743e+01
2.384133414699140729e+01
2.389819467360060656e+01
2.394939000706537513e+01
2.400043094759303841e+01
2.404764606965303742e+01
2.408752717930990528e+01
2.413276991563964557e+01
2.417279004905863360e+01
2.420522317776761412e+01
2.424118770848048499e+01
2.427020872705128696e+01
2.429933047913997157e+01
2.432118646535442608e+01
2.434503921152881389e+01
2.436696326026396520e+01
2.438367068267749360e+01
2.439708027687561653e+01
2.440861278977968851e+01
2.441823687088854911e+01
2.442563172785573045e+01
2.443217582275169875e+01
2.443236261188202363e+01
2.443381451589747044e+01
