9.054506580269614524e-01
1.057291931514400041e+00
1.531225966831111229e+00
2.079454760665816249e+00
2.594635848581000381e+00
2.845034209214456489e+00
2.938713417973725761e+00
3.226181784536231056e+00
3.461706859278469661e+00
3.648992682695268996e+00
3.834993001998691309e+00
4.042927204690218268e+00
4.817724921156600892e+00
4.385566148591593105e+00
5.054695817990078055e+00
6.071122491129981924e+00
6.356604670859645090e+00
6.465102289382710588e+00
6.521339021071226760e+00
6.532210407141270103e+00
6.521191357984752024e+00
6.494594085481134371e+00
6.465838763240001619e+00
6.412558215214497537e+00
6.359812033120809005e+00
6.300570908873112330e+00
6.239701813266333552e+00
6.174983361165356399e+00
6.096930495364144775e+00
6.020094888322030435e+00
5.928797879208014265e+00
5.855358487170059689e+00
5.765562256057964241e+00
5.662736117384318923e+00
5.562998778498236874e+00
5.455681891307437859e+00
5.340813374004141245e+00
5.241671259909984393e+00
5.131692429824101787e+00
5.018571223579586515e+00
4.904888734654809568e+00
4.790162940079350840e+00
4.672920001509544896e+00
4.562909763442401179e+00
4.462930179916447138e+00
4.334702331335826386e+00
4.238700140780102821e+00
4.375847937166445156e+00
4.492160149062953245e+00
4.568624741069577944e+00
4.602004086175867315e+00
4.605108959005487890e+00
4.578564330898484691e+00
4.475249904601306561e+00
4.186674680758733835e+00
4.287127663018220680e+00
4.554435744620897175e+00
4.793669806133905809e+00
5.003353929840903547e+00
5.166218078657661472e+00
5.246033948225783838e+00
5.284648719734077460e+00
5.302819495695944241e+00
5.294725386289087510e+00
5.297315380281668595e+00
5.283829454025572581e+00
5.264108274257643494e+00
5.236739572769495865e+00
5.201845944412279543e+00
5.173540900533415865e+00
5.125973512663639653e+00
5.072217270254108179e+00
5.019407844684464770e+00
4.958457095374725121e+00
4.917970930449480527e+00
4.877557178762608636e+00
4.844542157175614427e+00
4.804711610645272302e+00
4.773139342614472369e+00
4.741469369557064439e+00
4.701266799018410936e+00
4.669702924363011931e+00
4.639050359951393254e+00
4.603466585279075929e+00
4.576037384425228005e+00
4.541268449305954746e+00
4.507746550769738292e+00
4.473107173635941791e+00
4.432511246443724851e+00
4.391148942269391675e+00
4.347241275926969628e+00
4.302156438584701093e+00
4.255256542811300058e+00
4.206458548710709344e+00
4.159360953192354771e+00
4.124366618463187528e+00
4.058416340703256076e+00
4.021552892548656111e+00
3.967572320486281168e+00
3.911987652000297189e+00
3.860907442135208978e+00
3.809760641538245451e+00
3.760854184157131019e+00
3.706385533732354354e+00
3.657520668599067548e+00
3.605469715258383001e+00
3.551578246880239487e+00
3.503352128100067464e+00
3.455390762880460542e+00
3.390550409428287448e+00
3.352223606546149703e+00
3.286767683662402462e+00
3.232223842462630170e+00
3.178161592841795891e+00
3.122899972780426747e+00
3.065024163644650024e+00
3.013047224630958532e+00
2.958849234698877506e+00
2.904503612459375272e+00
2.846528835749506214e+00
2.793842735617769524e+00
2.739234774758354085e+00
2.682550388326394142e+00
2.633009309280822219e+00
2.576941877627874522e+00
2.515119054072751492e+00
2.467818633741565737e+00
2.422592449711983065e+00
2.347120188301674570e+00
2.308751058740135420e+00
2.247008054519397557e+00
2.188991722009116181e+00
2.137028041780660192e+00
2.076424183136932111e+00
2.028735369578221093e+00
1.971990888431979005e+00
1.914266073542151725e+00
1.862083714665186962e+00
1.812074084001792373e+00
1.760592811193805840e+00
1.706423322661977826e+00
1.652947792573483454e+00
1.605903266565942067e+00
1.555985583463921573e+00
1.505453248044298808e+00
1.453468192560961825e+00
1.430114186888088890e+00
1.401317677161119102e+00
1.320143829501515986e+00
1.263281828343159940e+00
1.218743699416035886e+00
1.179241013921870973e+00
1.128793943248067588e+00
1.087794270633247296e+00
1.043814473176872815e+00
9.997442936632544574e-01
9.607788766024537574e-01
9.261932491271938073e-01
9.269831428582590016e-01
8.617315234936593349e-01
8.349181445423885517e-01
7.768902130213199975e-01
7.441138848041891629e-01
7.192821000830424971e-01
6.779270819879225085e-01
6.581076841303704628e-01
6.154804682638209679e-01
5.968146462709896793e-01
5.628370293180239292e-01
5.388253800678337591e-01
5.326314621038825692e-01
4.898333962898165916e-01
5.122351190501130969e-01
4.547234540946125669e-01
4.328358584816874299e-01
4.112181350370438526e-01
3.959431854061518652e-01
3.843707428879452048e-01
3.682706189063009727e-01
3.497425065081776197e-01
3.511216197253634319e-01
3.257868903587472498e-01
3.810638114054453185e-01
3.053062579993309211e-01
2.908703597428869969e-01
2.967637632263585568e-01
3.042302014321182635e-01
2.683895812484276555e-01
2.657598666972768031e-01
2.558085286388452340e-01
2.577606037340957612e-01
2.454821120415865421e-01
2.435813825600172955e-01
2.374844103854438504e-01
2.318033904066651163e-01
2.362348851615881373e-01
2.231320523628480823e-01
2.155066514335145234e-01
2.247035498812440524e-01
2.095913787196589384e-01
2.043711593981633046e-01
2.052787782960195928e-01
2.129443995587180227e-01
1.998630302239208234e-01
2.650324702991008752e-01
2.270729859987874466e-01
1.969782630958838432e-01
1.889796724447263265e-01
2.050128520188305992e-01
1.871725221680487772e-01
1.953758345818424613e-01
1.931043375350558478e-01
1.800672691408752579e-01
1.821620438650920493e-01
2.085020186805779940e-01
1.831387479259303785e-01
1.770473388414353089e-01
1.748850610154607799e-01
3.154099748473666587e-01
1.862287978420026913e-01
1.898225241153025378e-01
3.780531067418830271e-01
1.684601354307375953e-01
1.689190889192158929e-01
1.741205511852320087e-01
2.172055987301683422e-01
1.637630661578834967e-01
1.726240822401335362e-01
1.615728314735594418e-01
1.612438452247543785e-01
1.633410404641101044e-01
2.261473875742636974e-01
1.651687215874379500e-01
1.632374723783627801e-01
2.266604043269953295e-01
1.738250978956591142e-01
1.696495853840071233e-01
1.612282604398674879e-01
1.743875007493509433e-01
1.620373149040398031e-01
1.652228839190189313e-01
1.858518273085060790e-01
1.634542335901627008e-01
1.922670265614057072e-01
1.650086769892367133e-01
1.757394182902808077e-01
1.563578366226054950e-01
1.563711839709513163e-01
1.553771085007233654e-01
1.545285742590288280e-01
1.615633241079785509e-01
1.565548328726155125e-01
1.740216606379544617e-01
1.563687912523862300e-01
1.557255707398204347e-01
1.539456570501444577e-01
1.688811859684105354e-01
1.621274237860337308e-01
1.574071601826668720e-01
2.033322682242503232e-01
1.691943985216368407e-01
1.740182756775252026e-01
1.742842731476046403e-01
1.944788231857151328e-01
1.542082739885787535e-01
1.510910286818684944e-01
1.511032704885187927e-01
1.571027192081912716e-01
1.824247805244195164e-01
1.518236297659374401e-01
1.509519998635550642e-01
1.522760164979188868e-01
1.487908025949330748e-01
1.543656321327311898e-01
1.521692284522568328e-01
1.519853939187030822e-01
1.650926255575217161e-01
1.745445353606697725e-01
2.395305384576276175e-01
3.025791869740600548e-01
1.853431512473808773e-01
1.544884423447968891e-01
1.599338303291484298e-01
1.716791547487857283e-01
1.589371362411029498e-01
3.343873210892066017e-01
1.509500530848610078e-01
1.542672620479002832e-01
2.796941284196818867e-01
1.473195754124126122e-01
3.759903468143894756e-01
1.559277552575386583e-01
1.659040782603387054e-01
1.975746136786492579e-01
1.963350005596437298e-01
1.549452384932789029e-01
1.559952042884656387e-01
1.635479662279269164e-01
1.573716264111406360e-01
1.517747564252222015e-01
