1.064533909641432796e+00
4.659171651420310201e-01
1.498256904755960406e+00
1.718998341082889514e+00
1.217022731933340207e+00
7.614337403702181595e-01
4.569781453042379149e-01
2.734672563858269179e-01
1.688759700309167555e-01
1.097829764306049172e-01
7.520452106024121119e-02
5.376453617735523632e-02
3.978627136906365963e-02
3.044615970057062970e-02
2.420735519909553504e-02
2.011541405512744241e-02
1.694109838854635647e-02
1.591121391971533211e-02
1.200621574677046034e-02
1.430867472717898929e-02
1.774162958294251205e-02
1.360599117563937241e-02
5.593128553720664101e-03
1.305856278351597878e-02
1.274671338505403706e-02
1.223909550344837345e-02
1.204123409969525861e-02
1.210842665775180814e-02
1.125388553705114654e-02
1.713229431778119649e-02
1.044061553808280605e-02
1.008329913026156412e-02
8.135580164972001233e-03
9.257904866103897762e-03
7.849362249928023075e-03
8.326595190103668054e-03
8.179783085545035831e-03
7.057610100177386971e-03
7.427030581181436573e-03
4.914286827883877252e-03
7.640906133633625259e-03
6.334909501679135413e-03
5.786757201024775830e-03
2.489056829294985888e-03
8.633070167337868889e-03
6.066821622270512915e-03
5.406170054337223162e-03
4.625601148233147129e-03
3.476726692760968677e-03
4.490250433904427463e-03
4.987246395169740547e-03
3.317159898571577902e-03
4.201616218599875212e-03
8.553771860791186538e-03
5.585151024424456385e-03
2.866463205771376584e-03
7.740376934315230419e-03
2.614643929359158035e-03
5.014741962008203643e-03
1.331308247951915307e-03
1.048161701478161553e-02
2.500292919459481088e-03
1.467808669624536509e-03
2.109625678907072008e-03
2.899459363662989977e-03
3.370378303545961199e-03
6.113447840418876136e-03
3.587361244320209312e-03
7.367499557558788211e-04
1.938388957315174055e-03
6.699808545566550075e-03
1.630887424680780044e-03
2.546667412248133054e-03
1.040538307730669429e-03
7.132644460822322625e-04
1.318506618861010719e-03
3.859547904751314297e-03
2.861794817569858138e-03
6.085040947012364905e-04
7.056392661144510973e-04
2.867592459069743561e-03
4.194049670457586951e-04
6.424727651428089725e-04
2.748569794867797961e-04
3.681658908818334153e-04
7.633134169226287466e-04
3.389987145003223092e-03
3.598742565828019248e-03
2.055070678916713525e-04
2.135417696958427950e-04
2.820309517692977147e-04
3.776120466749295895e-04
8.954331642053738570e-04
1.375011073683778465e-03
1.422207818650347367e-03
6.736876050068592433e-04
1.800061096781021934e-03
9.811113696640190191e-04
3.605583944171396327e-03
2.489639012369761987e-03
7.471409729915260865e-04
9.646456622500320256e-04
8.092621375545347570e-04
1.474057410773273223e-03
2.520011209321516236e-04
6.933671488608435371e-04
9.799821115617640688e-04
2.462656838480541208e-03
1.220310169396235595e-03
2.156782369222000513e-03
1.119721416921016545e-03
9.360038987383351942e-04
9.222542349532087541e-04
8.096185834423692135e-03
1.426061044872045918e-03
7.826300098398102610e-04
1.475239016593361601e-03
1.421147514002845053e-03
8.498154991737358419e-04
1.236145622989734578e-03
7.027489653644907125e-04
1.067174204554846529e-03
1.076149711987138720e-03
6.836991748733210793e-04
1.264870776388087687e-03
1.381172116149849676e-03
1.360607860759423813e-03
1.285935756119069252e-03
1.702928615752422829e-03
2.167001145030557872e-03
2.520650544903323565e-03
1.556963225754347474e-03
1.320333653386797541e-02
1.483371090270459332e-03
2.947331689537838369e-03
2.871543163810182271e-03
1.084756293261209892e-03
7.728199125583801003e-04
3.701251207967486568e-03
1.009770652232752077e-03
3.877555599830949645e-03
3.067888727629605392e-03
9.724225801360861102e-04
2.827953330133893550e-03
1.056640334958892620e-03
2.190679846821659300e-03
1.310148314799092738e-03
6.447360281541144635e-03
2.762103134264169355e-03
1.030990663915059939e-03
1.974590667857947790e-03
1.008028384513899416e-02
1.010287388481003129e-03
5.332473330912516039e-03
9.709661191867986416e-04
7.425933210715332349e-04
9.880033026219167767e-04
1.360706896168797746e-03
9.811702769217583997e-03
1.266124923852031750e-03
1.864417660792511144e-03
1.249935046205672730e-03
1.221050557331553521e-03
1.845807820673218708e-03
1.335040908554930303e-03
6.997546646892815027e-04
1.507664752795148406e-03
1.222910668262335888e-03
1.216242328111436866e-03
8.045669318446335141e-04
4.174987936738918000e-03
1.930422746434663642e-03
2.794156276053950429e-03
9.539091389093699727e-04
1.926216656234864318e-03
8.222351936414662964e-04
1.400195045737006542e-03
1.429036026867010417e-03
1.365208846309599357e-03
8.744036642513014750e-04
1.285920244792263358e-03
1.638786970938200648e-03
1.225134063584520363e-03
1.328543868138783906e-03
4.323128812264463022e-03
9.695307785168402097e-04
2.640563136942598605e-03
2.226726570259447788e-03
1.097613203213980686e-03
6.514710952540200958e-04
1.021748997708287789e-03
8.573366473163744313e-04
1.381188167610392136e-03
3.880620217353697096e-03
2.417337169812650791e-03
7.110764499901040371e-04
6.506261514636277332e-04
1.202982042516330093e-03
2.281130202165296359e-03
1.067494078410895393e-03
8.958913552095590371e-03
1.148763340948686946e-03
1.508314744817876177e-03
1.287999578044774114e-03
4.719351043030619100e-03
9.743211065131824949e-04
1.177921623191640179e-03
9.887192094907538368e-04
2.158706183337479999e-03
1.252444638836231220e-03
1.048205434009515363e-03
1.420160233354472853e-03
5.243663262516438245e-04
2.000697540215218978e-03
1.038960388782238188e-03
5.850281036999493457e-03
1.080680535363881794e-03
4.285821009396569015e-03
1.029429131846976370e-03
6.664173592207312717e-04
1.410877792296203739e-03
2.528156230778864488e-03
1.880939141429549153e-03
1.039841866985171705e-03
1.463029421328616983e-03
3.252355605452234531e-03
3.550456663100113458e-03
4.192703160727437317e-03
3.046436381084604433e-03
9.229093555578083167e-04
5.566926449036143157e-03
9.868045207539874377e-04
1.690154130650301694e-03
1.004533618519918604e-03
3.011829041198344804e-03
6.534832363340011474e-04
5.446724892281351680e-04
9.408889256431052098e-04
1.105255071442370765e-03
4.517688005733464657e-03
1.576962407336543080e-03
2.026380861701037282e-03
1.015031997689550772e-03
1.103546053882000161e-03
1.475113224109043941e-03
1.182854756268326502e-03
1.016588528314112203e-03
8.672736395832926883e-04
5.685793206648994107e-04
2.313093102342511642e-03
1.619300786715034430e-03
5.701998445788417254e-04
1.351599579219141169e-03
1.657677758817123698e-03
6.629167027425267615e-04
8.676315180115844747e-04
1.415410651330710912e-03
2.802729066410406152e-03
3.393566208258668327e-03
3.498785741652330611e-03
6.591502616453108346e-04
1.133046004982996837e-03
1.211833247732233432e-03
2.109463931294455839e-03
7.712115705414669892e-04
2.804967224065489477e-03
1.345905713895142325e-03
9.594784005012542763e-04
8.364777644781977266e-04
8.051285033066222976e-04
5.886441088710183582e-04
2.959257834643212477e-04
4.430361987408294082e-04
6.416812386539796735e-04
7.581585855827081789e-04
4.904988179438223928e-04
6.230026720019200348e-04
1.199470876359448124e-03
8.802886437871764672e-04
1.924883673059285451e-03
2.616924760144627871e-03
1.487004910692835916e-03
1.472381707172994028e-03
5.153597534249623486e-04
4.337553881703243037e-04
8.203876271415333704e-04
3.685184896445438483e-04
9.242320311473986626e-04
5.341238459091954011e-04
3.713741698521935610e-04
8.290572009709612413e-04
5.999802362518466027e-04
3.662656952805889662e-04
6.031952506726955465e-04
8.952842037433705793e-04
7.084615646598966046e-04
1.370516002884263583e-03
4.165484998803503126e-04
1.828572090247367835e-03
6.044621025750758752e-04
