1.129007108671700399e+00
6.577301875988020852e-01
1.850755815152825390e+00
1.780187545586296993e+00
1.359737234877971046e+00
9.719922226252289965e-01
6.884271777083086352e-01
4.874647167822265259e-01
3.453759617793805692e-01
2.450276895223227058e-01
1.743072281942074919e-01
1.247014265420046397e-01
9.037702791579747819e-02
6.725110893062966055e-02
5.212597448207608591e-02
4.231792789536630017e-02
3.575641250834681734e-02
3.108670775356472613e-02
2.753749406634887695e-02
2.470033264016389604e-02
2.235080539082292400e-02
1.987010127542437887e-02
1.876775925976712639e-02
1.834656584252170736e-02
1.603445113098033240e-02
1.407993647162799310e-02
1.391082867930626930e-02
1.382755921993984900e-02
1.221600041188061932e-02
1.307779444202820766e-02
1.095339435011626408e-02
1.054360421129797720e-02
1.238352182862762114e-02
9.148542549205032973e-03
7.915949795939711958e-03
8.280281324473991525e-03
8.229059437140933200e-03
1.342671777394024643e-02
1.200391291427204202e-02
6.673607269190993084e-03
6.481627171366443826e-03
6.871393770101682889e-03
8.766067622960900529e-03
3.833388660066593470e-03
6.453887816248729363e-03
4.681158508276832449e-03
4.558483596628170806e-03
3.861641647718917856e-03
4.286988132425068564e-03
1.661909794460104299e-03
4.056714559684335662e-03
4.257437434276725892e-03
6.264538130887013952e-03
4.446415274384242326e-03
7.162619197976341327e-03
1.322210953513520623e-02
2.884301527324796381e-03
2.442215376432039804e-03
2.932557740028182963e-03
2.370088340355719098e-03
2.205135577276066353e-03
2.103218444784934159e-03
4.096452041096467801e-03
8.855291904213637069e-04
3.846985049097792486e-03
1.180014652720564293e-03
4.458289673490379613e-03
8.362836162498301935e-04
1.480391036915854009e-03
1.373134819631054247e-03
1.275545879920653375e-03
1.508069451991100700e-03
1.286149458746999041e-03
1.175247561978671855e-03
1.587877078818559010e-03
1.079717285987460062e-03
1.036957705534789255e-03
9.200946777500389152e-04
6.250259397499179385e-04
1.048209474542160157e-03
6.388188368153105597e-03
1.672261271551007131e-03
9.398506309156002062e-03
8.487821494640523197e-04
9.495783673280223502e-04
5.442132549012191527e-04
5.377892122557298947e-03
4.965084093377653517e-03
7.899492141588977234e-04
1.062736677721075329e-03
8.832473771195986601e-04
7.633866762979741455e-03
9.287379693652185290e-04
1.207551283132182046e-02
8.496697883033188341e-04
1.506795945768853217e-03
2.672717055917131403e-03
6.329848925762251478e-03
4.118469658756115340e-04
1.683681368510412312e-03
8.876701045033047466e-03
3.365870519099718803e-04
1.428610710412924964e-03
2.431883924454493126e-03
3.168685587268637010e-04
1.724871441727830312e-03
2.689484195707584268e-04
1.442177290952365281e-03
2.987358669985443606e-04
1.137521660156231825e-03
2.339668425507021696e-04
2.421363032194690109e-04
2.109483746604515295e-03
2.977059968588990262e-04
9.837067214502984505e-03
4.190785447624709474e-04
3.181403864400080776e-03
1.454454061552523268e-03
1.808850990715359661e-03
8.911700422107229208e-04
2.364322642910842863e-04
3.165980607544462318e-03
1.697869266144933637e-04
8.814406704286557783e-04
9.108969634585432126e-04
1.289762386000858733e-03
2.563572025669044654e-03
2.128221137658621717e-04
6.500490522213149720e-03
1.654961469452478830e-04
6.318783717987360013e-04
2.085464600558262389e-03
1.630712069398320893e-04
4.979865845089144483e-03
9.022870877955685475e-04
6.793073478290315506e-03
1.034896547364134046e-03
9.504730846133947059e-03
5.653801780282472931e-04
2.645118047910248373e-03
1.335608659908277176e-03
9.951690029611922304e-04
5.498109120056081552e-04
4.483696062778712798e-04
2.684661685003305784e-04
1.139528688189753560e-03
2.797293770048858621e-03
1.136153460936426387e-03
4.805433292410563983e-04
1.007142789048037562e-03
3.154703784951564272e-04
2.183575358800961806e-04
1.570625891246267298e-03
2.516841269464299962e-04
2.233784954716826047e-04
1.132160693706262683e-03
4.537858794281286333e-04
5.291037740925937094e-03
1.083858823472013061e-03
7.828486196798638969e-04
1.664245077232878961e-04
1.131432702255918922e-03
2.022808746420976477e-04
3.907638364516070710e-03
1.347790179195208771e-03
1.897259902863359152e-04
6.643794190858302645e-04
4.964217094145337728e-04
3.578466782507149120e-04
3.848409384770731345e-04
2.135769362681407511e-04
1.232080518729646945e-04
1.538600048716447211e-04
1.112604711190636657e-03
8.760686786461624074e-04
5.244698635983402555e-04
2.167114819868604797e-03
1.634388271141247548e-03
3.957097919776058400e-04
1.520586809674970502e-03
3.832981667806092496e-04
2.445718668238720372e-03
9.934664577521885084e-04
3.271425334262924745e-03
4.566412785379301252e-03
1.856681407071210019e-04
4.301495655102954320e-03
5.266826473709970832e-04
1.142079435554494977e-04
3.533624519295615590e-04
1.281415786588238387e-04
1.905510636965134300e-03
2.929505429332071738e-04
3.686962792577909778e-03
1.624904543264548079e-03
5.113787307139973891e-03
1.510100143052844749e-04
4.637179464304304159e-03
1.129313567141977242e-04
2.747197438346855609e-04
3.377912788554599931e-03
2.238025374302068601e-04
5.034774848553445065e-03
1.189133072948758566e-04
2.087359786573110033e-03
1.786475354242824515e-04
7.859928872613500088e-04
2.673998141018043943e-04
3.613855229242755873e-04
1.052058241726525761e-03
1.523089835955030715e-03
1.704925066384145778e-04
2.077140076289363930e-04
2.244650506349177808e-03
1.389803877344316339e-03
6.035434461166395113e-03
2.063364965545521127e-04
4.017136538886731389e-03
1.667186668819796230e-04
3.470686080603463419e-04
1.509660105972044199e-04
1.171900855910546022e-03
3.556386980262329998e-03
3.034446116418621810e-03
5.240977676689608823e-03
4.662726907076053117e-04
4.420848858111470670e-04
1.763232927483722847e-03
1.129353746098901018e-03
1.931492467362630732e-03
5.083024653938255548e-04
7.787140153692866931e-04
2.668838153525138115e-03
5.638908309933276944e-04
1.819920545252589868e-03
9.322587490698984935e-04
4.770593772545872165e-04
1.076751569512038147e-03
5.886730849234478487e-03
1.184635827001686279e-04
1.071339734175553397e-03
1.949320523464046731e-04
4.692025312190589736e-04
9.672441321313115592e-04
1.393577620013683417e-03
1.009023352252988665e-03
2.474340599908719709e-03
1.112645887353335989e-03
1.202783258281491267e-03
2.670380422411181530e-03
5.379714881226121438e-04
2.511857255934482418e-04
6.313381496576962347e-04
9.945730193401436424e-05
3.525859159379766549e-04
4.525398022580786662e-04
8.983438037689544034e-03
5.873620807853975959e-04
9.555083616451389523e-05
1.954172776174306365e-03
4.001017900364233089e-04
1.253039867622885275e-03
1.351773983595218635e-03
5.361902476304377220e-04
7.834898618399407282e-04
9.475525614102979673e-04
6.147020534343655045e-04
6.886087830488896774e-04
2.339486712647546819e-04
4.170734571890193998e-04
4.786046137517254925e-03
1.667801036178714327e-03
1.761934663277731506e-03
7.407161554211304233e-03
7.776244048215910512e-04
2.200630366182676056e-03
6.684721294001071991e-04
5.704743602906281290e-04
1.976643267932147972e-03
2.409991107137584069e-04
3.862775524082665110e-04
5.869351306192274742e-04
2.990455663074427332e-04
1.396523968729240697e-03
1.959070877895901196e-03
3.507607913363836104e-04
7.886625871460290946e-05
1.189287998880958659e-03
4.641953931370782134e-04
8.695101013695810113e-05
7.861734478112362631e-04
1.374416760119034388e-04
4.164702781064591962e-04
1.271093680246805115e-03
1.217552498569969110e-04
1.842477671267963441e-04
2.743306680727703741e-04
1.990651699710757616e-03
1.032729984838962577e-03
1.134463475657694978e-04
