1.015663282148805191e+00
1.177984599209037420e+00
1.094377581914932618e+00
1.139175276332548226e+00
1.412532712921303446e+00
1.887401756444148981e+00
1.770744859779405544e+00
1.273218195984215706e+00
2.155087731159298414e+00
1.989448017754920528e+00
2.071431270173449413e+00
2.082970158418787854e+00
2.145662472579751512e+00
2.070557740830822890e+00
2.068477930812169241e+00
1.983351921799947570e+00
1.845935088005643321e+00
1.887054718695239997e+00
1.769844170833051678e+00
2.040274170498164175e+00
1.648461808843782128e+00
1.581791306349962234e+00
1.524364347901865369e+00
1.482828862168198425e+00
1.468663774480400974e+00
1.364032451205134278e+00
1.346753250294264737e+00
1.489041744319360427e+00
1.308920376905540195e+00
1.198468356970417759e+00
1.145002408646754732e+00
1.121273378308154101e+00
1.082460747659939493e+00
1.049668457718207160e+00
1.035150925885848894e+00
1.016629431685090124e+00
9.966118426923392670e-01
9.436290570090991592e-01
9.055179597832890837e-01
1.264752413149329069e+00
8.908038700194405024e-01
8.851144104738679630e-01
8.407039493185752832e-01
9.023794358544581229e-01
8.322125850420800663e-01
8.013024269354479534e-01
8.003714252333347101e-01
7.505622455236895529e-01
7.374165889828040443e-01
7.712325656788940886e-01
7.367192319491563390e-01
7.521920881505175238e-01
7.875870364241023269e-01
7.721042853270604356e-01
7.415090432478512739e-01
7.382841205787987748e-01
7.347562838348418168e-01
7.337382357253360299e-01
6.119432647969177408e-01
7.208539210267410624e-01
7.152681059394520036e-01
6.538306049604856174e-01
7.049016243366124090e-01
6.563776396961559234e-01
6.937015502297043668e-01
7.078117696693055905e-01
7.345328735663687603e-01
6.930299832182548192e-01
8.858347543514766276e-01
6.203310700610289441e-01
7.012730720614464008e-01
6.775563827828647856e-01
6.965199967869970532e-01
6.940157515987562808e-01
8.083120030805026612e-01
7.056911256732663063e-01
7.373334481180688904e-01
6.951984502936354726e-01
6.781656348541125201e-01
6.765334293353219008e-01
6.831845985441887814e-01
6.106100703146302155e-01
7.490842195107093593e-01
6.678954492188819980e-01
6.822601347172294606e-01
6.406773716148764786e-01
5.595357765726141075e-01
6.506293367645958892e-01
6.043416222743692723e-01
6.576486781962331829e-01
6.376434026982513714e-01
6.852102698670681225e-01
6.747675902111887059e-01
5.725782191544870336e-01
5.726358596510130461e-01
4.591218908448058689e-01
5.334228458672451989e-01
5.176489261624814819e-01
4.980281950077842801e-01
4.946306069446065878e-01
4.590516734690389677e-01
4.576155804652374814e-01
5.070554071374416827e-01
4.897947483913731581e-01
4.280724157401406549e-01
4.299512019426605103e-01
4.563186361857956563e-01
4.130810628515795280e-01
4.155733066239363227e-01
4.171437410694607273e-01
4.180785809371850847e-01
4.229962964272265813e-01
4.258278355922918701e-01
4.609061472855246477e-01
4.374480451206441689e-01
4.230214105355977749e-01
4.614530741122453428e-01
4.705840267075872552e-01
4.849846687389203215e-01
4.596261752993978655e-01
5.046726965760107708e-01
5.524972522026523336e-01
5.469824936530560677e-01
5.294753665285918398e-01
5.569696418249219239e-01
5.924021359480043936e-01
6.169274405966748143e-01
6.366406718345644089e-01
5.968292739174648753e-01
6.343414389114468976e-01
5.956167391724790372e-01
6.671503213403325860e-01
6.717794213518870627e-01
8.416517662005561506e-01
7.605904163339839430e-01
7.743438266296274186e-01
7.889919070270966506e-01
8.184945495802089521e-01
8.505298350986673084e-01
8.652851612117881119e-01
8.794244594063563847e-01
1.043857506029881366e+00
9.174520662289391559e-01
9.347730824567263008e-01
9.753778270869278844e-01
8.195572862581907980e-01
1.030318691908017392e+00
1.008249484535147067e+00
1.073863761093853730e+00
1.082735751417104320e+00
1.195983145687123272e+00
1.082962725796925874e+00
1.197416100279050211e+00
1.097368192445112633e+00
1.203661963229934129e+00
1.224984513636525607e+00
1.221574262567842961e+00
1.330427386052080108e+00
1.351940989876145860e+00
1.362861607178913914e+00
1.378666371005307978e+00
1.485564979552173703e+00
1.546339020890951543e+00
1.378183486760593990e+00
1.165101561811478392e+00
5.229560046136844109e-01
3.703170342224132994e-01
1.720184142931012294e+00
1.041679044163376755e+00
9.486569491368438412e-01
8.032141614481215219e-01
4.936492410453281465e-01
8.181474362298403191e-01
8.504693707758992360e-01
9.224972753682042503e-01
6.029230732232289114e-01
5.854478273668963784e-01
5.564638482341957015e-01
5.159140499317593775e-01
3.354241047977453705e-01
6.233887886189857230e-01
4.298751218011891417e-01
4.730962758296369808e-01
5.058942145938495338e-01
5.679685627379718049e-01
5.335748009423207927e-01
4.247734514123165384e-01
3.660326947285763577e-01
6.236151209350910829e-01
4.735662821242618281e-01
1.007270677587851049e+00
4.694159871966630537e-01
6.773602786102466133e-01
2.024501168967193787e-01
5.114425689712654988e-01
9.547172573834886711e-01
3.487301616439717478e-01
2.916572706777188495e-01
5.795169646352084092e-01
1.167993236256644751e+00
3.579375191497902176e-01
6.359065788726573354e-01
8.865622914600308491e-01
1.757999779874056978e+00
5.134184612345075172e-01
2.820074290059964572e-01
3.514110252682214330e-01
3.378720211032330001e-01
6.313703663316478920e-01
1.082195445454990912e+00
3.354653556924885871e-01
3.307785201493529947e-01
3.593555419249499505e-01
3.302821465632622688e-01
3.416241383281544142e-01
3.002909414102862828e-01
3.287712379650110095e-01
3.607749652043256150e-01
3.120944008426860261e-01
3.195924661264836764e-01
3.632238007061622254e-01
5.347372967889488793e-01
5.295898237668061892e-01
3.459777747370690326e-01
3.081885943538251738e-01
5.518299524385132937e-01
1.564352035922060846e+00
3.282800355563079142e-01
2.885552430350594166e-01
7.390773360826532468e-01
2.918974580028094734e-01
2.197729136403062666e-01
3.668713306509226446e-01
5.019710545045036332e-01
2.681617338030140574e-01
9.334693866980333654e-01
2.957119808338611877e-01
2.880532531513598227e-01
4.300372333629631783e-01
4.743633846428884637e-01
3.717293291787098219e-01
3.428759334081171728e-01
5.907171649806891578e-01
3.215199488185557786e-01
2.481826602022410011e-01
3.099272824198298082e-01
3.634745444867090169e-01
6.780280179966836629e-01
2.832048486329892256e-01
2.747257728134043786e-01
3.140050060757095807e-01
2.775493764895346493e-01
3.843960956167983278e-01
2.908191888328768293e-01
3.882748916129027950e-01
4.355888756668044315e-01
3.161868753247172315e-01
3.079540234930169262e-01
3.808727014209604134e-01
3.102503009081479246e-01
4.272852879671500403e-01
7.485230039585922812e-01
2.813508822016211330e-01
4.171167670112995163e-01
2.667065869110306631e-01
3.553336750618655282e-01
2.878333383518344446e-01
2.795816231163310572e-01
2.854187834567971094e-01
5.865578233868463665e-01
2.655589463896848024e-01
5.035358994945454691e-01
2.784421054849856580e-01
3.410928975403996755e-01
4.097580252018741542e-01
3.048545369622181478e-01
2.937994362055685316e-01
2.935577632715339891e-01
2.788358261705006225e-01
2.958124997307234327e-01
2.415207180817364463e-01
3.232841608307051029e-01
2.659597104580873062e-01
3.333490938143422455e-01
3.885884038187888967e-01
3.425435590486419768e-01
1.029520919530434009e+00
1.608910436568111502e+00
3.850656774055776221e-01
1.370808994984412887e+00
2.813684067536155187e-01
4.033728937059622988e-01
1.028972825515930500e+00
3.580029155831295218e-01
2.126654712981412843e-01
3.167892984653215005e-01
6.064621443974713699e-01
2.369858982163300654e-01
2.629680618296418859e-01
5.707919915587350568e-01
