9.970723803989260947e-01
2.698454304952660809e+00
2.554549034541528485e+00
2.615107801393129261e+00
2.609922735842013175e+00
2.608853684759534275e+00
2.608586953317546975e+00
2.608545105005083631e+00
2.608541498268571956e+00
2.608541307345354721e+00
2.608541089329215801e+00
2.608615760740284450e+00
2.607692961401880005e+00
2.607699354879129849e+00
2.607699386037686029e+00
2.607699579504332288e+00
2.607699478537755855e+00
2.600471499698013389e+00
2.603291137419355472e+00
2.603309992227245573e+00
2.603309955788997598e+00
2.603309973489227769e+00
2.603310092862911596e+00
2.603310117336957497e+00
2.603310210914393519e+00
2.601822128857997019e+00
2.601219705820121408e+00
2.601226089851144341e+00
2.602472374215658135e+00
2.597040963979933892e+00
2.596971559935589813e+00
2.596971852599462061e+00
2.596971935284510646e+00
2.596971949667423729e+00
2.596971560337554052e+00
2.581813943797726107e+00
2.581228197797321933e+00
2.581225452161901579e+00
2.581225521214666863e+00
2.581225516902451389e+00
2.581225534132037147e+00
2.581225656230087040e+00
2.581225668629957060e+00
2.581225509721462696e+00
2.581225505167896728e+00
2.581225236206426299e+00
2.581225275477538883e+00
2.581225574752318508e+00
2.578015321964936657e+00
2.577901324942224015e+00
2.577906778846937641e+00
2.577906848425216335e+00
2.577906873092049800e+00
2.577906211385973645e+00
2.576119082851416664e+00
2.575899099181024887e+00
2.575909729661657988e+00
2.575909491176796795e+00
2.576362897159484078e+00
2.574948097175159933e+00
2.574894579687147633e+00
2.572315116266069346e+00
2.575363892599227711e+00
2.574050026148192671e+00
2.573205810967615026e+00
2.575061183951110610e+00
2.575190677243030191e+00
2.573552261605130731e+00
2.572075039607235603e+00
2.573090516586026055e+00
2.568299218027095154e+00
2.572285556209044977e+00
2.572462247426850368e+00
2.574809528617193699e+00
2.574300714244319277e+00
2.571852716434356534e+00
2.573724701369902501e+00
2.572323036383691530e+00
2.573704613556733634e+00
2.573253131279383155e+00
2.575144758155917035e+00
2.575680408183505410e+00
2.572521485767559124e+00
2.572504615965773400e+00
2.574207673443217104e+00
2.573721712730832945e+00
2.575556923149894040e+00
2.575509013975751493e+00
2.576331303130172223e+00
2.575163399283681542e+00
2.574879458412540512e+00
2.575225672513299369e+00
2.575664936655429393e+00
2.573356224570349848e+00
2.576144464347283503e+00
2.577413059497174252e+00
2.578103553800634717e+00
2.574196642325415230e+00
2.577830195190370155e+00
2.576149324793777673e+00
2.577455662471998643e+00
2.573992634381334188e+00
2.575596931287744695e+00
2.575947411644324614e+00
2.579595914460365957e+00
2.579887248612757755e+00
2.580922252964370056e+00
2.578721000396433816e+00
2.578140989598081578e+00
2.583070952278206267e+00
2.576554916488128733e+00
2.582426233442239649e+00
2.580131845269428403e+00
2.580513803136557538e+00
2.580416998206205736e+00
2.579563024712737906e+00
2.580812910316303110e+00
2.581335227785630515e+00
2.582891435862103791e+00
2.576832514177096023e+00
2.580664407447825326e+00
2.580358696359987380e+00
2.581918486770061527e+00
2.575984732485425699e+00
2.582717100443607361e+00
2.577058896035627988e+00
2.581381653448927782e+00
2.580868308288885693e+00
2.579505654551483396e+00
2.581756412994054450e+00
2.578169313282918651e+00
2.578057211273618865e+00
2.575266008627357994e+00
2.578429431242919456e+00
2.579526044621765379e+00
2.578831912533779747e+00
2.575827213936379145e+00
2.583960661346568877e+00
2.575821995930330122e+00
2.581600464604987710e+00
2.574465958094796836e+00
2.578087524332439262e+00
2.576735462463370485e+00
2.574699343122085260e+00
2.577558195843326239e+00
2.577656841713668268e+00
2.575098890213397773e+00
2.575865859952556125e+00
2.572161064234995909e+00
2.572245757222273443e+00
2.575317952923330544e+00
2.574540793734460209e+00
2.574518443920855493e+00
2.568778006243873424e+00
2.570043117718882275e+00
2.567632014914972061e+00
2.572320895352460557e+00
2.568793197158486308e+00
2.569275493760359463e+00
2.570970060446303052e+00
2.572917683239997366e+00
2.569532736757896174e+00
2.569129559392423712e+00
2.566603575858590780e+00
2.571009869328172659e+00
2.566125627326746539e+00
2.565210732054342913e+00
2.567293068080972684e+00
2.564840495187933112e+00
2.565266928274203551e+00
2.567553149194992113e+00
2.563535296708600697e+00
2.561446833606533247e+00
2.566551107153272948e+00
2.561277174328027151e+00
2.564994981557889187e+00
2.560378063441837604e+00
2.565044836742678136e+00
2.558950178907264839e+00
2.559654578333954156e+00
2.560807676392764076e+00
2.563115513841592641e+00
2.555921653071555610e+00
2.557712421770536704e+00
2.558498657242282981e+00
2.553525553762500788e+00
2.555635253076236957e+00
2.554254611792140750e+00
2.552361095772934352e+00
2.558830915024362884e+00
2.558492896019694207e+00
2.558375561481921245e+00
2.558367477502993648e+00
2.548934937614675711e+00
2.549494410608291073e+00
2.551275795089099852e+00
2.550495429448530693e+00
2.550991089816205371e+00
2.550491142479508699e+00
2.549535617752263672e+00
2.549966028290966857e+00
2.549384320608675925e+00
2.548928879540379278e+00
2.545446620224149914e+00
2.544854305568274633e+00
2.544450350426204821e+00
2.546948165086392990e+00
2.543065858245815214e+00
2.548883323157133063e+00
2.543809256491719406e+00
2.544232424575691542e+00
2.544622391347263424e+00
2.550719724296280244e+00
2.550776572799972719e+00
2.543468815053165244e+00
2.543111273405598727e+00
2.544422046445681040e+00
2.542777182399152736e+00
2.540451625516915612e+00
2.539772303811514753e+00
2.538263848444328286e+00
2.540871879722245819e+00
2.539817471548350358e+00
2.537058017364720364e+00
2.536499151344832281e+00
2.538009704219603702e+00
2.540170401862918315e+00
2.536671038904948272e+00
2.534678188384323239e+00
2.536828673089260633e+00
2.531523211374086646e+00
2.537414173713756771e+00
2.534955066512854849e+00
2.535436556862596724e+00
2.532221308529506221e+00
2.535074744021606374e+00
2.533661885729265872e+00
2.537822812066783396e+00
2.537865802461911624e+00
2.529532021028011446e+00
2.528974671376776673e+00
2.526099384193010167e+00
2.529588103463193072e+00
2.533712361335654695e+00
2.529538877555812526e+00
2.528413812189438392e+00
2.528783766596848004e+00
2.532612509993229288e+00
2.525983552710657332e+00
2.524768509914898651e+00
2.524259570308078349e+00
2.521092919672944355e+00
2.523394691910070708e+00
2.516452761762188128e+00
2.533732838164902468e+00
2.525948023294694700e+00
2.523244321146217217e+00
2.524573900426703599e+00
2.520966453498755477e+00
2.521348750066960243e+00
2.518814437605395362e+00
2.520224163852631261e+00
2.517841649393941506e+00
2.521258390683658313e+00
2.519396982439777055e+00
2.516419314501430193e+00
2.516190619774130166e+00
2.512209269626410890e+00
2.510720172174937037e+00
2.513995623837744997e+00
2.514178322075494521e+00
2.512638581952382655e+00
2.512355388118496791e+00
2.516114759277063850e+00
2.510841614930293009e+00
2.513246453205775666e+00
2.516965516957616167e+00
2.512699474839434899e+00
2.509950849476231483e+00
2.512011041597332017e+00
2.509450105318252522e+00
2.511133093295338181e+00
2.508576151522143416e+00
2.509510912015450845e+00
2.505702479040651021e+00
2.508704233486231061e+00
2.506302168037658262e+00
2.505775368748411669e+00
2.506238223350788275e+00
2.506086938756252547e+00
2.505746057087497647e+00
2.504640012005260541e+00
2.500955860293177402e+00
2.502655495912503358e+00
2.508063099282585640e+00
2.499330817084202572e+00
2.499349683316331117e+00
2.505059285367188693e+00
2.503855775187809662e+00
2.503554213165395836e+00
