9.536626753071522078e-01
3.461535970289099096e-01
1.150870598207147211e+00
1.393176450403631694e+00
1.259774150210614341e+00
1.136957545725026275e+00
1.028310895692328586e+00
9.290218331607998925e-01
8.375951980363562921e-01
7.512062244756761986e-01
6.717541778091917770e-01
5.976097487634209893e-01
5.285264632577623134e-01
4.709454450164889394e-01
4.080246846977735875e-01
3.565818713435926490e-01
3.089782525307022132e-01
2.682412137203525337e-01
2.071075582775581125e-01
1.990091318897894423e-01
1.711052390951196267e-01
1.495459958052426930e-01
1.250943511391910123e-01
1.076295431186066187e-01
9.252366179987962791e-02
7.864333359529471212e-02
4.408014614602255576e-02
5.763877777596881913e-02
5.031856717641028376e-02
4.496978883061199250e-02
3.763059544776753418e-02
3.378626839813231308e-02
2.898895962901058485e-02
2.543414475449004564e-02
4.953635260846062094e-02
1.925962221136552632e-02
1.787049807671484483e-02
1.164818779366631231e-02
1.341358299435479670e-02
1.330888205389623227e-02
1.136671161141044814e-02
9.977164513694847248e-03
1.114258365128580237e-02
5.615521866065872718e-03
6.256784750951123811e-03
7.395922627301080958e-03
1.207142693180555774e-02
4.008994730069185761e-03
5.141756433140296130e-03
8.083242309212994650e-03
2.973241296142987034e-03
3.914217048519476848e-03
1.549370100262341919e-02
2.009571989327254594e-03
3.318918083460921896e-03
5.834880270231760334e-03
2.082456738857129015e-03
4.078463070630209200e-03
1.181161078372000095e-03
1.881674277468618674e-03
3.084412205877716702e-03
1.616072644531775472e-03
1.371360128263353351e-03
2.101004844625381854e-03
1.744408347940615799e-03
1.115652813250916659e-03
1.604564902316633250e-03
2.288935031820023367e-03
1.012807223926350669e-03
3.182018842452783314e-03
1.250898418136122368e-03
1.354092161465360929e-03
1.364697065419714353e-03
3.023894859347999505e-03
2.286233233854613987e-03
1.073830506282308188e-03
3.820407516454420952e-03
1.889161046630928814e-03
1.125664675024306161e-03
2.712881351284197363e-03
2.025010334842723258e-03
1.403037355997421637e-03
1.091389342804045121e-02
2.675070700568879696e-03
1.811179031411500572e-03
1.533098358253018323e-02
2.297693973179598930e-03
2.779011251713253607e-03
2.306928079405705379e-02
2.980419110755162197e-03
2.194772981755569851e-03
4.444697253075864142e-03
2.596466056520722529e-03
3.538846597025772575e-03
2.977970998525269770e-03
2.690509470730621799e-03
4.016238932395347662e-03
2.906498791837134471e-03
2.849140423200969933e-03
2.986926017805555632e-03
4.568308353111050907e-03
3.110263760771546284e-03
4.072284273441698771e-03
3.346497723301529708e-03
1.985563995260792441e-02
3.777833198681866071e-03
3.294046951977421499e-03
5.135788858144377245e-03
3.729449869858312248e-03
3.425023049714259315e-03
3.099839235622557990e-03
3.875813704096524228e-03
3.594569465687123561e-03
3.715882621383438840e-03
4.043527626675118801e-03
3.515529849197829553e-03
3.821840320826650362e-03
4.247585799575109150e-03
4.645220053153737740e-03
4.015904706160824955e-03
2.703906095075616061e-03
3.900132537363779940e-03
4.251547683952806335e-03
3.759395515800313496e-03
2.629414771886988411e-03
3.929578673910991658e-03
3.750783909540138673e-03
6.929451635155134750e-03
3.987317802128624578e-03
4.130145972791808041e-03
3.718492246574815578e-03
3.975903335228645440e-03
3.704927590896264430e-03
4.369282092121447129e-03
3.646310918460800733e-03
3.548930363907938559e-03
3.754175505093435613e-03
1.789937205395075726e-02
4.039538516179147672e-03
3.857773395051332897e-03
3.690148839094973057e-03
3.376110768241773023e-03
4.177096587660419393e-03
7.239211253962867833e-03
3.919845940852855620e-03
1.134144857344459613e-02
4.019581430437747446e-03
3.705564872078601774e-03
3.499765699439404999e-03
3.601821655308168682e-03
1.081367437466103018e-02
3.739302932090725687e-03
3.489263609749920520e-03
5.916317471919410598e-03
3.489749311377548634e-03
2.980846785526404877e-03
3.323000999655519819e-03
3.263735516089555019e-03
4.234954367663622612e-03
3.170690938846318276e-03
3.112642136314053461e-03
3.105630015874807828e-03
3.233132660151301352e-03
2.923470568649941866e-03
3.790843329098841832e-03
2.793207020860963806e-03
2.505956910351112791e-03
2.861719709990808748e-03
2.631530807881441846e-03
2.760071870719737856e-03
2.716791233823934257e-03
2.675629365591547602e-03
1.216375067960029019e-02
2.636740864602264180e-03
2.255660596720146863e-03
2.365741195782984207e-03
2.146830463918034376e-03
2.075117986445771442e-03
2.102777902946691927e-03
2.825085305200398557e-03
1.404716653501449000e-03
2.162473152105932710e-03
1.884402905746709704e-03
1.917771528963489085e-03
3.850436349849163577e-03
1.301787830260893669e-03
1.878691477977989478e-03
1.616931214562178191e-03
4.412248213666000382e-03
1.559012988001215591e-03
4.368062637651693413e-03
1.501015905944197990e-03
1.309021517986986259e-03
7.322011260056960355e-04
1.280273234617188916e-03
1.157628347565709025e-03
8.407108275028217373e-04
1.102863513599924242e-03
3.935604164142071128e-03
9.401479415455937794e-04
1.383461394236577303e-02
1.000295963695680334e-03
8.410157982044762269e-04
1.066643584521802203e-03
8.305232402705822964e-04
7.113875667088305358e-04
5.527438256435345150e-04
6.130499065511754416e-04
6.945825111296111956e-04
1.934335252402546697e-03
1.146200644436331725e-02
5.408445002830338183e-04
2.554563868685025101e-03
4.869394751160382355e-04
1.341430889645889996e-02
5.022256713859064208e-04
4.499610320673403979e-04
1.268986534572490383e-03
4.598520641967551313e-04
1.002946694362211177e-03
4.838055171066804670e-04
5.029592999762126865e-04
5.319671091791784451e-04
8.595772271073672411e-04
1.320072823445522315e-03
5.618157366574841587e-04
1.729969454905196449e-03
5.324440397260478365e-04
3.161523563017454557e-03
8.122387760770482861e-04
7.291676471188559714e-04
7.346509520390417805e-04
7.095653946763472684e-03
1.304892053414214012e-03
6.914794049802576057e-04
1.376879346880791576e-03
8.699382960361481823e-04
1.470798723311575289e-03
1.086401419360370508e-03
5.595827859141638090e-04
9.328538565801048959e-04
1.175065713594291607e-03
5.767567562897256070e-03
1.000494529105190860e-03
3.259035300603894611e-03
6.230784222995902621e-03
1.211928792399436135e-03
9.558961908414209240e-04
1.149721135104327498e-03
1.130629087842058896e-03
1.108368513632524083e-03
1.263854439952154587e-03
1.327076816221503530e-03
1.259717888142767705e-03
2.342137089766022518e-03
1.246053447717720974e-03
2.808202418048944948e-03
1.274484454977396894e-03
1.138268459724064811e-03
1.354635712113962717e-03
1.420535192867043196e-03
1.060700776659641038e-03
1.289331994549054120e-03
8.728820953936499219e-03
1.430408199457533155e-03
1.396784842775121698e-03
1.421522738212468518e-03
5.147555809599556505e-03
1.480864547967023891e-03
6.991237951387842611e-03
1.497993114361244630e-03
2.310065944536325491e-03
1.789188988576477990e-03
1.640312108719724302e-03
1.568285150835751433e-03
1.679067479261644276e-03
1.752784527308753806e-03
1.511530086710375720e-03
2.498160688905223803e-03
1.581278168013809876e-03
1.537716871337811535e-03
1.727961083367349562e-03
1.680160546568249414e-03
1.683852236751804147e-03
2.318717216264743614e-03
1.622853229153157226e-03
1.614068489873349754e-03
2.131885179487162576e-03
1.566025676159650158e-03
1.906863326030935066e-03
1.846323400853146657e-03
1.601739211705967671e-03
1.902928164065284490e-03
1.483189872091470428e-03
1.640823553027676625e-03
1.706944225585938987e-03
2.503025021104492154e-03
1.666604448189017498e-03
2.100102282884321828e-03
1.631549949806882600e-03
