1.048841952701522695e+00
4.458305335102622502e-01
1.602998795140195165e+00
1.850649137367628150e+00
1.450897982510637396e+00
9.720112548155883658e-01
6.478053341524742104e-01
4.389859345620384379e-01
3.044226452858154741e-01
2.171342996376903756e-01
1.597168626918886447e-01
1.211411253237704155e-01
9.452964476247444070e-02
7.561571726156322837e-02
6.174809652114123665e-02
5.127398743585301344e-02
4.316469521393663522e-02
3.678400179098422623e-02
3.173354285443513723e-02
2.773928180751233236e-02
2.459472073650000382e-02
2.212650219165344587e-02
2.018610968984570209e-02
1.865483888918977387e-02
1.732033740942730965e-02
1.638828819695655262e-02
1.560099942713129295e-02
1.697506038203420650e-02
1.424107382913640009e-02
1.993298926485147574e-02
1.296740352738840786e-02
5.927897757786760105e-03
1.191664158585752260e-02
1.165815379426365234e-02
1.082220734479370783e-02
1.048233426981033840e-02
9.892739611584830742e-03
9.560760392315331008e-03
5.684732496468094566e-03
8.720590811761391031e-03
8.323053338615774704e-03
7.697369110097987931e-03
7.532101602408448893e-03
9.630220617525928062e-03
6.004412717745440109e-03
7.706631587042987383e-03
9.439519767690548666e-03
3.573068825413690513e-03
5.468468806711458685e-03
5.658277466446376067e-03
5.353722026349621264e-03
7.957919584317813683e-03
3.957126700543913723e-03
8.193558356004866303e-03
4.121028476672998486e-03
3.470039272419509109e-03
6.630336963895352119e-03
2.708393546566616530e-03
3.480482940803073053e-03
1.703627860123128196e-03
4.526042720233641910e-03
2.351624302657717106e-03
5.322541696149976284e-03
8.638766424092895330e-03
2.397871034282203582e-03
3.025469390679587454e-03
1.458893959371406054e-03
2.159267318783520719e-03
5.610750963651003898e-03
1.487988772791252632e-03
2.353904215976446342e-03
1.681235714990749223e-03
2.281558769324954373e-03
1.820000476271940075e-03
2.710089723763053991e-03
1.809983552759610037e-03
1.719680419610316235e-03
2.094713876761199016e-03
2.006972497416607132e-03
5.964748083662809938e-03
1.306653528156213277e-03
1.466853284587403506e-03
3.991934738451651324e-03
4.207879949931349166e-03
2.495057510034551663e-03
2.096019479477957085e-03
2.078720248108887215e-03
1.063043646361476989e-03
1.885862567305356422e-03
1.897126309705764787e-03
2.355488955733625687e-03
4.797505006429592621e-03
8.637697463075069129e-04
1.222131480792880550e-03
1.547123482986550135e-03
1.188603027569298072e-03
1.390549063052098737e-03
2.350066124728463716e-03
7.990888767637089338e-04
1.270241014657311684e-03
2.043757260669104136e-03
1.259512033746279817e-03
2.445999200953302092e-03
5.435204293217756402e-04
1.279902508424151817e-03
9.514484517872520610e-04
8.939925245325738715e-04
5.882749073722240603e-03
1.238362250301923732e-03
2.729901432906744162e-03
7.148476524044422402e-03
3.500178413165482352e-03
2.359993685414683243e-03
8.907269285297142675e-04
9.636860418807474075e-04
8.858625017960471614e-04
1.306861840744741928e-03
2.094956084753385982e-03
3.629043548412040372e-03
7.329121206344873770e-04
3.381885398151552582e-04
6.016678450173193124e-04
1.363487936285479301e-03
5.158847834221253316e-04
1.781059172960866533e-03
4.038591431104032042e-03
2.154574772943690202e-03
5.598736112591316469e-04
4.761561840083019083e-04
4.464299175329998481e-03
9.895421275887392090e-04
4.637150985533905609e-04
8.223477782726417188e-04
1.169747683629979726e-03
8.675617734219486475e-04
1.005796487364322284e-03
2.105184420229427606e-03
4.699063581994899173e-03
7.186219304224150195e-04
1.057128326161289661e-03
3.160125111668071881e-04
1.119185416773218122e-03
2.184047062726871165e-03
1.016442608309147191e-03
5.650980705641740678e-04
1.199314031825596781e-03
2.974880366065294889e-03
2.008344195601168090e-03
6.656941814212814128e-04
2.773351446294407209e-04
3.505860227006680130e-04
5.151028476116796583e-04
2.977048642769267541e-04
2.209424360949714759e-03
1.879933137037396052e-03
1.749989063264384588e-03
2.678654831724686667e-04
6.061841226058245361e-04
2.110148134762898382e-04
2.589403756804800898e-04
2.957431814857719985e-04
1.272012525537026973e-03
8.660856014472535997e-04
4.394796043088085476e-03
1.630904479005123621e-03
1.331426496790374817e-03
6.330383220921522586e-04
1.799104092771832255e-03
2.727307960034241444e-04
7.307955844379964913e-04
2.125279042880716764e-04
1.936119321694554493e-03
2.969294252926050256e-03
2.100693456919353747e-03
6.524496147660647019e-04
4.683488886555903534e-04
3.633288865182481898e-04
2.728477638503507430e-03
2.267474042100036790e-03
2.457836029223848303e-03
4.333581208039037256e-04
7.191732321192113647e-04
1.038422118365489285e-03
3.707759765602469475e-04
4.832531908607660509e-04
1.760400702497731066e-03
4.457081169449474958e-04
4.363674866505566630e-04
2.921865554543680451e-04
3.070444424431266039e-03
1.965116029458772919e-03
1.346400466785201838e-03
2.669919988458139539e-04
8.861759722101428000e-04
7.485734706683714549e-04
2.767797548837453033e-04
6.792003170043044548e-04
4.564545512810102798e-04
4.350770565550359588e-04
5.767936943583578443e-04
2.743428345849990477e-04
3.518635186695402077e-04
3.930124748875146908e-03
4.055381909436809977e-04
1.885973912461226575e-03
4.848412486989178011e-03
3.951022117958954451e-03
1.607269961878285717e-03
4.362900408684422418e-04
6.291951654349292470e-04
5.825373574733403673e-04
5.108557282467116869e-04
4.887832132139653327e-03
4.093303951871647976e-04
3.822727868760287823e-03
4.913503847903499637e-03
3.968679308187221424e-04
1.267818759327707682e-03
1.472276777509970696e-03
2.153297150808249766e-03
1.155732702180634845e-03
8.502807474967323965e-04
2.964361624465850658e-04
1.003386965745586791e-03
1.110328834451263348e-03
4.524475148761557784e-03
3.894498042652922137e-04
1.759891500956697321e-03
3.736166298068176444e-03
1.313528407277211093e-03
4.869903018742976109e-04
4.832406731987676338e-04
5.458984131054562660e-04
5.759292453848308168e-04
3.822907501037210265e-04
3.891263284723750059e-04
6.874767367144725373e-04
4.831687187065340956e-03
5.078250188090164619e-04
1.863876093277817749e-03
4.054965916213182689e-04
8.893833565317937721e-04
2.636622850777808370e-03
5.120580151537610812e-04
1.835602973808545500e-03
4.349740098392503723e-04
1.456369421653897671e-03
4.915166060701752762e-04
3.956311915011467752e-04
4.352015237143225831e-04
6.018000046851963410e-04
8.863039349663609122e-04
4.848621755762558662e-04
7.231486741188042442e-04
6.112888873008653565e-04
5.482520453911712312e-04
3.862196293056227863e-04
3.701689077155509823e-04
2.056561015571366832e-03
6.500887563799483126e-04
8.020533643758646046e-04
2.505041075223469766e-03
4.476717251480638246e-03
5.328352067072203001e-04
3.414145396790517809e-04
2.004836670348079854e-03
6.317488772537896945e-04
9.008126418431993245e-04
5.240284247250614948e-04
6.148857659118236747e-04
1.552755907486226853e-03
9.987757292687978340e-04
1.532317336946607171e-03
4.703231422468560886e-04
7.233188356853910341e-04
4.806048324671799259e-03
8.712886426594980025e-04
1.049663161906085702e-03
6.942658122644063514e-04
6.591166835128659451e-04
6.117492000581179401e-04
5.542370099164475048e-04
8.346921163190996942e-04
4.602781955569646105e-04
6.429658242069562733e-04
5.145383478354991586e-04
6.376271861469818203e-04
6.680446711129542879e-04
4.279857306844787185e-04
1.308408502749229671e-03
4.477839387851176149e-04
5.652949961172524162e-04
1.170241054131649716e-03
2.087111111619428545e-03
1.038792052881340553e-03
2.004656046721146542e-03
7.393620893142775720e-04
6.342935392566815926e-04
8.821925214823068398e-04
1.060699870777032311e-03
