1.033571210863006185e+00
2.517987865943502879e+00
3.986194075310184548e+00
3.967549384430034465e+00
3.962621535290324459e+00
3.939089464962911791e+00
3.912595500560680062e+00
3.896848254568749947e+00
3.876290268240920600e+00
3.849540211185040750e+00
3.844980035434665488e+00
3.835502206531489211e+00
3.820638398710299199e+00
3.795411103710750744e+00
3.800010311175280542e+00
3.793291248107692581e+00
3.780610486012938143e+00
3.776053059487748609e+00
3.778545906251606912e+00
3.758830375221295927e+00
3.755101830551689446e+00
3.739502386207950835e+00
3.740003589286112096e+00
3.737502192034751314e+00
3.723072740401246694e+00
3.723082675941397302e+00
3.721090123669716920e+00
3.709719349895128193e+00
3.709228761180474176e+00
3.699867392488931372e+00
3.693399538748812549e+00
3.692904085526901525e+00
3.682690749917155060e+00
3.685990558729176136e+00
3.678393695499102112e+00
3.668763427213582506e+00
3.668079652691392134e+00
3.660173652324322013e+00
3.655493465777342355e+00
3.652306558709269346e+00
3.640942367808776226e+00
3.641305014560320519e+00
3.619634558753983100e+00
3.627433186203718130e+00
3.633907079407747265e+00
3.611147062589664003e+00
3.610794914576789250e+00
3.614358171256042418e+00
3.599818741512388343e+00
3.579734446415566929e+00
3.586841704276860998e+00
3.584049078310818981e+00
3.577869757078010693e+00
3.567223539004664712e+00
3.568080074788332556e+00
3.556979410500427985e+00
3.539344290764252499e+00
3.544558401478368204e+00
3.545091077939251267e+00
3.523879643366784276e+00
3.525863653109546192e+00
3.522494314185478981e+00
3.509022105906389299e+00
3.510250219290932172e+00
3.494565084466021432e+00
3.494350345552537540e+00
3.492817136192119865e+00
3.476992817287618998e+00
3.479076720788530697e+00
3.468016998516200378e+00
3.462794892292783366e+00
3.457307240436230611e+00
3.450725788579364739e+00
3.442534957108419835e+00
3.439305172185429971e+00
3.433451490652154714e+00
3.425079717065694140e+00
3.412394077434289130e+00
3.415553959498784931e+00
3.402716475417425279e+00
3.396390811212347316e+00
3.397207078407241454e+00
3.382248558571094854e+00
3.380057183437588098e+00
3.372174298580838503e+00
3.364112297789542350e+00
3.350964835213889881e+00
3.353808168156330982e+00
3.344956290496101659e+00
3.333875496387264104e+00
3.335927243105226037e+00
3.324076842175613944e+00
3.311378502421583381e+00
3.314782478927252640e+00
3.302034643762958854e+00
3.302776274506651344e+00
3.287563889222320679e+00
3.285851038781442579e+00
3.270209895730821881e+00
3.274812372739819288e+00
3.263903163244858963e+00
3.262975563252243916e+00
3.250148426724869921e+00
3.242657661485428111e+00
3.245147728501422080e+00
3.229968047046398727e+00
3.231024045980679382e+00
3.223128123726306082e+00
3.209446884916741016e+00
3.212176321771401888e+00
3.202249571812841644e+00
3.186992717476562209e+00
3.189058524991533972e+00
3.184403031568986631e+00
3.175092194361553322e+00
3.173052602889012697e+00
3.153688664108529327e+00
3.158442129387067698e+00
3.149726374127980399e+00
3.148697790888987491e+00
3.137137410837835372e+00
3.147618990279143603e+00
3.125367575410124665e+00
3.121088408627979316e+00
3.111263552802062460e+00
3.112764051182394187e+00
3.101217782685768309e+00
3.097229616436818933e+00
3.086438294083641232e+00
3.077711482994531345e+00
3.084253240422122566e+00
3.072923158832367552e+00
3.061794489989149604e+00
3.059775300118499075e+00
3.056112330491225659e+00
3.047920071815437115e+00
3.043400488751274668e+00
3.034771858844889536e+00
3.028527908931760049e+00
3.028236819076826070e+00
3.027862730969641092e+00
3.015318690781723099e+00
3.007896312840262709e+00
3.000484632710680444e+00
2.997095312440313908e+00
2.986694602148291633e+00
2.983746455289950639e+00
2.982027101693023763e+00
2.975692795040332239e+00
2.966707136348867291e+00
2.962436078345473511e+00
2.952635891161539572e+00
2.953041203266556725e+00
2.954404695859321084e+00
2.941001773187704504e+00
2.935370199151516424e+00
2.928295915557763252e+00
2.921820125182374106e+00
2.919189727454942318e+00
2.906601025071533062e+00
2.907636052258863568e+00
2.899063253441275911e+00
2.896592823696517272e+00
2.882682699302879126e+00
2.884636416012263282e+00
2.880636971754305886e+00
2.867432295085698968e+00
2.869013200648127704e+00
2.865906825349616049e+00
2.858403905964662428e+00
2.855968521035685992e+00
2.846854191837422388e+00
2.844994020656621103e+00
2.832669072429052637e+00
2.838904548392199523e+00
2.830029627356174249e+00
2.825066241196551253e+00
2.818602701652835663e+00
2.811452290075058258e+00
2.807072176688179432e+00
2.802461748853293688e+00
2.798926180419807785e+00
2.796082227443143164e+00
2.787871634615975314e+00
2.790789360790108642e+00
2.780554761528362562e+00
2.770774984017209785e+00
2.771125128989341491e+00
2.764830507265118698e+00
2.756773934144364890e+00
2.753760708800754742e+00
2.748503805213887485e+00
2.742986350848377608e+00
2.748396271038076488e+00
2.737034376116553425e+00
2.729171151014313512e+00
2.727245622427743044e+00
2.721965875420755410e+00
2.717478459054293527e+00
2.712391110109956482e+00
2.714269147559106532e+00
2.702394934070146526e+00
2.702423211459836772e+00
2.695278347805502239e+00
2.687120940001518132e+00
2.686646108156919066e+00
2.681474751253349442e+00
2.678458298824799577e+00
2.673225890630799295e+00
2.670079602666057372e+00
2.667516189224293566e+00
2.659439678099324134e+00
2.655265638563275132e+00
2.653496615344681508e+00
2.646512644320021757e+00
2.643614597239831276e+00
2.638600643625353293e+00
2.639097160982392332e+00
2.639019404407839886e+00
2.626331912525283752e+00
2.625172085350143014e+00
2.619500110396489223e+00
2.617523882268550928e+00
2.612252657596432659e+00
2.607230445116260231e+00
2.602982860287632594e+00
2.602567692648178443e+00
2.610110433643654915e+00
2.591023539220413063e+00
2.589419026285892045e+00
2.581986857425722981e+00
2.575793790925984261e+00
2.580576679853236133e+00
2.573600787373735432e+00
2.569747509211678160e+00
2.566075378827446851e+00
2.563816804724945442e+00
2.559441193929361535e+00
2.556418857534591194e+00
2.547079404707842443e+00
2.550374755183903108e+00
2.549977541954593807e+00
2.542753742002440198e+00
2.543364608920275050e+00
2.535678389967440882e+00
2.538037165676795048e+00
2.528465481263991066e+00
2.522940126527650317e+00
2.528327498854148203e+00
2.523940573417003286e+00
2.515926632192330370e+00
2.517395925700059323e+00
2.509536599708790394e+00
2.507345321568624552e+00
2.504882160992338402e+00
2.501362239650426478e+00
2.504882663433643852e+00
2.498966459567292464e+00
2.493725645427128157e+00
2.490347659068972597e+00
2.491719188523986439e+00
2.490767103673734439e+00
2.480225331035076586e+00
2.482263660518311710e+00
2.479389458157544635e+00
2.475433391577765097e+00
2.473376431612111404e+00
2.471953129204531141e+00
2.464650715043660512e+00
2.456590561996424782e+00
2.461463933897144241e+00
2.459355624380465510e+00
2.456119090317540277e+00
2.454584940060709819e+00
2.450522284483271029e+00
2.456680909309148397e+00
2.445578908003329222e+00
2.445454310611672177e+00
2.435210797079530032e+00
2.434418774507030481e+00
2.434086056240791773e+00
2.432955817068059634e+00
2.436442693683760652e+00
2.423688258969392884e+00
2.429425750635156422e+00
2.421608274902309788e+00
2.425367709779993497e+00
2.423758796464580367e+00
2.420927120392186271e+00
2.415575254960404816e+00
2.415076000695825176e+00
2.416381482464938557e+00
2.411525403522926325e+00
2.409969692163891786e+00
2.403156271758913221e+00
2.405564349620570308e+00
2.403508315386583494e+00
2.395168544251669474e+00
2.401123721899204089e+00
2.395523067110212789e+00
