1.014133355018489890e+00
5.143742803858485368e-01
1.488682876313265568e+00
1.529179871675056201e+00
1.301438196109075962e+00
1.140293720643605013e+00
1.022866823514391843e+00
9.297872463880521021e-01
8.471056072856051333e-01
7.846831817893180627e-01
7.462534927645892990e-01
6.768285613909283960e-01
6.354883644205481241e-01
5.941156470904180864e-01
5.647136860768928734e-01
5.477369909038313223e-01
5.092281129931996997e-01
4.897549717823182491e-01
4.685809305542510961e-01
4.492783996864425644e-01
4.362685675791319051e-01
4.566121165814898131e-01
4.035515368671283021e-01
3.949677354433789866e-01
3.858267756201482213e-01
3.673309746864998893e-01
3.627363734093104197e-01
3.558131643746329509e-01
3.402476077296923695e-01
3.357304803065157550e-01
3.058970983581619230e-01
3.156580246766327869e-01
3.117527199205987198e-01
3.067224327803357298e-01
2.921073371966796950e-01
2.901274988153748624e-01
2.858807904773020825e-01
2.733282256264038534e-01
2.712770406902098586e-01
2.675776756255757172e-01
2.564922602101859517e-01
2.558646842380180031e-01
2.548637124317104652e-01
2.441727291594982530e-01
2.422044086853462896e-01
2.312540609703783723e-01
2.316259648408740268e-01
2.293208763795758776e-01
2.183369285573237562e-01
2.193505881440150351e-01
2.161768983316897375e-01
2.110758495031407889e-01
2.095914085478325362e-01
2.021636258345835824e-01
2.025831972438263129e-01
1.965656716225002154e-01
1.968117728662026888e-01
1.907757987999872951e-01
1.906503107802625663e-01
1.853790897101335322e-01
1.856540513932705694e-01
1.795858823136190219e-01
1.801226923479002651e-01
1.707886586120148376e-01
1.744931159128977893e-01
1.712744648033726058e-01
1.682551125442171835e-01
1.679218846097123297e-01
1.672589657685416009e-01
1.623167526625357571e-01
1.627309918730587002e-01
1.559682691756319184e-01
1.601222744554878230e-01
1.558985577994533578e-01
1.373054879608420209e-01
1.546478440677236388e-01
1.452486307852390301e-01
1.518059890859654870e-01
1.502221386420745097e-01
1.487755216815449255e-01
1.481503620993680492e-01
1.464230571267566283e-01
1.305098732014216556e-01
1.438119769223753786e-01
1.269144381008236733e-01
1.410138897488185938e-01
1.407079039683888921e-01
1.395945486355924248e-01
1.373492374690136186e-01
1.375287872318525784e-01
1.372458140629917722e-01
1.351855769904518889e-01
1.323459011935724794e-01
1.344172238366128924e-01
1.322182215288204565e-01
1.523177283703915363e-01
1.297957669272413739e-01
1.295088141994921171e-01
1.302013010381541380e-01
1.148709038998589338e-01
1.267293887214770431e-01
1.215993747005891384e-01
1.252180495357781420e-01
1.312406546082588166e-01
1.236042100576434793e-01
1.223569955900409151e-01
1.189248097225812789e-01
1.078300166877686067e-01
1.200212864369496202e-01
1.173193194577960563e-01
1.255850391230607654e-01
1.159904121906634583e-01
1.170723398310572066e-01
1.154676165978524432e-01
1.147003439056246410e-01
1.168208792997194739e-01
1.140952030254571148e-01
1.165508047465300817e-01
1.102078850033362395e-01
9.843623115509622656e-02
1.080449039453263843e-01
1.085437067884245516e-01
1.069922200973554421e-01
1.073507196864898483e-01
1.067123505010789120e-01
1.060659873918444462e-01
1.037644483563632120e-01
1.040337363165346335e-01
1.031390174134219767e-01
1.020493593063726279e-01
1.016935953573713386e-01
9.935272707455736207e-02
9.845729279999380912e-02
8.016401498482396415e-02
9.797041903998271462e-02
9.701390782561340742e-02
9.646280074270853488e-02
1.102344789110772938e-01
9.388082730885194405e-02
9.354634126465243005e-02
9.599648712223624036e-02
9.202471530026459789e-02
9.614871097897705055e-02
9.006782445072630816e-02
8.907163253500902100e-02
9.057247610598531673e-02
8.725453311863548556e-02
8.669864434991808588e-02
8.541720812287142972e-02
8.522056557411808453e-02
8.579172796416759117e-02
8.327882422439079890e-02
8.278852121216245807e-02
8.113225363456394446e-02
8.068639462941255835e-02
8.121903655425928570e-02
7.960956076103942181e-02
7.518135859208947835e-02
6.941932308520705475e-02
7.739286006692910891e-02
7.580667265680256228e-02
8.725235581954290942e-02
7.517703027683671213e-02
7.503732411652783152e-02
7.296715228387255781e-02
7.314975292096848047e-02
7.252061850750884942e-02
7.198942338196381852e-02
7.367091766648949103e-02
7.038471845725960407e-02
7.092360263207000970e-02
6.941213024662717945e-02
6.918799563914997119e-02
6.836920067015285485e-02
6.577905323703320262e-02
6.756558018330642568e-02
6.603867587413422835e-02
6.632502737275106086e-02
6.083780857592944319e-02
6.567507475842247755e-02
6.440043940981460269e-02
6.446384847951866504e-02
6.597344407204611128e-02
6.037906447342889643e-02
6.291005104646536783e-02
6.159976719103030934e-02
6.270131822621456685e-02
6.364473016531574379e-02
6.144892085723693137e-02
6.107109876112521568e-02
6.023642276509155041e-02
5.545537065430041629e-02
6.037732803925362907e-02
5.967966334599451861e-02
6.209522443560090005e-02
6.007410418120648354e-02
5.504756103097501602e-02
5.807667429567078821e-02
5.832112304364487493e-02
5.732261884271103169e-02
5.590075992656502041e-02
5.666812054416836553e-02
5.368016137021608403e-02
5.793173770054502181e-02
5.548880662707597611e-02
5.486398681316351916e-02
5.533399872132461345e-02
5.519542500522068434e-02
5.440585409847605025e-02
5.314808359236150581e-02
5.379277961754498627e-02
5.325196766819724481e-02
5.303349604898960346e-02
5.295057378186145830e-02
5.264951570593055102e-02
5.281626242271101473e-02
5.225223897641533000e-02
5.193026105568268602e-02
5.134573901032762205e-02
5.110186365015997184e-02
5.092652335496076349e-02
5.249918261637107758e-02
5.717549800598708404e-02
5.138858036488696407e-02
5.048464996163928853e-02
4.962733070525122275e-02
4.689068133469731503e-02
4.915428420624962103e-02
4.733207881300700859e-02
4.872253397928014151e-02
4.659383025313777738e-02
4.847514283228817472e-02
4.500125210077522697e-02
4.761803348458199664e-02
4.684906638507619486e-02
4.704442891858331283e-02
4.594071443117916237e-02
4.824445697025669944e-02
4.280752082296133965e-02
4.608434496374478467e-02
4.519383896224386105e-02
4.530542640126221376e-02
4.453893209366740352e-02
4.732169679593597328e-02
4.395774825193382584e-02
4.449698793107617623e-02
5.200045999428110771e-02
4.460832907821120352e-02
4.423373436954210203e-02
4.407182566401449120e-02
4.321438950025752179e-02
4.332880328430892963e-02
4.348181869272076117e-02
4.301980029022085122e-02
3.917079016536426789e-02
4.055314654774148930e-02
4.246047238094996512e-02
4.082808926051958304e-02
4.169838442101372195e-02
4.117500299275710790e-02
4.159507146551340295e-02
4.126773363407784667e-02
4.131817618545129828e-02
4.043465298709860573e-02
3.896245740658186435e-02
4.068110470441731186e-02
4.618068216447872298e-02
4.007933688174997178e-02
3.980592791308512624e-02
3.970509505375768161e-02
4.021349401444770238e-02
4.310203405276150090e-02
3.900945313252716234e-02
3.805112211818072188e-02
3.873113578631728893e-02
4.467466478852041151e-02
3.904694416753574926e-02
3.811281413126232226e-02
3.777039596552364542e-02
3.861757012869734135e-02
3.609472122672713335e-02
3.761281259054004983e-02
3.621909363130354498e-02
3.709501333544313467e-02
3.458394869343511119e-02
3.628062735916428444e-02
3.716772459639899884e-02
3.561892038082679207e-02
3.635860502846328252e-02
3.831316220308916831e-02
3.622855141284647001e-02
3.610445554352911118e-02
3.462721298141641785e-02
3.590368146469843924e-02
3.245666588657251245e-02
3.554965455806190222e-02
3.509675062437113413e-02
3.520345924944018323e-02
3.505183131511172695e-02
3.286318466652760062e-02
