1.009651173292114734e+00
6.240789832353168531e-01
1.349061251533618222e+00
1.833963671626780201e+00
1.799797101819558653e+00
1.436564719347566799e+00
1.072306021041867341e+00
7.760576382644895910e-01
5.470783261807533604e-01
3.774407513150433435e-01
2.569786345944051753e-01
1.747474855310688358e-01
1.204247899093094376e-01
8.531720467052252010e-02
6.277618952577095068e-02
4.812062279654899521e-02
3.828098114283339654e-02
3.135905893873267014e-02
2.623786445415178525e-02
2.228405436806458681e-02
1.913850240751016271e-02
1.659644565234578983e-02
1.453022269753774520e-02
1.285420631680755758e-02
1.150009615902149521e-02
1.041128925937759471e-02
1.380917369928362330e-02
8.833643793707310343e-03
8.253269470010728831e-03
7.765148411458609734e-03
7.444543788726626192e-03
7.802426403060228749e-03
6.867301499144900893e-03
8.117495510647524878e-03
6.443818052677067164e-03
6.588728373413834001e-03
6.029806333559739259e-03
5.952616112211597636e-03
5.858880923121501452e-03
2.367219962774321906e-03
5.373276129781352078e-03
4.828598141433677188e-03
8.949992805288822101e-03
4.234057963802242280e-03
4.833847371474268503e-03
1.792033521056555275e-03
4.996148624314650927e-03
3.472501124225643027e-03
2.051137320311986322e-03
4.187551289308697952e-03
4.174374327514116315e-03
5.265229917536352194e-03
3.306382533322303058e-03
3.363140327682389175e-03
4.207963571353497828e-03
3.488188146232974220e-03
2.997354408765346909e-03
4.718592072536622294e-03
1.623286523820687173e-03
2.742386261177285397e-03
1.012045022248804320e-02
1.628712113151494726e-03
2.564295659779123118e-03
5.797657241350748746e-03
1.845100349387534004e-03
1.085004875421161953e-02
1.909022547053927567e-03
9.089630678984261846e-04
4.018664976301639276e-03
1.279986901871741451e-03
5.869383683108162636e-03
2.933697089578032359e-03
1.429928505533921814e-03
5.029574802271649485e-03
2.246967459974468125e-03
7.114495558384517204e-04
1.136758760431553963e-03
1.392350410291966082e-03
1.047054474269450922e-03
6.492301429953751873e-04
1.181801697790469188e-03
6.306764009727303241e-04
1.361025101786845354e-02
1.773603607438060687e-03
1.268630866288227542e-03
7.642838077268768529e-04
8.646522262864352699e-04
6.239390727675290941e-04
1.167404811519304371e-03
6.459757850437866178e-04
6.390435329788966400e-04
7.817754518245739184e-04
6.259069055607639938e-03
9.231687795637369496e-04
5.065584438221311164e-04
3.314010745844638158e-04
3.000159266404025865e-04
9.913629782412833064e-04
1.352126294116262747e-03
4.462264726772752731e-03
1.004276665946019160e-03
6.374629098538437538e-03
1.421311235807491778e-03
5.899485586306636373e-03
2.171561205027630528e-03
3.081228565836158077e-04
3.381798247887441680e-04
8.336486281765892892e-04
6.017576930712439150e-04
1.075944964401330398e-03
3.250159127665781886e-03
7.546926182402348892e-04
8.055216801753555065e-04
1.916366531449589003e-04
3.147851756174852782e-04
1.263287853255212886e-03
4.648941263991953482e-04
1.148343011183010701e-03
2.317778391187406192e-03
4.213327414849005084e-04
7.105501167078357837e-04
1.925672796174144642e-03
3.407527800688103098e-03
9.550323337378307468e-04
3.634396260337029194e-04
3.982835583995048175e-03
1.402545145776527618e-03
4.209252860971729698e-04
5.676683021354583759e-04
5.270000653370849339e-04
3.162781232646581070e-04
3.754359150097688266e-04
1.958971815368893820e-03
1.926235065971065082e-03
3.774489353722314472e-04
4.846801862967042743e-04
1.652837421116906636e-03
1.278074396364566956e-03
1.121430454264332830e-03
1.368303368639342760e-03
4.363222529906788522e-03
5.039588383487835031e-04
4.364819003895548089e-04
2.504032060736333717e-03
5.061509113442474658e-03
5.207301954690047620e-03
1.424075504234334748e-03
3.167371382092633129e-03
5.055773223718233560e-03
6.256495621201509224e-04
5.510303806077833421e-04
2.412353442132450336e-03
1.215266739586993213e-03
5.487259982812189895e-04
3.194450868962482419e-03
1.423576976181876834e-03
8.952312807906270993e-04
1.369941761268636624e-03
1.259293445499071098e-03
6.672133332858901479e-04
5.271490671033880358e-04
3.214274679394683127e-04
8.030820977779328787e-04
1.556908021235629651e-03
1.031316747829444207e-03
2.071051254769090341e-03
2.721538164394553868e-03
8.169679755139321519e-04
5.157882931818248348e-03
1.143913954514953714e-03
3.062406438021738394e-04
3.232917053298112967e-03
3.367966413825043909e-04
7.095396811755202027e-04
2.085231100715651854e-03
5.970076572506232684e-04
2.227803419049029406e-03
4.067525687720974247e-04
6.506834964569118557e-03
2.551366483453208680e-03
1.081809474875362756e-03
4.669469470196385284e-04
2.401135144294381987e-03
1.313679593672521188e-03
5.795981160079447490e-04
6.080804330738354656e-04
2.223673936392986383e-03
4.021886920243200559e-04
6.619964880044627766e-04
5.489545967885355168e-04
1.536027120992054188e-03
6.528002279355188051e-04
1.244549206882090194e-03
8.116510227964567753e-03
2.578011621662923674e-03
3.051876226053581152e-04
7.034795110290448369e-04
6.836782996860092535e-04
2.705655262833538740e-03
8.720441730860939477e-04
1.318127254245875322e-03
5.933166360259202812e-04
6.518025771903178302e-04
2.693134685909176159e-04
5.728225543781168298e-04
8.923311353574270950e-04
4.083042324134393639e-04
9.464825371656086610e-04
1.027636131900720989e-03
9.359644757372070738e-04
1.270110687687519635e-03
7.971943557945067966e-04
9.851379169612888790e-04
6.581041533036354786e-04
3.638510582362777974e-03
1.243160265122334124e-03
1.448837961567257587e-03
5.089712877988916955e-04
4.847525233616277679e-04
5.598558457959307419e-04
1.164440548406556804e-03
5.477006217530907758e-04
1.385777176768390653e-03
1.940459896534445922e-03
2.049532615086193960e-03
7.486326538754370288e-04
6.079236654038554016e-04
5.140496073882784914e-04
3.477207918978028503e-04
5.546141492384369697e-04
2.777525243134253922e-04
6.412200673452639853e-04
1.013231417567855798e-03
2.182501239575709417e-03
7.560248596258465226e-04
7.306929201867192651e-04
1.336623806011188889e-03
8.251065358455695600e-04
1.829008150653980850e-03
1.657154388973830234e-03
6.437104818987138873e-04
2.376569282144415287e-03
7.654820380409957555e-04
4.806586002326144439e-04
1.635665649877547949e-03
5.670065688548824685e-04
8.064331197525566753e-04
1.842527442560726184e-03
6.938146929566413497e-04
6.921316178599325056e-04
3.507842667612444225e-04
8.300377809382434831e-04
4.586820996163036741e-04
1.477531392359835620e-03
4.391011733573922530e-04
4.671722220322762102e-04
8.840427479503293069e-04
4.910835574624700800e-04
5.737129443559808341e-03
5.596252516438048703e-04
3.598539184534409988e-04
7.135326519919981628e-04
8.400771651491401861e-04
1.302840115202392752e-03
1.499509229281567038e-03
1.460966095678283179e-03
4.748725737574975027e-04
4.545611211417995273e-04
6.396723012711801873e-04
6.595245591622363526e-04
7.648125079510680567e-04
1.722835272943243562e-03
9.989644367916334332e-04
3.493048485233973561e-03
1.075918087580196060e-03
3.576882475280478038e-04
1.124012424571911237e-03
2.023295107936829221e-03
1.155714640052958294e-03
6.286712024153367964e-04
5.806601989007937172e-04
5.488532282943868381e-04
4.450306176487795742e-04
6.336464494069240800e-04
8.645810675892370584e-04
4.152764065241068710e-04
1.018072710900273618e-03
5.213396043951050397e-04
1.533411206242740483e-03
9.611421141718674973e-04
1.952760679554649314e-03
3.015848256502354739e-03
4.289546664318136075e-03
6.661508954804967308e-04
2.135951850858111914e-03
5.302591416250207858e-04
9.084629501875401579e-04
5.348502477675187586e-04
3.627893112383298937e-04
1.512919275156786834e-03
