1.008284817165399527e+00
1.081029927487060949e+00
2.709141052426292440e+00
3.010938788538596533e+00
3.092585709383589787e+00
3.110024893179927474e+00
3.115355191939072288e+00
3.100395757593743973e+00
3.090135218809888507e+00
3.063889595206974903e+00
3.068178120005860432e+00
3.042789732615017950e+00
3.049042922250286836e+00
3.047134924949453705e+00
3.030847202916627126e+00
3.027963060226107839e+00
3.022932674363139949e+00
3.010535824356286749e+00
3.010270143227185002e+00
3.009367411037062734e+00
2.997013807640950045e+00
2.996560711438304381e+00
2.996627612747218894e+00
2.979321968706178492e+00
2.981016360404990628e+00
2.981533178908251980e+00
2.968724255382480415e+00
2.967969426734299088e+00
2.968864283286309469e+00
2.954004711161575703e+00
2.955059495979295292e+00
2.955341226134536647e+00
2.939019712762561021e+00
2.941767671501845705e+00
2.945551954720628807e+00
2.934557280834975579e+00
2.919677379847221754e+00
2.923404605798250788e+00
2.917524165617452869e+00
2.900648886322629849e+00
2.907588202540724698e+00
2.892449395899694409e+00
2.894271802582901731e+00
2.897421853160689675e+00
2.875026367735246779e+00
2.877374056067869557e+00
2.878096049692946856e+00
2.854747462209208830e+00
2.858273011593149171e+00
2.858743670821261240e+00
2.849152298852818621e+00
2.837699246158096766e+00
2.838200168097538612e+00
2.840785458691962972e+00
2.830440235751553235e+00
2.822923668063511027e+00
2.811463608690756732e+00
2.812463862021310490e+00
2.805028256603699699e+00
2.790557035072023684e+00
2.792576525374315999e+00
2.775989596651714741e+00
2.781111763603603126e+00
2.764823076208729358e+00
2.766867053217028527e+00
2.754359110902706131e+00
2.755314988596672343e+00
2.742418657675255389e+00
2.732818705141389692e+00
2.730922460316884681e+00
2.733249769463668155e+00
2.711104251842302304e+00
2.713891592834400068e+00
2.712900732590408204e+00
2.697926613675714957e+00
2.701800086144542146e+00
2.687292744786549115e+00
2.685342756529741415e+00
2.686265098688358055e+00
2.667662263829255309e+00
2.668590993953429358e+00
2.668424522865548543e+00
2.658573051935914755e+00
2.647255404798542155e+00
2.641360869518501353e+00
2.647912277286941229e+00
2.633500141222056445e+00
2.606891801324806579e+00
2.614214313653212329e+00
2.617394868343696057e+00
2.600796189513103762e+00
2.609141970617266715e+00
2.600732055628066863e+00
2.581356719106236319e+00
2.583626726552858521e+00
2.583745292028349017e+00
2.569867170360575770e+00
2.569949428484775922e+00
2.554117215942560026e+00
2.557503782894991584e+00
2.551965164631206928e+00
2.536965965471257523e+00
2.537931703190229094e+00
2.535394570568504147e+00
2.525991813215325621e+00
2.512786264211686937e+00
2.510256852730686550e+00
2.533149082668008756e+00
2.497409156631302363e+00
2.497374565890770892e+00
2.498336552855471293e+00
2.486150550767412426e+00
2.485561619309210268e+00
2.469211632774690024e+00
2.471424347369853614e+00
2.470620947244980048e+00
2.459386603247150305e+00
2.461997684809212217e+00
2.447496484050621479e+00
2.437336485179901313e+00
2.444657554625139451e+00
2.440061825312881183e+00
2.426315191641649882e+00
2.425684666088966601e+00
2.420306656109777688e+00
2.418764563226793118e+00
2.409736164481618204e+00
2.409539671444024034e+00
2.398388111374201603e+00
2.398243275006916253e+00
2.384155079061051286e+00
2.384306591213618542e+00
2.382610446344980648e+00
2.382353116387535774e+00
2.372565128086920438e+00
2.368017778935814555e+00
2.364285137405769621e+00
2.358950469856420984e+00
2.355147640193071101e+00
2.350485527637863115e+00
2.351135313855436060e+00
2.344724264932503299e+00
2.345032149009061762e+00
2.337188172445998635e+00
2.334116491923700742e+00
2.332754390587805204e+00
2.325995553522349102e+00
2.327156024353532526e+00
2.316853255732906458e+00
2.319328126373729315e+00
2.308933119216818319e+00
2.307065388601065692e+00
2.309088847680701218e+00
2.300332162442611406e+00
2.297869820469355062e+00
2.293622904246874761e+00
2.295639831166998768e+00
2.283629289000354667e+00
2.284962652417740436e+00
2.286111888196111774e+00
2.278449536949183063e+00
2.277020779947529494e+00
2.287050556282231639e+00
2.270608115403821792e+00
2.270177533474523113e+00
2.263538602486573126e+00
2.263927151623996714e+00
2.276138789977110832e+00
2.255083833387089953e+00
2.257102498107292465e+00
2.247685063925052074e+00
2.243860896519320747e+00
2.246105564380596054e+00
2.246807288792257662e+00
2.244008909318314871e+00
2.235049089961744340e+00
2.237404664102693008e+00
2.229812639759110926e+00
2.230091191006997153e+00
2.232347754067891987e+00
2.225478880642757673e+00
2.226720794261790815e+00
2.219108474629215344e+00
2.221912140214122644e+00
2.213178270824298188e+00
2.213904189833377778e+00
2.216622135957440065e+00
2.210279657562491007e+00
2.212551319444746589e+00
2.204985227121829094e+00
2.206831449779858012e+00
2.203011237319294047e+00
2.195627989289785198e+00
2.198055813685582560e+00
2.193828176436443567e+00
2.197066029028178935e+00
2.202774647835631594e+00
2.197194936576797097e+00
2.187859984049705275e+00
2.185932137100084827e+00
2.183876029426220278e+00
2.183228889805802098e+00
2.188950043997649697e+00
2.179971811250497105e+00
2.178025789158303471e+00
2.181505208033028165e+00
2.176931320210283793e+00
2.176455113288902954e+00
2.172820952267320749e+00
2.176703788442804655e+00
2.165453266953058620e+00
2.172923004725528351e+00
2.162359882030231439e+00
2.166450299719772765e+00
2.170164396145643160e+00
2.164858926079991530e+00
2.167233687394602981e+00
2.161701648239828799e+00
2.159577192743893814e+00
2.161237407662452537e+00
2.155321615731868867e+00
2.158455999054122998e+00
2.154790647457421215e+00
2.154101038498127174e+00
2.154327598256503773e+00
2.148894237572812838e+00
2.151473961668861179e+00
2.151766757167991706e+00
2.147707880036413552e+00
2.146678974025604703e+00
2.146107139639795491e+00
2.141156965288174341e+00
2.145580578678525807e+00
2.139646241990703857e+00
2.145407868702082776e+00
2.138900387400589853e+00
2.138145995170214420e+00
2.141424648582974211e+00
2.134389228661014659e+00
2.138342224728494223e+00
2.132420716927547755e+00
2.136300021145306260e+00
2.142152474826191089e+00
2.134331924824127480e+00
2.131006698598140403e+00
2.133814924985939498e+00
2.137507493094859434e+00
2.129658975136008436e+00
2.130325131471556332e+00
2.116663670879282755e+00
2.126384822097953986e+00
2.136158572676165157e+00
2.123721369727647801e+00
2.126761378420390258e+00
2.123722167274085137e+00
2.120065542667972647e+00
2.122066686539757274e+00
2.118611086215613781e+00
2.120860309178049352e+00
2.124189989930616473e+00
2.120507073801408460e+00
2.118674124856572138e+00
2.108445052097009942e+00
2.117947448261335186e+00
2.113071632021490398e+00
2.114250420963767585e+00
2.113217748586534661e+00
2.117012207192769502e+00
2.112645787013341714e+00
2.110303199351815540e+00
2.110865869497547731e+00
2.112769039270026905e+00
2.107572569861017264e+00
2.110659999860709402e+00
2.109704835084227348e+00
2.105768340539697192e+00
2.107252009206393328e+00
2.108620056760302841e+00
2.109194757827082434e+00
2.104884531264646252e+00
2.104281924662446457e+00
2.103118195055626138e+00
2.103989649769078873e+00
2.105158566548286814e+00
2.105575972602956369e+00
2.103137559419365754e+00
2.098596011544351825e+00
2.097988152992150912e+00
2.106245954040112611e+00
2.098677802580984686e+00
2.098420880092374929e+00
2.095550716043265371e+00
2.096473149265709157e+00
2.099229131548357774e+00
2.091684734941685608e+00
2.095235076220695269e+00
2.097994713672229228e+00
2.090019474856163129e+00
2.094110481797584189e+00
2.096563506606308636e+00
