8.053954990271277037e-01
4.904927078159639353e-01
1.299609335588886250e+00
1.146390843157216954e+00
6.565889705486421812e-01
3.535238542996810285e-01
2.010747304272687552e-01
1.225604034315703472e-01
7.911213840556666210e-02
5.251338921959530087e-02
3.513370650070626877e-02
2.365081629212781311e-02
1.618705136076237575e-02
1.143346916770275438e-02
8.451731363629611318e-03
6.597592821292594042e-03
5.444370876385774306e-03
4.720296943502387890e-03
4.256694232346890094e-03
2.859824702679633623e-03
3.712851079433150681e-03
3.718571488159878348e-03
3.393465864216510877e-03
7.337273047194364795e-03
3.143822312277003844e-03
3.963746033129025327e-03
2.948404820954161377e-03
2.821432295849077461e-03
2.869876041126334480e-03
2.742897732040322240e-03
2.842921419051167454e-03
2.569996128002034058e-03
4.838025098825166070e-03
2.386178827050873183e-03
2.058769702939189719e-03
9.325393995803328215e-03
2.077745370780139430e-03
4.007422083643592120e-03
1.435487833184080804e-02
1.782377854273406708e-03
1.867304325715428122e-03
1.704509209039292705e-03
1.600986692696120938e-03
1.737207096453383419e-03
1.374239123517261713e-03
4.471023507517582832e-03
3.626859005597608820e-03
1.659944656679524563e-03
6.291499384282592169e-04
9.004999859730935608e-04
4.185224460620582884e-03
1.588900441319069691e-03
9.118058781846178143e-04
6.621589481152801186e-04
1.338905460513919142e-03
1.487534531914138595e-03
5.704770223959426158e-03
4.838991626581717019e-03
6.341656281795810630e-04
7.023643514182044585e-04
5.200223904524109387e-04
9.906733640896621396e-04
9.662004400885005825e-03
7.647885170274796099e-03
1.693000717864476040e-03
4.890365480268891530e-04
1.086764461845080455e-03
2.849566922341340448e-03
3.314569385880340117e-03
2.873261690856972542e-03
1.326230007383917336e-03
1.668033883343065984e-03
1.242511911452798398e-03
5.025112286464855291e-03
2.476941390954385484e-03
1.730950689119621156e-03
3.121563843985397570e-03
1.315795596522569000e-03
1.224002592335890699e-03
1.401246751603975327e-03
1.503997653372964212e-03
1.306322137503142721e-03
1.322925119635988802e-03
1.286268316514920093e-03
3.033307541650441790e-03
1.440234242312735070e-03
1.515748025224698771e-03
4.171636874610605561e-03
1.087104558403381889e-03
1.139734362785567098e-03
1.917802853974547245e-03
1.396431256989717545e-03
1.338770789896430793e-03
1.154264955891155841e-03
5.209547825020367263e-03
1.465041277913062831e-03
1.273466615878431161e-03
1.202268707915197425e-03
1.777537297471445520e-03
1.521993538782834667e-03
2.749285312996616656e-03
2.772526772836319230e-03
1.451935475846643890e-03
1.495803994588844202e-03
1.472577112816004456e-03
1.488095332685194973e-03
1.919185939722849133e-03
1.121718490349190569e-03
3.553312953156573511e-03
1.654857839362763134e-03
2.470596838017036223e-03
2.479634984246504269e-03
1.647514864366021346e-03
3.870019674489315244e-03
2.013335568876497769e-03
1.359715711293982970e-03
1.110220902827348775e-03
1.468161683575674959e-03
1.762316484627768354e-03
3.155400972680539890e-03
2.561286092737476844e-03
1.318516441913535325e-03
7.355933895187105696e-04
4.587006893930092519e-03
6.038238466046359949e-03
8.287301199813423142e-04
1.215838436463912873e-03
7.049231161093059668e-04
7.461557378378107881e-04
1.337386499641403858e-03
1.119528395181854531e-03
2.595735867615930111e-03
1.289419869638380820e-03
1.299866063229296364e-03
1.609383978322357625e-03
2.135000299623196658e-03
2.349619109148942328e-03
1.590075691694615035e-03
2.299080926721340946e-03
4.870417179517834774e-03
2.012662518062660177e-03
2.624042908259929547e-03
1.099877648870707788e-03
2.326109764035439766e-03
2.316199100027745757e-03
1.252782790505864571e-03
5.443040807697393244e-04
1.654813251215331293e-03
5.805018713528111709e-04
1.170134481818038566e-03
1.953862998496539143e-03
9.752045686027601898e-03
8.703735050410862321e-04
1.274657796184125143e-03
9.863870066406283960e-04
1.355817981573802971e-03
1.478984300806135020e-03
1.263666648718999837e-03
1.718662247246475604e-03
1.468887909434577876e-03
1.732864086412781420e-03
2.957995089690903297e-03
2.888691878183473837e-04
7.626609039673834436e-04
7.504875059916492818e-04
5.890135999854399047e-04
1.007731182054692276e-03
1.040452541128400639e-03
2.862058099271260056e-04
1.666961512454890378e-03
1.361871217342940912e-03
7.969968117094285241e-04
5.134204709863753567e-03
6.951009740949579433e-04
1.364809962157104021e-03
2.109799922443744095e-03
1.292560005685079033e-03
1.166296562388378748e-03
1.358089917585268442e-03
1.239619178940798341e-03
1.123623042059559854e-03
3.158710204528838647e-03
2.034977549927435500e-03
7.726751942734045578e-04
5.131025864379466436e-03
3.485039108873756470e-03
5.372057228131556575e-03
1.780672369564286796e-03
9.996538344954021202e-04
2.060171224253662045e-03
1.574161155925679623e-03
2.186970120720708923e-03
4.736257139172912571e-03
1.925754420277017188e-03
1.946224515373277779e-03
1.898412001775796236e-03
2.029835969792722922e-03
1.109779336804593954e-03
2.133825382481549255e-03
1.342041567077027243e-03
7.094482224345653428e-04
5.483233434434981162e-04
2.390167492856482955e-03
1.599209742554416917e-03
1.023266002588299039e-03
1.222766787399295202e-03
1.851125960916651493e-03
8.085545872078829695e-04
5.146619373235707812e-03
8.634858129494032064e-04
7.047845551482908016e-04
8.423752577347647617e-04
6.001143614456225716e-04
1.337460641343475891e-03
7.379747230205167298e-03
6.434630408855410676e-03
6.732481271073808161e-04
8.089668762850044581e-04
1.012079300427643413e-03
4.670905619381973922e-04
3.167545527687430987e-03
5.451048952241604583e-04
7.986248201945286710e-04
8.496504077091929837e-04
1.811712964832633103e-03
6.850069610775269633e-04
2.248589638112104283e-04
4.467500595794985513e-04
5.139316966788650114e-04
4.739886720665468936e-04
5.705268759130593340e-04
5.694056241147502648e-04
8.088453177890717353e-04
7.989760925818856956e-04
1.573620638881468312e-03
1.545973408207049508e-03
1.926563743091728401e-03
1.934018269610944269e-03
2.713825329512031055e-04
2.493703915261482381e-03
5.818546199108852414e-04
1.064147341728616638e-03
9.962022046586243174e-04
8.820884428199097030e-04
5.320033496711200436e-04
1.026308105940845804e-03
8.795144439649985220e-04
6.706081831864735320e-04
4.457160533328170305e-04
6.584380382013722008e-04
5.784085896371426961e-04
8.357278409115893609e-04
1.151109883568284279e-03
6.296216002675921646e-04
6.324220669274947934e-04
3.617598946264681710e-03
1.768912817583460006e-03
5.760685124626687640e-04
1.393871408111998491e-03
1.117919934929167925e-03
6.012717027924682203e-04
5.195888753704684671e-04
5.176546056249924175e-04
3.779594388493580891e-04
1.769638018484309162e-03
3.666089712236210961e-03
3.205169120000097432e-03
5.375004535479068054e-04
1.565389723685760336e-03
4.073282225680823973e-03
5.002514959520834971e-04
5.310774044015218430e-04
2.577649790889502759e-03
1.932732188678896014e-03
9.642460482711253614e-04
1.470136859813356506e-03
8.957954441349934424e-04
4.511217868590570979e-04
5.943095251053916823e-04
1.074539801192970915e-03
6.842791990193867850e-04
1.700967987077972371e-03
6.213206113728102003e-04
6.506401526925146292e-04
4.400297466370937157e-04
9.343653295968292567e-04
5.143776955392307879e-03
6.952088933925283610e-04
1.403209483211387667e-03
1.018288655972592873e-03
7.536620412435973996e-04
1.026033204634616740e-03
1.101927914310317936e-03
1.026441279166495591e-03
1.508975293599186919e-03
1.262862813356056780e-03
2.738345198282979547e-03
1.402439183969059503e-03
9.653128515105829270e-04
1.954566922490678493e-03
