1.023115916535240810e+00
6.069366145505394883e-01
2.180904047925753986e+00
1.966540760387255560e+00
1.697009823974908738e+00
1.478119220515267118e+00
1.312491040132968356e+00
1.160002252070882589e+00
1.023795593399696724e+00
9.001324653422119182e-01
7.909165173253672743e-01
6.865628803265160229e-01
5.971041432402380833e-01
5.060363744639920780e-01
4.375666194728212166e-01
3.734248455152742729e-01
3.087250612834718244e-01
2.632155652300635640e-01
2.233560157675923141e-01
1.822309467637343305e-01
1.555507431238704885e-01
1.573666135400910160e-01
1.072101229673314837e-01
9.443781569547114729e-02
6.007390274434774163e-02
6.687663427606393984e-02
6.171336627785223988e-02
4.968588990690614438e-02
4.318813117596628781e-02
4.253254524008519277e-02
6.710848490393542254e-02
3.427569243554060702e-02
2.553892625450848719e-02
2.659683618088091311e-02
2.869858642355373538e-02
1.987366027512527458e-02
2.281669751175395902e-02
8.705642860580412035e-03
1.520357553387217606e-02
1.929052759868046807e-02
9.496820850808346953e-03
1.512556028986026570e-02
2.567867574292981986e-02
7.540228618599069919e-03
1.313247653425086113e-02
1.610032986492408377e-02
4.819520288107461380e-03
1.113783359050278012e-02
1.417463691416281403e-02
2.878241744952861250e-03
9.706175660896480817e-03
1.278470959400118678e-02
2.495919990072576530e-03
5.427916641664270840e-03
1.050277999723842406e-02
1.202585989600265214e-02
2.884682656449668453e-03
7.608073138538359523e-03
1.053438823145737106e-02
1.652767463174520954e-03
7.729535154683667836e-03
9.881485288193863487e-03
2.030568066668791971e-03
8.211114124199569292e-03
6.278670253824313215e-03
4.011980437226887568e-03
8.244152911122668015e-03
1.642603448338021688e-02
4.499431920073749744e-03
7.772703886075610184e-03
8.148462443043621301e-03
1.283541645133533205e-03
6.813152292015741719e-03
7.442048718586739310e-03
2.166079822400390417e-03
6.038195184614918512e-03
6.813387815887975846e-03
2.182223186075541756e-03
5.284782590850601973e-03
6.186584715793302415e-03
4.269476555989546417e-03
5.382261106343258147e-03
5.746705383211109068e-03
1.418986966408503254e-02
4.613865587244029426e-03
5.250737448160943364e-03
8.966779969165103448e-03
3.887477029325678030e-03
4.765086703445851890e-03
1.253167684162090172e-02
4.172848464305152320e-03
4.430903300768773527e-03
1.203211606714737949e-03
4.011579254559386951e-03
4.097889887343940905e-03
2.431588496026321298e-03
3.715055144706386290e-03
2.527647391605643799e-03
3.393145367099337228e-03
3.530949027485859749e-03
2.214311810341030879e-03
3.253078077742743626e-03
3.228781674912723811e-03
2.934569247075191189e-03
2.947934142912224734e-03
1.456947778389061643e-02
2.670548504858519592e-03
2.753857213022499559e-03
1.736274669440568408e-03
2.509228135333393863e-03
2.498617998407505394e-03
2.399608039684190518e-03
2.260173560000982088e-03
2.937689170794537813e-02
2.063226249294671747e-03
2.073381803989828714e-03
5.783031725674808547e-03
1.744260568568082020e-03
1.834782362881130389e-03
1.842494690873668680e-03
1.304511001265003245e-03
1.290109055019067865e-03
7.202498715074542868e-03
1.438005925478023656e-03
3.387532932424851262e-03
9.219450411172569210e-04
1.006108483449016629e-03
8.066013293820640476e-04
9.347678147241457632e-04
1.059363960175784816e-03
9.812475357038722996e-04
9.389148952593124329e-04
1.463111835113973212e-02
7.277263294759686888e-04
1.390987791198080355e-03
5.575623909628338835e-04
6.301371313335635055e-04
2.213204229886459127e-03
5.609801796949297117e-04
5.046678331228000077e-04
5.322911578779508960e-04
1.782496182958359350e-03
1.262835586489595603e-02
4.873296205187155079e-04
4.570091313154392258e-03
4.714867394585983760e-04
5.992006167977863632e-03
5.456246819746759288e-04
1.217128756198932946e-03
1.855216563173090957e-02
5.602321707757456758e-04
1.400883912945622214e-02
5.748381560196618584e-04
5.363857874669750994e-04
6.036136961181563050e-04
5.926419340780847162e-04
7.172551682408186049e-04
8.261871960456457914e-04
2.247918955952797181e-03
8.649701099801960190e-04
7.638699634634298335e-04
1.308545301006910954e-03
9.169335352427701201e-04
1.924063339372511158e-03
2.056377713765676195e-03
9.791571279837757349e-04
5.850829039973399689e-03
2.628602818998342951e-03
8.513240480657293524e-03
1.109049170893256116e-03
8.044711409432034679e-03
1.176274633915635635e-03
1.695428383822143682e-03
1.187212330098874006e-03
9.846742211672208749e-04
1.124722005164733316e-03
1.276662791818070986e-03
9.271256237405482714e-03
7.597225175699559921e-03
1.343733494799861840e-03
9.389868918073181496e-04
4.354511400069871474e-03
8.787768636830283657e-04
2.979112351967267303e-03
1.385053277457659300e-03
1.496905588489705731e-03
1.510215084547369404e-03
1.346226944877933337e-03
1.389802684694583677e-03
1.319627329615065793e-03
2.619255194848397420e-03
3.870308726901240410e-03
1.528417773201029041e-03
1.756385855351915663e-03
1.556654024116527982e-03
1.524705034722193117e-03
1.558786358641062100e-03
1.867733241730709344e-03
1.647481638161726056e-03
1.975120497122743925e-03
1.467353657341554036e-03
2.988288627625792886e-03
1.697777147019963618e-03
2.239409743857639912e-03
4.454610811687229922e-03
1.817024470514007296e-03
2.933654683273524515e-03
1.900439384912425578e-03
1.861421928647414214e-03
1.661845336431589954e-03
4.548171550068374688e-03
1.892119031385871165e-03
5.771981853787749514e-03
4.560330660166550358e-03
3.084847234088214027e-03
2.096430434506064630e-03
2.170259641417049586e-03
2.894611210890510409e-03
1.146991888379128056e-03
2.300247448530866583e-03
2.115458744626738490e-03
1.865936908620459802e-03
2.216271846575425340e-03
2.053005345884288766e-03
2.543109321261764148e-03
1.984102668656010943e-03
2.683505826668992466e-03
2.206096272946739701e-03
8.289154407154164517e-03
2.171103520960815034e-03
2.279677614023205897e-03
1.948519700298345257e-03
5.050206024030580269e-03
2.347986072782459570e-03
5.364599584013053472e-03
3.519211693557372511e-03
2.104664972852338632e-03
2.038598370508543523e-03
2.149130594864734692e-03
3.674250915287544540e-03
2.003130350486607286e-03
2.419810250330966129e-03
3.828267548783194016e-03
2.292606554049292106e-03
2.189096498788635145e-03
2.238571945104883641e-03
2.340582222723450699e-03
2.145010800387035441e-03
2.516056550838615628e-03
7.370700039256852971e-03
3.207308124183716556e-03
1.469901965219532142e-03
2.340017356345515821e-03
3.432871567226581776e-03
2.807231431077255365e-03
2.364236007154479294e-03
2.506437099944003842e-03
1.790988214883331049e-03
4.104899382750464530e-03
2.385852674087560014e-03
2.564355641192057715e-03
3.513192860127836194e-03
4.813745327231689144e-03
2.013850614197612663e-03
2.299918812441945071e-03
2.730439612519345877e-03
2.305911401161421688e-03
3.835603279362740335e-03
2.464562713930970768e-03
3.356867663303184004e-03
7.808469093224931420e-03
2.147765614206317581e-03
7.243097705633870335e-03
8.500706114542351532e-03
2.328343509702411867e-03
4.915069766481105357e-03
2.314021595435083924e-03
2.194604624685278938e-03
2.422665827538012569e-03
2.146874174547624622e-03
1.606070945267183128e-03
2.638925826883623937e-03
2.148214889183242948e-03
2.906191307137861828e-03
2.336284642615043747e-03
1.632135206095572735e-03
1.568032257021950183e-03
5.725014403029900743e-03
5.044194453855899152e-03
3.485550303242199600e-03
4.029057007347372661e-03
2.157109704953960160e-03
2.958713647869354486e-03
2.989208670834514383e-03
7.887670424461428950e-03
4.805711370123247859e-03
2.035657319987067837e-03
1.859831668261674020e-03
1.827095299381216800e-03
2.321369261903286161e-03
