1.012913695975351747e+00
2.919589307376994736e+00
2.275465273118033149e+00
3.139072979912335359e+00
3.429661059765893860e+00
3.410229250382796007e+00
3.474663002674237777e+00
3.371738785171912944e+00
3.338198567346788881e+00
3.262915442677880584e+00
3.271668684586974685e+00
3.345666706832945536e+00
3.261349099913597005e+00
3.182208620896103124e+00
3.262369445766632126e+00
3.206588567379312860e+00
3.226023396940408627e+00
3.300465741100105266e+00
3.356729240732074793e+00
3.458652791271791926e+00
3.526488401794424465e+00
3.671242075983624620e+00
3.737070416944316964e+00
3.799873184140704740e+00
3.854807023459760007e+00
3.945143688972905238e+00
3.904402456099921981e+00
3.916767742503163507e+00
3.970145284235798488e+00
3.991206023646212131e+00
3.959012384303447263e+00
4.045959975493626182e+00
4.010716007275044070e+00
4.080506945243382866e+00
4.141444169118961405e+00
4.162724852088768301e+00
4.234880978690652498e+00
4.273971347415146838e+00
4.393220964742410750e+00
4.471490949674897131e+00
4.570029991845333761e+00
4.749523412828243529e+00
4.840943422590806122e+00
4.951568341295844000e+00
5.166509160563320435e+00
5.278155461561550688e+00
5.476214683287993878e+00
5.675523442101036764e+00
5.847784848675142477e+00
6.070598477239432356e+00
6.261761048396355278e+00
6.507300359421473779e+00
6.646726917043648264e+00
6.867824345881984094e+00
7.079256405686069620e+00
7.327200283208862963e+00
7.533079304355402073e+00
7.774752539432292053e+00
7.923039747848223513e+00
8.169584971276517393e+00
8.400571795674004250e+00
8.609040128754781307e+00
8.798489417429385284e+00
8.993862004236369501e+00
9.179339542241375938e+00
9.383143333511892337e+00
9.523705496109727164e+00
9.717091244795641458e+00
9.834491524089216341e+00
1.005034493133008411e+01
1.022187956186953173e+01
1.036193391968710209e+01
1.053744927494407868e+01
1.065694981486720394e+01
1.079968080500589345e+01
1.098455185376325716e+01
1.107715516419471946e+01
1.121890589140749661e+01
1.137176849814442114e+01
1.149259068248706939e+01
1.161083169647563729e+01
1.177526837524830050e+01
1.190741751109232283e+01
1.207395706689882253e+01
1.210644923524352912e+01
1.229215338215854025e+01
1.238303598709321562e+01
1.250532040223846053e+01
1.261434503566321119e+01
1.272195621804375421e+01
1.281993713619953468e+01
1.290421169713641092e+01
1.296544321435478153e+01
1.309812764653318418e+01
1.316374832475632317e+01
1.323134162115375112e+01
1.328310420575623496e+01
1.339345810983518170e+01
1.335992086992013483e+01
1.341347050051591694e+01
1.345676951689202028e+01
1.347722861660364302e+01
1.347403931570462987e+01
1.355427874414445988e+01
1.353351114405858091e+01
1.354456344978127547e+01
1.353711210394390285e+01
1.352055370398515066e+01
1.349545185721038543e+01
1.346858300064759639e+01
1.346860195579480468e+01
1.342859933586929344e+01
1.339738935219496696e+01
1.334737651158846816e+01
1.331723355101072670e+01
1.330216674798665011e+01
1.326401225369708392e+01
1.318648398529017207e+01
1.312159354064297645e+01
1.307719851300154623e+01
1.300853116896133876e+01
1.295671796959831745e+01
1.289963766483537810e+01
1.284030179592307697e+01
1.278962581780469598e+01
1.271018553889483016e+01
1.262616393349477661e+01
1.258285852062039289e+01
1.254591474733682155e+01
1.250319342761835273e+01
1.243492646384499345e+01
1.237998043412349070e+01
1.235552616946111293e+01
1.233412349152178322e+01
1.225538117620964762e+01
1.227934318384842172e+01
1.219816732847331053e+01
1.216440267455396018e+01
1.214790816109531768e+01
1.212684027063709280e+01
1.210667245400374803e+01
1.206364079558462699e+01
1.212119107378807392e+01
1.202750825991392070e+01
1.207279907004064512e+01
1.205622478426395716e+01
1.205512160144600031e+01
1.198745440003003360e+01
1.201688208149275461e+01
1.204950703432968595e+01
1.201121358800066297e+01
1.203070234103205038e+01
1.203219427011305775e+01
1.204515522992897658e+01
1.206075937081870997e+01
1.204534029606009327e+01
1.208493672057966961e+01
1.207540230823569694e+01
1.210023621827396312e+01
1.211617824838423196e+01
1.211901664553404423e+01
1.212889571978746517e+01
1.215584586241432241e+01
1.216343133337197102e+01
1.216405947375944230e+01
1.219006592894633201e+01
1.214966351285556101e+01
1.216788829133617789e+01
1.220379637669696749e+01
1.220763290009324642e+01
1.219864097596637187e+01
1.221631082562073978e+01
1.219955405964584294e+01
1.220477655334453893e+01
1.217954508984096407e+01
1.219109564475558294e+01
1.220042456171426082e+01
1.216568984778518825e+01
1.214107733273521639e+01
1.213624075557926396e+01
1.211786334604529891e+01
1.212070040436828577e+01
1.211002460963233140e+01
1.206332850395246759e+01
1.202976028650592788e+01
1.201212416480837497e+01
1.197182165823445388e+01
1.193393946982240728e+01
1.191412998855362027e+01
1.185228676768125133e+01
1.181030294730768659e+01
1.176442557642517883e+01
1.170505191213147533e+01
1.166274188239952458e+01
1.160610476465440399e+01
1.155785744582673935e+01
1.149998908981388723e+01
1.144050802075619622e+01
1.139467013412464880e+01
1.130592958326727526e+01
1.120158561110691586e+01
1.120004823888332091e+01
1.110125656859287346e+01
1.106699251252402050e+01
1.096226231825722763e+01
1.090303961950081835e+01
1.083301923110163223e+01
1.077585332842656562e+01
1.065432151505113545e+01
1.061287308774591764e+01
1.053024323363289128e+01
1.044726400936228039e+01
1.036476331667587480e+01
1.031346064522449169e+01
1.022953543578474722e+01
1.016368527263611377e+01
1.006245702092445704e+01
9.987214259229789448e+00
9.901815199554778957e+00
9.801728147647512657e+00
9.734220135654449990e+00
9.635709782796642031e+00
9.580544964928748186e+00
9.479952643419553127e+00
9.408744220733394670e+00
9.345488095884407542e+00
9.250460437326301744e+00
9.159021355725915470e+00
9.086205434227773381e+00
9.006940591944481156e+00
8.927931351994944364e+00
8.845410936779950717e+00
8.780439569382910037e+00
8.709247070025005755e+00
8.628345410236981650e+00
8.535127589449057695e+00
8.457269249471746519e+00
8.359541769885554530e+00
8.325525225888730674e+00
8.234384300838792470e+00
8.162821877277140814e+00
8.087541243360906407e+00
7.998826078626218639e+00
7.949836150820332570e+00
7.870451259687176737e+00
7.796528153359416180e+00
7.738124881167261826e+00
7.656075480671963973e+00
7.583464955691433751e+00
7.522799440622602418e+00
7.462349684537712413e+00
7.420176383291329003e+00
7.328225182685083716e+00
7.255008031156251924e+00
7.201139165775365392e+00
7.136394865260096587e+00
7.085357540602328363e+00
7.005527699234179728e+00
6.974190378683664093e+00
6.913156218814561882e+00
6.793802841329680042e+00
6.777406322943106964e+00
6.727760331860944021e+00
6.676555761092140884e+00
6.574753149316101997e+00
6.540557719826904481e+00
6.473523060381225491e+00
6.435744107417442628e+00
6.381938586488019816e+00
6.308913262304745473e+00
6.276707360061640095e+00
6.197372256411898483e+00
6.163915162902060096e+00
6.130381109284389396e+00
6.042735407732898523e+00
5.965292046731682341e+00
5.951538877212906975e+00
5.867071736891884548e+00
5.823890343125143865e+00
5.765458911420047627e+00
5.729197649382570035e+00
5.664478742976631231e+00
5.644819813215296911e+00
5.546590006738433942e+00
5.502403213253142411e+00
5.440100319625871705e+00
5.401813449363502606e+00
5.350927107756515255e+00
5.284653303291673154e+00
5.218623910739866645e+00
5.175603676933580033e+00
5.136186695681030479e+00
5.065520527630501313e+00
5.001714927072208106e+00
4.970513981479178334e+00
4.913457566045959624e+00
4.852434841674329036e+00
4.808656209235727452e+00
4.737939090376137585e+00
4.693664876843697265e+00
