1.045453906167951086e+00
2.322713372851517910e+00
2.649748779102462315e+00
1.542297873073578351e+00
6.345079826585772187e-01
6.848076164640467534e-01
8.210963254213234919e-01
8.758291622099123597e-01
8.488634706342358394e-01
8.542656502959562470e-01
9.916502011057121146e-01
1.121655069721049447e+00
1.264011621938492258e+00
1.414857416213332719e+00
1.543520766271149647e+00
1.644755064647292375e+00
1.734235987815514246e+00
1.877230891953619807e+00
1.941419738685091323e+00
2.002356946632776857e+00
2.115437929585656018e+00
1.987068992033249604e+00
2.019401216173307922e+00
2.109567811375935076e+00
2.471164025313898449e+00
2.655365086317749146e+00
2.657230472872413873e+00
2.691847605926507292e+00
2.525868123022883438e+00
2.470338504377575628e+00
2.297520335820343540e+00
2.229926468099479919e+00
2.068359785785703231e+00
1.975486134523415149e+00
1.898695744258988682e+00
1.812147617263712096e+00
1.732990211407495984e+00
1.622309032816388719e+00
1.488803426383140449e+00
1.498907406156467115e+00
1.365374956495365222e+00
1.324828689709103946e+00
1.266999388436531371e+00
1.221177944816383976e+00
1.111924431058002094e+00
1.123776006602396516e+00
1.083477144555862859e+00
9.228610337721098178e-01
8.646570310535026671e-01
7.822146405591933194e-01
7.302485513644749737e-01
7.011092029079892818e-01
5.933220113272961171e-01
5.674302922619024470e-01
5.167655083628015511e-01
4.878653200086489616e-01
4.194594563197217019e-01
5.088111272293216469e-01
3.390929963952842296e-01
2.980372163654319007e-01
2.677013274436565449e-01
2.401578229975417644e-01
1.745093362474884890e-01
1.388188473886093899e-01
1.636534317822073425e-01
1.483737497019437246e-01
1.365051868117066192e-01
1.293857944778818714e-01
9.082253342309568045e-02
9.281957893795295123e-02
8.404493903399620769e-02
1.815461980750386617e-01
8.338032493919655952e-02
9.782233036287638073e-02
7.608954317255493816e-02
8.108819749198055427e-02
7.056875402472460868e-02
2.137631783445077260e-01
7.814916313038401674e-02
1.076159475052862885e-01
8.186499654060384878e-02
8.643173154134962954e-02
8.813996567541247662e-02
8.650848906899030744e-02
6.716685526627137748e-02
1.716507425616317917e-01
1.687060391322496022e-01
1.030894105444069425e-01
8.044407544719107961e-02
1.234939871306171694e-01
1.897017601862046876e-01
1.194071076768748740e-01
1.159040776148172747e-01
1.596508604076747051e-01
1.239165407099023647e-01
8.151400624511637161e-02
1.254584763757389809e-01
9.601306227485084666e-02
1.427437068694517586e-01
1.002370348052880888e-01
1.720628220368117800e-01
9.323969995520728360e-02
1.251803906323134263e-01
1.391917281037746423e-01
2.778246779951632495e-01
1.492742709831176851e-01
1.568781777316758386e-01
1.412796380838624299e-01
1.432201510458950000e-01
2.370801580801353281e-01
2.443205625282191817e-01
1.482542431817356343e-01
1.593277122746367402e-01
1.484273235164316473e-01
1.558007148772701800e-01
1.713321489734933867e-01
2.065496302006359086e-01
3.002256206802247918e-01
1.566679088388772123e-01
1.668153983957449960e-01
1.853568283098692426e-01
1.624105040133116684e-01
1.777841096478065541e-01
1.594684110560358470e-01
1.627625794503159695e-01
2.003241314590954725e-01
3.111382550498821842e-01
1.789352802887164140e-01
1.490952146969173608e-01
1.142768354716852675e-01
1.715053253240822195e-01
1.714513581515082485e-01
1.692870068309310083e-01
1.730715294061218601e-01
1.829524497650283910e-01
1.802718892048119637e-01
1.751696245823289033e-01
1.668448425636669119e-01
2.750426135455081300e-01
1.911015663938387676e-01
1.773725783916003940e-01
1.729873806894977883e-01
3.110256824370112860e-01
2.218714422204217385e-01
1.851914956783700938e-01
2.010511859334524754e-01
1.526790661119077352e-01
2.183355436125507532e-01
1.679146407072156510e-01
1.716315019910182038e-01
1.779439394519488904e-01
1.854618502698446025e-01
1.560195499628477533e-01
2.023246346327326473e-01
1.835017066798591834e-01
1.771593495143533314e-01
1.711196800197476164e-01
1.604384553174141859e-01
1.681731932885776881e-01
1.587561895746423535e-01
1.579427411325506347e-01
1.781139968328047107e-01
1.640494312518643583e-01
1.757691365863257860e-01
1.652819521330765040e-01
1.323519450924002250e-01
1.887672853370306880e-01
2.993837611353462047e-01
1.588861701263540316e-01
1.737649593220536859e-01
1.496982295198769908e-01
1.502730047970292082e-01
1.542258836325005045e-01
1.552404419523677470e-01
1.372579995062319647e-01
1.617380974422572837e-01
1.724044742989837009e-01
1.329797107133978140e-01
1.663127096850053332e-01
1.195347561490595067e-01
1.594641133420121037e-01
1.150305448153748772e-01
2.101492027314430244e-01
1.554549056555634412e-01
1.547644043930978264e-01
1.506956879057733401e-01
1.951458747897688029e-01
1.819923462947174719e-01
4.606482240665533689e-01
1.597798340584697108e-01
1.434947482993750578e-01
1.165015922109086249e-01
1.586676820570019630e-01
1.293942385593467026e-01
1.339781429986364458e-01
1.422111583600761675e-01
1.497352846410636706e-01
1.932712396805918442e-01
2.594675597527933975e-01
1.417687055933021800e-01
1.563186064278134502e-01
1.596640567247949727e-01
1.426310964644662560e-01
1.540489047178319193e-01
1.392239969035913849e-01
1.602429918712496293e-01
2.607588953308545010e-01
1.669154311477541452e-01
1.490848865845335325e-01
1.499450499434849815e-01
1.587594799922082411e-01
1.226523903366906060e-01
1.468466749144805017e-01
1.666184084256077114e-01
1.142520054842533633e-01
1.444166768585864458e-01
1.152993593696780145e-01
1.837067475684708850e-01
1.390102108320173391e-01
1.303904884609403125e-01
1.755920947278706845e-01
1.825261985185001878e-01
1.986008727277493724e-01
1.411954668063690743e-01
1.344118984259546346e-01
1.584432575541713517e-01
1.335987862853886543e-01
1.294209605650758765e-01
9.403961616568880244e-02
1.976001717035634764e-01
4.467670404913137716e-01
1.368709720697451337e-01
1.220055389019007036e-01
1.425412092047966539e-01
1.355351187189637874e-01
1.220004687427794776e-01
1.891481559056615303e-01
2.618923470924318653e-01
1.403987311578003827e-01
2.290521191308268201e-01
1.295821220045553779e-01
1.119532950408056865e-01
1.304506748267920679e-01
1.577477016014346145e-01
1.504612114594165717e-01
1.053271574143083145e-01
2.925168126734998264e-01
1.344107654009257524e-01
1.232382073942315803e-01
1.610868439432434907e-01
1.646588821772908828e-01
1.198936767727241948e-01
1.180595891133386921e-01
1.277435586260496081e-01
1.049069327519968758e-01
1.645850073552859172e-01
1.286265102295576224e-01
1.161022458150146597e-01
1.123782121208286439e-01
8.698648966247650438e-02
1.934870021667197126e-01
9.723911249892200348e-02
1.489886293144475626e-01
1.171182432414351327e-01
2.730279970971225545e-01
1.140031506384103777e-01
9.842861408040395887e-02
1.052893486248078908e-01
1.339997229170455106e-01
1.038390547019159144e-01
9.636271377583963127e-02
9.995595516933206137e-02
1.000886494662541759e-01
1.427626323414979415e-01
1.946654744556479133e-01
9.895883756076986892e-02
1.046865703395996189e-01
1.160988452951315919e-01
1.129878165570314535e-01
3.803996088496105488e-01
1.084981042621050579e-01
9.774368644272397877e-02
9.387271220109794090e-02
1.054823418419046782e-01
1.653774259419931725e-01
1.170743244804758193e-01
1.362427749473959226e-01
1.434295823528204672e-01
1.452700800373945555e-01
1.028803032908380405e-01
2.261160312187486809e-01
1.156876461692101232e-01
7.466081948769454080e-02
8.021940758921621006e-02
8.953841978232909837e-02
9.378126780418059860e-02
1.061508954687338385e-01
1.037464524855698650e-01
1.715128757026301298e-01
8.402891475138850319e-02
