1.060152012521022202e+00
9.395929292736938665e-01
2.008819378855324356e+00
1.503963056506140816e+00
1.038581648550650050e+00
6.862910153013999093e-01
4.316236482999580293e-01
2.628875530240880054e-01
1.608163913967596004e-01
1.009978619917579756e-01
6.643414815840259502e-02
4.633320742809660109e-02
3.421324375585928917e-02
2.643578321966516195e-02
2.107619221095742568e-02
1.716095747144454411e-02
1.419551900422574495e-02
1.563464253025872303e-02
1.021393796188518194e-02
1.703781644685986585e-02
7.801588557324792145e-03
1.493367514229643027e-02
6.312128275304040165e-03
5.635722681421079412e-03
4.945341381824086904e-03
4.508200381347005591e-03
9.174453690169139669e-03
3.491633302516105111e-03
3.189571121829994863e-03
2.524054201367681178e-03
2.321861000400066415e-03
1.631210297358204808e-03
1.543370894310094584e-03
1.377181700130862682e-03
1.277359422808569886e-03
8.180170374778661727e-04
2.660734231944769483e-03
6.427686299393610327e-04
4.487352905162528272e-03
1.012005667454466329e-03
8.811086060164866887e-04
1.294807788920655182e-03
1.159438530324094149e-03
4.980089202874216602e-03
1.505902153769409250e-03
1.378991468560049902e-03
2.111968197203045652e-03
3.760894149999826665e-03
1.660398007723361659e-03
2.522933735937228032e-03
1.693726813594596857e-03
7.203304968297353757e-04
1.278516362758829860e-03
2.425495683627901418e-03
2.159731717355514637e-03
3.600685123918812881e-03
1.429252957456340987e-03
1.909893436871644944e-03
2.559017799611574238e-03
1.152243157391043401e-03
1.332813559737833090e-03
2.252394764283768662e-03
1.204127277266518487e-03
3.450095523103038561e-03
1.659267823893165574e-03
9.212901238141444401e-04
9.405058736554839033e-04
4.461909859313270728e-03
3.765439046183775753e-03
2.335509611938215314e-03
1.093695236837394311e-03
9.137468808994725095e-04
5.491889177580598028e-04
8.543005682414976957e-04
4.987237127630527941e-03
9.118069176862294472e-04
2.519298218648879494e-03
2.549581805756964605e-03
6.112319825284532292e-03
7.296894803279667559e-03
2.071172330275161417e-03
4.597131784035706110e-04
3.224880692005508949e-04
4.686072573357451146e-04
8.512654603982269504e-04
7.851686434420155312e-04
4.376414975926048220e-04
3.438121477728528540e-04
3.015603437878270699e-04
4.581802550770856276e-04
9.490374635772560238e-04
6.012584360823913787e-03
3.368391690623647123e-04
5.674218786822080767e-04
1.597095449107894735e-03
2.439621957553051606e-04
5.787477123718250561e-04
4.535232923344842577e-04
5.262118074969313617e-04
3.044921775984417694e-04
9.640557043586595173e-04
8.586787877500871467e-04
3.697254840998248442e-04
5.714043393457609839e-04
4.893463080560536346e-04
2.407347375612108259e-04
5.746856352304061631e-04
2.126211533351684516e-04
1.260175765375826833e-03
2.480933225610889616e-04
2.325948032315347546e-04
2.741498418427138731e-04
3.189921244401296152e-03
8.956418317878588747e-03
2.645807370228240880e-03
2.264078292042509630e-03
1.387874934479573028e-03
3.933574799467399845e-03
1.134531868027615102e-03
6.232800548220440544e-03
2.419059543338509914e-03
1.130319886333304349e-03
2.883700012513276873e-04
1.997209317200326071e-04
2.621813808908782478e-04
5.510567328196165843e-04
6.218449934154328569e-03
2.467209129257602932e-04
2.318394888732559105e-04
2.289763170191092445e-04
5.568905598873033925e-04
8.176538681889719941e-04
3.889502791445615618e-03
3.695820183640811593e-03
1.589513714437521593e-03
1.178990268296122501e-03
3.593643943929049171e-03
5.296499951547384809e-03
1.960880306284896503e-04
4.214384111179961777e-03
4.593248825957927349e-03
2.103753812094775631e-04
2.237844685389614647e-04
2.016787339517979189e-03
5.582985479223107539e-04
5.537758817172292337e-04
2.473995898350898762e-04
1.426183043837716581e-03
1.766660896596499277e-03
3.473057143242014701e-04
5.115704242974673148e-04
1.789548332710045458e-04
4.542857730212104838e-04
8.564561260327878444e-04
3.149285225692026089e-04
1.928128966993917918e-04
6.388596444145967475e-04
1.094161908159745934e-03
5.704641358524865924e-03
1.930784979553180165e-03
4.263949769724034462e-04
9.686396357376567253e-04
9.207035490345291413e-04
6.395559880010246194e-04
2.535312535120863922e-03
3.621110613802905939e-03
1.990406333613515405e-03
7.921945098964861161e-04
8.141917399032649189e-03
1.344224418939492021e-04
1.696761188926842676e-03
1.006282428079629306e-03
1.474941746296627157e-03
6.998711417145486897e-03
3.558287658436578519e-03
3.162265723989666761e-04
1.589110034185478039e-04
4.093591666454871048e-04
1.162847036539439905e-04
3.162247150266587342e-03
3.086394486797193926e-04
3.307203510092939988e-03
1.594282629234983813e-04
1.515667331505216888e-04
7.591458897844898185e-04
2.101100810348353366e-03
1.153038153938041026e-04
4.330025917724786614e-04
1.189613327836481333e-04
4.732056187556114520e-04
1.797304009082697867e-04
1.214453147793103814e-03
1.863345862653141495e-04
9.774696185991475078e-04
1.721154019300365256e-03
1.238196724788507370e-04
1.534529505179438617e-03
8.094650295441653889e-04
1.706743174652383633e-03
3.337468864596948733e-04
1.183961120456338754e-04
2.618764606374173408e-04
7.588651296756540642e-04
4.297855267668385560e-04
3.787107828764351585e-04
4.084005934560539994e-04
9.693830301703339897e-04
5.783337271263808014e-04
2.979728916506967171e-04
7.918423173530824647e-04
2.744332847315915716e-03
1.379578657095947109e-03
6.859995627890879723e-04
6.445427236149870592e-04
1.192376048858807824e-03
2.634998547658837925e-03
4.686457352770895604e-03
1.073400482193438135e-03
1.460719908152542613e-03
2.923856135295454053e-04
9.391366553486284749e-04
7.691227216595946173e-04
2.001575515043923104e-03
8.612973482835546831e-04
3.704925614047266131e-03
1.812026144001389590e-03
1.090549902360417409e-03
3.840310684087198880e-04
1.847754273779625607e-04
5.052023207050203475e-03
4.463234688268240854e-04
2.415276123078623303e-03
4.667808833451833226e-04
3.705748648425382752e-04
1.864480682860987113e-03
2.247709256898411043e-03
1.344987359080397865e-04
8.118258093549654943e-04
3.993276683098984634e-04
2.069055644211641263e-03
3.056372180233977174e-04
3.774319851424718969e-04
8.398392242806667317e-04
1.529549535181695240e-03
5.692664289874868307e-04
2.752923959710679527e-04
4.375974839828055546e-03
7.923338393460091370e-04
2.896708237110325523e-04
6.849734840634657054e-04
5.443220413103886735e-04
1.347909818792497128e-03
1.982932924230888187e-03
2.748241126705365934e-04
2.157800146153026450e-04
2.815829317901737214e-04
2.502302141889750360e-04
6.213439036637592771e-04
6.570134331223319649e-04
6.428799410153331019e-04
4.228786201320514949e-03
1.907690504736496602e-03
2.410586752054027278e-03
8.589919971193554294e-04
1.265182315192388144e-03
8.832791061079669744e-04
1.848491733199065276e-04
3.171403766985423571e-04
1.347748994675823002e-03
1.175864044574869826e-03
3.789666624384485541e-04
2.200504088269304075e-04
1.081490372125937081e-04
2.724789473166466650e-04
1.393745029599249537e-03
2.049849552482924716e-03
4.646955812419564162e-04
5.352522342051005758e-04
2.182489991846269255e-04
8.946734088406441913e-04
2.525094775511500366e-04
1.475992735923687630e-03
3.750598606832420312e-04
7.927047876507630582e-04
5.473778857282209521e-04
1.701917796828596435e-03
9.867844100311020522e-04
3.191996863730284456e-04
1.910927994122693652e-04
1.382671075299506786e-04
2.281959100719690308e-04
2.584404199683641473e-04
1.161026065599662102e-03
1.527624309832078175e-03
1.071903949866527582e-03
4.897579411435254784e-03
7.015260732977718827e-04
1.384752001840780294e-03
4.195088958845401327e-04
1.044726691846914772e-03
