9.649707492739412196e-01
3.034650742108288557e-01
1.283675222621667444e+00
1.286505582530612646e+00
1.036172173417611253e+00
8.474116109897585902e-01
7.263585953874878154e-01
6.045195814460142536e-01
5.208754366247809742e-01
4.590865769385276129e-01
4.045092158655999581e-01
3.615121846642063153e-01
3.176695595826491414e-01
2.832368504419154331e-01
2.488374010853316998e-01
2.210949311730016076e-01
1.981867009708052907e-01
1.708665039260358898e-01
1.535136233444264753e-01
1.381211965765214711e-01
1.186981609888239364e-01
1.082684701527805854e-01
9.102965617580251190e-02
8.351701089586641147e-02
9.293634239328510405e-02
6.308586286346837269e-02
6.023311695313406794e-02
8.425427597500570465e-02
4.640127479761312068e-02
4.510481012263142797e-02
3.873411264664562009e-02
3.555716628971238719e-02
3.528161116968627636e-02
2.772300115364565581e-02
2.911169520035231800e-02
1.911475915485280272e-02
2.292352063619687921e-02
2.388861695106389571e-02
2.159637278888695833e-02
1.800034226034713178e-02
1.829622268930968659e-02
6.566352967529932166e-03
1.458763260075631417e-02
1.616960429857843690e-02
4.857206134219026715e-03
1.228930637379714065e-02
1.368592961266976507e-02
7.013331870398656180e-03
1.024368065475098066e-02
1.158169719810027420e-02
9.121441117424647360e-03
8.627553016633994140e-03
9.898862499286759098e-03
6.822568277133555029e-03
7.433647111813129760e-03
8.316062616471327912e-03
3.800895166768289164e-03
7.534466166053722068e-03
3.961902623767437660e-03
5.513002004466147424e-03
5.979148123123351026e-03
6.086946007647982271e-03
5.569355739906131815e-03
9.148158586450247723e-03
4.531974772936596049e-03
5.516389135015883037e-03
1.555566715969930458e-02
5.024501385058928980e-03
5.467730104780004624e-03
4.167876402504374495e-03
4.710372088073588349e-03
5.212141443561230277e-03
3.377324390306152540e-03
3.995300113149263636e-03
6.051282655928800699e-03
1.089531883455314640e-02
4.089942038187375194e-03
4.491551227229766997e-03
3.688585223765032412e-03
4.273032420065064722e-03
1.376349355292380214e-02
3.375372730537764144e-03
3.923316926420085220e-03
4.221956008885280331e-03
4.340569231687569154e-03
3.645144499946609620e-03
4.848155274096907323e-03
2.654398342949090654e-03
3.867080737634837496e-03
5.087574099314725803e-03
3.643252049820469400e-03
1.393526345352491536e-02
3.555843637232056556e-03
1.708988923752837938e-02
3.358285649255716380e-03
4.140256658357336673e-03
5.650200752651963511e-03
3.583801837209765664e-03
3.101451257350713083e-03
3.681801713159722420e-03
3.352900459515962411e-03
3.460870851909718555e-03
2.356908945731727920e-02
3.124931047312623500e-03
4.000941407617745159e-03
2.957787296857114327e-03
3.221646795798064483e-03
3.705131456092000501e-03
1.979117293320651130e-02
3.188668958482162967e-03
3.353603666100258857e-03
3.216910290432721184e-03
3.275864043932237481e-03
3.269504129936945218e-03
3.093690971891548212e-03
5.708917677350454356e-03
2.869654950764835045e-03
2.935110855138903935e-02
2.861915806493676995e-03
2.939875314111266725e-03
2.767551581439979969e-03
2.810857825457003904e-03
7.160696111088863183e-03
2.833790280659370404e-03
2.848059450912034715e-03
2.422027427511414498e-03
2.607300319861900750e-03
2.657425491769905765e-03
4.640604165035859541e-03
2.723721420264840418e-03
7.569427510312217063e-03
1.574779026073183999e-02
2.470106595012570589e-03
6.615298875855142244e-03
3.212040781041544148e-03
2.337830290099063638e-03
2.429678281914971188e-03
2.435628926651280026e-03
2.409834907243798337e-03
3.027999387710749325e-03
2.348612571905556255e-03
3.258543064353237612e-03
1.735675272575015748e-02
3.061130922285236478e-03
3.781920910393328679e-03
2.423304071950295371e-03
6.574266051109079259e-03
2.340650472586406749e-03
3.101154069793346946e-03
2.599169544471580367e-03
2.333420888498534840e-03
2.500221349667897022e-03
2.364143737407034714e-03
2.578576247766187299e-03
2.338534348857527687e-03
2.467050306087380414e-03
2.330823805300325218e-03
2.336871921820841361e-03
2.348997248522366986e-03
2.329179352379010318e-03
6.431893926166696446e-03
2.357115578253086811e-03
2.382110282252952564e-03
2.371529836310269992e-03
2.351095972713576013e-03
2.335993864978883408e-03
3.884491273047541507e-03
2.350613995511174458e-03
3.647021400902294725e-03
2.347679222745360870e-03
3.503249080776640531e-03
2.371722656171812351e-03
2.392639703685397069e-03
1.328636994974449238e-02
2.406445836775380435e-03
2.388029640505959748e-03
2.385210808711710900e-03
2.390761734081680353e-03
2.749296232782047142e-03
3.357748774737718666e-03
2.384655465348945423e-03
2.449379973933712984e-03
2.348243682343008776e-03
2.525741827209583568e-03
2.532212077885208964e-03
2.692357514788489004e-03
4.772094301608920293e-03
2.482564005129599041e-03
2.547680987604200760e-03
2.467827826621744273e-03
2.680893948240034401e-03
2.405734942849749747e-03
2.804299207721616064e-03
2.533928663114261379e-03
2.550325374060921548e-03
2.788329369682064456e-03
3.869953669006153188e-03
2.639834324678231540e-03
2.977146791426614741e-03
3.040605760856966450e-03
2.755648469733595635e-03
3.167253259998775196e-03
2.888992206266872455e-03
3.723909949527166603e-03
2.806994990506144708e-03
6.277242039203444028e-03
3.760014520669956260e-03
4.727228583063274731e-03
3.437840842793317506e-03
7.597604993418623394e-03
5.128358574270881244e-03
7.855142422429324880e-03
2.831507003214227963e-03
3.108602287189482071e-03
2.962887511607326368e-03
3.407514821792919681e-03
4.556275852567453523e-03
4.008510947325844356e-03
3.423181640565380220e-03
3.517678194692481098e-03
1.321913248368858373e-02
3.758381472925467325e-03
3.736913366792251213e-03
3.304973783419648276e-03
3.649593889987634392e-03
3.025929197630530115e-03
3.887323411209073556e-03
3.375700502289320955e-03
4.037002364939351780e-03
3.652714418226721532e-03
4.288485109217721539e-03
4.137196582851509347e-03
3.240022090683593835e-03
3.767252040059468343e-03
3.285063687573827693e-03
5.096196153550656451e-03
5.729378168296821172e-03
4.231671723711092140e-03
5.846628637634205400e-03
4.600393336065830042e-03
4.937131406789109327e-03
5.224871348411964933e-03
4.371963055475407665e-03
5.557206166547939800e-03
4.295659370670756524e-03
5.875917995085762520e-03
5.121249963720212600e-03
3.624942295849809849e-03
4.985398349054329971e-03
1.123536541591593774e-02
5.222627139882467240e-03
5.298982662513463185e-03
5.391495238628278217e-03
5.128295891327734439e-03
6.085596262206341249e-03
5.750666155814332554e-03
5.228388080840410367e-03
6.057202157418116115e-03
5.716952591018122434e-03
5.593121726874968579e-03
6.348405293739626913e-03
6.354245679427467965e-03
5.603745203064320821e-03
9.313061999713356451e-03
6.121877035297545663e-03
6.249445403625793552e-03
6.233661640661880901e-03
4.901147403129467971e-03
6.605128179161693334e-03
6.466378843288080047e-03
8.982526511581665277e-03
3.499838353442637478e-03
6.500279045792488157e-03
7.027252230593703311e-03
6.049982996730970085e-03
7.439081050644097588e-03
1.855195769181060272e-02
6.851197093167671337e-03
7.301454777287814599e-03
6.881476986529296708e-03
7.276647631527246099e-03
7.474604914098261638e-03
7.481504172707920813e-03
5.500899932930538444e-03
9.506113069815422603e-03
7.886242069648179490e-03
7.846823422881281374e-03
7.663705702533375914e-03
7.410358365277276010e-03
7.650423593479337668e-03
5.271533416207280567e-03
7.712444049543401223e-03
8.094925811656114925e-03
9.042890102721532278e-03
8.219495935096271522e-03
7.770926788804526086e-03
9.619819959997286465e-03
8.128865815168161146e-03
8.574503751082237016e-03
8.830453234094235576e-03
