8.775859411689800327e-01
5.230488414417282517e-01
1.344666210758048264e+00
1.767602907252490141e+00
1.471587535375383560e+00
1.091353159366151848e+00
8.065142321350111665e-01
6.032509687987899216e-01
4.577023763052363026e-01
3.522728558351425621e-01
2.749207408474002579e-01
2.173786180304600746e-01
1.738859731989838009e-01
1.404223324554110530e-01
1.142187337972739303e-01
9.341743265341008462e-02
7.678740727929735110e-02
6.349794614435962103e-02
5.294191203753904201e-02
4.463012285652015465e-02
3.813995699585388810e-02
3.309974104487747176e-02
2.919368362632495176e-02
2.615655175780852437e-02
2.377948660724550287e-02
2.189320711350343021e-02
2.037267321871958844e-02
1.912597572281714980e-02
1.727342426063400646e-02
1.716458764575490292e-02
1.703518715446469128e-02
1.560466202571255713e-02
1.623513641127054263e-02
1.428354711517008414e-02
1.260748404745513918e-02
1.313972602250242962e-02
1.140821403190337910e-02
1.208272464688488895e-02
1.163602588044027747e-02
1.120861846450234289e-02
1.074923664606535455e-02
9.366106209086363585e-03
9.893761612841748751e-03
3.536820305856178907e-03
9.071946067926850779e-03
9.554731038984850405e-03
8.074424524607401107e-03
8.269779244949084993e-03
2.815506687353748743e-03
8.405184629410398373e-03
7.750417767694755752e-03
5.584143958684209888e-03
2.753947463317846407e-03
1.665246327496116424e-02
6.041054363608404365e-03
5.274574578654325600e-03
5.085658703957010585e-03
1.038341613452426447e-02
5.601248646620228359e-03
2.249508448807587772e-03
4.251718480311883833e-03
5.158776444716713441e-03
5.671380619114623454e-03
4.320173570163177157e-03
3.433816978747357158e-03
3.930342430493140998e-03
3.502678416701382122e-03
3.301488806558265047e-03
3.500643295792328462e-03
3.078313434593298471e-03
5.297335118965684764e-03
2.262449290334571199e-03
3.071199453066524119e-03
2.160943428398268487e-03
3.263589546001435804e-03
2.762674999148847111e-03
2.791839292791207031e-03
3.619988967490452535e-03
2.609576170796548081e-03
2.852357320281789180e-03
2.314456416616911868e-03
8.311954376822574750e-03
2.280125730916517449e-03
2.359086824724754457e-03
2.397100452685564913e-03
2.181495083436211374e-03
2.747307283961308941e-03
2.186911927011795601e-03
2.961193602534754714e-03
1.359894730385359128e-03
1.708089468204544020e-03
4.337260655071745012e-03
4.534785002551471565e-03
1.749855811344110633e-03
1.608805966893398290e-03
1.692664219409443062e-03
6.875876250885867152e-04
1.254003399424303070e-02
1.354565134065937671e-03
9.422251373690147813e-03
1.154433377551458478e-03
6.646093269343618859e-04
1.051225899371455684e-02
1.107495781263350895e-03
1.532713893604061841e-03
1.114982971208233449e-03
1.058877204202530922e-03
1.149490047896090279e-03
6.911105658820187493e-04
9.387583110738131247e-04
5.146633823625567337e-03
8.383125232502871942e-04
7.682171543651146245e-04
1.175639303487892393e-03
2.706165608074761943e-03
6.668807304963130823e-03
4.732444139314005466e-04
7.528157823257974543e-04
6.062788767833413766e-04
6.178201884186978977e-04
1.076482975626084611e-03
5.716229421106312986e-04
2.898128538891401912e-04
6.544221861429993332e-04
5.212042470119290782e-04
2.917795894817277937e-04
1.558579439758900342e-03
2.706853645967132599e-03
2.116608763270314865e-03
1.217805395417425555e-03
4.923360884764965391e-04
7.263428662742576689e-04
9.256453526924484938e-04
1.152423229375365565e-02
1.089183476571852372e-03
8.558744679232232382e-04
3.307159378870833523e-04
1.531469171697473009e-03
4.213492383664396582e-04
3.352271050565598675e-04
4.591478661961064054e-04
8.147219850402861660e-03
1.330172389933537190e-03
2.693629538431409061e-04
6.513379820672486912e-04
8.390816684428441382e-04
9.749311972796363733e-04
3.764463105700922201e-04
5.096382045969385412e-04
1.385686497062210741e-03
4.028152158128749799e-03
4.918180957098903031e-04
1.870312177330171440e-03
9.097934038568082334e-04
5.037189622609810789e-04
3.031069072733479346e-03
5.996752094917063951e-03
6.384611862556205169e-04
1.675742156260890325e-03
5.250434481623748699e-03
6.658286661846424259e-04
5.778185438378820793e-04
6.217398331559142186e-04
3.176056342615682804e-04
1.013844207258707275e-02
6.102197459351685121e-04
1.015613401153057883e-03
7.093933890674688917e-04
2.414395135947944478e-03
1.516140660314186598e-03
3.273764393488593459e-03
1.205335911187618500e-03
6.191903662020980907e-04
5.236322081333935532e-04
3.504430232410064828e-04
6.754707531869191470e-04
3.202591652645016122e-04
4.418393766569408271e-03
1.011778838212348125e-03
2.650345078206581208e-04
5.104145731525567154e-04
1.141944430394145008e-03
7.634580276984771459e-04
7.802153152436625645e-04
3.017807933784151520e-03
2.931926047798216078e-04
4.822795662631471666e-04
8.976794717011775436e-04
3.494068413841250244e-03
5.545787647518264423e-04
2.326572792314085276e-03
7.303009318615264443e-04
8.333819009172919491e-04
3.146749415425766604e-03
2.120793865869447913e-03
1.264850360919390817e-03
2.531323699888966589e-04
5.862839101836255689e-04
1.015686901362065518e-03
9.317285310802985582e-03
5.275162253807451091e-04
1.113550006260509515e-03
9.149016783021703732e-04
1.728298807187951969e-03
2.567304075446204693e-03
2.034518435054401384e-04
3.323172029225732182e-03
6.528008972930707211e-04
5.940585293881225958e-04
3.426862803640922175e-04
3.657687112501945221e-04
1.339423993385075980e-03
2.139620129976371309e-03
5.264974454284717872e-04
5.908827006917234323e-04
7.724915167795514846e-04
3.759658989858950806e-03
5.125754127304416518e-04
4.706782878393362237e-04
4.734177323992390862e-04
4.026632849918162149e-04
7.789144220156624283e-03
2.341674751830175125e-03
7.213017541933202477e-04
3.373468295673424781e-04
4.140428668864969304e-04
4.359359252769340982e-04
5.487548438282538812e-03
1.597417484521857813e-03
1.987083722127856375e-03
5.853391797254617682e-04
1.408176240747460294e-03
1.565014375128592891e-03
1.954002125987424308e-03
1.092140130322650149e-03
3.875105072234720808e-04
2.779028693180346141e-04
3.815088039704346264e-04
6.087080901283625778e-04
6.966093243016575204e-04
5.418319956953497347e-04
1.203304787717265206e-03
1.279263336614013674e-03
5.661195172073960058e-03
3.988192016089571945e-04
1.752656576357243187e-03
5.759615897138379258e-04
1.172350683959085937e-03
1.255782154245377747e-03
6.786486434413106610e-04
2.234214539950814087e-03
3.517823178815931463e-03
6.222839564529607280e-04
3.511370332766751532e-04
7.836349589832646099e-04
7.674796651870917710e-04
4.021232134916064992e-04
2.688919223255063860e-03
4.174526068697122661e-04
3.032280430801026407e-03
3.228194492283868711e-04
5.393792523847083884e-04
2.655575340398293183e-03
5.968261439652594808e-04
5.681839430994356684e-04
4.912580983359768989e-04
9.762474705551141534e-04
4.124556113635263668e-04
8.606703532529251868e-04
4.250668739531735961e-04
5.556928700285472447e-04
7.741022164090039263e-04
7.819975743124199822e-04
2.695581385071783766e-03
1.969178078041443618e-04
9.166760397082248301e-04
1.000975460703906099e-03
6.588801663634048572e-04
5.567627660739097456e-03
3.171030044959471288e-04
1.145128744566683513e-03
7.023425232304020445e-04
8.697585386214023518e-04
1.625458827588340503e-03
2.365405146807600476e-03
5.708998191065213631e-04
3.810696876279452998e-04
5.286953360094878446e-04
4.700643521683795455e-04
3.462163391543789993e-04
3.758128420222967762e-04
2.347793188925765152e-03
1.546234432587240614e-03
5.449611533449148608e-03
7.510451192265374864e-04
9.787784216366806744e-04
7.790201162220888702e-04
1.512356560256801312e-03
8.407141475384419683e-04
3.386953925221288637e-04
