created virtual environment CPython3.10.2.final.0-64 in 606ms
  creator CPython3Posix(dest=/local/weiqiw.3448259.0/env, clear=False, no_vcs_ignore=False, global=False)
  seeder FromAppData(download=False, pip=bundle, setuptools=bundle, wheel=bundle, via=copy, app_data_dir=/home/weiqiw/.local/share/virtualenv)
    added seed packages: pip==22.3.1, setuptools==65.6.3, wheel==0.38.4
  activators BashActivator,CShellActivator,FishActivator,NushellActivator,PowerShellActivator,PythonActivator
Looking in links: /cvmfs/soft.computecanada.ca/custom/python/wheelhouse/gentoo/avx2, /cvmfs/soft.computecanada.ca/custom/python/wheelhouse/gentoo/generic, /cvmfs/soft.computecanada.ca/custom/python/wheelhouse/generic
Requirement already satisfied: pip in /local/weiqiw.3448259.0/env/lib/python3.10/site-packages (22.3.1)
Processing /cvmfs/soft.computecanada.ca/custom/python/wheelhouse/generic/pip-23.0+computecanada-py3-none-any.whl
Installing collected packages: pip
  Attempting uninstall: pip
    Found existing installation: pip 22.3.1
    Uninstalling pip-22.3.1:
      Successfully uninstalled pip-22.3.1
Successfully installed pip-23.0+computecanada
Looking in links: /cvmfs/soft.computecanada.ca/custom/python/wheelhouse/gentoo/avx2, /cvmfs/soft.computecanada.ca/custom/python/wheelhouse/gentoo/generic, /cvmfs/soft.computecanada.ca/custom/python/wheelhouse/generic
Processing /cvmfs/soft.computecanada.ca/custom/python/wheelhouse/gentoo/generic/numpy-1.23.0+computecanada-cp310-cp310-linux_x86_64.whl
Installing collected packages: numpy
Successfully installed numpy-1.23.0+computecanada
Looking in links: /cvmfs/soft.computecanada.ca/custom/python/wheelhouse/gentoo/avx2, /cvmfs/soft.computecanada.ca/custom/python/wheelhouse/gentoo/generic, /cvmfs/soft.computecanada.ca/custom/python/wheelhouse/generic
Processing /cvmfs/soft.computecanada.ca/custom/python/wheelhouse/gentoo/generic/tensorflow-2.8.0+computecanada-cp310-cp310-linux_x86_64.whl
Processing /cvmfs/soft.computecanada.ca/custom/python/wheelhouse/generic/gast-0.5.3+computecanada-py3-none-any.whl
Requirement already satisfied: setuptools in /local/weiqiw.3448259.0/env/lib/python3.10/site-packages (from tensorflow==2.8) (65.6.3)
Processing /cvmfs/soft.computecanada.ca/custom/python/wheelhouse/generic/keras-2.8.0+computecanada-py2.py3-none-any.whl
Processing /cvmfs/soft.computecanada.ca/custom/python/wheelhouse/generic/opt_einsum-3.3.0+computecanada-py3-none-any.whl
Processing /cvmfs/soft.computecanada.ca/custom/python/wheelhouse/generic/wrapt-1.14.1+computecanada-cp310-cp310-linux_x86_64.whl
Processing /cvmfs/soft.computecanada.ca/custom/python/wheelhouse/generic/astunparse-1.6.3+computecanada-py2.py3-none-any.whl
Processing /cvmfs/soft.computecanada.ca/custom/python/wheelhouse/generic/flatbuffers-20190709135844+computecanada-py2.py3-none-any.whl
Processing /cvmfs/soft.computecanada.ca/custom/python/wheelhouse/gentoo/avx2/protobuf-4.21.5+computecanada-cp310-cp310-linux_x86_64.whl
Processing /cvmfs/soft.computecanada.ca/custom/python/wheelhouse/generic/google_pasta-0.2.0+computecanada-py3-none-any.whl
Processing /cvmfs/soft.computecanada.ca/custom/python/wheelhouse/generic/absl_py-1.4.0+computecanada-py3-none-any.whl
Processing /cvmfs/soft.computecanada.ca/custom/python/wheelhouse/generic/libclang-14.0.1+computecanada-py2.py3-none-linux_x86_64.whl
Processing /cvmfs/soft.computecanada.ca/custom/python/wheelhouse/generic/Keras_Preprocessing-1.1.2+computecanada-py3-none-any.whl
Processing /cvmfs/soft.computecanada.ca/custom/python/wheelhouse/generic/typing_extensions-4.4.0+computecanada-py3-none-any.whl
Processing /cvmfs/soft.computecanada.ca/custom/python/wheelhouse/gentoo/avx2/h5py-3.7.0+computecanada-cp310-cp310-linux_x86_64.whl
Processing /cvmfs/soft.computecanada.ca/custom/python/wheelhouse/generic/grpcio-1.47.0+computecanada-cp310-cp310-linux_x86_64.whl
Processing /cvmfs/soft.computecanada.ca/custom/python/wheelhouse/generic/termcolor-1.1.0+computecanada-py3-none-any.whl
Requirement already satisfied: numpy>=1.20 in /local/weiqiw.3448259.0/env/lib/python3.10/site-packages (from tensorflow==2.8) (1.23.0+computecanada)
Processing /cvmfs/soft.computecanada.ca/custom/python/wheelhouse/generic/tensorboard-2.8.0+computecanada-py3-none-any.whl
Processing /cvmfs/soft.computecanada.ca/custom/python/wheelhouse/generic/tensorflow_io_gcs_filesystem-0.26.0+computecanada-cp310-cp310-linux_x86_64.whl
Processing /cvmfs/soft.computecanada.ca/custom/python/wheelhouse/generic/six-1.16.0+computecanada-py2.py3-none-any.whl
Processing /cvmfs/soft.computecanada.ca/custom/python/wheelhouse/generic/tf_estimator_nightly-2.8.0.dev2021122109+computecanada-py2.py3-none-any.whl
Requirement already satisfied: wheel<1.0,>=0.23.0 in /local/weiqiw.3448259.0/env/lib/python3.10/site-packages (from astunparse>=1.6.0->tensorflow==2.8) (0.38.4)
Processing /cvmfs/soft.computecanada.ca/custom/python/wheelhouse/generic/google_auth-2.16.0+computecanada-py2.py3-none-any.whl
Processing /cvmfs/soft.computecanada.ca/custom/python/wheelhouse/generic/tensorboard_data_server-0.6.1+computecanada-py3-none-linux_x86_64.whl
Processing /cvmfs/soft.computecanada.ca/custom/python/wheelhouse/generic/Markdown-3.4.1+computecanada-py3-none-any.whl
Processing /cvmfs/soft.computecanada.ca/custom/python/wheelhouse/generic/tensorboard_plugin_wit-1.8.1+computecanada-py3-none-any.whl
Processing /cvmfs/soft.computecanada.ca/custom/python/wheelhouse/generic/Werkzeug-2.2.2+computecanada-py3-none-any.whl
Processing /cvmfs/soft.computecanada.ca/custom/python/wheelhouse/generic/requests-2.28.2+computecanada-py3-none-any.whl
Processing /cvmfs/soft.computecanada.ca/custom/python/wheelhouse/generic/google_auth_oauthlib-0.4.6+computecanada-py2.py3-none-any.whl
Processing /cvmfs/soft.computecanada.ca/custom/python/wheelhouse/generic/rsa-4.9+computecanada-py3-none-any.whl
Processing /cvmfs/soft.computecanada.ca/custom/python/wheelhouse/generic/cachetools-5.3.0+computecanada-py3-none-any.whl
Processing /cvmfs/soft.computecanada.ca/custom/python/wheelhouse/generic/pyasn1_modules-0.2.8+computecanada-py2.py3-none-any.whl
Processing /cvmfs/soft.computecanada.ca/custom/python/wheelhouse/generic/requests_oauthlib-1.3.1+computecanada-py2.py3-none-any.whl
Processing /cvmfs/soft.computecanada.ca/custom/python/wheelhouse/generic/certifi-2022.12.7+computecanada-py3-none-any.whl
Processing /cvmfs/soft.computecanada.ca/custom/python/wheelhouse/generic/charset_normalizer-3.0.1+computecanada-py3-none-any.whl
Processing /cvmfs/soft.computecanada.ca/custom/python/wheelhouse/generic/idna-3.4+computecanada-py3-none-any.whl
Processing /cvmfs/soft.computecanada.ca/custom/python/wheelhouse/generic/urllib3-1.26.14+computecanada-py2.py3-none-any.whl
Processing /cvmfs/soft.computecanada.ca/custom/python/wheelhouse/generic/MarkupSafe-2.1.1+computecanada-cp310-cp310-linux_x86_64.whl
Processing /cvmfs/soft.computecanada.ca/custom/python/wheelhouse/generic/pyasn1-0.4.8+computecanada-py2.py3-none-any.whl
Processing /cvmfs/soft.computecanada.ca/custom/python/wheelhouse/generic/oauthlib-3.2.2+computecanada-py3-none-any.whl
Installing collected packages: tf-estimator-nightly, termcolor, tensorboard-plugin-wit, pyasn1, libclang, keras, flatbuffers, charset-normalizer, wrapt, urllib3, typing-extensions, tensorflow-io-gcs-filesystem, tensorboard-data-server, six, rsa, pyasn1-modules, protobuf, opt-einsum, oauthlib, MarkupSafe, markdown, idna, h5py, gast, certifi, cachetools, absl-py, werkzeug, requests, keras-preprocessing, grpcio, google-pasta, google-auth, astunparse, requests-oauthlib, google-auth-oauthlib, tensorboard, tensorflow
Successfully installed MarkupSafe-2.1.1+computecanada absl-py-1.4.0+computecanada astunparse-1.6.3+computecanada cachetools-5.3.0+computecanada certifi-2022.12.7+computecanada charset-normalizer-3.0.1+computecanada flatbuffers-20190709135844+computecanada gast-0.5.3+computecanada google-auth-2.16.0+computecanada google-auth-oauthlib-0.4.6+computecanada google-pasta-0.2.0+computecanada grpcio-1.47.0+computecanada h5py-3.7.0+computecanada idna-3.4+computecanada keras-2.8.0+computecanada keras-preprocessing-1.1.2+computecanada libclang-14.0.1+computecanada markdown-3.4.1+computecanada oauthlib-3.2.2+computecanada opt-einsum-3.3.0+computecanada protobuf-4.21.5+computecanada pyasn1-0.4.8+computecanada pyasn1-modules-0.2.8+computecanada requests-2.28.2+computecanada requests-oauthlib-1.3.1+computecanada rsa-4.9+computecanada six-1.16.0+computecanada tensorboard-2.8.0+computecanada tensorboard-data-server-0.6.1+computecanada tensorboard-plugin-wit-1.8.1+computecanada tensorflow-2.8.0+computecanada tensorflow-io-gcs-filesystem-0.26.0+computecanada termcolor-1.1.0+computecanada tf-estimator-nightly-2.8.0.dev2021122109+computecanada typing-extensions-4.4.0+computecanada urllib3-1.26.14+computecanada werkzeug-2.2.2+computecanada wrapt-1.14.1+computecanada
2023-02-08 15:39:32.190826: I tensorflow/core/platform/cpu_feature_guard.cc:151] This TensorFlow binary is optimized with oneAPI Deep Neural Network Library (oneDNN) to use the following CPU instructions in performance-critical operations:  AVX2 AVX512F FMA
To enable them in other operations, rebuild TensorFlow with the appropriate compiler flags.
2023-02-08 15:39:32.946024: I tensorflow/core/common_runtime/gpu/gpu_device.cc:1525] Created device /job:localhost/replica:0/task:0/device:GPU:0 with 13657 MB memory:  -> device: 0, name: Tesla T4, pci bus id: 0000:5f:00.0, compute capability: 7.5
['high_dimensional_periodic_diffusion_example_3.py', '6', '4096', '0.5', '30000', '10000', 'example3_dim6_N4096', '3', '5']
Num GPUs: 1
Model: "sequential"
_________________________________________________________________
 Layer (type)                Output Shape              Param #   
=================================================================
 first_periodic_layer (Dense  (None, 66)               462       
 )                                                               
                                                                 
 second_periodic_layer (Dens  (None, 66)               4422      
 e)                                                              
                                                                 
 hidden_layer_0 (Dense)      (None, 30)                2010      
                                                                 
 hidden_layer_1 (Dense)      (None, 30)                930       
                                                                 
 first_to_last_hidden_layer   (None, 30)               930       
 (Dense)                                                         
                                                                 
 dense (Dense)               (None, 1)                 31        
                                                                 
=================================================================
Total params: 8,785
Trainable params: 8,785
Non-trainable params: 0
_________________________________________________________________
None
[0.87121606 0.95333968 0.53915657]
[2 1 1]
[4 2 3]
[0 5 1]
[1 2 4]
PDE loss in 0th epoch:  5.821590e+08. Last save epoch and best loss so far: -1,  1.000000e+12. Current error  1.160199e+00
PDE loss in 100th epoch:  5.728445e+08. Last save epoch and best loss so far: 99,  5.730700e+08. Current error  1.451779e+00
PDE loss in 200th epoch:  4.322380e+08. Last save epoch and best loss so far: 199,  4.339360e+08. Current error  1.605817e+00
PDE loss in 300th epoch:  2.555483e+08. Last save epoch and best loss so far: 299,  2.573713e+08. Current error  2.014640e+00
PDE loss in 400th epoch:  9.088994e+07. Last save epoch and best loss so far: 399,  9.163334e+07. Current error  1.927647e+00
PDE loss in 500th epoch:  5.992603e+07. Last save epoch and best loss so far: 499,  6.006905e+07. Current error  2.125462e+00
PDE loss in 600th epoch:  4.910071e+07. Last save epoch and best loss so far: 599,  4.918997e+07. Current error  2.099712e+00
PDE loss in 700th epoch:  4.205850e+07. Last save epoch and best loss so far: 699,  4.211282e+07. Current error  2.173431e+00
PDE loss in 800th epoch:  3.767636e+07. Last save epoch and best loss so far: 799,  3.771330e+07. Current error  2.316169e+00
PDE loss in 900th epoch:  3.445182e+07. Last save epoch and best loss so far: 899,  3.448054e+07. Current error  2.406834e+00
PDE loss in 1000th epoch:  3.180987e+07. Last save epoch and best loss so far: 999,  3.183503e+07. Current error  2.440510e+00
PDE loss in 1100th epoch:  2.907803e+07. Last save epoch and best loss so far: 1099,  2.909347e+07. Current error  2.460131e+00
PDE loss in 1200th epoch:  2.599315e+07. Last save epoch and best loss so far: 1199,  2.601568e+07. Current error  2.511711e+00
PDE loss in 1300th epoch:  2.409951e+07. Last save epoch and best loss so far: 1299,  2.413038e+07. Current error  2.530724e+00
PDE loss in 1400th epoch:  2.246742e+07. Last save epoch and best loss so far: 1399,  2.248150e+07. Current error  2.586737e+00
PDE loss in 1500th epoch:  2.111388e+07. Last save epoch and best loss so far: 1499,  2.112682e+07. Current error  2.644056e+00
PDE loss in 1600th epoch:  1.995282e+07. Last save epoch and best loss so far: 1598,  1.994067e+07. Current error  2.684132e+00
PDE loss in 1700th epoch:  1.877751e+07. Last save epoch and best loss so far: 1699,  1.880262e+07. Current error  2.764315e+00
PDE loss in 1800th epoch:  1.774566e+07. Last save epoch and best loss so far: 1799,  1.774917e+07. Current error  2.879600e+00
PDE loss in 1900th epoch:  1.685508e+07. Last save epoch and best loss so far: 1899,  1.685786e+07. Current error  3.004337e+00
PDE loss in 2000th epoch:  1.607338e+07. Last save epoch and best loss so far: 1999,  1.608053e+07. Current error  3.143524e+00
PDE loss in 2100th epoch:  1.552194e+07. Last save epoch and best loss so far: 2091,  1.547720e+07. Current error  3.268768e+00
PDE loss in 2200th epoch:  1.477919e+07. Last save epoch and best loss so far: 2199,  1.477959e+07. Current error  3.442108e+00
PDE loss in 2300th epoch:  1.419896e+07. Last save epoch and best loss so far: 2298,  1.417068e+07. Current error  3.624622e+00
PDE loss in 2400th epoch:  1.355597e+07. Last save epoch and best loss so far: 2399,  1.356207e+07. Current error  3.741842e+00
PDE loss in 2500th epoch:  1.301659e+07. Last save epoch and best loss so far: 2490,  1.302055e+07. Current error  3.894812e+00
PDE loss in 2600th epoch:  1.204086e+07. Last save epoch and best loss so far: 2599,  1.205398e+07. Current error  4.007128e+00
PDE loss in 2700th epoch:  9.204871e+06. Last save epoch and best loss so far: 2699,  9.245774e+06. Current error  4.019310e+00
PDE loss in 2800th epoch:  6.016618e+06. Last save epoch and best loss so far: 2799,  6.040406e+06. Current error  3.923551e+00
PDE loss in 2900th epoch:  4.551906e+06. Last save epoch and best loss so far: 2894,  4.271120e+06. Current error  3.776018e+00
PDE loss in 3000th epoch:  2.973195e+06. Last save epoch and best loss so far: 2999,  2.983154e+06. Current error  3.619210e+00
PDE loss in 3100th epoch:  2.175400e+06. Last save epoch and best loss so far: 3099,  2.181960e+06. Current error  3.457946e+00
PDE loss in 3200th epoch:  1.651225e+06. Last save epoch and best loss so far: 3199,  1.655546e+06. Current error  3.317453e+00
PDE loss in 3300th epoch:  1.305276e+06. Last save epoch and best loss so far: 3299,  1.306712e+06. Current error  3.186024e+00
PDE loss in 3400th epoch:  1.199599e+06. Last save epoch and best loss so far: 3397,  1.087357e+06. Current error  3.091747e+00
PDE loss in 3500th epoch:  9.712444e+05. Last save epoch and best loss so far: 3484,  9.304024e+05. Current error  2.989570e+00
PDE loss in 3600th epoch:  8.491389e+05. Last save epoch and best loss so far: 3589,  7.950188e+05. Current error  2.894515e+00
PDE loss in 3700th epoch:  7.002473e+05. Last save epoch and best loss so far: 3697,  6.958177e+05. Current error  2.809662e+00
PDE loss in 3800th epoch:  6.187339e+05. Last save epoch and best loss so far: 3797,  6.169838e+05. Current error  2.690817e+00
PDE loss in 3900th epoch:  5.536606e+05. Last save epoch and best loss so far: 3899,  5.531728e+05. Current error  2.586964e+00
PDE loss in 4000th epoch:  5.323955e+05. Last save epoch and best loss so far: 3994,  5.115572e+05. Current error  2.485813e+00
PDE loss in 4100th epoch:  4.662562e+05. Last save epoch and best loss so far: 4095,  4.673102e+05. Current error  2.442256e+00
PDE loss in 4200th epoch:  4.280418e+05. Last save epoch and best loss so far: 4199,  4.267335e+05. Current error  2.346129e+00
PDE loss in 4300th epoch:  3.954473e+05. Last save epoch and best loss so far: 4299,  3.957382e+05. Current error  2.271003e+00
PDE loss in 4400th epoch:  5.082242e+05. Last save epoch and best loss so far: 4379,  3.790092e+05. Current error  2.232128e+00
PDE loss in 4500th epoch:  4.411755e+05. Last save epoch and best loss so far: 4472,  3.532045e+05. Current error  2.144025e+00
PDE loss in 4600th epoch:  3.280645e+05. Last save epoch and best loss so far: 4595,  3.278362e+05. Current error  2.062137e+00
PDE loss in 4700th epoch:  3.262198e+05. Last save epoch and best loss so far: 4694,  3.073439e+05. Current error  1.978758e+00
PDE loss in 4800th epoch:  2.928342e+05. Last save epoch and best loss so far: 4799,  2.917474e+05. Current error  1.924580e+00
PDE loss in 4900th epoch:  2.747714e+05. Last save epoch and best loss so far: 4899,  2.746935e+05. Current error  1.883087e+00
PDE loss in 5000th epoch:  2.612392e+05. Last save epoch and best loss so far: 4999,  2.614798e+05. Current error  1.822373e+00
PDE loss in 5100th epoch:  2.492610e+05. Last save epoch and best loss so far: 5099,  2.490583e+05. Current error  1.758802e+00
PDE loss in 5200th epoch:  2.376435e+05. Last save epoch and best loss so far: 5199,  2.377757e+05. Current error  1.717655e+00
PDE loss in 5300th epoch:  2.295115e+05. Last save epoch and best loss so far: 5298,  2.275764e+05. Current error  1.672983e+00
PDE loss in 5400th epoch:  3.227587e+05. Last save epoch and best loss so far: 5378,  2.198125e+05. Current error  1.665462e+00
PDE loss in 5500th epoch:  2.418443e+05. Last save epoch and best loss so far: 5477,  2.108480e+05. Current error  1.642675e+00
PDE loss in 5600th epoch:  2.493173e+05. Last save epoch and best loss so far: 5576,  2.031297e+05. Current error  1.495132e+00
PDE loss in 5700th epoch:  1.983867e+05. Last save epoch and best loss so far: 5693,  1.932095e+05. Current error  1.497439e+00
PDE loss in 5800th epoch:  2.454668e+05. Last save epoch and best loss so far: 5764,  1.883132e+05. Current error  1.424911e+00
PDE loss in 5900th epoch:  1.794700e+05. Last save epoch and best loss so far: 5899,  1.791894e+05. Current error  1.386134e+00
PDE loss in 6000th epoch:  1.990071e+05. Last save epoch and best loss so far: 5993,  1.740632e+05. Current error  1.350739e+00
PDE loss in 6100th epoch:  1.820781e+05. Last save epoch and best loss so far: 6094,  1.694469e+05. Current error  1.319449e+00
PDE loss in 6200th epoch:  1.612470e+05. Last save epoch and best loss so far: 6194,  1.609390e+05. Current error  1.281503e+00
PDE loss in 6300th epoch:  1.555579e+05. Last save epoch and best loss so far: 6299,  1.556330e+05. Current error  1.243851e+00
PDE loss in 6400th epoch:  1.505302e+05. Last save epoch and best loss so far: 6399,  1.506045e+05. Current error  1.215236e+00
PDE loss in 6500th epoch:  1.487822e+05. Last save epoch and best loss so far: 6491,  1.474014e+05. Current error  1.170193e+00
PDE loss in 6600th epoch:  1.437932e+05. Last save epoch and best loss so far: 6599,  1.436331e+05. Current error  1.153238e+00
PDE loss in 6700th epoch:  1.375810e+05. Last save epoch and best loss so far: 6698,  1.373064e+05. Current error  1.114904e+00
PDE loss in 6800th epoch:  1.335101e+05. Last save epoch and best loss so far: 6795,  1.334187e+05. Current error  1.089140e+00
PDE loss in 6900th epoch:  1.325020e+05. Last save epoch and best loss so far: 6890,  1.300032e+05. Current error  1.078583e+00
PDE loss in 7000th epoch:  3.016426e+05. Last save epoch and best loss so far: 6986,  1.266549e+05. Current error  9.458617e-01
PDE loss in 7100th epoch:  1.226699e+05. Last save epoch and best loss so far: 7099,  1.227037e+05. Current error  1.012430e+00
PDE loss in 7200th epoch:  1.421077e+05. Last save epoch and best loss so far: 7189,  1.204772e+05. Current error  1.040675e+00
PDE loss in 7300th epoch:  1.313672e+05. Last save epoch and best loss so far: 7287,  1.170438e+05. Current error  9.677706e-01
PDE loss in 7400th epoch:  1.947816e+05. Last save epoch and best loss so far: 7383,  1.140463e+05. Current error  9.404218e-01
PDE loss in 7500th epoch:  3.837814e+05. Last save epoch and best loss so far: 7476,  1.116318e+05. Current error  7.732182e-01
PDE loss in 7600th epoch:  1.719528e+05. Last save epoch and best loss so far: 7570,  1.091512e+05. Current error  9.167268e-01
PDE loss in 7700th epoch:  1.398243e+05. Last save epoch and best loss so far: 7665,  1.067509e+05. Current error  9.449675e-01
PDE loss in 7800th epoch:  1.050470e+05. Last save epoch and best loss so far: 7794,  1.045932e+05. Current error  8.867574e-01
PDE loss in 7900th epoch:  1.008710e+05. Last save epoch and best loss so far: 7892,  1.011458e+05. Current error  8.714507e-01
PDE loss in 8000th epoch:  1.398924e+05. Last save epoch and best loss so far: 7965,  9.952446e+04. Current error  8.691071e-01
PDE loss in 8100th epoch:  1.281590e+05. Last save epoch and best loss so far: 8065,  9.761859e+04. Current error  8.804261e-01
PDE loss in 8200th epoch:  9.693780e+04. Last save epoch and best loss so far: 8193,  9.555452e+04. Current error  8.278982e-01
PDE loss in 8300th epoch:  1.010033e+05. Last save epoch and best loss so far: 8257,  9.448316e+04. Current error  8.424249e-01
PDE loss in 8400th epoch:  9.580831e+04. Last save epoch and best loss so far: 8336,  9.179310e+04. Current error  7.805525e-01
PDE loss in 8500th epoch:  8.984752e+04. Last save epoch and best loss so far: 8494,  8.995020e+04. Current error  8.008722e-01
PDE loss in 8600th epoch:  8.715197e+04. Last save epoch and best loss so far: 8593,  8.714829e+04. Current error  7.879988e-01
PDE loss in 8700th epoch:  8.530585e+04. Last save epoch and best loss so far: 8698,  8.527642e+04. Current error  7.806300e-01
PDE loss in 8800th epoch:  8.386318e+04. Last save epoch and best loss so far: 8799,  8.393130e+04. Current error  7.732925e-01
PDE loss in 8900th epoch:  8.223011e+04. Last save epoch and best loss so far: 8899,  8.222944e+04. Current error  7.671050e-01
PDE loss in 9000th epoch:  8.111583e+04. Last save epoch and best loss so far: 8998,  8.102226e+04. Current error  7.608924e-01
PDE loss in 9100th epoch:  9.730571e+04. Last save epoch and best loss so far: 9069,  8.044424e+04. Current error  7.513493e-01
PDE loss in 9200th epoch:  1.434840e+05. Last save epoch and best loss so far: 9164,  7.828655e+04. Current error  7.859084e-01
PDE loss in 9300th epoch:  9.883386e+04. Last save epoch and best loss so far: 9285,  7.735052e+04. Current error  6.798053e-01
PDE loss in 9400th epoch:  9.473622e+04. Last save epoch and best loss so far: 9378,  7.553037e+04. Current error  6.924192e-01
PDE loss in 9500th epoch:  1.780477e+05. Last save epoch and best loss so far: 9460,  7.469385e+04. Current error  7.875275e-01
PDE loss in 9600th epoch:  1.014907e+05. Last save epoch and best loss so far: 9549,  7.337477e+04. Current error  7.186900e-01
PDE loss in 9700th epoch:  8.484983e+04. Last save epoch and best loss so far: 9695,  7.216495e+04. Current error  7.023225e-01
PDE loss in 9800th epoch:  7.089534e+04. Last save epoch and best loss so far: 9793,  7.065083e+04. Current error  7.111746e-01
PDE loss in 9900th epoch:  1.027873e+05. Last save epoch and best loss so far: 9793,  7.065083e+04. Current error  7.231781e-01
PDE loss in 10000th epoch:  8.196992e+04. Last save epoch and best loss so far: 9941,  6.912431e+04. Current error  7.015432e-01
PDE loss in 10100th epoch:  1.276796e+05. Last save epoch and best loss so far: 9941,  6.912431e+04. Current error  6.499341e-01
PDE loss in 10200th epoch:  9.122268e+04. Last save epoch and best loss so far: 10125,  6.784679e+04. Current error  6.910490e-01
PDE loss in 10300th epoch:  6.808923e+04. Last save epoch and best loss so far: 10235,  6.710551e+04. Current error  6.601336e-01
PDE loss in 10400th epoch:  2.087286e+05. Last save epoch and best loss so far: 10310,  6.548889e+04. Current error  6.383346e-01
PDE loss in 10500th epoch:  6.937559e+04. Last save epoch and best loss so far: 10438,  6.476309e+04. Current error  6.949185e-01
PDE loss in 10600th epoch:  1.241196e+05. Last save epoch and best loss so far: 10555,  6.377523e+04. Current error  6.651154e-01
PDE loss in 10700th epoch:  8.815712e+04. Last save epoch and best loss so far: 10659,  6.229630e+04. Current error  6.007196e-01
PDE loss in 10800th epoch:  6.133776e+04. Last save epoch and best loss so far: 10794,  6.137016e+04. Current error  6.577035e-01
PDE loss in 10900th epoch:  6.092343e+04. Last save epoch and best loss so far: 10895,  6.031498e+04. Current error  6.487235e-01
PDE loss in 11000th epoch:  5.944981e+04. Last save epoch and best loss so far: 10997,  5.929188e+04. Current error  6.412914e-01
PDE loss in 11100th epoch:  5.902321e+04. Last save epoch and best loss so far: 11095,  5.870394e+04. Current error  6.275350e-01
PDE loss in 11200th epoch:  5.799819e+04. Last save epoch and best loss so far: 11195,  5.785924e+04. Current error  6.376921e-01
PDE loss in 11300th epoch:  5.961171e+04. Last save epoch and best loss so far: 11227,  5.757765e+04. Current error  6.067897e-01
PDE loss in 11400th epoch:  1.082591e+05. Last save epoch and best loss so far: 11304,  5.739486e+04. Current error  6.267461e-01
PDE loss in 11500th epoch:  5.569370e+04. Last save epoch and best loss so far: 11499,  5.570448e+04. Current error  6.239329e-01
PDE loss in 11600th epoch:  7.498124e+04. Last save epoch and best loss so far: 11506,  5.565284e+04. Current error  6.305385e-01
PDE loss in 11700th epoch:  5.482509e+04. Last save epoch and best loss so far: 11699,  5.450523e+04. Current error  6.086340e-01
PDE loss in 11800th epoch:  5.457421e+04. Last save epoch and best loss so far: 11798,  5.390145e+04. Current error  6.178199e-01
PDE loss in 11900th epoch:  1.912253e+05. Last save epoch and best loss so far: 11798,  5.390145e+04. Current error  5.835279e-01
PDE loss in 12000th epoch:  7.527110e+04. Last save epoch and best loss so far: 11951,  5.316619e+04. Current error  6.383536e-01
PDE loss in 12100th epoch:  5.294121e+04. Last save epoch and best loss so far: 12092,  5.213229e+04. Current error  6.148748e-01
PDE loss in 12200th epoch:  5.254042e+04. Last save epoch and best loss so far: 12195,  5.159961e+04. Current error  6.011282e-01
PDE loss in 12300th epoch:  6.127332e+04. Last save epoch and best loss so far: 12195,  5.159961e+04. Current error  6.185293e-01
PDE loss in 12400th epoch:  1.953357e+05. Last save epoch and best loss so far: 12360,  5.055596e+04. Current error  5.983621e-01
PDE loss in 12500th epoch:  5.270310e+04. Last save epoch and best loss so far: 12360,  5.055596e+04. Current error  6.106594e-01
PDE loss in 12600th epoch:  7.893253e+04. Last save epoch and best loss so far: 12360,  5.055596e+04. Current error  6.034937e-01
PDE loss in 12700th epoch:  5.123345e+04. Last save epoch and best loss so far: 12696,  4.937021e+04. Current error  5.701571e-01
PDE loss in 12800th epoch:  5.049882e+04. Last save epoch and best loss so far: 12730,  4.859451e+04. Current error  5.550792e-01
PDE loss in 12900th epoch:  4.815624e+04. Last save epoch and best loss so far: 12893,  4.795098e+04. Current error  5.640524e-01
PDE loss in 13000th epoch:  6.106929e+04. Last save epoch and best loss so far: 12987,  4.753312e+04. Current error  5.759773e-01
PDE loss in 13100th epoch:  6.156514e+04. Last save epoch and best loss so far: 13063,  4.709694e+04. Current error  6.952544e-01
PDE loss in 13200th epoch:  5.351320e+04. Last save epoch and best loss so far: 13181,  4.643496e+04. Current error  6.137382e-01
PDE loss in 13300th epoch:  1.631292e+05. Last save epoch and best loss so far: 13267,  4.639551e+04. Current error  6.590104e-01
PDE loss in 13400th epoch:  5.553301e+04. Last save epoch and best loss so far: 13397,  4.609540e+04. Current error  5.749718e-01
PDE loss in 13500th epoch:  8.049292e+04. Last save epoch and best loss so far: 13413,  4.565651e+04. Current error  5.893790e-01
PDE loss in 13600th epoch:  1.701676e+05. Last save epoch and best loss so far: 13561,  4.480790e+04. Current error  5.313968e-01
PDE loss in 13700th epoch:  7.182725e+04. Last save epoch and best loss so far: 13561,  4.480790e+04. Current error  6.004992e-01
PDE loss in 13800th epoch:  4.492791e+04. Last save epoch and best loss so far: 13799,  4.432108e+04. Current error  5.437158e-01
PDE loss in 13900th epoch:  6.745491e+04. Last save epoch and best loss so far: 13848,  4.365105e+04. Current error  5.846718e-01
PDE loss in 14000th epoch:  5.428628e+04. Last save epoch and best loss so far: 13953,  4.337762e+04. Current error  5.673909e-01
PDE loss in 14100th epoch:  5.848772e+04. Last save epoch and best loss so far: 14051,  4.313132e+04. Current error  5.529503e-01
PDE loss in 14200th epoch:  4.242640e+04. Last save epoch and best loss so far: 14199,  4.251298e+04. Current error  5.338603e-01
PDE loss in 14300th epoch:  5.121052e+04. Last save epoch and best loss so far: 14202,  4.237185e+04. Current error  5.414181e-01
PDE loss in 14400th epoch:  4.386733e+04. Last save epoch and best loss so far: 14202,  4.237185e+04. Current error  5.056996e-01
PDE loss in 14500th epoch:  6.579478e+04. Last save epoch and best loss so far: 14422,  4.157748e+04. Current error  5.668017e-01
PDE loss in 14600th epoch:  4.356748e+04. Last save epoch and best loss so far: 14547,  4.143169e+04. Current error  5.319026e-01
PDE loss in 14700th epoch:  7.587931e+04. Last save epoch and best loss so far: 14684,  4.100233e+04. Current error  5.728245e-01
PDE loss in 14800th epoch:  4.028286e+04. Last save epoch and best loss so far: 14797,  4.026295e+04. Current error  5.167590e-01
PDE loss in 14900th epoch:  4.017792e+04. Last save epoch and best loss so far: 14897,  4.004150e+04. Current error  5.073953e-01
PDE loss in 15000th epoch:  1.923206e+05. Last save epoch and best loss so far: 14897,  4.004150e+04. Current error  4.575293e-01
PDE loss in 15100th epoch:  8.990161e+04. Last save epoch and best loss so far: 15081,  3.942968e+04. Current error  4.847300e-01
PDE loss in 15200th epoch:  3.972834e+04. Last save epoch and best loss so far: 15193,  3.938115e+04. Current error  4.919561e-01
PDE loss in 15300th epoch:  3.992842e+04. Last save epoch and best loss so far: 15229,  3.901198e+04. Current error  5.092482e-01
PDE loss in 15400th epoch:  4.553054e+04. Last save epoch and best loss so far: 15327,  3.868878e+04. Current error  5.111658e-01
PDE loss in 15500th epoch:  5.579072e+04. Last save epoch and best loss so far: 15433,  3.853239e+04. Current error  5.269733e-01
PDE loss in 15600th epoch:  5.106097e+04. Last save epoch and best loss so far: 15551,  3.808864e+04. Current error  5.236345e-01
PDE loss in 15700th epoch:  4.084537e+04. Last save epoch and best loss so far: 15551,  3.808864e+04. Current error  4.794347e-01
PDE loss in 15800th epoch:  7.075935e+04. Last save epoch and best loss so far: 15551,  3.808864e+04. Current error  5.638951e-01
PDE loss in 15900th epoch:  4.809150e+04. Last save epoch and best loss so far: 15842,  3.750992e+04. Current error  5.076677e-01
PDE loss in 16000th epoch:  6.530812e+04. Last save epoch and best loss so far: 15934,  3.699233e+04. Current error  5.030144e-01
PDE loss in 16100th epoch:  5.509330e+04. Last save epoch and best loss so far: 16037,  3.681275e+04. Current error  4.559191e-01
PDE loss in 16200th epoch:  3.657833e+04. Last save epoch and best loss so far: 16199,  3.653775e+04. Current error  4.839567e-01
PDE loss in 16300th epoch:  4.260123e+04. Last save epoch and best loss so far: 16199,  3.653775e+04. Current error  4.797708e-01
PDE loss in 16400th epoch:  3.958707e+04. Last save epoch and best loss so far: 16199,  3.653775e+04. Current error  4.671797e-01
PDE loss in 16500th epoch:  3.705561e+04. Last save epoch and best loss so far: 16199,  3.653775e+04. Current error  4.748157e-01
PDE loss in 16600th epoch:  3.521793e+04. Last save epoch and best loss so far: 16599,  3.525059e+04. Current error  4.688404e-01
PDE loss in 16700th epoch:  7.256809e+04. Last save epoch and best loss so far: 16613,  3.516737e+04. Current error  4.659941e-01
PDE loss in 16800th epoch:  5.757989e+04. Last save epoch and best loss so far: 16613,  3.516737e+04. Current error  5.527799e-01
PDE loss in 16900th epoch:  4.302839e+04. Last save epoch and best loss so far: 16834,  3.490562e+04. Current error  4.611330e-01
PDE loss in 17000th epoch:  6.889656e+04. Last save epoch and best loss so far: 16970,  3.434808e+04. Current error  4.421259e-01
PDE loss in 17100th epoch:  7.053582e+04. Last save epoch and best loss so far: 16970,  3.434808e+04. Current error  4.955652e-01
PDE loss in 17200th epoch:  8.555203e+04. Last save epoch and best loss so far: 16970,  3.434808e+04. Current error  5.311552e-01
PDE loss in 17300th epoch:  5.885138e+04. Last save epoch and best loss so far: 16970,  3.434808e+04. Current error  4.918414e-01
PDE loss in 17400th epoch:  5.158517e+04. Last save epoch and best loss so far: 17318,  3.364907e+04. Current error  4.809134e-01
PDE loss in 17500th epoch:  9.277388e+04. Last save epoch and best loss so far: 17318,  3.364907e+04. Current error  4.313002e-01
PDE loss in 17600th epoch:  5.361409e+04. Last save epoch and best loss so far: 17318,  3.364907e+04. Current error  4.640990e-01
PDE loss in 17700th epoch:  3.682786e+04. Last save epoch and best loss so far: 17691,  3.341208e+04. Current error  4.505529e-01
PDE loss in 17800th epoch:  8.349667e+04. Last save epoch and best loss so far: 17759,  3.291708e+04. Current error  3.468333e-01
PDE loss in 17900th epoch:  4.338221e+04. Last save epoch and best loss so far: 17759,  3.291708e+04. Current error  4.134056e-01
PDE loss in 18000th epoch:  3.647420e+04. Last save epoch and best loss so far: 17980,  3.262053e+04. Current error  4.366668e-01
PDE loss in 18100th epoch:  5.457569e+04. Last save epoch and best loss so far: 18084,  3.212132e+04. Current error  5.256945e-01
PDE loss in 18200th epoch:  4.179454e+04. Last save epoch and best loss so far: 18084,  3.212132e+04. Current error  4.005586e-01
PDE loss in 18300th epoch:  1.716259e+05. Last save epoch and best loss so far: 18084,  3.212132e+04. Current error  4.080191e-01
PDE loss in 18400th epoch:  3.307730e+04. Last save epoch and best loss so far: 18393,  3.176169e+04. Current error  4.168732e-01
PDE loss in 18500th epoch:  9.721059e+04. Last save epoch and best loss so far: 18403,  3.149212e+04. Current error  4.183971e-01
PDE loss in 18600th epoch:  4.171678e+04. Last save epoch and best loss so far: 18540,  3.121331e+04. Current error  4.502887e-01
PDE loss in 18700th epoch:  3.475310e+04. Last save epoch and best loss so far: 18635,  3.112757e+04. Current error  4.177405e-01
PDE loss in 18800th epoch:  3.099462e+04. Last save epoch and best loss so far: 18782,  3.078432e+04. Current error  4.121470e-01
PDE loss in 18900th epoch:  3.065743e+04. Last save epoch and best loss so far: 18892,  3.056526e+04. Current error  4.060142e-01
PDE loss in 19000th epoch:  3.031317e+04. Last save epoch and best loss so far: 18999,  3.030593e+04. Current error  4.188038e-01
PDE loss in 19100th epoch:  3.050278e+04. Last save epoch and best loss so far: 19009,  3.029158e+04. Current error  4.012753e-01
PDE loss in 19200th epoch:  3.072829e+05. Last save epoch and best loss so far: 19169,  3.023809e+04. Current error  5.399211e-01
PDE loss in 19300th epoch:  8.803928e+04. Last save epoch and best loss so far: 19274,  2.989706e+04. Current error  3.510506e-01
PDE loss in 19400th epoch:  1.443157e+05. Last save epoch and best loss so far: 19370,  2.974440e+04. Current error  4.466336e-01
PDE loss in 19500th epoch:  3.039457e+04. Last save epoch and best loss so far: 19370,  2.974440e+04. Current error  3.986274e-01
PDE loss in 19600th epoch:  3.088293e+04. Last save epoch and best loss so far: 19514,  2.950943e+04. Current error  3.905194e-01
PDE loss in 19700th epoch:  3.297405e+04. Last save epoch and best loss so far: 19514,  2.950943e+04. Current error  4.410568e-01
PDE loss in 19800th epoch:  7.756920e+04. Last save epoch and best loss so far: 19765,  2.909809e+04. Current error  3.341839e-01
PDE loss in 19900th epoch:  3.282493e+04. Last save epoch and best loss so far: 19765,  2.909809e+04. Current error  4.004803e-01
PDE loss in 20000th epoch:  3.172341e+04. Last save epoch and best loss so far: 19929,  2.891297e+04. Current error  3.945371e-01
PDE loss in 20100th epoch:  2.963584e+04. Last save epoch and best loss so far: 20022,  2.876872e+04. Current error  3.904326e-01
PDE loss in 20200th epoch:  2.925138e+04. Last save epoch and best loss so far: 20122,  2.856754e+04. Current error  4.002926e-01
PDE loss in 20300th epoch:  8.865187e+04. Last save epoch and best loss so far: 20278,  2.842238e+04. Current error  3.573588e-01
PDE loss in 20400th epoch:  5.627869e+04. Last save epoch and best loss so far: 20364,  2.824979e+04. Current error  4.178443e-01
PDE loss in 20500th epoch:  8.138510e+04. Last save epoch and best loss so far: 20468,  2.801292e+04. Current error  5.128816e-01
PDE loss in 20600th epoch:  3.891546e+04. Last save epoch and best loss so far: 20468,  2.801292e+04. Current error  3.780132e-01
PDE loss in 20700th epoch:  3.075560e+04. Last save epoch and best loss so far: 20468,  2.801292e+04. Current error  3.832640e-01
PDE loss in 20800th epoch:  7.192628e+04. Last save epoch and best loss so far: 20468,  2.801292e+04. Current error  4.046599e-01
PDE loss in 20900th epoch:  2.909428e+04. Last save epoch and best loss so far: 20897,  2.768364e+04. Current error  3.661590e-01
PDE loss in 21000th epoch:  2.950967e+04. Last save epoch and best loss so far: 20916,  2.747160e+04. Current error  3.561499e-01
PDE loss in 21100th epoch:  3.621944e+04. Last save epoch and best loss so far: 20916,  2.747160e+04. Current error  3.610924e-01
PDE loss in 21200th epoch:  2.934486e+04. Last save epoch and best loss so far: 21129,  2.733604e+04. Current error  3.636549e-01
PDE loss in 21300th epoch:  7.501598e+04. Last save epoch and best loss so far: 21203,  2.707862e+04. Current error  4.989245e-01
PDE loss in 21400th epoch:  3.549126e+04. Last save epoch and best loss so far: 21203,  2.707862e+04. Current error  4.109912e-01
PDE loss in 21500th epoch:  7.508366e+04. Last save epoch and best loss so far: 21452,  2.666849e+04. Current error  2.904320e-01
PDE loss in 21600th epoch:  2.938779e+04. Last save epoch and best loss so far: 21452,  2.666849e+04. Current error  3.536920e-01
PDE loss in 21700th epoch:  2.953026e+04. Last save epoch and best loss so far: 21452,  2.666849e+04. Current error  3.915243e-01
PDE loss in 21800th epoch:  3.352109e+04. Last save epoch and best loss so far: 21452,  2.666849e+04. Current error  3.672005e-01
PDE loss in 21900th epoch:  3.383241e+04. Last save epoch and best loss so far: 21452,  2.666849e+04. Current error  3.599115e-01
PDE loss in 22000th epoch:  4.630021e+04. Last save epoch and best loss so far: 21452,  2.666849e+04. Current error  3.432648e-01
PDE loss in 22100th epoch:  2.897177e+04. Last save epoch and best loss so far: 22088,  2.608733e+04. Current error  3.587877e-01
PDE loss in 22200th epoch:  2.661504e+04. Last save epoch and best loss so far: 22088,  2.608733e+04. Current error  3.379316e-01
PDE loss in 22300th epoch:  2.833432e+04. Last save epoch and best loss so far: 22229,  2.588187e+04. Current error  3.326233e-01
PDE loss in 22400th epoch:  2.598392e+04. Last save epoch and best loss so far: 22311,  2.583834e+04. Current error  3.554619e-01
PDE loss in 22500th epoch:  2.553872e+04. Last save epoch and best loss so far: 22494,  2.541221e+04. Current error  3.427983e-01
PDE loss in 22600th epoch:  2.598451e+04. Last save epoch and best loss so far: 22506,  2.538072e+04. Current error  3.431635e-01
PDE loss in 22700th epoch:  2.922943e+04. Last save epoch and best loss so far: 22506,  2.538072e+04. Current error  3.220105e-01
PDE loss in 22800th epoch:  5.334154e+04. Last save epoch and best loss so far: 22779,  2.519721e+04. Current error  3.923116e-01
PDE loss in 22900th epoch:  5.121337e+04. Last save epoch and best loss so far: 22779,  2.519721e+04. Current error  3.405037e-01
PDE loss in 23000th epoch:  2.814466e+04. Last save epoch and best loss so far: 22779,  2.519721e+04. Current error  3.246546e-01
PDE loss in 23100th epoch:  2.712469e+04. Last save epoch and best loss so far: 23095,  2.515623e+04. Current error  3.418194e-01
PDE loss in 23200th epoch:  3.165120e+04. Last save epoch and best loss so far: 23128,  2.468914e+04. Current error  3.789073e-01
PDE loss in 23300th epoch:  3.182856e+04. Last save epoch and best loss so far: 23128,  2.468914e+04. Current error  3.472520e-01
PDE loss in 23400th epoch:  3.018583e+04. Last save epoch and best loss so far: 23128,  2.468914e+04. Current error  3.195119e-01
PDE loss in 23500th epoch:  3.575975e+04. Last save epoch and best loss so far: 23128,  2.468914e+04. Current error  3.317443e-01
PDE loss in 23600th epoch:  2.673384e+04. Last save epoch and best loss so far: 23128,  2.468914e+04. Current error  3.484171e-01
PDE loss in 23700th epoch:  2.584350e+04. Last save epoch and best loss so far: 23128,  2.468914e+04. Current error  3.208563e-01
PDE loss in 23800th epoch:  2.872761e+04. Last save epoch and best loss so far: 23736,  2.420196e+04. Current error  3.190918e-01
PDE loss in 23900th epoch:  3.219562e+04. Last save epoch and best loss so far: 23838,  2.400685e+04. Current error  3.176553e-01
PDE loss in 24000th epoch:  2.408174e+04. Last save epoch and best loss so far: 23838,  2.400685e+04. Current error  3.132913e-01
PDE loss in 24100th epoch:  2.377430e+04. Last save epoch and best loss so far: 24099,  2.393200e+04. Current error  3.250225e-01
PDE loss in 24200th epoch:  2.431016e+04. Last save epoch and best loss so far: 24100,  2.377430e+04. Current error  3.278316e-01
PDE loss in 24300th epoch:  4.468743e+04. Last save epoch and best loss so far: 24100,  2.377430e+04. Current error  3.603098e-01
PDE loss in 24400th epoch:  1.702275e+05. Last save epoch and best loss so far: 24368,  2.348781e+04. Current error  2.613240e-01
PDE loss in 24500th epoch:  2.746880e+04. Last save epoch and best loss so far: 24368,  2.348781e+04. Current error  3.091729e-01
PDE loss in 24600th epoch:  2.353070e+04. Last save epoch and best loss so far: 24591,  2.340707e+04. Current error  3.150743e-01
PDE loss in 24700th epoch:  2.502555e+04. Last save epoch and best loss so far: 24615,  2.328812e+04. Current error  3.012964e-01
PDE loss in 24800th epoch:  8.005431e+04. Last save epoch and best loss so far: 24762,  2.316982e+04. Current error  2.229026e-01
PDE loss in 24900th epoch:  2.024405e+05. Last save epoch and best loss so far: 24762,  2.316982e+04. Current error  3.148105e-01
PDE loss in 25000th epoch:  2.341076e+04. Last save epoch and best loss so far: 24762,  2.316982e+04. Current error  2.914584e-01
PDE loss in 25100th epoch:  1.411033e+05. Last save epoch and best loss so far: 25021,  2.297105e+04. Current error  3.019283e-01
PDE loss in 25200th epoch:  3.138033e+04. Last save epoch and best loss so far: 25143,  2.293242e+04. Current error  2.886586e-01
PDE loss in 25300th epoch:  1.537969e+05. Last save epoch and best loss so far: 25263,  2.267453e+04. Current error  4.070061e-01
PDE loss in 25400th epoch:  2.921713e+04. Last save epoch and best loss so far: 25379,  2.255204e+04. Current error  2.897351e-01
PDE loss in 25500th epoch:  2.286762e+04. Last save epoch and best loss so far: 25379,  2.255204e+04. Current error  2.994523e-01
PDE loss in 25600th epoch:  9.377339e+04. Last save epoch and best loss so far: 25379,  2.255204e+04. Current error  2.935843e-01
PDE loss in 25700th epoch:  2.534868e+05. Last save epoch and best loss so far: 25651,  2.240619e+04. Current error  4.873798e-01
PDE loss in 25800th epoch:  3.791348e+04. Last save epoch and best loss so far: 25651,  2.240619e+04. Current error  3.380693e-01
PDE loss in 25900th epoch:  3.751147e+04. Last save epoch and best loss so far: 25651,  2.240619e+04. Current error  3.057289e-01
PDE loss in 26000th epoch:  2.630161e+04. Last save epoch and best loss so far: 25651,  2.240619e+04. Current error  2.941804e-01
PDE loss in 26100th epoch:  2.674488e+04. Last save epoch and best loss so far: 26085,  2.229015e+04. Current error  3.018567e-01
PDE loss in 26200th epoch:  6.744937e+04. Last save epoch and best loss so far: 26085,  2.229015e+04. Current error  2.681191e-01
PDE loss in 26300th epoch:  4.172551e+04. Last save epoch and best loss so far: 26085,  2.229015e+04. Current error  3.007033e-01
PDE loss in 26400th epoch:  5.154081e+04. Last save epoch and best loss so far: 26374,  2.209356e+04. Current error  3.313816e-01
PDE loss in 26500th epoch:  2.736168e+04. Last save epoch and best loss so far: 26454,  2.174009e+04. Current error  2.648693e-01
PDE loss in 26600th epoch:  1.066071e+05. Last save epoch and best loss so far: 26454,  2.174009e+04. Current error  3.103876e-01
PDE loss in 26700th epoch:  2.793423e+04. Last save epoch and best loss so far: 26454,  2.174009e+04. Current error  2.760261e-01
PDE loss in 26800th epoch:  2.206438e+04. Last save epoch and best loss so far: 26789,  2.166905e+04. Current error  2.785611e-01
PDE loss in 26900th epoch:  9.602234e+04. Last save epoch and best loss so far: 26874,  2.142715e+04. Current error  2.766856e-01
PDE loss in 27000th epoch:  4.252043e+04. Last save epoch and best loss so far: 26874,  2.142715e+04. Current error  3.246851e-01
PDE loss in 27100th epoch:  2.868720e+04. Last save epoch and best loss so far: 26874,  2.142715e+04. Current error  2.729880e-01
PDE loss in 27200th epoch:  2.279251e+04. Last save epoch and best loss so far: 27130,  2.120161e+04. Current error  2.570307e-01
PDE loss in 27300th epoch:  2.281797e+04. Last save epoch and best loss so far: 27235,  2.117313e+04. Current error  2.631802e-01
PDE loss in 27400th epoch:  2.115722e+04. Last save epoch and best loss so far: 27235,  2.117313e+04. Current error  2.714177e-01
PDE loss in 27500th epoch:  2.895853e+04. Last save epoch and best loss so far: 27450,  2.096326e+04. Current error  2.646005e-01
PDE loss in 27600th epoch:  3.515830e+04. Last save epoch and best loss so far: 27450,  2.096326e+04. Current error  2.700695e-01
PDE loss in 27700th epoch:  2.132275e+04. Last save epoch and best loss so far: 27618,  2.094395e+04. Current error  2.490608e-01
PDE loss in 27800th epoch:  4.252164e+04. Last save epoch and best loss so far: 27742,  2.076403e+04. Current error  2.329241e-01
PDE loss in 27900th epoch:  3.112388e+04. Last save epoch and best loss so far: 27835,  2.074714e+04. Current error  2.846572e-01
PDE loss in 28000th epoch:  2.137244e+04. Last save epoch and best loss so far: 27835,  2.074714e+04. Current error  2.630614e-01
PDE loss in 28100th epoch:  2.178019e+04. Last save epoch and best loss so far: 28024,  2.059735e+04. Current error  2.950333e-01
PDE loss in 28200th epoch:  2.155915e+04. Last save epoch and best loss so far: 28024,  2.059735e+04. Current error  2.657400e-01
PDE loss in 28300th epoch:  2.126371e+04. Last save epoch and best loss so far: 28297,  2.045902e+04. Current error  2.562547e-01
PDE loss in 28400th epoch:  2.051975e+04. Last save epoch and best loss so far: 28317,  2.038222e+04. Current error  2.482276e-01
PDE loss in 28500th epoch:  5.076998e+04. Last save epoch and best loss so far: 28456,  2.027289e+04. Current error  1.470086e-01
PDE loss in 28600th epoch:  4.158838e+04. Last save epoch and best loss so far: 28581,  2.019040e+04. Current error  2.001377e-01
PDE loss in 28700th epoch:  1.627323e+05. Last save epoch and best loss so far: 28581,  2.019040e+04. Current error  2.858846e-01
PDE loss in 28800th epoch:  2.682759e+04. Last save epoch and best loss so far: 28581,  2.019040e+04. Current error  2.727216e-01
PDE loss in 28900th epoch:  5.644698e+04. Last save epoch and best loss so far: 28844,  2.010080e+04. Current error  2.437956e-01
PDE loss in 29000th epoch:  3.804357e+04. Last save epoch and best loss so far: 28945,  2.003338e+04. Current error  2.529961e-01
PDE loss in 29100th epoch:  2.754577e+04. Last save epoch and best loss so far: 29030,  1.999373e+04. Current error  2.408486e-01
PDE loss in 29200th epoch:  2.160343e+04. Last save epoch and best loss so far: 29134,  1.990378e+04. Current error  2.668017e-01
PDE loss in 29300th epoch:  2.081773e+04. Last save epoch and best loss so far: 29237,  1.980736e+04. Current error  2.581782e-01
PDE loss in 29400th epoch:  2.035144e+04. Last save epoch and best loss so far: 29237,  1.980736e+04. Current error  2.449403e-01
PDE loss in 29500th epoch:  2.040881e+04. Last save epoch and best loss so far: 29425,  1.967790e+04. Current error  2.527548e-01
PDE loss in 29600th epoch:  5.161880e+04. Last save epoch and best loss so far: 29425,  1.967790e+04. Current error  3.060897e-01
PDE loss in 29700th epoch:  4.582552e+04. Last save epoch and best loss so far: 29655,  1.952543e+04. Current error  2.151628e-01
PDE loss in 29800th epoch:  2.091360e+04. Last save epoch and best loss so far: 29655,  1.952543e+04. Current error  2.431946e-01
PDE loss in 29900th epoch:  1.954058e+04. Last save epoch and best loss so far: 29892,  1.946941e+04. Current error  2.428275e-01
Current loss  2.011271e+04, Best loss  1.938777e+04. Restoring best model weights.
