created virtual environment CPython3.10.2.final.0-64 in 3328ms
  creator CPython3Posix(dest=/local/weiqiw.3448318.0/env, clear=False, no_vcs_ignore=False, global=False)
  seeder FromAppData(download=False, pip=bundle, setuptools=bundle, wheel=bundle, via=copy, app_data_dir=/home/weiqiw/.local/share/virtualenv)
    added seed packages: pip==22.3.1, setuptools==65.6.3, wheel==0.38.4
  activators BashActivator,CShellActivator,FishActivator,NushellActivator,PowerShellActivator,PythonActivator
Looking in links: /cvmfs/soft.computecanada.ca/custom/python/wheelhouse/gentoo/avx2, /cvmfs/soft.computecanada.ca/custom/python/wheelhouse/gentoo/generic, /cvmfs/soft.computecanada.ca/custom/python/wheelhouse/generic
Requirement already satisfied: pip in /local/weiqiw.3448318.0/env/lib/python3.10/site-packages (22.3.1)
Processing /cvmfs/soft.computecanada.ca/custom/python/wheelhouse/generic/pip-23.0+computecanada-py3-none-any.whl
Installing collected packages: pip
  Attempting uninstall: pip
    Found existing installation: pip 22.3.1
    Uninstalling pip-22.3.1:
      Successfully uninstalled pip-22.3.1
Successfully installed pip-23.0+computecanada
Looking in links: /cvmfs/soft.computecanada.ca/custom/python/wheelhouse/gentoo/avx2, /cvmfs/soft.computecanada.ca/custom/python/wheelhouse/gentoo/generic, /cvmfs/soft.computecanada.ca/custom/python/wheelhouse/generic
Processing /cvmfs/soft.computecanada.ca/custom/python/wheelhouse/gentoo/generic/numpy-1.23.0+computecanada-cp310-cp310-linux_x86_64.whl
Installing collected packages: numpy
Successfully installed numpy-1.23.0+computecanada
Looking in links: /cvmfs/soft.computecanada.ca/custom/python/wheelhouse/gentoo/avx2, /cvmfs/soft.computecanada.ca/custom/python/wheelhouse/gentoo/generic, /cvmfs/soft.computecanada.ca/custom/python/wheelhouse/generic
Processing /cvmfs/soft.computecanada.ca/custom/python/wheelhouse/gentoo/generic/tensorflow-2.8.0+computecanada-cp310-cp310-linux_x86_64.whl
Processing /cvmfs/soft.computecanada.ca/custom/python/wheelhouse/generic/flatbuffers-20190709135844+computecanada-py2.py3-none-any.whl
Processing /cvmfs/soft.computecanada.ca/custom/python/wheelhouse/generic/wrapt-1.14.1+computecanada-cp310-cp310-linux_x86_64.whl
Processing /cvmfs/soft.computecanada.ca/custom/python/wheelhouse/generic/six-1.16.0+computecanada-py2.py3-none-any.whl
Processing /cvmfs/soft.computecanada.ca/custom/python/wheelhouse/generic/opt_einsum-3.3.0+computecanada-py3-none-any.whl
Processing /cvmfs/soft.computecanada.ca/custom/python/wheelhouse/generic/libclang-14.0.1+computecanada-py2.py3-none-linux_x86_64.whl
Processing /cvmfs/soft.computecanada.ca/custom/python/wheelhouse/generic/tf_estimator_nightly-2.8.0.dev2021122109+computecanada-py2.py3-none-any.whl
Processing /cvmfs/soft.computecanada.ca/custom/python/wheelhouse/gentoo/avx2/h5py-3.7.0+computecanada-cp310-cp310-linux_x86_64.whl
Requirement already satisfied: numpy>=1.20 in /local/weiqiw.3448318.0/env/lib/python3.10/site-packages (from tensorflow==2.8) (1.23.0+computecanada)
Processing /cvmfs/soft.computecanada.ca/custom/python/wheelhouse/generic/gast-0.5.3+computecanada-py3-none-any.whl
Processing /cvmfs/soft.computecanada.ca/custom/python/wheelhouse/generic/Keras_Preprocessing-1.1.2+computecanada-py3-none-any.whl
Processing /cvmfs/soft.computecanada.ca/custom/python/wheelhouse/generic/grpcio-1.47.0+computecanada-cp310-cp310-linux_x86_64.whl
Processing /cvmfs/soft.computecanada.ca/custom/python/wheelhouse/generic/keras-2.8.0+computecanada-py2.py3-none-any.whl
Processing /cvmfs/soft.computecanada.ca/custom/python/wheelhouse/generic/typing_extensions-4.4.0+computecanada-py3-none-any.whl
Processing /cvmfs/soft.computecanada.ca/custom/python/wheelhouse/generic/termcolor-1.1.0+computecanada-py3-none-any.whl
Processing /cvmfs/soft.computecanada.ca/custom/python/wheelhouse/generic/tensorboard-2.8.0+computecanada-py3-none-any.whl
Processing /cvmfs/soft.computecanada.ca/custom/python/wheelhouse/generic/astunparse-1.6.3+computecanada-py2.py3-none-any.whl
Processing /cvmfs/soft.computecanada.ca/custom/python/wheelhouse/gentoo/avx2/protobuf-4.21.5+computecanada-cp310-cp310-linux_x86_64.whl
Processing /cvmfs/soft.computecanada.ca/custom/python/wheelhouse/generic/absl_py-1.4.0+computecanada-py3-none-any.whl
Processing /cvmfs/soft.computecanada.ca/custom/python/wheelhouse/generic/tensorflow_io_gcs_filesystem-0.26.0+computecanada-cp310-cp310-linux_x86_64.whl
Processing /cvmfs/soft.computecanada.ca/custom/python/wheelhouse/generic/google_pasta-0.2.0+computecanada-py3-none-any.whl
Requirement already satisfied: setuptools in /local/weiqiw.3448318.0/env/lib/python3.10/site-packages (from tensorflow==2.8) (65.6.3)
Requirement already satisfied: wheel<1.0,>=0.23.0 in /local/weiqiw.3448318.0/env/lib/python3.10/site-packages (from astunparse>=1.6.0->tensorflow==2.8) (0.38.4)
Processing /cvmfs/soft.computecanada.ca/custom/python/wheelhouse/generic/google_auth_oauthlib-0.4.6+computecanada-py2.py3-none-any.whl
Processing /cvmfs/soft.computecanada.ca/custom/python/wheelhouse/generic/tensorboard_plugin_wit-1.8.1+computecanada-py3-none-any.whl
Processing /cvmfs/soft.computecanada.ca/custom/python/wheelhouse/generic/Markdown-3.4.1+computecanada-py3-none-any.whl
Processing /cvmfs/soft.computecanada.ca/custom/python/wheelhouse/generic/Werkzeug-2.2.2+computecanada-py3-none-any.whl
Processing /cvmfs/soft.computecanada.ca/custom/python/wheelhouse/generic/requests-2.28.2+computecanada-py3-none-any.whl
Processing /cvmfs/soft.computecanada.ca/custom/python/wheelhouse/generic/tensorboard_data_server-0.6.1+computecanada-py3-none-linux_x86_64.whl
Processing /cvmfs/soft.computecanada.ca/custom/python/wheelhouse/generic/google_auth-2.16.0+computecanada-py2.py3-none-any.whl
Processing /cvmfs/soft.computecanada.ca/custom/python/wheelhouse/generic/pyasn1_modules-0.2.8+computecanada-py2.py3-none-any.whl
Processing /cvmfs/soft.computecanada.ca/custom/python/wheelhouse/generic/cachetools-5.3.0+computecanada-py3-none-any.whl
Processing /cvmfs/soft.computecanada.ca/custom/python/wheelhouse/generic/rsa-4.9+computecanada-py3-none-any.whl
Processing /cvmfs/soft.computecanada.ca/custom/python/wheelhouse/generic/requests_oauthlib-1.3.1+computecanada-py2.py3-none-any.whl
Processing /cvmfs/soft.computecanada.ca/custom/python/wheelhouse/generic/certifi-2022.12.7+computecanada-py3-none-any.whl
Processing /cvmfs/soft.computecanada.ca/custom/python/wheelhouse/generic/urllib3-1.26.14+computecanada-py2.py3-none-any.whl
Processing /cvmfs/soft.computecanada.ca/custom/python/wheelhouse/generic/idna-3.4+computecanada-py3-none-any.whl
Processing /cvmfs/soft.computecanada.ca/custom/python/wheelhouse/generic/charset_normalizer-3.0.1+computecanada-py3-none-any.whl
Processing /cvmfs/soft.computecanada.ca/custom/python/wheelhouse/generic/MarkupSafe-2.1.1+computecanada-cp310-cp310-linux_x86_64.whl
Processing /cvmfs/soft.computecanada.ca/custom/python/wheelhouse/generic/pyasn1-0.4.8+computecanada-py2.py3-none-any.whl
Processing /cvmfs/soft.computecanada.ca/custom/python/wheelhouse/generic/oauthlib-3.2.2+computecanada-py3-none-any.whl
Installing collected packages: tf-estimator-nightly, termcolor, tensorboard-plugin-wit, pyasn1, libclang, keras, flatbuffers, charset-normalizer, wrapt, urllib3, typing-extensions, tensorflow-io-gcs-filesystem, tensorboard-data-server, six, rsa, pyasn1-modules, protobuf, opt-einsum, oauthlib, MarkupSafe, markdown, idna, h5py, gast, certifi, cachetools, absl-py, werkzeug, requests, keras-preprocessing, grpcio, google-pasta, google-auth, astunparse, requests-oauthlib, google-auth-oauthlib, tensorboard, tensorflow
Successfully installed MarkupSafe-2.1.1+computecanada absl-py-1.4.0+computecanada astunparse-1.6.3+computecanada cachetools-5.3.0+computecanada certifi-2022.12.7+computecanada charset-normalizer-3.0.1+computecanada flatbuffers-20190709135844+computecanada gast-0.5.3+computecanada google-auth-2.16.0+computecanada google-auth-oauthlib-0.4.6+computecanada google-pasta-0.2.0+computecanada grpcio-1.47.0+computecanada h5py-3.7.0+computecanada idna-3.4+computecanada keras-2.8.0+computecanada keras-preprocessing-1.1.2+computecanada libclang-14.0.1+computecanada markdown-3.4.1+computecanada oauthlib-3.2.2+computecanada opt-einsum-3.3.0+computecanada protobuf-4.21.5+computecanada pyasn1-0.4.8+computecanada pyasn1-modules-0.2.8+computecanada requests-2.28.2+computecanada requests-oauthlib-1.3.1+computecanada rsa-4.9+computecanada six-1.16.0+computecanada tensorboard-2.8.0+computecanada tensorboard-data-server-0.6.1+computecanada tensorboard-plugin-wit-1.8.1+computecanada tensorflow-2.8.0+computecanada tensorflow-io-gcs-filesystem-0.26.0+computecanada termcolor-1.1.0+computecanada tf-estimator-nightly-2.8.0.dev2021122109+computecanada typing-extensions-4.4.0+computecanada urllib3-1.26.14+computecanada werkzeug-2.2.2+computecanada wrapt-1.14.1+computecanada
2023-02-08 17:24:44.958218: I tensorflow/core/platform/cpu_feature_guard.cc:151] This TensorFlow binary is optimized with oneAPI Deep Neural Network Library (oneDNN) to use the following CPU instructions in performance-critical operations:  AVX2 FMA
To enable them in other operations, rebuild TensorFlow with the appropriate compiler flags.
2023-02-08 17:24:45.634246: I tensorflow/core/common_runtime/gpu/gpu_device.cc:1525] Created device /job:localhost/replica:0/task:0/device:GPU:0 with 11319 MB memory:  -> device: 0, name: Tesla P100-PCIE-12GB, pci bus id: 0000:83:00.0, compute capability: 6.0
['high_dimensional_periodic_diffusion_example_3.py', '6', '16384', '0.5', '30000', '10000', 'example3_dim6_N16384', '3', '3']
Num GPUs: 1
Model: "sequential"
_________________________________________________________________
 Layer (type)                Output Shape              Param #   
=================================================================
 first_periodic_layer (Dense  (None, 66)               462       
 )                                                               
                                                                 
 second_periodic_layer (Dens  (None, 66)               4422      
 e)                                                              
                                                                 
 hidden_layer_0 (Dense)      (None, 30)                2010      
                                                                 
 hidden_layer_1 (Dense)      (None, 30)                930       
                                                                 
 first_to_last_hidden_layer   (None, 30)               930       
 (Dense)                                                         
                                                                 
 dense (Dense)               (None, 1)                 31        
                                                                 
=================================================================
Total params: 8,785
Trainable params: 8,785
Non-trainable params: 0
_________________________________________________________________
None
[0.58400848 0.42544769 0.95945778]
[4 4 3]
[2 3 2]
[2 0 3]
[2 1 0]
PDE loss in 0th epoch:  3.184538e+09. Last save epoch and best loss so far: -1,  1.000000e+12. Current error  1.029306e+00
PDE loss in 100th epoch:  2.632841e+09. Last save epoch and best loss so far: 99,  2.635711e+09. Current error  1.072128e+00
PDE loss in 200th epoch:  2.120344e+09. Last save epoch and best loss so far: 199,  2.122950e+09. Current error  3.347408e+00
PDE loss in 300th epoch:  1.875465e+09. Last save epoch and best loss so far: 299,  1.875782e+09. Current error  2.748021e+00
PDE loss in 400th epoch:  1.810943e+09. Last save epoch and best loss so far: 399,  1.812378e+09. Current error  3.451427e+00
PDE loss in 500th epoch:  1.727023e+09. Last save epoch and best loss so far: 499,  1.727064e+09. Current error  4.765037e+00
PDE loss in 600th epoch:  1.721164e+09. Last save epoch and best loss so far: 599,  1.721233e+09. Current error  4.961102e+00
PDE loss in 700th epoch:  1.714103e+09. Last save epoch and best loss so far: 699,  1.714189e+09. Current error  5.048313e+00
PDE loss in 800th epoch:  1.704285e+09. Last save epoch and best loss so far: 799,  1.704354e+09. Current error  5.068766e+00
PDE loss in 900th epoch:  1.691910e+09. Last save epoch and best loss so far: 899,  1.692031e+09. Current error  5.113149e+00
PDE loss in 1000th epoch:  1.680383e+09. Last save epoch and best loss so far: 999,  1.680428e+09. Current error  5.166750e+00
PDE loss in 1100th epoch:  1.667357e+09. Last save epoch and best loss so far: 1098,  1.667199e+09. Current error  5.302135e+00
PDE loss in 1200th epoch:  1.652685e+09. Last save epoch and best loss so far: 1197,  1.652445e+09. Current error  5.468707e+00
PDE loss in 1300th epoch:  1.637236e+09. Last save epoch and best loss so far: 1299,  1.637516e+09. Current error  5.623108e+00
PDE loss in 1400th epoch:  1.621816e+09. Last save epoch and best loss so far: 1399,  1.621973e+09. Current error  5.764587e+00
PDE loss in 1500th epoch:  1.605914e+09. Last save epoch and best loss so far: 1499,  1.605972e+09. Current error  5.874048e+00
PDE loss in 1600th epoch:  1.587479e+09. Last save epoch and best loss so far: 1599,  1.587669e+09. Current error  5.984441e+00
PDE loss in 1700th epoch:  1.568083e+09. Last save epoch and best loss so far: 1699,  1.568282e+09. Current error  6.041920e+00
PDE loss in 1800th epoch:  1.548792e+09. Last save epoch and best loss so far: 1799,  1.548986e+09. Current error  6.042352e+00
PDE loss in 1900th epoch:  1.533206e+09. Last save epoch and best loss so far: 1894,  1.530925e+09. Current error  5.989813e+00
PDE loss in 2000th epoch:  1.511787e+09. Last save epoch and best loss so far: 1996,  1.512165e+09. Current error  5.894473e+00
PDE loss in 2100th epoch:  1.495078e+09. Last save epoch and best loss so far: 2096,  1.494423e+09. Current error  5.769798e+00
PDE loss in 2200th epoch:  1.475043e+09. Last save epoch and best loss so far: 2199,  1.475237e+09. Current error  5.634775e+00
PDE loss in 2300th epoch:  1.455270e+09. Last save epoch and best loss so far: 2299,  1.455476e+09. Current error  5.483449e+00
PDE loss in 2400th epoch:  1.434428e+09. Last save epoch and best loss so far: 2399,  1.434639e+09. Current error  5.312954e+00
PDE loss in 2500th epoch:  1.414648e+09. Last save epoch and best loss so far: 2499,  1.414793e+09. Current error  5.140866e+00
PDE loss in 2600th epoch:  1.396645e+09. Last save epoch and best loss so far: 2599,  1.397118e+09. Current error  4.971067e+00
PDE loss in 2700th epoch:  1.378351e+09. Last save epoch and best loss so far: 2699,  1.378528e+09. Current error  4.814612e+00
PDE loss in 2800th epoch:  1.359005e+09. Last save epoch and best loss so far: 2799,  1.359214e+09. Current error  4.660735e+00
PDE loss in 2900th epoch:  1.332434e+09. Last save epoch and best loss so far: 2899,  1.332834e+09. Current error  4.501933e+00
PDE loss in 3000th epoch:  1.156947e+09. Last save epoch and best loss so far: 2999,  1.159951e+09. Current error  4.362979e+00
PDE loss in 3100th epoch:  8.373884e+08. Last save epoch and best loss so far: 3099,  8.401965e+08. Current error  4.042645e+00
PDE loss in 3200th epoch:  7.034056e+08. Last save epoch and best loss so far: 3196,  7.019804e+08. Current error  3.717412e+00
PDE loss in 3300th epoch:  4.579645e+08. Last save epoch and best loss so far: 3299,  4.641479e+08. Current error  3.739830e+00
PDE loss in 3400th epoch:  5.491130e+07. Last save epoch and best loss so far: 3399,  5.558908e+07. Current error  2.073938e+00
PDE loss in 3500th epoch:  2.012643e+07. Last save epoch and best loss so far: 3499,  2.011897e+07. Current error  1.868086e+00
PDE loss in 3600th epoch:  1.176238e+07. Last save epoch and best loss so far: 3599,  1.180186e+07. Current error  1.760187e+00
PDE loss in 3700th epoch:  8.341740e+06. Last save epoch and best loss so far: 3699,  8.341721e+06. Current error  1.615006e+00
PDE loss in 3800th epoch:  6.345418e+06. Last save epoch and best loss so far: 3799,  6.361440e+06. Current error  1.443748e+00
PDE loss in 3900th epoch:  5.175962e+06. Last save epoch and best loss so far: 3899,  5.137507e+06. Current error  1.333884e+00
PDE loss in 4000th epoch:  4.464191e+06. Last save epoch and best loss so far: 3997,  4.344270e+06. Current error  1.168024e+00
PDE loss in 4100th epoch:  3.688518e+06. Last save epoch and best loss so far: 4097,  3.689558e+06. Current error  1.032500e+00
PDE loss in 4200th epoch:  3.448765e+06. Last save epoch and best loss so far: 4193,  3.299927e+06. Current error  9.531861e-01
PDE loss in 4300th epoch:  3.548664e+06. Last save epoch and best loss so far: 4273,  2.950983e+06. Current error  8.973786e-01
PDE loss in 4400th epoch:  2.600502e+06. Last save epoch and best loss so far: 4389,  2.598424e+06. Current error  7.861540e-01
PDE loss in 4500th epoch:  2.404358e+06. Last save epoch and best loss so far: 4498,  2.335371e+06. Current error  6.523699e-01
PDE loss in 4600th epoch:  2.166636e+06. Last save epoch and best loss so far: 4599,  2.146641e+06. Current error  6.354432e-01
PDE loss in 4700th epoch:  1.964673e+06. Last save epoch and best loss so far: 4699,  1.965142e+06. Current error  5.797913e-01
PDE loss in 4800th epoch:  1.847268e+06. Last save epoch and best loss so far: 4782,  1.848294e+06. Current error  4.995101e-01
PDE loss in 4900th epoch:  1.742205e+06. Last save epoch and best loss so far: 4899,  1.731596e+06. Current error  4.557266e-01
PDE loss in 5000th epoch:  1.598040e+06. Last save epoch and best loss so far: 4997,  1.590454e+06. Current error  3.981897e-01
PDE loss in 5100th epoch:  1.651396e+06. Last save epoch and best loss so far: 5095,  1.497518e+06. Current error  4.045421e-01
PDE loss in 5200th epoch:  1.467258e+06. Last save epoch and best loss so far: 5182,  1.414903e+06. Current error  3.093105e-01
PDE loss in 5300th epoch:  1.322754e+06. Last save epoch and best loss so far: 5299,  1.320826e+06. Current error  3.167762e-01
PDE loss in 5400th epoch:  1.415667e+06. Last save epoch and best loss so far: 5397,  1.288375e+06. Current error  2.696399e-01
PDE loss in 5500th epoch:  1.210273e+06. Last save epoch and best loss so far: 5497,  1.198846e+06. Current error  2.384854e-01
PDE loss in 5600th epoch:  1.208352e+06. Last save epoch and best loss so far: 5552,  1.167297e+06. Current error  2.034433e-01
PDE loss in 5700th epoch:  1.647416e+06. Last save epoch and best loss so far: 5668,  1.101512e+06. Current error  2.052051e-01
PDE loss in 5800th epoch:  1.162112e+06. Last save epoch and best loss so far: 5775,  1.051294e+06. Current error  2.003613e-01
PDE loss in 5900th epoch:  1.590312e+06. Last save epoch and best loss so far: 5854,  1.022210e+06. Current error  2.385320e-01
PDE loss in 6000th epoch:  1.099434e+06. Last save epoch and best loss so far: 5987,  9.667625e+05. Current error  1.847066e-01
PDE loss in 6100th epoch:  9.945596e+05. Last save epoch and best loss so far: 6056,  9.388795e+05. Current error  9.703671e-02
PDE loss in 6200th epoch:  1.207960e+06. Last save epoch and best loss so far: 6175,  8.977920e+05. Current error  9.869254e-02
PDE loss in 6300th epoch:  9.331592e+05. Last save epoch and best loss so far: 6249,  8.745453e+05. Current error  6.481530e-02
PDE loss in 6400th epoch:  8.986210e+05. Last save epoch and best loss so far: 6394,  8.466758e+05. Current error  1.008614e-01
PDE loss in 6500th epoch:  1.244291e+06. Last save epoch and best loss so far: 6470,  8.126935e+05. Current error  1.372687e-01
PDE loss in 6600th epoch:  7.951869e+05. Last save epoch and best loss so far: 6596,  7.882962e+05. Current error  8.272684e-02
PDE loss in 6700th epoch:  8.304618e+05. Last save epoch and best loss so far: 6650,  7.771244e+05. Current error  6.174397e-02
PDE loss in 6800th epoch:  1.056327e+06. Last save epoch and best loss so far: 6770,  7.431677e+05. Current error  1.189063e-01
PDE loss in 6900th epoch:  8.858824e+05. Last save epoch and best loss so far: 6770,  7.431677e+05. Current error  6.473408e-02
PDE loss in 7000th epoch:  7.041178e+05. Last save epoch and best loss so far: 6992,  7.011054e+05. Current error  4.606078e-02
PDE loss in 7100th epoch:  6.859840e+05. Last save epoch and best loss so far: 7088,  6.853659e+05. Current error  6.458455e-02
PDE loss in 7200th epoch:  9.988922e+05. Last save epoch and best loss so far: 7112,  6.783371e+05. Current error  3.964215e-02
PDE loss in 7300th epoch:  6.449352e+05. Last save epoch and best loss so far: 7291,  6.482654e+05. Current error  5.185012e-02
PDE loss in 7400th epoch:  1.449661e+06. Last save epoch and best loss so far: 7361,  6.395225e+05. Current error  1.279936e-01
PDE loss in 7500th epoch:  7.869329e+05. Last save epoch and best loss so far: 7425,  6.325074e+05. Current error  9.346984e-02
PDE loss in 7600th epoch:  6.473371e+05. Last save epoch and best loss so far: 7543,  6.096137e+05. Current error  4.126603e-02
PDE loss in 7700th epoch:  1.331522e+06. Last save epoch and best loss so far: 7664,  6.008199e+05. Current error  1.320501e-01
PDE loss in 7800th epoch:  8.256369e+05. Last save epoch and best loss so far: 7664,  6.008199e+05. Current error  7.205363e-02
PDE loss in 7900th epoch:  6.093671e+05. Last save epoch and best loss so far: 7884,  5.772788e+05. Current error  7.287932e-02
PDE loss in 8000th epoch:  6.075099e+05. Last save epoch and best loss so far: 7986,  5.720558e+05. Current error  5.892842e-02
PDE loss in 8100th epoch:  6.446844e+05. Last save epoch and best loss so far: 8047,  5.569925e+05. Current error  5.997042e-02
PDE loss in 8200th epoch:  5.408351e+05. Last save epoch and best loss so far: 8185,  5.391554e+05. Current error  4.727970e-02
PDE loss in 8300th epoch:  8.756302e+05. Last save epoch and best loss so far: 8279,  5.225552e+05. Current error  1.080747e-01
PDE loss in 8400th epoch:  5.183428e+05. Last save epoch and best loss so far: 8351,  5.195263e+05. Current error  4.561667e-02
PDE loss in 8500th epoch:  1.101743e+06. Last save epoch and best loss so far: 8484,  5.053412e+05. Current error  5.749122e-02
PDE loss in 8600th epoch:  5.136312e+05. Last save epoch and best loss so far: 8542,  5.008138e+05. Current error  3.778425e-02
PDE loss in 8700th epoch:  1.419512e+06. Last save epoch and best loss so far: 8675,  4.979212e+05. Current error  5.177367e-02
PDE loss in 8800th epoch:  1.419133e+06. Last save epoch and best loss so far: 8718,  4.953261e+05. Current error  1.131716e-01
PDE loss in 8900th epoch:  6.096162e+05. Last save epoch and best loss so far: 8886,  4.804469e+05. Current error  1.037644e-01
PDE loss in 9000th epoch:  4.685686e+05. Last save epoch and best loss so far: 8986,  4.723339e+05. Current error  5.506281e-02
PDE loss in 9100th epoch:  9.013353e+05. Last save epoch and best loss so far: 9059,  4.657709e+05. Current error  3.810250e-02
PDE loss in 9200th epoch:  9.175538e+05. Last save epoch and best loss so far: 9180,  4.493539e+05. Current error  5.327476e-02
PDE loss in 9300th epoch:  5.966894e+05. Last save epoch and best loss so far: 9180,  4.493539e+05. Current error  2.931869e-02
PDE loss in 9400th epoch:  4.516834e+05. Last save epoch and best loss so far: 9387,  4.400276e+05. Current error  4.505972e-02
PDE loss in 9500th epoch:  6.018592e+05. Last save epoch and best loss so far: 9387,  4.400276e+05. Current error  7.949578e-02
PDE loss in 9600th epoch:  1.023593e+06. Last save epoch and best loss so far: 9559,  4.302920e+05. Current error  9.624672e-02
PDE loss in 9700th epoch:  4.643394e+05. Last save epoch and best loss so far: 9695,  4.187124e+05. Current error  6.325229e-02
PDE loss in 9800th epoch:  4.176448e+05. Last save epoch and best loss so far: 9780,  4.116368e+05. Current error  6.741909e-02
PDE loss in 9900th epoch:  6.800990e+05. Last save epoch and best loss so far: 9806,  4.100261e+05. Current error  1.102800e-01
PDE loss in 10000th epoch:  4.677246e+05. Last save epoch and best loss so far: 9943,  4.032885e+05. Current error  7.289694e-02
PDE loss in 10100th epoch:  5.672399e+05. Last save epoch and best loss so far: 9943,  4.032885e+05. Current error  9.667632e-02
PDE loss in 10200th epoch:  6.269980e+05. Last save epoch and best loss so far: 9943,  4.032885e+05. Current error  5.049543e-02
PDE loss in 10300th epoch:  4.900431e+05. Last save epoch and best loss so far: 10282,  3.902807e+05. Current error  2.715735e-02
PDE loss in 10400th epoch:  4.796904e+05. Last save epoch and best loss so far: 10397,  3.833712e+05. Current error  8.857992e-02
PDE loss in 10500th epoch:  3.781723e+05. Last save epoch and best loss so far: 10489,  3.771202e+05. Current error  6.520480e-02
PDE loss in 10600th epoch:  5.585271e+05. Last save epoch and best loss so far: 10558,  3.761156e+05. Current error  6.857162e-02
PDE loss in 10700th epoch:  4.321895e+05. Last save epoch and best loss so far: 10686,  3.706814e+05. Current error  9.277234e-02
PDE loss in 10800th epoch:  3.987444e+05. Last save epoch and best loss so far: 10686,  3.706814e+05. Current error  7.546902e-02
PDE loss in 10900th epoch:  3.749951e+05. Last save epoch and best loss so far: 10889,  3.574204e+05. Current error  5.110634e-02
PDE loss in 11000th epoch:  6.367784e+05. Last save epoch and best loss so far: 10978,  3.545982e+05. Current error  3.976005e-02
PDE loss in 11100th epoch:  4.562208e+05. Last save epoch and best loss so far: 10978,  3.545982e+05. Current error  4.686434e-02
PDE loss in 11200th epoch:  3.478917e+05. Last save epoch and best loss so far: 11191,  3.472220e+05. Current error  6.368786e-02
PDE loss in 11300th epoch:  4.711088e+05. Last save epoch and best loss so far: 11191,  3.472220e+05. Current error  3.637993e-02
PDE loss in 11400th epoch:  3.531932e+05. Last save epoch and best loss so far: 11191,  3.472220e+05. Current error  7.304664e-02
PDE loss in 11500th epoch:  6.220519e+05. Last save epoch and best loss so far: 11465,  3.435643e+05. Current error  1.355316e-01
PDE loss in 11600th epoch:  3.346751e+05. Last save epoch and best loss so far: 11594,  3.332227e+05. Current error  6.702193e-02
PDE loss in 11700th epoch:  3.304887e+05. Last save epoch and best loss so far: 11695,  3.292027e+05. Current error  7.661617e-02
PDE loss in 11800th epoch:  7.230459e+05. Last save epoch and best loss so far: 11695,  3.292027e+05. Current error  5.252263e-02
PDE loss in 11900th epoch:  8.289397e+05. Last save epoch and best loss so far: 11695,  3.292027e+05. Current error  6.010729e-02
PDE loss in 12000th epoch:  3.668178e+05. Last save epoch and best loss so far: 11937,  3.250821e+05. Current error  5.367422e-02
PDE loss in 12100th epoch:  3.770426e+05. Last save epoch and best loss so far: 12016,  3.197010e+05. Current error  6.412494e-02
PDE loss in 12200th epoch:  4.721153e+05. Last save epoch and best loss so far: 12016,  3.197010e+05. Current error  1.007255e-01
PDE loss in 12300th epoch:  4.116652e+05. Last save epoch and best loss so far: 12016,  3.197010e+05. Current error  9.286333e-02
PDE loss in 12400th epoch:  4.340955e+05. Last save epoch and best loss so far: 12016,  3.197010e+05. Current error  3.071912e-02
PDE loss in 12500th epoch:  1.037986e+06. Last save epoch and best loss so far: 12016,  3.197010e+05. Current error  8.183850e-02
PDE loss in 12600th epoch:  3.093378e+05. Last save epoch and best loss so far: 12599,  3.048965e+05. Current error  7.454749e-02
PDE loss in 12700th epoch:  4.969372e+05. Last save epoch and best loss so far: 12613,  3.032107e+05. Current error  1.337947e-01
PDE loss in 12800th epoch:  3.352898e+05. Last save epoch and best loss so far: 12796,  3.019934e+05. Current error  6.804779e-02
PDE loss in 12900th epoch:  3.060828e+05. Last save epoch and best loss so far: 12897,  2.973579e+05. Current error  8.221832e-02
PDE loss in 13000th epoch:  3.129811e+05. Last save epoch and best loss so far: 12897,  2.973579e+05. Current error  8.268527e-02
PDE loss in 13100th epoch:  1.044557e+06. Last save epoch and best loss so far: 13025,  2.946692e+05. Current error  6.792140e-02
PDE loss in 13200th epoch:  8.106255e+05. Last save epoch and best loss so far: 13159,  2.914673e+05. Current error  1.424974e-01
PDE loss in 13300th epoch:  3.057727e+05. Last save epoch and best loss so far: 13289,  2.897451e+05. Current error  7.723275e-02
PDE loss in 13400th epoch:  8.482308e+05. Last save epoch and best loss so far: 13368,  2.891856e+05. Current error  7.833041e-02
PDE loss in 13500th epoch:  3.087514e+05. Last save epoch and best loss so far: 13430,  2.851857e+05. Current error  6.081641e-02
PDE loss in 13600th epoch:  2.943060e+05. Last save epoch and best loss so far: 13506,  2.809010e+05. Current error  8.388873e-02
PDE loss in 13700th epoch:  2.825670e+06. Last save epoch and best loss so far: 13677,  2.767803e+05. Current error  1.199275e-01
PDE loss in 13800th epoch:  4.532704e+05. Last save epoch and best loss so far: 13754,  2.762159e+05. Current error  7.528026e-02
PDE loss in 13900th epoch:  3.222492e+05. Last save epoch and best loss so far: 13754,  2.762159e+05. Current error  8.221298e-02
PDE loss in 14000th epoch:  3.773930e+05. Last save epoch and best loss so far: 13754,  2.762159e+05. Current error  1.112759e-01
PDE loss in 14100th epoch:  1.396679e+06. Last save epoch and best loss so far: 13754,  2.762159e+05. Current error  1.045008e-01
PDE loss in 14200th epoch:  4.819059e+05. Last save epoch and best loss so far: 14139,  2.723036e+05. Current error  6.830127e-02
PDE loss in 14300th epoch:  4.260635e+05. Last save epoch and best loss so far: 14139,  2.723036e+05. Current error  4.169712e-02
PDE loss in 14400th epoch:  4.804181e+05. Last save epoch and best loss so far: 14139,  2.723036e+05. Current error  1.269386e-01
PDE loss in 14500th epoch:  2.748936e+05. Last save epoch and best loss so far: 14139,  2.723036e+05. Current error  9.833548e-02
PDE loss in 14600th epoch:  2.754192e+05. Last save epoch and best loss so far: 14501,  2.627864e+05. Current error  8.311440e-02
PDE loss in 14700th epoch:  6.084955e+05. Last save epoch and best loss so far: 14672,  2.608089e+05. Current error  2.046021e-01
PDE loss in 14800th epoch:  3.565154e+05. Last save epoch and best loss so far: 14757,  2.590506e+05. Current error  9.276332e-02
PDE loss in 14900th epoch:  3.104723e+05. Last save epoch and best loss so far: 14823,  2.566709e+05. Current error  1.096569e-01
PDE loss in 15000th epoch:  4.290278e+05. Last save epoch and best loss so far: 14823,  2.566709e+05. Current error  4.612552e-02
PDE loss in 15100th epoch:  1.057917e+06. Last save epoch and best loss so far: 15077,  2.563917e+05. Current error  4.344907e-02
PDE loss in 15200th epoch:  2.923212e+05. Last save epoch and best loss so far: 15077,  2.563917e+05. Current error  6.854768e-02
PDE loss in 15300th epoch:  4.161281e+05. Last save epoch and best loss so far: 15252,  2.546327e+05. Current error  1.237763e-01
PDE loss in 15400th epoch:  3.346428e+05. Last save epoch and best loss so far: 15376,  2.493529e+05. Current error  8.785173e-02
PDE loss in 15500th epoch:  1.158256e+06. Last save epoch and best loss so far: 15452,  2.474697e+05. Current error  1.558045e-01
PDE loss in 15600th epoch:  2.707424e+05. Last save epoch and best loss so far: 15546,  2.459405e+05. Current error  9.521578e-02
PDE loss in 15700th epoch:  2.438858e+05. Last save epoch and best loss so far: 15699,  2.444931e+05. Current error  9.386316e-02
PDE loss in 15800th epoch:  5.091864e+05. Last save epoch and best loss so far: 15700,  2.438858e+05. Current error  8.703666e-02
PDE loss in 15900th epoch:  2.814717e+05. Last save epoch and best loss so far: 15830,  2.413647e+05. Current error  6.407807e-02
PDE loss in 16000th epoch:  2.382397e+05. Last save epoch and best loss so far: 15990,  2.381115e+05. Current error  8.953152e-02
PDE loss in 16100th epoch:  2.379579e+05. Last save epoch and best loss so far: 16094,  2.367868e+05. Current error  8.351139e-02
PDE loss in 16200th epoch:  2.926382e+05. Last save epoch and best loss so far: 16094,  2.367868e+05. Current error  1.234024e-01
PDE loss in 16300th epoch:  4.145201e+05. Last save epoch and best loss so far: 16094,  2.367868e+05. Current error  1.451656e-01
PDE loss in 16400th epoch:  3.158669e+05. Last save epoch and best loss so far: 16094,  2.367868e+05. Current error  5.442417e-02
PDE loss in 16500th epoch:  3.377607e+05. Last save epoch and best loss so far: 16094,  2.367868e+05. Current error  5.575313e-02
PDE loss in 16600th epoch:  2.374083e+05. Last save epoch and best loss so far: 16595,  2.324002e+05. Current error  7.603331e-02
PDE loss in 16700th epoch:  4.656438e+05. Last save epoch and best loss so far: 16595,  2.324002e+05. Current error  7.373453e-02
PDE loss in 16800th epoch:  2.179228e+06. Last save epoch and best loss so far: 16757,  2.299675e+05. Current error  1.315414e-01
PDE loss in 16900th epoch:  1.636482e+06. Last save epoch and best loss so far: 16865,  2.270600e+05. Current error  2.317687e-01
PDE loss in 17000th epoch:  5.171501e+05. Last save epoch and best loss so far: 16865,  2.270600e+05. Current error  6.931619e-02
PDE loss in 17100th epoch:  2.371234e+05. Last save epoch and best loss so far: 16865,  2.270600e+05. Current error  8.379120e-02
PDE loss in 17200th epoch:  6.296904e+05. Last save epoch and best loss so far: 16865,  2.270600e+05. Current error  7.212082e-02
PDE loss in 17300th epoch:  2.605946e+05. Last save epoch and best loss so far: 16865,  2.270600e+05. Current error  7.266148e-02
PDE loss in 17400th epoch:  1.171390e+06. Last save epoch and best loss so far: 17370,  2.262414e+05. Current error  1.513392e-01
PDE loss in 17500th epoch:  2.706111e+05. Last save epoch and best loss so far: 17370,  2.262414e+05. Current error  9.137960e-02
PDE loss in 17600th epoch:  4.024269e+05. Last save epoch and best loss so far: 17551,  2.214093e+05. Current error  1.259981e-01
PDE loss in 17700th epoch:  2.291637e+05. Last save epoch and best loss so far: 17611,  2.203930e+05. Current error  9.638883e-02
PDE loss in 17800th epoch:  3.238372e+05. Last save epoch and best loss so far: 17778,  2.174722e+05. Current error  6.882672e-02
PDE loss in 17900th epoch:  2.283241e+05. Last save epoch and best loss so far: 17778,  2.174722e+05. Current error  1.011384e-01
PDE loss in 18000th epoch:  2.515855e+05. Last save epoch and best loss so far: 17778,  2.174722e+05. Current error  1.134234e-01
PDE loss in 18100th epoch:  2.393681e+05. Last save epoch and best loss so far: 17778,  2.174722e+05. Current error  8.187216e-02
PDE loss in 18200th epoch:  6.983755e+05. Last save epoch and best loss so far: 18104,  2.165560e+05. Current error  5.011811e-02
PDE loss in 18300th epoch:  3.656925e+05. Last save epoch and best loss so far: 18104,  2.165560e+05. Current error  7.029345e-02
PDE loss in 18400th epoch:  2.424119e+05. Last save epoch and best loss so far: 18104,  2.165560e+05. Current error  9.831596e-02
PDE loss in 18500th epoch:  7.684047e+05. Last save epoch and best loss so far: 18470,  2.147644e+05. Current error  4.952438e-02
PDE loss in 18600th epoch:  2.469345e+05. Last save epoch and best loss so far: 18584,  2.132590e+05. Current error  6.450837e-02
PDE loss in 18700th epoch:  4.665012e+05. Last save epoch and best loss so far: 18664,  2.117920e+05. Current error  7.511750e-02
PDE loss in 18800th epoch:  3.402913e+05. Last save epoch and best loss so far: 18762,  2.112383e+05. Current error  8.511740e-02
PDE loss in 18900th epoch:  6.565464e+05. Last save epoch and best loss so far: 18762,  2.112383e+05. Current error  5.046703e-02
PDE loss in 19000th epoch:  2.432704e+05. Last save epoch and best loss so far: 18925,  2.087486e+05. Current error  7.743274e-02
PDE loss in 19100th epoch:  2.718001e+05. Last save epoch and best loss so far: 18925,  2.087486e+05. Current error  1.181301e-01
PDE loss in 19200th epoch:  2.085449e+05. Last save epoch and best loss so far: 19194,  2.041363e+05. Current error  8.569999e-02
PDE loss in 19300th epoch:  2.287973e+05. Last save epoch and best loss so far: 19194,  2.041363e+05. Current error  8.636307e-02
PDE loss in 19400th epoch:  5.062227e+05. Last save epoch and best loss so far: 19194,  2.041363e+05. Current error  4.339000e-02
PDE loss in 19500th epoch:  4.837657e+05. Last save epoch and best loss so far: 19194,  2.041363e+05. Current error  1.215285e-01
PDE loss in 19600th epoch:  2.652492e+05. Last save epoch and best loss so far: 19194,  2.041363e+05. Current error  1.106080e-01
PDE loss in 19700th epoch:  7.212513e+05. Last save epoch and best loss so far: 19194,  2.041363e+05. Current error  4.930835e-02
PDE loss in 19800th epoch:  2.108286e+05. Last save epoch and best loss so far: 19194,  2.041363e+05. Current error  7.746881e-02
PDE loss in 19900th epoch:  2.050784e+05. Last save epoch and best loss so far: 19809,  1.982003e+05. Current error  8.009329e-02
PDE loss in 20000th epoch:  1.677876e+06. Last save epoch and best loss so far: 19809,  1.982003e+05. Current error  2.126641e-01
PDE loss in 20100th epoch:  2.100861e+05. Last save epoch and best loss so far: 20098,  1.965450e+05. Current error  8.208985e-02
PDE loss in 20200th epoch:  3.931623e+05. Last save epoch and best loss so far: 20098,  1.965450e+05. Current error  1.432209e-01
PDE loss in 20300th epoch:  8.999572e+05. Last save epoch and best loss so far: 20098,  1.965450e+05. Current error  9.477679e-02
PDE loss in 20400th epoch:  2.248991e+05. Last save epoch and best loss so far: 20098,  1.965450e+05. Current error  1.145352e-01
PDE loss in 20500th epoch:  4.789415e+05. Last save epoch and best loss so far: 20098,  1.965450e+05. Current error  4.736967e-02
PDE loss in 20600th epoch:  3.065109e+05. Last save epoch and best loss so far: 20098,  1.965450e+05. Current error  1.365968e-01
PDE loss in 20700th epoch:  2.614704e+05. Last save epoch and best loss so far: 20098,  1.965450e+05. Current error  1.138221e-01
PDE loss in 20800th epoch:  2.597241e+05. Last save epoch and best loss so far: 20779,  1.945902e+05. Current error  1.224468e-01
PDE loss in 20900th epoch:  2.588278e+05. Last save epoch and best loss so far: 20779,  1.945902e+05. Current error  1.166380e-01
PDE loss in 21000th epoch:  3.414709e+05. Last save epoch and best loss so far: 20779,  1.945902e+05. Current error  9.143691e-02
PDE loss in 21100th epoch:  6.890159e+05. Last save epoch and best loss so far: 21061,  1.897467e+05. Current error  1.364170e-01
PDE loss in 21200th epoch:  2.027662e+05. Last save epoch and best loss so far: 21193,  1.874110e+05. Current error  8.952952e-02
PDE loss in 21300th epoch:  5.494558e+05. Last save epoch and best loss so far: 21193,  1.874110e+05. Current error  8.263896e-02
PDE loss in 21400th epoch:  6.724971e+05. Last save epoch and best loss so far: 21355,  1.856125e+05. Current error  1.084168e-01
PDE loss in 21500th epoch:  1.913105e+05. Last save epoch and best loss so far: 21355,  1.856125e+05. Current error  1.005307e-01
PDE loss in 21600th epoch:  6.904214e+05. Last save epoch and best loss so far: 21511,  1.845499e+05. Current error  1.169026e-01
PDE loss in 21700th epoch:  2.035888e+05. Last save epoch and best loss so far: 21511,  1.845499e+05. Current error  7.637706e-02
PDE loss in 21800th epoch:  2.145980e+05. Last save epoch and best loss so far: 21511,  1.845499e+05. Current error  6.918318e-02
PDE loss in 21900th epoch:  1.661689e+06. Last save epoch and best loss so far: 21873,  1.828361e+05. Current error  7.462299e-02
PDE loss in 22000th epoch:  1.608266e+06. Last save epoch and best loss so far: 21966,  1.821253e+05. Current error  1.274646e-01
PDE loss in 22100th epoch:  2.434976e+05. Last save epoch and best loss so far: 21966,  1.821253e+05. Current error  1.004857e-01
PDE loss in 22200th epoch:  4.796717e+05. Last save epoch and best loss so far: 22122,  1.814923e+05. Current error  1.336678e-01
PDE loss in 22300th epoch:  2.566444e+05. Last save epoch and best loss so far: 22122,  1.814923e+05. Current error  1.333318e-01
PDE loss in 22400th epoch:  2.293414e+05. Last save epoch and best loss so far: 22122,  1.814923e+05. Current error  9.074391e-02
PDE loss in 22500th epoch:  1.913979e+05. Last save epoch and best loss so far: 22122,  1.814923e+05. Current error  8.947052e-02
PDE loss in 22600th epoch:  4.430650e+05. Last save epoch and best loss so far: 22122,  1.814923e+05. Current error  1.186304e-01
PDE loss in 22700th epoch:  3.054407e+05. Last save epoch and best loss so far: 22122,  1.814923e+05. Current error  6.539124e-02
PDE loss in 22800th epoch:  3.308024e+05. Last save epoch and best loss so far: 22122,  1.814923e+05. Current error  1.309164e-01
PDE loss in 22900th epoch:  4.953555e+05. Last save epoch and best loss so far: 22122,  1.814923e+05. Current error  1.205306e-01
PDE loss in 23000th epoch:  2.045738e+05. Last save epoch and best loss so far: 22122,  1.814923e+05. Current error  8.331187e-02
PDE loss in 23100th epoch:  5.666988e+05. Last save epoch and best loss so far: 23063,  1.777175e+05. Current error  1.868371e-01
PDE loss in 23200th epoch:  4.805475e+05. Last save epoch and best loss so far: 23158,  1.761471e+05. Current error  9.811536e-02
PDE loss in 23300th epoch:  1.070276e+06. Last save epoch and best loss so far: 23259,  1.747362e+05. Current error  1.396035e-01
PDE loss in 23400th epoch:  1.870151e+05. Last save epoch and best loss so far: 23259,  1.747362e+05. Current error  9.302602e-02
PDE loss in 23500th epoch:  1.773501e+05. Last save epoch and best loss so far: 23469,  1.734286e+05. Current error  9.820563e-02
PDE loss in 23600th epoch:  5.481583e+05. Last save epoch and best loss so far: 23469,  1.734286e+05. Current error  1.478793e-01
PDE loss in 23700th epoch:  1.976170e+05. Last save epoch and best loss so far: 23632,  1.723652e+05. Current error  7.945991e-02
PDE loss in 23800th epoch:  4.310593e+05. Last save epoch and best loss so far: 23632,  1.723652e+05. Current error  8.626493e-02
PDE loss in 23900th epoch:  2.555041e+05. Last save epoch and best loss so far: 23632,  1.723652e+05. Current error  9.944685e-02
PDE loss in 24000th epoch:  6.266377e+05. Last save epoch and best loss so far: 23632,  1.723652e+05. Current error  9.472797e-02
PDE loss in 24100th epoch:  5.344158e+05. Last save epoch and best loss so far: 23632,  1.723652e+05. Current error  7.247720e-02
PDE loss in 24200th epoch:  1.745420e+05. Last save epoch and best loss so far: 23632,  1.723652e+05. Current error  9.199527e-02
PDE loss in 24300th epoch:  7.532157e+05. Last save epoch and best loss so far: 23632,  1.723652e+05. Current error  7.869443e-02
PDE loss in 24400th epoch:  2.639359e+05. Last save epoch and best loss so far: 24353,  1.708111e+05. Current error  9.228308e-02
PDE loss in 24500th epoch:  1.728008e+05. Last save epoch and best loss so far: 24353,  1.708111e+05. Current error  8.366930e-02
PDE loss in 24600th epoch:  2.514887e+05. Last save epoch and best loss so far: 24585,  1.692447e+05. Current error  9.979372e-02
PDE loss in 24700th epoch:  1.964899e+05. Last save epoch and best loss so far: 24585,  1.692447e+05. Current error  8.251115e-02
PDE loss in 24800th epoch:  1.021958e+06. Last save epoch and best loss so far: 24711,  1.681921e+05. Current error  1.745245e-01
PDE loss in 24900th epoch:  4.267811e+05. Last save epoch and best loss so far: 24711,  1.681921e+05. Current error  7.774566e-02
PDE loss in 25000th epoch:  2.175438e+05. Last save epoch and best loss so far: 24711,  1.681921e+05. Current error  1.032759e-01
PDE loss in 25100th epoch:  2.212115e+05. Last save epoch and best loss so far: 24711,  1.681921e+05. Current error  9.121820e-02
PDE loss in 25200th epoch:  1.827344e+05. Last save epoch and best loss so far: 24711,  1.681921e+05. Current error  9.467950e-02
PDE loss in 25300th epoch:  2.160481e+05. Last save epoch and best loss so far: 24711,  1.681921e+05. Current error  7.904044e-02
PDE loss in 25400th epoch:  3.776141e+05. Last save epoch and best loss so far: 24711,  1.681921e+05. Current error  1.053107e-01
PDE loss in 25500th epoch:  5.410241e+05. Last save epoch and best loss so far: 24711,  1.681921e+05. Current error  1.297928e-01
PDE loss in 25600th epoch:  2.254934e+05. Last save epoch and best loss so far: 25543,  1.675881e+05. Current error  1.274668e-01
PDE loss in 25700th epoch:  2.933774e+05. Last save epoch and best loss so far: 25543,  1.675881e+05. Current error  1.063577e-01
PDE loss in 25800th epoch:  3.327890e+05. Last save epoch and best loss so far: 25543,  1.675881e+05. Current error  1.079965e-01
PDE loss in 25900th epoch:  1.982130e+05. Last save epoch and best loss so far: 25543,  1.675881e+05. Current error  1.232514e-01
PDE loss in 26000th epoch:  6.313189e+05. Last save epoch and best loss so far: 25543,  1.675881e+05. Current error  7.212271e-02
PDE loss in 26100th epoch:  2.502224e+05. Last save epoch and best loss so far: 25543,  1.675881e+05. Current error  8.243776e-02
PDE loss in 26200th epoch:  6.604189e+05. Last save epoch and best loss so far: 25543,  1.675881e+05. Current error  9.441377e-02
PDE loss in 26300th epoch:  1.760200e+05. Last save epoch and best loss so far: 25543,  1.675881e+05. Current error  8.935210e-02
PDE loss in 26400th epoch:  2.340744e+05. Last save epoch and best loss so far: 25543,  1.675881e+05. Current error  9.847884e-02
PDE loss in 26500th epoch:  2.232088e+05. Last save epoch and best loss so far: 26496,  1.641136e+05. Current error  8.512024e-02
PDE loss in 26600th epoch:  6.497728e+05. Last save epoch and best loss so far: 26496,  1.641136e+05. Current error  1.569444e-01
PDE loss in 26700th epoch:  1.794153e+05. Last save epoch and best loss so far: 26680,  1.601408e+05. Current error  8.861266e-02
PDE loss in 26800th epoch:  2.494954e+05. Last save epoch and best loss so far: 26680,  1.601408e+05. Current error  9.147389e-02
PDE loss in 26900th epoch:  1.669299e+05. Last save epoch and best loss so far: 26818,  1.598536e+05. Current error  1.044650e-01
PDE loss in 27000th epoch:  2.709794e+05. Last save epoch and best loss so far: 26958,  1.594560e+05. Current error  1.662600e-01
PDE loss in 27100th epoch:  2.044692e+05. Last save epoch and best loss so far: 26958,  1.594560e+05. Current error  9.948661e-02
PDE loss in 27200th epoch:  9.740774e+05. Last save epoch and best loss so far: 26958,  1.594560e+05. Current error  1.573526e-01
PDE loss in 27300th epoch:  2.014476e+05. Last save epoch and best loss so far: 26958,  1.594560e+05. Current error  9.187715e-02
PDE loss in 27400th epoch:  7.613762e+05. Last save epoch and best loss so far: 26958,  1.594560e+05. Current error  1.564081e-01
PDE loss in 27500th epoch:  4.616332e+05. Last save epoch and best loss so far: 26958,  1.594560e+05. Current error  1.758545e-01
PDE loss in 27600th epoch:  2.088445e+05. Last save epoch and best loss so far: 27526,  1.581534e+05. Current error  1.066373e-01
PDE loss in 27700th epoch:  2.705096e+05. Last save epoch and best loss so far: 27650,  1.577121e+05. Current error  1.182516e-01
PDE loss in 27800th epoch:  2.862615e+05. Last save epoch and best loss so far: 27650,  1.577121e+05. Current error  8.222642e-02
PDE loss in 27900th epoch:  5.131855e+05. Last save epoch and best loss so far: 27650,  1.577121e+05. Current error  1.903129e-01
PDE loss in 28000th epoch:  6.946924e+05. Last save epoch and best loss so far: 27650,  1.577121e+05. Current error  6.185460e-02
PDE loss in 28100th epoch:  2.080036e+05. Last save epoch and best loss so far: 28040,  1.557410e+05. Current error  9.159713e-02
PDE loss in 28200th epoch:  3.357312e+05. Last save epoch and best loss so far: 28040,  1.557410e+05. Current error  1.454174e-01
PDE loss in 28300th epoch:  2.167185e+05. Last save epoch and best loss so far: 28040,  1.557410e+05. Current error  9.569017e-02
PDE loss in 28400th epoch:  2.648073e+05. Last save epoch and best loss so far: 28350,  1.544990e+05. Current error  1.166559e-01
PDE loss in 28500th epoch:  2.908901e+05. Last save epoch and best loss so far: 28350,  1.544990e+05. Current error  6.237208e-02
PDE loss in 28600th epoch:  6.317596e+05. Last save epoch and best loss so far: 28350,  1.544990e+05. Current error  4.929518e-02
PDE loss in 28700th epoch:  3.145991e+05. Last save epoch and best loss so far: 28645,  1.531314e+05. Current error  7.701769e-02
PDE loss in 28800th epoch:  2.150398e+05. Last save epoch and best loss so far: 28645,  1.531314e+05. Current error  1.171022e-01
PDE loss in 28900th epoch:  5.839619e+05. Last save epoch and best loss so far: 28806,  1.526487e+05. Current error  2.034413e-01
PDE loss in 29000th epoch:  2.851430e+05. Last save epoch and best loss so far: 28806,  1.526487e+05. Current error  1.043522e-01
PDE loss in 29100th epoch:  6.775602e+05. Last save epoch and best loss so far: 28806,  1.526487e+05. Current error  6.165906e-02
PDE loss in 29200th epoch:  6.011763e+05. Last save epoch and best loss so far: 29164,  1.509882e+05. Current error  1.529668e-01
PDE loss in 29300th epoch:  9.372705e+05. Last save epoch and best loss so far: 29164,  1.509882e+05. Current error  2.022326e-01
PDE loss in 29400th epoch:  1.802445e+05. Last save epoch and best loss so far: 29164,  1.509882e+05. Current error  1.082710e-01
PDE loss in 29500th epoch:  1.488417e+05. Last save epoch and best loss so far: 29499,  1.497273e+05. Current error  9.565987e-02
PDE loss in 29600th epoch:  2.073537e+05. Last save epoch and best loss so far: 29503,  1.478228e+05. Current error  1.231930e-01
PDE loss in 29700th epoch:  1.939553e+05. Last save epoch and best loss so far: 29503,  1.478228e+05. Current error  9.470778e-02
PDE loss in 29800th epoch:  1.842600e+05. Last save epoch and best loss so far: 29503,  1.478228e+05. Current error  1.014891e-01
PDE loss in 29900th epoch:  2.168708e+05. Last save epoch and best loss so far: 29503,  1.478228e+05. Current error  9.629115e-02
Current loss  1.738658e+05, Best loss  1.478228e+05. Restoring best model weights.
