created virtual environment CPython3.10.2.final.0-64 in 641ms
  creator CPython3Posix(dest=/local/weiqiw.3448316.0/env, clear=False, no_vcs_ignore=False, global=False)
  seeder FromAppData(download=False, pip=bundle, setuptools=bundle, wheel=bundle, via=copy, app_data_dir=/home/weiqiw/.local/share/virtualenv)
    added seed packages: pip==22.3.1, setuptools==65.6.3, wheel==0.38.4
  activators BashActivator,CShellActivator,FishActivator,NushellActivator,PowerShellActivator,PythonActivator
Looking in links: /cvmfs/soft.computecanada.ca/custom/python/wheelhouse/gentoo/avx2, /cvmfs/soft.computecanada.ca/custom/python/wheelhouse/gentoo/generic, /cvmfs/soft.computecanada.ca/custom/python/wheelhouse/generic
Requirement already satisfied: pip in /local/weiqiw.3448316.0/env/lib/python3.10/site-packages (22.3.1)
Processing /cvmfs/soft.computecanada.ca/custom/python/wheelhouse/generic/pip-23.0+computecanada-py3-none-any.whl
Installing collected packages: pip
  Attempting uninstall: pip
    Found existing installation: pip 22.3.1
    Uninstalling pip-22.3.1:
      Successfully uninstalled pip-22.3.1
Successfully installed pip-23.0+computecanada
Looking in links: /cvmfs/soft.computecanada.ca/custom/python/wheelhouse/gentoo/avx2, /cvmfs/soft.computecanada.ca/custom/python/wheelhouse/gentoo/generic, /cvmfs/soft.computecanada.ca/custom/python/wheelhouse/generic
Processing /cvmfs/soft.computecanada.ca/custom/python/wheelhouse/gentoo/generic/numpy-1.23.0+computecanada-cp310-cp310-linux_x86_64.whl
Installing collected packages: numpy
Successfully installed numpy-1.23.0+computecanada
Looking in links: /cvmfs/soft.computecanada.ca/custom/python/wheelhouse/gentoo/avx2, /cvmfs/soft.computecanada.ca/custom/python/wheelhouse/gentoo/generic, /cvmfs/soft.computecanada.ca/custom/python/wheelhouse/generic
Processing /cvmfs/soft.computecanada.ca/custom/python/wheelhouse/gentoo/generic/tensorflow-2.8.0+computecanada-cp310-cp310-linux_x86_64.whl
Processing /cvmfs/soft.computecanada.ca/custom/python/wheelhouse/generic/absl_py-1.4.0+computecanada-py3-none-any.whl
Processing /cvmfs/soft.computecanada.ca/custom/python/wheelhouse/generic/Keras_Preprocessing-1.1.2+computecanada-py3-none-any.whl
Processing /cvmfs/soft.computecanada.ca/custom/python/wheelhouse/generic/tensorflow_io_gcs_filesystem-0.26.0+computecanada-cp310-cp310-linux_x86_64.whl
Processing /cvmfs/soft.computecanada.ca/custom/python/wheelhouse/generic/tensorboard-2.8.0+computecanada-py3-none-any.whl
Processing /cvmfs/soft.computecanada.ca/custom/python/wheelhouse/generic/grpcio-1.47.0+computecanada-cp310-cp310-linux_x86_64.whl
Processing /cvmfs/soft.computecanada.ca/custom/python/wheelhouse/generic/google_pasta-0.2.0+computecanada-py3-none-any.whl
Processing /cvmfs/soft.computecanada.ca/custom/python/wheelhouse/generic/keras-2.8.0+computecanada-py2.py3-none-any.whl
Processing /cvmfs/soft.computecanada.ca/custom/python/wheelhouse/generic/six-1.16.0+computecanada-py2.py3-none-any.whl
Processing /cvmfs/soft.computecanada.ca/custom/python/wheelhouse/gentoo/avx2/protobuf-4.21.5+computecanada-cp310-cp310-linux_x86_64.whl
Processing /cvmfs/soft.computecanada.ca/custom/python/wheelhouse/generic/gast-0.5.3+computecanada-py3-none-any.whl
Requirement already satisfied: numpy>=1.20 in /local/weiqiw.3448316.0/env/lib/python3.10/site-packages (from tensorflow==2.8) (1.23.0+computecanada)
Processing /cvmfs/soft.computecanada.ca/custom/python/wheelhouse/generic/tf_estimator_nightly-2.8.0.dev2021122109+computecanada-py2.py3-none-any.whl
Processing /cvmfs/soft.computecanada.ca/custom/python/wheelhouse/generic/typing_extensions-4.4.0+computecanada-py3-none-any.whl
Processing /cvmfs/soft.computecanada.ca/custom/python/wheelhouse/gentoo/avx2/h5py-3.7.0+computecanada-cp310-cp310-linux_x86_64.whl
Processing /cvmfs/soft.computecanada.ca/custom/python/wheelhouse/generic/termcolor-1.1.0+computecanada-py3-none-any.whl
Processing /cvmfs/soft.computecanada.ca/custom/python/wheelhouse/generic/wrapt-1.14.1+computecanada-cp310-cp310-linux_x86_64.whl
Processing /cvmfs/soft.computecanada.ca/custom/python/wheelhouse/generic/opt_einsum-3.3.0+computecanada-py3-none-any.whl
Processing /cvmfs/soft.computecanada.ca/custom/python/wheelhouse/generic/flatbuffers-20190709135844+computecanada-py2.py3-none-any.whl
Processing /cvmfs/soft.computecanada.ca/custom/python/wheelhouse/generic/astunparse-1.6.3+computecanada-py2.py3-none-any.whl
Requirement already satisfied: setuptools in /local/weiqiw.3448316.0/env/lib/python3.10/site-packages (from tensorflow==2.8) (65.6.3)
Processing /cvmfs/soft.computecanada.ca/custom/python/wheelhouse/generic/libclang-14.0.1+computecanada-py2.py3-none-linux_x86_64.whl
Requirement already satisfied: wheel<1.0,>=0.23.0 in /local/weiqiw.3448316.0/env/lib/python3.10/site-packages (from astunparse>=1.6.0->tensorflow==2.8) (0.38.4)
Processing /cvmfs/soft.computecanada.ca/custom/python/wheelhouse/generic/Markdown-3.4.1+computecanada-py3-none-any.whl
Processing /cvmfs/soft.computecanada.ca/custom/python/wheelhouse/generic/google_auth_oauthlib-0.4.6+computecanada-py2.py3-none-any.whl
Processing /cvmfs/soft.computecanada.ca/custom/python/wheelhouse/generic/google_auth-2.16.0+computecanada-py2.py3-none-any.whl
Processing /cvmfs/soft.computecanada.ca/custom/python/wheelhouse/generic/tensorboard_data_server-0.6.1+computecanada-py3-none-linux_x86_64.whl
Processing /cvmfs/soft.computecanada.ca/custom/python/wheelhouse/generic/tensorboard_plugin_wit-1.8.1+computecanada-py3-none-any.whl
Processing /cvmfs/soft.computecanada.ca/custom/python/wheelhouse/generic/Werkzeug-2.2.2+computecanada-py3-none-any.whl
Processing /cvmfs/soft.computecanada.ca/custom/python/wheelhouse/generic/requests-2.28.2+computecanada-py3-none-any.whl
Processing /cvmfs/soft.computecanada.ca/custom/python/wheelhouse/generic/cachetools-5.3.0+computecanada-py3-none-any.whl
Processing /cvmfs/soft.computecanada.ca/custom/python/wheelhouse/generic/pyasn1_modules-0.2.8+computecanada-py2.py3-none-any.whl
Processing /cvmfs/soft.computecanada.ca/custom/python/wheelhouse/generic/rsa-4.9+computecanada-py3-none-any.whl
Processing /cvmfs/soft.computecanada.ca/custom/python/wheelhouse/generic/requests_oauthlib-1.3.1+computecanada-py2.py3-none-any.whl
Processing /cvmfs/soft.computecanada.ca/custom/python/wheelhouse/generic/urllib3-1.26.14+computecanada-py2.py3-none-any.whl
Processing /cvmfs/soft.computecanada.ca/custom/python/wheelhouse/generic/idna-3.4+computecanada-py3-none-any.whl
Processing /cvmfs/soft.computecanada.ca/custom/python/wheelhouse/generic/charset_normalizer-3.0.1+computecanada-py3-none-any.whl
Processing /cvmfs/soft.computecanada.ca/custom/python/wheelhouse/generic/certifi-2022.12.7+computecanada-py3-none-any.whl
Processing /cvmfs/soft.computecanada.ca/custom/python/wheelhouse/generic/MarkupSafe-2.1.1+computecanada-cp310-cp310-linux_x86_64.whl
Processing /cvmfs/soft.computecanada.ca/custom/python/wheelhouse/generic/pyasn1-0.4.8+computecanada-py2.py3-none-any.whl
Processing /cvmfs/soft.computecanada.ca/custom/python/wheelhouse/generic/oauthlib-3.2.2+computecanada-py3-none-any.whl
Installing collected packages: tf-estimator-nightly, termcolor, tensorboard-plugin-wit, pyasn1, libclang, keras, flatbuffers, charset-normalizer, wrapt, urllib3, typing-extensions, tensorflow-io-gcs-filesystem, tensorboard-data-server, six, rsa, pyasn1-modules, protobuf, opt-einsum, oauthlib, MarkupSafe, markdown, idna, h5py, gast, certifi, cachetools, absl-py, werkzeug, requests, keras-preprocessing, grpcio, google-pasta, google-auth, astunparse, requests-oauthlib, google-auth-oauthlib, tensorboard, tensorflow
Successfully installed MarkupSafe-2.1.1+computecanada absl-py-1.4.0+computecanada astunparse-1.6.3+computecanada cachetools-5.3.0+computecanada certifi-2022.12.7+computecanada charset-normalizer-3.0.1+computecanada flatbuffers-20190709135844+computecanada gast-0.5.3+computecanada google-auth-2.16.0+computecanada google-auth-oauthlib-0.4.6+computecanada google-pasta-0.2.0+computecanada grpcio-1.47.0+computecanada h5py-3.7.0+computecanada idna-3.4+computecanada keras-2.8.0+computecanada keras-preprocessing-1.1.2+computecanada libclang-14.0.1+computecanada markdown-3.4.1+computecanada oauthlib-3.2.2+computecanada opt-einsum-3.3.0+computecanada protobuf-4.21.5+computecanada pyasn1-0.4.8+computecanada pyasn1-modules-0.2.8+computecanada requests-2.28.2+computecanada requests-oauthlib-1.3.1+computecanada rsa-4.9+computecanada six-1.16.0+computecanada tensorboard-2.8.0+computecanada tensorboard-data-server-0.6.1+computecanada tensorboard-plugin-wit-1.8.1+computecanada tensorflow-2.8.0+computecanada tensorflow-io-gcs-filesystem-0.26.0+computecanada termcolor-1.1.0+computecanada tf-estimator-nightly-2.8.0.dev2021122109+computecanada typing-extensions-4.4.0+computecanada urllib3-1.26.14+computecanada werkzeug-2.2.2+computecanada wrapt-1.14.1+computecanada
2023-02-08 17:19:58.942928: I tensorflow/core/platform/cpu_feature_guard.cc:151] This TensorFlow binary is optimized with oneAPI Deep Neural Network Library (oneDNN) to use the following CPU instructions in performance-critical operations:  AVX2 FMA
To enable them in other operations, rebuild TensorFlow with the appropriate compiler flags.
2023-02-08 17:19:59.610514: I tensorflow/core/common_runtime/gpu/gpu_device.cc:1525] Created device /job:localhost/replica:0/task:0/device:GPU:0 with 11319 MB memory:  -> device: 0, name: Tesla P100-PCIE-12GB, pci bus id: 0000:04:00.0, compute capability: 6.0
['high_dimensional_periodic_diffusion_example_3.py', '6', '16384', '0.5', '30000', '10000', 'example3_dim6_N16384', '3', '1']
Num GPUs: 1
Model: "sequential"
_________________________________________________________________
 Layer (type)                Output Shape              Param #   
=================================================================
 first_periodic_layer (Dense  (None, 66)               462       
 )                                                               
                                                                 
 second_periodic_layer (Dens  (None, 66)               4422      
 e)                                                              
                                                                 
 hidden_layer_0 (Dense)      (None, 30)                2010      
                                                                 
 hidden_layer_1 (Dense)      (None, 30)                930       
                                                                 
 first_to_last_hidden_layer   (None, 30)               930       
 (Dense)                                                         
                                                                 
 dense (Dense)               (None, 1)                 31        
                                                                 
=================================================================
Total params: 8,785
Trainable params: 8,785
Non-trainable params: 0
_________________________________________________________________
None
[0.91729186 0.18351223 0.95551835]
[2 1 2]
[3 1 4]
[2 4 1]
[5 2 0]
PDE loss in 0th epoch:  3.382197e+09. Last save epoch and best loss so far: -1,  1.000000e+12. Current error  1.089867e+00
PDE loss in 100th epoch:  3.316656e+09. Last save epoch and best loss so far: 99,  3.322123e+09. Current error  1.392917e+00
PDE loss in 200th epoch:  2.550664e+09. Last save epoch and best loss so far: 199,  2.555384e+09. Current error  2.088747e+00
PDE loss in 300th epoch:  1.365276e+09. Last save epoch and best loss so far: 299,  1.375615e+09. Current error  1.860603e+00
PDE loss in 400th epoch:  9.627306e+08. Last save epoch and best loss so far: 399,  9.635852e+08. Current error  1.333195e+00
PDE loss in 500th epoch:  9.205905e+08. Last save epoch and best loss so far: 499,  9.208034e+08. Current error  2.033367e+00
PDE loss in 600th epoch:  9.087714e+08. Last save epoch and best loss so far: 599,  9.088966e+08. Current error  2.271820e+00
PDE loss in 700th epoch:  9.013120e+08. Last save epoch and best loss so far: 699,  9.013679e+08. Current error  2.434998e+00
PDE loss in 800th epoch:  8.951352e+08. Last save epoch and best loss so far: 799,  8.951905e+08. Current error  2.596150e+00
PDE loss in 900th epoch:  8.903206e+08. Last save epoch and best loss so far: 899,  8.903657e+08. Current error  2.716115e+00
PDE loss in 1000th epoch:  8.858894e+08. Last save epoch and best loss so far: 999,  8.859405e+08. Current error  2.819007e+00
PDE loss in 1100th epoch:  8.811592e+08. Last save epoch and best loss so far: 1099,  8.812092e+08. Current error  2.913972e+00
PDE loss in 1200th epoch:  8.759039e+08. Last save epoch and best loss so far: 1199,  8.759491e+08. Current error  3.003447e+00
PDE loss in 1300th epoch:  8.725167e+08. Last save epoch and best loss so far: 1292,  8.708292e+08. Current error  3.085105e+00
PDE loss in 1400th epoch:  8.646829e+08. Last save epoch and best loss so far: 1399,  8.647200e+08. Current error  3.148912e+00
PDE loss in 1500th epoch:  8.599548e+08. Last save epoch and best loss so far: 1496,  8.593921e+08. Current error  3.222602e+00
PDE loss in 1600th epoch:  8.539682e+08. Last save epoch and best loss so far: 1599,  8.540219e+08. Current error  3.265543e+00
PDE loss in 1700th epoch:  8.485301e+08. Last save epoch and best loss so far: 1699,  8.485820e+08. Current error  3.312510e+00
PDE loss in 1800th epoch:  8.429183e+08. Last save epoch and best loss so far: 1799,  8.429761e+08. Current error  3.365780e+00
PDE loss in 1900th epoch:  8.371539e+08. Last save epoch and best loss so far: 1899,  8.372129e+08. Current error  3.422070e+00
PDE loss in 2000th epoch:  8.315291e+08. Last save epoch and best loss so far: 1999,  8.315850e+08. Current error  3.456923e+00
PDE loss in 2100th epoch:  8.260059e+08. Last save epoch and best loss so far: 2099,  8.260604e+08. Current error  3.467077e+00
PDE loss in 2200th epoch:  8.206031e+08. Last save epoch and best loss so far: 2199,  8.206577e+08. Current error  3.451242e+00
PDE loss in 2300th epoch:  8.154212e+08. Last save epoch and best loss so far: 2299,  8.154728e+08. Current error  3.415965e+00
PDE loss in 2400th epoch:  8.105298e+08. Last save epoch and best loss so far: 2399,  8.105571e+08. Current error  3.364453e+00
PDE loss in 2500th epoch:  8.058299e+08. Last save epoch and best loss so far: 2499,  8.058763e+08. Current error  3.304204e+00
PDE loss in 2600th epoch:  8.013699e+08. Last save epoch and best loss so far: 2599,  8.014030e+08. Current error  3.240975e+00
PDE loss in 2700th epoch:  7.969391e+08. Last save epoch and best loss so far: 2699,  7.969462e+08. Current error  3.168678e+00
PDE loss in 2800th epoch:  7.926900e+08. Last save epoch and best loss so far: 2799,  7.927329e+08. Current error  3.089521e+00
PDE loss in 2900th epoch:  7.886039e+08. Last save epoch and best loss so far: 2899,  7.886367e+08. Current error  3.014145e+00
PDE loss in 3000th epoch:  7.846212e+08. Last save epoch and best loss so far: 2999,  7.846597e+08. Current error  2.926374e+00
PDE loss in 3100th epoch:  7.806989e+08. Last save epoch and best loss so far: 3099,  7.807359e+08. Current error  2.833618e+00
PDE loss in 3200th epoch:  7.768381e+08. Last save epoch and best loss so far: 3199,  7.768750e+08. Current error  2.723398e+00
PDE loss in 3300th epoch:  7.730490e+08. Last save epoch and best loss so far: 3298,  7.730458e+08. Current error  2.599090e+00
PDE loss in 3400th epoch:  7.687588e+08. Last save epoch and best loss so far: 3399,  7.688184e+08. Current error  2.482399e+00
PDE loss in 3500th epoch:  7.641304e+08. Last save epoch and best loss so far: 3499,  7.641298e+08. Current error  2.363102e+00
PDE loss in 3600th epoch:  7.583460e+08. Last save epoch and best loss so far: 3599,  7.584206e+08. Current error  2.243928e+00
PDE loss in 3700th epoch:  7.485971e+08. Last save epoch and best loss so far: 3699,  7.487478e+08. Current error  2.132859e+00
PDE loss in 3800th epoch:  7.052545e+08. Last save epoch and best loss so far: 3799,  7.064245e+08. Current error  2.019116e+00
PDE loss in 3900th epoch:  1.207775e+08. Last save epoch and best loss so far: 3899,  1.237384e+08. Current error  1.596645e+00
PDE loss in 4000th epoch:  3.524274e+07. Last save epoch and best loss so far: 3996,  3.439930e+07. Current error  1.799079e+00
PDE loss in 4100th epoch:  1.825597e+07. Last save epoch and best loss so far: 4099,  1.833242e+07. Current error  1.668258e+00
PDE loss in 4200th epoch:  1.258900e+07. Last save epoch and best loss so far: 4199,  1.262883e+07. Current error  1.518340e+00
PDE loss in 4300th epoch:  9.538614e+06. Last save epoch and best loss so far: 4299,  9.626501e+06. Current error  1.366144e+00
PDE loss in 4400th epoch:  7.659996e+06. Last save epoch and best loss so far: 4399,  7.675376e+06. Current error  1.220873e+00
PDE loss in 4500th epoch:  6.532240e+06. Last save epoch and best loss so far: 4497,  6.425336e+06. Current error  1.080560e+00
PDE loss in 4600th epoch:  5.489181e+06. Last save epoch and best loss so far: 4599,  5.497018e+06. Current error  9.553438e-01
PDE loss in 4700th epoch:  4.827850e+06. Last save epoch and best loss so far: 4699,  4.828116e+06. Current error  8.437509e-01
PDE loss in 4800th epoch:  4.318186e+06. Last save epoch and best loss so far: 4799,  4.326488e+06. Current error  7.336277e-01
PDE loss in 4900th epoch:  3.932532e+06. Last save epoch and best loss so far: 4897,  3.914339e+06. Current error  6.359060e-01
PDE loss in 5000th epoch:  3.706625e+06. Last save epoch and best loss so far: 4966,  3.683018e+06. Current error  5.623003e-01
PDE loss in 5100th epoch:  3.297514e+06. Last save epoch and best loss so far: 5099,  3.299511e+06. Current error  4.745780e-01
PDE loss in 5200th epoch:  3.075226e+06. Last save epoch and best loss so far: 5199,  3.075098e+06. Current error  4.031596e-01
PDE loss in 5300th epoch:  4.763709e+06. Last save epoch and best loss so far: 5279,  2.917662e+06. Current error  3.645703e-01
PDE loss in 5400th epoch:  2.704130e+06. Last save epoch and best loss so far: 5399,  2.705598e+06. Current error  2.981634e-01
PDE loss in 5500th epoch:  2.558957e+06. Last save epoch and best loss so far: 5499,  2.560712e+06. Current error  2.562589e-01
PDE loss in 5600th epoch:  2.433241e+06. Last save epoch and best loss so far: 5599,  2.436102e+06. Current error  2.195802e-01
PDE loss in 5700th epoch:  2.316822e+06. Last save epoch and best loss so far: 5699,  2.317870e+06. Current error  1.888824e-01
PDE loss in 5800th epoch:  2.216965e+06. Last save epoch and best loss so far: 5799,  2.217292e+06. Current error  1.651593e-01
PDE loss in 5900th epoch:  2.122472e+06. Last save epoch and best loss so far: 5899,  2.123632e+06. Current error  1.480558e-01
PDE loss in 6000th epoch:  2.039772e+06. Last save epoch and best loss so far: 5999,  2.040482e+06. Current error  1.355570e-01
PDE loss in 6100th epoch:  1.966809e+06. Last save epoch and best loss so far: 6093,  1.972461e+06. Current error  1.275471e-01
PDE loss in 6200th epoch:  2.353898e+06. Last save epoch and best loss so far: 6176,  1.910999e+06. Current error  1.260754e-01
PDE loss in 6300th epoch:  1.829459e+06. Last save epoch and best loss so far: 6299,  1.829914e+06. Current error  1.224154e-01
PDE loss in 6400th epoch:  2.210304e+06. Last save epoch and best loss so far: 6395,  1.792374e+06. Current error  1.224539e-01
PDE loss in 6500th epoch:  1.823543e+06. Last save epoch and best loss so far: 6469,  1.734470e+06. Current error  1.220929e-01
PDE loss in 6600th epoch:  1.699940e+06. Last save epoch and best loss so far: 6592,  1.669956e+06. Current error  1.234685e-01
PDE loss in 6700th epoch:  2.910008e+06. Last save epoch and best loss so far: 6679,  1.629603e+06. Current error  1.276282e-01
PDE loss in 6800th epoch:  1.573770e+06. Last save epoch and best loss so far: 6799,  1.574104e+06. Current error  1.284801e-01
PDE loss in 6900th epoch:  1.839393e+06. Last save epoch and best loss so far: 6866,  1.555123e+06. Current error  1.299669e-01
PDE loss in 7000th epoch:  1.833219e+06. Last save epoch and best loss so far: 6955,  1.509675e+06. Current error  1.261321e-01
PDE loss in 7100th epoch:  1.717920e+06. Last save epoch and best loss so far: 7034,  1.480369e+06. Current error  1.296265e-01
PDE loss in 7200th epoch:  1.710184e+06. Last save epoch and best loss so far: 7155,  1.436077e+06. Current error  1.281997e-01
PDE loss in 7300th epoch:  1.711257e+06. Last save epoch and best loss so far: 7296,  1.394422e+06. Current error  1.308470e-01
PDE loss in 7400th epoch:  1.389459e+06. Last save epoch and best loss so far: 7353,  1.375540e+06. Current error  1.333695e-01
PDE loss in 7500th epoch:  1.327634e+06. Last save epoch and best loss so far: 7492,  1.335877e+06. Current error  1.336473e-01
PDE loss in 7600th epoch:  1.348155e+06. Last save epoch and best loss so far: 7596,  1.304172e+06. Current error  1.370253e-01
PDE loss in 7700th epoch:  1.272957e+06. Last save epoch and best loss so far: 7699,  1.274451e+06. Current error  1.335198e-01
PDE loss in 7800th epoch:  1.308295e+06. Last save epoch and best loss so far: 7753,  1.258700e+06. Current error  1.308398e-01
PDE loss in 7900th epoch:  1.223872e+06. Last save epoch and best loss so far: 7888,  1.225708e+06. Current error  1.323665e-01
PDE loss in 8000th epoch:  1.205280e+06. Last save epoch and best loss so far: 7999,  1.201838e+06. Current error  1.337799e-01
PDE loss in 8100th epoch:  1.177340e+06. Last save epoch and best loss so far: 8099,  1.179788e+06. Current error  1.316836e-01
PDE loss in 8200th epoch:  1.163013e+06. Last save epoch and best loss so far: 8198,  1.157233e+06. Current error  1.316598e-01
PDE loss in 8300th epoch:  1.136730e+06. Last save epoch and best loss so far: 8293,  1.137525e+06. Current error  1.296656e-01
PDE loss in 8400th epoch:  1.117258e+06. Last save epoch and best loss so far: 8399,  1.116816e+06. Current error  1.299798e-01
PDE loss in 8500th epoch:  1.142603e+06. Last save epoch and best loss so far: 8491,  1.108843e+06. Current error  1.289200e-01
PDE loss in 8600th epoch:  1.079759e+06. Last save epoch and best loss so far: 8599,  1.079887e+06. Current error  1.286773e-01
PDE loss in 8700th epoch:  1.062636e+06. Last save epoch and best loss so far: 8692,  1.064191e+06. Current error  1.286373e-01
PDE loss in 8800th epoch:  1.051097e+06. Last save epoch and best loss so far: 8790,  1.048218e+06. Current error  1.266097e-01
PDE loss in 8900th epoch:  1.029856e+06. Last save epoch and best loss so far: 8899,  1.030202e+06. Current error  1.265873e-01
PDE loss in 9000th epoch:  1.041289e+06. Last save epoch and best loss so far: 8976,  1.022189e+06. Current error  1.264987e-01
PDE loss in 9100th epoch:  1.003748e+06. Last save epoch and best loss so far: 9095,  1.002030e+06. Current error  1.284200e-01
PDE loss in 9200th epoch:  1.007838e+06. Last save epoch and best loss so far: 9172,  9.884890e+05. Current error  1.249269e-01
PDE loss in 9300th epoch:  9.710244e+05. Last save epoch and best loss so far: 9290,  9.710256e+05. Current error  1.249270e-01
PDE loss in 9400th epoch:  9.912484e+05. Last save epoch and best loss so far: 9372,  9.617568e+05. Current error  1.246734e-01
PDE loss in 9500th epoch:  2.126859e+06. Last save epoch and best loss so far: 9483,  9.461035e+05. Current error  1.189070e-01
PDE loss in 9600th epoch:  1.014231e+06. Last save epoch and best loss so far: 9547,  9.392016e+05. Current error  1.199139e-01
PDE loss in 9700th epoch:  9.381625e+05. Last save epoch and best loss so far: 9694,  9.189362e+05. Current error  1.248043e-01
PDE loss in 9800th epoch:  9.236782e+05. Last save epoch and best loss so far: 9794,  9.071838e+05. Current error  1.262994e-01
PDE loss in 9900th epoch:  9.057511e+05. Last save epoch and best loss so far: 9893,  9.022724e+05. Current error  1.244754e-01
PDE loss in 10000th epoch:  9.129048e+05. Last save epoch and best loss so far: 9935,  8.898229e+05. Current error  1.252853e-01
PDE loss in 10100th epoch:  8.819668e+05. Last save epoch and best loss so far: 10097,  8.724368e+05. Current error  1.244037e-01
PDE loss in 10200th epoch:  9.021149e+05. Last save epoch and best loss so far: 10146,  8.662691e+05. Current error  1.155473e-01
PDE loss in 10300th epoch:  8.494551e+05. Last save epoch and best loss so far: 10299,  8.495452e+05. Current error  1.214604e-01
PDE loss in 10400th epoch:  8.422911e+05. Last save epoch and best loss so far: 10396,  8.401495e+05. Current error  1.218522e-01
PDE loss in 10500th epoch:  8.287548e+05. Last save epoch and best loss so far: 10499,  8.289542e+05. Current error  1.206662e-01
PDE loss in 10600th epoch:  8.206715e+05. Last save epoch and best loss so far: 10597,  8.201179e+05. Current error  1.223426e-01
PDE loss in 10700th epoch:  8.345010e+05. Last save epoch and best loss so far: 10638,  8.154124e+05. Current error  1.217440e-01
PDE loss in 10800th epoch:  7.995168e+05. Last save epoch and best loss so far: 10799,  7.996239e+05. Current error  1.196191e-01
PDE loss in 10900th epoch:  7.924116e+05. Last save epoch and best loss so far: 10898,  7.911758e+05. Current error  1.211860e-01
PDE loss in 11000th epoch:  1.060145e+06. Last save epoch and best loss so far: 10955,  7.848582e+05. Current error  1.143224e-01
PDE loss in 11100th epoch:  9.251042e+05. Last save epoch and best loss so far: 11072,  7.751308e+05. Current error  1.211369e-01
PDE loss in 11200th epoch:  7.656866e+05. Last save epoch and best loss so far: 11193,  7.630817e+05. Current error  1.182807e-01
PDE loss in 11300th epoch:  7.539781e+05. Last save epoch and best loss so far: 11294,  7.544666e+05. Current error  1.210308e-01
PDE loss in 11400th epoch:  7.485894e+05. Last save epoch and best loss so far: 11395,  7.466958e+05. Current error  1.181387e-01
PDE loss in 11500th epoch:  7.354089e+05. Last save epoch and best loss so far: 11499,  7.355859e+05. Current error  1.177471e-01
PDE loss in 11600th epoch:  7.267719e+05. Last save epoch and best loss so far: 11599,  7.277615e+05. Current error  1.182266e-01
PDE loss in 11700th epoch:  1.494075e+06. Last save epoch and best loss so far: 11624,  7.243196e+05. Current error  1.121014e-01
PDE loss in 11800th epoch:  7.078365e+05. Last save epoch and best loss so far: 11799,  7.079248e+05. Current error  1.171755e-01
PDE loss in 11900th epoch:  7.003505e+05. Last save epoch and best loss so far: 11898,  6.996548e+05. Current error  1.171513e-01
PDE loss in 12000th epoch:  6.919692e+05. Last save epoch and best loss so far: 11998,  6.909586e+05. Current error  1.176052e-01
PDE loss in 12100th epoch:  7.953764e+05. Last save epoch and best loss so far: 12033,  6.876076e+05. Current error  1.155268e-01
PDE loss in 12200th epoch:  6.809204e+05. Last save epoch and best loss so far: 12183,  6.732580e+05. Current error  1.150703e-01
PDE loss in 12300th epoch:  6.680838e+05. Last save epoch and best loss so far: 12290,  6.635175e+05. Current error  1.185941e-01
PDE loss in 12400th epoch:  6.789756e+05. Last save epoch and best loss so far: 12364,  6.580702e+05. Current error  1.070537e-01
PDE loss in 12500th epoch:  6.435348e+05. Last save epoch and best loss so far: 12498,  6.434300e+05. Current error  1.135128e-01
PDE loss in 12600th epoch:  6.741839e+05. Last save epoch and best loss so far: 12599,  6.354645e+05. Current error  1.160864e-01
PDE loss in 12700th epoch:  6.229774e+05. Last save epoch and best loss so far: 12699,  6.230888e+05. Current error  1.117288e-01
PDE loss in 12800th epoch:  6.146889e+05. Last save epoch and best loss so far: 12799,  6.160632e+05. Current error  1.129013e-01
PDE loss in 12900th epoch:  6.255189e+05. Last save epoch and best loss so far: 12898,  6.062672e+05. Current error  1.140246e-01
PDE loss in 13000th epoch:  5.991232e+05. Last save epoch and best loss so far: 12985,  5.950150e+05. Current error  1.066754e-01
PDE loss in 13100th epoch:  5.978521e+05. Last save epoch and best loss so far: 13065,  5.863045e+05. Current error  1.072736e-01
PDE loss in 13200th epoch:  5.939496e+05. Last save epoch and best loss so far: 13178,  5.730483e+05. Current error  1.036838e-01
PDE loss in 13300th epoch:  6.147970e+05. Last save epoch and best loss so far: 13297,  5.632982e+05. Current error  1.037370e-01
PDE loss in 13400th epoch:  5.534568e+05. Last save epoch and best loss so far: 13311,  5.573794e+05. Current error  1.039655e-01
PDE loss in 13500th epoch:  5.353355e+05. Last save epoch and best loss so far: 13499,  5.357755e+05. Current error  1.043080e-01
PDE loss in 13600th epoch:  5.369626e+05. Last save epoch and best loss so far: 13596,  5.235555e+05. Current error  1.005132e-01
PDE loss in 13700th epoch:  5.676191e+05. Last save epoch and best loss so far: 13674,  5.135649e+05. Current error  9.872029e-02
PDE loss in 13800th epoch:  1.325715e+06. Last save epoch and best loss so far: 13773,  5.006831e+05. Current error  9.551446e-02
PDE loss in 13900th epoch:  4.990166e+05. Last save epoch and best loss so far: 13892,  4.861554e+05. Current error  9.208237e-02
PDE loss in 14000th epoch:  5.247592e+05. Last save epoch and best loss so far: 13967,  4.801618e+05. Current error  6.871799e-02
PDE loss in 14100th epoch:  4.607430e+05. Last save epoch and best loss so far: 14098,  4.606818e+05. Current error  8.374183e-02
PDE loss in 14200th epoch:  4.492298e+05. Last save epoch and best loss so far: 14198,  4.487611e+05. Current error  8.121016e-02
PDE loss in 14300th epoch:  4.557964e+05. Last save epoch and best loss so far: 14296,  4.397699e+05. Current error  8.013724e-02
PDE loss in 14400th epoch:  1.660593e+06. Last save epoch and best loss so far: 14379,  4.280617e+05. Current error  8.089640e-02
PDE loss in 14500th epoch:  4.151701e+05. Last save epoch and best loss so far: 14499,  4.153476e+05. Current error  7.015169e-02
PDE loss in 14600th epoch:  4.059781e+05. Last save epoch and best loss so far: 14595,  4.057429e+05. Current error  6.720307e-02
PDE loss in 14700th epoch:  3.955649e+05. Last save epoch and best loss so far: 14698,  3.949575e+05. Current error  6.184063e-02
PDE loss in 14800th epoch:  4.120683e+05. Last save epoch and best loss so far: 14783,  3.904237e+05. Current error  5.843903e-02
PDE loss in 14900th epoch:  1.170357e+06. Last save epoch and best loss so far: 14868,  3.795658e+05. Current error  6.817728e-02
PDE loss in 15000th epoch:  4.119483e+05. Last save epoch and best loss so far: 14990,  3.691998e+05. Current error  5.088860e-02
PDE loss in 15100th epoch:  5.288233e+05. Last save epoch and best loss so far: 15087,  3.658610e+05. Current error  6.487436e-02
PDE loss in 15200th epoch:  7.512991e+05. Last save epoch and best loss so far: 15151,  3.595516e+05. Current error  4.447522e-02
PDE loss in 15300th epoch:  4.311828e+05. Last save epoch and best loss so far: 15239,  3.514828e+05. Current error  4.795594e-02
PDE loss in 15400th epoch:  1.391921e+06. Last save epoch and best loss so far: 15364,  3.410885e+05. Current error  7.532208e-02
PDE loss in 15500th epoch:  3.325342e+05. Last save epoch and best loss so far: 15499,  3.325032e+05. Current error  3.954047e-02
PDE loss in 15600th epoch:  3.323348e+05. Last save epoch and best loss so far: 15519,  3.314922e+05. Current error  3.674598e-02
PDE loss in 15700th epoch:  3.659494e+05. Last save epoch and best loss so far: 15687,  3.211918e+05. Current error  4.186694e-02
PDE loss in 15800th epoch:  3.244047e+05. Last save epoch and best loss so far: 15687,  3.211918e+05. Current error  3.369104e-02
PDE loss in 15900th epoch:  4.242892e+05. Last save epoch and best loss so far: 15828,  3.137286e+05. Current error  3.060070e-02
PDE loss in 16000th epoch:  6.968921e+05. Last save epoch and best loss so far: 15976,  3.062208e+05. Current error  4.894765e-02
PDE loss in 16100th epoch:  3.004876e+05. Last save epoch and best loss so far: 16098,  3.003629e+05. Current error  2.761553e-02
PDE loss in 16200th epoch:  2.963974e+05. Last save epoch and best loss so far: 16199,  2.966230e+05. Current error  2.748627e-02
PDE loss in 16300th epoch:  3.205836e+05. Last save epoch and best loss so far: 16217,  2.952510e+05. Current error  2.598756e-02
PDE loss in 16400th epoch:  3.085184e+05. Last save epoch and best loss so far: 16387,  2.883450e+05. Current error  2.936290e-02
PDE loss in 16500th epoch:  2.357942e+06. Last save epoch and best loss so far: 16464,  2.849148e+05. Current error  4.256821e-02
PDE loss in 16600th epoch:  5.519597e+05. Last save epoch and best loss so far: 16580,  2.803129e+05. Current error  4.710772e-02
PDE loss in 16700th epoch:  3.330289e+05. Last save epoch and best loss so far: 16633,  2.789128e+05. Current error  3.493877e-02
PDE loss in 16800th epoch:  3.093038e+05. Last save epoch and best loss so far: 16793,  2.756836e+05. Current error  2.294475e-02
PDE loss in 16900th epoch:  4.278897e+05. Last save epoch and best loss so far: 16839,  2.709162e+05. Current error  3.094147e-02
PDE loss in 17000th epoch:  9.291684e+05. Last save epoch and best loss so far: 16964,  2.672504e+05. Current error  1.114982e-01
PDE loss in 17100th epoch:  8.969345e+05. Last save epoch and best loss so far: 17064,  2.636618e+05. Current error  4.307059e-02
PDE loss in 17200th epoch:  1.467833e+06. Last save epoch and best loss so far: 17171,  2.599965e+05. Current error  3.448755e-02
PDE loss in 17300th epoch:  2.558196e+05. Last save epoch and best loss so far: 17299,  2.558627e+05. Current error  2.149543e-02
PDE loss in 17400th epoch:  2.722302e+05. Last save epoch and best loss so far: 17311,  2.555720e+05. Current error  2.183082e-02
PDE loss in 17500th epoch:  4.644374e+05. Last save epoch and best loss so far: 17458,  2.523609e+05. Current error  2.766657e-02
PDE loss in 17600th epoch:  2.487305e+05. Last save epoch and best loss so far: 17593,  2.486727e+05. Current error  2.074439e-02
PDE loss in 17700th epoch:  1.386192e+06. Last save epoch and best loss so far: 17638,  2.463967e+05. Current error  3.273052e-02
PDE loss in 17800th epoch:  2.772478e+05. Last save epoch and best loss so far: 17771,  2.428331e+05. Current error  2.234456e-02
PDE loss in 17900th epoch:  2.399481e+05. Last save epoch and best loss so far: 17895,  2.395614e+05. Current error  2.126436e-02
PDE loss in 18000th epoch:  2.384482e+05. Last save epoch and best loss so far: 17998,  2.377141e+05. Current error  1.998909e-02
PDE loss in 18100th epoch:  4.367068e+06. Last save epoch and best loss so far: 18075,  2.351286e+05. Current error  7.780658e-02
PDE loss in 18200th epoch:  2.327381e+05. Last save epoch and best loss so far: 18199,  2.327524e+05. Current error  2.025351e-02
PDE loss in 18300th epoch:  6.050939e+05. Last save epoch and best loss so far: 18267,  2.307371e+05. Current error  9.026359e-02
PDE loss in 18400th epoch:  2.286648e+05. Last save epoch and best loss so far: 18399,  2.287223e+05. Current error  2.140193e-02
PDE loss in 18500th epoch:  3.723266e+05. Last save epoch and best loss so far: 18460,  2.269427e+05. Current error  2.276129e-02
PDE loss in 18600th epoch:  7.857974e+05. Last save epoch and best loss so far: 18569,  2.247120e+05. Current error  3.469848e-02
PDE loss in 18700th epoch:  2.719387e+05. Last save epoch and best loss so far: 18655,  2.228503e+05. Current error  2.833808e-02
PDE loss in 18800th epoch:  2.409350e+05. Last save epoch and best loss so far: 18791,  2.207524e+05. Current error  2.084320e-02
PDE loss in 18900th epoch:  2.280500e+05. Last save epoch and best loss so far: 18891,  2.203409e+05. Current error  1.963511e-02
PDE loss in 19000th epoch:  2.206443e+05. Last save epoch and best loss so far: 18909,  2.177286e+05. Current error  2.061799e-02
PDE loss in 19100th epoch:  1.150958e+06. Last save epoch and best loss so far: 19015,  2.168423e+05. Current error  4.412446e-02
PDE loss in 19200th epoch:  7.632642e+05. Last save epoch and best loss so far: 19151,  2.129523e+05. Current error  8.157720e-02
PDE loss in 19300th epoch:  3.892121e+05. Last save epoch and best loss so far: 19151,  2.129523e+05. Current error  2.198570e-02
PDE loss in 19400th epoch:  7.760160e+05. Last save epoch and best loss so far: 19360,  2.102006e+05. Current error  5.062067e-02
PDE loss in 19500th epoch:  2.817100e+06. Last save epoch and best loss so far: 19470,  2.073853e+05. Current error  7.120158e-02
PDE loss in 19600th epoch:  2.055401e+05. Last save epoch and best loss so far: 19592,  2.052291e+05. Current error  2.179880e-02
PDE loss in 19700th epoch:  2.046825e+05. Last save epoch and best loss so far: 19697,  2.038118e+05. Current error  2.064085e-02
PDE loss in 19800th epoch:  2.126332e+05. Last save epoch and best loss so far: 19725,  2.031569e+05. Current error  2.127829e-02
PDE loss in 19900th epoch:  7.514901e+05. Last save epoch and best loss so far: 19873,  2.011079e+05. Current error  3.007730e-02
PDE loss in 20000th epoch:  2.303835e+05. Last save epoch and best loss so far: 19873,  2.011079e+05. Current error  2.816377e-02
PDE loss in 20100th epoch:  2.285097e+05. Last save epoch and best loss so far: 20056,  1.989430e+05. Current error  2.443171e-02
PDE loss in 20200th epoch:  1.994801e+05. Last save epoch and best loss so far: 20197,  1.965943e+05. Current error  2.311029e-02
PDE loss in 20300th epoch:  4.022512e+05. Last save epoch and best loss so far: 20197,  1.965943e+05. Current error  2.453157e-02
PDE loss in 20400th epoch:  4.032986e+05. Last save epoch and best loss so far: 20337,  1.943405e+05. Current error  3.095587e-02
PDE loss in 20500th epoch:  2.029103e+05. Last save epoch and best loss so far: 20337,  1.943405e+05. Current error  3.518928e-02
PDE loss in 20600th epoch:  2.180936e+05. Last save epoch and best loss so far: 20337,  1.943405e+05. Current error  2.147076e-02
PDE loss in 20700th epoch:  2.407218e+05. Last save epoch and best loss so far: 20676,  1.895931e+05. Current error  2.530603e-02
PDE loss in 20800th epoch:  2.085561e+05. Last save epoch and best loss so far: 20676,  1.895931e+05. Current error  2.088869e-02
PDE loss in 20900th epoch:  1.924137e+05. Last save epoch and best loss so far: 20894,  1.864016e+05. Current error  2.076778e-02
PDE loss in 21000th epoch:  1.861588e+05. Last save epoch and best loss so far: 20994,  1.849293e+05. Current error  2.089250e-02
PDE loss in 21100th epoch:  5.917068e+05. Last save epoch and best loss so far: 20994,  1.849293e+05. Current error  7.271726e-02
PDE loss in 21200th epoch:  2.043667e+05. Last save epoch and best loss so far: 20994,  1.849293e+05. Current error  2.081859e-02
PDE loss in 21300th epoch:  1.838585e+05. Last save epoch and best loss so far: 21292,  1.820850e+05. Current error  2.130055e-02
PDE loss in 21400th epoch:  1.810950e+05. Last save epoch and best loss so far: 21377,  1.807378e+05. Current error  2.022931e-02
PDE loss in 21500th epoch:  3.043684e+05. Last save epoch and best loss so far: 21419,  1.790007e+05. Current error  2.372683e-02
PDE loss in 21600th epoch:  4.764563e+05. Last save epoch and best loss so far: 21552,  1.775656e+05. Current error  3.155854e-02
PDE loss in 21700th epoch:  4.057355e+05. Last save epoch and best loss so far: 21670,  1.762799e+05. Current error  5.841023e-02
PDE loss in 21800th epoch:  6.684658e+05. Last save epoch and best loss so far: 21764,  1.758720e+05. Current error  4.887113e-02
PDE loss in 21900th epoch:  6.422075e+05. Last save epoch and best loss so far: 21865,  1.742149e+05. Current error  8.334819e-02
PDE loss in 22000th epoch:  4.768681e+05. Last save epoch and best loss so far: 21865,  1.742149e+05. Current error  2.614564e-02
PDE loss in 22100th epoch:  4.156220e+05. Last save epoch and best loss so far: 22050,  1.720785e+05. Current error  5.267188e-02
PDE loss in 22200th epoch:  1.731964e+05. Last save epoch and best loss so far: 22199,  1.707172e+05. Current error  1.927095e-02
PDE loss in 22300th epoch:  1.974147e+05. Last save epoch and best loss so far: 22227,  1.701505e+05. Current error  2.093303e-02
PDE loss in 22400th epoch:  1.719134e+05. Last save epoch and best loss so far: 22391,  1.686850e+05. Current error  2.110768e-02
PDE loss in 22500th epoch:  3.974768e+05. Last save epoch and best loss so far: 22391,  1.686850e+05. Current error  3.169850e-02
PDE loss in 22600th epoch:  1.426661e+06. Last save epoch and best loss so far: 22391,  1.686850e+05. Current error  4.103150e-02
PDE loss in 22700th epoch:  2.753990e+05. Last save epoch and best loss so far: 22651,  1.657608e+05. Current error  3.652609e-02
PDE loss in 22800th epoch:  1.676127e+05. Last save epoch and best loss so far: 22789,  1.642339e+05. Current error  2.067621e-02
PDE loss in 22900th epoch:  6.736230e+05. Last save epoch and best loss so far: 22789,  1.642339e+05. Current error  3.517541e-02
PDE loss in 23000th epoch:  1.752574e+05. Last save epoch and best loss so far: 22789,  1.642339e+05. Current error  2.043166e-02
PDE loss in 23100th epoch:  7.587868e+05. Last save epoch and best loss so far: 23069,  1.617651e+05. Current error  8.081570e-02
PDE loss in 23200th epoch:  3.248254e+05. Last save epoch and best loss so far: 23069,  1.617651e+05. Current error  2.771780e-02
PDE loss in 23300th epoch:  2.570318e+05. Last save epoch and best loss so far: 23245,  1.611722e+05. Current error  3.791646e-02
PDE loss in 23400th epoch:  1.890661e+05. Last save epoch and best loss so far: 23319,  1.611597e+05. Current error  2.474744e-02
PDE loss in 23500th epoch:  1.586063e+05. Last save epoch and best loss so far: 23497,  1.575048e+05. Current error  1.934103e-02
PDE loss in 23600th epoch:  1.689269e+05. Last save epoch and best loss so far: 23509,  1.572959e+05. Current error  1.748419e-02
PDE loss in 23700th epoch:  1.586408e+05. Last save epoch and best loss so far: 23679,  1.569839e+05. Current error  2.091932e-02
PDE loss in 23800th epoch:  1.555632e+05. Last save epoch and best loss so far: 23798,  1.552155e+05. Current error  2.075957e-02
PDE loss in 23900th epoch:  1.546827e+05. Last save epoch and best loss so far: 23898,  1.541418e+05. Current error  2.191842e-02
PDE loss in 24000th epoch:  1.877457e+05. Last save epoch and best loss so far: 23931,  1.533911e+05. Current error  1.944053e-02
PDE loss in 24100th epoch:  7.263369e+05. Last save epoch and best loss so far: 24078,  1.524987e+05. Current error  5.640158e-02
PDE loss in 24200th epoch:  2.564937e+05. Last save epoch and best loss so far: 24078,  1.524987e+05. Current error  2.310600e-02
PDE loss in 24300th epoch:  1.503530e+05. Last save epoch and best loss so far: 24299,  1.503688e+05. Current error  2.155750e-02
PDE loss in 24400th epoch:  1.696044e+05. Last save epoch and best loss so far: 24319,  1.501264e+05. Current error  1.701395e-02
PDE loss in 24500th epoch:  1.534324e+05. Last save epoch and best loss so far: 24495,  1.497077e+05. Current error  1.700286e-02
PDE loss in 24600th epoch:  9.801576e+05. Last save epoch and best loss so far: 24509,  1.489624e+05. Current error  3.284042e-02
PDE loss in 24700th epoch:  2.034091e+06. Last save epoch and best loss so far: 24664,  1.474322e+05. Current error  5.322883e-02
PDE loss in 24800th epoch:  1.514141e+05. Last save epoch and best loss so far: 24788,  1.467680e+05. Current error  1.775140e-02
PDE loss in 24900th epoch:  8.774831e+05. Last save epoch and best loss so far: 24788,  1.467680e+05. Current error  4.959947e-02
PDE loss in 25000th epoch:  1.651965e+05. Last save epoch and best loss so far: 24947,  1.467346e+05. Current error  2.092891e-02
PDE loss in 25100th epoch:  1.478939e+05. Last save epoch and best loss so far: 25098,  1.466904e+05. Current error  2.002629e-02
PDE loss in 25200th epoch:  1.411464e+06. Last save epoch and best loss so far: 25111,  1.451548e+05. Current error  3.187157e-02
PDE loss in 25300th epoch:  5.798972e+05. Last save epoch and best loss so far: 25265,  1.433663e+05. Current error  3.973248e-02
PDE loss in 25400th epoch:  1.586348e+05. Last save epoch and best loss so far: 25265,  1.433663e+05. Current error  2.177955e-02
PDE loss in 25500th epoch:  1.855108e+05. Last save epoch and best loss so far: 25442,  1.421938e+05. Current error  1.818829e-02
PDE loss in 25600th epoch:  1.410546e+05. Last save epoch and best loss so far: 25599,  1.415667e+05. Current error  1.687436e-02
PDE loss in 25700th epoch:  1.811971e+05. Last save epoch and best loss so far: 25634,  1.403011e+05. Current error  2.510897e-02
PDE loss in 25800th epoch:  1.388265e+05. Last save epoch and best loss so far: 25799,  1.388522e+05. Current error  1.901270e-02
PDE loss in 25900th epoch:  1.408595e+05. Last save epoch and best loss so far: 25801,  1.388210e+05. Current error  2.033508e-02
PDE loss in 26000th epoch:  1.837624e+05. Last save epoch and best loss so far: 25957,  1.384310e+05. Current error  2.151313e-02
PDE loss in 26100th epoch:  1.817490e+06. Last save epoch and best loss so far: 25957,  1.384310e+05. Current error  4.694811e-02
PDE loss in 26200th epoch:  1.444652e+05. Last save epoch and best loss so far: 26155,  1.380554e+05. Current error  3.225513e-02
PDE loss in 26300th epoch:  1.739738e+05. Last save epoch and best loss so far: 26229,  1.362233e+05. Current error  2.257568e-02
PDE loss in 26400th epoch:  5.386848e+05. Last save epoch and best loss so far: 26368,  1.351361e+05. Current error  4.902243e-02
PDE loss in 26500th epoch:  6.225376e+05. Last save epoch and best loss so far: 26449,  1.344384e+05. Current error  4.033266e-02
PDE loss in 26600th epoch:  1.640874e+05. Last save epoch and best loss so far: 26594,  1.336729e+05. Current error  1.696402e-02
PDE loss in 26700th epoch:  1.465589e+05. Last save epoch and best loss so far: 26609,  1.330966e+05. Current error  1.437774e-02
PDE loss in 26800th epoch:  6.091706e+05. Last save epoch and best loss so far: 26609,  1.330966e+05. Current error  4.218298e-02
PDE loss in 26900th epoch:  1.404454e+05. Last save epoch and best loss so far: 26831,  1.328269e+05. Current error  1.308492e-02
PDE loss in 27000th epoch:  1.353628e+05. Last save epoch and best loss so far: 26831,  1.328269e+05. Current error  1.424106e-02
PDE loss in 27100th epoch:  1.335687e+05. Last save epoch and best loss so far: 27097,  1.301050e+05. Current error  1.290378e-02
PDE loss in 27200th epoch:  1.332582e+05. Last save epoch and best loss so far: 27197,  1.288519e+05. Current error  1.285265e-02
PDE loss in 27300th epoch:  1.753069e+05. Last save epoch and best loss so far: 27197,  1.288519e+05. Current error  1.849038e-02
PDE loss in 27400th epoch:  1.558128e+05. Last save epoch and best loss so far: 27379,  1.273904e+05. Current error  1.284481e-02
PDE loss in 27500th epoch:  1.383314e+05. Last save epoch and best loss so far: 27379,  1.273904e+05. Current error  1.390394e-02
PDE loss in 27600th epoch:  1.788842e+05. Last save epoch and best loss so far: 27379,  1.273904e+05. Current error  1.227214e-02
PDE loss in 27700th epoch:  1.326487e+05. Last save epoch and best loss so far: 27628,  1.258614e+05. Current error  1.661928e-02
PDE loss in 27800th epoch:  1.250422e+05. Last save epoch and best loss so far: 27799,  1.251875e+05. Current error  1.143836e-02
PDE loss in 27900th epoch:  8.552134e+05. Last save epoch and best loss so far: 27819,  1.244551e+05. Current error  4.948109e-02
PDE loss in 28000th epoch:  1.228486e+05. Last save epoch and best loss so far: 27999,  1.228790e+05. Current error  1.110568e-02
PDE loss in 28100th epoch:  1.039211e+06. Last save epoch and best loss so far: 28002,  1.228274e+05. Current error  2.582935e-02
PDE loss in 28200th epoch:  1.214784e+05. Last save epoch and best loss so far: 28199,  1.214728e+05. Current error  1.093072e-02
PDE loss in 28300th epoch:  1.212991e+05. Last save epoch and best loss so far: 28199,  1.214728e+05. Current error  1.075460e-02
PDE loss in 28400th epoch:  2.258726e+05. Last save epoch and best loss so far: 28328,  1.206169e+05. Current error  1.551498e-02
PDE loss in 28500th epoch:  1.242948e+05. Last save epoch and best loss so far: 28481,  1.199136e+05. Current error  1.295697e-02
PDE loss in 28600th epoch:  1.190869e+05. Last save epoch and best loss so far: 28593,  1.190154e+05. Current error  1.204338e-02
PDE loss in 28700th epoch:  1.183152e+05. Last save epoch and best loss so far: 28690,  1.187203e+05. Current error  1.313894e-02
PDE loss in 28800th epoch:  1.822158e+06. Last save epoch and best loss so far: 28700,  1.183152e+05. Current error  4.273643e-02
PDE loss in 28900th epoch:  9.456598e+05. Last save epoch and best loss so far: 28877,  1.175651e+05. Current error  4.031895e-02
PDE loss in 29000th epoch:  1.200666e+05. Last save epoch and best loss so far: 28999,  1.166055e+05. Current error  1.439416e-02
PDE loss in 29100th epoch:  4.826144e+05. Last save epoch and best loss so far: 29040,  1.157238e+05. Current error  1.727383e-02
PDE loss in 29200th epoch:  1.223105e+05. Last save epoch and best loss so far: 29040,  1.157238e+05. Current error  1.330072e-02
PDE loss in 29300th epoch:  1.200022e+05. Last save epoch and best loss so far: 29227,  1.153446e+05. Current error  1.201314e-02
PDE loss in 29400th epoch:  1.388372e+05. Last save epoch and best loss so far: 29336,  1.141173e+05. Current error  2.036494e-02
PDE loss in 29500th epoch:  1.150744e+05. Last save epoch and best loss so far: 29490,  1.135217e+05. Current error  2.096534e-02
PDE loss in 29600th epoch:  1.313421e+05. Last save epoch and best loss so far: 29533,  1.130413e+05. Current error  1.490488e-02
PDE loss in 29700th epoch:  2.343870e+06. Last save epoch and best loss so far: 29666,  1.121120e+05. Current error  7.280485e-02
PDE loss in 29800th epoch:  1.137029e+05. Last save epoch and best loss so far: 29776,  1.116663e+05. Current error  1.985686e-02
PDE loss in 29900th epoch:  1.195932e+05. Last save epoch and best loss so far: 29879,  1.109120e+05. Current error  1.621259e-02
Current loss  1.203173e+05, Best loss  1.107121e+05. Restoring best model weights.
