created virtual environment CPython3.10.2.final.0-64 in 2756ms
  creator CPython3Posix(dest=/local/weiqiw.3448315.0/env, clear=False, no_vcs_ignore=False, global=False)
  seeder FromAppData(download=False, pip=bundle, setuptools=bundle, wheel=bundle, via=copy, app_data_dir=/home/weiqiw/.local/share/virtualenv)
    added seed packages: pip==22.3.1, setuptools==65.6.3, wheel==0.38.4
  activators BashActivator,CShellActivator,FishActivator,NushellActivator,PowerShellActivator,PythonActivator
Looking in links: /cvmfs/soft.computecanada.ca/custom/python/wheelhouse/gentoo/avx2, /cvmfs/soft.computecanada.ca/custom/python/wheelhouse/gentoo/generic, /cvmfs/soft.computecanada.ca/custom/python/wheelhouse/generic
Requirement already satisfied: pip in /local/weiqiw.3448315.0/env/lib/python3.10/site-packages (22.3.1)
Processing /cvmfs/soft.computecanada.ca/custom/python/wheelhouse/generic/pip-23.0+computecanada-py3-none-any.whl
Installing collected packages: pip
  Attempting uninstall: pip
    Found existing installation: pip 22.3.1
    Uninstalling pip-22.3.1:
      Successfully uninstalled pip-22.3.1
Successfully installed pip-23.0+computecanada
Looking in links: /cvmfs/soft.computecanada.ca/custom/python/wheelhouse/gentoo/avx2, /cvmfs/soft.computecanada.ca/custom/python/wheelhouse/gentoo/generic, /cvmfs/soft.computecanada.ca/custom/python/wheelhouse/generic
Processing /cvmfs/soft.computecanada.ca/custom/python/wheelhouse/gentoo/generic/numpy-1.23.0+computecanada-cp310-cp310-linux_x86_64.whl
Installing collected packages: numpy
Successfully installed numpy-1.23.0+computecanada
Looking in links: /cvmfs/soft.computecanada.ca/custom/python/wheelhouse/gentoo/avx2, /cvmfs/soft.computecanada.ca/custom/python/wheelhouse/gentoo/generic, /cvmfs/soft.computecanada.ca/custom/python/wheelhouse/generic
Processing /cvmfs/soft.computecanada.ca/custom/python/wheelhouse/gentoo/generic/tensorflow-2.8.0+computecanada-cp310-cp310-linux_x86_64.whl
Processing /cvmfs/soft.computecanada.ca/custom/python/wheelhouse/generic/opt_einsum-3.3.0+computecanada-py3-none-any.whl
Processing /cvmfs/soft.computecanada.ca/custom/python/wheelhouse/gentoo/avx2/h5py-3.7.0+computecanada-cp310-cp310-linux_x86_64.whl
Processing /cvmfs/soft.computecanada.ca/custom/python/wheelhouse/gentoo/avx2/protobuf-4.21.5+computecanada-cp310-cp310-linux_x86_64.whl
Processing /cvmfs/soft.computecanada.ca/custom/python/wheelhouse/generic/wrapt-1.14.1+computecanada-cp310-cp310-linux_x86_64.whl
Processing /cvmfs/soft.computecanada.ca/custom/python/wheelhouse/generic/google_pasta-0.2.0+computecanada-py3-none-any.whl
Processing /cvmfs/soft.computecanada.ca/custom/python/wheelhouse/generic/six-1.16.0+computecanada-py2.py3-none-any.whl
Processing /cvmfs/soft.computecanada.ca/custom/python/wheelhouse/generic/gast-0.5.3+computecanada-py3-none-any.whl
Processing /cvmfs/soft.computecanada.ca/custom/python/wheelhouse/generic/libclang-14.0.1+computecanada-py2.py3-none-linux_x86_64.whl
Processing /cvmfs/soft.computecanada.ca/custom/python/wheelhouse/generic/tensorboard-2.8.0+computecanada-py3-none-any.whl
Requirement already satisfied: setuptools in /local/weiqiw.3448315.0/env/lib/python3.10/site-packages (from tensorflow==2.8) (65.6.3)
Processing /cvmfs/soft.computecanada.ca/custom/python/wheelhouse/generic/tensorflow_io_gcs_filesystem-0.26.0+computecanada-cp310-cp310-linux_x86_64.whl
Processing /cvmfs/soft.computecanada.ca/custom/python/wheelhouse/generic/absl_py-1.4.0+computecanada-py3-none-any.whl
Processing /cvmfs/soft.computecanada.ca/custom/python/wheelhouse/generic/flatbuffers-20190709135844+computecanada-py2.py3-none-any.whl
Processing /cvmfs/soft.computecanada.ca/custom/python/wheelhouse/generic/termcolor-1.1.0+computecanada-py3-none-any.whl
Processing /cvmfs/soft.computecanada.ca/custom/python/wheelhouse/generic/grpcio-1.47.0+computecanada-cp310-cp310-linux_x86_64.whl
Processing /cvmfs/soft.computecanada.ca/custom/python/wheelhouse/generic/keras-2.8.0+computecanada-py2.py3-none-any.whl
Processing /cvmfs/soft.computecanada.ca/custom/python/wheelhouse/generic/Keras_Preprocessing-1.1.2+computecanada-py3-none-any.whl
Processing /cvmfs/soft.computecanada.ca/custom/python/wheelhouse/generic/typing_extensions-4.4.0+computecanada-py3-none-any.whl
Processing /cvmfs/soft.computecanada.ca/custom/python/wheelhouse/generic/tf_estimator_nightly-2.8.0.dev2021122109+computecanada-py2.py3-none-any.whl
Requirement already satisfied: numpy>=1.20 in /local/weiqiw.3448315.0/env/lib/python3.10/site-packages (from tensorflow==2.8) (1.23.0+computecanada)
Processing /cvmfs/soft.computecanada.ca/custom/python/wheelhouse/generic/astunparse-1.6.3+computecanada-py2.py3-none-any.whl
Requirement already satisfied: wheel<1.0,>=0.23.0 in /local/weiqiw.3448315.0/env/lib/python3.10/site-packages (from astunparse>=1.6.0->tensorflow==2.8) (0.38.4)
Processing /cvmfs/soft.computecanada.ca/custom/python/wheelhouse/generic/Werkzeug-2.2.2+computecanada-py3-none-any.whl
Processing /cvmfs/soft.computecanada.ca/custom/python/wheelhouse/generic/google_auth_oauthlib-0.4.6+computecanada-py2.py3-none-any.whl
Processing /cvmfs/soft.computecanada.ca/custom/python/wheelhouse/generic/tensorboard_plugin_wit-1.8.1+computecanada-py3-none-any.whl
Processing /cvmfs/soft.computecanada.ca/custom/python/wheelhouse/generic/google_auth-2.16.0+computecanada-py2.py3-none-any.whl
Processing /cvmfs/soft.computecanada.ca/custom/python/wheelhouse/generic/requests-2.28.2+computecanada-py3-none-any.whl
Processing /cvmfs/soft.computecanada.ca/custom/python/wheelhouse/generic/Markdown-3.4.1+computecanada-py3-none-any.whl
Processing /cvmfs/soft.computecanada.ca/custom/python/wheelhouse/generic/tensorboard_data_server-0.6.1+computecanada-py3-none-linux_x86_64.whl
Processing /cvmfs/soft.computecanada.ca/custom/python/wheelhouse/generic/pyasn1_modules-0.2.8+computecanada-py2.py3-none-any.whl
Processing /cvmfs/soft.computecanada.ca/custom/python/wheelhouse/generic/rsa-4.9+computecanada-py3-none-any.whl
Processing /cvmfs/soft.computecanada.ca/custom/python/wheelhouse/generic/cachetools-5.3.0+computecanada-py3-none-any.whl
Processing /cvmfs/soft.computecanada.ca/custom/python/wheelhouse/generic/requests_oauthlib-1.3.1+computecanada-py2.py3-none-any.whl
Processing /cvmfs/soft.computecanada.ca/custom/python/wheelhouse/generic/certifi-2022.12.7+computecanada-py3-none-any.whl
Processing /cvmfs/soft.computecanada.ca/custom/python/wheelhouse/generic/charset_normalizer-3.0.1+computecanada-py3-none-any.whl
Processing /cvmfs/soft.computecanada.ca/custom/python/wheelhouse/generic/idna-3.4+computecanada-py3-none-any.whl
Processing /cvmfs/soft.computecanada.ca/custom/python/wheelhouse/generic/urllib3-1.26.14+computecanada-py2.py3-none-any.whl
Processing /cvmfs/soft.computecanada.ca/custom/python/wheelhouse/generic/MarkupSafe-2.1.1+computecanada-cp310-cp310-linux_x86_64.whl
Processing /cvmfs/soft.computecanada.ca/custom/python/wheelhouse/generic/pyasn1-0.4.8+computecanada-py2.py3-none-any.whl
Processing /cvmfs/soft.computecanada.ca/custom/python/wheelhouse/generic/oauthlib-3.2.2+computecanada-py3-none-any.whl
Installing collected packages: tf-estimator-nightly, termcolor, tensorboard-plugin-wit, pyasn1, libclang, keras, flatbuffers, charset-normalizer, wrapt, urllib3, typing-extensions, tensorflow-io-gcs-filesystem, tensorboard-data-server, six, rsa, pyasn1-modules, protobuf, opt-einsum, oauthlib, MarkupSafe, markdown, idna, h5py, gast, certifi, cachetools, absl-py, werkzeug, requests, keras-preprocessing, grpcio, google-pasta, google-auth, astunparse, requests-oauthlib, google-auth-oauthlib, tensorboard, tensorflow
Successfully installed MarkupSafe-2.1.1+computecanada absl-py-1.4.0+computecanada astunparse-1.6.3+computecanada cachetools-5.3.0+computecanada certifi-2022.12.7+computecanada charset-normalizer-3.0.1+computecanada flatbuffers-20190709135844+computecanada gast-0.5.3+computecanada google-auth-2.16.0+computecanada google-auth-oauthlib-0.4.6+computecanada google-pasta-0.2.0+computecanada grpcio-1.47.0+computecanada h5py-3.7.0+computecanada idna-3.4+computecanada keras-2.8.0+computecanada keras-preprocessing-1.1.2+computecanada libclang-14.0.1+computecanada markdown-3.4.1+computecanada oauthlib-3.2.2+computecanada opt-einsum-3.3.0+computecanada protobuf-4.21.5+computecanada pyasn1-0.4.8+computecanada pyasn1-modules-0.2.8+computecanada requests-2.28.2+computecanada requests-oauthlib-1.3.1+computecanada rsa-4.9+computecanada six-1.16.0+computecanada tensorboard-2.8.0+computecanada tensorboard-data-server-0.6.1+computecanada tensorboard-plugin-wit-1.8.1+computecanada tensorflow-2.8.0+computecanada tensorflow-io-gcs-filesystem-0.26.0+computecanada termcolor-1.1.0+computecanada tf-estimator-nightly-2.8.0.dev2021122109+computecanada typing-extensions-4.4.0+computecanada urllib3-1.26.14+computecanada werkzeug-2.2.2+computecanada wrapt-1.14.1+computecanada
2023-02-08 17:20:03.017704: I tensorflow/core/platform/cpu_feature_guard.cc:151] This TensorFlow binary is optimized with oneAPI Deep Neural Network Library (oneDNN) to use the following CPU instructions in performance-critical operations:  AVX2 FMA
To enable them in other operations, rebuild TensorFlow with the appropriate compiler flags.
2023-02-08 17:20:03.677279: I tensorflow/core/common_runtime/gpu/gpu_device.cc:1525] Created device /job:localhost/replica:0/task:0/device:GPU:0 with 11319 MB memory:  -> device: 0, name: Tesla P100-PCIE-12GB, pci bus id: 0000:04:00.0, compute capability: 6.0
['high_dimensional_periodic_diffusion_example_3.py', '6', '16384', '0.5', '30000', '10000', 'example3_dim6_N16384', '3', '0']
Num GPUs: 1
Model: "sequential"
_________________________________________________________________
 Layer (type)                Output Shape              Param #   
=================================================================
 first_periodic_layer (Dense  (None, 66)               462       
 )                                                               
                                                                 
 second_periodic_layer (Dens  (None, 66)               4422      
 e)                                                              
                                                                 
 hidden_layer_0 (Dense)      (None, 30)                2010      
                                                                 
 hidden_layer_1 (Dense)      (None, 30)                930       
                                                                 
 first_to_last_hidden_layer   (None, 30)               930       
 (Dense)                                                         
                                                                 
 dense (Dense)               (None, 1)                 31        
                                                                 
=================================================================
Total params: 8,785
Trainable params: 8,785
Non-trainable params: 0
_________________________________________________________________
None
[0.90525025 0.10090798 0.21974759]
[4 4 4]
[4 1 1]
[3 1 5]
[2 4 0]
PDE loss in 0th epoch:  5.592715e+09. Last save epoch and best loss so far: -1,  1.000000e+12. Current error  1.006421e+00
PDE loss in 100th epoch:  5.561789e+09. Last save epoch and best loss so far: 99,  5.562684e+09. Current error  2.045091e+00
PDE loss in 200th epoch:  4.306228e+09. Last save epoch and best loss so far: 199,  4.320062e+09. Current error  1.726442e+00
PDE loss in 300th epoch:  2.305529e+09. Last save epoch and best loss so far: 299,  2.324933e+09. Current error  2.837792e+00
PDE loss in 400th epoch:  1.025738e+09. Last save epoch and best loss so far: 399,  1.033410e+09. Current error  4.300943e+00
PDE loss in 500th epoch:  5.015425e+08. Last save epoch and best loss so far: 499,  5.045693e+08. Current error  3.175846e+00
PDE loss in 600th epoch:  2.920483e+08. Last save epoch and best loss so far: 599,  2.935532e+08. Current error  2.270521e+00
PDE loss in 700th epoch:  2.169021e+08. Last save epoch and best loss so far: 699,  2.181324e+08. Current error  1.699390e+00
PDE loss in 800th epoch:  1.549124e+08. Last save epoch and best loss so far: 799,  1.553836e+08. Current error  8.416335e-01
PDE loss in 900th epoch:  1.256702e+08. Last save epoch and best loss so far: 899,  1.258237e+08. Current error  3.474261e-01
PDE loss in 1000th epoch:  1.169528e+08. Last save epoch and best loss so far: 999,  1.170014e+08. Current error  3.459760e-01
PDE loss in 1100th epoch:  1.136941e+08. Last save epoch and best loss so far: 1099,  1.136989e+08. Current error  4.002143e-01
PDE loss in 1200th epoch:  1.118559e+08. Last save epoch and best loss so far: 1199,  1.118704e+08. Current error  4.311184e-01
PDE loss in 1300th epoch:  1.107070e+08. Last save epoch and best loss so far: 1297,  1.106962e+08. Current error  4.459403e-01
PDE loss in 1400th epoch:  1.097892e+08. Last save epoch and best loss so far: 1399,  1.097968e+08. Current error  4.502594e-01
PDE loss in 1500th epoch:  1.091384e+08. Last save epoch and best loss so far: 1499,  1.091377e+08. Current error  4.485547e-01
PDE loss in 1600th epoch:  1.086088e+08. Last save epoch and best loss so far: 1599,  1.086135e+08. Current error  4.423819e-01
PDE loss in 1700th epoch:  1.082058e+08. Last save epoch and best loss so far: 1695,  1.082043e+08. Current error  4.341638e-01
PDE loss in 1800th epoch:  1.088646e+08. Last save epoch and best loss so far: 1788,  1.078807e+08. Current error  4.262102e-01
PDE loss in 1900th epoch:  1.076440e+08. Last save epoch and best loss so far: 1893,  1.075668e+08. Current error  4.130759e-01
PDE loss in 2000th epoch:  1.080870e+08. Last save epoch and best loss so far: 1998,  1.072922e+08. Current error  4.014267e-01
PDE loss in 2100th epoch:  1.072277e+08. Last save epoch and best loss so far: 2099,  1.070976e+08. Current error  3.883559e-01
PDE loss in 2200th epoch:  1.092230e+08. Last save epoch and best loss so far: 2178,  1.069292e+08. Current error  3.756641e-01
PDE loss in 2300th epoch:  1.066942e+08. Last save epoch and best loss so far: 2271,  1.067308e+08. Current error  3.605645e-01
PDE loss in 2400th epoch:  1.069205e+08. Last save epoch and best loss so far: 2386,  1.065329e+08. Current error  3.469382e-01
PDE loss in 2500th epoch:  1.064462e+08. Last save epoch and best loss so far: 2491,  1.063769e+08. Current error  3.321220e-01
PDE loss in 2600th epoch:  1.062172e+08. Last save epoch and best loss so far: 2599,  1.062186e+08. Current error  3.180646e-01
PDE loss in 2700th epoch:  1.060895e+08. Last save epoch and best loss so far: 2698,  1.060897e+08. Current error  3.048470e-01
PDE loss in 2800th epoch:  1.060396e+08. Last save epoch and best loss so far: 2798,  1.059829e+08. Current error  2.920342e-01
PDE loss in 2900th epoch:  1.063104e+08. Last save epoch and best loss so far: 2898,  1.058680e+08. Current error  2.823805e-01
PDE loss in 3000th epoch:  1.057451e+08. Last save epoch and best loss so far: 2999,  1.057460e+08. Current error  2.719149e-01
PDE loss in 3100th epoch:  1.056428e+08. Last save epoch and best loss so far: 3099,  1.056449e+08. Current error  2.644814e-01
PDE loss in 3200th epoch:  1.062730e+08. Last save epoch and best loss so far: 3136,  1.056095e+08. Current error  2.594693e-01
PDE loss in 3300th epoch:  1.080555e+08. Last save epoch and best loss so far: 3272,  1.054777e+08. Current error  2.575250e-01
PDE loss in 3400th epoch:  1.080867e+08. Last save epoch and best loss so far: 3373,  1.053932e+08. Current error  2.572342e-01
PDE loss in 3500th epoch:  1.055085e+08. Last save epoch and best loss so far: 3488,  1.052881e+08. Current error  2.597680e-01
PDE loss in 3600th epoch:  1.061107e+08. Last save epoch and best loss so far: 3570,  1.052189e+08. Current error  2.644725e-01
PDE loss in 3700th epoch:  1.051156e+08. Last save epoch and best loss so far: 3699,  1.051158e+08. Current error  2.710060e-01
PDE loss in 3800th epoch:  1.050331e+08. Last save epoch and best loss so far: 3799,  1.050342e+08. Current error  2.795588e-01
PDE loss in 3900th epoch:  1.050931e+08. Last save epoch and best loss so far: 3894,  1.049916e+08. Current error  2.895561e-01
PDE loss in 4000th epoch:  1.048858e+08. Last save epoch and best loss so far: 3999,  1.048840e+08. Current error  2.999819e-01
PDE loss in 4100th epoch:  1.048597e+08. Last save epoch and best loss so far: 4094,  1.048157e+08. Current error  3.112390e-01
PDE loss in 4200th epoch:  1.047621e+08. Last save epoch and best loss so far: 4191,  1.047538e+08. Current error  3.229293e-01
PDE loss in 4300th epoch:  1.048229e+08. Last save epoch and best loss so far: 4261,  1.047018e+08. Current error  3.338289e-01
PDE loss in 4400th epoch:  1.067306e+08. Last save epoch and best loss so far: 4382,  1.046167e+08. Current error  3.456742e-01
PDE loss in 4500th epoch:  1.057603e+08. Last save epoch and best loss so far: 4474,  1.045578e+08. Current error  3.568642e-01
PDE loss in 4600th epoch:  1.044738e+08. Last save epoch and best loss so far: 4599,  1.044741e+08. Current error  3.659733e-01
PDE loss in 4700th epoch:  1.044098e+08. Last save epoch and best loss so far: 4699,  1.044115e+08. Current error  3.751254e-01
PDE loss in 4800th epoch:  1.044567e+08. Last save epoch and best loss so far: 4751,  1.043771e+08. Current error  3.844855e-01
PDE loss in 4900th epoch:  1.043012e+08. Last save epoch and best loss so far: 4894,  1.042879e+08. Current error  3.917314e-01
PDE loss in 5000th epoch:  1.042238e+08. Last save epoch and best loss so far: 4999,  1.042247e+08. Current error  3.985076e-01
PDE loss in 5100th epoch:  1.041680e+08. Last save epoch and best loss so far: 5097,  1.041654e+08. Current error  4.054632e-01
PDE loss in 5200th epoch:  1.041030e+08. Last save epoch and best loss so far: 5199,  1.041042e+08. Current error  4.111354e-01
PDE loss in 5300th epoch:  1.040704e+08. Last save epoch and best loss so far: 5296,  1.040465e+08. Current error  4.162132e-01
PDE loss in 5400th epoch:  1.040000e+08. Last save epoch and best loss so far: 5394,  1.039904e+08. Current error  4.217506e-01
PDE loss in 5500th epoch:  1.039274e+08. Last save epoch and best loss so far: 5499,  1.039285e+08. Current error  4.263840e-01
PDE loss in 5600th epoch:  1.043408e+08. Last save epoch and best loss so far: 5566,  1.038889e+08. Current error  4.305090e-01
PDE loss in 5700th epoch:  1.038086e+08. Last save epoch and best loss so far: 5699,  1.038091e+08. Current error  4.354488e-01
PDE loss in 5800th epoch:  1.038827e+08. Last save epoch and best loss so far: 5784,  1.037624e+08. Current error  4.397578e-01
PDE loss in 5900th epoch:  1.036933e+08. Last save epoch and best loss so far: 5899,  1.036938e+08. Current error  4.427648e-01
PDE loss in 6000th epoch:  1.036745e+08. Last save epoch and best loss so far: 5939,  1.036719e+08. Current error  4.455008e-01
PDE loss in 6100th epoch:  1.035783e+08. Last save epoch and best loss so far: 6099,  1.035788e+08. Current error  4.488063e-01
PDE loss in 6200th epoch:  1.035275e+08. Last save epoch and best loss so far: 6187,  1.035299e+08. Current error  4.506086e-01
PDE loss in 6300th epoch:  1.035073e+08. Last save epoch and best loss so far: 6298,  1.034676e+08. Current error  4.520661e-01
PDE loss in 6400th epoch:  1.034689e+08. Last save epoch and best loss so far: 6390,  1.034179e+08. Current error  4.548885e-01
PDE loss in 6500th epoch:  1.033558e+08. Last save epoch and best loss so far: 6499,  1.033567e+08. Current error  4.557326e-01
PDE loss in 6600th epoch:  1.041818e+08. Last save epoch and best loss so far: 6561,  1.033222e+08. Current error  4.586821e-01
PDE loss in 6700th epoch:  1.034671e+08. Last save epoch and best loss so far: 6684,  1.032584e+08. Current error  4.582216e-01
PDE loss in 6800th epoch:  1.031948e+08. Last save epoch and best loss so far: 6799,  1.031955e+08. Current error  4.580666e-01
PDE loss in 6900th epoch:  1.031445e+08. Last save epoch and best loss so far: 6893,  1.031471e+08. Current error  4.575266e-01
PDE loss in 7000th epoch:  1.031765e+08. Last save epoch and best loss so far: 6989,  1.030952e+08. Current error  4.583485e-01
PDE loss in 7100th epoch:  1.030373e+08. Last save epoch and best loss so far: 7099,  1.030378e+08. Current error  4.572982e-01
PDE loss in 7200th epoch:  1.030851e+08. Last save epoch and best loss so far: 7145,  1.030147e+08. Current error  4.550119e-01
PDE loss in 7300th epoch:  1.029352e+08. Last save epoch and best loss so far: 7299,  1.029357e+08. Current error  4.545022e-01
PDE loss in 7400th epoch:  1.028960e+08. Last save epoch and best loss so far: 7399,  1.029028e+08. Current error  4.520231e-01
PDE loss in 7500th epoch:  1.028389e+08. Last save epoch and best loss so far: 7499,  1.028388e+08. Current error  4.504099e-01
PDE loss in 7600th epoch:  1.028298e+08. Last save epoch and best loss so far: 7599,  1.027911e+08. Current error  4.466753e-01
PDE loss in 7700th epoch:  1.028897e+08. Last save epoch and best loss so far: 7693,  1.027455e+08. Current error  4.426559e-01
PDE loss in 7800th epoch:  1.027190e+08. Last save epoch and best loss so far: 7788,  1.027015e+08. Current error  4.391020e-01
PDE loss in 7900th epoch:  1.026520e+08. Last save epoch and best loss so far: 7899,  1.026533e+08. Current error  4.351356e-01
PDE loss in 8000th epoch:  1.026080e+08. Last save epoch and best loss so far: 7998,  1.026080e+08. Current error  4.306616e-01
PDE loss in 8100th epoch:  1.025923e+08. Last save epoch and best loss so far: 8096,  1.025617e+08. Current error  4.262430e-01
PDE loss in 8200th epoch:  1.032352e+08. Last save epoch and best loss so far: 8198,  1.025222e+08. Current error  4.223779e-01
PDE loss in 8300th epoch:  1.027623e+08. Last save epoch and best loss so far: 8268,  1.024874e+08. Current error  4.176133e-01
PDE loss in 8400th epoch:  1.024677e+08. Last save epoch and best loss so far: 8399,  1.024491e+08. Current error  4.112840e-01
PDE loss in 8500th epoch:  1.023880e+08. Last save epoch and best loss so far: 8499,  1.023884e+08. Current error  4.060472e-01
PDE loss in 8600th epoch:  1.024692e+08. Last save epoch and best loss so far: 8596,  1.023685e+08. Current error  4.007762e-01
PDE loss in 8700th epoch:  1.023079e+08. Last save epoch and best loss so far: 8697,  1.023071e+08. Current error  3.950257e-01
PDE loss in 8800th epoch:  1.026167e+08. Last save epoch and best loss so far: 8782,  1.022728e+08. Current error  3.901342e-01
PDE loss in 8900th epoch:  1.022250e+08. Last save epoch and best loss so far: 8899,  1.022255e+08. Current error  3.826230e-01
PDE loss in 9000th epoch:  1.027163e+08. Last save epoch and best loss so far: 8996,  1.021890e+08. Current error  3.758337e-01
PDE loss in 9100th epoch:  1.021453e+08. Last save epoch and best loss so far: 9099,  1.021457e+08. Current error  3.707144e-01
PDE loss in 9200th epoch:  1.022698e+08. Last save epoch and best loss so far: 9181,  1.021204e+08. Current error  3.650748e-01
PDE loss in 9300th epoch:  1.023473e+08. Last save epoch and best loss so far: 9294,  1.020764e+08. Current error  3.581437e-01
PDE loss in 9400th epoch:  1.020509e+08. Last save epoch and best loss so far: 9386,  1.020353e+08. Current error  3.521617e-01
PDE loss in 9500th epoch:  1.020111e+08. Last save epoch and best loss so far: 9490,  1.019996e+08. Current error  3.457746e-01
PDE loss in 9600th epoch:  1.019581e+08. Last save epoch and best loss so far: 9599,  1.019667e+08. Current error  3.402328e-01
PDE loss in 9700th epoch:  1.024472e+08. Last save epoch and best loss so far: 9664,  1.019291e+08. Current error  3.332677e-01
PDE loss in 9800th epoch:  1.019022e+08. Last save epoch and best loss so far: 9796,  1.018804e+08. Current error  3.281349e-01
PDE loss in 9900th epoch:  1.018431e+08. Last save epoch and best loss so far: 9899,  1.018444e+08. Current error  3.218903e-01
PDE loss in 10000th epoch:  1.018069e+08. Last save epoch and best loss so far: 9999,  1.018072e+08. Current error  3.176367e-01
PDE loss in 10100th epoch:  1.018420e+08. Last save epoch and best loss so far: 10087,  1.017844e+08. Current error  3.126709e-01
PDE loss in 10200th epoch:  1.017374e+08. Last save epoch and best loss so far: 10199,  1.017379e+08. Current error  3.073315e-01
PDE loss in 10300th epoch:  1.017032e+08. Last save epoch and best loss so far: 10299,  1.017044e+08. Current error  3.027109e-01
PDE loss in 10400th epoch:  1.030833e+08. Last save epoch and best loss so far: 10370,  1.016774e+08. Current error  2.997517e-01
PDE loss in 10500th epoch:  1.016341e+08. Last save epoch and best loss so far: 10499,  1.016345e+08. Current error  2.945131e-01
PDE loss in 10600th epoch:  1.016264e+08. Last save epoch and best loss so far: 10593,  1.016037e+08. Current error  2.910259e-01
PDE loss in 10700th epoch:  1.015692e+08. Last save epoch and best loss so far: 10699,  1.015694e+08. Current error  2.869774e-01
PDE loss in 10800th epoch:  1.018942e+08. Last save epoch and best loss so far: 10786,  1.015416e+08. Current error  2.837629e-01
PDE loss in 10900th epoch:  1.015046e+08. Last save epoch and best loss so far: 10899,  1.015047e+08. Current error  2.803849e-01
PDE loss in 11000th epoch:  1.014984e+08. Last save epoch and best loss so far: 10992,  1.014753e+08. Current error  2.780105e-01
PDE loss in 11100th epoch:  1.014401e+08. Last save epoch and best loss so far: 11099,  1.014406e+08. Current error  2.749830e-01
PDE loss in 11200th epoch:  1.014339e+08. Last save epoch and best loss so far: 11181,  1.014182e+08. Current error  2.730816e-01
PDE loss in 11300th epoch:  1.013842e+08. Last save epoch and best loss so far: 11295,  1.013823e+08. Current error  2.707465e-01
PDE loss in 11400th epoch:  1.013489e+08. Last save epoch and best loss so far: 11390,  1.013495e+08. Current error  2.686697e-01
PDE loss in 11500th epoch:  1.013591e+08. Last save epoch and best loss so far: 11495,  1.013178e+08. Current error  2.670260e-01
PDE loss in 11600th epoch:  1.015174e+08. Last save epoch and best loss so far: 11547,  1.013028e+08. Current error  2.661153e-01
PDE loss in 11700th epoch:  1.012915e+08. Last save epoch and best loss so far: 11690,  1.012592e+08. Current error  2.646239e-01
PDE loss in 11800th epoch:  1.012452e+08. Last save epoch and best loss so far: 11795,  1.012292e+08. Current error  2.637275e-01
PDE loss in 11900th epoch:  1.012632e+08. Last save epoch and best loss so far: 11893,  1.012006e+08. Current error  2.631102e-01
PDE loss in 12000th epoch:  1.011957e+08. Last save epoch and best loss so far: 11996,  1.011690e+08. Current error  2.627954e-01
PDE loss in 12100th epoch:  1.011590e+08. Last save epoch and best loss so far: 12040,  1.011580e+08. Current error  2.627050e-01
PDE loss in 12200th epoch:  1.020756e+08. Last save epoch and best loss so far: 12162,  1.011228e+08. Current error  2.631135e-01
PDE loss in 12300th epoch:  1.011152e+08. Last save epoch and best loss so far: 12291,  1.010858e+08. Current error  2.629637e-01
PDE loss in 12400th epoch:  1.013256e+08. Last save epoch and best loss so far: 12397,  1.010630e+08. Current error  2.639043e-01
PDE loss in 12500th epoch:  1.017512e+08. Last save epoch and best loss so far: 12477,  1.010356e+08. Current error  2.647051e-01
PDE loss in 12600th epoch:  1.010020e+08. Last save epoch and best loss so far: 12599,  1.010022e+08. Current error  2.648039e-01
PDE loss in 12700th epoch:  1.009787e+08. Last save epoch and best loss so far: 12697,  1.009763e+08. Current error  2.659045e-01
PDE loss in 12800th epoch:  1.009530e+08. Last save epoch and best loss so far: 12799,  1.009526e+08. Current error  2.666947e-01
PDE loss in 12900th epoch:  1.009288e+08. Last save epoch and best loss so far: 12894,  1.009249e+08. Current error  2.683314e-01
PDE loss in 13000th epoch:  1.011353e+08. Last save epoch and best loss so far: 12946,  1.009120e+08. Current error  2.697853e-01
PDE loss in 13100th epoch:  1.008757e+08. Last save epoch and best loss so far: 13096,  1.008744e+08. Current error  2.707807e-01
PDE loss in 13200th epoch:  1.008481e+08. Last save epoch and best loss so far: 13198,  1.008477e+08. Current error  2.725426e-01
PDE loss in 13300th epoch:  1.010281e+08. Last save epoch and best loss so far: 13296,  1.008400e+08. Current error  2.739936e-01
PDE loss in 13400th epoch:  1.009264e+08. Last save epoch and best loss so far: 13384,  1.008016e+08. Current error  2.766172e-01
PDE loss in 13500th epoch:  1.030713e+08. Last save epoch and best loss so far: 13440,  1.007878e+08. Current error  2.778885e-01
PDE loss in 13600th epoch:  1.009200e+08. Last save epoch and best loss so far: 13551,  1.007612e+08. Current error  2.806370e-01
PDE loss in 13700th epoch:  1.008874e+08. Last save epoch and best loss so far: 13638,  1.007392e+08. Current error  2.816375e-01
PDE loss in 13800th epoch:  1.008048e+08. Last save epoch and best loss so far: 13791,  1.007030e+08. Current error  2.840576e-01
PDE loss in 13900th epoch:  1.008336e+08. Last save epoch and best loss so far: 13841,  1.006905e+08. Current error  2.870226e-01
PDE loss in 14000th epoch:  1.016362e+08. Last save epoch and best loss so far: 13967,  1.006632e+08. Current error  2.884128e-01
PDE loss in 14100th epoch:  1.006927e+08. Last save epoch and best loss so far: 14083,  1.006347e+08. Current error  2.906807e-01
PDE loss in 14200th epoch:  1.013110e+08. Last save epoch and best loss so far: 14174,  1.006132e+08. Current error  2.940140e-01
PDE loss in 14300th epoch:  1.005841e+08. Last save epoch and best loss so far: 14299,  1.005844e+08. Current error  2.949071e-01
PDE loss in 14400th epoch:  1.005617e+08. Last save epoch and best loss so far: 14391,  1.005628e+08. Current error  2.974851e-01
PDE loss in 14500th epoch:  1.009093e+08. Last save epoch and best loss so far: 14448,  1.005554e+08. Current error  2.977637e-01
PDE loss in 14600th epoch:  1.005159e+08. Last save epoch and best loss so far: 14599,  1.005159e+08. Current error  3.010714e-01
PDE loss in 14700th epoch:  1.004962e+08. Last save epoch and best loss so far: 14692,  1.004956e+08. Current error  3.035808e-01
PDE loss in 14800th epoch:  1.014802e+08. Last save epoch and best loss so far: 14744,  1.004838e+08. Current error  3.070326e-01
PDE loss in 14900th epoch:  1.011569e+08. Last save epoch and best loss so far: 14879,  1.004549e+08. Current error  3.067836e-01
PDE loss in 15000th epoch:  1.004299e+08. Last save epoch and best loss so far: 14994,  1.004277e+08. Current error  3.094568e-01
PDE loss in 15100th epoch:  1.004080e+08. Last save epoch and best loss so far: 15049,  1.004217e+08. Current error  3.110020e-01
PDE loss in 15200th epoch:  1.004410e+08. Last save epoch and best loss so far: 15186,  1.003861e+08. Current error  3.134695e-01
PDE loss in 15300th epoch:  1.004062e+08. Last save epoch and best loss so far: 15285,  1.003637e+08. Current error  3.148041e-01
PDE loss in 15400th epoch:  1.003444e+08. Last save epoch and best loss so far: 15391,  1.003396e+08. Current error  3.165434e-01
PDE loss in 15500th epoch:  1.003825e+08. Last save epoch and best loss so far: 15452,  1.003276e+08. Current error  3.181624e-01
PDE loss in 15600th epoch:  1.003484e+08. Last save epoch and best loss so far: 15578,  1.002989e+08. Current error  3.192463e-01
PDE loss in 15700th epoch:  1.010851e+08. Last save epoch and best loss so far: 15647,  1.002889e+08. Current error  3.205110e-01
PDE loss in 15800th epoch:  1.009752e+08. Last save epoch and best loss so far: 15795,  1.002591e+08. Current error  3.241493e-01
PDE loss in 15900th epoch:  1.002802e+08. Last save epoch and best loss so far: 15833,  1.002434e+08. Current error  3.239161e-01
PDE loss in 16000th epoch:  1.002268e+08. Last save epoch and best loss so far: 15947,  1.002189e+08. Current error  3.245366e-01
PDE loss in 16100th epoch:  1.001950e+08. Last save epoch and best loss so far: 16093,  1.001951e+08. Current error  3.252948e-01
PDE loss in 16200th epoch:  1.001682e+08. Last save epoch and best loss so far: 16194,  1.001657e+08. Current error  3.266248e-01
PDE loss in 16300th epoch:  1.001525e+08. Last save epoch and best loss so far: 16299,  1.001435e+08. Current error  3.276520e-01
PDE loss in 16400th epoch:  1.001884e+08. Last save epoch and best loss so far: 16320,  1.001391e+08. Current error  3.269883e-01
PDE loss in 16500th epoch:  1.001066e+08. Last save epoch and best loss so far: 16499,  1.001132e+08. Current error  3.285003e-01
PDE loss in 16600th epoch:  1.000845e+08. Last save epoch and best loss so far: 16596,  1.000795e+08. Current error  3.286540e-01
PDE loss in 16700th epoch:  1.000616e+08. Last save epoch and best loss so far: 16689,  1.000596e+08. Current error  3.290712e-01
PDE loss in 16800th epoch:  1.000403e+08. Last save epoch and best loss so far: 16799,  1.000399e+08. Current error  3.292096e-01
PDE loss in 16900th epoch:  1.000383e+08. Last save epoch and best loss so far: 16887,  1.000184e+08. Current error  3.289908e-01
PDE loss in 17000th epoch:  1.000018e+08. Last save epoch and best loss so far: 16972,  9.999912e+07. Current error  3.290480e-01
PDE loss in 17100th epoch:  1.000117e+08. Last save epoch and best loss so far: 17071,  9.997874e+07. Current error  3.288821e-01
PDE loss in 17200th epoch:  9.995325e+07. Last save epoch and best loss so far: 17199,  9.995589e+07. Current error  3.282784e-01
PDE loss in 17300th epoch:  9.997792e+07. Last save epoch and best loss so far: 17241,  9.994274e+07. Current error  3.293004e-01
PDE loss in 17400th epoch:  9.990802e+07. Last save epoch and best loss so far: 17399,  9.990819e+07. Current error  3.267792e-01
PDE loss in 17500th epoch:  9.989082e+07. Last save epoch and best loss so far: 17497,  9.988758e+07. Current error  3.263698e-01
PDE loss in 17600th epoch:  9.986645e+07. Last save epoch and best loss so far: 17591,  9.986990e+07. Current error  3.258956e-01
PDE loss in 17700th epoch:  1.001432e+08. Last save epoch and best loss so far: 17678,  9.985801e+07. Current error  3.251130e-01
PDE loss in 17800th epoch:  1.021307e+08. Last save epoch and best loss so far: 17761,  9.983173e+07. Current error  3.265115e-01
PDE loss in 17900th epoch:  1.004426e+08. Last save epoch and best loss so far: 17847,  9.981339e+07. Current error  3.232408e-01
PDE loss in 18000th epoch:  9.997128e+07. Last save epoch and best loss so far: 17949,  9.979446e+07. Current error  3.213068e-01
PDE loss in 18100th epoch:  1.022924e+08. Last save epoch and best loss so far: 18052,  9.977074e+07. Current error  3.186256e-01
PDE loss in 18200th epoch:  9.975393e+07. Last save epoch and best loss so far: 18157,  9.974703e+07. Current error  3.186150e-01
PDE loss in 18300th epoch:  9.986749e+07. Last save epoch and best loss so far: 18270,  9.972309e+07. Current error  3.167989e-01
PDE loss in 18400th epoch:  9.970854e+07. Last save epoch and best loss so far: 18360,  9.970654e+07. Current error  3.159699e-01
PDE loss in 18500th epoch:  9.967371e+07. Last save epoch and best loss so far: 18488,  9.968245e+07. Current error  3.148980e-01
PDE loss in 18600th epoch:  9.966269e+07. Last save epoch and best loss so far: 18514,  9.967026e+07. Current error  3.128387e-01
PDE loss in 18700th epoch:  1.005314e+08. Last save epoch and best loss so far: 18676,  9.963846e+07. Current error  3.110708e-01
PDE loss in 18800th epoch:  9.960992e+07. Last save epoch and best loss so far: 18799,  9.961019e+07. Current error  3.089680e-01
PDE loss in 18900th epoch:  9.958970e+07. Last save epoch and best loss so far: 18898,  9.958837e+07. Current error  3.078388e-01
PDE loss in 19000th epoch:  1.000336e+08. Last save epoch and best loss so far: 18955,  9.957630e+07. Current error  3.069252e-01
PDE loss in 19100th epoch:  1.011917e+08. Last save epoch and best loss so far: 19073,  9.955338e+07. Current error  3.019827e-01
PDE loss in 19200th epoch:  9.979498e+07. Last save epoch and best loss so far: 19181,  9.952890e+07. Current error  3.009004e-01
PDE loss in 19300th epoch:  9.950264e+07. Last save epoch and best loss so far: 19299,  9.950307e+07. Current error  3.000205e-01
PDE loss in 19400th epoch:  9.955039e+07. Last save epoch and best loss so far: 19395,  9.948456e+07. Current error  2.991972e-01
PDE loss in 19500th epoch:  9.948749e+07. Last save epoch and best loss so far: 19497,  9.946362e+07. Current error  2.958160e-01
PDE loss in 19600th epoch:  9.943974e+07. Last save epoch and best loss so far: 19597,  9.943872e+07. Current error  2.944120e-01
PDE loss in 19700th epoch:  9.944047e+07. Last save epoch and best loss so far: 19694,  9.942096e+07. Current error  2.926607e-01
PDE loss in 19800th epoch:  1.000282e+08. Last save epoch and best loss so far: 19753,  9.940573e+07. Current error  2.918923e-01
PDE loss in 19900th epoch:  1.000086e+08. Last save epoch and best loss so far: 19871,  9.937945e+07. Current error  2.874213e-01
PDE loss in 20000th epoch:  9.943095e+07. Last save epoch and best loss so far: 19982,  9.935426e+07. Current error  2.870031e-01
PDE loss in 20100th epoch:  9.945098e+07. Last save epoch and best loss so far: 20051,  9.933939e+07. Current error  2.847484e-01
PDE loss in 20200th epoch:  9.932544e+07. Last save epoch and best loss so far: 20190,  9.931119e+07. Current error  2.828541e-01
PDE loss in 20300th epoch:  9.928603e+07. Last save epoch and best loss so far: 20299,  9.928658e+07. Current error  2.811620e-01
PDE loss in 20400th epoch:  9.942659e+07. Last save epoch and best loss so far: 20397,  9.926546e+07. Current error  2.796799e-01
PDE loss in 20500th epoch:  9.952530e+07. Last save epoch and best loss so far: 20424,  9.925741e+07. Current error  2.779415e-01
PDE loss in 20600th epoch:  9.967698e+07. Last save epoch and best loss so far: 20547,  9.923323e+07. Current error  2.774735e-01
PDE loss in 20700th epoch:  1.020190e+08. Last save epoch and best loss so far: 20671,  9.920576e+07. Current error  2.749664e-01
PDE loss in 20800th epoch:  9.989872e+07. Last save epoch and best loss so far: 20779,  9.918003e+07. Current error  2.737571e-01
PDE loss in 20900th epoch:  1.000904e+08. Last save epoch and best loss so far: 20852,  9.916408e+07. Current error  2.720310e-01
PDE loss in 21000th epoch:  9.944424e+07. Last save epoch and best loss so far: 20964,  9.914099e+07. Current error  2.713671e-01
PDE loss in 21100th epoch:  9.911233e+07. Last save epoch and best loss so far: 21090,  9.911245e+07. Current error  2.700352e-01
PDE loss in 21200th epoch:  1.001387e+08. Last save epoch and best loss so far: 21164,  9.909509e+07. Current error  2.687903e-01
PDE loss in 21300th epoch:  9.961691e+07. Last save epoch and best loss so far: 21258,  9.907353e+07. Current error  2.677770e-01
PDE loss in 21400th epoch:  1.004760e+08. Last save epoch and best loss so far: 21362,  9.905227e+07. Current error  2.688844e-01
PDE loss in 21500th epoch:  9.901843e+07. Last save epoch and best loss so far: 21499,  9.901866e+07. Current error  2.665300e-01
PDE loss in 21600th epoch:  9.900770e+07. Last save epoch and best loss so far: 21597,  9.899698e+07. Current error  2.662731e-01
PDE loss in 21700th epoch:  9.906847e+07. Last save epoch and best loss so far: 21654,  9.898421e+07. Current error  2.658922e-01
PDE loss in 21800th epoch:  9.897233e+07. Last save epoch and best loss so far: 21794,  9.895318e+07. Current error  2.657246e-01
PDE loss in 21900th epoch:  9.982659e+07. Last save epoch and best loss so far: 21862,  9.893819e+07. Current error  2.659785e-01
PDE loss in 22000th epoch:  9.900231e+07. Last save epoch and best loss so far: 21990,  9.890873e+07. Current error  2.658757e-01
PDE loss in 22100th epoch:  9.888925e+07. Last save epoch and best loss so far: 22096,  9.888474e+07. Current error  2.662037e-01
PDE loss in 22200th epoch:  9.975246e+07. Last save epoch and best loss so far: 22165,  9.886990e+07. Current error  2.675621e-01
PDE loss in 22300th epoch:  9.886324e+07. Last save epoch and best loss so far: 22235,  9.886569e+07. Current error  2.671355e-01
PDE loss in 22400th epoch:  9.894152e+07. Last save epoch and best loss so far: 22344,  9.882841e+07. Current error  2.680129e-01
PDE loss in 22500th epoch:  9.988400e+07. Last save epoch and best loss so far: 22462,  9.880173e+07. Current error  2.695090e-01
PDE loss in 22600th epoch:  9.877780e+07. Last save epoch and best loss so far: 22593,  9.877176e+07. Current error  2.704733e-01
PDE loss in 22700th epoch:  9.884315e+07. Last save epoch and best loss so far: 22668,  9.875497e+07. Current error  2.716463e-01
PDE loss in 22800th epoch:  9.872707e+07. Last save epoch and best loss so far: 22791,  9.872544e+07. Current error  2.730084e-01
PDE loss in 22900th epoch:  9.870625e+07. Last save epoch and best loss so far: 22884,  9.870341e+07. Current error  2.749782e-01
PDE loss in 23000th epoch:  9.868158e+07. Last save epoch and best loss so far: 22990,  9.867877e+07. Current error  2.766609e-01
PDE loss in 23100th epoch:  9.871683e+07. Last save epoch and best loss so far: 23082,  9.866234e+07. Current error  2.784110e-01
PDE loss in 23200th epoch:  9.982411e+07. Last save epoch and best loss so far: 23168,  9.863725e+07. Current error  2.818760e-01
PDE loss in 23300th epoch:  9.922811e+07. Last save epoch and best loss so far: 23295,  9.860777e+07. Current error  2.832837e-01
PDE loss in 23400th epoch:  1.013736e+08. Last save epoch and best loss so far: 23362,  9.859342e+07. Current error  2.873627e-01
PDE loss in 23500th epoch:  9.856226e+07. Last save epoch and best loss so far: 23496,  9.856102e+07. Current error  2.881964e-01
PDE loss in 23600th epoch:  9.853579e+07. Last save epoch and best loss so far: 23599,  9.853656e+07. Current error  2.904152e-01
PDE loss in 23700th epoch:  9.917750e+07. Last save epoch and best loss so far: 23648,  9.852481e+07. Current error  2.932580e-01
PDE loss in 23800th epoch:  9.860047e+07. Last save epoch and best loss so far: 23798,  9.849646e+07. Current error  2.964536e-01
PDE loss in 23900th epoch:  9.860942e+07. Last save epoch and best loss so far: 23845,  9.847814e+07. Current error  2.998485e-01
PDE loss in 24000th epoch:  9.844606e+07. Last save epoch and best loss so far: 23996,  9.844157e+07. Current error  3.025808e-01
PDE loss in 24100th epoch:  9.843486e+07. Last save epoch and best loss so far: 24084,  9.842051e+07. Current error  3.058760e-01
PDE loss in 24200th epoch:  9.868364e+07. Last save epoch and best loss so far: 24169,  9.840523e+07. Current error  3.107128e-01
PDE loss in 24300th epoch:  9.909015e+07. Last save epoch and best loss so far: 24257,  9.837932e+07. Current error  3.148282e-01
PDE loss in 24400th epoch:  9.834799e+07. Last save epoch and best loss so far: 24396,  9.834576e+07. Current error  3.171389e-01
PDE loss in 24500th epoch:  9.832699e+07. Last save epoch and best loss so far: 24491,  9.833410e+07. Current error  3.201837e-01
PDE loss in 24600th epoch:  9.831666e+07. Last save epoch and best loss so far: 24535,  9.831191e+07. Current error  3.251450e-01
PDE loss in 24700th epoch:  9.829673e+07. Last save epoch and best loss so far: 24687,  9.827579e+07. Current error  3.299373e-01
PDE loss in 24800th epoch:  9.829574e+07. Last save epoch and best loss so far: 24687,  9.827579e+07. Current error  3.338116e-01
PDE loss in 24900th epoch:  9.837814e+07. Last save epoch and best loss so far: 24895,  9.822704e+07. Current error  3.376246e-01
PDE loss in 25000th epoch:  9.839669e+07. Last save epoch and best loss so far: 24943,  9.821326e+07. Current error  3.419510e-01
PDE loss in 25100th epoch:  9.917899e+07. Last save epoch and best loss so far: 25077,  9.818216e+07. Current error  3.498997e-01
PDE loss in 25200th epoch:  9.815065e+07. Last save epoch and best loss so far: 25199,  9.815090e+07. Current error  3.526570e-01
PDE loss in 25300th epoch:  9.813075e+07. Last save epoch and best loss so far: 25296,  9.812746e+07. Current error  3.566183e-01
PDE loss in 25400th epoch:  9.812602e+07. Last save epoch and best loss so far: 25331,  9.811938e+07. Current error  3.612883e-01
PDE loss in 25500th epoch:  9.941408e+07. Last save epoch and best loss so far: 25468,  9.808647e+07. Current error  3.682416e-01
PDE loss in 25600th epoch:  9.867813e+07. Last save epoch and best loss so far: 25566,  9.806187e+07. Current error  3.747085e-01
PDE loss in 25700th epoch:  9.803816e+07. Last save epoch and best loss so far: 25685,  9.803279e+07. Current error  3.781066e-01
PDE loss in 25800th epoch:  9.802867e+07. Last save epoch and best loss so far: 25766,  9.802978e+07. Current error  3.831516e-01
PDE loss in 25900th epoch:  9.906090e+07. Last save epoch and best loss so far: 25861,  9.798958e+07. Current error  3.906809e-01
PDE loss in 26000th epoch:  9.826258e+07. Last save epoch and best loss so far: 25965,  9.796406e+07. Current error  3.947975e-01
PDE loss in 26100th epoch:  9.793148e+07. Last save epoch and best loss so far: 26099,  9.793163e+07. Current error  4.006137e-01
PDE loss in 26200th epoch:  9.790690e+07. Last save epoch and best loss so far: 26199,  9.790691e+07. Current error  4.066307e-01
PDE loss in 26300th epoch:  9.789744e+07. Last save epoch and best loss so far: 26296,  9.788335e+07. Current error  4.108964e-01
PDE loss in 26400th epoch:  9.786922e+07. Last save epoch and best loss so far: 26399,  9.786249e+07. Current error  4.176552e-01
PDE loss in 26500th epoch:  9.783779e+07. Last save epoch and best loss so far: 26498,  9.783653e+07. Current error  4.245151e-01
PDE loss in 26600th epoch:  9.994290e+07. Last save epoch and best loss so far: 26579,  9.781470e+07. Current error  4.349830e-01
PDE loss in 26700th epoch:  9.778646e+07. Last save epoch and best loss so far: 26699,  9.778656e+07. Current error  4.375661e-01
PDE loss in 26800th epoch:  9.776122e+07. Last save epoch and best loss so far: 26799,  9.776237e+07. Current error  4.431871e-01
PDE loss in 26900th epoch:  9.775037e+07. Last save epoch and best loss so far: 26899,  9.774066e+07. Current error  4.485300e-01
PDE loss in 27000th epoch:  9.792777e+07. Last save epoch and best loss so far: 26995,  9.772106e+07. Current error  4.559667e-01
PDE loss in 27100th epoch:  9.941834e+07. Last save epoch and best loss so far: 27079,  9.769407e+07. Current error  4.641866e-01
PDE loss in 27200th epoch:  9.766413e+07. Last save epoch and best loss so far: 27199,  9.766432e+07. Current error  4.707390e-01
PDE loss in 27300th epoch:  9.771166e+07. Last save epoch and best loss so far: 27289,  9.764330e+07. Current error  4.777793e-01
PDE loss in 27400th epoch:  9.761613e+07. Last save epoch and best loss so far: 27399,  9.761670e+07. Current error  4.846541e-01
PDE loss in 27500th epoch:  9.766310e+07. Last save epoch and best loss so far: 27491,  9.759609e+07. Current error  4.934858e-01
PDE loss in 27600th epoch:  9.756810e+07. Last save epoch and best loss so far: 27599,  9.756805e+07. Current error  4.996570e-01
PDE loss in 27700th epoch:  9.890415e+07. Last save epoch and best loss so far: 27681,  9.754838e+07. Current error  5.097482e-01
PDE loss in 27800th epoch:  9.751928e+07. Last save epoch and best loss so far: 27799,  9.751950e+07. Current error  5.137189e-01
PDE loss in 27900th epoch:  9.756813e+07. Last save epoch and best loss so far: 27831,  9.751213e+07. Current error  5.202760e-01
PDE loss in 28000th epoch:  9.747170e+07. Last save epoch and best loss so far: 27999,  9.747150e+07. Current error  5.286232e-01
PDE loss in 28100th epoch:  9.745696e+07. Last save epoch and best loss so far: 28090,  9.745096e+07. Current error  5.363023e-01
PDE loss in 28200th epoch:  9.742826e+07. Last save epoch and best loss so far: 28188,  9.742642e+07. Current error  5.429124e-01
PDE loss in 28300th epoch:  9.742047e+07. Last save epoch and best loss so far: 28295,  9.740106e+07. Current error  5.499229e-01
PDE loss in 28400th epoch:  9.760384e+07. Last save epoch and best loss so far: 28308,  9.739747e+07. Current error  5.580468e-01
PDE loss in 28500th epoch:  9.743234e+07. Last save epoch and best loss so far: 28492,  9.736480e+07. Current error  5.667270e-01
PDE loss in 28600th epoch:  9.734155e+07. Last save epoch and best loss so far: 28599,  9.733302e+07. Current error  5.729201e-01
PDE loss in 28700th epoch:  9.794394e+07. Last save epoch and best loss so far: 28653,  9.731770e+07. Current error  5.821799e-01
PDE loss in 28800th epoch:  9.818832e+07. Last save epoch and best loss so far: 28748,  9.729422e+07. Current error  5.893843e-01
PDE loss in 28900th epoch:  9.736736e+07. Last save epoch and best loss so far: 28840,  9.727124e+07. Current error  5.983050e-01
PDE loss in 29000th epoch:  9.726613e+07. Last save epoch and best loss so far: 28978,  9.723882e+07. Current error  6.052017e-01
PDE loss in 29100th epoch:  9.759957e+07. Last save epoch and best loss so far: 29067,  9.721766e+07. Current error  6.148893e-01
PDE loss in 29200th epoch:  9.732202e+07. Last save epoch and best loss so far: 29186,  9.719107e+07. Current error  6.225684e-01
PDE loss in 29300th epoch:  9.716411e+07. Last save epoch and best loss so far: 29299,  9.716450e+07. Current error  6.293241e-01
PDE loss in 29400th epoch:  1.000772e+08. Last save epoch and best loss so far: 29374,  9.715808e+07. Current error  6.359126e-01
PDE loss in 29500th epoch:  9.734901e+07. Last save epoch and best loss so far: 29466,  9.712502e+07. Current error  6.440537e-01
PDE loss in 29600th epoch:  9.709830e+07. Last save epoch and best loss so far: 29589,  9.709667e+07. Current error  6.520003e-01
PDE loss in 29700th epoch:  9.707846e+07. Last save epoch and best loss so far: 29695,  9.707330e+07. Current error  6.583401e-01
PDE loss in 29800th epoch:  9.708264e+07. Last save epoch and best loss so far: 29783,  9.705459e+07. Current error  6.663426e-01
PDE loss in 29900th epoch:  9.703499e+07. Last save epoch and best loss so far: 29890,  9.702942e+07. Current error  6.727767e-01
Current loss  9.702384e+07, Best loss  9.700738e+07. Restoring best model weights.
