created virtual environment CPython3.10.2.final.0-64 in 2679ms
  creator CPython3Posix(dest=/local/weiqiw.3448309.0/env, clear=False, no_vcs_ignore=False, global=False)
  seeder FromAppData(download=False, pip=bundle, setuptools=bundle, wheel=bundle, via=copy, app_data_dir=/home/weiqiw/.local/share/virtualenv)
    added seed packages: pip==22.3.1, setuptools==65.6.3, wheel==0.38.4
  activators BashActivator,CShellActivator,FishActivator,NushellActivator,PowerShellActivator,PythonActivator
Looking in links: /cvmfs/soft.computecanada.ca/custom/python/wheelhouse/gentoo/avx2, /cvmfs/soft.computecanada.ca/custom/python/wheelhouse/gentoo/generic, /cvmfs/soft.computecanada.ca/custom/python/wheelhouse/generic
Requirement already satisfied: pip in /local/weiqiw.3448309.0/env/lib/python3.10/site-packages (22.3.1)
Processing /cvmfs/soft.computecanada.ca/custom/python/wheelhouse/generic/pip-23.0+computecanada-py3-none-any.whl
Installing collected packages: pip
  Attempting uninstall: pip
    Found existing installation: pip 22.3.1
    Uninstalling pip-22.3.1:
      Successfully uninstalled pip-22.3.1
Successfully installed pip-23.0+computecanada
Looking in links: /cvmfs/soft.computecanada.ca/custom/python/wheelhouse/gentoo/avx2, /cvmfs/soft.computecanada.ca/custom/python/wheelhouse/gentoo/generic, /cvmfs/soft.computecanada.ca/custom/python/wheelhouse/generic
Processing /cvmfs/soft.computecanada.ca/custom/python/wheelhouse/gentoo/generic/numpy-1.23.0+computecanada-cp310-cp310-linux_x86_64.whl
Installing collected packages: numpy
Successfully installed numpy-1.23.0+computecanada
Looking in links: /cvmfs/soft.computecanada.ca/custom/python/wheelhouse/gentoo/avx2, /cvmfs/soft.computecanada.ca/custom/python/wheelhouse/gentoo/generic, /cvmfs/soft.computecanada.ca/custom/python/wheelhouse/generic
Processing /cvmfs/soft.computecanada.ca/custom/python/wheelhouse/gentoo/generic/tensorflow-2.8.0+computecanada-cp310-cp310-linux_x86_64.whl
Processing /cvmfs/soft.computecanada.ca/custom/python/wheelhouse/generic/keras-2.8.0+computecanada-py2.py3-none-any.whl
Processing /cvmfs/soft.computecanada.ca/custom/python/wheelhouse/generic/libclang-14.0.1+computecanada-py2.py3-none-linux_x86_64.whl
Processing /cvmfs/soft.computecanada.ca/custom/python/wheelhouse/generic/termcolor-1.1.0+computecanada-py3-none-any.whl
Requirement already satisfied: setuptools in /local/weiqiw.3448309.0/env/lib/python3.10/site-packages (from tensorflow==2.8) (65.6.3)
Requirement already satisfied: numpy>=1.20 in /local/weiqiw.3448309.0/env/lib/python3.10/site-packages (from tensorflow==2.8) (1.23.0+computecanada)
Processing /cvmfs/soft.computecanada.ca/custom/python/wheelhouse/generic/typing_extensions-4.4.0+computecanada-py3-none-any.whl
Processing /cvmfs/soft.computecanada.ca/custom/python/wheelhouse/generic/six-1.16.0+computecanada-py2.py3-none-any.whl
Processing /cvmfs/soft.computecanada.ca/custom/python/wheelhouse/generic/wrapt-1.14.1+computecanada-cp310-cp310-linux_x86_64.whl
Processing /cvmfs/soft.computecanada.ca/custom/python/wheelhouse/generic/grpcio-1.47.0+computecanada-cp310-cp310-linux_x86_64.whl
Processing /cvmfs/soft.computecanada.ca/custom/python/wheelhouse/generic/tensorflow_io_gcs_filesystem-0.26.0+computecanada-cp310-cp310-linux_x86_64.whl
Processing /cvmfs/soft.computecanada.ca/custom/python/wheelhouse/gentoo/avx2/h5py-3.7.0+computecanada-cp310-cp310-linux_x86_64.whl
Processing /cvmfs/soft.computecanada.ca/custom/python/wheelhouse/generic/absl_py-1.4.0+computecanada-py3-none-any.whl
Processing /cvmfs/soft.computecanada.ca/custom/python/wheelhouse/gentoo/avx2/protobuf-4.21.5+computecanada-cp310-cp310-linux_x86_64.whl
Processing /cvmfs/soft.computecanada.ca/custom/python/wheelhouse/generic/Keras_Preprocessing-1.1.2+computecanada-py3-none-any.whl
Processing /cvmfs/soft.computecanada.ca/custom/python/wheelhouse/generic/astunparse-1.6.3+computecanada-py2.py3-none-any.whl
Processing /cvmfs/soft.computecanada.ca/custom/python/wheelhouse/generic/tensorboard-2.8.0+computecanada-py3-none-any.whl
Processing /cvmfs/soft.computecanada.ca/custom/python/wheelhouse/generic/google_pasta-0.2.0+computecanada-py3-none-any.whl
Processing /cvmfs/soft.computecanada.ca/custom/python/wheelhouse/generic/flatbuffers-20190709135844+computecanada-py2.py3-none-any.whl
Processing /cvmfs/soft.computecanada.ca/custom/python/wheelhouse/generic/gast-0.5.3+computecanada-py3-none-any.whl
Processing /cvmfs/soft.computecanada.ca/custom/python/wheelhouse/generic/tf_estimator_nightly-2.8.0.dev2021122109+computecanada-py2.py3-none-any.whl
Processing /cvmfs/soft.computecanada.ca/custom/python/wheelhouse/generic/opt_einsum-3.3.0+computecanada-py3-none-any.whl
Requirement already satisfied: wheel<1.0,>=0.23.0 in /local/weiqiw.3448309.0/env/lib/python3.10/site-packages (from astunparse>=1.6.0->tensorflow==2.8) (0.38.4)
Processing /cvmfs/soft.computecanada.ca/custom/python/wheelhouse/generic/google_auth-2.16.0+computecanada-py2.py3-none-any.whl
Processing /cvmfs/soft.computecanada.ca/custom/python/wheelhouse/generic/tensorboard_data_server-0.6.1+computecanada-py3-none-linux_x86_64.whl
Processing /cvmfs/soft.computecanada.ca/custom/python/wheelhouse/generic/Werkzeug-2.2.2+computecanada-py3-none-any.whl
Processing /cvmfs/soft.computecanada.ca/custom/python/wheelhouse/generic/tensorboard_plugin_wit-1.8.1+computecanada-py3-none-any.whl
Processing /cvmfs/soft.computecanada.ca/custom/python/wheelhouse/generic/Markdown-3.4.1+computecanada-py3-none-any.whl
Processing /cvmfs/soft.computecanada.ca/custom/python/wheelhouse/generic/requests-2.28.2+computecanada-py3-none-any.whl
Processing /cvmfs/soft.computecanada.ca/custom/python/wheelhouse/generic/google_auth_oauthlib-0.4.6+computecanada-py2.py3-none-any.whl
Processing /cvmfs/soft.computecanada.ca/custom/python/wheelhouse/generic/rsa-4.9+computecanada-py3-none-any.whl
Processing /cvmfs/soft.computecanada.ca/custom/python/wheelhouse/generic/cachetools-5.3.0+computecanada-py3-none-any.whl
Processing /cvmfs/soft.computecanada.ca/custom/python/wheelhouse/generic/pyasn1_modules-0.2.8+computecanada-py2.py3-none-any.whl
Processing /cvmfs/soft.computecanada.ca/custom/python/wheelhouse/generic/requests_oauthlib-1.3.1+computecanada-py2.py3-none-any.whl
Processing /cvmfs/soft.computecanada.ca/custom/python/wheelhouse/generic/charset_normalizer-3.0.1+computecanada-py3-none-any.whl
Processing /cvmfs/soft.computecanada.ca/custom/python/wheelhouse/generic/idna-3.4+computecanada-py3-none-any.whl
Processing /cvmfs/soft.computecanada.ca/custom/python/wheelhouse/generic/urllib3-1.26.14+computecanada-py2.py3-none-any.whl
Processing /cvmfs/soft.computecanada.ca/custom/python/wheelhouse/generic/certifi-2022.12.7+computecanada-py3-none-any.whl
Processing /cvmfs/soft.computecanada.ca/custom/python/wheelhouse/generic/MarkupSafe-2.1.1+computecanada-cp310-cp310-linux_x86_64.whl
Processing /cvmfs/soft.computecanada.ca/custom/python/wheelhouse/generic/pyasn1-0.4.8+computecanada-py2.py3-none-any.whl
Processing /cvmfs/soft.computecanada.ca/custom/python/wheelhouse/generic/oauthlib-3.2.2+computecanada-py3-none-any.whl
Installing collected packages: tf-estimator-nightly, termcolor, tensorboard-plugin-wit, pyasn1, libclang, keras, flatbuffers, charset-normalizer, wrapt, urllib3, typing-extensions, tensorflow-io-gcs-filesystem, tensorboard-data-server, six, rsa, pyasn1-modules, protobuf, opt-einsum, oauthlib, MarkupSafe, markdown, idna, h5py, gast, certifi, cachetools, absl-py, werkzeug, requests, keras-preprocessing, grpcio, google-pasta, google-auth, astunparse, requests-oauthlib, google-auth-oauthlib, tensorboard, tensorflow
Successfully installed MarkupSafe-2.1.1+computecanada absl-py-1.4.0+computecanada astunparse-1.6.3+computecanada cachetools-5.3.0+computecanada certifi-2022.12.7+computecanada charset-normalizer-3.0.1+computecanada flatbuffers-20190709135844+computecanada gast-0.5.3+computecanada google-auth-2.16.0+computecanada google-auth-oauthlib-0.4.6+computecanada google-pasta-0.2.0+computecanada grpcio-1.47.0+computecanada h5py-3.7.0+computecanada idna-3.4+computecanada keras-2.8.0+computecanada keras-preprocessing-1.1.2+computecanada libclang-14.0.1+computecanada markdown-3.4.1+computecanada oauthlib-3.2.2+computecanada opt-einsum-3.3.0+computecanada protobuf-4.21.5+computecanada pyasn1-0.4.8+computecanada pyasn1-modules-0.2.8+computecanada requests-2.28.2+computecanada requests-oauthlib-1.3.1+computecanada rsa-4.9+computecanada six-1.16.0+computecanada tensorboard-2.8.0+computecanada tensorboard-data-server-0.6.1+computecanada tensorboard-plugin-wit-1.8.1+computecanada tensorflow-2.8.0+computecanada tensorflow-io-gcs-filesystem-0.26.0+computecanada termcolor-1.1.0+computecanada tf-estimator-nightly-2.8.0.dev2021122109+computecanada typing-extensions-4.4.0+computecanada urllib3-1.26.14+computecanada werkzeug-2.2.2+computecanada wrapt-1.14.1+computecanada
2023-02-08 17:11:29.617281: I tensorflow/core/platform/cpu_feature_guard.cc:151] This TensorFlow binary is optimized with oneAPI Deep Neural Network Library (oneDNN) to use the following CPU instructions in performance-critical operations:  AVX2 FMA
To enable them in other operations, rebuild TensorFlow with the appropriate compiler flags.
2023-02-08 17:11:30.273492: I tensorflow/core/common_runtime/gpu/gpu_device.cc:1525] Created device /job:localhost/replica:0/task:0/device:GPU:0 with 11319 MB memory:  -> device: 0, name: Tesla P100-PCIE-12GB, pci bus id: 0000:04:00.0, compute capability: 6.0
['high_dimensional_periodic_diffusion_example_3.py', '20', '8192', '0.5', '30000', '10000', 'example3_dim20_N8192', '3', '4']
Num GPUs: 1
Model: "sequential"
_________________________________________________________________
 Layer (type)                Output Shape              Param #   
=================================================================
 first_periodic_layer (Dense  (None, 220)              4620      
 )                                                               
                                                                 
 second_periodic_layer (Dens  (None, 220)              48620     
 e)                                                              
                                                                 
 hidden_layer_0 (Dense)      (None, 30)                6630      
                                                                 
 hidden_layer_1 (Dense)      (None, 30)                930       
                                                                 
 first_to_last_hidden_layer   (None, 30)               930       
 (Dense)                                                         
                                                                 
 dense (Dense)               (None, 1)                 31        
                                                                 
=================================================================
Total params: 61,761
Trainable params: 61,761
Non-trainable params: 0
_________________________________________________________________
None
[0.06863482 0.06197609 0.3888085 ]
[3 1 1]
[2 4 2]
[13 10 11]
[19  3  0]
PDE loss in 0th epoch:  2.491685e+07. Last save epoch and best loss so far: -1,  1.000000e+12. Current error  1.055650e+00
PDE loss in 100th epoch:  1.885670e+07. Last save epoch and best loss so far: 99,  1.885893e+07. Current error  2.154951e+00
PDE loss in 200th epoch:  1.757655e+07. Last save epoch and best loss so far: 199,  1.760583e+07. Current error  1.453854e+00
PDE loss in 300th epoch:  1.261188e+07. Last save epoch and best loss so far: 299,  1.266284e+07. Current error  2.309810e+00
PDE loss in 400th epoch:  8.258254e+06. Last save epoch and best loss so far: 399,  8.291177e+06. Current error  2.741769e+00
PDE loss in 500th epoch:  6.091241e+06. Last save epoch and best loss so far: 499,  6.106201e+06. Current error  2.460503e+00
PDE loss in 600th epoch:  5.005602e+06. Last save epoch and best loss so far: 599,  5.013653e+06. Current error  1.801428e+00
PDE loss in 700th epoch:  4.336260e+06. Last save epoch and best loss so far: 699,  4.341567e+06. Current error  1.509868e+00
PDE loss in 800th epoch:  3.927898e+06. Last save epoch and best loss so far: 799,  3.930816e+06. Current error  1.418439e+00
PDE loss in 900th epoch:  3.605069e+06. Last save epoch and best loss so far: 899,  3.608011e+06. Current error  1.405289e+00
PDE loss in 1000th epoch:  3.369572e+06. Last save epoch and best loss so far: 997,  3.359375e+06. Current error  1.407311e+00
PDE loss in 1100th epoch:  3.136906e+06. Last save epoch and best loss so far: 1099,  3.139126e+06. Current error  1.413831e+00
PDE loss in 1200th epoch:  2.943389e+06. Last save epoch and best loss so far: 1199,  2.945105e+06. Current error  1.431377e+00
PDE loss in 1300th epoch:  2.781030e+06. Last save epoch and best loss so far: 1297,  2.775571e+06. Current error  1.436962e+00
PDE loss in 1400th epoch:  2.616923e+06. Last save epoch and best loss so far: 1399,  2.618368e+06. Current error  1.421507e+00
PDE loss in 1500th epoch:  2.510641e+06. Last save epoch and best loss so far: 1492,  2.498005e+06. Current error  1.402457e+00
PDE loss in 1600th epoch:  2.370850e+06. Last save epoch and best loss so far: 1599,  2.373038e+06. Current error  1.416553e+00
PDE loss in 1700th epoch:  2.265544e+06. Last save epoch and best loss so far: 1699,  2.266202e+06. Current error  1.474735e+00
PDE loss in 1800th epoch:  2.173100e+06. Last save epoch and best loss so far: 1799,  2.175402e+06. Current error  1.560082e+00
PDE loss in 1900th epoch:  2.127142e+06. Last save epoch and best loss so far: 1893,  2.100203e+06. Current error  1.645687e+00
PDE loss in 2000th epoch:  2.021310e+06. Last save epoch and best loss so far: 1999,  2.021203e+06. Current error  1.714779e+00
PDE loss in 2100th epoch:  1.952780e+06. Last save epoch and best loss so far: 2099,  1.953540e+06. Current error  1.771324e+00
PDE loss in 2200th epoch:  1.889977e+06. Last save epoch and best loss so far: 2197,  1.889417e+06. Current error  1.826174e+00
PDE loss in 2300th epoch:  1.857260e+06. Last save epoch and best loss so far: 2292,  1.829793e+06. Current error  1.886684e+00
PDE loss in 2400th epoch:  1.767662e+06. Last save epoch and best loss so far: 2399,  1.766180e+06. Current error  1.944992e+00
PDE loss in 2500th epoch:  1.716356e+06. Last save epoch and best loss so far: 2498,  1.708222e+06. Current error  1.986405e+00
PDE loss in 2600th epoch:  1.653920e+06. Last save epoch and best loss so far: 2599,  1.654530e+06. Current error  1.993749e+00
PDE loss in 2700th epoch:  1.627498e+06. Last save epoch and best loss so far: 2691,  1.610691e+06. Current error  1.956369e+00
PDE loss in 2800th epoch:  1.559344e+06. Last save epoch and best loss so far: 2799,  1.559696e+06. Current error  1.869991e+00
PDE loss in 2900th epoch:  1.520747e+06. Last save epoch and best loss so far: 2899,  1.518234e+06. Current error  1.744162e+00
PDE loss in 3000th epoch:  1.478750e+06. Last save epoch and best loss so far: 2999,  1.482559e+06. Current error  1.605159e+00
PDE loss in 3100th epoch:  1.442401e+06. Last save epoch and best loss so far: 3099,  1.443098e+06. Current error  1.485454e+00
PDE loss in 3200th epoch:  1.409940e+06. Last save epoch and best loss so far: 3199,  1.409396e+06. Current error  1.407967e+00
PDE loss in 3300th epoch:  1.391408e+06. Last save epoch and best loss so far: 3297,  1.379725e+06. Current error  1.385953e+00
PDE loss in 3400th epoch:  1.352490e+06. Last save epoch and best loss so far: 3399,  1.355509e+06. Current error  1.413668e+00
PDE loss in 3500th epoch:  1.325290e+06. Last save epoch and best loss so far: 3499,  1.326283e+06. Current error  1.474677e+00
PDE loss in 3600th epoch:  1.299002e+06. Last save epoch and best loss so far: 3599,  1.299413e+06. Current error  1.549648e+00
PDE loss in 3700th epoch:  1.273361e+06. Last save epoch and best loss so far: 3699,  1.274142e+06. Current error  1.620187e+00
PDE loss in 3800th epoch:  1.250683e+06. Last save epoch and best loss so far: 3799,  1.251178e+06. Current error  1.679343e+00
PDE loss in 3900th epoch:  1.230866e+06. Last save epoch and best loss so far: 3894,  1.230310e+06. Current error  1.724082e+00
PDE loss in 4000th epoch:  1.211802e+06. Last save epoch and best loss so far: 3973,  1.212276e+06. Current error  1.755911e+00
PDE loss in 4100th epoch:  1.193088e+06. Last save epoch and best loss so far: 4091,  1.188676e+06. Current error  1.777438e+00
PDE loss in 4200th epoch:  1.172321e+06. Last save epoch and best loss so far: 4179,  1.169488e+06. Current error  1.791735e+00
PDE loss in 4300th epoch:  1.147710e+06. Last save epoch and best loss so far: 4299,  1.147872e+06. Current error  1.800823e+00
PDE loss in 4400th epoch:  1.142172e+06. Last save epoch and best loss so far: 4376,  1.132572e+06. Current error  1.801824e+00
PDE loss in 4500th epoch:  1.115362e+06. Last save epoch and best loss so far: 4485,  1.112495e+06. Current error  1.803212e+00
PDE loss in 4600th epoch:  1.101062e+06. Last save epoch and best loss so far: 4594,  1.094870e+06. Current error  1.805332e+00
PDE loss in 4700th epoch:  1.081362e+06. Last save epoch and best loss so far: 4695,  1.078509e+06. Current error  1.811630e+00
PDE loss in 4800th epoch:  1.066372e+06. Last save epoch and best loss so far: 4780,  1.064422e+06. Current error  1.819913e+00
PDE loss in 4900th epoch:  1.046550e+06. Last save epoch and best loss so far: 4899,  1.046702e+06. Current error  1.840923e+00
PDE loss in 5000th epoch:  1.032396e+06. Last save epoch and best loss so far: 4999,  1.032957e+06. Current error  1.865298e+00
PDE loss in 5100th epoch:  1.040216e+06. Last save epoch and best loss so far: 5091,  1.020841e+06. Current error  1.899897e+00
PDE loss in 5200th epoch:  1.012759e+06. Last save epoch and best loss so far: 5189,  1.007032e+06. Current error  1.943758e+00
PDE loss in 5300th epoch:  1.003657e+06. Last save epoch and best loss so far: 5288,  9.945288e+05. Current error  1.993515e+00
PDE loss in 5400th epoch:  9.872500e+05. Last save epoch and best loss so far: 5354,  9.864138e+05. Current error  2.049358e+00
PDE loss in 5500th epoch:  9.853185e+05. Last save epoch and best loss so far: 5477,  9.732022e+05. Current error  2.112112e+00
PDE loss in 5600th epoch:  9.648240e+05. Last save epoch and best loss so far: 5591,  9.600069e+05. Current error  2.178474e+00
PDE loss in 5700th epoch:  9.498503e+05. Last save epoch and best loss so far: 5684,  9.493734e+05. Current error  2.250467e+00
PDE loss in 5800th epoch:  9.450467e+05. Last save epoch and best loss so far: 5796,  9.381740e+05. Current error  2.323260e+00
PDE loss in 5900th epoch:  9.276124e+05. Last save epoch and best loss so far: 5899,  9.270951e+05. Current error  2.401241e+00
PDE loss in 6000th epoch:  9.191444e+05. Last save epoch and best loss so far: 5988,  9.200402e+05. Current error  2.483571e+00
PDE loss in 6100th epoch:  9.095128e+05. Last save epoch and best loss so far: 6090,  9.097965e+05. Current error  2.564397e+00
PDE loss in 6200th epoch:  8.994748e+05. Last save epoch and best loss so far: 6199,  8.992019e+05. Current error  2.647829e+00
PDE loss in 6300th epoch:  9.144002e+05. Last save epoch and best loss so far: 6288,  8.931249e+05. Current error  2.731040e+00
PDE loss in 6400th epoch:  8.848257e+05. Last save epoch and best loss so far: 6392,  8.821912e+05. Current error  2.822233e+00
PDE loss in 6500th epoch:  8.743201e+05. Last save epoch and best loss so far: 6499,  8.747886e+05. Current error  2.907188e+00
PDE loss in 6600th epoch:  8.656212e+05. Last save epoch and best loss so far: 6599,  8.670916e+05. Current error  2.999203e+00
PDE loss in 6700th epoch:  8.741779e+05. Last save epoch and best loss so far: 6693,  8.602946e+05. Current error  3.091865e+00
PDE loss in 6800th epoch:  8.615844e+05. Last save epoch and best loss so far: 6787,  8.521908e+05. Current error  3.187199e+00
PDE loss in 6900th epoch:  8.494980e+05. Last save epoch and best loss so far: 6882,  8.457865e+05. Current error  3.275790e+00
PDE loss in 7000th epoch:  8.518621e+05. Last save epoch and best loss so far: 6966,  8.370153e+05. Current error  3.368914e+00
PDE loss in 7100th epoch:  8.310808e+05. Last save epoch and best loss so far: 7098,  8.278612e+05. Current error  3.459681e+00
PDE loss in 7200th epoch:  8.270239e+05. Last save epoch and best loss so far: 7177,  8.240934e+05. Current error  3.550200e+00
PDE loss in 7300th epoch:  8.262029e+05. Last save epoch and best loss so far: 7277,  8.165674e+05. Current error  3.638453e+00
PDE loss in 7400th epoch:  8.065332e+05. Last save epoch and best loss so far: 7399,  8.066638e+05. Current error  3.726902e+00
PDE loss in 7500th epoch:  8.017647e+05. Last save epoch and best loss so far: 7495,  8.007637e+05. Current error  3.807432e+00
PDE loss in 7600th epoch:  7.947761e+05. Last save epoch and best loss so far: 7599,  7.931238e+05. Current error  3.886312e+00
PDE loss in 7700th epoch:  7.966561e+05. Last save epoch and best loss so far: 7650,  7.910736e+05. Current error  3.962978e+00
PDE loss in 7800th epoch:  7.883395e+05. Last save epoch and best loss so far: 7788,  7.829360e+05. Current error  4.039416e+00
PDE loss in 7900th epoch:  7.779095e+05. Last save epoch and best loss so far: 7897,  7.752816e+05. Current error  4.110749e+00
PDE loss in 8000th epoch:  7.674868e+05. Last save epoch and best loss so far: 7999,  7.674109e+05. Current error  4.181556e+00
PDE loss in 8100th epoch:  7.833139e+05. Last save epoch and best loss so far: 8054,  7.653272e+05. Current error  4.248200e+00
PDE loss in 8200th epoch:  7.640225e+05. Last save epoch and best loss so far: 8158,  7.578955e+05. Current error  4.309476e+00
PDE loss in 8300th epoch:  7.652574e+05. Last save epoch and best loss so far: 8279,  7.505918e+05. Current error  4.374078e+00
PDE loss in 8400th epoch:  7.501098e+05. Last save epoch and best loss so far: 8396,  7.441339e+05. Current error  4.430338e+00
PDE loss in 8500th epoch:  7.469379e+05. Last save epoch and best loss so far: 8482,  7.392445e+05. Current error  4.483012e+00
PDE loss in 8600th epoch:  7.488562e+05. Last save epoch and best loss so far: 8572,  7.350736e+05. Current error  4.533566e+00
PDE loss in 8700th epoch:  7.279966e+05. Last save epoch and best loss so far: 8675,  7.283469e+05. Current error  4.578534e+00
PDE loss in 8800th epoch:  7.273960e+05. Last save epoch and best loss so far: 8789,  7.223641e+05. Current error  4.618704e+00
PDE loss in 8900th epoch:  7.254902e+05. Last save epoch and best loss so far: 8887,  7.170385e+05. Current error  4.655189e+00
PDE loss in 9000th epoch:  7.113872e+05. Last save epoch and best loss so far: 8997,  7.112478e+05. Current error  4.687599e+00
PDE loss in 9100th epoch:  7.101352e+05. Last save epoch and best loss so far: 9087,  7.063540e+05. Current error  4.713069e+00
PDE loss in 9200th epoch:  7.047281e+05. Last save epoch and best loss so far: 9181,  7.042248e+05. Current error  4.734902e+00
PDE loss in 9300th epoch:  7.202785e+05. Last save epoch and best loss so far: 9267,  6.977514e+05. Current error  4.753700e+00
PDE loss in 9400th epoch:  6.997195e+05. Last save epoch and best loss so far: 9369,  6.918516e+05. Current error  4.769397e+00
PDE loss in 9500th epoch:  6.999721e+05. Last save epoch and best loss so far: 9478,  6.863078e+05. Current error  4.780805e+00
PDE loss in 9600th epoch:  6.919748e+05. Last save epoch and best loss so far: 9584,  6.818017e+05. Current error  4.789957e+00
PDE loss in 9700th epoch:  6.827385e+05. Last save epoch and best loss so far: 9684,  6.763276e+05. Current error  4.794900e+00
PDE loss in 9800th epoch:  6.709981e+05. Last save epoch and best loss so far: 9799,  6.709098e+05. Current error  4.797011e+00
PDE loss in 9900th epoch:  6.755026e+05. Last save epoch and best loss so far: 9847,  6.690454e+05. Current error  4.796487e+00
PDE loss in 10000th epoch:  6.680106e+05. Last save epoch and best loss so far: 9988,  6.626194e+05. Current error  4.792849e+00
PDE loss in 10100th epoch:  6.670502e+05. Last save epoch and best loss so far: 10078,  6.588594e+05. Current error  4.787976e+00
PDE loss in 10200th epoch:  6.563032e+05. Last save epoch and best loss so far: 10190,  6.535058e+05. Current error  4.777695e+00
PDE loss in 10300th epoch:  6.593842e+05. Last save epoch and best loss so far: 10285,  6.493360e+05. Current error  4.763027e+00
PDE loss in 10400th epoch:  6.466696e+05. Last save epoch and best loss so far: 10398,  6.461456e+05. Current error  4.749054e+00
PDE loss in 10500th epoch:  6.525346e+05. Last save epoch and best loss so far: 10478,  6.418503e+05. Current error  4.728074e+00
PDE loss in 10600th epoch:  6.372596e+05. Last save epoch and best loss so far: 10592,  6.360960e+05. Current error  4.708499e+00
PDE loss in 10700th epoch:  6.392433e+05. Last save epoch and best loss so far: 10660,  6.330483e+05. Current error  4.686112e+00
PDE loss in 10800th epoch:  6.311823e+05. Last save epoch and best loss so far: 10793,  6.283905e+05. Current error  4.659137e+00
PDE loss in 10900th epoch:  6.320673e+05. Last save epoch and best loss so far: 10868,  6.247776e+05. Current error  4.633161e+00
PDE loss in 11000th epoch:  6.194742e+05. Last save epoch and best loss so far: 10999,  6.198849e+05. Current error  4.601236e+00
PDE loss in 11100th epoch:  6.289044e+05. Last save epoch and best loss so far: 11081,  6.178953e+05. Current error  4.570267e+00
PDE loss in 11200th epoch:  6.165256e+05. Last save epoch and best loss so far: 11195,  6.133026e+05. Current error  4.539854e+00
PDE loss in 11300th epoch:  6.155052e+05. Last save epoch and best loss so far: 11292,  6.096788e+05. Current error  4.506623e+00
PDE loss in 11400th epoch:  6.202890e+05. Last save epoch and best loss so far: 11366,  6.057664e+05. Current error  4.468998e+00
PDE loss in 11500th epoch:  6.014081e+05. Last save epoch and best loss so far: 11498,  6.007485e+05. Current error  4.432961e+00
PDE loss in 11600th epoch:  6.002480e+05. Last save epoch and best loss so far: 11546,  5.988739e+05. Current error  4.394125e+00
PDE loss in 11700th epoch:  5.984639e+05. Last save epoch and best loss so far: 11676,  5.970971e+05. Current error  4.352186e+00
PDE loss in 11800th epoch:  5.934961e+05. Last save epoch and best loss so far: 11778,  5.912729e+05. Current error  4.314712e+00
PDE loss in 11900th epoch:  5.934395e+05. Last save epoch and best loss so far: 11868,  5.873918e+05. Current error  4.269087e+00
PDE loss in 12000th epoch:  5.892892e+05. Last save epoch and best loss so far: 11993,  5.842454e+05. Current error  4.227403e+00
PDE loss in 12100th epoch:  5.804241e+05. Last save epoch and best loss so far: 12099,  5.802802e+05. Current error  4.184100e+00
PDE loss in 12200th epoch:  5.932227e+05. Last save epoch and best loss so far: 12177,  5.767806e+05. Current error  4.140955e+00
PDE loss in 12300th epoch:  5.750289e+05. Last save epoch and best loss so far: 12297,  5.735688e+05. Current error  4.096217e+00
PDE loss in 12400th epoch:  5.705767e+05. Last save epoch and best loss so far: 12397,  5.698254e+05. Current error  4.049904e+00
PDE loss in 12500th epoch:  5.662919e+05. Last save epoch and best loss so far: 12497,  5.661901e+05. Current error  4.005946e+00
PDE loss in 12600th epoch:  6.329351e+05. Last save epoch and best loss so far: 12584,  5.639982e+05. Current error  3.961384e+00
PDE loss in 12700th epoch:  5.634588e+05. Last save epoch and best loss so far: 12691,  5.600191e+05. Current error  3.916027e+00
PDE loss in 12800th epoch:  5.880539e+05. Last save epoch and best loss so far: 12765,  5.579216e+05. Current error  3.872438e+00
PDE loss in 12900th epoch:  5.559244e+05. Last save epoch and best loss so far: 12889,  5.539881e+05. Current error  3.826738e+00
PDE loss in 13000th epoch:  5.542181e+05. Last save epoch and best loss so far: 12975,  5.519989e+05. Current error  3.781496e+00
PDE loss in 13100th epoch:  5.536440e+05. Last save epoch and best loss so far: 13055,  5.497769e+05. Current error  3.735875e+00
PDE loss in 13200th epoch:  5.754606e+05. Last save epoch and best loss so far: 13178,  5.470760e+05. Current error  3.691789e+00
PDE loss in 13300th epoch:  5.528094e+05. Last save epoch and best loss so far: 13253,  5.428140e+05. Current error  3.645196e+00
PDE loss in 13400th epoch:  5.427542e+05. Last save epoch and best loss so far: 13371,  5.398560e+05. Current error  3.605840e+00
PDE loss in 13500th epoch:  5.382019e+05. Last save epoch and best loss so far: 13499,  5.382680e+05. Current error  3.561750e+00
PDE loss in 13600th epoch:  5.347514e+05. Last save epoch and best loss so far: 13591,  5.336620e+05. Current error  3.520254e+00
PDE loss in 13700th epoch:  5.494168e+05. Last save epoch and best loss so far: 13643,  5.316290e+05. Current error  3.475621e+00
PDE loss in 13800th epoch:  5.322418e+05. Last save epoch and best loss so far: 13761,  5.285381e+05. Current error  3.432933e+00
PDE loss in 13900th epoch:  5.526662e+05. Last save epoch and best loss so far: 13883,  5.249044e+05. Current error  3.393493e+00
PDE loss in 14000th epoch:  5.215164e+05. Last save epoch and best loss so far: 13999,  5.215979e+05. Current error  3.350994e+00
PDE loss in 14100th epoch:  5.235738e+05. Last save epoch and best loss so far: 14000,  5.215164e+05. Current error  3.310761e+00
PDE loss in 14200th epoch:  5.216916e+05. Last save epoch and best loss so far: 14195,  5.160708e+05. Current error  3.268852e+00
PDE loss in 14300th epoch:  5.213863e+05. Last save epoch and best loss so far: 14282,  5.154536e+05. Current error  3.228331e+00
PDE loss in 14400th epoch:  5.173105e+05. Last save epoch and best loss so far: 14343,  5.152844e+05. Current error  3.187608e+00
PDE loss in 14500th epoch:  5.245679e+05. Last save epoch and best loss so far: 14494,  5.081809e+05. Current error  3.149031e+00
PDE loss in 14600th epoch:  5.058089e+05. Last save epoch and best loss so far: 14589,  5.054000e+05. Current error  3.110680e+00
PDE loss in 14700th epoch:  5.098496e+05. Last save epoch and best loss so far: 14681,  5.036873e+05. Current error  3.067616e+00
PDE loss in 14800th epoch:  5.067278e+05. Last save epoch and best loss so far: 14755,  5.015584e+05. Current error  3.027590e+00
PDE loss in 14900th epoch:  4.979748e+05. Last save epoch and best loss so far: 14876,  4.981867e+05. Current error  2.989227e+00
PDE loss in 15000th epoch:  5.155938e+05. Last save epoch and best loss so far: 14977,  4.954131e+05. Current error  2.949929e+00
PDE loss in 15100th epoch:  5.028761e+05. Last save epoch and best loss so far: 15092,  4.928157e+05. Current error  2.910117e+00
PDE loss in 15200th epoch:  4.963721e+05. Last save epoch and best loss so far: 15165,  4.911604e+05. Current error  2.871551e+00
PDE loss in 15300th epoch:  4.981064e+05. Last save epoch and best loss so far: 15284,  4.895255e+05. Current error  2.830461e+00
PDE loss in 15400th epoch:  4.884887e+05. Last save epoch and best loss so far: 15387,  4.862688e+05. Current error  2.792372e+00
PDE loss in 15500th epoch:  4.955952e+05. Last save epoch and best loss so far: 15459,  4.840468e+05. Current error  2.752649e+00
PDE loss in 15600th epoch:  5.290168e+05. Last save epoch and best loss so far: 15558,  4.815868e+05. Current error  2.710623e+00
PDE loss in 15700th epoch:  4.813596e+05. Last save epoch and best loss so far: 15666,  4.801504e+05. Current error  2.674039e+00
PDE loss in 15800th epoch:  4.928401e+05. Last save epoch and best loss so far: 15780,  4.775154e+05. Current error  2.630322e+00
PDE loss in 15900th epoch:  4.744495e+05. Last save epoch and best loss so far: 15897,  4.739728e+05. Current error  2.594082e+00
PDE loss in 16000th epoch:  4.732669e+05. Last save epoch and best loss so far: 15954,  4.728217e+05. Current error  2.552468e+00
PDE loss in 16100th epoch:  4.738855e+05. Last save epoch and best loss so far: 16089,  4.708111e+05. Current error  2.513206e+00
PDE loss in 16200th epoch:  4.760192e+05. Last save epoch and best loss so far: 16187,  4.682078e+05. Current error  2.474238e+00
PDE loss in 16300th epoch:  4.731189e+05. Last save epoch and best loss so far: 16290,  4.672659e+05. Current error  2.434215e+00
PDE loss in 16400th epoch:  4.813266e+05. Last save epoch and best loss so far: 16370,  4.638758e+05. Current error  2.394183e+00
PDE loss in 16500th epoch:  4.747742e+05. Last save epoch and best loss so far: 16489,  4.618197e+05. Current error  2.356274e+00
PDE loss in 16600th epoch:  4.912329e+05. Last save epoch and best loss so far: 16545,  4.607654e+05. Current error  2.317376e+00
PDE loss in 16700th epoch:  4.722698e+05. Last save epoch and best loss so far: 16692,  4.587036e+05. Current error  2.276784e+00
PDE loss in 16800th epoch:  4.650798e+05. Last save epoch and best loss so far: 16765,  4.579190e+05. Current error  2.240854e+00
PDE loss in 16900th epoch:  4.578033e+05. Last save epoch and best loss so far: 16857,  4.542476e+05. Current error  2.202232e+00
PDE loss in 17000th epoch:  4.710273e+05. Last save epoch and best loss so far: 16968,  4.529840e+05. Current error  2.164634e+00
PDE loss in 17100th epoch:  4.523826e+05. Last save epoch and best loss so far: 17047,  4.512348e+05. Current error  2.127964e+00
PDE loss in 17200th epoch:  4.648617e+05. Last save epoch and best loss so far: 17192,  4.492464e+05. Current error  2.090128e+00
PDE loss in 17300th epoch:  4.489994e+05. Last save epoch and best loss so far: 17290,  4.471068e+05. Current error  2.058542e+00
PDE loss in 17400th epoch:  4.594239e+05. Last save epoch and best loss so far: 17306,  4.463705e+05. Current error  2.022934e+00
PDE loss in 17500th epoch:  4.447415e+05. Last save epoch and best loss so far: 17423,  4.435910e+05. Current error  1.987970e+00
PDE loss in 17600th epoch:  4.495602e+05. Last save epoch and best loss so far: 17587,  4.405792e+05. Current error  1.954681e+00
PDE loss in 17700th epoch:  4.450154e+05. Last save epoch and best loss so far: 17692,  4.395431e+05. Current error  1.922526e+00
PDE loss in 17800th epoch:  4.461706e+05. Last save epoch and best loss so far: 17749,  4.388473e+05. Current error  1.888985e+00
PDE loss in 17900th epoch:  4.418505e+05. Last save epoch and best loss so far: 17850,  4.359272e+05. Current error  1.858158e+00
PDE loss in 18000th epoch:  4.495252e+05. Last save epoch and best loss so far: 17850,  4.359272e+05. Current error  1.826621e+00
PDE loss in 18100th epoch:  4.331690e+05. Last save epoch and best loss so far: 18043,  4.334318e+05. Current error  1.796188e+00
PDE loss in 18200th epoch:  4.429836e+05. Last save epoch and best loss so far: 18185,  4.313275e+05. Current error  1.767887e+00
PDE loss in 18300th epoch:  4.441206e+05. Last save epoch and best loss so far: 18185,  4.313275e+05. Current error  1.737447e+00
PDE loss in 18400th epoch:  4.989592e+05. Last save epoch and best loss so far: 18385,  4.277836e+05. Current error  1.708984e+00
PDE loss in 18500th epoch:  4.260028e+05. Last save epoch and best loss so far: 18499,  4.253293e+05. Current error  1.684948e+00
PDE loss in 18600th epoch:  4.537571e+05. Last save epoch and best loss so far: 18578,  4.243074e+05. Current error  1.657700e+00
PDE loss in 18700th epoch:  4.354374e+05. Last save epoch and best loss so far: 18664,  4.228967e+05. Current error  1.634792e+00
PDE loss in 18800th epoch:  4.244036e+05. Last save epoch and best loss so far: 18793,  4.227488e+05. Current error  1.611545e+00
PDE loss in 18900th epoch:  4.326891e+05. Last save epoch and best loss so far: 18889,  4.193633e+05. Current error  1.588914e+00
PDE loss in 19000th epoch:  4.413562e+05. Last save epoch and best loss so far: 18908,  4.184949e+05. Current error  1.567687e+00
PDE loss in 19100th epoch:  4.179072e+05. Last save epoch and best loss so far: 19098,  4.159492e+05. Current error  1.546996e+00
PDE loss in 19200th epoch:  4.191205e+05. Last save epoch and best loss so far: 19196,  4.143777e+05. Current error  1.528329e+00
PDE loss in 19300th epoch:  4.212269e+05. Last save epoch and best loss so far: 19268,  4.131279e+05. Current error  1.509187e+00
PDE loss in 19400th epoch:  4.166764e+05. Last save epoch and best loss so far: 19341,  4.122886e+05. Current error  1.493673e+00
PDE loss in 19500th epoch:  4.171028e+05. Last save epoch and best loss so far: 19481,  4.107347e+05. Current error  1.477955e+00
PDE loss in 19600th epoch:  4.188254e+05. Last save epoch and best loss so far: 19582,  4.092206e+05. Current error  1.463515e+00
PDE loss in 19700th epoch:  4.148147e+05. Last save epoch and best loss so far: 19650,  4.076800e+05. Current error  1.451686e+00
PDE loss in 19800th epoch:  4.449511e+05. Last save epoch and best loss so far: 19772,  4.060696e+05. Current error  1.438613e+00
PDE loss in 19900th epoch:  4.139034e+05. Last save epoch and best loss so far: 19888,  4.053328e+05. Current error  1.429112e+00
PDE loss in 20000th epoch:  4.064141e+05. Last save epoch and best loss so far: 19983,  4.035341e+05. Current error  1.419269e+00
PDE loss in 20100th epoch:  4.098253e+05. Last save epoch and best loss so far: 20063,  4.022388e+05. Current error  1.411171e+00
PDE loss in 20200th epoch:  4.124957e+05. Last save epoch and best loss so far: 20190,  4.003029e+05. Current error  1.403539e+00
PDE loss in 20300th epoch:  4.052247e+05. Last save epoch and best loss so far: 20259,  3.993281e+05. Current error  1.397093e+00
PDE loss in 20400th epoch:  4.108624e+05. Last save epoch and best loss so far: 20389,  3.976667e+05. Current error  1.392627e+00
PDE loss in 20500th epoch:  4.117175e+05. Last save epoch and best loss so far: 20389,  3.976667e+05. Current error  1.388469e+00
PDE loss in 20600th epoch:  4.020505e+05. Last save epoch and best loss so far: 20510,  3.958136e+05. Current error  1.385173e+00
PDE loss in 20700th epoch:  3.996517e+05. Last save epoch and best loss so far: 20685,  3.933037e+05. Current error  1.382599e+00
PDE loss in 20800th epoch:  4.005272e+05. Last save epoch and best loss so far: 20791,  3.923598e+05. Current error  1.381168e+00
PDE loss in 20900th epoch:  3.954843e+05. Last save epoch and best loss so far: 20870,  3.916153e+05. Current error  1.379984e+00
PDE loss in 21000th epoch:  4.180689e+05. Last save epoch and best loss so far: 20962,  3.905131e+05. Current error  1.379849e+00
PDE loss in 21100th epoch:  4.039571e+05. Last save epoch and best loss so far: 21023,  3.892721e+05. Current error  1.381043e+00
PDE loss in 21200th epoch:  3.956044e+05. Last save epoch and best loss so far: 21167,  3.877112e+05. Current error  1.381981e+00
PDE loss in 21300th epoch:  3.972332e+05. Last save epoch and best loss so far: 21258,  3.869368e+05. Current error  1.383906e+00
PDE loss in 21400th epoch:  3.887364e+05. Last save epoch and best loss so far: 21339,  3.850652e+05. Current error  1.386474e+00
PDE loss in 21500th epoch:  4.170430e+05. Last save epoch and best loss so far: 21457,  3.835541e+05. Current error  1.389255e+00
PDE loss in 21600th epoch:  3.903381e+05. Last save epoch and best loss so far: 21587,  3.826551e+05. Current error  1.393163e+00
PDE loss in 21700th epoch:  4.115501e+05. Last save epoch and best loss so far: 21676,  3.818018e+05. Current error  1.396363e+00
PDE loss in 21800th epoch:  3.890277e+05. Last save epoch and best loss so far: 21779,  3.805297e+05. Current error  1.401208e+00
PDE loss in 21900th epoch:  3.887758e+05. Last save epoch and best loss so far: 21779,  3.805297e+05. Current error  1.405509e+00
PDE loss in 22000th epoch:  3.993761e+05. Last save epoch and best loss so far: 21930,  3.777820e+05. Current error  1.410221e+00
PDE loss in 22100th epoch:  3.773689e+05. Last save epoch and best loss so far: 22097,  3.762775e+05. Current error  1.416215e+00
PDE loss in 22200th epoch:  3.839181e+05. Last save epoch and best loss so far: 22182,  3.745172e+05. Current error  1.421411e+00
PDE loss in 22300th epoch:  3.785171e+05. Last save epoch and best loss so far: 22290,  3.737891e+05. Current error  1.427287e+00
PDE loss in 22400th epoch:  3.797422e+05. Last save epoch and best loss so far: 22354,  3.729267e+05. Current error  1.433157e+00
PDE loss in 22500th epoch:  3.851508e+05. Last save epoch and best loss so far: 22467,  3.728913e+05. Current error  1.437344e+00
PDE loss in 22600th epoch:  3.830985e+05. Last save epoch and best loss so far: 22555,  3.719462e+05. Current error  1.443890e+00
PDE loss in 22700th epoch:  3.701785e+05. Last save epoch and best loss so far: 22684,  3.685511e+05. Current error  1.450554e+00
PDE loss in 22800th epoch:  4.001754e+05. Last save epoch and best loss so far: 22773,  3.676097e+05. Current error  1.455920e+00
PDE loss in 22900th epoch:  3.665928e+05. Last save epoch and best loss so far: 22849,  3.668482e+05. Current error  1.462942e+00
PDE loss in 23000th epoch:  3.764423e+05. Last save epoch and best loss so far: 22901,  3.663244e+05. Current error  1.469624e+00
PDE loss in 23100th epoch:  3.705909e+05. Last save epoch and best loss so far: 23094,  3.647810e+05. Current error  1.475684e+00
PDE loss in 23200th epoch:  3.738133e+05. Last save epoch and best loss so far: 23108,  3.641879e+05. Current error  1.482451e+00
PDE loss in 23300th epoch:  3.637144e+05. Last save epoch and best loss so far: 23236,  3.625775e+05. Current error  1.489045e+00
PDE loss in 23400th epoch:  3.775285e+05. Last save epoch and best loss so far: 23369,  3.612537e+05. Current error  1.494994e+00
PDE loss in 23500th epoch:  3.653388e+05. Last save epoch and best loss so far: 23431,  3.610909e+05. Current error  1.501916e+00
PDE loss in 23600th epoch:  3.596838e+05. Last save epoch and best loss so far: 23526,  3.591452e+05. Current error  1.508552e+00
PDE loss in 23700th epoch:  3.579599e+05. Last save epoch and best loss so far: 23687,  3.574509e+05. Current error  1.515103e+00
PDE loss in 23800th epoch:  3.964582e+05. Last save epoch and best loss so far: 23760,  3.563019e+05. Current error  1.522600e+00
PDE loss in 23900th epoch:  3.673584e+05. Last save epoch and best loss so far: 23867,  3.551283e+05. Current error  1.528215e+00
PDE loss in 24000th epoch:  3.682832e+05. Last save epoch and best loss so far: 23972,  3.550861e+05. Current error  1.535065e+00
PDE loss in 24100th epoch:  3.620499e+05. Last save epoch and best loss so far: 23972,  3.550861e+05. Current error  1.542671e+00
PDE loss in 24200th epoch:  3.569000e+05. Last save epoch and best loss so far: 24195,  3.534796e+05. Current error  1.549198e+00
PDE loss in 24300th epoch:  3.526645e+05. Last save epoch and best loss so far: 24287,  3.520969e+05. Current error  1.556021e+00
PDE loss in 24400th epoch:  3.535986e+05. Last save epoch and best loss so far: 24362,  3.506904e+05. Current error  1.563257e+00
PDE loss in 24500th epoch:  3.590954e+05. Last save epoch and best loss so far: 24437,  3.500364e+05. Current error  1.570435e+00
PDE loss in 24600th epoch:  3.521026e+05. Last save epoch and best loss so far: 24578,  3.475705e+05. Current error  1.578744e+00
PDE loss in 24700th epoch:  3.482964e+05. Last save epoch and best loss so far: 24698,  3.464839e+05. Current error  1.586291e+00
PDE loss in 24800th epoch:  3.562734e+05. Last save epoch and best loss so far: 24698,  3.464839e+05. Current error  1.594957e+00
PDE loss in 24900th epoch:  3.565056e+05. Last save epoch and best loss so far: 24819,  3.459021e+05. Current error  1.602708e+00
PDE loss in 25000th epoch:  3.472353e+05. Last save epoch and best loss so far: 24953,  3.438314e+05. Current error  1.610645e+00
PDE loss in 25100th epoch:  3.444112e+05. Last save epoch and best loss so far: 25075,  3.433515e+05. Current error  1.619057e+00
PDE loss in 25200th epoch:  3.482214e+05. Last save epoch and best loss so far: 25132,  3.414418e+05. Current error  1.626718e+00
PDE loss in 25300th epoch:  3.559796e+05. Last save epoch and best loss so far: 25132,  3.414418e+05. Current error  1.635305e+00
PDE loss in 25400th epoch:  3.543694e+05. Last save epoch and best loss so far: 25330,  3.395278e+05. Current error  1.643240e+00
PDE loss in 25500th epoch:  3.496702e+05. Last save epoch and best loss so far: 25497,  3.394479e+05. Current error  1.652275e+00
PDE loss in 25600th epoch:  3.623674e+05. Last save epoch and best loss so far: 25512,  3.392091e+05. Current error  1.658708e+00
PDE loss in 25700th epoch:  3.689669e+05. Last save epoch and best loss so far: 25664,  3.361751e+05. Current error  1.668371e+00
PDE loss in 25800th epoch:  3.435708e+05. Last save epoch and best loss so far: 25768,  3.350371e+05. Current error  1.673291e+00
PDE loss in 25900th epoch:  3.538374e+05. Last save epoch and best loss so far: 25846,  3.347594e+05. Current error  1.682471e+00
PDE loss in 26000th epoch:  3.443308e+05. Last save epoch and best loss so far: 25909,  3.335514e+05. Current error  1.688076e+00
PDE loss in 26100th epoch:  3.329864e+05. Last save epoch and best loss so far: 26017,  3.328602e+05. Current error  1.696816e+00
PDE loss in 26200th epoch:  3.321570e+05. Last save epoch and best loss so far: 26198,  3.309512e+05. Current error  1.704638e+00
PDE loss in 26300th epoch:  3.633785e+05. Last save epoch and best loss so far: 26198,  3.309512e+05. Current error  1.710660e+00
PDE loss in 26400th epoch:  3.784367e+05. Last save epoch and best loss so far: 26337,  3.294802e+05. Current error  1.716815e+00
PDE loss in 26500th epoch:  3.343078e+05. Last save epoch and best loss so far: 26439,  3.284527e+05. Current error  1.722476e+00
PDE loss in 26600th epoch:  3.393673e+05. Last save epoch and best loss so far: 26591,  3.283014e+05. Current error  1.729056e+00
PDE loss in 26700th epoch:  3.282311e+05. Last save epoch and best loss so far: 26633,  3.266881e+05. Current error  1.734914e+00
PDE loss in 26800th epoch:  3.301406e+05. Last save epoch and best loss so far: 26724,  3.259336e+05. Current error  1.740411e+00
PDE loss in 26900th epoch:  3.304044e+05. Last save epoch and best loss so far: 26889,  3.253777e+05. Current error  1.746909e+00
PDE loss in 27000th epoch:  3.280524e+05. Last save epoch and best loss so far: 26996,  3.233996e+05. Current error  1.752076e+00
PDE loss in 27100th epoch:  3.222970e+05. Last save epoch and best loss so far: 26996,  3.233996e+05. Current error  1.757114e+00
PDE loss in 27200th epoch:  3.304212e+05. Last save epoch and best loss so far: 27100,  3.222970e+05. Current error  1.763514e+00
PDE loss in 27300th epoch:  3.296361e+05. Last save epoch and best loss so far: 27253,  3.218727e+05. Current error  1.767745e+00
PDE loss in 27400th epoch:  3.426267e+05. Last save epoch and best loss so far: 27367,  3.196076e+05. Current error  1.770832e+00
PDE loss in 27500th epoch:  3.375337e+05. Last save epoch and best loss so far: 27425,  3.194819e+05. Current error  1.776362e+00
PDE loss in 27600th epoch:  3.236984e+05. Last save epoch and best loss so far: 27543,  3.180242e+05. Current error  1.778853e+00
PDE loss in 27700th epoch:  3.362472e+05. Last save epoch and best loss so far: 27680,  3.166447e+05. Current error  1.784599e+00
PDE loss in 27800th epoch:  3.480908e+05. Last save epoch and best loss so far: 27717,  3.160316e+05. Current error  1.790210e+00
PDE loss in 27900th epoch:  3.206669e+05. Last save epoch and best loss so far: 27839,  3.151870e+05. Current error  1.792258e+00
PDE loss in 28000th epoch:  3.263692e+05. Last save epoch and best loss so far: 27932,  3.139303e+05. Current error  1.795966e+00
PDE loss in 28100th epoch:  3.313647e+05. Last save epoch and best loss so far: 28081,  3.127535e+05. Current error  1.799206e+00
PDE loss in 28200th epoch:  3.169472e+05. Last save epoch and best loss so far: 28081,  3.127535e+05. Current error  1.804154e+00
PDE loss in 28300th epoch:  3.283302e+05. Last save epoch and best loss so far: 28081,  3.127535e+05. Current error  1.806865e+00
PDE loss in 28400th epoch:  3.288132e+05. Last save epoch and best loss so far: 28375,  3.106733e+05. Current error  1.810470e+00
PDE loss in 28500th epoch:  3.231981e+05. Last save epoch and best loss so far: 28440,  3.097187e+05. Current error  1.811403e+00
PDE loss in 28600th epoch:  3.108911e+05. Last save epoch and best loss so far: 28550,  3.095686e+05. Current error  1.815480e+00
PDE loss in 28700th epoch:  3.247128e+05. Last save epoch and best loss so far: 28621,  3.086773e+05. Current error  1.819511e+00
PDE loss in 28800th epoch:  3.092384e+05. Last save epoch and best loss so far: 28798,  3.085680e+05. Current error  1.822382e+00
PDE loss in 28900th epoch:  3.137935e+05. Last save epoch and best loss so far: 28874,  3.063553e+05. Current error  1.823426e+00
PDE loss in 29000th epoch:  3.272344e+05. Last save epoch and best loss so far: 28992,  3.050245e+05. Current error  1.826010e+00
PDE loss in 29100th epoch:  3.493587e+05. Last save epoch and best loss so far: 29039,  3.044148e+05. Current error  1.828905e+00
PDE loss in 29200th epoch:  3.040346e+05. Last save epoch and best loss so far: 29163,  3.036405e+05. Current error  1.829974e+00
PDE loss in 29300th epoch:  3.159418e+05. Last save epoch and best loss so far: 29163,  3.036405e+05. Current error  1.833559e+00
PDE loss in 29400th epoch:  3.242379e+05. Last save epoch and best loss so far: 29386,  3.021541e+05. Current error  1.835884e+00
PDE loss in 29500th epoch:  3.030631e+05. Last save epoch and best loss so far: 29498,  3.012474e+05. Current error  1.838036e+00
PDE loss in 29600th epoch:  3.014098e+05. Last save epoch and best loss so far: 29535,  3.005056e+05. Current error  1.839552e+00
PDE loss in 29700th epoch:  3.037821e+05. Last save epoch and best loss so far: 29630,  2.998143e+05. Current error  1.842994e+00
PDE loss in 29800th epoch:  2.987083e+05. Last save epoch and best loss so far: 29773,  2.984611e+05. Current error  1.844861e+00
PDE loss in 29900th epoch:  3.091188e+05. Last save epoch and best loss so far: 29881,  2.976594e+05. Current error  1.845466e+00
Current loss  2.990334e+05, Best loss  2.965245e+05. Restoring best model weights.
